ARM GAS  /tmp/ccLprado.s 			page 1


   1              		.syntax unified
   2              		.cpu cortex-m4
   3              		.eabi_attribute 27, 3
   4              		.eabi_attribute 28, 1
   5              		.fpu fpv4-sp-d16
   6              		.eabi_attribute 20, 1
   7              		.eabi_attribute 21, 1
   8              		.eabi_attribute 23, 3
   9              		.eabi_attribute 24, 1
  10              		.eabi_attribute 25, 1
  11              		.eabi_attribute 26, 1
  12              		.eabi_attribute 30, 2
  13              		.eabi_attribute 34, 1
  14              		.eabi_attribute 18, 4
  15              		.thumb
  16              		.file	"main.c"
  17              		.text
  18              	.Ltext0:
  19              		.cfi_sections	.debug_frame
  20              		.section	.text.mandelbrot,"ax",%progbits
  21              		.align	2
  22              		.p2align 4,,15
  23              		.global	mandelbrot
  24              		.thumb
  25              		.thumb_func
  26              		.type	mandelbrot, %function
  27              	mandelbrot:
  28              	.LFB118:
  29              		.file 1 "main.c"
  30              		.loc 1 25 0
  31              		.cfi_startproc
  32              		@ args = 0, pretend = 0, frame = 0
  33              		@ frame_needed = 0, uses_anonymous_args = 0
  34              	.LVL0:
  35 0000 2DE9F843 		push	{r3, r4, r5, r6, r7, r8, r9, lr}
  36              	.LCFI0:
  37              		.cfi_def_cfa_offset 32
  38              		.cfi_offset 3, -32
  39              		.cfi_offset 4, -28
  40              		.cfi_offset 5, -24
  41              		.cfi_offset 6, -20
  42              		.cfi_offset 7, -16
  43              		.cfi_offset 8, -12
  44              		.cfi_offset 9, -8
  45              		.cfi_offset 14, -4
  46              		.loc 1 35 0
  47 0004 4A4B     		ldr	r3, .L18
  48 0006 B3F90070 		ldrsh	r7, [r3, #0]
  49              		.loc 1 36 0
  50 000a B3F90240 		ldrsh	r4, [r3, #2]
  51              		.loc 1 37 0
  52 000e 04EE907A 		fmsr	s9, r7	@ int
  53              		.loc 1 38 0
  54 0012 06EE104A 		fmsr	s12, r4	@ int
  55              		.loc 1 25 0
  56 0016 2DED0A8B 		fstmfdd	sp!, {d8, d9, d10, d11, d12}
  57              	.LCFI1:
ARM GAS  /tmp/ccLprado.s 			page 2


  58              		.cfi_def_cfa_offset 72
  59              		.cfi_offset 80, -72
  60              		.cfi_offset 82, -64
  61              		.cfi_offset 84, -56
  62              		.cfi_offset 86, -48
  63              		.cfi_offset 88, -40
  64              		.loc 1 25 0
  65 001a F0EE40BA 		fcpys	s23, s0
  66 001e B0EE60AA 		fcpys	s20, s1
  67              		.loc 1 31 0
  68 0022 71EEE0AA 		fsubs	s21, s3, s1
  69              	.LVL1:
  70              		.loc 1 32 0
  71 0026 31EE40CA 		fsubs	s24, s2, s0
  72              	.LVL2:
  73              		.loc 1 37 0
  74 002a F8EE64CA 		fuitos	s25, s9
  75              	.LVL3:
  76              		.loc 1 38 0
  77 002e B8EE46BA 		fuitos	s22, s12
  78              	.LVL4:
  79              		.loc 1 40 0
  80 0032 002F     		cmp	r7, #0
  81 0034 78D0     		beq	.L1
  82 0036 9FED3F9A 		flds	s18, .L18+4
  83 003a 0026     		movs	r6, #0
  84              	.LBB2:
  85              		.loc 1 45 0
  86 003c B1EE008A 		fconsts	s16, #16
  87 0040 40F20128 		movw	r8, #513
  88              	.LVL5:
  89              	.L2:
  90              	.LBE2:
  91              		.loc 1 41 0 discriminator 1
  92 0044 002C     		cmp	r4, #0
  93 0046 6CD0     		beq	.L8
  94 0048 00EE106A 		fmsr	s0, r6	@ int
  95 004c F8EE408A 		fuitos	s17, s0
  96              		.loc 1 41 0 is_stmt 0
  97 0050 4FF00009 		mov	r9, #0
  98 0054 6CEE280A 		fmuls	s1, s24, s17
  99 0058 35B2     		sxth	r5, r6
 100 005a 80EEAC1A 		fdivs	s2, s1, s25
 101 005e 7BEE818A 		fadds	s17, s23, s2
 102 0062 78EE899A 		fadds	s19, s17, s18
 103              	.LVL6:
 104              	.L7:
 105              	.LBB3:
 106              		.loc 1 42 0 is_stmt 1
 107 0066 07EE909A 		fmsr	s15, r9	@ int
 108 006a F8EE675A 		fuitos	s11, s15
 109              		.loc 1 47 0
 110 006e 9FED311A 		flds	s2, .L18+4
 111              		.loc 1 42 0
 112 0072 65EEAA1A 		fmuls	s3, s11, s21
 113              		.loc 1 45 0
 114 0076 0123     		movs	r3, #1
ARM GAS  /tmp/ccLprado.s 			page 3


 115              		.loc 1 42 0
 116 0078 81EE8B2A 		fdivs	s4, s3, s22
 117              		.loc 1 45 0
 118 007c 1A46     		mov	r2, r3
 119              		.loc 1 49 0
 120 007e B0EE694A 		fcpys	s8, s19
 121              		.loc 1 42 0
 122 0082 72EE0A2A 		fadds	s5, s4, s20
 123              	.LVL7:
 124              		.loc 1 46 0
 125 0086 F0EE410A 		fcpys	s1, s2
 126              		.loc 1 48 0
 127 008a 32EE892A 		fadds	s4, s5, s18
 128              	.LVL8:
 129 008e 2BE0     		b	.L4
 130              	.LVL9:
 131              	.L6:
 132              		.loc 1 46 0 discriminator 1
 133 0090 24EE043A 		fmuls	s6, s8, s8
 134              		.loc 1 47 0 discriminator 1
 135 0094 62EE023A 		fmuls	s7, s4, s4
 136              		.loc 1 45 0 discriminator 1
 137 0098 8BB2     		uxth	r3, r1
 138 009a 33EE236A 		fadds	s12, s6, s7
 139              		.loc 1 48 0 discriminator 1
 140 009e 34EE044A 		fadds	s8, s8, s8
 141              	.LVL10:
 142              		.loc 1 49 0 discriminator 1
 143 00a2 33EE635A 		fsubs	s10, s6, s7
 144              		.loc 1 45 0 discriminator 1
 145 00a6 B4EEC86A 		fcmpes	s12, s16
 146 00aa 581C     		adds	r0, r3, #1
 147              		.loc 1 48 0 discriminator 1
 148 00ac F0EE624A 		fcpys	s9, s5
 149              		.loc 1 45 0 discriminator 1
 150 00b0 F1EE10FA 		fmstat
 151              		.loc 1 48 0 discriminator 1
 152 00b4 44EE024A 		fmacs	s9, s8, s4
 153              		.loc 1 49 0 discriminator 1
 154 00b8 35EE280A 		fadds	s0, s10, s17
 155              	.LVL11:
 156              		.loc 1 45 0 discriminator 1
 157 00bc 1A46     		mov	r2, r3
 158 00be 1BD5     		bpl	.L5
 159              		.loc 1 48 0
 160 00c0 70EE007A 		fadds	s15, s0, s0
 161 00c4 F0EE621A 		fcpys	s3, s5
 162              		.loc 1 46 0
 163 00c8 60EE000A 		fmuls	s1, s0, s0
 164              	.LVL12:
 165              		.loc 1 47 0
 166 00cc 24EEA41A 		fmuls	s2, s9, s9
 167              	.LVL13:
 168              		.loc 1 48 0
 169 00d0 47EEA41A 		fmacs	s3, s15, s9
 170              		.loc 1 45 0
 171 00d4 83B2     		uxth	r3, r0
ARM GAS  /tmp/ccLprado.s 			page 4


 172              		.loc 1 49 0
 173 00d6 70EEC15A 		fsubs	s11, s1, s2
 174              		.loc 1 45 0
 175 00da 4345     		cmp	r3, r8
 176              		.loc 1 48 0
 177 00dc B0EE612A 		fcpys	s4, s3
 178              	.LVL14:
 179              		.loc 1 49 0
 180 00e0 35EEA84A 		fadds	s8, s11, s17
 181              	.LVL15:
 182              		.loc 1 45 0
 183 00e4 1A46     		mov	r2, r3
 184 00e6 07D0     		beq	.L5
 185              	.LVL16:
 186              	.L4:
 187              		.loc 1 45 0 is_stmt 0 discriminator 2
 188 00e8 70EE816A 		fadds	s13, s1, s2
 189 00ec 591C     		adds	r1, r3, #1
 190 00ee F4EEC86A 		fcmpes	s13, s16
 191 00f2 F1EE10FA 		fmstat
 192 00f6 CBD4     		bmi	.L6
 193              	.LVL17:
 194              	.L5:
 195              		.loc 1 52 0 is_stmt 1
 196 00f8 D101     		lsls	r1, r2, #7
 197 00fa 01F4F060 		and	r0, r1, #1920
 198 00fe C3F3C403 		ubfx	r3, r3, #3, #5
 199              	.LVL18:
 200 0102 40EA0301 		orr	r1, r0, r3
 201 0106 41EAC233 		orr	r3, r1, r2, lsl #15
 202              		.loc 1 53 0
 203 010a 48F29F72 		movw	r2, #34719
 204 010e 0FFA89F1 		sxth	r1, r9
 205 0112 2846     		mov	r0, r5
 206 0114 1A40     		ands	r2, r2, r3
 207              	.LBE3:
 208              		.loc 1 41 0
 209 0116 09F10109 		add	r9, r9, #1
 210              	.LBB4:
 211              		.loc 1 53 0
 212 011a FFF7FEFF 		bl	gdisp_lld_draw_pixel
 213              	.LVL19:
 214              	.LBE4:
 215              		.loc 1 41 0
 216 011e 4C45     		cmp	r4, r9
 217 0120 A1D8     		bhi	.L7
 218              	.LVL20:
 219              	.L8:
 220              		.loc 1 40 0
 221 0122 0136     		adds	r6, r6, #1
 222              	.LVL21:
 223 0124 B742     		cmp	r7, r6
 224 0126 8DD8     		bhi	.L2
 225              	.LVL22:
 226              	.L1:
 227              		.loc 1 56 0
 228 0128 BDEC0A8B 		fldmfdd	sp!, {d8, d9, d10, d11, d12}
ARM GAS  /tmp/ccLprado.s 			page 5


 229 012c BDE8F883 		pop	{r3, r4, r5, r6, r7, r8, r9, pc}
 230              	.L19:
 231              		.align	2
 232              	.L18:
 233 0130 00000000 		.word	GDISP
 234 0134 00000000 		.word	0
 235              		.cfi_endproc
 236              	.LFE118:
 237              		.size	mandelbrot, .-mandelbrot
 238 0138 AFF30080 		.section	.text.startup.main,"ax",%progbits
 238      AFF30080 
 239              		.align	2
 240              		.p2align 4,,15
 241              		.global	main
 242              		.thumb
 243              		.thumb_func
 244              		.type	main, %function
 245              	main:
 246              	.LFB119:
 247              		.loc 1 58 0
 248              		.cfi_startproc
 249              		@ args = 0, pretend = 0, frame = 0
 250              		@ frame_needed = 0, uses_anonymous_args = 0
 251              	.LVL23:
 252 0000 08B5     		push	{r3, lr}
 253              	.LCFI2:
 254              		.cfi_def_cfa_offset 8
 255              		.cfi_offset 3, -8
 256              		.cfi_offset 14, -4
 257 0002 2DED088B 		fstmfdd	sp!, {d8, d9, d10, d11}
 258              	.LCFI3:
 259              		.cfi_def_cfa_offset 40
 260              		.cfi_offset 80, -40
 261              		.cfi_offset 82, -32
 262              		.cfi_offset 84, -24
 263              		.cfi_offset 86, -16
 264              		.loc 1 62 0
 265 0006 FFF7FEFF 		bl	halInit
 266              	.LVL24:
 267              		.loc 1 63 0
 268 000a FFF7FEFF 		bl	chSysInit
 269              	.LVL25:
 270              		.loc 1 65 0
 271 000e FFF7FEFF 		bl	gdispInit
 272              	.LVL26:
 273              		.loc 1 72 0
 274 0012 9FED179A 		flds	s18, .L26
 275 0016 DFED178A 		flds	s17, .L26+4
 276              		.loc 1 74 0
 277 001a 9FED17BA 		flds	s22, .L26+8
 278              		.loc 1 75 0
 279 001e DFED17AA 		flds	s21, .L26+12
 280              		.loc 1 60 0
 281 0022 B7EE008A 		fconsts	s16, #112
 282              		.loc 1 72 0
 283 0026 B8EE00AA 		fconsts	s20, #128
 284 002a FFEE089A 		fconsts	s19, #248
ARM GAS  /tmp/ccLprado.s 			page 6


 285              	.LVL27:
 286              	.L25:
 287 002e 38EE081A 		fadds	s2, s16, s16
 288 0032 F7EE087A 		fconsts	s15, #120
 289 0036 B0EE490A 		fcpys	s0, s18
 290 003a F0EE680A 		fcpys	s1, s17
 291 003e F0EE681A 		fcpys	s3, s17
 292 0042 18EE0A0A 		fmscs	s0, s16, s20
 293 0046 48EE290A 		fmacs	s1, s16, s19
 294 004a 48EE271A 		fmacs	s3, s16, s15
 295 004e 31EE491A 		fsubs	s2, s2, s18
 296 0052 FFF7FEFF 		bl	mandelbrot
 297              	.LVL28:
 298              		.loc 1 74 0
 299 0056 28EE0B8A 		fmuls	s16, s16, s22
 300              	.LVL29:
 301              		.loc 1 76 0
 302 005a B7EE000A 		fconsts	s0, #112
 303 005e B4EE6A8A 		fcmps	s16, s21
 304 0062 F1EE10FA 		fmstat
 305 0066 98BF     		it	ls
 306 0068 B0EE408A 		fcpysls	s16, s0
 307 006c DFE7     		b	.L25
 308              	.L27:
 309 006e 00BF     		.align	2
 310              	.L26:
 311 0070 C520B03D 		.word	1034952901
 312 0074 9A99593F 		.word	1062836634
 313 0078 3333333F 		.word	1060320051
 314 007c ACC52737 		.word	925353388
 315              		.cfi_endproc
 316              	.LFE119:
 317              		.size	main, .-main
 318              		.text
 319              	.Letext0:
 320              		.file 2 "/usr/bin/../lib/gcc/arm-none-eabi/4.7.4/../../../../arm-none-eabi/include/stdint.h"
 321              		.file 3 "../../ext/ugfx/include/gdisp/gdisp.h"
 322              		.file 4 "../../os/ports/common/ARMCMx/CMSIS/include/core_cm4.h"
 323              		.file 5 "../../os/hal/include/hal.h"
 324              		.file 6 "../../os/kernel/include/chsys.h"
 325              		.file 7 "../../ext/ugfx/include/gfx.h"
 326              		.file 8 "../../ext/ugfx/include/gdisp/lld/gdisp_lld.h"
 327              		.section	.debug_info,"",%progbits
 328              	.Ldebug_info0:
 329 0000 31040000 		.4byte	0x431
 330 0004 0200     		.2byte	0x2
 331 0006 00000000 		.4byte	.Ldebug_abbrev0
 332 000a 04       		.byte	0x4
 333 000b 01       		.uleb128 0x1
 334 000c 8D000000 		.4byte	.LASF49
 335 0010 01       		.byte	0x1
 336 0011 71020000 		.4byte	.LASF50
 337 0015 31020000 		.4byte	.LASF51
 338 0019 20000000 		.4byte	.Ldebug_ranges0+0x20
 339 001d 00000000 		.4byte	0
 340 0021 00000000 		.4byte	0
 341 0025 00000000 		.4byte	.Ldebug_line0
ARM GAS  /tmp/ccLprado.s 			page 7


 342 0029 02       		.uleb128 0x2
 343 002a 04       		.byte	0x4
 344 002b 04       		.byte	0x4
 345 002c 03010000 		.4byte	.LASF0
 346 0030 02       		.uleb128 0x2
 347 0031 04       		.byte	0x4
 348 0032 07       		.byte	0x7
 349 0033 9E010000 		.4byte	.LASF1
 350 0037 03       		.uleb128 0x3
 351 0038 04       		.byte	0x4
 352 0039 05       		.byte	0x5
 353 003a 696E7400 		.ascii	"int\000"
 354 003e 02       		.uleb128 0x2
 355 003f 01       		.byte	0x1
 356 0040 06       		.byte	0x6
 357 0041 65010000 		.4byte	.LASF2
 358 0045 04       		.uleb128 0x4
 359 0046 F5000000 		.4byte	.LASF4
 360 004a 02       		.byte	0x2
 361 004b 2A       		.byte	0x2a
 362 004c 50000000 		.4byte	0x50
 363 0050 02       		.uleb128 0x2
 364 0051 01       		.byte	0x1
 365 0052 08       		.byte	0x8
 366 0053 46010000 		.4byte	.LASF3
 367 0057 04       		.uleb128 0x4
 368 0058 11020000 		.4byte	.LASF5
 369 005c 02       		.byte	0x2
 370 005d 35       		.byte	0x35
 371 005e 62000000 		.4byte	0x62
 372 0062 02       		.uleb128 0x2
 373 0063 02       		.byte	0x2
 374 0064 05       		.byte	0x5
 375 0065 3C000000 		.4byte	.LASF6
 376 0069 04       		.uleb128 0x4
 377 006a AB010000 		.4byte	.LASF7
 378 006e 02       		.byte	0x2
 379 006f 36       		.byte	0x36
 380 0070 74000000 		.4byte	0x74
 381 0074 02       		.uleb128 0x2
 382 0075 02       		.byte	0x2
 383 0076 07       		.byte	0x7
 384 0077 CC010000 		.4byte	.LASF8
 385 007b 04       		.uleb128 0x4
 386 007c FD010000 		.4byte	.LASF9
 387 0080 02       		.byte	0x2
 388 0081 4F       		.byte	0x4f
 389 0082 86000000 		.4byte	0x86
 390 0086 02       		.uleb128 0x2
 391 0087 04       		.byte	0x4
 392 0088 05       		.byte	0x5
 393 0089 2E010000 		.4byte	.LASF10
 394 008d 02       		.uleb128 0x2
 395 008e 04       		.byte	0x4
 396 008f 07       		.byte	0x7
 397 0090 78020000 		.4byte	.LASF11
 398 0094 02       		.uleb128 0x2
ARM GAS  /tmp/ccLprado.s 			page 8


 399 0095 08       		.byte	0x8
 400 0096 05       		.byte	0x5
 401 0097 13010000 		.4byte	.LASF12
 402 009b 02       		.uleb128 0x2
 403 009c 08       		.byte	0x8
 404 009d 07       		.byte	0x7
 405 009e 71010000 		.4byte	.LASF13
 406 00a2 02       		.uleb128 0x2
 407 00a3 01       		.byte	0x1
 408 00a4 02       		.byte	0x2
 409 00a5 21020000 		.4byte	.LASF14
 410 00a9 02       		.uleb128 0x2
 411 00aa 04       		.byte	0x4
 412 00ab 07       		.byte	0x7
 413 00ac 46000000 		.4byte	.LASF15
 414 00b0 02       		.uleb128 0x2
 415 00b1 01       		.byte	0x1
 416 00b2 08       		.byte	0x8
 417 00b3 29010000 		.4byte	.LASF16
 418 00b7 05       		.uleb128 0x5
 419 00b8 7B000000 		.4byte	0x7b
 420 00bc 04       		.uleb128 0x4
 421 00bd 19020000 		.4byte	.LASF17
 422 00c1 03       		.byte	0x3
 423 00c2 23       		.byte	0x23
 424 00c3 57000000 		.4byte	0x57
 425 00c7 06       		.uleb128 0x6
 426 00c8 BA010000 		.4byte	.LASF23
 427 00cc 01       		.byte	0x1
 428 00cd 03       		.byte	0x3
 429 00ce 46       		.byte	0x46
 430 00cf EC000000 		.4byte	0xec
 431 00d3 07       		.uleb128 0x7
 432 00d4 88010000 		.4byte	.LASF18
 433 00d8 00       		.sleb128 0
 434 00d9 07       		.uleb128 0x7
 435 00da DD000000 		.4byte	.LASF19
 436 00de 01       		.sleb128 1
 437 00df 07       		.uleb128 0x7
 438 00e0 E2020000 		.4byte	.LASF20
 439 00e4 02       		.sleb128 2
 440 00e5 07       		.uleb128 0x7
 441 00e6 59000000 		.4byte	.LASF21
 442 00ea 03       		.sleb128 3
 443 00eb 00       		.byte	0
 444 00ec 04       		.uleb128 0x4
 445 00ed E9010000 		.4byte	.LASF22
 446 00f1 03       		.byte	0x3
 447 00f2 46       		.byte	0x46
 448 00f3 C7000000 		.4byte	0xc7
 449 00f7 06       		.uleb128 0x6
 450 00f8 DF010000 		.4byte	.LASF24
 451 00fc 01       		.byte	0x1
 452 00fd 03       		.byte	0x3
 453 00fe 4A       		.byte	0x4a
 454 00ff 1C010000 		.4byte	0x11c
 455 0103 07       		.uleb128 0x7
ARM GAS  /tmp/ccLprado.s 			page 9


 456 0104 0B000000 		.4byte	.LASF25
 457 0108 00       		.sleb128 0
 458 0109 07       		.uleb128 0x7
 459 010a D7020000 		.4byte	.LASF26
 460 010e 01       		.sleb128 1
 461 010f 07       		.uleb128 0x7
 462 0110 37010000 		.4byte	.LASF27
 463 0114 02       		.sleb128 2
 464 0115 07       		.uleb128 0x7
 465 0116 91020000 		.4byte	.LASF28
 466 011a 03       		.sleb128 3
 467 011b 00       		.byte	0
 468 011c 04       		.uleb128 0x4
 469 011d 76000000 		.4byte	.LASF29
 470 0121 03       		.byte	0x3
 471 0122 4A       		.byte	0x4a
 472 0123 F7000000 		.4byte	0xf7
 473 0127 08       		.uleb128 0x8
 474 0128 A0020000 		.4byte	.LASF57
 475 012c 10       		.byte	0x10
 476 012d 03       		.byte	0x3
 477 012e 51       		.byte	0x51
 478 012f C0010000 		.4byte	0x1c0
 479 0133 09       		.uleb128 0x9
 480 0134 B4010000 		.4byte	.LASF30
 481 0138 03       		.byte	0x3
 482 0139 52       		.byte	0x52
 483 013a BC000000 		.4byte	0xbc
 484 013e 02       		.byte	0x2
 485 013f 23       		.byte	0x23
 486 0140 00       		.uleb128 0
 487 0141 09       		.uleb128 0x9
 488 0142 99020000 		.4byte	.LASF31
 489 0146 03       		.byte	0x3
 490 0147 53       		.byte	0x53
 491 0148 BC000000 		.4byte	0xbc
 492 014c 02       		.byte	0x2
 493 014d 23       		.byte	0x23
 494 014e 02       		.uleb128 0x2
 495 014f 09       		.uleb128 0x9
 496 0150 05020000 		.4byte	.LASF32
 497 0154 03       		.byte	0x3
 498 0155 54       		.byte	0x54
 499 0156 EC000000 		.4byte	0xec
 500 015a 02       		.byte	0x2
 501 015b 23       		.byte	0x23
 502 015c 04       		.uleb128 0x4
 503 015d 09       		.uleb128 0x9
 504 015e 54010000 		.4byte	.LASF33
 505 0162 03       		.byte	0x3
 506 0163 55       		.byte	0x55
 507 0164 1C010000 		.4byte	0x11c
 508 0168 02       		.byte	0x2
 509 0169 23       		.byte	0x23
 510 016a 05       		.uleb128 0x5
 511 016b 09       		.uleb128 0x9
 512 016c 27020000 		.4byte	.LASF34
ARM GAS  /tmp/ccLprado.s 			page 10


 513 0170 03       		.byte	0x3
 514 0171 56       		.byte	0x56
 515 0172 45000000 		.4byte	0x45
 516 0176 02       		.byte	0x2
 517 0177 23       		.byte	0x23
 518 0178 06       		.uleb128 0x6
 519 0179 09       		.uleb128 0x9
 520 017a AE020000 		.4byte	.LASF35
 521 017e 03       		.byte	0x3
 522 017f 57       		.byte	0x57
 523 0180 45000000 		.4byte	0x45
 524 0184 02       		.byte	0x2
 525 0185 23       		.byte	0x23
 526 0186 07       		.uleb128 0x7
 527 0187 09       		.uleb128 0x9
 528 0188 B7020000 		.4byte	.LASF36
 529 018c 03       		.byte	0x3
 530 018d 59       		.byte	0x59
 531 018e BC000000 		.4byte	0xbc
 532 0192 02       		.byte	0x2
 533 0193 23       		.byte	0x23
 534 0194 08       		.uleb128 0x8
 535 0195 09       		.uleb128 0x9
 536 0196 8A020000 		.4byte	.LASF37
 537 019a 03       		.byte	0x3
 538 019b 59       		.byte	0x59
 539 019c BC000000 		.4byte	0xbc
 540 01a0 02       		.byte	0x2
 541 01a1 23       		.byte	0x23
 542 01a2 0A       		.uleb128 0xa
 543 01a3 09       		.uleb128 0x9
 544 01a4 5E010000 		.4byte	.LASF38
 545 01a8 03       		.byte	0x3
 546 01a9 5A       		.byte	0x5a
 547 01aa BC000000 		.4byte	0xbc
 548 01ae 02       		.byte	0x2
 549 01af 23       		.byte	0x23
 550 01b0 0C       		.uleb128 0xc
 551 01b1 09       		.uleb128 0x9
 552 01b2 D6000000 		.4byte	.LASF39
 553 01b6 03       		.byte	0x3
 554 01b7 5A       		.byte	0x5a
 555 01b8 BC000000 		.4byte	0xbc
 556 01bc 02       		.byte	0x2
 557 01bd 23       		.byte	0x23
 558 01be 0E       		.uleb128 0xe
 559 01bf 00       		.byte	0
 560 01c0 04       		.uleb128 0x4
 561 01c1 6A000000 		.4byte	.LASF40
 562 01c5 03       		.byte	0x3
 563 01c6 5C       		.byte	0x5c
 564 01c7 27010000 		.4byte	0x127
 565 01cb 04       		.uleb128 0x4
 566 01cc ED000000 		.4byte	.LASF41
 567 01d0 03       		.byte	0x3
 568 01d1 DB       		.byte	0xdb
 569 01d2 69000000 		.4byte	0x69
ARM GAS  /tmp/ccLprado.s 			page 11


 570 01d6 0A       		.uleb128 0xa
 571 01d7 01       		.byte	0x1
 572 01d8 14000000 		.4byte	.LASF58
 573 01dc 01       		.byte	0x1
 574 01dd 19       		.byte	0x19
 575 01de 01       		.byte	0x1
 576 01df 00000000 		.4byte	.LFB118
 577 01e3 38010000 		.4byte	.LFE118
 578 01e7 00000000 		.4byte	.LLST0
 579 01eb 01       		.byte	0x1
 580 01ec 22030000 		.4byte	0x322
 581 01f0 0B       		.uleb128 0xb
 582 01f1 783100   		.ascii	"x1\000"
 583 01f4 01       		.byte	0x1
 584 01f5 19       		.byte	0x19
 585 01f6 29000000 		.4byte	0x29
 586 01fa 2D000000 		.4byte	.LLST1
 587 01fe 0B       		.uleb128 0xb
 588 01ff 793100   		.ascii	"y1\000"
 589 0202 01       		.byte	0x1
 590 0203 19       		.byte	0x19
 591 0204 29000000 		.4byte	0x29
 592 0208 4D000000 		.4byte	.LLST2
 593 020c 0B       		.uleb128 0xb
 594 020d 783200   		.ascii	"x2\000"
 595 0210 01       		.byte	0x1
 596 0211 19       		.byte	0x19
 597 0212 29000000 		.4byte	0x29
 598 0216 6D000000 		.4byte	.LLST3
 599 021a 0B       		.uleb128 0xb
 600 021b 793200   		.ascii	"y2\000"
 601 021e 01       		.byte	0x1
 602 021f 19       		.byte	0x19
 603 0220 29000000 		.4byte	0x29
 604 0224 91000000 		.4byte	.LLST4
 605 0228 0C       		.uleb128 0xc
 606 0229 6900     		.ascii	"i\000"
 607 022b 01       		.byte	0x1
 608 022c 1A       		.byte	0x1a
 609 022d 30000000 		.4byte	0x30
 610 0231 B5000000 		.4byte	.LLST5
 611 0235 0C       		.uleb128 0xc
 612 0236 6A00     		.ascii	"j\000"
 613 0238 01       		.byte	0x1
 614 0239 1A       		.byte	0x1a
 615 023a 30000000 		.4byte	0x30
 616 023e D4000000 		.4byte	.LLST6
 617 0242 0D       		.uleb128 0xd
 618 0243 FD000000 		.4byte	.LASF42
 619 0247 01       		.byte	0x1
 620 0248 1A       		.byte	0x1a
 621 0249 30000000 		.4byte	0x30
 622 024d 01       		.byte	0x1
 623 024e 57       		.byte	0x57
 624 024f 0D       		.uleb128 0xd
 625 0250 97010000 		.4byte	.LASF43
 626 0254 01       		.byte	0x1
ARM GAS  /tmp/ccLprado.s 			page 12


 627 0255 1A       		.byte	0x1a
 628 0256 30000000 		.4byte	0x30
 629 025a 01       		.byte	0x1
 630 025b 54       		.byte	0x54
 631 025c 0E       		.uleb128 0xe
 632 025d C5020000 		.4byte	.LASF44
 633 0261 01       		.byte	0x1
 634 0262 1B       		.byte	0x1b
 635 0263 69000000 		.4byte	0x69
 636 0267 F3000000 		.4byte	.LLST7
 637 026b 0E       		.uleb128 0xe
 638 026c 00000000 		.4byte	.LASF45
 639 0270 01       		.byte	0x1
 640 0271 1C       		.byte	0x1c
 641 0272 CB010000 		.4byte	0x1cb
 642 0276 29010000 		.4byte	.LLST8
 643 027a 0D       		.uleb128 0xd
 644 027b BE020000 		.4byte	.LASF46
 645 027f 01       		.byte	0x1
 646 0280 1D       		.byte	0x1d
 647 0281 29000000 		.4byte	0x29
 648 0285 02       		.byte	0x2
 649 0286 90       		.byte	0x90
 650 0287 59       		.uleb128 0x59
 651 0288 0D       		.uleb128 0xd
 652 0289 34000000 		.4byte	.LASF47
 653 028d 01       		.byte	0x1
 654 028e 1D       		.byte	0x1d
 655 028f 29000000 		.4byte	0x29
 656 0293 02       		.byte	0x2
 657 0294 90       		.byte	0x90
 658 0295 56       		.uleb128 0x56
 659 0296 0F       		.uleb128 0xf
 660 0297 737900   		.ascii	"sy\000"
 661 029a 01       		.byte	0x1
 662 029b 1F       		.byte	0x1f
 663 029c 29000000 		.4byte	0x29
 664 02a0 02       		.byte	0x2
 665 02a1 90       		.byte	0x90
 666 02a2 55       		.uleb128 0x55
 667 02a3 0F       		.uleb128 0xf
 668 02a4 737800   		.ascii	"sx\000"
 669 02a7 01       		.byte	0x1
 670 02a8 20       		.byte	0x20
 671 02a9 29000000 		.4byte	0x29
 672 02ad 02       		.byte	0x2
 673 02ae 90       		.byte	0x90
 674 02af 58       		.uleb128 0x58
 675 02b0 10       		.uleb128 0x10
 676 02b1 4D415800 		.ascii	"MAX\000"
 677 02b5 01       		.byte	0x1
 678 02b6 21       		.byte	0x21
 679 02b7 22030000 		.4byte	0x322
 680 02bb 0002     		.2byte	0x200
 681 02bd 11       		.uleb128 0x11
 682 02be 00000000 		.4byte	.Ldebug_ranges0+0
 683 02c2 0C       		.uleb128 0xc
ARM GAS  /tmp/ccLprado.s 			page 13


 684 02c3 637900   		.ascii	"cy\000"
 685 02c6 01       		.byte	0x1
 686 02c7 2A       		.byte	0x2a
 687 02c8 29000000 		.4byte	0x29
 688 02cc 52010000 		.4byte	.LLST9
 689 02d0 12       		.uleb128 0x12
 690 02d1 637800   		.ascii	"cx\000"
 691 02d4 01       		.byte	0x1
 692 02d5 2B       		.byte	0x2b
 693 02d6 29000000 		.4byte	0x29
 694 02da 0C       		.uleb128 0xc
 695 02db 7800     		.ascii	"x\000"
 696 02dd 01       		.byte	0x1
 697 02de 2C       		.byte	0x2c
 698 02df 29000000 		.4byte	0x29
 699 02e3 83010000 		.4byte	.LLST10
 700 02e7 0C       		.uleb128 0xc
 701 02e8 7900     		.ascii	"y\000"
 702 02ea 01       		.byte	0x1
 703 02eb 2C       		.byte	0x2c
 704 02ec 29000000 		.4byte	0x29
 705 02f0 B3010000 		.4byte	.LLST11
 706 02f4 0C       		.uleb128 0xc
 707 02f5 787800   		.ascii	"xx\000"
 708 02f8 01       		.byte	0x1
 709 02f9 2C       		.byte	0x2c
 710 02fa 29000000 		.4byte	0x29
 711 02fe EF010000 		.4byte	.LLST12
 712 0302 0C       		.uleb128 0xc
 713 0303 797900   		.ascii	"yy\000"
 714 0306 01       		.byte	0x1
 715 0307 2C       		.byte	0x2c
 716 0308 29000000 		.4byte	0x29
 717 030c 13020000 		.4byte	.LLST13
 718 0310 13       		.uleb128 0x13
 719 0311 1E010000 		.4byte	.LVL19
 720 0315 F7030000 		.4byte	0x3f7
 721 0319 14       		.uleb128 0x14
 722 031a 01       		.byte	0x1
 723 031b 50       		.byte	0x50
 724 031c 02       		.byte	0x2
 725 031d 75       		.byte	0x75
 726 031e 00       		.sleb128 0
 727 031f 00       		.byte	0
 728 0320 00       		.byte	0
 729 0321 00       		.byte	0
 730 0322 15       		.uleb128 0x15
 731 0323 37000000 		.4byte	0x37
 732 0327 16       		.uleb128 0x16
 733 0328 01       		.byte	0x1
 734 0329 88000000 		.4byte	.LASF59
 735 032d 01       		.byte	0x1
 736 032e 3A       		.byte	0x3a
 737 032f 01       		.byte	0x1
 738 0330 37000000 		.4byte	0x37
 739 0334 00000000 		.4byte	.LFB119
 740 0338 80000000 		.4byte	.LFE119
ARM GAS  /tmp/ccLprado.s 			page 14


 741 033c 37020000 		.4byte	.LLST14
 742 0340 01       		.byte	0x1
 743 0341 DC030000 		.4byte	0x3dc
 744 0345 17       		.uleb128 0x17
 745 0346 637800   		.ascii	"cx\000"
 746 0349 01       		.byte	0x1
 747 034a 3B       		.byte	0x3b
 748 034b 29000000 		.4byte	0x29
 749 034f 04       		.byte	0x4
 750 0350 C520B0BD 		.4byte	0xbdb020c5
 751 0354 17       		.uleb128 0x17
 752 0355 637900   		.ascii	"cy\000"
 753 0358 01       		.byte	0x1
 754 0359 3B       		.byte	0x3b
 755 035a 29000000 		.4byte	0x29
 756 035e 04       		.byte	0x4
 757 035f 9A99593F 		.4byte	0x3f59999a
 758 0363 0E       		.uleb128 0xe
 759 0364 06000000 		.4byte	.LASF48
 760 0368 01       		.byte	0x1
 761 0369 3C       		.byte	0x3c
 762 036a 29000000 		.4byte	0x29
 763 036e 63020000 		.4byte	.LLST15
 764 0372 18       		.uleb128 0x18
 765 0373 0A000000 		.4byte	.LVL24
 766 0377 16040000 		.4byte	0x416
 767 037b 18       		.uleb128 0x18
 768 037c 0E000000 		.4byte	.LVL25
 769 0380 20040000 		.4byte	0x420
 770 0384 18       		.uleb128 0x18
 771 0385 12000000 		.4byte	.LVL26
 772 0389 2A040000 		.4byte	0x42a
 773 038d 13       		.uleb128 0x13
 774 038e 56000000 		.4byte	.LVL28
 775 0392 D6010000 		.4byte	0x1d6
 776 0396 14       		.uleb128 0x14
 777 0397 02       		.byte	0x2
 778 0398 90       		.byte	0x90
 779 0399 43       		.uleb128 0x43
 780 039a 0F       		.byte	0xf
 781 039b F5       		.byte	0xf5
 782 039c 50       		.uleb128 0x50
 783 039d 29       		.uleb128 0x29
 784 039e F4       		.byte	0xf4
 785 039f 29       		.uleb128 0x29
 786 03a0 04       		.byte	0x4
 787 03a1 0000C03F 		.4byte	0x3fc00000
 788 03a5 1E       		.byte	0x1e
 789 03a6 F5       		.byte	0xf5
 790 03a7 51       		.uleb128 0x51
 791 03a8 29       		.uleb128 0x29
 792 03a9 22       		.byte	0x22
 793 03aa 14       		.uleb128 0x14
 794 03ab 02       		.byte	0x2
 795 03ac 90       		.byte	0x90
 796 03ad 42       		.uleb128 0x42
 797 03ae 0B       		.byte	0xb
ARM GAS  /tmp/ccLprado.s 			page 15


 798 03af F5       		.byte	0xf5
 799 03b0 50       		.uleb128 0x50
 800 03b1 29       		.uleb128 0x29
 801 03b2 F5       		.byte	0xf5
 802 03b3 50       		.uleb128 0x50
 803 03b4 29       		.uleb128 0x29
 804 03b5 22       		.byte	0x22
 805 03b6 F5       		.byte	0xf5
 806 03b7 52       		.uleb128 0x52
 807 03b8 29       		.uleb128 0x29
 808 03b9 1C       		.byte	0x1c
 809 03ba 14       		.uleb128 0x14
 810 03bb 02       		.byte	0x2
 811 03bc 90       		.byte	0x90
 812 03bd 41       		.uleb128 0x41
 813 03be 0B       		.byte	0xb
 814 03bf F5       		.byte	0xf5
 815 03c0 50       		.uleb128 0x50
 816 03c1 29       		.uleb128 0x29
 817 03c2 F5       		.byte	0xf5
 818 03c3 53       		.uleb128 0x53
 819 03c4 29       		.uleb128 0x29
 820 03c5 1E       		.byte	0x1e
 821 03c6 F5       		.byte	0xf5
 822 03c7 51       		.uleb128 0x51
 823 03c8 29       		.uleb128 0x29
 824 03c9 22       		.byte	0x22
 825 03ca 14       		.uleb128 0x14
 826 03cb 02       		.byte	0x2
 827 03cc 90       		.byte	0x90
 828 03cd 40       		.uleb128 0x40
 829 03ce 0B       		.byte	0xb
 830 03cf F5       		.byte	0xf5
 831 03d0 50       		.uleb128 0x50
 832 03d1 29       		.uleb128 0x29
 833 03d2 F5       		.byte	0xf5
 834 03d3 54       		.uleb128 0x54
 835 03d4 29       		.uleb128 0x29
 836 03d5 1E       		.byte	0x1e
 837 03d6 F5       		.byte	0xf5
 838 03d7 52       		.uleb128 0x52
 839 03d8 29       		.uleb128 0x29
 840 03d9 1C       		.byte	0x1c
 841 03da 00       		.byte	0
 842 03db 00       		.byte	0
 843 03dc 19       		.uleb128 0x19
 844 03dd CA020000 		.4byte	.LASF52
 845 03e1 04       		.byte	0x4
 846 03e2 9806     		.2byte	0x698
 847 03e4 B7000000 		.4byte	0xb7
 848 03e8 01       		.byte	0x1
 849 03e9 01       		.byte	0x1
 850 03ea 1A       		.uleb128 0x1a
 851 03eb C6010000 		.4byte	.LASF53
 852 03ef 03       		.byte	0x3
 853 03f0 5E       		.byte	0x5e
 854 03f1 C0010000 		.4byte	0x1c0
ARM GAS  /tmp/ccLprado.s 			page 16


 855 03f5 01       		.byte	0x1
 856 03f6 01       		.byte	0x1
 857 03f7 1B       		.uleb128 0x1b
 858 03f8 01       		.byte	0x1
 859 03f9 1F000000 		.4byte	.LASF60
 860 03fd 08       		.byte	0x8
 861 03fe 0401     		.2byte	0x104
 862 0400 01       		.byte	0x1
 863 0401 01       		.byte	0x1
 864 0402 16040000 		.4byte	0x416
 865 0406 1C       		.uleb128 0x1c
 866 0407 BC000000 		.4byte	0xbc
 867 040b 1C       		.uleb128 0x1c
 868 040c BC000000 		.4byte	0xbc
 869 0410 1C       		.uleb128 0x1c
 870 0411 CB010000 		.4byte	0x1cb
 871 0415 00       		.byte	0
 872 0416 1D       		.uleb128 0x1d
 873 0417 01       		.byte	0x1
 874 0418 21010000 		.4byte	.LASF54
 875 041c 05       		.byte	0x5
 876 041d CA       		.byte	0xca
 877 041e 01       		.byte	0x1
 878 041f 01       		.byte	0x1
 879 0420 1D       		.uleb128 0x1d
 880 0421 01       		.byte	0x1
 881 0422 4F000000 		.4byte	.LASF55
 882 0426 06       		.byte	0x6
 883 0427 EF       		.byte	0xef
 884 0428 01       		.byte	0x1
 885 0429 01       		.byte	0x1
 886 042a 1D       		.uleb128 0x1d
 887 042b 01       		.byte	0x1
 888 042c 09010000 		.4byte	.LASF56
 889 0430 07       		.byte	0x7
 890 0431 DB       		.byte	0xdb
 891 0432 01       		.byte	0x1
 892 0433 01       		.byte	0x1
 893 0434 00       		.byte	0
 894              		.section	.debug_abbrev,"",%progbits
 895              	.Ldebug_abbrev0:
 896 0000 01       		.uleb128 0x1
 897 0001 11       		.uleb128 0x11
 898 0002 01       		.byte	0x1
 899 0003 25       		.uleb128 0x25
 900 0004 0E       		.uleb128 0xe
 901 0005 13       		.uleb128 0x13
 902 0006 0B       		.uleb128 0xb
 903 0007 03       		.uleb128 0x3
 904 0008 0E       		.uleb128 0xe
 905 0009 1B       		.uleb128 0x1b
 906 000a 0E       		.uleb128 0xe
 907 000b 55       		.uleb128 0x55
 908 000c 06       		.uleb128 0x6
 909 000d 11       		.uleb128 0x11
 910 000e 01       		.uleb128 0x1
 911 000f 52       		.uleb128 0x52
ARM GAS  /tmp/ccLprado.s 			page 17


 912 0010 01       		.uleb128 0x1
 913 0011 10       		.uleb128 0x10
 914 0012 06       		.uleb128 0x6
 915 0013 00       		.byte	0
 916 0014 00       		.byte	0
 917 0015 02       		.uleb128 0x2
 918 0016 24       		.uleb128 0x24
 919 0017 00       		.byte	0
 920 0018 0B       		.uleb128 0xb
 921 0019 0B       		.uleb128 0xb
 922 001a 3E       		.uleb128 0x3e
 923 001b 0B       		.uleb128 0xb
 924 001c 03       		.uleb128 0x3
 925 001d 0E       		.uleb128 0xe
 926 001e 00       		.byte	0
 927 001f 00       		.byte	0
 928 0020 03       		.uleb128 0x3
 929 0021 24       		.uleb128 0x24
 930 0022 00       		.byte	0
 931 0023 0B       		.uleb128 0xb
 932 0024 0B       		.uleb128 0xb
 933 0025 3E       		.uleb128 0x3e
 934 0026 0B       		.uleb128 0xb
 935 0027 03       		.uleb128 0x3
 936 0028 08       		.uleb128 0x8
 937 0029 00       		.byte	0
 938 002a 00       		.byte	0
 939 002b 04       		.uleb128 0x4
 940 002c 16       		.uleb128 0x16
 941 002d 00       		.byte	0
 942 002e 03       		.uleb128 0x3
 943 002f 0E       		.uleb128 0xe
 944 0030 3A       		.uleb128 0x3a
 945 0031 0B       		.uleb128 0xb
 946 0032 3B       		.uleb128 0x3b
 947 0033 0B       		.uleb128 0xb
 948 0034 49       		.uleb128 0x49
 949 0035 13       		.uleb128 0x13
 950 0036 00       		.byte	0
 951 0037 00       		.byte	0
 952 0038 05       		.uleb128 0x5
 953 0039 35       		.uleb128 0x35
 954 003a 00       		.byte	0
 955 003b 49       		.uleb128 0x49
 956 003c 13       		.uleb128 0x13
 957 003d 00       		.byte	0
 958 003e 00       		.byte	0
 959 003f 06       		.uleb128 0x6
 960 0040 04       		.uleb128 0x4
 961 0041 01       		.byte	0x1
 962 0042 03       		.uleb128 0x3
 963 0043 0E       		.uleb128 0xe
 964 0044 0B       		.uleb128 0xb
 965 0045 0B       		.uleb128 0xb
 966 0046 3A       		.uleb128 0x3a
 967 0047 0B       		.uleb128 0xb
 968 0048 3B       		.uleb128 0x3b
ARM GAS  /tmp/ccLprado.s 			page 18


 969 0049 0B       		.uleb128 0xb
 970 004a 01       		.uleb128 0x1
 971 004b 13       		.uleb128 0x13
 972 004c 00       		.byte	0
 973 004d 00       		.byte	0
 974 004e 07       		.uleb128 0x7
 975 004f 28       		.uleb128 0x28
 976 0050 00       		.byte	0
 977 0051 03       		.uleb128 0x3
 978 0052 0E       		.uleb128 0xe
 979 0053 1C       		.uleb128 0x1c
 980 0054 0D       		.uleb128 0xd
 981 0055 00       		.byte	0
 982 0056 00       		.byte	0
 983 0057 08       		.uleb128 0x8
 984 0058 13       		.uleb128 0x13
 985 0059 01       		.byte	0x1
 986 005a 03       		.uleb128 0x3
 987 005b 0E       		.uleb128 0xe
 988 005c 0B       		.uleb128 0xb
 989 005d 0B       		.uleb128 0xb
 990 005e 3A       		.uleb128 0x3a
 991 005f 0B       		.uleb128 0xb
 992 0060 3B       		.uleb128 0x3b
 993 0061 0B       		.uleb128 0xb
 994 0062 01       		.uleb128 0x1
 995 0063 13       		.uleb128 0x13
 996 0064 00       		.byte	0
 997 0065 00       		.byte	0
 998 0066 09       		.uleb128 0x9
 999 0067 0D       		.uleb128 0xd
 1000 0068 00       		.byte	0
 1001 0069 03       		.uleb128 0x3
 1002 006a 0E       		.uleb128 0xe
 1003 006b 3A       		.uleb128 0x3a
 1004 006c 0B       		.uleb128 0xb
 1005 006d 3B       		.uleb128 0x3b
 1006 006e 0B       		.uleb128 0xb
 1007 006f 49       		.uleb128 0x49
 1008 0070 13       		.uleb128 0x13
 1009 0071 38       		.uleb128 0x38
 1010 0072 0A       		.uleb128 0xa
 1011 0073 00       		.byte	0
 1012 0074 00       		.byte	0
 1013 0075 0A       		.uleb128 0xa
 1014 0076 2E       		.uleb128 0x2e
 1015 0077 01       		.byte	0x1
 1016 0078 3F       		.uleb128 0x3f
 1017 0079 0C       		.uleb128 0xc
 1018 007a 03       		.uleb128 0x3
 1019 007b 0E       		.uleb128 0xe
 1020 007c 3A       		.uleb128 0x3a
 1021 007d 0B       		.uleb128 0xb
 1022 007e 3B       		.uleb128 0x3b
 1023 007f 0B       		.uleb128 0xb
 1024 0080 27       		.uleb128 0x27
 1025 0081 0C       		.uleb128 0xc
ARM GAS  /tmp/ccLprado.s 			page 19


 1026 0082 11       		.uleb128 0x11
 1027 0083 01       		.uleb128 0x1
 1028 0084 12       		.uleb128 0x12
 1029 0085 01       		.uleb128 0x1
 1030 0086 40       		.uleb128 0x40
 1031 0087 06       		.uleb128 0x6
 1032 0088 9742     		.uleb128 0x2117
 1033 008a 0C       		.uleb128 0xc
 1034 008b 01       		.uleb128 0x1
 1035 008c 13       		.uleb128 0x13
 1036 008d 00       		.byte	0
 1037 008e 00       		.byte	0
 1038 008f 0B       		.uleb128 0xb
 1039 0090 05       		.uleb128 0x5
 1040 0091 00       		.byte	0
 1041 0092 03       		.uleb128 0x3
 1042 0093 08       		.uleb128 0x8
 1043 0094 3A       		.uleb128 0x3a
 1044 0095 0B       		.uleb128 0xb
 1045 0096 3B       		.uleb128 0x3b
 1046 0097 0B       		.uleb128 0xb
 1047 0098 49       		.uleb128 0x49
 1048 0099 13       		.uleb128 0x13
 1049 009a 02       		.uleb128 0x2
 1050 009b 06       		.uleb128 0x6
 1051 009c 00       		.byte	0
 1052 009d 00       		.byte	0
 1053 009e 0C       		.uleb128 0xc
 1054 009f 34       		.uleb128 0x34
 1055 00a0 00       		.byte	0
 1056 00a1 03       		.uleb128 0x3
 1057 00a2 08       		.uleb128 0x8
 1058 00a3 3A       		.uleb128 0x3a
 1059 00a4 0B       		.uleb128 0xb
 1060 00a5 3B       		.uleb128 0x3b
 1061 00a6 0B       		.uleb128 0xb
 1062 00a7 49       		.uleb128 0x49
 1063 00a8 13       		.uleb128 0x13
 1064 00a9 02       		.uleb128 0x2
 1065 00aa 06       		.uleb128 0x6
 1066 00ab 00       		.byte	0
 1067 00ac 00       		.byte	0
 1068 00ad 0D       		.uleb128 0xd
 1069 00ae 34       		.uleb128 0x34
 1070 00af 00       		.byte	0
 1071 00b0 03       		.uleb128 0x3
 1072 00b1 0E       		.uleb128 0xe
 1073 00b2 3A       		.uleb128 0x3a
 1074 00b3 0B       		.uleb128 0xb
 1075 00b4 3B       		.uleb128 0x3b
 1076 00b5 0B       		.uleb128 0xb
 1077 00b6 49       		.uleb128 0x49
 1078 00b7 13       		.uleb128 0x13
 1079 00b8 02       		.uleb128 0x2
 1080 00b9 0A       		.uleb128 0xa
 1081 00ba 00       		.byte	0
 1082 00bb 00       		.byte	0
ARM GAS  /tmp/ccLprado.s 			page 20


 1083 00bc 0E       		.uleb128 0xe
 1084 00bd 34       		.uleb128 0x34
 1085 00be 00       		.byte	0
 1086 00bf 03       		.uleb128 0x3
 1087 00c0 0E       		.uleb128 0xe
 1088 00c1 3A       		.uleb128 0x3a
 1089 00c2 0B       		.uleb128 0xb
 1090 00c3 3B       		.uleb128 0x3b
 1091 00c4 0B       		.uleb128 0xb
 1092 00c5 49       		.uleb128 0x49
 1093 00c6 13       		.uleb128 0x13
 1094 00c7 02       		.uleb128 0x2
 1095 00c8 06       		.uleb128 0x6
 1096 00c9 00       		.byte	0
 1097 00ca 00       		.byte	0
 1098 00cb 0F       		.uleb128 0xf
 1099 00cc 34       		.uleb128 0x34
 1100 00cd 00       		.byte	0
 1101 00ce 03       		.uleb128 0x3
 1102 00cf 08       		.uleb128 0x8
 1103 00d0 3A       		.uleb128 0x3a
 1104 00d1 0B       		.uleb128 0xb
 1105 00d2 3B       		.uleb128 0x3b
 1106 00d3 0B       		.uleb128 0xb
 1107 00d4 49       		.uleb128 0x49
 1108 00d5 13       		.uleb128 0x13
 1109 00d6 02       		.uleb128 0x2
 1110 00d7 0A       		.uleb128 0xa
 1111 00d8 00       		.byte	0
 1112 00d9 00       		.byte	0
 1113 00da 10       		.uleb128 0x10
 1114 00db 34       		.uleb128 0x34
 1115 00dc 00       		.byte	0
 1116 00dd 03       		.uleb128 0x3
 1117 00de 08       		.uleb128 0x8
 1118 00df 3A       		.uleb128 0x3a
 1119 00e0 0B       		.uleb128 0xb
 1120 00e1 3B       		.uleb128 0x3b
 1121 00e2 0B       		.uleb128 0xb
 1122 00e3 49       		.uleb128 0x49
 1123 00e4 13       		.uleb128 0x13
 1124 00e5 1C       		.uleb128 0x1c
 1125 00e6 05       		.uleb128 0x5
 1126 00e7 00       		.byte	0
 1127 00e8 00       		.byte	0
 1128 00e9 11       		.uleb128 0x11
 1129 00ea 0B       		.uleb128 0xb
 1130 00eb 01       		.byte	0x1
 1131 00ec 55       		.uleb128 0x55
 1132 00ed 06       		.uleb128 0x6
 1133 00ee 00       		.byte	0
 1134 00ef 00       		.byte	0
 1135 00f0 12       		.uleb128 0x12
 1136 00f1 34       		.uleb128 0x34
 1137 00f2 00       		.byte	0
 1138 00f3 03       		.uleb128 0x3
 1139 00f4 08       		.uleb128 0x8
ARM GAS  /tmp/ccLprado.s 			page 21


 1140 00f5 3A       		.uleb128 0x3a
 1141 00f6 0B       		.uleb128 0xb
 1142 00f7 3B       		.uleb128 0x3b
 1143 00f8 0B       		.uleb128 0xb
 1144 00f9 49       		.uleb128 0x49
 1145 00fa 13       		.uleb128 0x13
 1146 00fb 00       		.byte	0
 1147 00fc 00       		.byte	0
 1148 00fd 13       		.uleb128 0x13
 1149 00fe 898201   		.uleb128 0x4109
 1150 0101 01       		.byte	0x1
 1151 0102 11       		.uleb128 0x11
 1152 0103 01       		.uleb128 0x1
 1153 0104 31       		.uleb128 0x31
 1154 0105 13       		.uleb128 0x13
 1155 0106 00       		.byte	0
 1156 0107 00       		.byte	0
 1157 0108 14       		.uleb128 0x14
 1158 0109 8A8201   		.uleb128 0x410a
 1159 010c 00       		.byte	0
 1160 010d 02       		.uleb128 0x2
 1161 010e 0A       		.uleb128 0xa
 1162 010f 9142     		.uleb128 0x2111
 1163 0111 0A       		.uleb128 0xa
 1164 0112 00       		.byte	0
 1165 0113 00       		.byte	0
 1166 0114 15       		.uleb128 0x15
 1167 0115 26       		.uleb128 0x26
 1168 0116 00       		.byte	0
 1169 0117 49       		.uleb128 0x49
 1170 0118 13       		.uleb128 0x13
 1171 0119 00       		.byte	0
 1172 011a 00       		.byte	0
 1173 011b 16       		.uleb128 0x16
 1174 011c 2E       		.uleb128 0x2e
 1175 011d 01       		.byte	0x1
 1176 011e 3F       		.uleb128 0x3f
 1177 011f 0C       		.uleb128 0xc
 1178 0120 03       		.uleb128 0x3
 1179 0121 0E       		.uleb128 0xe
 1180 0122 3A       		.uleb128 0x3a
 1181 0123 0B       		.uleb128 0xb
 1182 0124 3B       		.uleb128 0x3b
 1183 0125 0B       		.uleb128 0xb
 1184 0126 27       		.uleb128 0x27
 1185 0127 0C       		.uleb128 0xc
 1186 0128 49       		.uleb128 0x49
 1187 0129 13       		.uleb128 0x13
 1188 012a 11       		.uleb128 0x11
 1189 012b 01       		.uleb128 0x1
 1190 012c 12       		.uleb128 0x12
 1191 012d 01       		.uleb128 0x1
 1192 012e 40       		.uleb128 0x40
 1193 012f 06       		.uleb128 0x6
 1194 0130 9742     		.uleb128 0x2117
 1195 0132 0C       		.uleb128 0xc
 1196 0133 01       		.uleb128 0x1
ARM GAS  /tmp/ccLprado.s 			page 22


 1197 0134 13       		.uleb128 0x13
 1198 0135 00       		.byte	0
 1199 0136 00       		.byte	0
 1200 0137 17       		.uleb128 0x17
 1201 0138 34       		.uleb128 0x34
 1202 0139 00       		.byte	0
 1203 013a 03       		.uleb128 0x3
 1204 013b 08       		.uleb128 0x8
 1205 013c 3A       		.uleb128 0x3a
 1206 013d 0B       		.uleb128 0xb
 1207 013e 3B       		.uleb128 0x3b
 1208 013f 0B       		.uleb128 0xb
 1209 0140 49       		.uleb128 0x49
 1210 0141 13       		.uleb128 0x13
 1211 0142 1C       		.uleb128 0x1c
 1212 0143 0A       		.uleb128 0xa
 1213 0144 00       		.byte	0
 1214 0145 00       		.byte	0
 1215 0146 18       		.uleb128 0x18
 1216 0147 898201   		.uleb128 0x4109
 1217 014a 00       		.byte	0
 1218 014b 11       		.uleb128 0x11
 1219 014c 01       		.uleb128 0x1
 1220 014d 31       		.uleb128 0x31
 1221 014e 13       		.uleb128 0x13
 1222 014f 00       		.byte	0
 1223 0150 00       		.byte	0
 1224 0151 19       		.uleb128 0x19
 1225 0152 34       		.uleb128 0x34
 1226 0153 00       		.byte	0
 1227 0154 03       		.uleb128 0x3
 1228 0155 0E       		.uleb128 0xe
 1229 0156 3A       		.uleb128 0x3a
 1230 0157 0B       		.uleb128 0xb
 1231 0158 3B       		.uleb128 0x3b
 1232 0159 05       		.uleb128 0x5
 1233 015a 49       		.uleb128 0x49
 1234 015b 13       		.uleb128 0x13
 1235 015c 3F       		.uleb128 0x3f
 1236 015d 0C       		.uleb128 0xc
 1237 015e 3C       		.uleb128 0x3c
 1238 015f 0C       		.uleb128 0xc
 1239 0160 00       		.byte	0
 1240 0161 00       		.byte	0
 1241 0162 1A       		.uleb128 0x1a
 1242 0163 34       		.uleb128 0x34
 1243 0164 00       		.byte	0
 1244 0165 03       		.uleb128 0x3
 1245 0166 0E       		.uleb128 0xe
 1246 0167 3A       		.uleb128 0x3a
 1247 0168 0B       		.uleb128 0xb
 1248 0169 3B       		.uleb128 0x3b
 1249 016a 0B       		.uleb128 0xb
 1250 016b 49       		.uleb128 0x49
 1251 016c 13       		.uleb128 0x13
 1252 016d 3F       		.uleb128 0x3f
 1253 016e 0C       		.uleb128 0xc
ARM GAS  /tmp/ccLprado.s 			page 23


 1254 016f 3C       		.uleb128 0x3c
 1255 0170 0C       		.uleb128 0xc
 1256 0171 00       		.byte	0
 1257 0172 00       		.byte	0
 1258 0173 1B       		.uleb128 0x1b
 1259 0174 2E       		.uleb128 0x2e
 1260 0175 01       		.byte	0x1
 1261 0176 3F       		.uleb128 0x3f
 1262 0177 0C       		.uleb128 0xc
 1263 0178 03       		.uleb128 0x3
 1264 0179 0E       		.uleb128 0xe
 1265 017a 3A       		.uleb128 0x3a
 1266 017b 0B       		.uleb128 0xb
 1267 017c 3B       		.uleb128 0x3b
 1268 017d 05       		.uleb128 0x5
 1269 017e 27       		.uleb128 0x27
 1270 017f 0C       		.uleb128 0xc
 1271 0180 3C       		.uleb128 0x3c
 1272 0181 0C       		.uleb128 0xc
 1273 0182 01       		.uleb128 0x1
 1274 0183 13       		.uleb128 0x13
 1275 0184 00       		.byte	0
 1276 0185 00       		.byte	0
 1277 0186 1C       		.uleb128 0x1c
 1278 0187 05       		.uleb128 0x5
 1279 0188 00       		.byte	0
 1280 0189 49       		.uleb128 0x49
 1281 018a 13       		.uleb128 0x13
 1282 018b 00       		.byte	0
 1283 018c 00       		.byte	0
 1284 018d 1D       		.uleb128 0x1d
 1285 018e 2E       		.uleb128 0x2e
 1286 018f 00       		.byte	0
 1287 0190 3F       		.uleb128 0x3f
 1288 0191 0C       		.uleb128 0xc
 1289 0192 03       		.uleb128 0x3
 1290 0193 0E       		.uleb128 0xe
 1291 0194 3A       		.uleb128 0x3a
 1292 0195 0B       		.uleb128 0xb
 1293 0196 3B       		.uleb128 0x3b
 1294 0197 0B       		.uleb128 0xb
 1295 0198 27       		.uleb128 0x27
 1296 0199 0C       		.uleb128 0xc
 1297 019a 3C       		.uleb128 0x3c
 1298 019b 0C       		.uleb128 0xc
 1299 019c 00       		.byte	0
 1300 019d 00       		.byte	0
 1301 019e 00       		.byte	0
 1302              		.section	.debug_loc,"",%progbits
 1303              	.Ldebug_loc0:
 1304              	.LLST0:
 1305 0000 00000000 		.4byte	.LFB118
 1306 0004 04000000 		.4byte	.LCFI0
 1307 0008 0200     		.2byte	0x2
 1308 000a 7D       		.byte	0x7d
 1309 000b 00       		.sleb128 0
 1310 000c 04000000 		.4byte	.LCFI0
ARM GAS  /tmp/ccLprado.s 			page 24


 1311 0010 1A000000 		.4byte	.LCFI1
 1312 0014 0200     		.2byte	0x2
 1313 0016 7D       		.byte	0x7d
 1314 0017 20       		.sleb128 32
 1315 0018 1A000000 		.4byte	.LCFI1
 1316 001c 38010000 		.4byte	.LFE118
 1317 0020 0300     		.2byte	0x3
 1318 0022 7D       		.byte	0x7d
 1319 0023 C800     		.sleb128 72
 1320 0025 00000000 		.4byte	0
 1321 0029 00000000 		.4byte	0
 1322              	.LLST1:
 1323 002d 00000000 		.4byte	.LVL0
 1324 0031 44000000 		.4byte	.LVL5
 1325 0035 0200     		.2byte	0x2
 1326 0037 90       		.byte	0x90
 1327 0038 40       		.uleb128 0x40
 1328 0039 44000000 		.4byte	.LVL5
 1329 003d 38010000 		.4byte	.LFE118
 1330 0041 0200     		.2byte	0x2
 1331 0043 90       		.byte	0x90
 1332 0044 57       		.uleb128 0x57
 1333 0045 00000000 		.4byte	0
 1334 0049 00000000 		.4byte	0
 1335              	.LLST2:
 1336 004d 00000000 		.4byte	.LVL0
 1337 0051 44000000 		.4byte	.LVL5
 1338 0055 0200     		.2byte	0x2
 1339 0057 90       		.byte	0x90
 1340 0058 41       		.uleb128 0x41
 1341 0059 44000000 		.4byte	.LVL5
 1342 005d 38010000 		.4byte	.LFE118
 1343 0061 0200     		.2byte	0x2
 1344 0063 90       		.byte	0x90
 1345 0064 54       		.uleb128 0x54
 1346 0065 00000000 		.4byte	0
 1347 0069 00000000 		.4byte	0
 1348              	.LLST3:
 1349 006d 00000000 		.4byte	.LVL0
 1350 0071 44000000 		.4byte	.LVL5
 1351 0075 0200     		.2byte	0x2
 1352 0077 90       		.byte	0x90
 1353 0078 42       		.uleb128 0x42
 1354 0079 44000000 		.4byte	.LVL5
 1355 007d 38010000 		.4byte	.LFE118
 1356 0081 0600     		.2byte	0x6
 1357 0083 F3       		.byte	0xf3
 1358 0084 03       		.uleb128 0x3
 1359 0085 F5       		.byte	0xf5
 1360 0086 42       		.uleb128 0x42
 1361 0087 29       		.uleb128 0x29
 1362 0088 9F       		.byte	0x9f
 1363 0089 00000000 		.4byte	0
 1364 008d 00000000 		.4byte	0
 1365              	.LLST4:
 1366 0091 00000000 		.4byte	.LVL0
 1367 0095 44000000 		.4byte	.LVL5
ARM GAS  /tmp/ccLprado.s 			page 25


 1368 0099 0200     		.2byte	0x2
 1369 009b 90       		.byte	0x90
 1370 009c 43       		.uleb128 0x43
 1371 009d 44000000 		.4byte	.LVL5
 1372 00a1 38010000 		.4byte	.LFE118
 1373 00a5 0600     		.2byte	0x6
 1374 00a7 F3       		.byte	0xf3
 1375 00a8 03       		.uleb128 0x3
 1376 00a9 F5       		.byte	0xf5
 1377 00aa 43       		.uleb128 0x43
 1378 00ab 29       		.uleb128 0x29
 1379 00ac 9F       		.byte	0x9f
 1380 00ad 00000000 		.4byte	0
 1381 00b1 00000000 		.4byte	0
 1382              	.LLST5:
 1383 00b5 32000000 		.4byte	.LVL4
 1384 00b9 44000000 		.4byte	.LVL5
 1385 00bd 0200     		.2byte	0x2
 1386 00bf 30       		.byte	0x30
 1387 00c0 9F       		.byte	0x9f
 1388 00c1 24010000 		.4byte	.LVL21
 1389 00c5 28010000 		.4byte	.LVL22
 1390 00c9 0100     		.2byte	0x1
 1391 00cb 56       		.byte	0x56
 1392 00cc 00000000 		.4byte	0
 1393 00d0 00000000 		.4byte	0
 1394              	.LLST6:
 1395 00d4 44000000 		.4byte	.LVL5
 1396 00d8 66000000 		.4byte	.LVL6
 1397 00dc 0200     		.2byte	0x2
 1398 00de 30       		.byte	0x30
 1399 00df 9F       		.byte	0x9f
 1400 00e0 1E010000 		.4byte	.LVL19
 1401 00e4 22010000 		.4byte	.LVL20
 1402 00e8 0100     		.2byte	0x1
 1403 00ea 59       		.byte	0x59
 1404 00eb 00000000 		.4byte	0
 1405 00ef 00000000 		.4byte	0
 1406              	.LLST7:
 1407 00f3 86000000 		.4byte	.LVL7
 1408 00f7 8E000000 		.4byte	.LVL8
 1409 00fb 0200     		.2byte	0x2
 1410 00fd 30       		.byte	0x30
 1411 00fe 9F       		.byte	0x9f
 1412 00ff 8E000000 		.4byte	.LVL8
 1413 0103 90000000 		.4byte	.LVL9
 1414 0107 0200     		.2byte	0x2
 1415 0109 31       		.byte	0x31
 1416 010a 9F       		.byte	0x9f
 1417 010b BC000000 		.4byte	.LVL11
 1418 010f E4000000 		.4byte	.LVL15
 1419 0113 0100     		.2byte	0x1
 1420 0115 51       		.byte	0x51
 1421 0116 E4000000 		.4byte	.LVL15
 1422 011a E8000000 		.4byte	.LVL16
 1423 011e 0100     		.2byte	0x1
 1424 0120 50       		.byte	0x50
ARM GAS  /tmp/ccLprado.s 			page 26


 1425 0121 00000000 		.4byte	0
 1426 0125 00000000 		.4byte	0
 1427              	.LLST8:
 1428 0129 F8000000 		.4byte	.LVL17
 1429 012d 02010000 		.4byte	.LVL18
 1430 0131 1700     		.2byte	0x17
 1431 0133 73       		.byte	0x73
 1432 0134 00       		.sleb128 0
 1433 0135 08       		.byte	0x8
 1434 0136 F8       		.byte	0xf8
 1435 0137 1A       		.byte	0x1a
 1436 0138 33       		.byte	0x33
 1437 0139 25       		.byte	0x25
 1438 013a 72       		.byte	0x72
 1439 013b 00       		.sleb128 0
 1440 013c 34       		.byte	0x34
 1441 013d 24       		.byte	0x24
 1442 013e 08       		.byte	0x8
 1443 013f FF       		.byte	0xff
 1444 0140 1A       		.byte	0x1a
 1445 0141 33       		.byte	0x33
 1446 0142 24       		.byte	0x24
 1447 0143 21       		.byte	0x21
 1448 0144 72       		.byte	0x72
 1449 0145 00       		.sleb128 0
 1450 0146 3F       		.byte	0x3f
 1451 0147 24       		.byte	0x24
 1452 0148 21       		.byte	0x21
 1453 0149 9F       		.byte	0x9f
 1454 014a 00000000 		.4byte	0
 1455 014e 00000000 		.4byte	0
 1456              	.LLST9:
 1457 0152 86000000 		.4byte	.LVL7
 1458 0156 1D010000 		.4byte	.LVL19-1
 1459 015a 0200     		.2byte	0x2
 1460 015c 90       		.byte	0x90
 1461 015d 45       		.uleb128 0x45
 1462 015e 1D010000 		.4byte	.LVL19-1
 1463 0162 22010000 		.4byte	.LVL20
 1464 0166 1300     		.2byte	0x13
 1465 0168 79       		.byte	0x79
 1466 0169 7F       		.sleb128 -1
 1467 016a F7       		.byte	0xf7
 1468 016b 30       		.uleb128 0x30
 1469 016c F7       		.byte	0xf7
 1470 016d 29       		.uleb128 0x29
 1471 016e F5       		.byte	0xf5
 1472 016f 55       		.uleb128 0x55
 1473 0170 29       		.uleb128 0x29
 1474 0171 1E       		.byte	0x1e
 1475 0172 F5       		.byte	0xf5
 1476 0173 56       		.uleb128 0x56
 1477 0174 29       		.uleb128 0x29
 1478 0175 1B       		.byte	0x1b
 1479 0176 F5       		.byte	0xf5
 1480 0177 54       		.uleb128 0x54
 1481 0178 29       		.uleb128 0x29
ARM GAS  /tmp/ccLprado.s 			page 27


 1482 0179 22       		.byte	0x22
 1483 017a 9F       		.byte	0x9f
 1484 017b 00000000 		.4byte	0
 1485 017f 00000000 		.4byte	0
 1486              	.LLST10:
 1487 0183 86000000 		.4byte	.LVL7
 1488 0187 8E000000 		.4byte	.LVL8
 1489 018b 0600     		.2byte	0x6
 1490 018d 9E       		.byte	0x9e
 1491 018e 04       		.uleb128 0x4
 1492 018f 00000000 		.4byte	0
 1493 0193 8E000000 		.4byte	.LVL8
 1494 0197 A2000000 		.4byte	.LVL10
 1495 019b 0200     		.2byte	0x2
 1496 019d 90       		.byte	0x90
 1497 019e 48       		.uleb128 0x48
 1498 019f E4000000 		.4byte	.LVL15
 1499 01a3 F8000000 		.4byte	.LVL17
 1500 01a7 0200     		.2byte	0x2
 1501 01a9 90       		.byte	0x90
 1502 01aa 48       		.uleb128 0x48
 1503 01ab 00000000 		.4byte	0
 1504 01af 00000000 		.4byte	0
 1505              	.LLST11:
 1506 01b3 86000000 		.4byte	.LVL7
 1507 01b7 8E000000 		.4byte	.LVL8
 1508 01bb 0600     		.2byte	0x6
 1509 01bd 9E       		.byte	0x9e
 1510 01be 04       		.uleb128 0x4
 1511 01bf 00000000 		.4byte	0
 1512 01c3 8E000000 		.4byte	.LVL8
 1513 01c7 E0000000 		.4byte	.LVL14
 1514 01cb 0200     		.2byte	0x2
 1515 01cd 90       		.byte	0x90
 1516 01ce 44       		.uleb128 0x44
 1517 01cf E0000000 		.4byte	.LVL14
 1518 01d3 E8000000 		.4byte	.LVL16
 1519 01d7 0200     		.2byte	0x2
 1520 01d9 90       		.byte	0x90
 1521 01da 43       		.uleb128 0x43
 1522 01db E8000000 		.4byte	.LVL16
 1523 01df F8000000 		.4byte	.LVL17
 1524 01e3 0200     		.2byte	0x2
 1525 01e5 90       		.byte	0x90
 1526 01e6 44       		.uleb128 0x44
 1527 01e7 00000000 		.4byte	0
 1528 01eb 00000000 		.4byte	0
 1529              	.LLST12:
 1530 01ef 86000000 		.4byte	.LVL7
 1531 01f3 90000000 		.4byte	.LVL9
 1532 01f7 0600     		.2byte	0x6
 1533 01f9 9E       		.byte	0x9e
 1534 01fa 04       		.uleb128 0x4
 1535 01fb 00000000 		.4byte	0
 1536 01ff CC000000 		.4byte	.LVL12
 1537 0203 E8000000 		.4byte	.LVL16
 1538 0207 0200     		.2byte	0x2
ARM GAS  /tmp/ccLprado.s 			page 28


 1539 0209 90       		.byte	0x90
 1540 020a 41       		.uleb128 0x41
 1541 020b 00000000 		.4byte	0
 1542 020f 00000000 		.4byte	0
 1543              	.LLST13:
 1544 0213 86000000 		.4byte	.LVL7
 1545 0217 90000000 		.4byte	.LVL9
 1546 021b 0600     		.2byte	0x6
 1547 021d 9E       		.byte	0x9e
 1548 021e 04       		.uleb128 0x4
 1549 021f 00000000 		.4byte	0
 1550 0223 D0000000 		.4byte	.LVL13
 1551 0227 E8000000 		.4byte	.LVL16
 1552 022b 0200     		.2byte	0x2
 1553 022d 90       		.byte	0x90
 1554 022e 42       		.uleb128 0x42
 1555 022f 00000000 		.4byte	0
 1556 0233 00000000 		.4byte	0
 1557              	.LLST14:
 1558 0237 00000000 		.4byte	.LFB119
 1559 023b 02000000 		.4byte	.LCFI2
 1560 023f 0200     		.2byte	0x2
 1561 0241 7D       		.byte	0x7d
 1562 0242 00       		.sleb128 0
 1563 0243 02000000 		.4byte	.LCFI2
 1564 0247 06000000 		.4byte	.LCFI3
 1565 024b 0200     		.2byte	0x2
 1566 024d 7D       		.byte	0x7d
 1567 024e 08       		.sleb128 8
 1568 024f 06000000 		.4byte	.LCFI3
 1569 0253 80000000 		.4byte	.LFE119
 1570 0257 0200     		.2byte	0x2
 1571 0259 7D       		.byte	0x7d
 1572 025a 28       		.sleb128 40
 1573 025b 00000000 		.4byte	0
 1574 025f 00000000 		.4byte	0
 1575              	.LLST15:
 1576 0263 00000000 		.4byte	.LVL23
 1577 0267 2E000000 		.4byte	.LVL27
 1578 026b 0600     		.2byte	0x6
 1579 026d 9E       		.byte	0x9e
 1580 026e 04       		.uleb128 0x4
 1581 026f 0000803F 		.4byte	0x3f800000
 1582 0273 2E000000 		.4byte	.LVL27
 1583 0277 5A000000 		.4byte	.LVL29
 1584 027b 0200     		.2byte	0x2
 1585 027d 90       		.byte	0x90
 1586 027e 50       		.uleb128 0x50
 1587 027f 00000000 		.4byte	0
 1588 0283 00000000 		.4byte	0
 1589              		.section	.debug_aranges,"",%progbits
 1590 0000 24000000 		.4byte	0x24
 1591 0004 0200     		.2byte	0x2
 1592 0006 00000000 		.4byte	.Ldebug_info0
 1593 000a 04       		.byte	0x4
 1594 000b 00       		.byte	0
 1595 000c 0000     		.2byte	0
ARM GAS  /tmp/ccLprado.s 			page 29


 1596 000e 0000     		.2byte	0
 1597 0010 00000000 		.4byte	.LFB118
 1598 0014 38010000 		.4byte	.LFE118-.LFB118
 1599 0018 00000000 		.4byte	.LFB119
 1600 001c 80000000 		.4byte	.LFE119-.LFB119
 1601 0020 00000000 		.4byte	0
 1602 0024 00000000 		.4byte	0
 1603              		.section	.debug_ranges,"",%progbits
 1604              	.Ldebug_ranges0:
 1605 0000 3C000000 		.4byte	.LBB2
 1606 0004 44000000 		.4byte	.LBE2
 1607 0008 66000000 		.4byte	.LBB3
 1608 000c 16010000 		.4byte	.LBE3
 1609 0010 1A010000 		.4byte	.LBB4
 1610 0014 1E010000 		.4byte	.LBE4
 1611 0018 00000000 		.4byte	0
 1612 001c 00000000 		.4byte	0
 1613 0020 00000000 		.4byte	.LFB118
 1614 0024 38010000 		.4byte	.LFE118
 1615 0028 00000000 		.4byte	.LFB119
 1616 002c 80000000 		.4byte	.LFE119
 1617 0030 00000000 		.4byte	0
 1618 0034 00000000 		.4byte	0
 1619              		.section	.debug_line,"",%progbits
 1620              	.Ldebug_line0:
 1621 0000 13020000 		.section	.debug_str,"MS",%progbits,1
 1621      02006501 
 1621      00000201 
 1621      FB0E0D00 
 1621      01010101 
 1622              	.LASF45:
 1623 0000 636F6C6F 		.ascii	"color\000"
 1623      7200
 1624              	.LASF48:
 1625 0006 7A6F6F6D 		.ascii	"zoom\000"
 1625      00
 1626              	.LASF25:
 1627 000b 706F7765 		.ascii	"powerOff\000"
 1627      724F6666 
 1627      00
 1628              	.LASF58:
 1629 0014 6D616E64 		.ascii	"mandelbrot\000"
 1629      656C6272 
 1629      6F7400
 1630              	.LASF60:
 1631 001f 67646973 		.ascii	"gdisp_lld_draw_pixel\000"
 1631      705F6C6C 
 1631      645F6472 
 1631      61775F70 
 1631      6978656C 
 1632              	.LASF47:
 1633 0034 66686569 		.ascii	"fheight\000"
 1633      67687400 
 1634              	.LASF6:
 1635 003c 73686F72 		.ascii	"short int\000"
 1635      7420696E 
 1635      7400
ARM GAS  /tmp/ccLprado.s 			page 30


 1636              	.LASF15:
 1637 0046 73697A65 		.ascii	"sizetype\000"
 1637      74797065 
 1637      00
 1638              	.LASF55:
 1639 004f 63685379 		.ascii	"chSysInit\000"
 1639      73496E69 
 1639      7400
 1640              	.LASF21:
 1641 0059 47444953 		.ascii	"GDISP_ROTATE_270\000"
 1641      505F524F 
 1641      54415445 
 1641      5F323730 
 1641      00
 1642              	.LASF40:
 1643 006a 47444953 		.ascii	"GDISPDriver\000"
 1643      50447269 
 1643      76657200 
 1644              	.LASF29:
 1645 0076 67646973 		.ascii	"gdisp_powermode_t\000"
 1645      705F706F 
 1645      7765726D 
 1645      6F64655F 
 1645      7400
 1646              	.LASF59:
 1647 0088 6D61696E 		.ascii	"main\000"
 1647      00
 1648              	.LASF49:
 1649 008d 474E5520 		.ascii	"GNU C 4.7.4 20130613 (release) [ARM/embedded-4_7-br"
 1649      4320342E 
 1649      372E3420 
 1649      32303133 
 1649      30363133 
 1650 00c0 616E6368 		.ascii	"anch revision 200083]\000"
 1650      20726576 
 1650      6973696F 
 1650      6E203230 
 1650      30303833 
 1651              	.LASF39:
 1652 00d6 636C6970 		.ascii	"clipy1\000"
 1652      793100
 1653              	.LASF19:
 1654 00dd 47444953 		.ascii	"GDISP_ROTATE_90\000"
 1654      505F524F 
 1654      54415445 
 1654      5F393000 
 1655              	.LASF41:
 1656 00ed 636F6C6F 		.ascii	"color_t\000"
 1656      725F7400 
 1657              	.LASF4:
 1658 00f5 75696E74 		.ascii	"uint8_t\000"
 1658      385F7400 
 1659              	.LASF42:
 1660 00fd 77696474 		.ascii	"width\000"
 1660      6800
 1661              	.LASF0:
 1662 0103 666C6F61 		.ascii	"float\000"
ARM GAS  /tmp/ccLprado.s 			page 31


 1662      7400
 1663              	.LASF56:
 1664 0109 67646973 		.ascii	"gdispInit\000"
 1664      70496E69 
 1664      7400
 1665              	.LASF12:
 1666 0113 6C6F6E67 		.ascii	"long long int\000"
 1666      206C6F6E 
 1666      6720696E 
 1666      7400
 1667              	.LASF54:
 1668 0121 68616C49 		.ascii	"halInit\000"
 1668      6E697400 
 1669              	.LASF16:
 1670 0129 63686172 		.ascii	"char\000"
 1670      00
 1671              	.LASF10:
 1672 012e 6C6F6E67 		.ascii	"long int\000"
 1672      20696E74 
 1672      00
 1673              	.LASF27:
 1674 0137 706F7765 		.ascii	"powerDeepSleep\000"
 1674      72446565 
 1674      70536C65 
 1674      657000
 1675              	.LASF3:
 1676 0146 756E7369 		.ascii	"unsigned char\000"
 1676      676E6564 
 1676      20636861 
 1676      7200
 1677              	.LASF33:
 1678 0154 506F7765 		.ascii	"Powermode\000"
 1678      726D6F64 
 1678      6500
 1679              	.LASF38:
 1680 015e 636C6970 		.ascii	"clipx1\000"
 1680      783100
 1681              	.LASF2:
 1682 0165 7369676E 		.ascii	"signed char\000"
 1682      65642063 
 1682      68617200 
 1683              	.LASF13:
 1684 0171 6C6F6E67 		.ascii	"long long unsigned int\000"
 1684      206C6F6E 
 1684      6720756E 
 1684      7369676E 
 1684      65642069 
 1685              	.LASF18:
 1686 0188 47444953 		.ascii	"GDISP_ROTATE_0\000"
 1686      505F524F 
 1686      54415445 
 1686      5F3000
 1687              	.LASF43:
 1688 0197 68656967 		.ascii	"height\000"
 1688      687400
 1689              	.LASF1:
 1690 019e 756E7369 		.ascii	"unsigned int\000"
ARM GAS  /tmp/ccLprado.s 			page 32


 1690      676E6564 
 1690      20696E74 
 1690      00
 1691              	.LASF7:
 1692 01ab 75696E74 		.ascii	"uint16_t\000"
 1692      31365F74 
 1692      00
 1693              	.LASF30:
 1694 01b4 57696474 		.ascii	"Width\000"
 1694      6800
 1695              	.LASF23:
 1696 01ba 6F726965 		.ascii	"orientation\000"
 1696      6E746174 
 1696      696F6E00 
 1697              	.LASF53:
 1698 01c6 47444953 		.ascii	"GDISP\000"
 1698      5000
 1699              	.LASF8:
 1700 01cc 73686F72 		.ascii	"short unsigned int\000"
 1700      7420756E 
 1700      7369676E 
 1700      65642069 
 1700      6E7400
 1701              	.LASF24:
 1702 01df 706F7765 		.ascii	"powermode\000"
 1702      726D6F64 
 1702      6500
 1703              	.LASF22:
 1704 01e9 67646973 		.ascii	"gdisp_orientation_t\000"
 1704      705F6F72 
 1704      69656E74 
 1704      6174696F 
 1704      6E5F7400 
 1705              	.LASF9:
 1706 01fd 696E7433 		.ascii	"int32_t\000"
 1706      325F7400 
 1707              	.LASF32:
 1708 0205 4F726965 		.ascii	"Orientation\000"
 1708      6E746174 
 1708      696F6E00 
 1709              	.LASF5:
 1710 0211 696E7431 		.ascii	"int16_t\000"
 1710      365F7400 
 1711              	.LASF17:
 1712 0219 636F6F72 		.ascii	"coord_t\000"
 1712      645F7400 
 1713              	.LASF14:
 1714 0221 5F426F6F 		.ascii	"_Bool\000"
 1714      6C00
 1715              	.LASF34:
 1716 0227 4261636B 		.ascii	"Backlight\000"
 1716      6C696768 
 1716      7400
 1717              	.LASF51:
 1718 0231 2F686F6D 		.ascii	"/home/witold/Dokumenty/arm/ChibiOS-master/demos/man"
 1718      652F7769 
 1718      746F6C64 
ARM GAS  /tmp/ccLprado.s 			page 33


 1718      2F446F6B 
 1718      756D656E 
 1719 0264 64656C62 		.ascii	"delbrot-FSMC\000"
 1719      726F742D 
 1719      46534D43 
 1719      00
 1720              	.LASF50:
 1721 0271 6D61696E 		.ascii	"main.c\000"
 1721      2E6300
 1722              	.LASF11:
 1723 0278 6C6F6E67 		.ascii	"long unsigned int\000"
 1723      20756E73 
 1723      69676E65 
 1723      6420696E 
 1723      7400
 1724              	.LASF37:
 1725 028a 636C6970 		.ascii	"clipy0\000"
 1725      793000
 1726              	.LASF28:
 1727 0291 706F7765 		.ascii	"powerOn\000"
 1727      724F6E00 
 1728              	.LASF31:
 1729 0299 48656967 		.ascii	"Height\000"
 1729      687400
 1730              	.LASF57:
 1731 02a0 47444953 		.ascii	"GDISPDriver_t\000"
 1731      50447269 
 1731      7665725F 
 1731      7400
 1732              	.LASF35:
 1733 02ae 436F6E74 		.ascii	"Contrast\000"
 1733      72617374 
 1733      00
 1734              	.LASF36:
 1735 02b7 636C6970 		.ascii	"clipx0\000"
 1735      783000
 1736              	.LASF46:
 1737 02be 66776964 		.ascii	"fwidth\000"
 1737      746800
 1738              	.LASF44:
 1739 02c5 69746572 		.ascii	"iter\000"
 1739      00
 1740              	.LASF52:
 1741 02ca 49544D5F 		.ascii	"ITM_RxBuffer\000"
 1741      52784275 
 1741      66666572 
 1741      00
 1742              	.LASF26:
 1743 02d7 706F7765 		.ascii	"powerSleep\000"
 1743      72536C65 
 1743      657000
 1744              	.LASF20:
 1745 02e2 47444953 		.ascii	"GDISP_ROTATE_180\000"
 1745      505F524F 
 1745      54415445 
 1745      5F313830 
 1745      00
ARM GAS  /tmp/ccLprado.s 			page 34


 1746              		.ident	"GCC: (GNU Tools for ARM Embedded Processors) 4.7.4 20130613 (release) [ARM/embedded-4_7-br
ARM GAS  /tmp/ccLprado.s 			page 35


DEFINED SYMBOLS
                            *ABS*:00000000 main.c
     /tmp/ccLprado.s:21     .text.mandelbrot:00000000 $t
     /tmp/ccLprado.s:27     .text.mandelbrot:00000000 mandelbrot
     /tmp/ccLprado.s:233    .text.mandelbrot:00000130 $d
     /tmp/ccLprado.s:239    .text.startup.main:00000000 $t
     /tmp/ccLprado.s:245    .text.startup.main:00000000 main
     /tmp/ccLprado.s:311    .text.startup.main:00000070 $d
                     .debug_frame:00000010 $d
     /tmp/ccLprado.s:238    .text.mandelbrot:00000138 $t

UNDEFINED SYMBOLS
gdisp_lld_draw_pixel
GDISP
halInit
chSysInit
gdispInit
