ARM GAS  /tmp/ccw5Rto3.s 			page 1


   1              		.syntax unified
   2              		.cpu cortex-m4
   3              		.eabi_attribute 27, 3
   4              		.eabi_attribute 28, 1
   5              		.fpu fpv4-sp-d16
   6              		.eabi_attribute 20, 1
   7              		.eabi_attribute 21, 1
   8              		.eabi_attribute 23, 3
   9              		.eabi_attribute 24, 1
  10              		.eabi_attribute 25, 1
  11              		.eabi_attribute 26, 1
  12              		.eabi_attribute 30, 2
  13              		.eabi_attribute 34, 1
  14              		.eabi_attribute 18, 4
  15              		.thumb
  16              		.file	"pal.c"
  17              		.text
  18              	.Ltext0:
  19              		.cfi_sections	.debug_frame
  20              		.section	.text.palReadBus,"ax",%progbits
  21              		.align	2
  22              		.p2align 4,,15
  23              		.global	palReadBus
  24              		.thumb
  25              		.thumb_func
  26              		.type	palReadBus, %function
  27              	palReadBus:
  28              	.LFB118:
  29              		.file 1 "../../os/hal/src/pal.c"
  30              		.loc 1 69 0
  31              		.cfi_startproc
  32              		@ args = 0, pretend = 0, frame = 0
  33              		@ frame_needed = 0, uses_anonymous_args = 0
  34              		@ link register save eliminated.
  35              	.LVL0:
  36              		.loc 1 74 0
  37 0000 0368     		ldr	r3, [r0, #0]
  38 0002 8268     		ldr	r2, [r0, #8]
  39 0004 1969     		ldr	r1, [r3, #16]
  40 0006 4368     		ldr	r3, [r0, #4]
  41 0008 21FA02F0 		lsr	r0, r1, r2
  42              	.LVL1:
  43              		.loc 1 75 0
  44 000c 1840     		ands	r0, r0, r3
  45 000e 7047     		bx	lr
  46              		.cfi_endproc
  47              	.LFE118:
  48              		.size	palReadBus, .-palReadBus
  49              		.section	.text.palWriteBus,"ax",%progbits
  50              		.align	2
  51              		.p2align 4,,15
  52              		.global	palWriteBus
  53              		.thumb
  54              		.thumb_func
  55              		.type	palWriteBus, %function
  56              	palWriteBus:
  57              	.LFB119:
ARM GAS  /tmp/ccw5Rto3.s 			page 2


  58              		.loc 1 94 0
  59              		.cfi_startproc
  60              		@ args = 0, pretend = 0, frame = 0
  61              		@ frame_needed = 0, uses_anonymous_args = 0
  62              		@ link register save eliminated.
  63              	.LVL2:
  64              		.loc 1 99 0
  65 0000 0DC8     		ldmia	r0, {r0, r2, r3}
  66              	.LVL3:
  67              		.loc 1 94 0
  68 0002 30B4     		push	{r4, r5}
  69              	.LCFI0:
  70              		.cfi_def_cfa_offset 8
  71              		.cfi_offset 4, -8
  72              		.cfi_offset 5, -4
  73              		.loc 1 99 0
  74 0004 22EA0105 		bic	r5, r2, r1
  75 0008 03F11004 		add	r4, r3, #16
  76 000c 0A40     		ands	r2, r2, r1
  77 000e 05FA04F4 		lsl	r4, r5, r4
  78 0012 02FA03F3 		lsl	r3, r2, r3
  79 0016 44EA0301 		orr	r1, r4, r3
  80              	.LVL4:
  81 001a 8161     		str	r1, [r0, #24]
  82              		.loc 1 100 0
  83 001c 30BC     		pop	{r4, r5}
  84 001e 7047     		bx	lr
  85              		.cfi_endproc
  86              	.LFE119:
  87              		.size	palWriteBus, .-palWriteBus
  88              		.section	.text.palSetBusMode,"ax",%progbits
  89              		.align	2
  90              		.p2align 4,,15
  91              		.global	palSetBusMode
  92              		.thumb
  93              		.thumb_func
  94              		.type	palSetBusMode, %function
  95              	palSetBusMode:
  96              	.LFB120:
  97              		.loc 1 117 0
  98              		.cfi_startproc
  99              		@ args = 0, pretend = 0, frame = 0
 100              		@ frame_needed = 0, uses_anonymous_args = 0
 101              		@ link register save eliminated.
 102              	.LVL5:
 103              		.loc 1 117 0
 104 0000 0A46     		mov	r2, r1
 105              		.loc 1 122 0
 106 0002 0BC8     		ldmia	r0, {r0, r1, r3}
 107              	.LVL6:
 108 0004 01FA03F1 		lsl	r1, r1, r3
 109              		.loc 1 123 0
 110              		.loc 1 122 0
 111 0008 FFF7FEBF 		b	_pal_lld_setgroupmode
 112              	.LVL7:
 113              		.cfi_endproc
 114              	.LFE120:
ARM GAS  /tmp/ccw5Rto3.s 			page 3


 115              		.size	palSetBusMode, .-palSetBusMode
 116 000c AFF30080 		.text
 117              	.Letext0:
 118              		.file 2 "/usr/bin/../lib/gcc/arm-none-eabi/4.7.4/../../../../arm-none-eabi/include/stdint.h"
 119              		.file 3 "../../os/hal/platforms/STM32/GPIOv2/pal_lld.h"
 120              		.file 4 "../../os/hal/include/pal.h"
 121              		.file 5 "../../os/ports/common/ARMCMx/CMSIS/include/core_cm4.h"
 122              		.section	.debug_info,"",%progbits
 123              	.Ldebug_info0:
 124 0000 E0020000 		.4byte	0x2e0
 125 0004 0200     		.2byte	0x2
 126 0006 00000000 		.4byte	.Ldebug_abbrev0
 127 000a 04       		.byte	0x4
 128 000b 01       		.uleb128 0x1
 129 000c 3D010000 		.4byte	.LASF37
 130 0010 01       		.byte	0x1
 131 0011 AD000000 		.4byte	.LASF38
 132 0015 1C000000 		.4byte	.LASF39
 133 0019 00000000 		.4byte	.Ldebug_ranges0+0
 134 001d 00000000 		.4byte	0
 135 0021 00000000 		.4byte	0
 136 0025 00000000 		.4byte	.Ldebug_line0
 137 0029 02       		.uleb128 0x2
 138 002a 04       		.byte	0x4
 139 002b 05       		.byte	0x5
 140 002c 696E7400 		.ascii	"int\000"
 141 0030 03       		.uleb128 0x3
 142 0031 04       		.byte	0x4
 143 0032 07       		.byte	0x7
 144 0033 30010000 		.4byte	.LASF0
 145 0037 03       		.uleb128 0x3
 146 0038 01       		.byte	0x1
 147 0039 06       		.byte	0x6
 148 003a FE010000 		.4byte	.LASF1
 149 003e 03       		.uleb128 0x3
 150 003f 01       		.byte	0x1
 151 0040 08       		.byte	0x8
 152 0041 9F000000 		.4byte	.LASF2
 153 0045 03       		.uleb128 0x3
 154 0046 02       		.byte	0x2
 155 0047 05       		.byte	0x5
 156 0048 08010000 		.4byte	.LASF3
 157 004c 04       		.uleb128 0x4
 158 004d E3010000 		.4byte	.LASF5
 159 0051 02       		.byte	0x2
 160 0052 36       		.byte	0x36
 161 0053 57000000 		.4byte	0x57
 162 0057 03       		.uleb128 0x3
 163 0058 02       		.byte	0x2
 164 0059 07       		.byte	0x7
 165 005a D6000000 		.4byte	.LASF4
 166 005e 04       		.uleb128 0x4
 167 005f 9D010000 		.4byte	.LASF6
 168 0063 02       		.byte	0x2
 169 0064 4F       		.byte	0x4f
 170 0065 69000000 		.4byte	0x69
 171 0069 03       		.uleb128 0x3
ARM GAS  /tmp/ccw5Rto3.s 			page 4


 172 006a 04       		.byte	0x4
 173 006b 05       		.byte	0x5
 174 006c F5010000 		.4byte	.LASF7
 175 0070 04       		.uleb128 0x4
 176 0071 EC010000 		.4byte	.LASF8
 177 0075 02       		.byte	0x2
 178 0076 50       		.byte	0x50
 179 0077 7B000000 		.4byte	0x7b
 180 007b 03       		.uleb128 0x3
 181 007c 04       		.byte	0x4
 182 007d 07       		.byte	0x7
 183 007e C4000000 		.4byte	.LASF9
 184 0082 03       		.uleb128 0x3
 185 0083 08       		.byte	0x8
 186 0084 05       		.byte	0x5
 187 0085 B4010000 		.4byte	.LASF10
 188 0089 03       		.uleb128 0x3
 189 008a 08       		.byte	0x8
 190 008b 07       		.byte	0x7
 191 008c 10020000 		.4byte	.LASF11
 192 0090 04       		.uleb128 0x4
 193 0091 FB000000 		.4byte	.LASF12
 194 0095 02       		.byte	0x2
 195 0096 A0       		.byte	0xa0
 196 0097 30000000 		.4byte	0x30
 197 009b 03       		.uleb128 0x3
 198 009c 01       		.byte	0x1
 199 009d 02       		.byte	0x2
 200 009e 0A020000 		.4byte	.LASF13
 201 00a2 05       		.uleb128 0x5
 202 00a3 70000000 		.4byte	0x70
 203 00a7 03       		.uleb128 0x3
 204 00a8 04       		.byte	0x4
 205 00a9 07       		.byte	0x7
 206 00aa A5010000 		.4byte	.LASF14
 207 00ae 03       		.uleb128 0x3
 208 00af 01       		.byte	0x1
 209 00b0 08       		.byte	0x8
 210 00b1 93010000 		.4byte	.LASF15
 211 00b5 05       		.uleb128 0x5
 212 00b6 5E000000 		.4byte	0x5e
 213 00ba 06       		.uleb128 0x6
 214 00bb 04       		.byte	0x4
 215 00bc 03       		.byte	0x3
 216 00bd 96       		.byte	0x96
 217 00be DF000000 		.4byte	0xdf
 218 00c2 07       		.uleb128 0x7
 219 00c3 73657400 		.ascii	"set\000"
 220 00c7 03       		.byte	0x3
 221 00c8 97       		.byte	0x97
 222 00c9 4C000000 		.4byte	0x4c
 223 00cd 02       		.byte	0x2
 224 00ce 23       		.byte	0x23
 225 00cf 00       		.uleb128 0
 226 00d0 08       		.uleb128 0x8
 227 00d1 05000000 		.4byte	.LASF16
 228 00d5 03       		.byte	0x3
ARM GAS  /tmp/ccw5Rto3.s 			page 5


 229 00d6 98       		.byte	0x98
 230 00d7 4C000000 		.4byte	0x4c
 231 00db 02       		.byte	0x2
 232 00dc 23       		.byte	0x23
 233 00dd 02       		.uleb128 0x2
 234 00de 00       		.byte	0
 235 00df 09       		.uleb128 0x9
 236 00e0 04       		.byte	0x4
 237 00e1 03       		.byte	0x3
 238 00e2 94       		.byte	0x94
 239 00e3 FA000000 		.4byte	0xfa
 240 00e7 0A       		.uleb128 0xa
 241 00e8 5700     		.ascii	"W\000"
 242 00ea 03       		.byte	0x3
 243 00eb 95       		.byte	0x95
 244 00ec 70000000 		.4byte	0x70
 245 00f0 0A       		.uleb128 0xa
 246 00f1 4800     		.ascii	"H\000"
 247 00f3 03       		.byte	0x3
 248 00f4 99       		.byte	0x99
 249 00f5 BA000000 		.4byte	0xba
 250 00f9 00       		.byte	0
 251 00fa 06       		.uleb128 0x6
 252 00fb 28       		.byte	0x28
 253 00fc 03       		.byte	0x3
 254 00fd 8C       		.byte	0x8c
 255 00fe 8F010000 		.4byte	0x18f
 256 0102 08       		.uleb128 0x8
 257 0103 0B000000 		.4byte	.LASF17
 258 0107 03       		.byte	0x3
 259 0108 8E       		.byte	0x8e
 260 0109 A2000000 		.4byte	0xa2
 261 010d 02       		.byte	0x2
 262 010e 23       		.byte	0x23
 263 010f 00       		.uleb128 0
 264 0110 08       		.uleb128 0x8
 265 0111 8F000000 		.4byte	.LASF18
 266 0115 03       		.byte	0x3
 267 0116 8F       		.byte	0x8f
 268 0117 A2000000 		.4byte	0xa2
 269 011b 02       		.byte	0x2
 270 011c 23       		.byte	0x23
 271 011d 04       		.uleb128 0x4
 272 011e 08       		.uleb128 0x8
 273 011f 12010000 		.4byte	.LASF19
 274 0123 03       		.byte	0x3
 275 0124 90       		.byte	0x90
 276 0125 A2000000 		.4byte	0xa2
 277 0129 02       		.byte	0x2
 278 012a 23       		.byte	0x23
 279 012b 08       		.uleb128 0x8
 280 012c 08       		.uleb128 0x8
 281 012d AE010000 		.4byte	.LASF20
 282 0131 03       		.byte	0x3
 283 0132 91       		.byte	0x91
 284 0133 A2000000 		.4byte	0xa2
 285 0137 02       		.byte	0x2
ARM GAS  /tmp/ccw5Rto3.s 			page 6


 286 0138 23       		.byte	0x23
 287 0139 0C       		.uleb128 0xc
 288 013a 07       		.uleb128 0x7
 289 013b 49445200 		.ascii	"IDR\000"
 290 013f 03       		.byte	0x3
 291 0140 92       		.byte	0x92
 292 0141 A2000000 		.4byte	0xa2
 293 0145 02       		.byte	0x2
 294 0146 23       		.byte	0x23
 295 0147 10       		.uleb128 0x10
 296 0148 07       		.uleb128 0x7
 297 0149 4F445200 		.ascii	"ODR\000"
 298 014d 03       		.byte	0x3
 299 014e 93       		.byte	0x93
 300 014f A2000000 		.4byte	0xa2
 301 0153 02       		.byte	0x2
 302 0154 23       		.byte	0x23
 303 0155 14       		.uleb128 0x14
 304 0156 08       		.uleb128 0x8
 305 0157 5C000000 		.4byte	.LASF21
 306 015b 03       		.byte	0x3
 307 015c 9A       		.byte	0x9a
 308 015d 8F010000 		.4byte	0x18f
 309 0161 02       		.byte	0x2
 310 0162 23       		.byte	0x23
 311 0163 18       		.uleb128 0x18
 312 0164 08       		.uleb128 0x8
 313 0165 00000000 		.4byte	.LASF22
 314 0169 03       		.byte	0x3
 315 016a 9B       		.byte	0x9b
 316 016b A2000000 		.4byte	0xa2
 317 016f 02       		.byte	0x2
 318 0170 23       		.byte	0x23
 319 0171 1C       		.uleb128 0x1c
 320 0172 08       		.uleb128 0x8
 321 0173 E9000000 		.4byte	.LASF23
 322 0177 03       		.byte	0x3
 323 0178 9C       		.byte	0x9c
 324 0179 A2000000 		.4byte	0xa2
 325 017d 02       		.byte	0x2
 326 017e 23       		.byte	0x23
 327 017f 20       		.uleb128 0x20
 328 0180 08       		.uleb128 0x8
 329 0181 D3010000 		.4byte	.LASF24
 330 0185 03       		.byte	0x3
 331 0186 9D       		.byte	0x9d
 332 0187 A2000000 		.4byte	0xa2
 333 018b 02       		.byte	0x2
 334 018c 23       		.byte	0x23
 335 018d 24       		.uleb128 0x24
 336 018e 00       		.byte	0
 337 018f 05       		.uleb128 0x5
 338 0190 DF000000 		.4byte	0xdf
 339 0194 04       		.uleb128 0x4
 340 0195 86010000 		.4byte	.LASF25
 341 0199 03       		.byte	0x3
 342 019a 9E       		.byte	0x9e
ARM GAS  /tmp/ccw5Rto3.s 			page 7


 343 019b FA000000 		.4byte	0xfa
 344 019f 04       		.uleb128 0x4
 345 01a0 82000000 		.4byte	.LASF26
 346 01a4 03       		.byte	0x3
 347 01a5 E8       		.byte	0xe8
 348 01a6 70000000 		.4byte	0x70
 349 01aa 04       		.uleb128 0x4
 350 01ab 96000000 		.4byte	.LASF27
 351 01af 03       		.byte	0x3
 352 01b0 ED       		.byte	0xed
 353 01b1 70000000 		.4byte	0x70
 354 01b5 04       		.uleb128 0x4
 355 01b6 D8010000 		.4byte	.LASF28
 356 01ba 03       		.byte	0x3
 357 01bb F5       		.byte	0xf5
 358 01bc C0010000 		.4byte	0x1c0
 359 01c0 0B       		.uleb128 0xb
 360 01c1 04       		.byte	0x4
 361 01c2 94010000 		.4byte	0x194
 362 01c6 06       		.uleb128 0x6
 363 01c7 0C       		.byte	0xc
 364 01c8 04       		.byte	0x4
 365 01c9 7E       		.byte	0x7e
 366 01ca F9010000 		.4byte	0x1f9
 367 01ce 08       		.uleb128 0x8
 368 01cf 7B000000 		.4byte	.LASF29
 369 01d3 04       		.byte	0x4
 370 01d4 82       		.byte	0x82
 371 01d5 B5010000 		.4byte	0x1b5
 372 01d9 02       		.byte	0x2
 373 01da 23       		.byte	0x23
 374 01db 00       		.uleb128 0
 375 01dc 08       		.uleb128 0x8
 376 01dd C2010000 		.4byte	.LASF30
 377 01e1 04       		.byte	0x4
 378 01e2 88       		.byte	0x88
 379 01e3 9F010000 		.4byte	0x19f
 380 01e7 02       		.byte	0x2
 381 01e8 23       		.byte	0x23
 382 01e9 04       		.uleb128 0x4
 383 01ea 08       		.uleb128 0x8
 384 01eb CC010000 		.4byte	.LASF31
 385 01ef 04       		.byte	0x4
 386 01f0 8C       		.byte	0x8c
 387 01f1 90000000 		.4byte	0x90
 388 01f5 02       		.byte	0x2
 389 01f6 23       		.byte	0x23
 390 01f7 08       		.uleb128 0x8
 391 01f8 00       		.byte	0
 392 01f9 04       		.uleb128 0x4
 393 01fa 27020000 		.4byte	.LASF32
 394 01fe 04       		.byte	0x4
 395 01ff 8D       		.byte	0x8d
 396 0200 C6010000 		.4byte	0x1c6
 397 0204 0C       		.uleb128 0xc
 398 0205 01       		.byte	0x1
 399 0206 11000000 		.4byte	.LASF40
ARM GAS  /tmp/ccw5Rto3.s 			page 8


 400 020a 01       		.byte	0x1
 401 020b 45       		.byte	0x45
 402 020c 01       		.byte	0x1
 403 020d 9F010000 		.4byte	0x19f
 404 0211 00000000 		.4byte	.LFB118
 405 0215 10000000 		.4byte	.LFE118
 406 0219 02       		.byte	0x2
 407 021a 7D       		.byte	0x7d
 408 021b 00       		.sleb128 0
 409 021c 01       		.byte	0x1
 410 021d 31020000 		.4byte	0x231
 411 0221 0D       		.uleb128 0xd
 412 0222 62757300 		.ascii	"bus\000"
 413 0226 01       		.byte	0x1
 414 0227 45       		.byte	0x45
 415 0228 31020000 		.4byte	0x231
 416 022c 00000000 		.4byte	.LLST0
 417 0230 00       		.byte	0
 418 0231 0B       		.uleb128 0xb
 419 0232 04       		.byte	0x4
 420 0233 F9010000 		.4byte	0x1f9
 421 0237 0E       		.uleb128 0xe
 422 0238 01       		.byte	0x1
 423 0239 61000000 		.4byte	.LASF34
 424 023d 01       		.byte	0x1
 425 023e 5E       		.byte	0x5e
 426 023f 01       		.byte	0x1
 427 0240 00000000 		.4byte	.LFB119
 428 0244 20000000 		.4byte	.LFE119
 429 0248 21000000 		.4byte	.LLST1
 430 024c 01       		.byte	0x1
 431 024d 70020000 		.4byte	0x270
 432 0251 0D       		.uleb128 0xd
 433 0252 62757300 		.ascii	"bus\000"
 434 0256 01       		.byte	0x1
 435 0257 5E       		.byte	0x5e
 436 0258 31020000 		.4byte	0x231
 437 025c 41000000 		.4byte	.LLST2
 438 0260 0F       		.uleb128 0xf
 439 0261 C7010000 		.4byte	.LASF33
 440 0265 01       		.byte	0x1
 441 0266 5E       		.byte	0x5e
 442 0267 9F010000 		.4byte	0x19f
 443 026b 62000000 		.4byte	.LLST3
 444 026f 00       		.byte	0
 445 0270 10       		.uleb128 0x10
 446 0271 01       		.byte	0x1
 447 0272 6D000000 		.4byte	.LASF35
 448 0276 01       		.byte	0x1
 449 0277 75       		.byte	0x75
 450 0278 01       		.byte	0x1
 451 0279 00000000 		.4byte	.LFB120
 452 027d 0C000000 		.4byte	.LFE120
 453 0281 02       		.byte	0x2
 454 0282 7D       		.byte	0x7d
 455 0283 00       		.sleb128 0
 456 0284 01       		.byte	0x1
ARM GAS  /tmp/ccw5Rto3.s 			page 9


 457 0285 BA020000 		.4byte	0x2ba
 458 0289 0D       		.uleb128 0xd
 459 028a 62757300 		.ascii	"bus\000"
 460 028e 01       		.byte	0x1
 461 028f 75       		.byte	0x75
 462 0290 31020000 		.4byte	0x231
 463 0294 83000000 		.4byte	.LLST4
 464 0298 0F       		.uleb128 0xf
 465 0299 98010000 		.4byte	.LASF36
 466 029d 01       		.byte	0x1
 467 029e 75       		.byte	0x75
 468 029f AA010000 		.4byte	0x1aa
 469 02a3 A4000000 		.4byte	.LLST5
 470 02a7 11       		.uleb128 0x11
 471 02a8 0C000000 		.4byte	.LVL7
 472 02ac 01       		.byte	0x1
 473 02ad C8020000 		.4byte	0x2c8
 474 02b1 12       		.uleb128 0x12
 475 02b2 01       		.byte	0x1
 476 02b3 52       		.byte	0x52
 477 02b4 03       		.byte	0x3
 478 02b5 F3       		.byte	0xf3
 479 02b6 01       		.uleb128 0x1
 480 02b7 51       		.byte	0x51
 481 02b8 00       		.byte	0
 482 02b9 00       		.byte	0
 483 02ba 13       		.uleb128 0x13
 484 02bb EE000000 		.4byte	.LASF41
 485 02bf 05       		.byte	0x5
 486 02c0 9806     		.2byte	0x698
 487 02c2 B5000000 		.4byte	0xb5
 488 02c6 01       		.byte	0x1
 489 02c7 01       		.byte	0x1
 490 02c8 14       		.uleb128 0x14
 491 02c9 01       		.byte	0x1
 492 02ca 1A010000 		.4byte	.LASF42
 493 02ce 03       		.byte	0x3
 494 02cf BA01     		.2byte	0x1ba
 495 02d1 01       		.byte	0x1
 496 02d2 01       		.byte	0x1
 497 02d3 15       		.uleb128 0x15
 498 02d4 B5010000 		.4byte	0x1b5
 499 02d8 15       		.uleb128 0x15
 500 02d9 9F010000 		.4byte	0x19f
 501 02dd 15       		.uleb128 0x15
 502 02de AA010000 		.4byte	0x1aa
 503 02e2 00       		.byte	0
 504 02e3 00       		.byte	0
 505              		.section	.debug_abbrev,"",%progbits
 506              	.Ldebug_abbrev0:
 507 0000 01       		.uleb128 0x1
 508 0001 11       		.uleb128 0x11
 509 0002 01       		.byte	0x1
 510 0003 25       		.uleb128 0x25
 511 0004 0E       		.uleb128 0xe
 512 0005 13       		.uleb128 0x13
 513 0006 0B       		.uleb128 0xb
ARM GAS  /tmp/ccw5Rto3.s 			page 10


 514 0007 03       		.uleb128 0x3
 515 0008 0E       		.uleb128 0xe
 516 0009 1B       		.uleb128 0x1b
 517 000a 0E       		.uleb128 0xe
 518 000b 55       		.uleb128 0x55
 519 000c 06       		.uleb128 0x6
 520 000d 11       		.uleb128 0x11
 521 000e 01       		.uleb128 0x1
 522 000f 52       		.uleb128 0x52
 523 0010 01       		.uleb128 0x1
 524 0011 10       		.uleb128 0x10
 525 0012 06       		.uleb128 0x6
 526 0013 00       		.byte	0
 527 0014 00       		.byte	0
 528 0015 02       		.uleb128 0x2
 529 0016 24       		.uleb128 0x24
 530 0017 00       		.byte	0
 531 0018 0B       		.uleb128 0xb
 532 0019 0B       		.uleb128 0xb
 533 001a 3E       		.uleb128 0x3e
 534 001b 0B       		.uleb128 0xb
 535 001c 03       		.uleb128 0x3
 536 001d 08       		.uleb128 0x8
 537 001e 00       		.byte	0
 538 001f 00       		.byte	0
 539 0020 03       		.uleb128 0x3
 540 0021 24       		.uleb128 0x24
 541 0022 00       		.byte	0
 542 0023 0B       		.uleb128 0xb
 543 0024 0B       		.uleb128 0xb
 544 0025 3E       		.uleb128 0x3e
 545 0026 0B       		.uleb128 0xb
 546 0027 03       		.uleb128 0x3
 547 0028 0E       		.uleb128 0xe
 548 0029 00       		.byte	0
 549 002a 00       		.byte	0
 550 002b 04       		.uleb128 0x4
 551 002c 16       		.uleb128 0x16
 552 002d 00       		.byte	0
 553 002e 03       		.uleb128 0x3
 554 002f 0E       		.uleb128 0xe
 555 0030 3A       		.uleb128 0x3a
 556 0031 0B       		.uleb128 0xb
 557 0032 3B       		.uleb128 0x3b
 558 0033 0B       		.uleb128 0xb
 559 0034 49       		.uleb128 0x49
 560 0035 13       		.uleb128 0x13
 561 0036 00       		.byte	0
 562 0037 00       		.byte	0
 563 0038 05       		.uleb128 0x5
 564 0039 35       		.uleb128 0x35
 565 003a 00       		.byte	0
 566 003b 49       		.uleb128 0x49
 567 003c 13       		.uleb128 0x13
 568 003d 00       		.byte	0
 569 003e 00       		.byte	0
 570 003f 06       		.uleb128 0x6
ARM GAS  /tmp/ccw5Rto3.s 			page 11


 571 0040 13       		.uleb128 0x13
 572 0041 01       		.byte	0x1
 573 0042 0B       		.uleb128 0xb
 574 0043 0B       		.uleb128 0xb
 575 0044 3A       		.uleb128 0x3a
 576 0045 0B       		.uleb128 0xb
 577 0046 3B       		.uleb128 0x3b
 578 0047 0B       		.uleb128 0xb
 579 0048 01       		.uleb128 0x1
 580 0049 13       		.uleb128 0x13
 581 004a 00       		.byte	0
 582 004b 00       		.byte	0
 583 004c 07       		.uleb128 0x7
 584 004d 0D       		.uleb128 0xd
 585 004e 00       		.byte	0
 586 004f 03       		.uleb128 0x3
 587 0050 08       		.uleb128 0x8
 588 0051 3A       		.uleb128 0x3a
 589 0052 0B       		.uleb128 0xb
 590 0053 3B       		.uleb128 0x3b
 591 0054 0B       		.uleb128 0xb
 592 0055 49       		.uleb128 0x49
 593 0056 13       		.uleb128 0x13
 594 0057 38       		.uleb128 0x38
 595 0058 0A       		.uleb128 0xa
 596 0059 00       		.byte	0
 597 005a 00       		.byte	0
 598 005b 08       		.uleb128 0x8
 599 005c 0D       		.uleb128 0xd
 600 005d 00       		.byte	0
 601 005e 03       		.uleb128 0x3
 602 005f 0E       		.uleb128 0xe
 603 0060 3A       		.uleb128 0x3a
 604 0061 0B       		.uleb128 0xb
 605 0062 3B       		.uleb128 0x3b
 606 0063 0B       		.uleb128 0xb
 607 0064 49       		.uleb128 0x49
 608 0065 13       		.uleb128 0x13
 609 0066 38       		.uleb128 0x38
 610 0067 0A       		.uleb128 0xa
 611 0068 00       		.byte	0
 612 0069 00       		.byte	0
 613 006a 09       		.uleb128 0x9
 614 006b 17       		.uleb128 0x17
 615 006c 01       		.byte	0x1
 616 006d 0B       		.uleb128 0xb
 617 006e 0B       		.uleb128 0xb
 618 006f 3A       		.uleb128 0x3a
 619 0070 0B       		.uleb128 0xb
 620 0071 3B       		.uleb128 0x3b
 621 0072 0B       		.uleb128 0xb
 622 0073 01       		.uleb128 0x1
 623 0074 13       		.uleb128 0x13
 624 0075 00       		.byte	0
 625 0076 00       		.byte	0
 626 0077 0A       		.uleb128 0xa
 627 0078 0D       		.uleb128 0xd
ARM GAS  /tmp/ccw5Rto3.s 			page 12


 628 0079 00       		.byte	0
 629 007a 03       		.uleb128 0x3
 630 007b 08       		.uleb128 0x8
 631 007c 3A       		.uleb128 0x3a
 632 007d 0B       		.uleb128 0xb
 633 007e 3B       		.uleb128 0x3b
 634 007f 0B       		.uleb128 0xb
 635 0080 49       		.uleb128 0x49
 636 0081 13       		.uleb128 0x13
 637 0082 00       		.byte	0
 638 0083 00       		.byte	0
 639 0084 0B       		.uleb128 0xb
 640 0085 0F       		.uleb128 0xf
 641 0086 00       		.byte	0
 642 0087 0B       		.uleb128 0xb
 643 0088 0B       		.uleb128 0xb
 644 0089 49       		.uleb128 0x49
 645 008a 13       		.uleb128 0x13
 646 008b 00       		.byte	0
 647 008c 00       		.byte	0
 648 008d 0C       		.uleb128 0xc
 649 008e 2E       		.uleb128 0x2e
 650 008f 01       		.byte	0x1
 651 0090 3F       		.uleb128 0x3f
 652 0091 0C       		.uleb128 0xc
 653 0092 03       		.uleb128 0x3
 654 0093 0E       		.uleb128 0xe
 655 0094 3A       		.uleb128 0x3a
 656 0095 0B       		.uleb128 0xb
 657 0096 3B       		.uleb128 0x3b
 658 0097 0B       		.uleb128 0xb
 659 0098 27       		.uleb128 0x27
 660 0099 0C       		.uleb128 0xc
 661 009a 49       		.uleb128 0x49
 662 009b 13       		.uleb128 0x13
 663 009c 11       		.uleb128 0x11
 664 009d 01       		.uleb128 0x1
 665 009e 12       		.uleb128 0x12
 666 009f 01       		.uleb128 0x1
 667 00a0 40       		.uleb128 0x40
 668 00a1 0A       		.uleb128 0xa
 669 00a2 9742     		.uleb128 0x2117
 670 00a4 0C       		.uleb128 0xc
 671 00a5 01       		.uleb128 0x1
 672 00a6 13       		.uleb128 0x13
 673 00a7 00       		.byte	0
 674 00a8 00       		.byte	0
 675 00a9 0D       		.uleb128 0xd
 676 00aa 05       		.uleb128 0x5
 677 00ab 00       		.byte	0
 678 00ac 03       		.uleb128 0x3
 679 00ad 08       		.uleb128 0x8
 680 00ae 3A       		.uleb128 0x3a
 681 00af 0B       		.uleb128 0xb
 682 00b0 3B       		.uleb128 0x3b
 683 00b1 0B       		.uleb128 0xb
 684 00b2 49       		.uleb128 0x49
ARM GAS  /tmp/ccw5Rto3.s 			page 13


 685 00b3 13       		.uleb128 0x13
 686 00b4 02       		.uleb128 0x2
 687 00b5 06       		.uleb128 0x6
 688 00b6 00       		.byte	0
 689 00b7 00       		.byte	0
 690 00b8 0E       		.uleb128 0xe
 691 00b9 2E       		.uleb128 0x2e
 692 00ba 01       		.byte	0x1
 693 00bb 3F       		.uleb128 0x3f
 694 00bc 0C       		.uleb128 0xc
 695 00bd 03       		.uleb128 0x3
 696 00be 0E       		.uleb128 0xe
 697 00bf 3A       		.uleb128 0x3a
 698 00c0 0B       		.uleb128 0xb
 699 00c1 3B       		.uleb128 0x3b
 700 00c2 0B       		.uleb128 0xb
 701 00c3 27       		.uleb128 0x27
 702 00c4 0C       		.uleb128 0xc
 703 00c5 11       		.uleb128 0x11
 704 00c6 01       		.uleb128 0x1
 705 00c7 12       		.uleb128 0x12
 706 00c8 01       		.uleb128 0x1
 707 00c9 40       		.uleb128 0x40
 708 00ca 06       		.uleb128 0x6
 709 00cb 9742     		.uleb128 0x2117
 710 00cd 0C       		.uleb128 0xc
 711 00ce 01       		.uleb128 0x1
 712 00cf 13       		.uleb128 0x13
 713 00d0 00       		.byte	0
 714 00d1 00       		.byte	0
 715 00d2 0F       		.uleb128 0xf
 716 00d3 05       		.uleb128 0x5
 717 00d4 00       		.byte	0
 718 00d5 03       		.uleb128 0x3
 719 00d6 0E       		.uleb128 0xe
 720 00d7 3A       		.uleb128 0x3a
 721 00d8 0B       		.uleb128 0xb
 722 00d9 3B       		.uleb128 0x3b
 723 00da 0B       		.uleb128 0xb
 724 00db 49       		.uleb128 0x49
 725 00dc 13       		.uleb128 0x13
 726 00dd 02       		.uleb128 0x2
 727 00de 06       		.uleb128 0x6
 728 00df 00       		.byte	0
 729 00e0 00       		.byte	0
 730 00e1 10       		.uleb128 0x10
 731 00e2 2E       		.uleb128 0x2e
 732 00e3 01       		.byte	0x1
 733 00e4 3F       		.uleb128 0x3f
 734 00e5 0C       		.uleb128 0xc
 735 00e6 03       		.uleb128 0x3
 736 00e7 0E       		.uleb128 0xe
 737 00e8 3A       		.uleb128 0x3a
 738 00e9 0B       		.uleb128 0xb
 739 00ea 3B       		.uleb128 0x3b
 740 00eb 0B       		.uleb128 0xb
 741 00ec 27       		.uleb128 0x27
ARM GAS  /tmp/ccw5Rto3.s 			page 14


 742 00ed 0C       		.uleb128 0xc
 743 00ee 11       		.uleb128 0x11
 744 00ef 01       		.uleb128 0x1
 745 00f0 12       		.uleb128 0x12
 746 00f1 01       		.uleb128 0x1
 747 00f2 40       		.uleb128 0x40
 748 00f3 0A       		.uleb128 0xa
 749 00f4 9742     		.uleb128 0x2117
 750 00f6 0C       		.uleb128 0xc
 751 00f7 01       		.uleb128 0x1
 752 00f8 13       		.uleb128 0x13
 753 00f9 00       		.byte	0
 754 00fa 00       		.byte	0
 755 00fb 11       		.uleb128 0x11
 756 00fc 898201   		.uleb128 0x4109
 757 00ff 01       		.byte	0x1
 758 0100 11       		.uleb128 0x11
 759 0101 01       		.uleb128 0x1
 760 0102 9542     		.uleb128 0x2115
 761 0104 0C       		.uleb128 0xc
 762 0105 31       		.uleb128 0x31
 763 0106 13       		.uleb128 0x13
 764 0107 00       		.byte	0
 765 0108 00       		.byte	0
 766 0109 12       		.uleb128 0x12
 767 010a 8A8201   		.uleb128 0x410a
 768 010d 00       		.byte	0
 769 010e 02       		.uleb128 0x2
 770 010f 0A       		.uleb128 0xa
 771 0110 9142     		.uleb128 0x2111
 772 0112 0A       		.uleb128 0xa
 773 0113 00       		.byte	0
 774 0114 00       		.byte	0
 775 0115 13       		.uleb128 0x13
 776 0116 34       		.uleb128 0x34
 777 0117 00       		.byte	0
 778 0118 03       		.uleb128 0x3
 779 0119 0E       		.uleb128 0xe
 780 011a 3A       		.uleb128 0x3a
 781 011b 0B       		.uleb128 0xb
 782 011c 3B       		.uleb128 0x3b
 783 011d 05       		.uleb128 0x5
 784 011e 49       		.uleb128 0x49
 785 011f 13       		.uleb128 0x13
 786 0120 3F       		.uleb128 0x3f
 787 0121 0C       		.uleb128 0xc
 788 0122 3C       		.uleb128 0x3c
 789 0123 0C       		.uleb128 0xc
 790 0124 00       		.byte	0
 791 0125 00       		.byte	0
 792 0126 14       		.uleb128 0x14
 793 0127 2E       		.uleb128 0x2e
 794 0128 01       		.byte	0x1
 795 0129 3F       		.uleb128 0x3f
 796 012a 0C       		.uleb128 0xc
 797 012b 03       		.uleb128 0x3
 798 012c 0E       		.uleb128 0xe
ARM GAS  /tmp/ccw5Rto3.s 			page 15


 799 012d 3A       		.uleb128 0x3a
 800 012e 0B       		.uleb128 0xb
 801 012f 3B       		.uleb128 0x3b
 802 0130 05       		.uleb128 0x5
 803 0131 27       		.uleb128 0x27
 804 0132 0C       		.uleb128 0xc
 805 0133 3C       		.uleb128 0x3c
 806 0134 0C       		.uleb128 0xc
 807 0135 00       		.byte	0
 808 0136 00       		.byte	0
 809 0137 15       		.uleb128 0x15
 810 0138 05       		.uleb128 0x5
 811 0139 00       		.byte	0
 812 013a 49       		.uleb128 0x49
 813 013b 13       		.uleb128 0x13
 814 013c 00       		.byte	0
 815 013d 00       		.byte	0
 816 013e 00       		.byte	0
 817              		.section	.debug_loc,"",%progbits
 818              	.Ldebug_loc0:
 819              	.LLST0:
 820 0000 00000000 		.4byte	.LVL0
 821 0004 0C000000 		.4byte	.LVL1
 822 0008 0100     		.2byte	0x1
 823 000a 50       		.byte	0x50
 824 000b 0C000000 		.4byte	.LVL1
 825 000f 10000000 		.4byte	.LFE118
 826 0013 0400     		.2byte	0x4
 827 0015 F3       		.byte	0xf3
 828 0016 01       		.uleb128 0x1
 829 0017 50       		.byte	0x50
 830 0018 9F       		.byte	0x9f
 831 0019 00000000 		.4byte	0
 832 001d 00000000 		.4byte	0
 833              	.LLST1:
 834 0021 00000000 		.4byte	.LFB119
 835 0025 04000000 		.4byte	.LCFI0
 836 0029 0200     		.2byte	0x2
 837 002b 7D       		.byte	0x7d
 838 002c 00       		.sleb128 0
 839 002d 04000000 		.4byte	.LCFI0
 840 0031 20000000 		.4byte	.LFE119
 841 0035 0200     		.2byte	0x2
 842 0037 7D       		.byte	0x7d
 843 0038 08       		.sleb128 8
 844 0039 00000000 		.4byte	0
 845 003d 00000000 		.4byte	0
 846              	.LLST2:
 847 0041 00000000 		.4byte	.LVL2
 848 0045 02000000 		.4byte	.LVL3
 849 0049 0100     		.2byte	0x1
 850 004b 50       		.byte	0x50
 851 004c 02000000 		.4byte	.LVL3
 852 0050 20000000 		.4byte	.LFE119
 853 0054 0400     		.2byte	0x4
 854 0056 F3       		.byte	0xf3
 855 0057 01       		.uleb128 0x1
ARM GAS  /tmp/ccw5Rto3.s 			page 16


 856 0058 50       		.byte	0x50
 857 0059 9F       		.byte	0x9f
 858 005a 00000000 		.4byte	0
 859 005e 00000000 		.4byte	0
 860              	.LLST3:
 861 0062 00000000 		.4byte	.LVL2
 862 0066 1A000000 		.4byte	.LVL4
 863 006a 0100     		.2byte	0x1
 864 006c 51       		.byte	0x51
 865 006d 1A000000 		.4byte	.LVL4
 866 0071 20000000 		.4byte	.LFE119
 867 0075 0400     		.2byte	0x4
 868 0077 F3       		.byte	0xf3
 869 0078 01       		.uleb128 0x1
 870 0079 51       		.byte	0x51
 871 007a 9F       		.byte	0x9f
 872 007b 00000000 		.4byte	0
 873 007f 00000000 		.4byte	0
 874              	.LLST4:
 875 0083 00000000 		.4byte	.LVL5
 876 0087 04000000 		.4byte	.LVL6
 877 008b 0100     		.2byte	0x1
 878 008d 50       		.byte	0x50
 879 008e 04000000 		.4byte	.LVL6
 880 0092 0C000000 		.4byte	.LFE120
 881 0096 0400     		.2byte	0x4
 882 0098 F3       		.byte	0xf3
 883 0099 01       		.uleb128 0x1
 884 009a 50       		.byte	0x50
 885 009b 9F       		.byte	0x9f
 886 009c 00000000 		.4byte	0
 887 00a0 00000000 		.4byte	0
 888              	.LLST5:
 889 00a4 00000000 		.4byte	.LVL5
 890 00a8 04000000 		.4byte	.LVL6
 891 00ac 0100     		.2byte	0x1
 892 00ae 51       		.byte	0x51
 893 00af 04000000 		.4byte	.LVL6
 894 00b3 0B000000 		.4byte	.LVL7-1
 895 00b7 0100     		.2byte	0x1
 896 00b9 52       		.byte	0x52
 897 00ba 0B000000 		.4byte	.LVL7-1
 898 00be 0C000000 		.4byte	.LFE120
 899 00c2 0400     		.2byte	0x4
 900 00c4 F3       		.byte	0xf3
 901 00c5 01       		.uleb128 0x1
 902 00c6 51       		.byte	0x51
 903 00c7 9F       		.byte	0x9f
 904 00c8 00000000 		.4byte	0
 905 00cc 00000000 		.4byte	0
 906              		.section	.debug_aranges,"",%progbits
 907 0000 2C000000 		.4byte	0x2c
 908 0004 0200     		.2byte	0x2
 909 0006 00000000 		.4byte	.Ldebug_info0
 910 000a 04       		.byte	0x4
 911 000b 00       		.byte	0
 912 000c 0000     		.2byte	0
ARM GAS  /tmp/ccw5Rto3.s 			page 17


 913 000e 0000     		.2byte	0
 914 0010 00000000 		.4byte	.LFB118
 915 0014 10000000 		.4byte	.LFE118-.LFB118
 916 0018 00000000 		.4byte	.LFB119
 917 001c 20000000 		.4byte	.LFE119-.LFB119
 918 0020 00000000 		.4byte	.LFB120
 919 0024 0C000000 		.4byte	.LFE120-.LFB120
 920 0028 00000000 		.4byte	0
 921 002c 00000000 		.4byte	0
 922              		.section	.debug_ranges,"",%progbits
 923              	.Ldebug_ranges0:
 924 0000 00000000 		.4byte	.LFB118
 925 0004 10000000 		.4byte	.LFE118
 926 0008 00000000 		.4byte	.LFB119
 927 000c 20000000 		.4byte	.LFE119
 928 0010 00000000 		.4byte	.LFB120
 929 0014 0C000000 		.4byte	.LFE120
 930 0018 00000000 		.4byte	0
 931 001c 00000000 		.4byte	0
 932              		.section	.debug_line,"",%progbits
 933              	.Ldebug_line0:
 934 0000 4B010000 		.section	.debug_str,"MS",%progbits,1
 934      02000B01 
 934      00000201 
 934      FB0E0D00 
 934      01010101 
 935              	.LASF22:
 936 0000 4C434B52 		.ascii	"LCKR\000"
 936      00
 937              	.LASF16:
 938 0005 636C6561 		.ascii	"clear\000"
 938      7200
 939              	.LASF17:
 940 000b 4D4F4445 		.ascii	"MODER\000"
 940      5200
 941              	.LASF40:
 942 0011 70616C52 		.ascii	"palReadBus\000"
 942      65616442 
 942      757300
 943              	.LASF39:
 944 001c 2F686F6D 		.ascii	"/home/witold/Dokumenty/arm/ChibiOS-master/demos/man"
 944      652F7769 
 944      746F6C64 
 944      2F446F6B 
 944      756D656E 
 945 004f 64656C62 		.ascii	"delbrot-FSMC\000"
 945      726F742D 
 945      46534D43 
 945      00
 946              	.LASF21:
 947 005c 42535252 		.ascii	"BSRR\000"
 947      00
 948              	.LASF34:
 949 0061 70616C57 		.ascii	"palWriteBus\000"
 949      72697465 
 949      42757300 
 950              	.LASF35:
ARM GAS  /tmp/ccw5Rto3.s 			page 18


 951 006d 70616C53 		.ascii	"palSetBusMode\000"
 951      65744275 
 951      734D6F64 
 951      6500
 952              	.LASF29:
 953 007b 706F7274 		.ascii	"portid\000"
 953      696400
 954              	.LASF26:
 955 0082 696F706F 		.ascii	"ioportmask_t\000"
 955      72746D61 
 955      736B5F74 
 955      00
 956              	.LASF18:
 957 008f 4F545950 		.ascii	"OTYPER\000"
 957      455200
 958              	.LASF27:
 959 0096 696F6D6F 		.ascii	"iomode_t\000"
 959      64655F74 
 959      00
 960              	.LASF2:
 961 009f 756E7369 		.ascii	"unsigned char\000"
 961      676E6564 
 961      20636861 
 961      7200
 962              	.LASF38:
 963 00ad 2E2E2F2E 		.ascii	"../../os/hal/src/pal.c\000"
 963      2E2F6F73 
 963      2F68616C 
 963      2F737263 
 963      2F70616C 
 964              	.LASF9:
 965 00c4 6C6F6E67 		.ascii	"long unsigned int\000"
 965      20756E73 
 965      69676E65 
 965      6420696E 
 965      7400
 966              	.LASF4:
 967 00d6 73686F72 		.ascii	"short unsigned int\000"
 967      7420756E 
 967      7369676E 
 967      65642069 
 967      6E7400
 968              	.LASF23:
 969 00e9 4146524C 		.ascii	"AFRL\000"
 969      00
 970              	.LASF41:
 971 00ee 49544D5F 		.ascii	"ITM_RxBuffer\000"
 971      52784275 
 971      66666572 
 971      00
 972              	.LASF12:
 973 00fb 75696E74 		.ascii	"uint_fast8_t\000"
 973      5F666173 
 973      74385F74 
 973      00
 974              	.LASF3:
 975 0108 73686F72 		.ascii	"short int\000"
ARM GAS  /tmp/ccw5Rto3.s 			page 19


 975      7420696E 
 975      7400
 976              	.LASF19:
 977 0112 4F535045 		.ascii	"OSPEEDR\000"
 977      45445200 
 978              	.LASF42:
 979 011a 5F70616C 		.ascii	"_pal_lld_setgroupmode\000"
 979      5F6C6C64 
 979      5F736574 
 979      67726F75 
 979      706D6F64 
 980              	.LASF0:
 981 0130 756E7369 		.ascii	"unsigned int\000"
 981      676E6564 
 981      20696E74 
 981      00
 982              	.LASF37:
 983 013d 474E5520 		.ascii	"GNU C 4.7.4 20130613 (release) [ARM/embedded-4_7-br"
 983      4320342E 
 983      372E3420 
 983      32303133 
 983      30363133 
 984 0170 616E6368 		.ascii	"anch revision 200083]\000"
 984      20726576 
 984      6973696F 
 984      6E203230 
 984      30303833 
 985              	.LASF25:
 986 0186 4750494F 		.ascii	"GPIO_TypeDef\000"
 986      5F547970 
 986      65446566 
 986      00
 987              	.LASF15:
 988 0193 63686172 		.ascii	"char\000"
 988      00
 989              	.LASF36:
 990 0198 6D6F6465 		.ascii	"mode\000"
 990      00
 991              	.LASF6:
 992 019d 696E7433 		.ascii	"int32_t\000"
 992      325F7400 
 993              	.LASF14:
 994 01a5 73697A65 		.ascii	"sizetype\000"
 994      74797065 
 994      00
 995              	.LASF20:
 996 01ae 50555044 		.ascii	"PUPDR\000"
 996      5200
 997              	.LASF10:
 998 01b4 6C6F6E67 		.ascii	"long long int\000"
 998      206C6F6E 
 998      6720696E 
 998      7400
 999              	.LASF30:
 1000 01c2 6D61736B 		.ascii	"mask\000"
 1000      00
 1001              	.LASF33:
ARM GAS  /tmp/ccw5Rto3.s 			page 20


 1002 01c7 62697473 		.ascii	"bits\000"
 1002      00
 1003              	.LASF31:
 1004 01cc 6F666673 		.ascii	"offset\000"
 1004      657400
 1005              	.LASF24:
 1006 01d3 41465248 		.ascii	"AFRH\000"
 1006      00
 1007              	.LASF28:
 1008 01d8 696F706F 		.ascii	"ioportid_t\000"
 1008      72746964 
 1008      5F7400
 1009              	.LASF5:
 1010 01e3 75696E74 		.ascii	"uint16_t\000"
 1010      31365F74 
 1010      00
 1011              	.LASF8:
 1012 01ec 75696E74 		.ascii	"uint32_t\000"
 1012      33325F74 
 1012      00
 1013              	.LASF7:
 1014 01f5 6C6F6E67 		.ascii	"long int\000"
 1014      20696E74 
 1014      00
 1015              	.LASF1:
 1016 01fe 7369676E 		.ascii	"signed char\000"
 1016      65642063 
 1016      68617200 
 1017              	.LASF13:
 1018 020a 5F426F6F 		.ascii	"_Bool\000"
 1018      6C00
 1019              	.LASF11:
 1020 0210 6C6F6E67 		.ascii	"long long unsigned int\000"
 1020      206C6F6E 
 1020      6720756E 
 1020      7369676E 
 1020      65642069 
 1021              	.LASF32:
 1022 0227 494F4275 		.ascii	"IOBus\000"
 1022      7300
 1023              		.ident	"GCC: (GNU Tools for ARM Embedded Processors) 4.7.4 20130613 (release) [ARM/embedded-4_7-br
ARM GAS  /tmp/ccw5Rto3.s 			page 21


DEFINED SYMBOLS
                            *ABS*:00000000 pal.c
     /tmp/ccw5Rto3.s:21     .text.palReadBus:00000000 $t
     /tmp/ccw5Rto3.s:27     .text.palReadBus:00000000 palReadBus
     /tmp/ccw5Rto3.s:50     .text.palWriteBus:00000000 $t
     /tmp/ccw5Rto3.s:56     .text.palWriteBus:00000000 palWriteBus
     /tmp/ccw5Rto3.s:89     .text.palSetBusMode:00000000 $t
     /tmp/ccw5Rto3.s:95     .text.palSetBusMode:00000000 palSetBusMode
                     .debug_frame:00000010 $d

UNDEFINED SYMBOLS
_pal_lld_setgroupmode
