ARM GAS  /tmp/cc70j1uN.s 			page 1


   1              		.syntax unified
   2              		.cpu cortex-m4
   3              		.eabi_attribute 27, 3
   4              		.eabi_attribute 28, 1
   5              		.fpu fpv4-sp-d16
   6              		.eabi_attribute 20, 1
   7              		.eabi_attribute 21, 1
   8              		.eabi_attribute 23, 3
   9              		.eabi_attribute 24, 1
  10              		.eabi_attribute 25, 1
  11              		.eabi_attribute 26, 1
  12              		.eabi_attribute 30, 2
  13              		.eabi_attribute 34, 1
  14              		.eabi_attribute 18, 4
  15              		.thumb
  16              		.file	"crt0.c"
  17              		.text
  18              	.Ltext0:
  19              		.cfi_sections	.debug_frame
  20              		.section	.text.__early_init,"ax",%progbits
  21              		.align	2
  22              		.p2align 4,,15
  23              		.weak	__early_init
  24              		.thumb
  25              		.thumb_func
  26              		.type	__early_init, %function
  27              	__early_init:
  28              	.LFB0:
  29              		.file 1 "../../os/ports/GCC/ARMCMx/crt0.c"
  30              		.loc 1 227 0
  31              		.cfi_startproc
  32              		@ args = 0, pretend = 0, frame = 0
  33              		@ frame_needed = 0, uses_anonymous_args = 0
  34              		@ link register save eliminated.
  35 0000 7047     		bx	lr
  36              		.cfi_endproc
  37              	.LFE0:
  38              		.size	__early_init, .-__early_init
  39 0002 00BFAFF3 		.section	.text.__late_init,"ax",%progbits
  39      0080AFF3 
  39      0080AFF3 
  39      0080
  40              		.align	2
  41              		.p2align 4,,15
  42              		.weak	__late_init
  43              		.thumb
  44              		.thumb_func
  45              		.type	__late_init, %function
  46              	__late_init:
  47              	.LFB1:
  48              		.loc 1 239 0
  49              		.cfi_startproc
  50              		@ args = 0, pretend = 0, frame = 0
  51              		@ frame_needed = 0, uses_anonymous_args = 0
  52              		@ link register save eliminated.
  53 0000 7047     		bx	lr
  54              		.cfi_endproc
ARM GAS  /tmp/cc70j1uN.s 			page 2


  55              	.LFE1:
  56              		.size	__late_init, .-__late_init
  57 0002 00BFAFF3 		.section	.text._default_exit,"ax",%progbits
  57      0080AFF3 
  57      0080AFF3 
  57      0080
  58              		.align	2
  59              		.p2align 4,,15
  60              		.weak	_default_exit
  61              		.thumb
  62              		.thumb_func
  63              		.type	_default_exit, %function
  64              	_default_exit:
  65              	.LFB2:
  66              		.loc 1 250 0
  67              		.cfi_startproc
  68              		@ Naked Function: prologue and epilogue provided by programmer.
  69              		@ args = 0, pretend = 0, frame = 0
  70              		@ frame_needed = 0, uses_anonymous_args = 0
  71              	.L4:
  72 0000 FEE7     		b	.L4
  73              		.cfi_endproc
  74              	.LFE2:
  75              		.size	_default_exit, .-_default_exit
  76 0002 00BFAFF3 		.section	.text.ResetHandler,"ax",%progbits
  76      0080AFF3 
  76      0080AFF3 
  76      0080
  77              		.align	2
  78              		.p2align 4,,15
  79              		.global	ResetHandler
  80              		.thumb
  81              		.thumb_func
  82              		.type	ResetHandler, %function
  83              	ResetHandler:
  84              	.LFB3:
  85              		.loc 1 261 0
  86              		.cfi_startproc
  87              		@ Naked Function: prologue and epilogue provided by programmer.
  88              		@ args = 0, pretend = 0, frame = 0
  89              		@ frame_needed = 0, uses_anonymous_args = 0
  90              		.loc 1 267 0
  91              	@ 267 "../../os/ports/GCC/ARMCMx/crt0.c" 1
  92 0000 72B6     		cpsid   i
  93              	@ 0 "" 2
  94              		.loc 1 268 0
  95              		.thumb
  96 0002 704C     		ldr	r4, .L68
  97              	.LVL0:
  98              		.loc 1 269 0
  99              	@ 269 "../../os/ports/GCC/ARMCMx/crt0.c" 1
 100 0004 84F30988 		msr     PSP, r4
 101              	@ 0 "" 2
 102              		.loc 1 273 0
 103              		.thumb
 104 0008 4EF63472 		movw	r2, #61236
 105 000c CEF20002 		movt	r2, 57344
ARM GAS  /tmp/cc70j1uN.s 			page 3


 106              		.loc 1 276 0
 107 0010 4EF68853 		movw	r3, #60808
 108 0014 CEF20003 		movt	r3, 57344
 109              		.loc 1 273 0
 110 0018 4FF04041 		mov	r1, #-1073741824
 111 001c 1160     		str	r1, [r2, #0]
 112              		.loc 1 276 0
 113 001e 1868     		ldr	r0, [r3, #0]
 114 0020 40F47005 		orr	r5, r0, #15728640
 115 0024 1D60     		str	r5, [r3, #0]
 116              	.LVL1:
 117              		.loc 1 280 0
 118 0026 0022     		movs	r2, #0
 119              	@ 280 "../../os/ports/GCC/ARMCMx/crt0.c" 1
 120 0028 E1EE102A 		vmsr    FPSCR, r2
 121              	@ 0 "" 2
 122              		.loc 1 281 0
 123              		.thumb
 124 002c 4EF63C73 		movw	r3, #61244
 125 0030 CEF20003 		movt	r3, 57344
 126              		.loc 1 289 0
 127 0034 0621     		movs	r1, #6
 128              		.loc 1 281 0
 129 0036 1A60     		str	r2, [r3, #0]
 130              	.LVL2:
 131              		.loc 1 289 0
 132              	@ 289 "../../os/ports/GCC/ARMCMx/crt0.c" 1
 133 0038 81F31488 		msr     CONTROL, r1
 134              	@ 0 "" 2
 135              		.loc 1 290 0
 136              	@ 290 "../../os/ports/GCC/ARMCMx/crt0.c" 1
 137 003c BFF36F8F 		isb
 138              	@ 0 "" 2
 139              	.LVL3:
 140              		.thumb
 141              	.LBB2:
 142              		.loc 1 294 0
 143 0040 6148     		ldr	r0, .L68+4
 144 0042 624D     		ldr	r5, .L68+8
 145 0044 A842     		cmp	r0, r5
 146 0046 18D2     		bcs	.L10
 147              	.LBE2:
 148              	.LBB3:
 149              		.loc 1 261 0
 150 0048 EA1C     		adds	r2, r5, #3
 151 004a 051D     		adds	r5, r0, #4
 152 004c 531B     		subs	r3, r2, r5
 153 004e 23F00302 		bic	r2, r3, #3
 154 0052 0346     		mov	r3, r0
 155 0054 1018     		adds	r0, r2, r0
 156              	.LBE3:
 157              	.LBB4:
 158              		.loc 1 294 0
 159 0056 4FF05531 		mov	r1, #1431655765
 160 005a 8342     		cmp	r3, r0
 161 005c 1960     		str	r1, [r3, #0]
 162              	.LVL4:
ARM GAS  /tmp/cc70j1uN.s 			page 4


 163 005e C2F38002 		ubfx	r2, r2, #2, #1
 164 0062 0AD0     		beq	.L10
 165 0064 1AB1     		cbz	r2, .L9
 166 0066 8542     		cmp	r5, r0
 167 0068 2B46     		mov	r3, r5
 168 006a 2960     		str	r1, [r5, #0]
 169 006c 05D0     		beq	.L10
 170              	.L9:
 171 006e 1D1D     		adds	r5, r3, #4
 172              		.loc 1 294 0 is_stmt 0 discriminator 2
 173 0070 5960     		str	r1, [r3, #4]
 174 0072 0833     		adds	r3, r3, #8
 175 0074 8342     		cmp	r3, r0
 176 0076 6960     		str	r1, [r5, #4]
 177 0078 F9D1     		bne	.L9
 178              	.L10:
 179              	.LVL5:
 180              	.LBE4:
 181              	.LBB5:
 182              		.loc 1 297 0 is_stmt 1
 183 007a 5548     		ldr	r0, .L68+12
 184 007c A042     		cmp	r0, r4
 185 007e 18D2     		bcs	.L8
 186              	.LBE5:
 187              	.LBB6:
 188              		.loc 1 261 0
 189 0080 5449     		ldr	r1, .L68+16
 190 0082 041D     		adds	r4, r0, #4
 191 0084 0A1B     		subs	r2, r1, r4
 192 0086 22F00305 		bic	r5, r2, #3
 193 008a 0346     		mov	r3, r0
 194 008c 2818     		adds	r0, r5, r0
 195              	.LBE6:
 196              	.LBB7:
 197              		.loc 1 297 0
 198 008e 4FF05531 		mov	r1, #1431655765
 199 0092 8342     		cmp	r3, r0
 200 0094 1960     		str	r1, [r3, #0]
 201              	.LVL6:
 202 0096 C5F38002 		ubfx	r2, r5, #2, #1
 203 009a 0AD0     		beq	.L8
 204 009c 1AB1     		cbz	r2, .L13
 205 009e 8442     		cmp	r4, r0
 206 00a0 2346     		mov	r3, r4
 207 00a2 2160     		str	r1, [r4, #0]
 208 00a4 05D0     		beq	.L8
 209              	.L13:
 210 00a6 1D1D     		adds	r5, r3, #4
 211              		.loc 1 297 0 is_stmt 0 discriminator 2
 212 00a8 5960     		str	r1, [r3, #4]
 213 00aa 0833     		adds	r3, r3, #8
 214 00ac 8342     		cmp	r3, r0
 215 00ae 6960     		str	r1, [r5, #4]
 216 00b0 F9D1     		bne	.L13
 217              	.L8:
 218              	.LBE7:
 219              		.loc 1 303 0 is_stmt 1
ARM GAS  /tmp/cc70j1uN.s 			page 5


 220 00b2 FFF7FEFF 		bl	__early_init
 221              	.LVL7:
 222              	.LBB8:
 223              		.loc 1 312 0
 224 00b6 4849     		ldr	r1, .L68+20
 225 00b8 4848     		ldr	r0, .L68+24
 226 00ba 8142     		cmp	r1, r0
 227 00bc 1BD2     		bcs	.L12
 228              	.LBE8:
 229              	.LBB9:
 230              		.loc 1 261 0
 231 00be C61C     		adds	r6, r0, #3
 232 00c0 0C1D     		adds	r4, r1, #4
 233 00c2 321B     		subs	r2, r6, r4
 234 00c4 4648     		ldr	r0, .L68+28
 235 00c6 22F00302 		bic	r2, r2, #3
 236 00ca 161D     		adds	r6, r2, #4
 237              	.LBE9:
 238              	.LBB10:
 239              		.loc 1 313 0
 240 00cc 0568     		ldr	r5, [r0, #0]
 241 00ce 0423     		movs	r3, #4
 242              		.loc 1 312 0
 243 00d0 B342     		cmp	r3, r6
 244              		.loc 1 313 0
 245 00d2 0D60     		str	r5, [r1, #0]
 246              	.LVL8:
 247 00d4 C2F38002 		ubfx	r2, r2, #2, #1
 248              		.loc 1 312 0
 249 00d8 0DD0     		beq	.L12
 250 00da 22B1     		cbz	r2, .L16
 251              		.loc 1 313 0
 252 00dc 4568     		ldr	r5, [r0, #4]
 253 00de 0823     		movs	r3, #8
 254              		.loc 1 312 0
 255 00e0 B342     		cmp	r3, r6
 256              		.loc 1 313 0
 257 00e2 2560     		str	r5, [r4, #0]
 258              		.loc 1 312 0
 259 00e4 07D0     		beq	.L12
 260              	.L16:
 261 00e6 1A1D     		adds	r2, r3, #4
 262              		.loc 1 313 0
 263 00e8 1D58     		ldr	r5, [r3, r0]
 264 00ea 8458     		ldr	r4, [r0, r2]
 265 00ec 5D50     		str	r5, [r3, r1]
 266 00ee 0833     		adds	r3, r3, #8
 267              		.loc 1 312 0
 268 00f0 B342     		cmp	r3, r6
 269              		.loc 1 313 0
 270 00f2 8C50     		str	r4, [r1, r2]
 271              		.loc 1 312 0
 272 00f4 F7D1     		bne	.L16
 273              	.L12:
 274              	.LVL9:
 275              	.LBE10:
 276              	.LBB11:
ARM GAS  /tmp/cc70j1uN.s 			page 6


 277              		.loc 1 319 0
 278 00f6 3B48     		ldr	r0, .L68+32
 279 00f8 3B49     		ldr	r1, .L68+36
 280 00fa 8842     		cmp	r0, r1
 281 00fc 17D2     		bcs	.L15
 282              	.LBE11:
 283              	.LBB12:
 284              		.loc 1 261 0
 285 00fe CB1C     		adds	r3, r1, #3
 286 0100 041D     		adds	r4, r0, #4
 287 0102 1A1B     		subs	r2, r3, r4
 288 0104 22F00305 		bic	r5, r2, #3
 289 0108 0346     		mov	r3, r0
 290 010a 2818     		adds	r0, r5, r0
 291              	.LBE12:
 292              	.LBB13:
 293              		.loc 1 319 0
 294 010c 0021     		movs	r1, #0
 295 010e 8342     		cmp	r3, r0
 296 0110 1960     		str	r1, [r3, #0]
 297              	.LVL10:
 298 0112 C5F38002 		ubfx	r2, r5, #2, #1
 299 0116 0AD0     		beq	.L15
 300 0118 1AB1     		cbz	r2, .L19
 301 011a 8442     		cmp	r4, r0
 302 011c 2346     		mov	r3, r4
 303 011e 2160     		str	r1, [r4, #0]
 304 0120 05D0     		beq	.L15
 305              	.L19:
 306 0122 1D1D     		adds	r5, r3, #4
 307              		.loc 1 319 0 is_stmt 0 discriminator 2
 308 0124 5960     		str	r1, [r3, #4]
 309 0126 0833     		adds	r3, r3, #8
 310 0128 8342     		cmp	r3, r0
 311 012a 6960     		str	r1, [r5, #4]
 312 012c F9D1     		bne	.L19
 313              	.L15:
 314              	.LBE13:
 315              		.loc 1 323 0 is_stmt 1
 316 012e FFF7FEFF 		bl	__late_init
 317              	.LVL11:
 318              	.LBB14:
 319              		.loc 1 329 0
 320 0132 2E4D     		ldr	r5, .L68+40
 321 0134 2E49     		ldr	r1, .L68+44
 322 0136 8D42     		cmp	r5, r1
 323 0138 1DD2     		bcs	.L18
 324              	.LBE14:
 325              	.LBB15:
 326              		.loc 1 261 0
 327 013a CC1C     		adds	r4, r1, #3
 328 013c 2E1D     		adds	r6, r5, #4
 329 013e A71B     		subs	r7, r4, r6
 330 0140 B808     		lsrs	r0, r7, #2
 331 0142 471C     		adds	r7, r0, #1
 332 0144 0124     		movs	r4, #1
 333              	.LBE15:
ARM GAS  /tmp/cc70j1uN.s 			page 7


 334              	.LBB16:
 335              		.loc 1 330 0
 336 0146 2A68     		ldr	r2, [r5, #0]
 337 0148 00EA0408 		and	r8, r0, r4
 338 014c 9047     		blx	r2
 339              	.LVL12:
 340              		.loc 1 329 0
 341 014e BC42     		cmp	r4, r7
 342 0150 11D0     		beq	.L18
 343 0152 B8F1000F 		cmp	r8, #0
 344 0156 05D0     		beq	.L22
 345 0158 0224     		movs	r4, #2
 346              		.loc 1 330 0
 347 015a 3368     		ldr	r3, [r6, #0]
 348 015c 9847     		blx	r3
 349              	.LVL13:
 350              		.loc 1 329 0
 351 015e BC42     		cmp	r4, r7
 352 0160 3546     		mov	r5, r6
 353 0162 08D0     		beq	.L18
 354              	.L22:
 355              		.loc 1 330 0
 356 0164 6968     		ldr	r1, [r5, #4]
 357 0166 8847     		blx	r1
 358              	.LVL14:
 359 0168 0234     		adds	r4, r4, #2
 360 016a A868     		ldr	r0, [r5, #8]
 361 016c 2E1D     		adds	r6, r5, #4
 362 016e 8047     		blx	r0
 363              	.LVL15:
 364 0170 0835     		adds	r5, r5, #8
 365              		.loc 1 329 0
 366 0172 BC42     		cmp	r4, r7
 367 0174 F6D1     		bne	.L22
 368              	.L18:
 369              	.LBE16:
 370              		.loc 1 337 0
 371 0176 FFF7FEFF 		bl	main
 372              	.LVL16:
 373              	.LBB17:
 374              		.loc 1 343 0
 375 017a 1E4D     		ldr	r5, .L68+48
 376 017c 1E4A     		ldr	r2, .L68+52
 377 017e 9542     		cmp	r5, r2
 378 0180 1DD2     		bcs	.L21
 379              	.LBE17:
 380              		.loc 1 261 0
 381 0182 D41C     		adds	r4, r2, #3
 382 0184 2E1D     		adds	r6, r5, #4
 383 0186 A71B     		subs	r7, r4, r6
 384 0188 BB08     		lsrs	r3, r7, #2
 385 018a 5F1C     		adds	r7, r3, #1
 386 018c 0124     		movs	r4, #1
 387              	.LBB18:
 388              		.loc 1 344 0
 389 018e 2968     		ldr	r1, [r5, #0]
 390 0190 03EA0408 		and	r8, r3, r4
ARM GAS  /tmp/cc70j1uN.s 			page 8


 391 0194 8847     		blx	r1
 392              	.LVL17:
 393              		.loc 1 343 0
 394 0196 BC42     		cmp	r4, r7
 395 0198 11D0     		beq	.L21
 396 019a B8F1000F 		cmp	r8, #0
 397 019e 05D0     		beq	.L23
 398 01a0 0224     		movs	r4, #2
 399              		.loc 1 344 0
 400 01a2 3068     		ldr	r0, [r6, #0]
 401 01a4 8047     		blx	r0
 402              	.LVL18:
 403              		.loc 1 343 0
 404 01a6 BC42     		cmp	r4, r7
 405 01a8 3546     		mov	r5, r6
 406 01aa 08D0     		beq	.L21
 407              	.L23:
 408              		.loc 1 344 0
 409 01ac 6A68     		ldr	r2, [r5, #4]
 410 01ae 9047     		blx	r2
 411              	.LVL19:
 412 01b0 0234     		adds	r4, r4, #2
 413 01b2 AB68     		ldr	r3, [r5, #8]
 414 01b4 2E1D     		adds	r6, r5, #4
 415 01b6 9847     		blx	r3
 416              	.LVL20:
 417 01b8 0835     		adds	r5, r5, #8
 418              		.loc 1 343 0
 419 01ba BC42     		cmp	r4, r7
 420 01bc F6D1     		bne	.L23
 421              	.L21:
 422              	.LBE18:
 423              		.loc 1 351 0
 424 01be FFF7FEFF 		bl	_default_exit
 425              	.LVL21:
 426              		.loc 1 352 0
 427              	.L69:
 428 01c2 00BF     		.align	2
 429              	.L68:
 430 01c4 00000000 		.word	__process_stack_end__
 431 01c8 00000000 		.word	__main_stack_base__
 432 01cc 00000000 		.word	__main_stack_end__
 433 01d0 00000000 		.word	__process_stack_base__
 434 01d4 03000000 		.word	__process_stack_end__+3
 435 01d8 00000000 		.word	_data
 436 01dc 00000000 		.word	_edata
 437 01e0 00000000 		.word	_textdata
 438 01e4 00000000 		.word	_bss_start
 439 01e8 00000000 		.word	_bss_end
 440 01ec 00000000 		.word	__init_array_start
 441 01f0 00000000 		.word	__init_array_end
 442 01f4 00000000 		.word	__fini_array_start
 443 01f8 00000000 		.word	__fini_array_end
 444              		.cfi_endproc
 445              	.LFE3:
 446              		.size	ResetHandler, .-ResetHandler
 447 01fc AFF30080 		.text
ARM GAS  /tmp/cc70j1uN.s 			page 9


 448              	.Letext0:
 449              		.file 2 "/usr/bin/../lib/gcc/arm-none-eabi/4.7.4/../../../../arm-none-eabi/include/stdint.h"
 450              		.section	.debug_info,"",%progbits
 451              	.Ldebug_info0:
 452 0000 A7020000 		.4byte	0x2a7
 453 0004 0200     		.2byte	0x2
 454 0006 00000000 		.4byte	.Ldebug_abbrev0
 455 000a 04       		.byte	0x4
 456 000b 01       		.uleb128 0x1
 457 000c 35010000 		.4byte	.LASF29
 458 0010 01       		.byte	0x1
 459 0011 6B000000 		.4byte	.LASF30
 460 0015 F0000000 		.4byte	.LASF31
 461 0019 B8000000 		.4byte	.Ldebug_ranges0+0xb8
 462 001d 00000000 		.4byte	0
 463 0021 00000000 		.4byte	0
 464 0025 00000000 		.4byte	.Ldebug_line0
 465 0029 02       		.uleb128 0x2
 466 002a 01       		.byte	0x1
 467 002b 06       		.byte	0x6
 468 002c 00020000 		.4byte	.LASF0
 469 0030 03       		.uleb128 0x3
 470 0031 95010000 		.4byte	.LASF5
 471 0035 02       		.byte	0x2
 472 0036 2A       		.byte	0x2a
 473 0037 3B000000 		.4byte	0x3b
 474 003b 02       		.uleb128 0x2
 475 003c 01       		.byte	0x1
 476 003d 08       		.byte	0x8
 477 003e 51000000 		.4byte	.LASF1
 478 0042 02       		.uleb128 0x2
 479 0043 02       		.byte	0x2
 480 0044 05       		.byte	0x5
 481 0045 D6010000 		.4byte	.LASF2
 482 0049 02       		.uleb128 0x2
 483 004a 02       		.byte	0x2
 484 004b 07       		.byte	0x7
 485 004c 99000000 		.4byte	.LASF3
 486 0050 02       		.uleb128 0x2
 487 0051 04       		.byte	0x4
 488 0052 05       		.byte	0x5
 489 0053 F1010000 		.4byte	.LASF4
 490 0057 03       		.uleb128 0x3
 491 0058 E8010000 		.4byte	.LASF6
 492 005c 02       		.byte	0x2
 493 005d 50       		.byte	0x50
 494 005e 62000000 		.4byte	0x62
 495 0062 02       		.uleb128 0x2
 496 0063 04       		.byte	0x4
 497 0064 07       		.byte	0x7
 498 0065 D9000000 		.4byte	.LASF7
 499 0069 02       		.uleb128 0x2
 500 006a 08       		.byte	0x8
 501 006b 05       		.byte	0x5
 502 006c B4010000 		.4byte	.LASF8
 503 0070 02       		.uleb128 0x2
 504 0071 08       		.byte	0x8
ARM GAS  /tmp/cc70j1uN.s 			page 10


 505 0072 07       		.byte	0x7
 506 0073 7E010000 		.4byte	.LASF9
 507 0077 04       		.uleb128 0x4
 508 0078 04       		.byte	0x4
 509 0079 05       		.byte	0x5
 510 007a 696E7400 		.ascii	"int\000"
 511 007e 02       		.uleb128 0x2
 512 007f 04       		.byte	0x4
 513 0080 07       		.byte	0x7
 514 0081 28010000 		.4byte	.LASF10
 515 0085 03       		.uleb128 0x3
 516 0086 E0010000 		.4byte	.LASF11
 517 008a 01       		.byte	0x1
 518 008b 2D       		.byte	0x2d
 519 008c 90000000 		.4byte	0x90
 520 0090 05       		.uleb128 0x5
 521 0091 04       		.byte	0x4
 522 0092 96000000 		.4byte	0x96
 523 0096 06       		.uleb128 0x6
 524 0097 01       		.byte	0x1
 525 0098 03       		.uleb128 0x3
 526 0099 3A000000 		.4byte	.LASF12
 527 009d 01       		.byte	0x1
 528 009e 2E       		.byte	0x2e
 529 009f A3000000 		.4byte	0xa3
 530 00a3 05       		.uleb128 0x5
 531 00a4 04       		.byte	0x4
 532 00a5 85000000 		.4byte	0x85
 533 00a9 07       		.uleb128 0x7
 534 00aa 01       		.byte	0x1
 535 00ab A7010000 		.4byte	.LASF13
 536 00af 01       		.byte	0x1
 537 00b0 E3       		.byte	0xe3
 538 00b1 01       		.byte	0x1
 539 00b2 00000000 		.4byte	.LFB0
 540 00b6 02000000 		.4byte	.LFE0
 541 00ba 02       		.byte	0x2
 542 00bb 7D       		.byte	0x7d
 543 00bc 00       		.sleb128 0
 544 00bd 01       		.byte	0x1
 545 00be 07       		.uleb128 0x7
 546 00bf 01       		.byte	0x1
 547 00c0 5F000000 		.4byte	.LASF14
 548 00c4 01       		.byte	0x1
 549 00c5 EF       		.byte	0xef
 550 00c6 01       		.byte	0x1
 551 00c7 00000000 		.4byte	.LFB1
 552 00cb 02000000 		.4byte	.LFE1
 553 00cf 02       		.byte	0x2
 554 00d0 7D       		.byte	0x7d
 555 00d1 00       		.sleb128 0
 556 00d2 01       		.byte	0x1
 557 00d3 07       		.uleb128 0x7
 558 00d4 01       		.byte	0x1
 559 00d5 43000000 		.4byte	.LASF15
 560 00d9 01       		.byte	0x1
 561 00da FA       		.byte	0xfa
ARM GAS  /tmp/cc70j1uN.s 			page 11


 562 00db 01       		.byte	0x1
 563 00dc 00000000 		.4byte	.LFB2
 564 00e0 02000000 		.4byte	.LFE2
 565 00e4 02       		.byte	0x2
 566 00e5 7D       		.byte	0x7d
 567 00e6 00       		.sleb128 0
 568 00e7 01       		.byte	0x1
 569 00e8 08       		.uleb128 0x8
 570 00e9 01       		.byte	0x1
 571 00ea 8C000000 		.4byte	.LASF32
 572 00ee 01       		.byte	0x1
 573 00ef 0501     		.2byte	0x105
 574 00f1 01       		.byte	0x1
 575 00f2 00000000 		.4byte	.LFB3
 576 00f6 FC010000 		.4byte	.LFE3
 577 00fa 02       		.byte	0x2
 578 00fb 7D       		.byte	0x7d
 579 00fc 00       		.sleb128 0
 580 00fd 01       		.byte	0x1
 581 00fe F1010000 		.4byte	0x1f1
 582 0102 09       		.uleb128 0x9
 583 0103 70737000 		.ascii	"psp\000"
 584 0107 01       		.byte	0x1
 585 0108 0601     		.2byte	0x106
 586 010a 57000000 		.4byte	0x57
 587 010e 01       		.byte	0x1
 588 010f 54       		.byte	0x54
 589 0110 0A       		.uleb128 0xa
 590 0111 72656700 		.ascii	"reg\000"
 591 0115 01       		.byte	0x1
 592 0116 0601     		.2byte	0x106
 593 0118 57000000 		.4byte	0x57
 594 011c 00000000 		.4byte	.LLST0
 595 0120 0B       		.uleb128 0xb
 596 0121 00000000 		.4byte	.Ldebug_ranges0+0
 597 0125 40010000 		.4byte	0x140
 598 0129 0C       		.uleb128 0xc
 599 012a 703100   		.ascii	"p1\000"
 600 012d 01       		.byte	0x1
 601 012e 2601     		.2byte	0x126
 602 0130 F1010000 		.4byte	0x1f1
 603 0134 0C       		.uleb128 0xc
 604 0135 703200   		.ascii	"p2\000"
 605 0138 01       		.byte	0x1
 606 0139 2601     		.2byte	0x126
 607 013b F1010000 		.4byte	0x1f1
 608 013f 00       		.byte	0
 609 0140 0B       		.uleb128 0xb
 610 0141 18000000 		.4byte	.Ldebug_ranges0+0x18
 611 0145 60010000 		.4byte	0x160
 612 0149 0C       		.uleb128 0xc
 613 014a 703100   		.ascii	"p1\000"
 614 014d 01       		.byte	0x1
 615 014e 2901     		.2byte	0x129
 616 0150 F1010000 		.4byte	0x1f1
 617 0154 0C       		.uleb128 0xc
 618 0155 703200   		.ascii	"p2\000"
ARM GAS  /tmp/cc70j1uN.s 			page 12


 619 0158 01       		.byte	0x1
 620 0159 2901     		.2byte	0x129
 621 015b F1010000 		.4byte	0x1f1
 622 015f 00       		.byte	0
 623 0160 0B       		.uleb128 0xb
 624 0161 38000000 		.4byte	.Ldebug_ranges0+0x38
 625 0165 80010000 		.4byte	0x180
 626 0169 0C       		.uleb128 0xc
 627 016a 747000   		.ascii	"tp\000"
 628 016d 01       		.byte	0x1
 629 016e 3401     		.2byte	0x134
 630 0170 F1010000 		.4byte	0x1f1
 631 0174 0C       		.uleb128 0xc
 632 0175 647000   		.ascii	"dp\000"
 633 0178 01       		.byte	0x1
 634 0179 3401     		.2byte	0x134
 635 017b F1010000 		.4byte	0x1f1
 636 017f 00       		.byte	0
 637 0180 0B       		.uleb128 0xb
 638 0181 58000000 		.4byte	.Ldebug_ranges0+0x58
 639 0185 A0010000 		.4byte	0x1a0
 640 0189 0C       		.uleb128 0xc
 641 018a 703100   		.ascii	"p1\000"
 642 018d 01       		.byte	0x1
 643 018e 3F01     		.2byte	0x13f
 644 0190 F1010000 		.4byte	0x1f1
 645 0194 0C       		.uleb128 0xc
 646 0195 703200   		.ascii	"p2\000"
 647 0198 01       		.byte	0x1
 648 0199 3F01     		.2byte	0x13f
 649 019b F1010000 		.4byte	0x1f1
 650 019f 00       		.byte	0
 651 01a0 0B       		.uleb128 0xb
 652 01a1 78000000 		.4byte	.Ldebug_ranges0+0x78
 653 01a5 B6010000 		.4byte	0x1b6
 654 01a9 0C       		.uleb128 0xc
 655 01aa 66707000 		.ascii	"fpp\000"
 656 01ae 01       		.byte	0x1
 657 01af 4801     		.2byte	0x148
 658 01b1 98000000 		.4byte	0x98
 659 01b5 00       		.byte	0
 660 01b6 0B       		.uleb128 0xb
 661 01b7 98000000 		.4byte	.Ldebug_ranges0+0x98
 662 01bb CC010000 		.4byte	0x1cc
 663 01bf 0C       		.uleb128 0xc
 664 01c0 66707000 		.ascii	"fpp\000"
 665 01c4 01       		.byte	0x1
 666 01c5 5601     		.2byte	0x156
 667 01c7 98000000 		.4byte	0x98
 668 01cb 00       		.byte	0
 669 01cc 0D       		.uleb128 0xd
 670 01cd B6000000 		.4byte	.LVL7
 671 01d1 A9000000 		.4byte	0xa9
 672 01d5 0D       		.uleb128 0xd
 673 01d6 32010000 		.4byte	.LVL11
 674 01da BE000000 		.4byte	0xbe
 675 01de 0D       		.uleb128 0xd
ARM GAS  /tmp/cc70j1uN.s 			page 13


 676 01df 7A010000 		.4byte	.LVL16
 677 01e3 A0020000 		.4byte	0x2a0
 678 01e7 0D       		.uleb128 0xd
 679 01e8 C2010000 		.4byte	.LVL21
 680 01ec D3000000 		.4byte	0xd3
 681 01f0 00       		.byte	0
 682 01f1 05       		.uleb128 0x5
 683 01f2 04       		.byte	0x4
 684 01f3 57000000 		.4byte	0x57
 685 01f7 0E       		.uleb128 0xe
 686 01f8 C2010000 		.4byte	.LASF16
 687 01fc 01       		.byte	0x1
 688 01fd 84       		.byte	0x84
 689 01fe 57000000 		.4byte	0x57
 690 0202 01       		.byte	0x1
 691 0203 01       		.byte	0x1
 692 0204 0E       		.uleb128 0xe
 693 0205 35020000 		.4byte	.LASF17
 694 0209 01       		.byte	0x1
 695 020a 8C       		.byte	0x8c
 696 020b 57000000 		.4byte	0x57
 697 020f 01       		.byte	0x1
 698 0210 01       		.byte	0x1
 699 0211 0E       		.uleb128 0xe
 700 0212 23000000 		.4byte	.LASF18
 701 0216 01       		.byte	0x1
 702 0217 93       		.byte	0x93
 703 0218 57000000 		.4byte	0x57
 704 021c 01       		.byte	0x1
 705 021d 01       		.byte	0x1
 706 021e 0E       		.uleb128 0xe
 707 021f 0C020000 		.4byte	.LASF19
 708 0223 01       		.byte	0x1
 709 0224 9A       		.byte	0x9a
 710 0225 57000000 		.4byte	0x57
 711 0229 01       		.byte	0x1
 712 022a 01       		.byte	0x1
 713 022b 0E       		.uleb128 0xe
 714 022c 9D010000 		.4byte	.LASF20
 715 0230 01       		.byte	0x1
 716 0231 A0       		.byte	0xa0
 717 0232 57000000 		.4byte	0x57
 718 0236 01       		.byte	0x1
 719 0237 01       		.byte	0x1
 720 0238 0E       		.uleb128 0xe
 721 0239 FA010000 		.4byte	.LASF21
 722 023d 01       		.byte	0x1
 723 023e A6       		.byte	0xa6
 724 023f 57000000 		.4byte	0x57
 725 0243 01       		.byte	0x1
 726 0244 01       		.byte	0x1
 727 0245 0E       		.uleb128 0xe
 728 0246 0B000000 		.4byte	.LASF22
 729 024a 01       		.byte	0x1
 730 024b AC       		.byte	0xac
 731 024c 57000000 		.4byte	0x57
 732 0250 01       		.byte	0x1
ARM GAS  /tmp/cc70j1uN.s 			page 14


 733 0251 01       		.byte	0x1
 734 0252 0E       		.uleb128 0xe
 735 0253 00000000 		.4byte	.LASF23
 736 0257 01       		.byte	0x1
 737 0258 B2       		.byte	0xb2
 738 0259 57000000 		.4byte	0x57
 739 025d 01       		.byte	0x1
 740 025e 01       		.byte	0x1
 741 025f 0E       		.uleb128 0xe
 742 0260 BF000000 		.4byte	.LASF24
 743 0264 01       		.byte	0x1
 744 0265 B8       		.byte	0xb8
 745 0266 57000000 		.4byte	0x57
 746 026a 01       		.byte	0x1
 747 026b 01       		.byte	0x1
 748 026c 0E       		.uleb128 0xe
 749 026d 22020000 		.4byte	.LASF25
 750 0271 01       		.byte	0x1
 751 0272 BE       		.byte	0xbe
 752 0273 85000000 		.4byte	0x85
 753 0277 01       		.byte	0x1
 754 0278 01       		.byte	0x1
 755 0279 0E       		.uleb128 0xe
 756 027a C8000000 		.4byte	.LASF26
 757 027e 01       		.byte	0x1
 758 027f C4       		.byte	0xc4
 759 0280 85000000 		.4byte	0x85
 760 0284 01       		.byte	0x1
 761 0285 01       		.byte	0x1
 762 0286 0E       		.uleb128 0xe
 763 0287 AC000000 		.4byte	.LASF27
 764 028b 01       		.byte	0x1
 765 028c CA       		.byte	0xca
 766 028d 85000000 		.4byte	0x85
 767 0291 01       		.byte	0x1
 768 0292 01       		.byte	0x1
 769 0293 0E       		.uleb128 0xe
 770 0294 12000000 		.4byte	.LASF28
 771 0298 01       		.byte	0x1
 772 0299 D0       		.byte	0xd0
 773 029a 85000000 		.4byte	0x85
 774 029e 01       		.byte	0x1
 775 029f 01       		.byte	0x1
 776 02a0 0F       		.uleb128 0xf
 777 02a1 01       		.byte	0x1
 778 02a2 EB000000 		.4byte	.LASF33
 779 02a6 01       		.byte	0x1
 780 02a7 D7       		.byte	0xd7
 781 02a8 01       		.byte	0x1
 782 02a9 01       		.byte	0x1
 783 02aa 00       		.byte	0
 784              		.section	.debug_abbrev,"",%progbits
 785              	.Ldebug_abbrev0:
 786 0000 01       		.uleb128 0x1
 787 0001 11       		.uleb128 0x11
 788 0002 01       		.byte	0x1
 789 0003 25       		.uleb128 0x25
ARM GAS  /tmp/cc70j1uN.s 			page 15


 790 0004 0E       		.uleb128 0xe
 791 0005 13       		.uleb128 0x13
 792 0006 0B       		.uleb128 0xb
 793 0007 03       		.uleb128 0x3
 794 0008 0E       		.uleb128 0xe
 795 0009 1B       		.uleb128 0x1b
 796 000a 0E       		.uleb128 0xe
 797 000b 55       		.uleb128 0x55
 798 000c 06       		.uleb128 0x6
 799 000d 11       		.uleb128 0x11
 800 000e 01       		.uleb128 0x1
 801 000f 52       		.uleb128 0x52
 802 0010 01       		.uleb128 0x1
 803 0011 10       		.uleb128 0x10
 804 0012 06       		.uleb128 0x6
 805 0013 00       		.byte	0
 806 0014 00       		.byte	0
 807 0015 02       		.uleb128 0x2
 808 0016 24       		.uleb128 0x24
 809 0017 00       		.byte	0
 810 0018 0B       		.uleb128 0xb
 811 0019 0B       		.uleb128 0xb
 812 001a 3E       		.uleb128 0x3e
 813 001b 0B       		.uleb128 0xb
 814 001c 03       		.uleb128 0x3
 815 001d 0E       		.uleb128 0xe
 816 001e 00       		.byte	0
 817 001f 00       		.byte	0
 818 0020 03       		.uleb128 0x3
 819 0021 16       		.uleb128 0x16
 820 0022 00       		.byte	0
 821 0023 03       		.uleb128 0x3
 822 0024 0E       		.uleb128 0xe
 823 0025 3A       		.uleb128 0x3a
 824 0026 0B       		.uleb128 0xb
 825 0027 3B       		.uleb128 0x3b
 826 0028 0B       		.uleb128 0xb
 827 0029 49       		.uleb128 0x49
 828 002a 13       		.uleb128 0x13
 829 002b 00       		.byte	0
 830 002c 00       		.byte	0
 831 002d 04       		.uleb128 0x4
 832 002e 24       		.uleb128 0x24
 833 002f 00       		.byte	0
 834 0030 0B       		.uleb128 0xb
 835 0031 0B       		.uleb128 0xb
 836 0032 3E       		.uleb128 0x3e
 837 0033 0B       		.uleb128 0xb
 838 0034 03       		.uleb128 0x3
 839 0035 08       		.uleb128 0x8
 840 0036 00       		.byte	0
 841 0037 00       		.byte	0
 842 0038 05       		.uleb128 0x5
 843 0039 0F       		.uleb128 0xf
 844 003a 00       		.byte	0
 845 003b 0B       		.uleb128 0xb
 846 003c 0B       		.uleb128 0xb
ARM GAS  /tmp/cc70j1uN.s 			page 16


 847 003d 49       		.uleb128 0x49
 848 003e 13       		.uleb128 0x13
 849 003f 00       		.byte	0
 850 0040 00       		.byte	0
 851 0041 06       		.uleb128 0x6
 852 0042 15       		.uleb128 0x15
 853 0043 00       		.byte	0
 854 0044 27       		.uleb128 0x27
 855 0045 0C       		.uleb128 0xc
 856 0046 00       		.byte	0
 857 0047 00       		.byte	0
 858 0048 07       		.uleb128 0x7
 859 0049 2E       		.uleb128 0x2e
 860 004a 00       		.byte	0
 861 004b 3F       		.uleb128 0x3f
 862 004c 0C       		.uleb128 0xc
 863 004d 03       		.uleb128 0x3
 864 004e 0E       		.uleb128 0xe
 865 004f 3A       		.uleb128 0x3a
 866 0050 0B       		.uleb128 0xb
 867 0051 3B       		.uleb128 0x3b
 868 0052 0B       		.uleb128 0xb
 869 0053 27       		.uleb128 0x27
 870 0054 0C       		.uleb128 0xc
 871 0055 11       		.uleb128 0x11
 872 0056 01       		.uleb128 0x1
 873 0057 12       		.uleb128 0x12
 874 0058 01       		.uleb128 0x1
 875 0059 40       		.uleb128 0x40
 876 005a 0A       		.uleb128 0xa
 877 005b 9742     		.uleb128 0x2117
 878 005d 0C       		.uleb128 0xc
 879 005e 00       		.byte	0
 880 005f 00       		.byte	0
 881 0060 08       		.uleb128 0x8
 882 0061 2E       		.uleb128 0x2e
 883 0062 01       		.byte	0x1
 884 0063 3F       		.uleb128 0x3f
 885 0064 0C       		.uleb128 0xc
 886 0065 03       		.uleb128 0x3
 887 0066 0E       		.uleb128 0xe
 888 0067 3A       		.uleb128 0x3a
 889 0068 0B       		.uleb128 0xb
 890 0069 3B       		.uleb128 0x3b
 891 006a 05       		.uleb128 0x5
 892 006b 27       		.uleb128 0x27
 893 006c 0C       		.uleb128 0xc
 894 006d 11       		.uleb128 0x11
 895 006e 01       		.uleb128 0x1
 896 006f 12       		.uleb128 0x12
 897 0070 01       		.uleb128 0x1
 898 0071 40       		.uleb128 0x40
 899 0072 0A       		.uleb128 0xa
 900 0073 9642     		.uleb128 0x2116
 901 0075 0C       		.uleb128 0xc
 902 0076 01       		.uleb128 0x1
 903 0077 13       		.uleb128 0x13
ARM GAS  /tmp/cc70j1uN.s 			page 17


 904 0078 00       		.byte	0
 905 0079 00       		.byte	0
 906 007a 09       		.uleb128 0x9
 907 007b 34       		.uleb128 0x34
 908 007c 00       		.byte	0
 909 007d 03       		.uleb128 0x3
 910 007e 08       		.uleb128 0x8
 911 007f 3A       		.uleb128 0x3a
 912 0080 0B       		.uleb128 0xb
 913 0081 3B       		.uleb128 0x3b
 914 0082 05       		.uleb128 0x5
 915 0083 49       		.uleb128 0x49
 916 0084 13       		.uleb128 0x13
 917 0085 02       		.uleb128 0x2
 918 0086 0A       		.uleb128 0xa
 919 0087 00       		.byte	0
 920 0088 00       		.byte	0
 921 0089 0A       		.uleb128 0xa
 922 008a 34       		.uleb128 0x34
 923 008b 00       		.byte	0
 924 008c 03       		.uleb128 0x3
 925 008d 08       		.uleb128 0x8
 926 008e 3A       		.uleb128 0x3a
 927 008f 0B       		.uleb128 0xb
 928 0090 3B       		.uleb128 0x3b
 929 0091 05       		.uleb128 0x5
 930 0092 49       		.uleb128 0x49
 931 0093 13       		.uleb128 0x13
 932 0094 02       		.uleb128 0x2
 933 0095 06       		.uleb128 0x6
 934 0096 00       		.byte	0
 935 0097 00       		.byte	0
 936 0098 0B       		.uleb128 0xb
 937 0099 0B       		.uleb128 0xb
 938 009a 01       		.byte	0x1
 939 009b 55       		.uleb128 0x55
 940 009c 06       		.uleb128 0x6
 941 009d 01       		.uleb128 0x1
 942 009e 13       		.uleb128 0x13
 943 009f 00       		.byte	0
 944 00a0 00       		.byte	0
 945 00a1 0C       		.uleb128 0xc
 946 00a2 34       		.uleb128 0x34
 947 00a3 00       		.byte	0
 948 00a4 03       		.uleb128 0x3
 949 00a5 08       		.uleb128 0x8
 950 00a6 3A       		.uleb128 0x3a
 951 00a7 0B       		.uleb128 0xb
 952 00a8 3B       		.uleb128 0x3b
 953 00a9 05       		.uleb128 0x5
 954 00aa 49       		.uleb128 0x49
 955 00ab 13       		.uleb128 0x13
 956 00ac 00       		.byte	0
 957 00ad 00       		.byte	0
 958 00ae 0D       		.uleb128 0xd
 959 00af 898201   		.uleb128 0x4109
 960 00b2 00       		.byte	0
ARM GAS  /tmp/cc70j1uN.s 			page 18


 961 00b3 11       		.uleb128 0x11
 962 00b4 01       		.uleb128 0x1
 963 00b5 31       		.uleb128 0x31
 964 00b6 13       		.uleb128 0x13
 965 00b7 00       		.byte	0
 966 00b8 00       		.byte	0
 967 00b9 0E       		.uleb128 0xe
 968 00ba 34       		.uleb128 0x34
 969 00bb 00       		.byte	0
 970 00bc 03       		.uleb128 0x3
 971 00bd 0E       		.uleb128 0xe
 972 00be 3A       		.uleb128 0x3a
 973 00bf 0B       		.uleb128 0xb
 974 00c0 3B       		.uleb128 0x3b
 975 00c1 0B       		.uleb128 0xb
 976 00c2 49       		.uleb128 0x49
 977 00c3 13       		.uleb128 0x13
 978 00c4 3F       		.uleb128 0x3f
 979 00c5 0C       		.uleb128 0xc
 980 00c6 3C       		.uleb128 0x3c
 981 00c7 0C       		.uleb128 0xc
 982 00c8 00       		.byte	0
 983 00c9 00       		.byte	0
 984 00ca 0F       		.uleb128 0xf
 985 00cb 2E       		.uleb128 0x2e
 986 00cc 00       		.byte	0
 987 00cd 3F       		.uleb128 0x3f
 988 00ce 0C       		.uleb128 0xc
 989 00cf 03       		.uleb128 0x3
 990 00d0 0E       		.uleb128 0xe
 991 00d1 3A       		.uleb128 0x3a
 992 00d2 0B       		.uleb128 0xb
 993 00d3 3B       		.uleb128 0x3b
 994 00d4 0B       		.uleb128 0xb
 995 00d5 27       		.uleb128 0x27
 996 00d6 0C       		.uleb128 0xc
 997 00d7 3C       		.uleb128 0x3c
 998 00d8 0C       		.uleb128 0xc
 999 00d9 00       		.byte	0
 1000 00da 00       		.byte	0
 1001 00db 00       		.byte	0
 1002              		.section	.debug_loc,"",%progbits
 1003              	.Ldebug_loc0:
 1004              	.LLST0:
 1005 0000 26000000 		.4byte	.LVL1
 1006 0004 38000000 		.4byte	.LVL2
 1007 0008 0200     		.2byte	0x2
 1008 000a 30       		.byte	0x30
 1009 000b 9F       		.byte	0x9f
 1010 000c 38000000 		.4byte	.LVL2
 1011 0010 FC010000 		.4byte	.LFE3
 1012 0014 0200     		.2byte	0x2
 1013 0016 36       		.byte	0x36
 1014 0017 9F       		.byte	0x9f
 1015 0018 00000000 		.4byte	0
 1016 001c 00000000 		.4byte	0
 1017              		.section	.debug_aranges,"",%progbits
ARM GAS  /tmp/cc70j1uN.s 			page 19


 1018 0000 34000000 		.4byte	0x34
 1019 0004 0200     		.2byte	0x2
 1020 0006 00000000 		.4byte	.Ldebug_info0
 1021 000a 04       		.byte	0x4
 1022 000b 00       		.byte	0
 1023 000c 0000     		.2byte	0
 1024 000e 0000     		.2byte	0
 1025 0010 00000000 		.4byte	.LFB0
 1026 0014 02000000 		.4byte	.LFE0-.LFB0
 1027 0018 00000000 		.4byte	.LFB1
 1028 001c 02000000 		.4byte	.LFE1-.LFB1
 1029 0020 00000000 		.4byte	.LFB2
 1030 0024 02000000 		.4byte	.LFE2-.LFB2
 1031 0028 00000000 		.4byte	.LFB3
 1032 002c FC010000 		.4byte	.LFE3-.LFB3
 1033 0030 00000000 		.4byte	0
 1034 0034 00000000 		.4byte	0
 1035              		.section	.debug_ranges,"",%progbits
 1036              	.Ldebug_ranges0:
 1037 0000 40000000 		.4byte	.LBB2
 1038 0004 48000000 		.4byte	.LBE2
 1039 0008 56000000 		.4byte	.LBB4
 1040 000c 7A000000 		.4byte	.LBE4
 1041 0010 00000000 		.4byte	0
 1042 0014 00000000 		.4byte	0
 1043 0018 48000000 		.4byte	.LBB3
 1044 001c 56000000 		.4byte	.LBE3
 1045 0020 7A000000 		.4byte	.LBB5
 1046 0024 80000000 		.4byte	.LBE5
 1047 0028 8E000000 		.4byte	.LBB7
 1048 002c B2000000 		.4byte	.LBE7
 1049 0030 00000000 		.4byte	0
 1050 0034 00000000 		.4byte	0
 1051 0038 80000000 		.4byte	.LBB6
 1052 003c 8E000000 		.4byte	.LBE6
 1053 0040 B6000000 		.4byte	.LBB8
 1054 0044 BE000000 		.4byte	.LBE8
 1055 0048 CC000000 		.4byte	.LBB10
 1056 004c F6000000 		.4byte	.LBE10
 1057 0050 00000000 		.4byte	0
 1058 0054 00000000 		.4byte	0
 1059 0058 BE000000 		.4byte	.LBB9
 1060 005c CC000000 		.4byte	.LBE9
 1061 0060 F6000000 		.4byte	.LBB11
 1062 0064 FE000000 		.4byte	.LBE11
 1063 0068 0C010000 		.4byte	.LBB13
 1064 006c 2E010000 		.4byte	.LBE13
 1065 0070 00000000 		.4byte	0
 1066 0074 00000000 		.4byte	0
 1067 0078 FE000000 		.4byte	.LBB12
 1068 007c 0C010000 		.4byte	.LBE12
 1069 0080 32010000 		.4byte	.LBB14
 1070 0084 3A010000 		.4byte	.LBE14
 1071 0088 46010000 		.4byte	.LBB16
 1072 008c 76010000 		.4byte	.LBE16
 1073 0090 00000000 		.4byte	0
 1074 0094 00000000 		.4byte	0
ARM GAS  /tmp/cc70j1uN.s 			page 20


 1075 0098 3A010000 		.4byte	.LBB15
 1076 009c 46010000 		.4byte	.LBE15
 1077 00a0 7A010000 		.4byte	.LBB17
 1078 00a4 82010000 		.4byte	.LBE17
 1079 00a8 8E010000 		.4byte	.LBB18
 1080 00ac BE010000 		.4byte	.LBE18
 1081 00b0 00000000 		.4byte	0
 1082 00b4 00000000 		.4byte	0
 1083 00b8 00000000 		.4byte	.LFB0
 1084 00bc 02000000 		.4byte	.LFE0
 1085 00c0 00000000 		.4byte	.LFB1
 1086 00c4 02000000 		.4byte	.LFE1
 1087 00c8 00000000 		.4byte	.LFB2
 1088 00cc 02000000 		.4byte	.LFE2
 1089 00d0 00000000 		.4byte	.LFB3
 1090 00d4 FC010000 		.4byte	.LFE3
 1091 00d8 00000000 		.4byte	0
 1092 00dc 00000000 		.4byte	0
 1093              		.section	.debug_line,"",%progbits
 1094              	.Ldebug_line0:
 1095 0000 40010000 		.section	.debug_str,"MS",%progbits,1
 1095      02008D00 
 1095      00000201 
 1095      FB0E0D00 
 1095      01010101 
 1096              	.LASF23:
 1097 0000 5F627373 		.ascii	"_bss_start\000"
 1097      5F737461 
 1097      727400
 1098              	.LASF22:
 1099 000b 5F656461 		.ascii	"_edata\000"
 1099      746100
 1100              	.LASF28:
 1101 0012 5F5F6669 		.ascii	"__fini_array_end\000"
 1101      6E695F61 
 1101      72726179 
 1101      5F656E64 
 1101      00
 1102              	.LASF18:
 1103 0023 5F5F7072 		.ascii	"__process_stack_base__\000"
 1103      6F636573 
 1103      735F7374 
 1103      61636B5F 
 1103      62617365 
 1104              	.LASF12:
 1105 003a 66756E63 		.ascii	"funcpp_t\000"
 1105      70705F74 
 1105      00
 1106              	.LASF15:
 1107 0043 5F646566 		.ascii	"_default_exit\000"
 1107      61756C74 
 1107      5F657869 
 1107      7400
 1108              	.LASF1:
 1109 0051 756E7369 		.ascii	"unsigned char\000"
 1109      676E6564 
 1109      20636861 
ARM GAS  /tmp/cc70j1uN.s 			page 21


 1109      7200
 1110              	.LASF14:
 1111 005f 5F5F6C61 		.ascii	"__late_init\000"
 1111      74655F69 
 1111      6E697400 
 1112              	.LASF30:
 1113 006b 2E2E2F2E 		.ascii	"../../os/ports/GCC/ARMCMx/crt0.c\000"
 1113      2E2F6F73 
 1113      2F706F72 
 1113      74732F47 
 1113      43432F41 
 1114              	.LASF32:
 1115 008c 52657365 		.ascii	"ResetHandler\000"
 1115      7448616E 
 1115      646C6572 
 1115      00
 1116              	.LASF3:
 1117 0099 73686F72 		.ascii	"short unsigned int\000"
 1117      7420756E 
 1117      7369676E 
 1117      65642069 
 1117      6E7400
 1118              	.LASF27:
 1119 00ac 5F5F6669 		.ascii	"__fini_array_start\000"
 1119      6E695F61 
 1119      72726179 
 1119      5F737461 
 1119      727400
 1120              	.LASF24:
 1121 00bf 5F627373 		.ascii	"_bss_end\000"
 1121      5F656E64 
 1121      00
 1122              	.LASF26:
 1123 00c8 5F5F696E 		.ascii	"__init_array_end\000"
 1123      69745F61 
 1123      72726179 
 1123      5F656E64 
 1123      00
 1124              	.LASF7:
 1125 00d9 6C6F6E67 		.ascii	"long unsigned int\000"
 1125      20756E73 
 1125      69676E65 
 1125      6420696E 
 1125      7400
 1126              	.LASF33:
 1127 00eb 6D61696E 		.ascii	"main\000"
 1127      00
 1128              	.LASF31:
 1129 00f0 2F686F6D 		.ascii	"/home/witold/Dokumenty/arm/ChibiOS-master/demos/wid"
 1129      652F7769 
 1129      746F6C64 
 1129      2F446F6B 
 1129      756D656E 
 1130 0123 67657473 		.ascii	"gets\000"
 1130      00
 1131              	.LASF10:
 1132 0128 756E7369 		.ascii	"unsigned int\000"
ARM GAS  /tmp/cc70j1uN.s 			page 22


 1132      676E6564 
 1132      20696E74 
 1132      00
 1133              	.LASF29:
 1134 0135 474E5520 		.ascii	"GNU C 4.7.4 20130613 (release) [ARM/embedded-4_7-br"
 1134      4320342E 
 1134      372E3420 
 1134      32303133 
 1134      30363133 
 1135 0168 616E6368 		.ascii	"anch revision 200083]\000"
 1135      20726576 
 1135      6973696F 
 1135      6E203230 
 1135      30303833 
 1136              	.LASF9:
 1137 017e 6C6F6E67 		.ascii	"long long unsigned int\000"
 1137      206C6F6E 
 1137      6720756E 
 1137      7369676E 
 1137      65642069 
 1138              	.LASF5:
 1139 0195 75696E74 		.ascii	"uint8_t\000"
 1139      385F7400 
 1140              	.LASF20:
 1141 019d 5F746578 		.ascii	"_textdata\000"
 1141      74646174 
 1141      6100
 1142              	.LASF13:
 1143 01a7 5F5F6561 		.ascii	"__early_init\000"
 1143      726C795F 
 1143      696E6974 
 1143      00
 1144              	.LASF8:
 1145 01b4 6C6F6E67 		.ascii	"long long int\000"
 1145      206C6F6E 
 1145      6720696E 
 1145      7400
 1146              	.LASF16:
 1147 01c2 5F5F6D61 		.ascii	"__main_stack_base__\000"
 1147      696E5F73 
 1147      7461636B 
 1147      5F626173 
 1147      655F5F00 
 1148              	.LASF2:
 1149 01d6 73686F72 		.ascii	"short int\000"
 1149      7420696E 
 1149      7400
 1150              	.LASF11:
 1151 01e0 66756E63 		.ascii	"funcp_t\000"
 1151      705F7400 
 1152              	.LASF6:
 1153 01e8 75696E74 		.ascii	"uint32_t\000"
 1153      33325F74 
 1153      00
 1154              	.LASF4:
 1155 01f1 6C6F6E67 		.ascii	"long int\000"
 1155      20696E74 
ARM GAS  /tmp/cc70j1uN.s 			page 23


 1155      00
 1156              	.LASF21:
 1157 01fa 5F646174 		.ascii	"_data\000"
 1157      6100
 1158              	.LASF0:
 1159 0200 7369676E 		.ascii	"signed char\000"
 1159      65642063 
 1159      68617200 
 1160              	.LASF19:
 1161 020c 5F5F7072 		.ascii	"__process_stack_end__\000"
 1161      6F636573 
 1161      735F7374 
 1161      61636B5F 
 1161      656E645F 
 1162              	.LASF25:
 1163 0222 5F5F696E 		.ascii	"__init_array_start\000"
 1163      69745F61 
 1163      72726179 
 1163      5F737461 
 1163      727400
 1164              	.LASF17:
 1165 0235 5F5F6D61 		.ascii	"__main_stack_end__\000"
 1165      696E5F73 
 1165      7461636B 
 1165      5F656E64 
 1165      5F5F00
 1166              		.ident	"GCC: (GNU Tools for ARM Embedded Processors) 4.7.4 20130613 (release) [ARM/embedded-4_7-br
ARM GAS  /tmp/cc70j1uN.s 			page 24


DEFINED SYMBOLS
                            *ABS*:00000000 crt0.c
     /tmp/cc70j1uN.s:21     .text.__early_init:00000000 $t
     /tmp/cc70j1uN.s:27     .text.__early_init:00000000 __early_init
     /tmp/cc70j1uN.s:40     .text.__late_init:00000000 $t
     /tmp/cc70j1uN.s:46     .text.__late_init:00000000 __late_init
     /tmp/cc70j1uN.s:58     .text._default_exit:00000000 $t
     /tmp/cc70j1uN.s:64     .text._default_exit:00000000 _default_exit
     /tmp/cc70j1uN.s:77     .text.ResetHandler:00000000 $t
     /tmp/cc70j1uN.s:83     .text.ResetHandler:00000000 ResetHandler
     /tmp/cc70j1uN.s:430    .text.ResetHandler:000001c4 $d
                     .debug_frame:00000010 $d
     /tmp/cc70j1uN.s:447    .text.ResetHandler:000001fc $t

UNDEFINED SYMBOLS
main
__process_stack_end__
__main_stack_base__
__main_stack_end__
__process_stack_base__
_data
_edata
_textdata
_bss_start
_bss_end
__init_array_start
__init_array_end
__fini_array_start
__fini_array_end
