ARM GAS  /tmp/ccyO5A7v.s 			page 1


   1              		.syntax unified
   2              		.cpu cortex-m4
   3              		.eabi_attribute 27, 3
   4              		.eabi_attribute 28, 1
   5              		.fpu fpv4-sp-d16
   6              		.eabi_attribute 20, 1
   7              		.eabi_attribute 21, 1
   8              		.eabi_attribute 23, 3
   9              		.eabi_attribute 24, 1
  10              		.eabi_attribute 25, 1
  11              		.eabi_attribute 26, 1
  12              		.eabi_attribute 30, 2
  13              		.eabi_attribute 34, 1
  14              		.eabi_attribute 18, 4
  15              		.thumb
  16              		.file	"gfx.c"
  17              		.text
  18              	.Ltext0:
  19              		.cfi_sections	.debug_frame
  20              		.section	.text.gfxInit,"ax",%progbits
  21              		.align	2
  22              		.p2align 4,,15
  23              		.global	gfxInit
  24              		.thumb
  25              		.thumb_func
  26              		.type	gfxInit, %function
  27              	gfxInit:
  28              	.LFB119:
  29              		.file 1 "../../ext/ugfx/src/gfx.c"
  30              		.loc 1 53 0
  31              		.cfi_startproc
  32              		@ args = 0, pretend = 0, frame = 0
  33              		@ frame_needed = 0, uses_anonymous_args = 0
  34              		.loc 1 57 0
  35 0000 0B4B     		ldr	r3, .L5
  36              		.loc 1 53 0
  37 0002 10B5     		push	{r4, lr}
  38              	.LCFI0:
  39              		.cfi_def_cfa_offset 8
  40              		.cfi_offset 4, -8
  41              		.cfi_offset 14, -4
  42              		.loc 1 57 0
  43 0004 1C78     		ldrb	r4, [r3, #0]	@ zero_extendqisi2
  44 0006 04B1     		cbz	r4, .L4
  45 0008 10BD     		pop	{r4, pc}
  46              	.L4:
  47              		.loc 1 59 0
  48 000a 0122     		movs	r2, #1
  49 000c 1A70     		strb	r2, [r3, #0]
  50              		.loc 1 62 0
  51 000e FFF7FEFF 		bl	_gosInit
  52              	.LVL0:
  53              		.loc 1 67 0
  54 0012 FFF7FEFF 		bl	_geventInit
  55              	.LVL1:
  56              		.loc 1 70 0
  57 0016 FFF7FEFF 		bl	_gtimerInit
ARM GAS  /tmp/ccyO5A7v.s 			page 2


  58              	.LVL2:
  59              		.loc 1 73 0
  60 001a FFF7FEFF 		bl	_gdispInit
  61              	.LVL3:
  62              		.loc 1 74 0
  63 001e 2046     		mov	r0, r4
  64 0020 FFF7FEFF 		bl	gdispClear
  65              	.LVL4:
  66              		.loc 1 77 0
  67 0024 FFF7FEFF 		bl	_gwinInit
  68              	.LVL5:
  69              		.loc 1 96 0
  70 0028 BDE81040 		pop	{r4, lr}
  71              		.loc 1 80 0
  72 002c FFF7FEBF 		b	_ginputInit
  73              	.LVL6:
  74              	.L6:
  75              		.align	2
  76              	.L5:
  77 0030 00000000 		.word	.LANCHOR0
  78              		.cfi_endproc
  79              	.LFE119:
  80              		.size	gfxInit, .-gfxInit
  81 0034 AFF30080 		.section	.text.gdispInit,"ax",%progbits
  81      AFF30080 
  81      AFF30080 
  82              		.align	2
  83              		.p2align 4,,15
  84              		.global	gdispInit
  85              		.thumb
  86              		.thumb_func
  87              		.type	gdispInit, %function
  88              	gdispInit:
  89              	.LFB118:
  90              		.loc 1 18 0
  91              		.cfi_startproc
  92              		@ args = 0, pretend = 0, frame = 0
  93              		@ frame_needed = 0, uses_anonymous_args = 0
  94              		@ link register save eliminated.
  95              		.loc 1 18 0
  96 0000 FFF7FEBF 		b	gfxInit
  97              	.LVL7:
  98              		.cfi_endproc
  99              	.LFE118:
 100              		.size	gdispInit, .-gdispInit
 101 0004 AFF30080 		.section	.bss.initDone.7943,"aw",%nobits
 101      AFF30080 
 101      AFF30080 
 102              		.set	.LANCHOR0,. + 0
 103              		.type	initDone.7943, %object
 104              		.size	initDone.7943, 1
 105              	initDone.7943:
 106 0000 00       		.space	1
 107              		.text
 108              	.Letext0:
 109              		.file 2 "/usr/bin/../lib/gcc/arm-none-eabi/4.7.4/../../../../arm-none-eabi/include/stdint.h"
 110              		.file 3 "../../os/ports/GCC/ARMCMx/chtypes.h"
ARM GAS  /tmp/ccyO5A7v.s 			page 3


 111              		.file 4 "../../ext/ugfx/include/gdisp/gdisp.h"
 112              		.file 5 "../../os/ports/common/ARMCMx/CMSIS/include/core_cm4.h"
 113              		.section	.debug_info,"",%progbits
 114              	.Ldebug_info0:
 115 0000 AC010000 		.4byte	0x1ac
 116 0004 0200     		.2byte	0x2
 117 0006 00000000 		.4byte	.Ldebug_abbrev0
 118 000a 04       		.byte	0x4
 119 000b 01       		.uleb128 0x1
 120 000c EF000000 		.4byte	.LASF24
 121 0010 01       		.byte	0x1
 122 0011 7C010000 		.4byte	.LASF25
 123 0015 A1000000 		.4byte	.LASF26
 124 0019 00000000 		.4byte	.Ldebug_ranges0+0
 125 001d 00000000 		.4byte	0
 126 0021 00000000 		.4byte	0
 127 0025 00000000 		.4byte	.Ldebug_line0
 128 0029 02       		.uleb128 0x2
 129 002a 04       		.byte	0x4
 130 002b 05       		.byte	0x5
 131 002c 696E7400 		.ascii	"int\000"
 132 0030 03       		.uleb128 0x3
 133 0031 04       		.byte	0x4
 134 0032 07       		.byte	0x7
 135 0033 2C000000 		.4byte	.LASF0
 136 0037 03       		.uleb128 0x3
 137 0038 01       		.byte	0x1
 138 0039 06       		.byte	0x6
 139 003a 9E010000 		.4byte	.LASF1
 140 003e 03       		.uleb128 0x3
 141 003f 01       		.byte	0x1
 142 0040 08       		.byte	0x8
 143 0041 57000000 		.4byte	.LASF2
 144 0045 03       		.uleb128 0x3
 145 0046 02       		.byte	0x2
 146 0047 05       		.byte	0x5
 147 0048 69010000 		.4byte	.LASF3
 148 004c 04       		.uleb128 0x4
 149 004d 73010000 		.4byte	.LASF5
 150 0051 02       		.byte	0x2
 151 0052 36       		.byte	0x36
 152 0053 57000000 		.4byte	0x57
 153 0057 03       		.uleb128 0x3
 154 0058 02       		.byte	0x2
 155 0059 07       		.byte	0x7
 156 005a 19000000 		.4byte	.LASF4
 157 005e 04       		.uleb128 0x4
 158 005f 47010000 		.4byte	.LASF6
 159 0063 02       		.byte	0x2
 160 0064 4F       		.byte	0x4f
 161 0065 69000000 		.4byte	0x69
 162 0069 03       		.uleb128 0x3
 163 006a 04       		.byte	0x4
 164 006b 05       		.byte	0x5
 165 006c 95010000 		.4byte	.LASF7
 166 0070 03       		.uleb128 0x3
 167 0071 04       		.byte	0x4
ARM GAS  /tmp/ccyO5A7v.s 			page 4


 168 0072 07       		.byte	0x7
 169 0073 6E000000 		.4byte	.LASF8
 170 0077 03       		.uleb128 0x3
 171 0078 08       		.byte	0x8
 172 0079 05       		.byte	0x5
 173 007a 00000000 		.4byte	.LASF9
 174 007e 03       		.uleb128 0x3
 175 007f 08       		.byte	0x8
 176 0080 07       		.byte	0x7
 177 0081 40000000 		.4byte	.LASF10
 178 0085 04       		.uleb128 0x4
 179 0086 39000000 		.4byte	.LASF11
 180 008a 03       		.byte	0x3
 181 008b 24       		.byte	0x24
 182 008c 90000000 		.4byte	0x90
 183 0090 03       		.uleb128 0x3
 184 0091 01       		.byte	0x1
 185 0092 02       		.byte	0x2
 186 0093 B5010000 		.4byte	.LASF12
 187 0097 03       		.uleb128 0x3
 188 0098 04       		.byte	0x4
 189 0099 07       		.byte	0x7
 190 009a 4F010000 		.4byte	.LASF13
 191 009e 03       		.uleb128 0x3
 192 009f 01       		.byte	0x1
 193 00a0 08       		.byte	0x8
 194 00a1 38010000 		.4byte	.LASF14
 195 00a5 05       		.uleb128 0x5
 196 00a6 5E000000 		.4byte	0x5e
 197 00aa 04       		.uleb128 0x4
 198 00ab 99000000 		.4byte	.LASF15
 199 00af 04       		.byte	0x4
 200 00b0 DB       		.byte	0xdb
 201 00b1 4C000000 		.4byte	0x4c
 202 00b5 06       		.uleb128 0x6
 203 00b6 01       		.byte	0x1
 204 00b7 61010000 		.4byte	.LASF16
 205 00bb 01       		.byte	0x1
 206 00bc 35       		.byte	0x35
 207 00bd 01       		.byte	0x1
 208 00be 00000000 		.4byte	.LFB119
 209 00c2 34000000 		.4byte	.LFE119
 210 00c6 00000000 		.4byte	.LLST0
 211 00ca 01       		.byte	0x1
 212 00cb 2C010000 		.4byte	0x12c
 213 00cf 07       		.uleb128 0x7
 214 00d0 65000000 		.4byte	.LASF27
 215 00d4 01       		.byte	0x1
 216 00d5 36       		.byte	0x36
 217 00d6 85000000 		.4byte	0x85
 218 00da 05       		.byte	0x5
 219 00db 03       		.byte	0x3
 220 00dc 00000000 		.4byte	initDone.7943
 221 00e0 08       		.uleb128 0x8
 222 00e1 12000000 		.4byte	.LVL0
 223 00e5 5E010000 		.4byte	0x15e
 224 00e9 08       		.uleb128 0x8
ARM GAS  /tmp/ccyO5A7v.s 			page 5


 225 00ea 16000000 		.4byte	.LVL1
 226 00ee 68010000 		.4byte	0x168
 227 00f2 08       		.uleb128 0x8
 228 00f3 1A000000 		.4byte	.LVL2
 229 00f7 72010000 		.4byte	0x172
 230 00fb 08       		.uleb128 0x8
 231 00fc 1E000000 		.4byte	.LVL3
 232 0100 7C010000 		.4byte	0x17c
 233 0104 09       		.uleb128 0x9
 234 0105 24000000 		.4byte	.LVL4
 235 0109 86010000 		.4byte	0x186
 236 010d 18010000 		.4byte	0x118
 237 0111 0A       		.uleb128 0xa
 238 0112 01       		.byte	0x1
 239 0113 50       		.byte	0x50
 240 0114 02       		.byte	0x2
 241 0115 74       		.byte	0x74
 242 0116 00       		.sleb128 0
 243 0117 00       		.byte	0
 244 0118 08       		.uleb128 0x8
 245 0119 28000000 		.4byte	.LVL5
 246 011d 9B010000 		.4byte	0x19b
 247 0121 0B       		.uleb128 0xb
 248 0122 30000000 		.4byte	.LVL6
 249 0126 01       		.byte	0x1
 250 0127 A5010000 		.4byte	0x1a5
 251 012b 00       		.byte	0
 252 012c 0C       		.uleb128 0xc
 253 012d 01       		.byte	0x1
 254 012e 3D010000 		.4byte	.LASF17
 255 0132 01       		.byte	0x1
 256 0133 12       		.byte	0x12
 257 0134 01       		.byte	0x1
 258 0135 00000000 		.4byte	.LFB118
 259 0139 04000000 		.4byte	.LFE118
 260 013d 02       		.byte	0x2
 261 013e 7D       		.byte	0x7d
 262 013f 00       		.sleb128 0
 263 0140 01       		.byte	0x1
 264 0141 50010000 		.4byte	0x150
 265 0145 0B       		.uleb128 0xb
 266 0146 04000000 		.4byte	.LVL7
 267 014a 01       		.byte	0x1
 268 014b B5000000 		.4byte	0xb5
 269 014f 00       		.byte	0
 270 0150 0D       		.uleb128 0xd
 271 0151 8C000000 		.4byte	.LASF28
 272 0155 05       		.byte	0x5
 273 0156 9806     		.2byte	0x698
 274 0158 A5000000 		.4byte	0xa5
 275 015c 01       		.byte	0x1
 276 015d 01       		.byte	0x1
 277 015e 0E       		.uleb128 0xe
 278 015f 01       		.byte	0x1
 279 0160 58010000 		.4byte	.LASF18
 280 0164 01       		.byte	0x1
 281 0165 15       		.byte	0x15
ARM GAS  /tmp/ccyO5A7v.s 			page 6


 282 0166 01       		.byte	0x1
 283 0167 01       		.byte	0x1
 284 0168 0E       		.uleb128 0xe
 285 0169 01       		.byte	0x1
 286 016a 80000000 		.4byte	.LASF19
 287 016e 01       		.byte	0x1
 288 016f 20       		.byte	0x20
 289 0170 01       		.byte	0x1
 290 0171 01       		.byte	0x1
 291 0172 0E       		.uleb128 0xe
 292 0173 01       		.byte	0x1
 293 0174 BB010000 		.4byte	.LASF20
 294 0178 01       		.byte	0x1
 295 0179 23       		.byte	0x23
 296 017a 01       		.byte	0x1
 297 017b 01       		.byte	0x1
 298 017c 0E       		.uleb128 0xe
 299 017d 01       		.byte	0x1
 300 017e 0E000000 		.4byte	.LASF21
 301 0182 01       		.byte	0x1
 302 0183 17       		.byte	0x17
 303 0184 01       		.byte	0x1
 304 0185 01       		.byte	0x1
 305 0186 0F       		.uleb128 0xf
 306 0187 01       		.byte	0x1
 307 0188 AA010000 		.4byte	.LASF29
 308 018c 04       		.byte	0x4
 309 018d 4801     		.2byte	0x148
 310 018f 01       		.byte	0x1
 311 0190 01       		.byte	0x1
 312 0191 9B010000 		.4byte	0x19b
 313 0195 10       		.uleb128 0x10
 314 0196 AA000000 		.4byte	0xaa
 315 019a 00       		.byte	0
 316 019b 0E       		.uleb128 0xe
 317 019c 01       		.byte	0x1
 318 019d D9000000 		.4byte	.LASF22
 319 01a1 01       		.byte	0x1
 320 01a2 1D       		.byte	0x1d
 321 01a3 01       		.byte	0x1
 322 01a4 01       		.byte	0x1
 323 01a5 0E       		.uleb128 0xe
 324 01a6 01       		.byte	0x1
 325 01a7 E3000000 		.4byte	.LASF23
 326 01ab 01       		.byte	0x1
 327 01ac 26       		.byte	0x26
 328 01ad 01       		.byte	0x1
 329 01ae 01       		.byte	0x1
 330 01af 00       		.byte	0
 331              		.section	.debug_abbrev,"",%progbits
 332              	.Ldebug_abbrev0:
 333 0000 01       		.uleb128 0x1
 334 0001 11       		.uleb128 0x11
 335 0002 01       		.byte	0x1
 336 0003 25       		.uleb128 0x25
 337 0004 0E       		.uleb128 0xe
 338 0005 13       		.uleb128 0x13
ARM GAS  /tmp/ccyO5A7v.s 			page 7


 339 0006 0B       		.uleb128 0xb
 340 0007 03       		.uleb128 0x3
 341 0008 0E       		.uleb128 0xe
 342 0009 1B       		.uleb128 0x1b
 343 000a 0E       		.uleb128 0xe
 344 000b 55       		.uleb128 0x55
 345 000c 06       		.uleb128 0x6
 346 000d 11       		.uleb128 0x11
 347 000e 01       		.uleb128 0x1
 348 000f 52       		.uleb128 0x52
 349 0010 01       		.uleb128 0x1
 350 0011 10       		.uleb128 0x10
 351 0012 06       		.uleb128 0x6
 352 0013 00       		.byte	0
 353 0014 00       		.byte	0
 354 0015 02       		.uleb128 0x2
 355 0016 24       		.uleb128 0x24
 356 0017 00       		.byte	0
 357 0018 0B       		.uleb128 0xb
 358 0019 0B       		.uleb128 0xb
 359 001a 3E       		.uleb128 0x3e
 360 001b 0B       		.uleb128 0xb
 361 001c 03       		.uleb128 0x3
 362 001d 08       		.uleb128 0x8
 363 001e 00       		.byte	0
 364 001f 00       		.byte	0
 365 0020 03       		.uleb128 0x3
 366 0021 24       		.uleb128 0x24
 367 0022 00       		.byte	0
 368 0023 0B       		.uleb128 0xb
 369 0024 0B       		.uleb128 0xb
 370 0025 3E       		.uleb128 0x3e
 371 0026 0B       		.uleb128 0xb
 372 0027 03       		.uleb128 0x3
 373 0028 0E       		.uleb128 0xe
 374 0029 00       		.byte	0
 375 002a 00       		.byte	0
 376 002b 04       		.uleb128 0x4
 377 002c 16       		.uleb128 0x16
 378 002d 00       		.byte	0
 379 002e 03       		.uleb128 0x3
 380 002f 0E       		.uleb128 0xe
 381 0030 3A       		.uleb128 0x3a
 382 0031 0B       		.uleb128 0xb
 383 0032 3B       		.uleb128 0x3b
 384 0033 0B       		.uleb128 0xb
 385 0034 49       		.uleb128 0x49
 386 0035 13       		.uleb128 0x13
 387 0036 00       		.byte	0
 388 0037 00       		.byte	0
 389 0038 05       		.uleb128 0x5
 390 0039 35       		.uleb128 0x35
 391 003a 00       		.byte	0
 392 003b 49       		.uleb128 0x49
 393 003c 13       		.uleb128 0x13
 394 003d 00       		.byte	0
 395 003e 00       		.byte	0
ARM GAS  /tmp/ccyO5A7v.s 			page 8


 396 003f 06       		.uleb128 0x6
 397 0040 2E       		.uleb128 0x2e
 398 0041 01       		.byte	0x1
 399 0042 3F       		.uleb128 0x3f
 400 0043 0C       		.uleb128 0xc
 401 0044 03       		.uleb128 0x3
 402 0045 0E       		.uleb128 0xe
 403 0046 3A       		.uleb128 0x3a
 404 0047 0B       		.uleb128 0xb
 405 0048 3B       		.uleb128 0x3b
 406 0049 0B       		.uleb128 0xb
 407 004a 27       		.uleb128 0x27
 408 004b 0C       		.uleb128 0xc
 409 004c 11       		.uleb128 0x11
 410 004d 01       		.uleb128 0x1
 411 004e 12       		.uleb128 0x12
 412 004f 01       		.uleb128 0x1
 413 0050 40       		.uleb128 0x40
 414 0051 06       		.uleb128 0x6
 415 0052 9742     		.uleb128 0x2117
 416 0054 0C       		.uleb128 0xc
 417 0055 01       		.uleb128 0x1
 418 0056 13       		.uleb128 0x13
 419 0057 00       		.byte	0
 420 0058 00       		.byte	0
 421 0059 07       		.uleb128 0x7
 422 005a 34       		.uleb128 0x34
 423 005b 00       		.byte	0
 424 005c 03       		.uleb128 0x3
 425 005d 0E       		.uleb128 0xe
 426 005e 3A       		.uleb128 0x3a
 427 005f 0B       		.uleb128 0xb
 428 0060 3B       		.uleb128 0x3b
 429 0061 0B       		.uleb128 0xb
 430 0062 49       		.uleb128 0x49
 431 0063 13       		.uleb128 0x13
 432 0064 02       		.uleb128 0x2
 433 0065 0A       		.uleb128 0xa
 434 0066 00       		.byte	0
 435 0067 00       		.byte	0
 436 0068 08       		.uleb128 0x8
 437 0069 898201   		.uleb128 0x4109
 438 006c 00       		.byte	0
 439 006d 11       		.uleb128 0x11
 440 006e 01       		.uleb128 0x1
 441 006f 31       		.uleb128 0x31
 442 0070 13       		.uleb128 0x13
 443 0071 00       		.byte	0
 444 0072 00       		.byte	0
 445 0073 09       		.uleb128 0x9
 446 0074 898201   		.uleb128 0x4109
 447 0077 01       		.byte	0x1
 448 0078 11       		.uleb128 0x11
 449 0079 01       		.uleb128 0x1
 450 007a 31       		.uleb128 0x31
 451 007b 13       		.uleb128 0x13
 452 007c 01       		.uleb128 0x1
ARM GAS  /tmp/ccyO5A7v.s 			page 9


 453 007d 13       		.uleb128 0x13
 454 007e 00       		.byte	0
 455 007f 00       		.byte	0
 456 0080 0A       		.uleb128 0xa
 457 0081 8A8201   		.uleb128 0x410a
 458 0084 00       		.byte	0
 459 0085 02       		.uleb128 0x2
 460 0086 0A       		.uleb128 0xa
 461 0087 9142     		.uleb128 0x2111
 462 0089 0A       		.uleb128 0xa
 463 008a 00       		.byte	0
 464 008b 00       		.byte	0
 465 008c 0B       		.uleb128 0xb
 466 008d 898201   		.uleb128 0x4109
 467 0090 00       		.byte	0
 468 0091 11       		.uleb128 0x11
 469 0092 01       		.uleb128 0x1
 470 0093 9542     		.uleb128 0x2115
 471 0095 0C       		.uleb128 0xc
 472 0096 31       		.uleb128 0x31
 473 0097 13       		.uleb128 0x13
 474 0098 00       		.byte	0
 475 0099 00       		.byte	0
 476 009a 0C       		.uleb128 0xc
 477 009b 2E       		.uleb128 0x2e
 478 009c 01       		.byte	0x1
 479 009d 3F       		.uleb128 0x3f
 480 009e 0C       		.uleb128 0xc
 481 009f 03       		.uleb128 0x3
 482 00a0 0E       		.uleb128 0xe
 483 00a1 3A       		.uleb128 0x3a
 484 00a2 0B       		.uleb128 0xb
 485 00a3 3B       		.uleb128 0x3b
 486 00a4 0B       		.uleb128 0xb
 487 00a5 27       		.uleb128 0x27
 488 00a6 0C       		.uleb128 0xc
 489 00a7 11       		.uleb128 0x11
 490 00a8 01       		.uleb128 0x1
 491 00a9 12       		.uleb128 0x12
 492 00aa 01       		.uleb128 0x1
 493 00ab 40       		.uleb128 0x40
 494 00ac 0A       		.uleb128 0xa
 495 00ad 9742     		.uleb128 0x2117
 496 00af 0C       		.uleb128 0xc
 497 00b0 01       		.uleb128 0x1
 498 00b1 13       		.uleb128 0x13
 499 00b2 00       		.byte	0
 500 00b3 00       		.byte	0
 501 00b4 0D       		.uleb128 0xd
 502 00b5 34       		.uleb128 0x34
 503 00b6 00       		.byte	0
 504 00b7 03       		.uleb128 0x3
 505 00b8 0E       		.uleb128 0xe
 506 00b9 3A       		.uleb128 0x3a
 507 00ba 0B       		.uleb128 0xb
 508 00bb 3B       		.uleb128 0x3b
 509 00bc 05       		.uleb128 0x5
ARM GAS  /tmp/ccyO5A7v.s 			page 10


 510 00bd 49       		.uleb128 0x49
 511 00be 13       		.uleb128 0x13
 512 00bf 3F       		.uleb128 0x3f
 513 00c0 0C       		.uleb128 0xc
 514 00c1 3C       		.uleb128 0x3c
 515 00c2 0C       		.uleb128 0xc
 516 00c3 00       		.byte	0
 517 00c4 00       		.byte	0
 518 00c5 0E       		.uleb128 0xe
 519 00c6 2E       		.uleb128 0x2e
 520 00c7 00       		.byte	0
 521 00c8 3F       		.uleb128 0x3f
 522 00c9 0C       		.uleb128 0xc
 523 00ca 03       		.uleb128 0x3
 524 00cb 0E       		.uleb128 0xe
 525 00cc 3A       		.uleb128 0x3a
 526 00cd 0B       		.uleb128 0xb
 527 00ce 3B       		.uleb128 0x3b
 528 00cf 0B       		.uleb128 0xb
 529 00d0 27       		.uleb128 0x27
 530 00d1 0C       		.uleb128 0xc
 531 00d2 3C       		.uleb128 0x3c
 532 00d3 0C       		.uleb128 0xc
 533 00d4 00       		.byte	0
 534 00d5 00       		.byte	0
 535 00d6 0F       		.uleb128 0xf
 536 00d7 2E       		.uleb128 0x2e
 537 00d8 01       		.byte	0x1
 538 00d9 3F       		.uleb128 0x3f
 539 00da 0C       		.uleb128 0xc
 540 00db 03       		.uleb128 0x3
 541 00dc 0E       		.uleb128 0xe
 542 00dd 3A       		.uleb128 0x3a
 543 00de 0B       		.uleb128 0xb
 544 00df 3B       		.uleb128 0x3b
 545 00e0 05       		.uleb128 0x5
 546 00e1 27       		.uleb128 0x27
 547 00e2 0C       		.uleb128 0xc
 548 00e3 3C       		.uleb128 0x3c
 549 00e4 0C       		.uleb128 0xc
 550 00e5 01       		.uleb128 0x1
 551 00e6 13       		.uleb128 0x13
 552 00e7 00       		.byte	0
 553 00e8 00       		.byte	0
 554 00e9 10       		.uleb128 0x10
 555 00ea 05       		.uleb128 0x5
 556 00eb 00       		.byte	0
 557 00ec 49       		.uleb128 0x49
 558 00ed 13       		.uleb128 0x13
 559 00ee 00       		.byte	0
 560 00ef 00       		.byte	0
 561 00f0 00       		.byte	0
 562              		.section	.debug_loc,"",%progbits
 563              	.Ldebug_loc0:
 564              	.LLST0:
 565 0000 00000000 		.4byte	.LFB119
 566 0004 04000000 		.4byte	.LCFI0
ARM GAS  /tmp/ccyO5A7v.s 			page 11


 567 0008 0200     		.2byte	0x2
 568 000a 7D       		.byte	0x7d
 569 000b 00       		.sleb128 0
 570 000c 04000000 		.4byte	.LCFI0
 571 0010 34000000 		.4byte	.LFE119
 572 0014 0200     		.2byte	0x2
 573 0016 7D       		.byte	0x7d
 574 0017 08       		.sleb128 8
 575 0018 00000000 		.4byte	0
 576 001c 00000000 		.4byte	0
 577              		.section	.debug_aranges,"",%progbits
 578 0000 24000000 		.4byte	0x24
 579 0004 0200     		.2byte	0x2
 580 0006 00000000 		.4byte	.Ldebug_info0
 581 000a 04       		.byte	0x4
 582 000b 00       		.byte	0
 583 000c 0000     		.2byte	0
 584 000e 0000     		.2byte	0
 585 0010 00000000 		.4byte	.LFB119
 586 0014 34000000 		.4byte	.LFE119-.LFB119
 587 0018 00000000 		.4byte	.LFB118
 588 001c 04000000 		.4byte	.LFE118-.LFB118
 589 0020 00000000 		.4byte	0
 590 0024 00000000 		.4byte	0
 591              		.section	.debug_ranges,"",%progbits
 592              	.Ldebug_ranges0:
 593 0000 00000000 		.4byte	.LFB119
 594 0004 34000000 		.4byte	.LFE119
 595 0008 00000000 		.4byte	.LFB118
 596 000c 04000000 		.4byte	.LFE118
 597 0010 00000000 		.4byte	0
 598 0014 00000000 		.4byte	0
 599              		.section	.debug_line,"",%progbits
 600              	.Ldebug_line0:
 601 0000 42010000 		.section	.debug_str,"MS",%progbits,1
 601      02000D01 
 601      00000201 
 601      FB0E0D00 
 601      01010101 
 602              	.LASF9:
 603 0000 6C6F6E67 		.ascii	"long long int\000"
 603      206C6F6E 
 603      6720696E 
 603      7400
 604              	.LASF21:
 605 000e 5F676469 		.ascii	"_gdispInit\000"
 605      7370496E 
 605      697400
 606              	.LASF4:
 607 0019 73686F72 		.ascii	"short unsigned int\000"
 607      7420756E 
 607      7369676E 
 607      65642069 
 607      6E7400
 608              	.LASF0:
 609 002c 756E7369 		.ascii	"unsigned int\000"
 609      676E6564 
ARM GAS  /tmp/ccyO5A7v.s 			page 12


 609      20696E74 
 609      00
 610              	.LASF11:
 611 0039 626F6F6C 		.ascii	"bool_t\000"
 611      5F7400
 612              	.LASF10:
 613 0040 6C6F6E67 		.ascii	"long long unsigned int\000"
 613      206C6F6E 
 613      6720756E 
 613      7369676E 
 613      65642069 
 614              	.LASF2:
 615 0057 756E7369 		.ascii	"unsigned char\000"
 615      676E6564 
 615      20636861 
 615      7200
 616              	.LASF27:
 617 0065 696E6974 		.ascii	"initDone\000"
 617      446F6E65 
 617      00
 618              	.LASF8:
 619 006e 6C6F6E67 		.ascii	"long unsigned int\000"
 619      20756E73 
 619      69676E65 
 619      6420696E 
 619      7400
 620              	.LASF19:
 621 0080 5F676576 		.ascii	"_geventInit\000"
 621      656E7449 
 621      6E697400 
 622              	.LASF28:
 623 008c 49544D5F 		.ascii	"ITM_RxBuffer\000"
 623      52784275 
 623      66666572 
 623      00
 624              	.LASF15:
 625 0099 636F6C6F 		.ascii	"color_t\000"
 625      725F7400 
 626              	.LASF26:
 627 00a1 2F686F6D 		.ascii	"/home/witold/Dokumenty/arm/ChibiOS-master/demos/wid"
 627      652F7769 
 627      746F6C64 
 627      2F446F6B 
 627      756D656E 
 628 00d4 67657473 		.ascii	"gets\000"
 628      00
 629              	.LASF22:
 630 00d9 5F677769 		.ascii	"_gwinInit\000"
 630      6E496E69 
 630      7400
 631              	.LASF23:
 632 00e3 5F67696E 		.ascii	"_ginputInit\000"
 632      70757449 
 632      6E697400 
 633              	.LASF24:
 634 00ef 474E5520 		.ascii	"GNU C 4.7.4 20130613 (release) [ARM/embedded-4_7-br"
 634      4320342E 
ARM GAS  /tmp/ccyO5A7v.s 			page 13


 634      372E3420 
 634      32303133 
 634      30363133 
 635 0122 616E6368 		.ascii	"anch revision 200083]\000"
 635      20726576 
 635      6973696F 
 635      6E203230 
 635      30303833 
 636              	.LASF14:
 637 0138 63686172 		.ascii	"char\000"
 637      00
 638              	.LASF17:
 639 013d 67646973 		.ascii	"gdispInit\000"
 639      70496E69 
 639      7400
 640              	.LASF6:
 641 0147 696E7433 		.ascii	"int32_t\000"
 641      325F7400 
 642              	.LASF13:
 643 014f 73697A65 		.ascii	"sizetype\000"
 643      74797065 
 643      00
 644              	.LASF18:
 645 0158 5F676F73 		.ascii	"_gosInit\000"
 645      496E6974 
 645      00
 646              	.LASF16:
 647 0161 67667849 		.ascii	"gfxInit\000"
 647      6E697400 
 648              	.LASF3:
 649 0169 73686F72 		.ascii	"short int\000"
 649      7420696E 
 649      7400
 650              	.LASF5:
 651 0173 75696E74 		.ascii	"uint16_t\000"
 651      31365F74 
 651      00
 652              	.LASF25:
 653 017c 2E2E2F2E 		.ascii	"../../ext/ugfx/src/gfx.c\000"
 653      2E2F6578 
 653      742F7567 
 653      66782F73 
 653      72632F67 
 654              	.LASF7:
 655 0195 6C6F6E67 		.ascii	"long int\000"
 655      20696E74 
 655      00
 656              	.LASF1:
 657 019e 7369676E 		.ascii	"signed char\000"
 657      65642063 
 657      68617200 
 658              	.LASF29:
 659 01aa 67646973 		.ascii	"gdispClear\000"
 659      70436C65 
 659      617200
 660              	.LASF12:
 661 01b5 5F426F6F 		.ascii	"_Bool\000"
ARM GAS  /tmp/ccyO5A7v.s 			page 14


 661      6C00
 662              	.LASF20:
 663 01bb 5F677469 		.ascii	"_gtimerInit\000"
 663      6D657249 
 663      6E697400 
 664              		.ident	"GCC: (GNU Tools for ARM Embedded Processors) 4.7.4 20130613 (release) [ARM/embedded-4_7-br
ARM GAS  /tmp/ccyO5A7v.s 			page 15


DEFINED SYMBOLS
                            *ABS*:00000000 gfx.c
     /tmp/ccyO5A7v.s:21     .text.gfxInit:00000000 $t
     /tmp/ccyO5A7v.s:27     .text.gfxInit:00000000 gfxInit
     /tmp/ccyO5A7v.s:77     .text.gfxInit:00000030 $d
     /tmp/ccyO5A7v.s:82     .text.gdispInit:00000000 $t
     /tmp/ccyO5A7v.s:88     .text.gdispInit:00000000 gdispInit
     /tmp/ccyO5A7v.s:105    .bss.initDone.7943:00000000 initDone.7943
     /tmp/ccyO5A7v.s:106    .bss.initDone.7943:00000000 $d
                     .debug_frame:00000010 $d
     /tmp/ccyO5A7v.s:81     .text.gfxInit:00000034 $t

UNDEFINED SYMBOLS
_gosInit
_geventInit
_gtimerInit
_gdispInit
gdispClear
_gwinInit
_ginputInit
