ARM GAS  /tmp/cc6BFDxf.s 			page 1


   1              		.syntax unified
   2              		.cpu cortex-m4
   3              		.fpu softvfp
   4              		.eabi_attribute 20, 1
   5              		.eabi_attribute 21, 1
   6              		.eabi_attribute 23, 3
   7              		.eabi_attribute 24, 1
   8              		.eabi_attribute 25, 1
   9              		.eabi_attribute 26, 1
  10              		.eabi_attribute 30, 2
  11              		.eabi_attribute 34, 1
  12              		.eabi_attribute 18, 4
  13              		.thumb
  14              		.file	"chcore_v7m.c"
  15              		.text
  16              	.Ltext0:
  17              		.cfi_sections	.debug_frame
  18              		.section	.text._port_switch_from_isr,"ax",%progbits
  19              		.align	2
  20              		.p2align 4,,15
  21              		.global	_port_switch_from_isr
  22              		.thumb
  23              		.thumb_func
  24              		.type	_port_switch_from_isr, %function
  25              	_port_switch_from_isr:
  26              	.LFB11:
  27              		.file 1 "../../os/ports/GCC/ARMCMx/chcore_v7m.c"
  28              		.loc 1 200 0
  29              		.cfi_startproc
  30              		@ Naked Function: prologue and epilogue provided by programmer.
  31              		@ args = 0, pretend = 0, frame = 0
  32              		@ frame_needed = 0, uses_anonymous_args = 0
  33              		.loc 1 203 0
  34 0000 FFF7FEFF 		bl	chSchDoReschedule
  35              	.LVL0:
  36              		.loc 1 205 0
  37              	@ 205 "../../os/ports/GCC/ARMCMx/chcore_v7m.c" 1
  38              		_port_exit_from_isr:
  39              	@ 0 "" 2
  40              		.loc 1 207 0
  41              	@ 207 "../../os/ports/GCC/ARMCMx/chcore_v7m.c" 1
  42 0004 00DF     		svc     #0
  43              	@ 0 "" 2
  44              		.loc 1 214 0
  45              		.thumb
  46              		.cfi_endproc
  47              	.LFE11:
  48              		.size	_port_switch_from_isr, .-_port_switch_from_isr
  49 0006 00BFAFF3 		.section	.text.SVCallVector,"ax",%progbits
  49      0080AFF3 
  49      0080
  50              		.align	2
  51              		.p2align 4,,15
  52              		.global	SVCallVector
  53              		.thumb
  54              		.thumb_func
  55              		.type	SVCallVector, %function
ARM GAS  /tmp/cc6BFDxf.s 			page 2


  56              	SVCallVector:
  57              	.LFB8:
  58              		.loc 1 58 0
  59              		.cfi_startproc
  60              		@ args = 0, pretend = 0, frame = 0
  61              		@ frame_needed = 0, uses_anonymous_args = 0
  62              		@ link register save eliminated.
  63              		.loc 1 62 0
  64              	@ 62 "../../os/ports/GCC/ARMCMx/chcore_v7m.c" 1
  65 0000 EFF30983 		mrs     r3, PSP
  66              	@ 0 "" 2
  67              	.LVL1:
  68              		.loc 1 66 0
  69              		.thumb
  70 0004 2033     		adds	r3, r3, #32
  71              	.LVL2:
  72              		.loc 1 73 0
  73              	@ 73 "../../os/ports/GCC/ARMCMx/chcore_v7m.c" 1
  74 0006 83F30988 		msr     PSP, r3
  75              	@ 0 "" 2
  76              		.thumb
  77              	.LBB2:
  78              		.loc 1 74 0
  79 000a 0023     		movs	r3, #0
  80              	.LVL3:
  81              	@ 74 "../../os/ports/GCC/ARMCMx/chcore_v7m.c" 1
  82 000c 83F31188 		msr     BASEPRI, r3
  83              	@ 0 "" 2
  84              	.LVL4:
  85              		.thumb
  86 0010 7047     		bx	lr
  87              	.LBE2:
  88              		.cfi_endproc
  89              	.LFE8:
  90              		.size	SVCallVector, .-SVCallVector
  91 0012 00BFAFF3 		.section	.text._port_init,"ax",%progbits
  91      0080AFF3 
  91      0080AFF3 
  91      0080
  92              		.align	2
  93              		.p2align 4,,15
  94              		.global	_port_init
  95              		.thumb
  96              		.thumb_func
  97              		.type	_port_init, %function
  98              	_port_init:
  99              	.LFB9:
 100              		.loc 1 111 0
 101              		.cfi_startproc
 102              		@ args = 0, pretend = 0, frame = 0
 103              		@ frame_needed = 0, uses_anonymous_args = 0
 104 0000 08B5     		push	{r3, lr}
 105              	.LCFI0:
 106              		.cfi_def_cfa_offset 8
 107              		.cfi_offset 3, -8
 108              		.cfi_offset 14, -4
 109              		.loc 1 114 0
ARM GAS  /tmp/cc6BFDxf.s 			page 3


 110 0002 4FF46D43 		mov	r3, #60672
 111 0006 CEF20003 		movt	r3, 57344
 112              		.loc 1 115 0
 113 000a 4FF44072 		mov	r2, #768
 114 000e C0F2FA52 		movt	r2, 1530
 115              		.loc 1 114 0
 116 0012 0021     		movs	r1, #0
 117 0014 9960     		str	r1, [r3, #8]
 118              		.loc 1 118 0
 119 0016 0720     		movs	r0, #7
 120 0018 1021     		movs	r1, #16
 121              		.loc 1 115 0
 122 001a DA60     		str	r2, [r3, #12]
 123              		.loc 1 118 0
 124 001c FFF7FEFF 		bl	nvicSetSystemHandlerPriority
 125              	.LVL5:
 126              		.loc 1 120 0
 127 0020 0A20     		movs	r0, #10
 128 0022 4FF40071 		mov	r1, #512
 129 0026 FFF7FEFF 		bl	nvicSetSystemHandlerPriority
 130              	.LVL6:
 131              		.loc 1 122 0
 132 002a 0B20     		movs	r0, #11
 133 002c 8021     		movs	r1, #128
 134              		.loc 1 124 0
 135 002e BDE80840 		pop	{r3, lr}
 136              		.loc 1 122 0
 137 0032 FFF7FEBF 		b	nvicSetSystemHandlerPriority
 138              	.LVL7:
 139              		.cfi_endproc
 140              	.LFE9:
 141              		.size	_port_init, .-_port_init
 142 0036 00BFAFF3 		.section	.text._port_irq_epilogue,"ax",%progbits
 142      0080AFF3 
 142      0080
 143              		.align	2
 144              		.p2align 4,,15
 145              		.global	_port_irq_epilogue
 146              		.thumb
 147              		.thumb_func
 148              		.type	_port_irq_epilogue, %function
 149              	_port_irq_epilogue:
 150              	.LFB10:
 151              		.loc 1 141 0
 152              		.cfi_startproc
 153              		@ args = 0, pretend = 0, frame = 0
 154              		@ frame_needed = 0, uses_anonymous_args = 0
 155              		@ link register save eliminated.
 156              	.LBB3:
 157              		.loc 1 143 0
 158 0000 2023     		movs	r3, #32
 159              	.LVL8:
 160              	@ 143 "../../os/ports/GCC/ARMCMx/chcore_v7m.c" 1
 161 0002 83F31188 		msr     BASEPRI, r3
 162              	@ 0 "" 2
 163              	.LVL9:
 164              		.thumb
ARM GAS  /tmp/cc6BFDxf.s 			page 4


 165              	.LBE3:
 166              		.loc 1 144 0
 167 0006 4FF46D43 		mov	r3, #60672
 168              	.LVL10:
 169 000a CEF20003 		movt	r3, 57344
 170 000e 5868     		ldr	r0, [r3, #4]
 171 0010 10F40063 		ands	r3, r0, #2048
 172 0014 19D0     		beq	.L5
 173              	.LBB4:
 174              		.loc 1 148 0
 175              	@ 148 "../../os/ports/GCC/ARMCMx/chcore_v7m.c" 1
 176 0016 EFF30983 		mrs     r3, PSP
 177              	@ 0 "" 2
 178              	.LVL11:
 179              		.loc 1 152 0
 180              		.thumb
 181 001a A3F12002 		sub	r2, r3, #32
 182              	.LVL12:
 183              		.loc 1 153 0
 184              	@ 153 "../../os/ports/GCC/ARMCMx/chcore_v7m.c" 1
 185 001e 82F30988 		msr     PSP, r2
 186              	@ 0 "" 2
 187              		.loc 1 158 0
 188              		.thumb
 189 0022 1049     		ldr	r1, .L12
 190              		.loc 1 154 0
 191 0024 4FF08070 		mov	r0, #16777216
 192              		.loc 1 158 0
 193 0028 8A69     		ldr	r2, [r1, #24]
 194              	.LVL13:
 195              		.loc 1 154 0
 196 002a 43F8040C 		str	r0, [r3, #-4]
 197              		.loc 1 158 0
 198 002e D07F     		ldrb	r0, [r2, #31]	@ zero_extendqisi2
 199 0030 0968     		ldr	r1, [r1, #0]
 200 0032 9268     		ldr	r2, [r2, #8]
 201 0034 8968     		ldr	r1, [r1, #8]
 202 0036 58B1     		cbz	r0, .L6
 203              		.loc 1 158 0 is_stmt 0 discriminator 1
 204 0038 9142     		cmp	r1, r2
 205 003a 94BF     		ite	ls
 206 003c 0022     		movls	r2, #0
 207 003e 0122     		movhi	r2, #1
 208 0040 62B1     		cbz	r2, .L8
 209              	.L11:
 210              		.loc 1 160 0 is_stmt 1
 211 0042 094A     		ldr	r2, .L12+4
 212 0044 43F8082C 		str	r2, [r3, #-8]
 213 0048 7047     		bx	lr
 214              	.LVL14:
 215              	.L5:
 216              	.LBE4:
 217              	.LBB5:
 218              		.loc 1 190 0
 219              	@ 190 "../../os/ports/GCC/ARMCMx/chcore_v7m.c" 1
 220 004a 83F31188 		msr     BASEPRI, r3
 221              	@ 0 "" 2
ARM GAS  /tmp/cc6BFDxf.s 			page 5


 222              	.LVL15:
 223              		.thumb
 224 004e 7047     		bx	lr
 225              	.LVL16:
 226              	.L6:
 227              	.LBE5:
 228              	.LBB6:
 229              		.loc 1 158 0 discriminator 2
 230 0050 9142     		cmp	r1, r2
 231 0052 34BF     		ite	cc
 232 0054 0022     		movcc	r2, #0
 233 0056 0122     		movcs	r2, #1
 234 0058 002A     		cmp	r2, #0
 235 005a F2D1     		bne	.L11
 236              	.L8:
 237              		.loc 1 169 0
 238 005c 0348     		ldr	r0, .L12+8
 239 005e 43F8080C 		str	r0, [r3, #-8]
 240 0062 7047     		bx	lr
 241              	.L13:
 242              		.align	2
 243              	.L12:
 244 0064 00000000 		.word	rlist
 245 0068 00000000 		.word	_port_switch_from_isr
 246 006c 04000000 		.word	_port_exit_from_isr
 247              	.LBE6:
 248              		.cfi_endproc
 249              	.LFE10:
 250              		.size	_port_irq_epilogue, .-_port_irq_epilogue
 251              		.section	.text.SysTickVector,"ax",%progbits
 252              		.align	2
 253              		.p2align 4,,15
 254              		.global	SysTickVector
 255              		.thumb
 256              		.thumb_func
 257              		.type	SysTickVector, %function
 258              	SysTickVector:
 259              	.LFB7:
 260              		.loc 1 40 0
 261              		.cfi_startproc
 262              		@ args = 0, pretend = 0, frame = 0
 263              		@ frame_needed = 0, uses_anonymous_args = 0
 264 0000 08B5     		push	{r3, lr}
 265              	.LCFI1:
 266              		.cfi_def_cfa_offset 8
 267              		.cfi_offset 3, -8
 268              		.cfi_offset 14, -4
 269              	.LBB7:
 270              		.loc 1 44 0
 271 0002 2023     		movs	r3, #32
 272              	.LVL17:
 273              	@ 44 "../../os/ports/GCC/ARMCMx/chcore_v7m.c" 1
 274 0004 83F31188 		msr     BASEPRI, r3
 275              	@ 0 "" 2
 276              	.LVL18:
 277              		.thumb
 278              	.LBE7:
ARM GAS  /tmp/cc6BFDxf.s 			page 6


 279              		.loc 1 45 0
 280 0008 FFF7FEFF 		bl	chSysTimerHandlerI
 281              	.LVL19:
 282              	.LBB8:
 283              		.loc 1 46 0
 284 000c 0023     		movs	r3, #0
 285              	.LVL20:
 286              	@ 46 "../../os/ports/GCC/ARMCMx/chcore_v7m.c" 1
 287 000e 83F31188 		msr     BASEPRI, r3
 288              	@ 0 "" 2
 289              	.LVL21:
 290              		.thumb
 291              	.LBE8:
 292              		.loc 1 49 0
 293 0012 BDE80840 		pop	{r3, lr}
 294              		.loc 1 48 0
 295 0016 FFF7FEBF 		b	_port_irq_epilogue
 296              	.LVL22:
 297              		.cfi_endproc
 298              	.LFE7:
 299              		.size	SysTickVector, .-SysTickVector
 300              		.section	.text._port_switch,"ax",%progbits
 301              		.align	2
 302              		.p2align 4,,15
 303              		.global	_port_switch
 304              		.thumb
 305              		.thumb_func
 306              		.type	_port_switch, %function
 307              	_port_switch:
 308              	.LFB12:
 309              		.loc 1 229 0
 310              		.cfi_startproc
 311              		@ Naked Function: prologue and epilogue provided by programmer.
 312              		@ args = 0, pretend = 0, frame = 0
 313              		@ frame_needed = 0, uses_anonymous_args = 0
 314              	.LVL23:
 315              		.loc 1 231 0
 316              	@ 231 "../../os/ports/GCC/ARMCMx/chcore_v7m.c" 1
 317 0000 2DE9F04F 		push    {r4, r5, r6, r7, r8, r9, r10, r11, lr}
 318              	@ 0 "" 2
 319              		.loc 1 237 0
 320              	@ 237 "../../os/ports/GCC/ARMCMx/chcore_v7m.c" 1
 321 0004 C1F80CD0 		str     sp, [r1, #12]                          
 322 0008 D0F80CD0 		ldr     sp, [r0, #12]
 323              	@ 0 "" 2
 324              		.loc 1 243 0
 325              	@ 243 "../../os/ports/GCC/ARMCMx/chcore_v7m.c" 1
 326 000c BDE8F08F 		pop     {r4, r5, r6, r7, r8, r9, r10, r11, pc}
 327              	@ 0 "" 2
 328              		.loc 1 245 0
 329              		.thumb
 330              		.cfi_endproc
 331              	.LFE12:
 332              		.size	_port_switch, .-_port_switch
 333              		.section	.text._port_thread_start,"ax",%progbits
 334              		.align	2
 335              		.p2align 4,,15
ARM GAS  /tmp/cc6BFDxf.s 			page 7


 336              		.global	_port_thread_start
 337              		.thumb
 338              		.thumb_func
 339              		.type	_port_thread_start, %function
 340              	_port_thread_start:
 341              	.LFB13:
 342              		.loc 1 252 0
 343              		.cfi_startproc
 344              		@ args = 0, pretend = 0, frame = 0
 345              		@ frame_needed = 0, uses_anonymous_args = 0
 346              		@ link register save eliminated.
 347              	.LBB9:
 348              		.loc 1 254 0
 349 0000 0023     		movs	r3, #0
 350              	.LVL24:
 351              	@ 254 "../../os/ports/GCC/ARMCMx/chcore_v7m.c" 1
 352 0002 83F31188 		msr     BASEPRI, r3
 353              	@ 0 "" 2
 354              	.LVL25:
 355              		.thumb
 356              	.LBE9:
 357              		.loc 1 255 0
 358              	@ 255 "../../os/ports/GCC/ARMCMx/chcore_v7m.c" 1
 359 0006 2846     		mov     r0, r5                                 
 360 0008 A047     		blx     r4                                     
 361 000a FFF7FEFF 		bl      chThdExit
 362              	@ 0 "" 2
 363              		.thumb
 364 000e 7047     		bx	lr
 365              		.cfi_endproc
 366              	.LFE13:
 367              		.size	_port_thread_start, .-_port_thread_start
 368              		.text
 369              	.Letext0:
 370              		.file 2 "/usr/bin/../lib/gcc/arm-none-eabi/4.7.4/../../../../arm-none-eabi/include/stdint.h"
 371              		.file 3 "../../os/ports/GCC/ARMCMx/chtypes.h"
 372              		.file 4 "../../os/kernel/include/chlists.h"
 373              		.file 5 "../../os/kernel/include/chthreads.h"
 374              		.file 6 "../../os/ports/GCC/ARMCMx/chcore_v7m.h"
 375              		.file 7 "../../os/ports/common/ARMCMx/nvic.h"
 376              		.file 8 "../../os/kernel/include/chschd.h"
 377              		.file 9 "../../os/kernel/include/chmtx.h"
 378              		.file 10 "../../os/kernel/include/chsys.h"
 379              		.section	.debug_info,"",%progbits
 380              	.Ldebug_info0:
 381 0000 98080000 		.4byte	0x898
 382 0004 0200     		.2byte	0x2
 383 0006 00000000 		.4byte	.Ldebug_abbrev0
 384 000a 04       		.byte	0x4
 385 000b 01       		.uleb128 0x1
 386 000c 1E020000 		.4byte	.LASF93
 387 0010 01       		.byte	0x1
 388 0011 65030000 		.4byte	.LASF94
 389 0015 1D010000 		.4byte	.LASF95
 390 0019 18000000 		.4byte	.Ldebug_ranges0+0x18
 391 001d 00000000 		.4byte	0
 392 0021 00000000 		.4byte	0
ARM GAS  /tmp/cc6BFDxf.s 			page 8


 393 0025 00000000 		.4byte	.Ldebug_line0
 394 0029 02       		.uleb128 0x2
 395 002a 04       		.byte	0x4
 396 002b 05       		.byte	0x5
 397 002c 696E7400 		.ascii	"int\000"
 398 0030 03       		.uleb128 0x3
 399 0031 04       		.byte	0x4
 400 0032 07       		.byte	0x7
 401 0033 09010000 		.4byte	.LASF0
 402 0037 03       		.uleb128 0x3
 403 0038 01       		.byte	0x1
 404 0039 06       		.byte	0x6
 405 003a 71000000 		.4byte	.LASF1
 406 003e 04       		.uleb128 0x4
 407 003f EF030000 		.4byte	.LASF5
 408 0043 02       		.byte	0x2
 409 0044 2A       		.byte	0x2a
 410 0045 49000000 		.4byte	0x49
 411 0049 03       		.uleb128 0x3
 412 004a 01       		.byte	0x1
 413 004b 08       		.byte	0x8
 414 004c CC020000 		.4byte	.LASF2
 415 0050 03       		.uleb128 0x3
 416 0051 02       		.byte	0x2
 417 0052 05       		.byte	0x5
 418 0053 EA020000 		.4byte	.LASF3
 419 0057 03       		.uleb128 0x3
 420 0058 02       		.byte	0x2
 421 0059 07       		.byte	0x7
 422 005a B6010000 		.4byte	.LASF4
 423 005e 04       		.uleb128 0x4
 424 005f C4020000 		.4byte	.LASF6
 425 0063 02       		.byte	0x2
 426 0064 4F       		.byte	0x4f
 427 0065 69000000 		.4byte	0x69
 428 0069 03       		.uleb128 0x3
 429 006a 04       		.byte	0x4
 430 006b 05       		.byte	0x5
 431 006c 97000000 		.4byte	.LASF7
 432 0070 04       		.uleb128 0x4
 433 0071 3A030000 		.4byte	.LASF8
 434 0075 02       		.byte	0x2
 435 0076 50       		.byte	0x50
 436 0077 7B000000 		.4byte	0x7b
 437 007b 03       		.uleb128 0x3
 438 007c 04       		.byte	0x4
 439 007d 07       		.byte	0x7
 440 007e 81010000 		.4byte	.LASF9
 441 0082 03       		.uleb128 0x3
 442 0083 08       		.byte	0x8
 443 0084 05       		.byte	0x5
 444 0085 63000000 		.4byte	.LASF10
 445 0089 03       		.uleb128 0x3
 446 008a 08       		.byte	0x8
 447 008b 07       		.byte	0x7
 448 008c 36000000 		.4byte	.LASF11
 449 0090 03       		.uleb128 0x3
ARM GAS  /tmp/cc6BFDxf.s 			page 9


 450 0091 01       		.byte	0x1
 451 0092 02       		.byte	0x2
 452 0093 BE020000 		.4byte	.LASF12
 453 0097 04       		.uleb128 0x4
 454 0098 F8010000 		.4byte	.LASF13
 455 009c 03       		.byte	0x3
 456 009d 25       		.byte	0x25
 457 009e 3E000000 		.4byte	0x3e
 458 00a2 04       		.uleb128 0x4
 459 00a3 A0000000 		.4byte	.LASF14
 460 00a7 03       		.byte	0x3
 461 00a8 26       		.byte	0x26
 462 00a9 3E000000 		.4byte	0x3e
 463 00ad 04       		.uleb128 0x4
 464 00ae A2020000 		.4byte	.LASF15
 465 00b2 03       		.byte	0x3
 466 00b3 27       		.byte	0x27
 467 00b4 3E000000 		.4byte	0x3e
 468 00b8 04       		.uleb128 0x4
 469 00b9 8D000000 		.4byte	.LASF16
 470 00bd 03       		.byte	0x3
 471 00be 28       		.byte	0x28
 472 00bf 3E000000 		.4byte	0x3e
 473 00c3 04       		.uleb128 0x4
 474 00c4 B6020000 		.4byte	.LASF17
 475 00c8 03       		.byte	0x3
 476 00c9 29       		.byte	0x29
 477 00ca 70000000 		.4byte	0x70
 478 00ce 04       		.uleb128 0x4
 479 00cf CE010000 		.4byte	.LASF18
 480 00d3 03       		.byte	0x3
 481 00d4 2A       		.byte	0x2a
 482 00d5 5E000000 		.4byte	0x5e
 483 00d9 04       		.uleb128 0x4
 484 00da 0C020000 		.4byte	.LASF19
 485 00de 03       		.byte	0x3
 486 00df 2C       		.byte	0x2c
 487 00e0 70000000 		.4byte	0x70
 488 00e4 04       		.uleb128 0x4
 489 00e5 93030000 		.4byte	.LASF20
 490 00e9 03       		.byte	0x3
 491 00ea 2E       		.byte	0x2e
 492 00eb 70000000 		.4byte	0x70
 493 00ef 04       		.uleb128 0x4
 494 00f0 28030000 		.4byte	.LASF21
 495 00f4 04       		.byte	0x4
 496 00f5 23       		.byte	0x23
 497 00f6 FA000000 		.4byte	0xfa
 498 00fa 05       		.uleb128 0x5
 499 00fb 28030000 		.4byte	.LASF21
 500 00ff 48       		.byte	0x48
 501 0100 05       		.byte	0x5
 502 0101 57       		.byte	0x57
 503 0102 1F020000 		.4byte	0x21f
 504 0106 06       		.uleb128 0x6
 505 0107 19030000 		.4byte	.LASF22
 506 010b 05       		.byte	0x5
ARM GAS  /tmp/cc6BFDxf.s 			page 10


 507 010c 58       		.byte	0x58
 508 010d 44020000 		.4byte	0x244
 509 0111 02       		.byte	0x2
 510 0112 23       		.byte	0x23
 511 0113 00       		.uleb128 0
 512 0114 06       		.uleb128 0x6
 513 0115 AF020000 		.4byte	.LASF23
 514 0119 05       		.byte	0x5
 515 011a 5A       		.byte	0x5a
 516 011b 44020000 		.4byte	0x244
 517 011f 02       		.byte	0x2
 518 0120 23       		.byte	0x23
 519 0121 04       		.uleb128 0x4
 520 0122 06       		.uleb128 0x6
 521 0123 5C000000 		.4byte	.LASF24
 522 0127 05       		.byte	0x5
 523 0128 5C       		.byte	0x5c
 524 0129 C3000000 		.4byte	0xc3
 525 012d 02       		.byte	0x2
 526 012e 23       		.byte	0x23
 527 012f 08       		.uleb128 0x8
 528 0130 06       		.uleb128 0x6
 529 0131 23040000 		.4byte	.LASF25
 530 0135 05       		.byte	0x5
 531 0136 5D       		.byte	0x5d
 532 0137 8A030000 		.4byte	0x38a
 533 013b 02       		.byte	0x2
 534 013c 23       		.byte	0x23
 535 013d 0C       		.uleb128 0xc
 536 013e 06       		.uleb128 0x6
 537 013f BC000000 		.4byte	.LASF26
 538 0143 05       		.byte	0x5
 539 0144 5F       		.byte	0x5f
 540 0145 44020000 		.4byte	0x244
 541 0149 02       		.byte	0x2
 542 014a 23       		.byte	0x23
 543 014b 10       		.uleb128 0x10
 544 014c 06       		.uleb128 0x6
 545 014d 75020000 		.4byte	.LASF27
 546 0151 05       		.byte	0x5
 547 0152 60       		.byte	0x60
 548 0153 44020000 		.4byte	0x244
 549 0157 02       		.byte	0x2
 550 0158 23       		.byte	0x23
 551 0159 14       		.uleb128 0x14
 552 015a 06       		.uleb128 0x6
 553 015b 09040000 		.4byte	.LASF28
 554 015f 05       		.byte	0x5
 555 0160 67       		.byte	0x67
 556 0161 42060000 		.4byte	0x642
 557 0165 02       		.byte	0x2
 558 0166 23       		.byte	0x23
 559 0167 18       		.uleb128 0x18
 560 0168 06       		.uleb128 0x6
 561 0169 F4020000 		.4byte	.LASF29
 562 016d 05       		.byte	0x5
 563 016e 72       		.byte	0x72
ARM GAS  /tmp/cc6BFDxf.s 			page 11


 564 016f A2000000 		.4byte	0xa2
 565 0173 02       		.byte	0x2
 566 0174 23       		.byte	0x23
 567 0175 1C       		.uleb128 0x1c
 568 0176 06       		.uleb128 0x6
 569 0177 20030000 		.4byte	.LASF30
 570 017b 05       		.byte	0x5
 571 017c 76       		.byte	0x76
 572 017d 97000000 		.4byte	0x97
 573 0181 02       		.byte	0x2
 574 0182 23       		.byte	0x23
 575 0183 1D       		.uleb128 0x1d
 576 0184 06       		.uleb128 0x6
 577 0185 D3030000 		.4byte	.LASF31
 578 0189 05       		.byte	0x5
 579 018a 7B       		.byte	0x7b
 580 018b AD000000 		.4byte	0xad
 581 018f 02       		.byte	0x2
 582 0190 23       		.byte	0x23
 583 0191 1E       		.uleb128 0x1e
 584 0192 06       		.uleb128 0x6
 585 0193 FC020000 		.4byte	.LASF32
 586 0197 05       		.byte	0x5
 587 0198 81       		.byte	0x81
 588 0199 B8000000 		.4byte	0xb8
 589 019d 02       		.byte	0x2
 590 019e 23       		.byte	0x23
 591 019f 1F       		.uleb128 0x1f
 592 01a0 06       		.uleb128 0x6
 593 01a1 B5030000 		.4byte	.LASF33
 594 01a5 05       		.byte	0x5
 595 01a6 88       		.byte	0x88
 596 01a7 58050000 		.4byte	0x558
 597 01ab 02       		.byte	0x2
 598 01ac 23       		.byte	0x23
 599 01ad 20       		.uleb128 0x20
 600 01ae 07       		.uleb128 0x7
 601 01af 705F7500 		.ascii	"p_u\000"
 602 01b3 05       		.byte	0x5
 603 01b4 AD       		.byte	0xad
 604 01b5 0D060000 		.4byte	0x60d
 605 01b9 02       		.byte	0x2
 606 01ba 23       		.byte	0x23
 607 01bb 24       		.uleb128 0x24
 608 01bc 06       		.uleb128 0x6
 609 01bd 29040000 		.4byte	.LASF34
 610 01c1 05       		.byte	0x5
 611 01c2 B2       		.byte	0xb2
 612 01c3 6C020000 		.4byte	0x26c
 613 01c7 02       		.byte	0x2
 614 01c8 23       		.byte	0x23
 615 01c9 28       		.uleb128 0x28
 616 01ca 06       		.uleb128 0x6
 617 01cb C8030000 		.4byte	.LASF35
 618 01cf 05       		.byte	0x5
 619 01d0 B8       		.byte	0xb8
 620 01d1 4A020000 		.4byte	0x24a
ARM GAS  /tmp/cc6BFDxf.s 			page 12


 621 01d5 02       		.byte	0x2
 622 01d6 23       		.byte	0x23
 623 01d7 2C       		.uleb128 0x2c
 624 01d8 06       		.uleb128 0x6
 625 01d9 00000000 		.4byte	.LASF36
 626 01dd 05       		.byte	0x5
 627 01de BC       		.byte	0xbc
 628 01df CE000000 		.4byte	0xce
 629 01e3 02       		.byte	0x2
 630 01e4 23       		.byte	0x23
 631 01e5 34       		.uleb128 0x34
 632 01e6 06       		.uleb128 0x6
 633 01e7 2F030000 		.4byte	.LASF37
 634 01eb 05       		.byte	0x5
 635 01ec C2       		.byte	0xc2
 636 01ed D9000000 		.4byte	0xd9
 637 01f1 02       		.byte	0x2
 638 01f2 23       		.byte	0x23
 639 01f3 38       		.uleb128 0x38
 640 01f4 06       		.uleb128 0x6
 641 01f5 E0020000 		.4byte	.LASF38
 642 01f9 05       		.byte	0x5
 643 01fa C9       		.byte	0xc9
 644 01fb 54060000 		.4byte	0x654
 645 01ff 02       		.byte	0x2
 646 0200 23       		.byte	0x23
 647 0201 3C       		.uleb128 0x3c
 648 0202 06       		.uleb128 0x6
 649 0203 9D030000 		.4byte	.LASF39
 650 0207 05       		.byte	0x5
 651 0208 CD       		.byte	0xcd
 652 0209 C3000000 		.4byte	0xc3
 653 020d 02       		.byte	0x2
 654 020e 23       		.byte	0x23
 655 020f 40       		.uleb128 0x40
 656 0210 06       		.uleb128 0x6
 657 0211 7D000000 		.4byte	.LASF40
 658 0215 05       		.byte	0x5
 659 0216 D3       		.byte	0xd3
 660 0217 82020000 		.4byte	0x282
 661 021b 02       		.byte	0x2
 662 021c 23       		.byte	0x23
 663 021d 44       		.uleb128 0x44
 664 021e 00       		.byte	0
 665 021f 08       		.uleb128 0x8
 666 0220 08       		.byte	0x8
 667 0221 04       		.byte	0x4
 668 0222 5A       		.byte	0x5a
 669 0223 44020000 		.4byte	0x244
 670 0227 06       		.uleb128 0x6
 671 0228 19030000 		.4byte	.LASF22
 672 022c 04       		.byte	0x4
 673 022d 5B       		.byte	0x5b
 674 022e 44020000 		.4byte	0x244
 675 0232 02       		.byte	0x2
 676 0233 23       		.byte	0x23
 677 0234 00       		.uleb128 0
ARM GAS  /tmp/cc6BFDxf.s 			page 13


 678 0235 06       		.uleb128 0x6
 679 0236 AF020000 		.4byte	.LASF23
 680 023a 04       		.byte	0x4
 681 023b 5D       		.byte	0x5d
 682 023c 44020000 		.4byte	0x244
 683 0240 02       		.byte	0x2
 684 0241 23       		.byte	0x23
 685 0242 04       		.uleb128 0x4
 686 0243 00       		.byte	0
 687 0244 09       		.uleb128 0x9
 688 0245 04       		.byte	0x4
 689 0246 EF000000 		.4byte	0xef
 690 024a 04       		.uleb128 0x4
 691 024b 83020000 		.4byte	.LASF41
 692 024f 04       		.byte	0x4
 693 0250 5F       		.byte	0x5f
 694 0251 1F020000 		.4byte	0x21f
 695 0255 08       		.uleb128 0x8
 696 0256 04       		.byte	0x4
 697 0257 04       		.byte	0x4
 698 0258 64       		.byte	0x64
 699 0259 6C020000 		.4byte	0x26c
 700 025d 06       		.uleb128 0x6
 701 025e 19030000 		.4byte	.LASF22
 702 0262 04       		.byte	0x4
 703 0263 66       		.byte	0x66
 704 0264 44020000 		.4byte	0x244
 705 0268 02       		.byte	0x2
 706 0269 23       		.byte	0x23
 707 026a 00       		.uleb128 0
 708 026b 00       		.byte	0
 709 026c 04       		.uleb128 0x4
 710 026d 00020000 		.4byte	.LASF42
 711 0271 04       		.byte	0x4
 712 0272 69       		.byte	0x69
 713 0273 55020000 		.4byte	0x255
 714 0277 04       		.uleb128 0x4
 715 0278 EE000000 		.4byte	.LASF43
 716 027c 06       		.byte	0x6
 717 027d DE       		.byte	0xde
 718 027e 82020000 		.4byte	0x282
 719 0282 0A       		.uleb128 0xa
 720 0283 04       		.byte	0x4
 721 0284 05       		.uleb128 0x5
 722 0285 6D010000 		.4byte	.LASF44
 723 0289 20       		.byte	0x20
 724 028a 06       		.byte	0x6
 725 028b E6       		.byte	0xe6
 726 028c FC020000 		.4byte	0x2fc
 727 0290 07       		.uleb128 0x7
 728 0291 723000   		.ascii	"r0\000"
 729 0294 06       		.byte	0x6
 730 0295 E7       		.byte	0xe7
 731 0296 77020000 		.4byte	0x277
 732 029a 02       		.byte	0x2
 733 029b 23       		.byte	0x23
 734 029c 00       		.uleb128 0
ARM GAS  /tmp/cc6BFDxf.s 			page 14


 735 029d 07       		.uleb128 0x7
 736 029e 723100   		.ascii	"r1\000"
 737 02a1 06       		.byte	0x6
 738 02a2 E8       		.byte	0xe8
 739 02a3 77020000 		.4byte	0x277
 740 02a7 02       		.byte	0x2
 741 02a8 23       		.byte	0x23
 742 02a9 04       		.uleb128 0x4
 743 02aa 07       		.uleb128 0x7
 744 02ab 723200   		.ascii	"r2\000"
 745 02ae 06       		.byte	0x6
 746 02af E9       		.byte	0xe9
 747 02b0 77020000 		.4byte	0x277
 748 02b4 02       		.byte	0x2
 749 02b5 23       		.byte	0x23
 750 02b6 08       		.uleb128 0x8
 751 02b7 07       		.uleb128 0x7
 752 02b8 723300   		.ascii	"r3\000"
 753 02bb 06       		.byte	0x6
 754 02bc EA       		.byte	0xea
 755 02bd 77020000 		.4byte	0x277
 756 02c1 02       		.byte	0x2
 757 02c2 23       		.byte	0x23
 758 02c3 0C       		.uleb128 0xc
 759 02c4 07       		.uleb128 0x7
 760 02c5 72313200 		.ascii	"r12\000"
 761 02c9 06       		.byte	0x6
 762 02ca EB       		.byte	0xeb
 763 02cb 77020000 		.4byte	0x277
 764 02cf 02       		.byte	0x2
 765 02d0 23       		.byte	0x23
 766 02d1 10       		.uleb128 0x10
 767 02d2 06       		.uleb128 0x6
 768 02d3 16010000 		.4byte	.LASF45
 769 02d7 06       		.byte	0x6
 770 02d8 EC       		.byte	0xec
 771 02d9 77020000 		.4byte	0x277
 772 02dd 02       		.byte	0x2
 773 02de 23       		.byte	0x23
 774 02df 14       		.uleb128 0x14
 775 02e0 07       		.uleb128 0x7
 776 02e1 706300   		.ascii	"pc\000"
 777 02e4 06       		.byte	0x6
 778 02e5 ED       		.byte	0xed
 779 02e6 77020000 		.4byte	0x277
 780 02ea 02       		.byte	0x2
 781 02eb 23       		.byte	0x23
 782 02ec 18       		.uleb128 0x18
 783 02ed 06       		.uleb128 0x6
 784 02ee 06030000 		.4byte	.LASF46
 785 02f2 06       		.byte	0x6
 786 02f3 EE       		.byte	0xee
 787 02f4 77020000 		.4byte	0x277
 788 02f8 02       		.byte	0x2
 789 02f9 23       		.byte	0x23
 790 02fa 1C       		.uleb128 0x1c
 791 02fb 00       		.byte	0
ARM GAS  /tmp/cc6BFDxf.s 			page 15


 792 02fc 0B       		.uleb128 0xb
 793 02fd C1030000 		.4byte	.LASF47
 794 0301 24       		.byte	0x24
 795 0302 06       		.byte	0x6
 796 0303 0501     		.2byte	0x105
 797 0305 8A030000 		.4byte	0x38a
 798 0309 0C       		.uleb128 0xc
 799 030a 723400   		.ascii	"r4\000"
 800 030d 06       		.byte	0x6
 801 030e 1801     		.2byte	0x118
 802 0310 77020000 		.4byte	0x277
 803 0314 02       		.byte	0x2
 804 0315 23       		.byte	0x23
 805 0316 00       		.uleb128 0
 806 0317 0C       		.uleb128 0xc
 807 0318 723500   		.ascii	"r5\000"
 808 031b 06       		.byte	0x6
 809 031c 1901     		.2byte	0x119
 810 031e 77020000 		.4byte	0x277
 811 0322 02       		.byte	0x2
 812 0323 23       		.byte	0x23
 813 0324 04       		.uleb128 0x4
 814 0325 0C       		.uleb128 0xc
 815 0326 723600   		.ascii	"r6\000"
 816 0329 06       		.byte	0x6
 817 032a 1A01     		.2byte	0x11a
 818 032c 77020000 		.4byte	0x277
 819 0330 02       		.byte	0x2
 820 0331 23       		.byte	0x23
 821 0332 08       		.uleb128 0x8
 822 0333 0C       		.uleb128 0xc
 823 0334 723700   		.ascii	"r7\000"
 824 0337 06       		.byte	0x6
 825 0338 1B01     		.2byte	0x11b
 826 033a 77020000 		.4byte	0x277
 827 033e 02       		.byte	0x2
 828 033f 23       		.byte	0x23
 829 0340 0C       		.uleb128 0xc
 830 0341 0C       		.uleb128 0xc
 831 0342 723800   		.ascii	"r8\000"
 832 0345 06       		.byte	0x6
 833 0346 1C01     		.2byte	0x11c
 834 0348 77020000 		.4byte	0x277
 835 034c 02       		.byte	0x2
 836 034d 23       		.byte	0x23
 837 034e 10       		.uleb128 0x10
 838 034f 0C       		.uleb128 0xc
 839 0350 723900   		.ascii	"r9\000"
 840 0353 06       		.byte	0x6
 841 0354 1D01     		.2byte	0x11d
 842 0356 77020000 		.4byte	0x277
 843 035a 02       		.byte	0x2
 844 035b 23       		.byte	0x23
 845 035c 14       		.uleb128 0x14
 846 035d 0C       		.uleb128 0xc
 847 035e 72313000 		.ascii	"r10\000"
 848 0362 06       		.byte	0x6
ARM GAS  /tmp/cc6BFDxf.s 			page 16


 849 0363 1E01     		.2byte	0x11e
 850 0365 77020000 		.4byte	0x277
 851 0369 02       		.byte	0x2
 852 036a 23       		.byte	0x23
 853 036b 18       		.uleb128 0x18
 854 036c 0C       		.uleb128 0xc
 855 036d 72313100 		.ascii	"r11\000"
 856 0371 06       		.byte	0x6
 857 0372 1F01     		.2byte	0x11f
 858 0374 77020000 		.4byte	0x277
 859 0378 02       		.byte	0x2
 860 0379 23       		.byte	0x23
 861 037a 1C       		.uleb128 0x1c
 862 037b 0C       		.uleb128 0xc
 863 037c 6C7200   		.ascii	"lr\000"
 864 037f 06       		.byte	0x6
 865 0380 2001     		.2byte	0x120
 866 0382 77020000 		.4byte	0x277
 867 0386 02       		.byte	0x2
 868 0387 23       		.byte	0x23
 869 0388 20       		.uleb128 0x20
 870 0389 00       		.byte	0
 871 038a 0B       		.uleb128 0xb
 872 038b AE010000 		.4byte	.LASF48
 873 038f 04       		.byte	0x4
 874 0390 06       		.byte	0x6
 875 0391 2A01     		.2byte	0x12a
 876 0393 A7030000 		.4byte	0x3a7
 877 0397 0C       		.uleb128 0xc
 878 0398 72313300 		.ascii	"r13\000"
 879 039c 06       		.byte	0x6
 880 039d 2B01     		.2byte	0x12b
 881 039f A7030000 		.4byte	0x3a7
 882 03a3 02       		.byte	0x2
 883 03a4 23       		.byte	0x23
 884 03a5 00       		.uleb128 0
 885 03a6 00       		.byte	0
 886 03a7 09       		.uleb128 0x9
 887 03a8 04       		.byte	0x4
 888 03a9 FC020000 		.4byte	0x2fc
 889 03ad 04       		.uleb128 0x4
 890 03ae 5D030000 		.4byte	.LASF49
 891 03b2 07       		.byte	0x7
 892 03b3 33       		.byte	0x33
 893 03b4 B8030000 		.4byte	0x3b8
 894 03b8 0D       		.uleb128 0xd
 895 03b9 70000000 		.4byte	0x70
 896 03bd 03       		.uleb128 0x3
 897 03be 04       		.byte	0x4
 898 03bf 07       		.byte	0x7
 899 03c0 67020000 		.4byte	.LASF50
 900 03c4 08       		.uleb128 0x8
 901 03c5 8C       		.byte	0x8c
 902 03c6 07       		.byte	0x7
 903 03c7 82       		.byte	0x82
 904 03c8 F4040000 		.4byte	0x4f4
 905 03cc 06       		.uleb128 0x6
ARM GAS  /tmp/cc6BFDxf.s 			page 17


 906 03cd 56000000 		.4byte	.LASF51
 907 03d1 07       		.byte	0x7
 908 03d2 83       		.byte	0x83
 909 03d3 AD030000 		.4byte	0x3ad
 910 03d7 02       		.byte	0x2
 911 03d8 23       		.byte	0x23
 912 03d9 00       		.uleb128 0
 913 03da 06       		.uleb128 0x6
 914 03db C9010000 		.4byte	.LASF52
 915 03df 07       		.byte	0x7
 916 03e0 84       		.byte	0x84
 917 03e1 AD030000 		.4byte	0x3ad
 918 03e5 02       		.byte	0x2
 919 03e6 23       		.byte	0x23
 920 03e7 04       		.uleb128 0x4
 921 03e8 06       		.uleb128 0x6
 922 03e9 93010000 		.4byte	.LASF53
 923 03ed 07       		.byte	0x7
 924 03ee 85       		.byte	0x85
 925 03ef AD030000 		.4byte	0x3ad
 926 03f3 02       		.byte	0x2
 927 03f4 23       		.byte	0x23
 928 03f5 08       		.uleb128 0x8
 929 03f6 06       		.uleb128 0x6
 930 03f7 D4010000 		.4byte	.LASF54
 931 03fb 07       		.byte	0x7
 932 03fc 86       		.byte	0x86
 933 03fd AD030000 		.4byte	0x3ad
 934 0401 02       		.byte	0x2
 935 0402 23       		.byte	0x23
 936 0403 0C       		.uleb128 0xc
 937 0404 07       		.uleb128 0x7
 938 0405 53435200 		.ascii	"SCR\000"
 939 0409 07       		.byte	0x7
 940 040a 87       		.byte	0x87
 941 040b AD030000 		.4byte	0x3ad
 942 040f 02       		.byte	0x2
 943 0410 23       		.byte	0x23
 944 0411 10       		.uleb128 0x10
 945 0412 07       		.uleb128 0x7
 946 0413 43435200 		.ascii	"CCR\000"
 947 0417 07       		.byte	0x7
 948 0418 88       		.byte	0x88
 949 0419 AD030000 		.4byte	0x3ad
 950 041d 02       		.byte	0x2
 951 041e 23       		.byte	0x23
 952 041f 14       		.uleb128 0x14
 953 0420 06       		.uleb128 0x6
 954 0421 BC030000 		.4byte	.LASF55
 955 0425 07       		.byte	0x7
 956 0426 89       		.byte	0x89
 957 0427 04050000 		.4byte	0x504
 958 042b 02       		.byte	0x2
 959 042c 23       		.byte	0x23
 960 042d 18       		.uleb128 0x18
 961 042e 06       		.uleb128 0x6
 962 042f DA020000 		.4byte	.LASF56
ARM GAS  /tmp/cc6BFDxf.s 			page 18


 963 0433 07       		.byte	0x7
 964 0434 8A       		.byte	0x8a
 965 0435 AD030000 		.4byte	0x3ad
 966 0439 02       		.byte	0x2
 967 043a 23       		.byte	0x23
 968 043b 24       		.uleb128 0x24
 969 043c 06       		.uleb128 0x6
 970 043d 70020000 		.4byte	.LASF57
 971 0441 07       		.byte	0x7
 972 0442 8B       		.byte	0x8b
 973 0443 AD030000 		.4byte	0x3ad
 974 0447 02       		.byte	0x2
 975 0448 23       		.byte	0x23
 976 0449 28       		.uleb128 0x28
 977 044a 06       		.uleb128 0x6
 978 044b 16040000 		.4byte	.LASF58
 979 044f 07       		.byte	0x7
 980 0450 8C       		.byte	0x8c
 981 0451 AD030000 		.4byte	0x3ad
 982 0455 02       		.byte	0x2
 983 0456 23       		.byte	0x23
 984 0457 2C       		.uleb128 0x2c
 985 0458 06       		.uleb128 0x6
 986 0459 DA010000 		.4byte	.LASF59
 987 045d 07       		.byte	0x7
 988 045e 8D       		.byte	0x8d
 989 045f AD030000 		.4byte	0x3ad
 990 0463 02       		.byte	0x2
 991 0464 23       		.byte	0x23
 992 0465 30       		.uleb128 0x30
 993 0466 06       		.uleb128 0x6
 994 0467 DF010000 		.4byte	.LASF60
 995 046b 07       		.byte	0x7
 996 046c 8E       		.byte	0x8e
 997 046d AD030000 		.4byte	0x3ad
 998 0471 02       		.byte	0x2
 999 0472 23       		.byte	0x23
 1000 0473 34       		.uleb128 0x34
 1001 0474 06       		.uleb128 0x6
 1002 0475 C4000000 		.4byte	.LASF61
 1003 0479 07       		.byte	0x7
 1004 047a 8F       		.byte	0x8f
 1005 047b AD030000 		.4byte	0x3ad
 1006 047f 02       		.byte	0x2
 1007 0480 23       		.byte	0x23
 1008 0481 38       		.uleb128 0x38
 1009 0482 06       		.uleb128 0x6
 1010 0483 4B030000 		.4byte	.LASF62
 1011 0487 07       		.byte	0x7
 1012 0488 90       		.byte	0x90
 1013 0489 AD030000 		.4byte	0x3ad
 1014 048d 02       		.byte	0x2
 1015 048e 23       		.byte	0x23
 1016 048f 3C       		.uleb128 0x3c
 1017 0490 07       		.uleb128 0x7
 1018 0491 50465200 		.ascii	"PFR\000"
 1019 0495 07       		.byte	0x7
ARM GAS  /tmp/cc6BFDxf.s 			page 19


 1020 0496 91       		.byte	0x91
 1021 0497 19050000 		.4byte	0x519
 1022 049b 02       		.byte	0x2
 1023 049c 23       		.byte	0x23
 1024 049d 40       		.uleb128 0x40
 1025 049e 07       		.uleb128 0x7
 1026 049f 44465200 		.ascii	"DFR\000"
 1027 04a3 07       		.byte	0x7
 1028 04a4 92       		.byte	0x92
 1029 04a5 AD030000 		.4byte	0x3ad
 1030 04a9 02       		.byte	0x2
 1031 04aa 23       		.byte	0x23
 1032 04ab 48       		.uleb128 0x48
 1033 04ac 07       		.uleb128 0x7
 1034 04ad 41445200 		.ascii	"ADR\000"
 1035 04b1 07       		.byte	0x7
 1036 04b2 93       		.byte	0x93
 1037 04b3 AD030000 		.4byte	0x3ad
 1038 04b7 02       		.byte	0x2
 1039 04b8 23       		.byte	0x23
 1040 04b9 4C       		.uleb128 0x4c
 1041 04ba 06       		.uleb128 0x6
 1042 04bb E4030000 		.4byte	.LASF63
 1043 04bf 07       		.byte	0x7
 1044 04c0 94       		.byte	0x94
 1045 04c1 2E050000 		.4byte	0x52e
 1046 04c5 02       		.byte	0x2
 1047 04c6 23       		.byte	0x23
 1048 04c7 50       		.uleb128 0x50
 1049 04c8 07       		.uleb128 0x7
 1050 04c9 53415200 		.ascii	"SAR\000"
 1051 04cd 07       		.byte	0x7
 1052 04ce 95       		.byte	0x95
 1053 04cf 43050000 		.4byte	0x543
 1054 04d3 02       		.byte	0x2
 1055 04d4 23       		.byte	0x23
 1056 04d5 60       		.uleb128 0x60
 1057 04d6 06       		.uleb128 0x6
 1058 04d7 50030000 		.4byte	.LASF64
 1059 04db 07       		.byte	0x7
 1060 04dc 96       		.byte	0x96
 1061 04dd 48050000 		.4byte	0x548
 1062 04e1 02       		.byte	0x2
 1063 04e2 23       		.byte	0x23
 1064 04e3 74       		.uleb128 0x74
 1065 04e4 06       		.uleb128 0x6
 1066 04e5 10040000 		.4byte	.LASF65
 1067 04e9 07       		.byte	0x7
 1068 04ea 97       		.byte	0x97
 1069 04eb AD030000 		.4byte	0x3ad
 1070 04ef 03       		.byte	0x3
 1071 04f0 23       		.byte	0x23
 1072 04f1 8801     		.uleb128 0x88
 1073 04f3 00       		.byte	0
 1074 04f4 0E       		.uleb128 0xe
 1075 04f5 AD030000 		.4byte	0x3ad
 1076 04f9 04050000 		.4byte	0x504
ARM GAS  /tmp/cc6BFDxf.s 			page 20


 1077 04fd 0F       		.uleb128 0xf
 1078 04fe BD030000 		.4byte	0x3bd
 1079 0502 02       		.byte	0x2
 1080 0503 00       		.byte	0
 1081 0504 0D       		.uleb128 0xd
 1082 0505 F4040000 		.4byte	0x4f4
 1083 0509 0E       		.uleb128 0xe
 1084 050a AD030000 		.4byte	0x3ad
 1085 050e 19050000 		.4byte	0x519
 1086 0512 0F       		.uleb128 0xf
 1087 0513 BD030000 		.4byte	0x3bd
 1088 0517 01       		.byte	0x1
 1089 0518 00       		.byte	0
 1090 0519 0D       		.uleb128 0xd
 1091 051a 09050000 		.4byte	0x509
 1092 051e 0E       		.uleb128 0xe
 1093 051f AD030000 		.4byte	0x3ad
 1094 0523 2E050000 		.4byte	0x52e
 1095 0527 0F       		.uleb128 0xf
 1096 0528 BD030000 		.4byte	0x3bd
 1097 052c 03       		.byte	0x3
 1098 052d 00       		.byte	0
 1099 052e 0D       		.uleb128 0xd
 1100 052f 1E050000 		.4byte	0x51e
 1101 0533 0E       		.uleb128 0xe
 1102 0534 AD030000 		.4byte	0x3ad
 1103 0538 43050000 		.4byte	0x543
 1104 053c 0F       		.uleb128 0xf
 1105 053d BD030000 		.4byte	0x3bd
 1106 0541 04       		.byte	0x4
 1107 0542 00       		.byte	0
 1108 0543 0D       		.uleb128 0xd
 1109 0544 33050000 		.4byte	0x533
 1110 0548 0D       		.uleb128 0xd
 1111 0549 33050000 		.4byte	0x533
 1112 054d 04       		.uleb128 0x4
 1113 054e 0D000000 		.4byte	.LASF66
 1114 0552 07       		.byte	0x7
 1115 0553 98       		.byte	0x98
 1116 0554 C4030000 		.4byte	0x3c4
 1117 0558 0D       		.uleb128 0xd
 1118 0559 E4000000 		.4byte	0xe4
 1119 055d 08       		.uleb128 0x8
 1120 055e 1C       		.byte	0x1c
 1121 055f 08       		.byte	0x8
 1122 0560 57       		.byte	0x57
 1123 0561 BA050000 		.4byte	0x5ba
 1124 0565 06       		.uleb128 0x6
 1125 0566 43030000 		.4byte	.LASF67
 1126 056a 08       		.byte	0x8
 1127 056b 58       		.byte	0x58
 1128 056c 4A020000 		.4byte	0x24a
 1129 0570 02       		.byte	0x2
 1130 0571 23       		.byte	0x23
 1131 0572 00       		.uleb128 0
 1132 0573 06       		.uleb128 0x6
 1133 0574 0B030000 		.4byte	.LASF68
ARM GAS  /tmp/cc6BFDxf.s 			page 21


 1134 0578 08       		.byte	0x8
 1135 0579 59       		.byte	0x59
 1136 057a C3000000 		.4byte	0xc3
 1137 057e 02       		.byte	0x2
 1138 057f 23       		.byte	0x23
 1139 0580 08       		.uleb128 0x8
 1140 0581 06       		.uleb128 0x6
 1141 0582 7D020000 		.4byte	.LASF69
 1142 0586 08       		.byte	0x8
 1143 0587 5B       		.byte	0x5b
 1144 0588 8A030000 		.4byte	0x38a
 1145 058c 02       		.byte	0x2
 1146 058d 23       		.byte	0x23
 1147 058e 0C       		.uleb128 0xc
 1148 058f 06       		.uleb128 0x6
 1149 0590 C9000000 		.4byte	.LASF70
 1150 0594 08       		.byte	0x8
 1151 0595 5E       		.byte	0x5e
 1152 0596 44020000 		.4byte	0x244
 1153 059a 02       		.byte	0x2
 1154 059b 23       		.byte	0x23
 1155 059c 10       		.uleb128 0x10
 1156 059d 06       		.uleb128 0x6
 1157 059e 9A020000 		.4byte	.LASF71
 1158 05a2 08       		.byte	0x8
 1159 05a3 5F       		.byte	0x5f
 1160 05a4 44020000 		.4byte	0x244
 1161 05a8 02       		.byte	0x2
 1162 05a9 23       		.byte	0x23
 1163 05aa 14       		.uleb128 0x14
 1164 05ab 06       		.uleb128 0x6
 1165 05ac 90020000 		.4byte	.LASF72
 1166 05b0 08       		.byte	0x8
 1167 05b1 62       		.byte	0x62
 1168 05b2 44020000 		.4byte	0x244
 1169 05b6 02       		.byte	0x2
 1170 05b7 23       		.byte	0x23
 1171 05b8 18       		.uleb128 0x18
 1172 05b9 00       		.byte	0
 1173 05ba 04       		.uleb128 0x4
 1174 05bb DA030000 		.4byte	.LASF73
 1175 05bf 08       		.byte	0x8
 1176 05c0 64       		.byte	0x64
 1177 05c1 5D050000 		.4byte	0x55d
 1178 05c5 05       		.uleb128 0x5
 1179 05c6 18020000 		.4byte	.LASF74
 1180 05ca 10       		.byte	0x10
 1181 05cb 09       		.byte	0x9
 1182 05cc 25       		.byte	0x25
 1183 05cd FC050000 		.4byte	0x5fc
 1184 05d1 06       		.uleb128 0x6
 1185 05d2 85000000 		.4byte	.LASF75
 1186 05d6 09       		.byte	0x9
 1187 05d7 26       		.byte	0x26
 1188 05d8 4A020000 		.4byte	0x24a
 1189 05dc 02       		.byte	0x2
 1190 05dd 23       		.byte	0x23
ARM GAS  /tmp/cc6BFDxf.s 			page 22


 1191 05de 00       		.uleb128 0
 1192 05df 06       		.uleb128 0x6
 1193 05e0 1B040000 		.4byte	.LASF76
 1194 05e4 09       		.byte	0x9
 1195 05e5 28       		.byte	0x28
 1196 05e6 44020000 		.4byte	0x244
 1197 05ea 02       		.byte	0x2
 1198 05eb 23       		.byte	0x23
 1199 05ec 08       		.uleb128 0x8
 1200 05ed 06       		.uleb128 0x6
 1201 05ee 8C030000 		.4byte	.LASF77
 1202 05f2 09       		.byte	0x9
 1203 05f3 2A       		.byte	0x2a
 1204 05f4 FC050000 		.4byte	0x5fc
 1205 05f8 02       		.byte	0x2
 1206 05f9 23       		.byte	0x23
 1207 05fa 0C       		.uleb128 0xc
 1208 05fb 00       		.byte	0
 1209 05fc 09       		.uleb128 0x9
 1210 05fd 04       		.byte	0x4
 1211 05fe C5050000 		.4byte	0x5c5
 1212 0602 04       		.uleb128 0x4
 1213 0603 18020000 		.4byte	.LASF74
 1214 0607 09       		.byte	0x9
 1215 0608 2C       		.byte	0x2c
 1216 0609 C5050000 		.4byte	0x5c5
 1217 060d 10       		.uleb128 0x10
 1218 060e 04       		.byte	0x4
 1219 060f 05       		.byte	0x5
 1220 0610 8F       		.byte	0x8f
 1221 0611 42060000 		.4byte	0x642
 1222 0615 11       		.uleb128 0x11
 1223 0616 06000000 		.4byte	.LASF78
 1224 061a 05       		.byte	0x5
 1225 061b 96       		.byte	0x96
 1226 061c CE000000 		.4byte	0xce
 1227 0620 11       		.uleb128 0x11
 1228 0621 4D000000 		.4byte	.LASF79
 1229 0625 05       		.byte	0x5
 1230 0626 9D       		.byte	0x9d
 1231 0627 CE000000 		.4byte	0xce
 1232 062b 11       		.uleb128 0x11
 1233 062c 02040000 		.4byte	.LASF80
 1234 0630 05       		.byte	0x5
 1235 0631 A4       		.byte	0xa4
 1236 0632 82020000 		.4byte	0x282
 1237 0636 11       		.uleb128 0x11
 1238 0637 12030000 		.4byte	.LASF81
 1239 063b 05       		.byte	0x5
 1240 063c AB       		.byte	0xab
 1241 063d D9000000 		.4byte	0xd9
 1242 0641 00       		.byte	0
 1243 0642 09       		.uleb128 0x9
 1244 0643 04       		.byte	0x4
 1245 0644 48060000 		.4byte	0x648
 1246 0648 12       		.uleb128 0x12
 1247 0649 4D060000 		.4byte	0x64d
ARM GAS  /tmp/cc6BFDxf.s 			page 23


 1248 064d 03       		.uleb128 0x3
 1249 064e 01       		.byte	0x1
 1250 064f 08       		.byte	0x8
 1251 0650 58030000 		.4byte	.LASF82
 1252 0654 09       		.uleb128 0x9
 1253 0655 04       		.byte	0x4
 1254 0656 02060000 		.4byte	0x602
 1255 065a 13       		.uleb128 0x13
 1256 065b 01       		.byte	0x1
 1257 065c 98010000 		.4byte	.LASF83
 1258 0660 01       		.byte	0x1
 1259 0661 C8       		.byte	0xc8
 1260 0662 01       		.byte	0x1
 1261 0663 00000000 		.4byte	.LFB11
 1262 0667 06000000 		.4byte	.LFE11
 1263 066b 02       		.byte	0x2
 1264 066c 7D       		.byte	0x7d
 1265 066d 00       		.sleb128 0
 1266 066e 01       		.byte	0x1
 1267 066f 7D060000 		.4byte	0x67d
 1268 0673 14       		.uleb128 0x14
 1269 0674 04000000 		.4byte	.LVL0
 1270 0678 6D080000 		.4byte	0x86d
 1271 067c 00       		.byte	0
 1272 067d 13       		.uleb128 0x13
 1273 067e 01       		.byte	0x1
 1274 067f A8030000 		.4byte	.LASF84
 1275 0683 01       		.byte	0x1
 1276 0684 3A       		.byte	0x3a
 1277 0685 01       		.byte	0x1
 1278 0686 00000000 		.4byte	.LFB8
 1279 068a 12000000 		.4byte	.LFE8
 1280 068e 02       		.byte	0x2
 1281 068f 7D       		.byte	0x7d
 1282 0690 00       		.sleb128 0
 1283 0691 01       		.byte	0x1
 1284 0692 BF060000 		.4byte	0x6bf
 1285 0696 15       		.uleb128 0x15
 1286 0697 AA020000 		.4byte	.LASF85
 1287 069b 01       		.byte	0x1
 1288 069c 3B       		.byte	0x3b
 1289 069d BF060000 		.4byte	0x6bf
 1290 06a1 00000000 		.4byte	.LLST0
 1291 06a5 16       		.uleb128 0x16
 1292 06a6 0A000000 		.4byte	.LBB2
 1293 06aa 12000000 		.4byte	.LBE2
 1294 06ae 17       		.uleb128 0x17
 1295 06af 746D7000 		.ascii	"tmp\000"
 1296 06b3 01       		.byte	0x1
 1297 06b4 4A       		.byte	0x4a
 1298 06b5 70000000 		.4byte	0x70
 1299 06b9 20000000 		.4byte	.LLST1
 1300 06bd 00       		.byte	0
 1301 06be 00       		.byte	0
 1302 06bf 09       		.uleb128 0x9
 1303 06c0 04       		.byte	0x4
 1304 06c1 84020000 		.4byte	0x284
ARM GAS  /tmp/cc6BFDxf.s 			page 24


 1305 06c5 18       		.uleb128 0x18
 1306 06c6 01       		.byte	0x1
 1307 06c7 F7030000 		.4byte	.LASF86
 1308 06cb 01       		.byte	0x1
 1309 06cc 6F       		.byte	0x6f
 1310 06cd 01       		.byte	0x1
 1311 06ce 00000000 		.4byte	.LFB9
 1312 06d2 36000000 		.4byte	.LFE9
 1313 06d6 33000000 		.4byte	.LLST2
 1314 06da 01       		.byte	0x1
 1315 06db 28070000 		.4byte	0x728
 1316 06df 19       		.uleb128 0x19
 1317 06e0 20000000 		.4byte	.LVL5
 1318 06e4 77080000 		.4byte	0x877
 1319 06e8 F7060000 		.4byte	0x6f7
 1320 06ec 1A       		.uleb128 0x1a
 1321 06ed 01       		.byte	0x1
 1322 06ee 51       		.byte	0x51
 1323 06ef 01       		.byte	0x1
 1324 06f0 40       		.byte	0x40
 1325 06f1 1A       		.uleb128 0x1a
 1326 06f2 01       		.byte	0x1
 1327 06f3 50       		.byte	0x50
 1328 06f4 01       		.byte	0x1
 1329 06f5 37       		.byte	0x37
 1330 06f6 00       		.byte	0
 1331 06f7 19       		.uleb128 0x19
 1332 06f8 2A000000 		.4byte	.LVL6
 1333 06fc 77080000 		.4byte	0x877
 1334 0700 11070000 		.4byte	0x711
 1335 0704 1A       		.uleb128 0x1a
 1336 0705 01       		.byte	0x1
 1337 0706 51       		.byte	0x51
 1338 0707 03       		.byte	0x3
 1339 0708 0A       		.byte	0xa
 1340 0709 0002     		.2byte	0x200
 1341 070b 1A       		.uleb128 0x1a
 1342 070c 01       		.byte	0x1
 1343 070d 50       		.byte	0x50
 1344 070e 01       		.byte	0x1
 1345 070f 3A       		.byte	0x3a
 1346 0710 00       		.byte	0
 1347 0711 1B       		.uleb128 0x1b
 1348 0712 36000000 		.4byte	.LVL7
 1349 0716 01       		.byte	0x1
 1350 0717 77080000 		.4byte	0x877
 1351 071b 1A       		.uleb128 0x1a
 1352 071c 01       		.byte	0x1
 1353 071d 51       		.byte	0x51
 1354 071e 02       		.byte	0x2
 1355 071f 08       		.byte	0x8
 1356 0720 80       		.byte	0x80
 1357 0721 1A       		.uleb128 0x1a
 1358 0722 01       		.byte	0x1
 1359 0723 50       		.byte	0x50
 1360 0724 01       		.byte	0x1
 1361 0725 3B       		.byte	0x3b
ARM GAS  /tmp/cc6BFDxf.s 			page 25


 1362 0726 00       		.byte	0
 1363 0727 00       		.byte	0
 1364 0728 13       		.uleb128 0x13
 1365 0729 01       		.byte	0x1
 1366 072a E5010000 		.4byte	.LASF87
 1367 072e 01       		.byte	0x1
 1368 072f 8D       		.byte	0x8d
 1369 0730 01       		.byte	0x1
 1370 0731 00000000 		.4byte	.LFB10
 1371 0735 70000000 		.4byte	.LFE10
 1372 0739 02       		.byte	0x2
 1373 073a 7D       		.byte	0x7d
 1374 073b 00       		.sleb128 0
 1375 073c 01       		.byte	0x1
 1376 073d 91070000 		.4byte	0x791
 1377 0741 1C       		.uleb128 0x1c
 1378 0742 00000000 		.4byte	.LBB3
 1379 0746 06000000 		.4byte	.LBE3
 1380 074a 5E070000 		.4byte	0x75e
 1381 074e 17       		.uleb128 0x17
 1382 074f 746D7000 		.ascii	"tmp\000"
 1383 0753 01       		.byte	0x1
 1384 0754 8F       		.byte	0x8f
 1385 0755 70000000 		.4byte	0x70
 1386 0759 53000000 		.4byte	.LLST3
 1387 075d 00       		.byte	0
 1388 075e 1D       		.uleb128 0x1d
 1389 075f 00000000 		.4byte	.Ldebug_ranges0+0
 1390 0763 77070000 		.4byte	0x777
 1391 0767 15       		.uleb128 0x15
 1392 0768 AA020000 		.4byte	.LASF85
 1393 076c 01       		.byte	0x1
 1394 076d 91       		.byte	0x91
 1395 076e BF060000 		.4byte	0x6bf
 1396 0772 66000000 		.4byte	.LLST4
 1397 0776 00       		.byte	0
 1398 0777 16       		.uleb128 0x16
 1399 0778 4A000000 		.4byte	.LBB5
 1400 077c 50000000 		.4byte	.LBE5
 1401 0780 17       		.uleb128 0x17
 1402 0781 746D7000 		.ascii	"tmp\000"
 1403 0785 01       		.byte	0x1
 1404 0786 BE       		.byte	0xbe
 1405 0787 70000000 		.4byte	0x70
 1406 078b A0000000 		.4byte	.LLST5
 1407 078f 00       		.byte	0
 1408 0790 00       		.byte	0
 1409 0791 18       		.uleb128 0x18
 1410 0792 01       		.byte	0x1
 1411 0793 28000000 		.4byte	.LASF88
 1412 0797 01       		.byte	0x1
 1413 0798 28       		.byte	0x28
 1414 0799 01       		.byte	0x1
 1415 079a 00000000 		.4byte	.LFB7
 1416 079e 1A000000 		.4byte	.LFE7
 1417 07a2 B3000000 		.4byte	.LLST6
 1418 07a6 01       		.byte	0x1
ARM GAS  /tmp/cc6BFDxf.s 			page 26


 1419 07a7 F9070000 		.4byte	0x7f9
 1420 07ab 1C       		.uleb128 0x1c
 1421 07ac 02000000 		.4byte	.LBB7
 1422 07b0 08000000 		.4byte	.LBE7
 1423 07b4 C8070000 		.4byte	0x7c8
 1424 07b8 17       		.uleb128 0x17
 1425 07b9 746D7000 		.ascii	"tmp\000"
 1426 07bd 01       		.byte	0x1
 1427 07be 2C       		.byte	0x2c
 1428 07bf 70000000 		.4byte	0x70
 1429 07c3 D3000000 		.4byte	.LLST7
 1430 07c7 00       		.byte	0
 1431 07c8 1C       		.uleb128 0x1c
 1432 07c9 0C000000 		.4byte	.LBB8
 1433 07cd 12000000 		.4byte	.LBE8
 1434 07d1 E5070000 		.4byte	0x7e5
 1435 07d5 17       		.uleb128 0x17
 1436 07d6 746D7000 		.ascii	"tmp\000"
 1437 07da 01       		.byte	0x1
 1438 07db 2E       		.byte	0x2e
 1439 07dc 70000000 		.4byte	0x70
 1440 07e0 E6000000 		.4byte	.LLST8
 1441 07e4 00       		.byte	0
 1442 07e5 14       		.uleb128 0x14
 1443 07e6 0C000000 		.4byte	.LVL19
 1444 07ea 91080000 		.4byte	0x891
 1445 07ee 1E       		.uleb128 0x1e
 1446 07ef 1A000000 		.4byte	.LVL22
 1447 07f3 01       		.byte	0x1
 1448 07f4 28070000 		.4byte	0x728
 1449 07f8 00       		.byte	0
 1450 07f9 13       		.uleb128 0x13
 1451 07fa 01       		.byte	0x1
 1452 07fb 74010000 		.4byte	.LASF89
 1453 07ff 01       		.byte	0x1
 1454 0800 E5       		.byte	0xe5
 1455 0801 01       		.byte	0x1
 1456 0802 00000000 		.4byte	.LFB12
 1457 0806 10000000 		.4byte	.LFE12
 1458 080a 02       		.byte	0x2
 1459 080b 7D       		.byte	0x7d
 1460 080c 00       		.sleb128 0
 1461 080d 01       		.byte	0x1
 1462 080e 2D080000 		.4byte	0x82d
 1463 0812 1F       		.uleb128 0x1f
 1464 0813 6E747000 		.ascii	"ntp\000"
 1465 0817 01       		.byte	0x1
 1466 0818 E5       		.byte	0xe5
 1467 0819 44020000 		.4byte	0x244
 1468 081d 01       		.byte	0x1
 1469 081e 50       		.byte	0x50
 1470 081f 1F       		.uleb128 0x1f
 1471 0820 6F747000 		.ascii	"otp\000"
 1472 0824 01       		.byte	0x1
 1473 0825 E5       		.byte	0xe5
 1474 0826 44020000 		.4byte	0x244
 1475 082a 01       		.byte	0x1
ARM GAS  /tmp/cc6BFDxf.s 			page 27


 1476 082b 51       		.byte	0x51
 1477 082c 00       		.byte	0
 1478 082d 13       		.uleb128 0x13
 1479 082e 01       		.byte	0x1
 1480 082f A9000000 		.4byte	.LASF90
 1481 0833 01       		.byte	0x1
 1482 0834 FC       		.byte	0xfc
 1483 0835 01       		.byte	0x1
 1484 0836 00000000 		.4byte	.LFB13
 1485 083a 10000000 		.4byte	.LFE13
 1486 083e 02       		.byte	0x2
 1487 083f 7D       		.byte	0x7d
 1488 0840 00       		.sleb128 0
 1489 0841 01       		.byte	0x1
 1490 0842 60080000 		.4byte	0x860
 1491 0846 16       		.uleb128 0x16
 1492 0847 00000000 		.4byte	.LBB9
 1493 084b 06000000 		.4byte	.LBE9
 1494 084f 17       		.uleb128 0x17
 1495 0850 746D7000 		.ascii	"tmp\000"
 1496 0854 01       		.byte	0x1
 1497 0855 FE       		.byte	0xfe
 1498 0856 70000000 		.4byte	0x70
 1499 085a F9000000 		.4byte	.LLST9
 1500 085e 00       		.byte	0
 1501 085f 00       		.byte	0
 1502 0860 20       		.uleb128 0x20
 1503 0861 E9030000 		.4byte	.LASF96
 1504 0865 08       		.byte	0x8
 1505 0866 68       		.byte	0x68
 1506 0867 BA050000 		.4byte	0x5ba
 1507 086b 01       		.byte	0x1
 1508 086c 01       		.byte	0x1
 1509 086d 21       		.uleb128 0x21
 1510 086e 01       		.byte	0x1
 1511 086f F7000000 		.4byte	.LASF91
 1512 0873 08       		.byte	0x8
 1513 0874 A1       		.byte	0xa1
 1514 0875 01       		.byte	0x1
 1515 0876 01       		.byte	0x1
 1516 0877 22       		.uleb128 0x22
 1517 0878 01       		.byte	0x1
 1518 0879 D1000000 		.4byte	.LASF97
 1519 087d 07       		.byte	0x7
 1520 087e 1E01     		.2byte	0x11e
 1521 0880 01       		.byte	0x1
 1522 0881 01       		.byte	0x1
 1523 0882 91080000 		.4byte	0x891
 1524 0886 23       		.uleb128 0x23
 1525 0887 70000000 		.4byte	0x70
 1526 088b 23       		.uleb128 0x23
 1527 088c 70000000 		.4byte	0x70
 1528 0890 00       		.byte	0
 1529 0891 21       		.uleb128 0x21
 1530 0892 01       		.byte	0x1
 1531 0893 15000000 		.4byte	.LASF92
 1532 0897 0A       		.byte	0xa
ARM GAS  /tmp/cc6BFDxf.s 			page 28


 1533 0898 F0       		.byte	0xf0
 1534 0899 01       		.byte	0x1
 1535 089a 01       		.byte	0x1
 1536 089b 00       		.byte	0
 1537              		.section	.debug_abbrev,"",%progbits
 1538              	.Ldebug_abbrev0:
 1539 0000 01       		.uleb128 0x1
 1540 0001 11       		.uleb128 0x11
 1541 0002 01       		.byte	0x1
 1542 0003 25       		.uleb128 0x25
 1543 0004 0E       		.uleb128 0xe
 1544 0005 13       		.uleb128 0x13
 1545 0006 0B       		.uleb128 0xb
 1546 0007 03       		.uleb128 0x3
 1547 0008 0E       		.uleb128 0xe
 1548 0009 1B       		.uleb128 0x1b
 1549 000a 0E       		.uleb128 0xe
 1550 000b 55       		.uleb128 0x55
 1551 000c 06       		.uleb128 0x6
 1552 000d 11       		.uleb128 0x11
 1553 000e 01       		.uleb128 0x1
 1554 000f 52       		.uleb128 0x52
 1555 0010 01       		.uleb128 0x1
 1556 0011 10       		.uleb128 0x10
 1557 0012 06       		.uleb128 0x6
 1558 0013 00       		.byte	0
 1559 0014 00       		.byte	0
 1560 0015 02       		.uleb128 0x2
 1561 0016 24       		.uleb128 0x24
 1562 0017 00       		.byte	0
 1563 0018 0B       		.uleb128 0xb
 1564 0019 0B       		.uleb128 0xb
 1565 001a 3E       		.uleb128 0x3e
 1566 001b 0B       		.uleb128 0xb
 1567 001c 03       		.uleb128 0x3
 1568 001d 08       		.uleb128 0x8
 1569 001e 00       		.byte	0
 1570 001f 00       		.byte	0
 1571 0020 03       		.uleb128 0x3
 1572 0021 24       		.uleb128 0x24
 1573 0022 00       		.byte	0
 1574 0023 0B       		.uleb128 0xb
 1575 0024 0B       		.uleb128 0xb
 1576 0025 3E       		.uleb128 0x3e
 1577 0026 0B       		.uleb128 0xb
 1578 0027 03       		.uleb128 0x3
 1579 0028 0E       		.uleb128 0xe
 1580 0029 00       		.byte	0
 1581 002a 00       		.byte	0
 1582 002b 04       		.uleb128 0x4
 1583 002c 16       		.uleb128 0x16
 1584 002d 00       		.byte	0
 1585 002e 03       		.uleb128 0x3
 1586 002f 0E       		.uleb128 0xe
 1587 0030 3A       		.uleb128 0x3a
 1588 0031 0B       		.uleb128 0xb
 1589 0032 3B       		.uleb128 0x3b
ARM GAS  /tmp/cc6BFDxf.s 			page 29


 1590 0033 0B       		.uleb128 0xb
 1591 0034 49       		.uleb128 0x49
 1592 0035 13       		.uleb128 0x13
 1593 0036 00       		.byte	0
 1594 0037 00       		.byte	0
 1595 0038 05       		.uleb128 0x5
 1596 0039 13       		.uleb128 0x13
 1597 003a 01       		.byte	0x1
 1598 003b 03       		.uleb128 0x3
 1599 003c 0E       		.uleb128 0xe
 1600 003d 0B       		.uleb128 0xb
 1601 003e 0B       		.uleb128 0xb
 1602 003f 3A       		.uleb128 0x3a
 1603 0040 0B       		.uleb128 0xb
 1604 0041 3B       		.uleb128 0x3b
 1605 0042 0B       		.uleb128 0xb
 1606 0043 01       		.uleb128 0x1
 1607 0044 13       		.uleb128 0x13
 1608 0045 00       		.byte	0
 1609 0046 00       		.byte	0
 1610 0047 06       		.uleb128 0x6
 1611 0048 0D       		.uleb128 0xd
 1612 0049 00       		.byte	0
 1613 004a 03       		.uleb128 0x3
 1614 004b 0E       		.uleb128 0xe
 1615 004c 3A       		.uleb128 0x3a
 1616 004d 0B       		.uleb128 0xb
 1617 004e 3B       		.uleb128 0x3b
 1618 004f 0B       		.uleb128 0xb
 1619 0050 49       		.uleb128 0x49
 1620 0051 13       		.uleb128 0x13
 1621 0052 38       		.uleb128 0x38
 1622 0053 0A       		.uleb128 0xa
 1623 0054 00       		.byte	0
 1624 0055 00       		.byte	0
 1625 0056 07       		.uleb128 0x7
 1626 0057 0D       		.uleb128 0xd
 1627 0058 00       		.byte	0
 1628 0059 03       		.uleb128 0x3
 1629 005a 08       		.uleb128 0x8
 1630 005b 3A       		.uleb128 0x3a
 1631 005c 0B       		.uleb128 0xb
 1632 005d 3B       		.uleb128 0x3b
 1633 005e 0B       		.uleb128 0xb
 1634 005f 49       		.uleb128 0x49
 1635 0060 13       		.uleb128 0x13
 1636 0061 38       		.uleb128 0x38
 1637 0062 0A       		.uleb128 0xa
 1638 0063 00       		.byte	0
 1639 0064 00       		.byte	0
 1640 0065 08       		.uleb128 0x8
 1641 0066 13       		.uleb128 0x13
 1642 0067 01       		.byte	0x1
 1643 0068 0B       		.uleb128 0xb
 1644 0069 0B       		.uleb128 0xb
 1645 006a 3A       		.uleb128 0x3a
 1646 006b 0B       		.uleb128 0xb
ARM GAS  /tmp/cc6BFDxf.s 			page 30


 1647 006c 3B       		.uleb128 0x3b
 1648 006d 0B       		.uleb128 0xb
 1649 006e 01       		.uleb128 0x1
 1650 006f 13       		.uleb128 0x13
 1651 0070 00       		.byte	0
 1652 0071 00       		.byte	0
 1653 0072 09       		.uleb128 0x9
 1654 0073 0F       		.uleb128 0xf
 1655 0074 00       		.byte	0
 1656 0075 0B       		.uleb128 0xb
 1657 0076 0B       		.uleb128 0xb
 1658 0077 49       		.uleb128 0x49
 1659 0078 13       		.uleb128 0x13
 1660 0079 00       		.byte	0
 1661 007a 00       		.byte	0
 1662 007b 0A       		.uleb128 0xa
 1663 007c 0F       		.uleb128 0xf
 1664 007d 00       		.byte	0
 1665 007e 0B       		.uleb128 0xb
 1666 007f 0B       		.uleb128 0xb
 1667 0080 00       		.byte	0
 1668 0081 00       		.byte	0
 1669 0082 0B       		.uleb128 0xb
 1670 0083 13       		.uleb128 0x13
 1671 0084 01       		.byte	0x1
 1672 0085 03       		.uleb128 0x3
 1673 0086 0E       		.uleb128 0xe
 1674 0087 0B       		.uleb128 0xb
 1675 0088 0B       		.uleb128 0xb
 1676 0089 3A       		.uleb128 0x3a
 1677 008a 0B       		.uleb128 0xb
 1678 008b 3B       		.uleb128 0x3b
 1679 008c 05       		.uleb128 0x5
 1680 008d 01       		.uleb128 0x1
 1681 008e 13       		.uleb128 0x13
 1682 008f 00       		.byte	0
 1683 0090 00       		.byte	0
 1684 0091 0C       		.uleb128 0xc
 1685 0092 0D       		.uleb128 0xd
 1686 0093 00       		.byte	0
 1687 0094 03       		.uleb128 0x3
 1688 0095 08       		.uleb128 0x8
 1689 0096 3A       		.uleb128 0x3a
 1690 0097 0B       		.uleb128 0xb
 1691 0098 3B       		.uleb128 0x3b
 1692 0099 05       		.uleb128 0x5
 1693 009a 49       		.uleb128 0x49
 1694 009b 13       		.uleb128 0x13
 1695 009c 38       		.uleb128 0x38
 1696 009d 0A       		.uleb128 0xa
 1697 009e 00       		.byte	0
 1698 009f 00       		.byte	0
 1699 00a0 0D       		.uleb128 0xd
 1700 00a1 35       		.uleb128 0x35
 1701 00a2 00       		.byte	0
 1702 00a3 49       		.uleb128 0x49
 1703 00a4 13       		.uleb128 0x13
ARM GAS  /tmp/cc6BFDxf.s 			page 31


 1704 00a5 00       		.byte	0
 1705 00a6 00       		.byte	0
 1706 00a7 0E       		.uleb128 0xe
 1707 00a8 01       		.uleb128 0x1
 1708 00a9 01       		.byte	0x1
 1709 00aa 49       		.uleb128 0x49
 1710 00ab 13       		.uleb128 0x13
 1711 00ac 01       		.uleb128 0x1
 1712 00ad 13       		.uleb128 0x13
 1713 00ae 00       		.byte	0
 1714 00af 00       		.byte	0
 1715 00b0 0F       		.uleb128 0xf
 1716 00b1 21       		.uleb128 0x21
 1717 00b2 00       		.byte	0
 1718 00b3 49       		.uleb128 0x49
 1719 00b4 13       		.uleb128 0x13
 1720 00b5 2F       		.uleb128 0x2f
 1721 00b6 0B       		.uleb128 0xb
 1722 00b7 00       		.byte	0
 1723 00b8 00       		.byte	0
 1724 00b9 10       		.uleb128 0x10
 1725 00ba 17       		.uleb128 0x17
 1726 00bb 01       		.byte	0x1
 1727 00bc 0B       		.uleb128 0xb
 1728 00bd 0B       		.uleb128 0xb
 1729 00be 3A       		.uleb128 0x3a
 1730 00bf 0B       		.uleb128 0xb
 1731 00c0 3B       		.uleb128 0x3b
 1732 00c1 0B       		.uleb128 0xb
 1733 00c2 01       		.uleb128 0x1
 1734 00c3 13       		.uleb128 0x13
 1735 00c4 00       		.byte	0
 1736 00c5 00       		.byte	0
 1737 00c6 11       		.uleb128 0x11
 1738 00c7 0D       		.uleb128 0xd
 1739 00c8 00       		.byte	0
 1740 00c9 03       		.uleb128 0x3
 1741 00ca 0E       		.uleb128 0xe
 1742 00cb 3A       		.uleb128 0x3a
 1743 00cc 0B       		.uleb128 0xb
 1744 00cd 3B       		.uleb128 0x3b
 1745 00ce 0B       		.uleb128 0xb
 1746 00cf 49       		.uleb128 0x49
 1747 00d0 13       		.uleb128 0x13
 1748 00d1 00       		.byte	0
 1749 00d2 00       		.byte	0
 1750 00d3 12       		.uleb128 0x12
 1751 00d4 26       		.uleb128 0x26
 1752 00d5 00       		.byte	0
 1753 00d6 49       		.uleb128 0x49
 1754 00d7 13       		.uleb128 0x13
 1755 00d8 00       		.byte	0
 1756 00d9 00       		.byte	0
 1757 00da 13       		.uleb128 0x13
 1758 00db 2E       		.uleb128 0x2e
 1759 00dc 01       		.byte	0x1
 1760 00dd 3F       		.uleb128 0x3f
ARM GAS  /tmp/cc6BFDxf.s 			page 32


 1761 00de 0C       		.uleb128 0xc
 1762 00df 03       		.uleb128 0x3
 1763 00e0 0E       		.uleb128 0xe
 1764 00e1 3A       		.uleb128 0x3a
 1765 00e2 0B       		.uleb128 0xb
 1766 00e3 3B       		.uleb128 0x3b
 1767 00e4 0B       		.uleb128 0xb
 1768 00e5 27       		.uleb128 0x27
 1769 00e6 0C       		.uleb128 0xc
 1770 00e7 11       		.uleb128 0x11
 1771 00e8 01       		.uleb128 0x1
 1772 00e9 12       		.uleb128 0x12
 1773 00ea 01       		.uleb128 0x1
 1774 00eb 40       		.uleb128 0x40
 1775 00ec 0A       		.uleb128 0xa
 1776 00ed 9742     		.uleb128 0x2117
 1777 00ef 0C       		.uleb128 0xc
 1778 00f0 01       		.uleb128 0x1
 1779 00f1 13       		.uleb128 0x13
 1780 00f2 00       		.byte	0
 1781 00f3 00       		.byte	0
 1782 00f4 14       		.uleb128 0x14
 1783 00f5 898201   		.uleb128 0x4109
 1784 00f8 00       		.byte	0
 1785 00f9 11       		.uleb128 0x11
 1786 00fa 01       		.uleb128 0x1
 1787 00fb 31       		.uleb128 0x31
 1788 00fc 13       		.uleb128 0x13
 1789 00fd 00       		.byte	0
 1790 00fe 00       		.byte	0
 1791 00ff 15       		.uleb128 0x15
 1792 0100 34       		.uleb128 0x34
 1793 0101 00       		.byte	0
 1794 0102 03       		.uleb128 0x3
 1795 0103 0E       		.uleb128 0xe
 1796 0104 3A       		.uleb128 0x3a
 1797 0105 0B       		.uleb128 0xb
 1798 0106 3B       		.uleb128 0x3b
 1799 0107 0B       		.uleb128 0xb
 1800 0108 49       		.uleb128 0x49
 1801 0109 13       		.uleb128 0x13
 1802 010a 02       		.uleb128 0x2
 1803 010b 06       		.uleb128 0x6
 1804 010c 00       		.byte	0
 1805 010d 00       		.byte	0
 1806 010e 16       		.uleb128 0x16
 1807 010f 0B       		.uleb128 0xb
 1808 0110 01       		.byte	0x1
 1809 0111 11       		.uleb128 0x11
 1810 0112 01       		.uleb128 0x1
 1811 0113 12       		.uleb128 0x12
 1812 0114 01       		.uleb128 0x1
 1813 0115 00       		.byte	0
 1814 0116 00       		.byte	0
 1815 0117 17       		.uleb128 0x17
 1816 0118 34       		.uleb128 0x34
 1817 0119 00       		.byte	0
ARM GAS  /tmp/cc6BFDxf.s 			page 33


 1818 011a 03       		.uleb128 0x3
 1819 011b 08       		.uleb128 0x8
 1820 011c 3A       		.uleb128 0x3a
 1821 011d 0B       		.uleb128 0xb
 1822 011e 3B       		.uleb128 0x3b
 1823 011f 0B       		.uleb128 0xb
 1824 0120 49       		.uleb128 0x49
 1825 0121 13       		.uleb128 0x13
 1826 0122 02       		.uleb128 0x2
 1827 0123 06       		.uleb128 0x6
 1828 0124 00       		.byte	0
 1829 0125 00       		.byte	0
 1830 0126 18       		.uleb128 0x18
 1831 0127 2E       		.uleb128 0x2e
 1832 0128 01       		.byte	0x1
 1833 0129 3F       		.uleb128 0x3f
 1834 012a 0C       		.uleb128 0xc
 1835 012b 03       		.uleb128 0x3
 1836 012c 0E       		.uleb128 0xe
 1837 012d 3A       		.uleb128 0x3a
 1838 012e 0B       		.uleb128 0xb
 1839 012f 3B       		.uleb128 0x3b
 1840 0130 0B       		.uleb128 0xb
 1841 0131 27       		.uleb128 0x27
 1842 0132 0C       		.uleb128 0xc
 1843 0133 11       		.uleb128 0x11
 1844 0134 01       		.uleb128 0x1
 1845 0135 12       		.uleb128 0x12
 1846 0136 01       		.uleb128 0x1
 1847 0137 40       		.uleb128 0x40
 1848 0138 06       		.uleb128 0x6
 1849 0139 9742     		.uleb128 0x2117
 1850 013b 0C       		.uleb128 0xc
 1851 013c 01       		.uleb128 0x1
 1852 013d 13       		.uleb128 0x13
 1853 013e 00       		.byte	0
 1854 013f 00       		.byte	0
 1855 0140 19       		.uleb128 0x19
 1856 0141 898201   		.uleb128 0x4109
 1857 0144 01       		.byte	0x1
 1858 0145 11       		.uleb128 0x11
 1859 0146 01       		.uleb128 0x1
 1860 0147 31       		.uleb128 0x31
 1861 0148 13       		.uleb128 0x13
 1862 0149 01       		.uleb128 0x1
 1863 014a 13       		.uleb128 0x13
 1864 014b 00       		.byte	0
 1865 014c 00       		.byte	0
 1866 014d 1A       		.uleb128 0x1a
 1867 014e 8A8201   		.uleb128 0x410a
 1868 0151 00       		.byte	0
 1869 0152 02       		.uleb128 0x2
 1870 0153 0A       		.uleb128 0xa
 1871 0154 9142     		.uleb128 0x2111
 1872 0156 0A       		.uleb128 0xa
 1873 0157 00       		.byte	0
 1874 0158 00       		.byte	0
ARM GAS  /tmp/cc6BFDxf.s 			page 34


 1875 0159 1B       		.uleb128 0x1b
 1876 015a 898201   		.uleb128 0x4109
 1877 015d 01       		.byte	0x1
 1878 015e 11       		.uleb128 0x11
 1879 015f 01       		.uleb128 0x1
 1880 0160 9542     		.uleb128 0x2115
 1881 0162 0C       		.uleb128 0xc
 1882 0163 31       		.uleb128 0x31
 1883 0164 13       		.uleb128 0x13
 1884 0165 00       		.byte	0
 1885 0166 00       		.byte	0
 1886 0167 1C       		.uleb128 0x1c
 1887 0168 0B       		.uleb128 0xb
 1888 0169 01       		.byte	0x1
 1889 016a 11       		.uleb128 0x11
 1890 016b 01       		.uleb128 0x1
 1891 016c 12       		.uleb128 0x12
 1892 016d 01       		.uleb128 0x1
 1893 016e 01       		.uleb128 0x1
 1894 016f 13       		.uleb128 0x13
 1895 0170 00       		.byte	0
 1896 0171 00       		.byte	0
 1897 0172 1D       		.uleb128 0x1d
 1898 0173 0B       		.uleb128 0xb
 1899 0174 01       		.byte	0x1
 1900 0175 55       		.uleb128 0x55
 1901 0176 06       		.uleb128 0x6
 1902 0177 01       		.uleb128 0x1
 1903 0178 13       		.uleb128 0x13
 1904 0179 00       		.byte	0
 1905 017a 00       		.byte	0
 1906 017b 1E       		.uleb128 0x1e
 1907 017c 898201   		.uleb128 0x4109
 1908 017f 00       		.byte	0
 1909 0180 11       		.uleb128 0x11
 1910 0181 01       		.uleb128 0x1
 1911 0182 9542     		.uleb128 0x2115
 1912 0184 0C       		.uleb128 0xc
 1913 0185 31       		.uleb128 0x31
 1914 0186 13       		.uleb128 0x13
 1915 0187 00       		.byte	0
 1916 0188 00       		.byte	0
 1917 0189 1F       		.uleb128 0x1f
 1918 018a 05       		.uleb128 0x5
 1919 018b 00       		.byte	0
 1920 018c 03       		.uleb128 0x3
 1921 018d 08       		.uleb128 0x8
 1922 018e 3A       		.uleb128 0x3a
 1923 018f 0B       		.uleb128 0xb
 1924 0190 3B       		.uleb128 0x3b
 1925 0191 0B       		.uleb128 0xb
 1926 0192 49       		.uleb128 0x49
 1927 0193 13       		.uleb128 0x13
 1928 0194 02       		.uleb128 0x2
 1929 0195 0A       		.uleb128 0xa
 1930 0196 00       		.byte	0
 1931 0197 00       		.byte	0
ARM GAS  /tmp/cc6BFDxf.s 			page 35


 1932 0198 20       		.uleb128 0x20
 1933 0199 34       		.uleb128 0x34
 1934 019a 00       		.byte	0
 1935 019b 03       		.uleb128 0x3
 1936 019c 0E       		.uleb128 0xe
 1937 019d 3A       		.uleb128 0x3a
 1938 019e 0B       		.uleb128 0xb
 1939 019f 3B       		.uleb128 0x3b
 1940 01a0 0B       		.uleb128 0xb
 1941 01a1 49       		.uleb128 0x49
 1942 01a2 13       		.uleb128 0x13
 1943 01a3 3F       		.uleb128 0x3f
 1944 01a4 0C       		.uleb128 0xc
 1945 01a5 3C       		.uleb128 0x3c
 1946 01a6 0C       		.uleb128 0xc
 1947 01a7 00       		.byte	0
 1948 01a8 00       		.byte	0
 1949 01a9 21       		.uleb128 0x21
 1950 01aa 2E       		.uleb128 0x2e
 1951 01ab 00       		.byte	0
 1952 01ac 3F       		.uleb128 0x3f
 1953 01ad 0C       		.uleb128 0xc
 1954 01ae 03       		.uleb128 0x3
 1955 01af 0E       		.uleb128 0xe
 1956 01b0 3A       		.uleb128 0x3a
 1957 01b1 0B       		.uleb128 0xb
 1958 01b2 3B       		.uleb128 0x3b
 1959 01b3 0B       		.uleb128 0xb
 1960 01b4 27       		.uleb128 0x27
 1961 01b5 0C       		.uleb128 0xc
 1962 01b6 3C       		.uleb128 0x3c
 1963 01b7 0C       		.uleb128 0xc
 1964 01b8 00       		.byte	0
 1965 01b9 00       		.byte	0
 1966 01ba 22       		.uleb128 0x22
 1967 01bb 2E       		.uleb128 0x2e
 1968 01bc 01       		.byte	0x1
 1969 01bd 3F       		.uleb128 0x3f
 1970 01be 0C       		.uleb128 0xc
 1971 01bf 03       		.uleb128 0x3
 1972 01c0 0E       		.uleb128 0xe
 1973 01c1 3A       		.uleb128 0x3a
 1974 01c2 0B       		.uleb128 0xb
 1975 01c3 3B       		.uleb128 0x3b
 1976 01c4 05       		.uleb128 0x5
 1977 01c5 27       		.uleb128 0x27
 1978 01c6 0C       		.uleb128 0xc
 1979 01c7 3C       		.uleb128 0x3c
 1980 01c8 0C       		.uleb128 0xc
 1981 01c9 01       		.uleb128 0x1
 1982 01ca 13       		.uleb128 0x13
 1983 01cb 00       		.byte	0
 1984 01cc 00       		.byte	0
 1985 01cd 23       		.uleb128 0x23
 1986 01ce 05       		.uleb128 0x5
 1987 01cf 00       		.byte	0
 1988 01d0 49       		.uleb128 0x49
ARM GAS  /tmp/cc6BFDxf.s 			page 36


 1989 01d1 13       		.uleb128 0x13
 1990 01d2 00       		.byte	0
 1991 01d3 00       		.byte	0
 1992 01d4 00       		.byte	0
 1993              		.section	.debug_loc,"",%progbits
 1994              	.Ldebug_loc0:
 1995              	.LLST0:
 1996 0000 04000000 		.4byte	.LVL1
 1997 0004 06000000 		.4byte	.LVL2
 1998 0008 0300     		.2byte	0x3
 1999 000a 73       		.byte	0x73
 2000 000b 20       		.sleb128 32
 2001 000c 9F       		.byte	0x9f
 2002 000d 06000000 		.4byte	.LVL2
 2003 0011 0C000000 		.4byte	.LVL3
 2004 0015 0100     		.2byte	0x1
 2005 0017 53       		.byte	0x53
 2006 0018 00000000 		.4byte	0
 2007 001c 00000000 		.4byte	0
 2008              	.LLST1:
 2009 0020 10000000 		.4byte	.LVL4
 2010 0024 12000000 		.4byte	.LFE8
 2011 0028 0100     		.2byte	0x1
 2012 002a 53       		.byte	0x53
 2013 002b 00000000 		.4byte	0
 2014 002f 00000000 		.4byte	0
 2015              	.LLST2:
 2016 0033 00000000 		.4byte	.LFB9
 2017 0037 02000000 		.4byte	.LCFI0
 2018 003b 0200     		.2byte	0x2
 2019 003d 7D       		.byte	0x7d
 2020 003e 00       		.sleb128 0
 2021 003f 02000000 		.4byte	.LCFI0
 2022 0043 36000000 		.4byte	.LFE9
 2023 0047 0200     		.2byte	0x2
 2024 0049 7D       		.byte	0x7d
 2025 004a 08       		.sleb128 8
 2026 004b 00000000 		.4byte	0
 2027 004f 00000000 		.4byte	0
 2028              	.LLST3:
 2029 0053 06000000 		.4byte	.LVL9
 2030 0057 0A000000 		.4byte	.LVL10
 2031 005b 0100     		.2byte	0x1
 2032 005d 53       		.byte	0x53
 2033 005e 00000000 		.4byte	0
 2034 0062 00000000 		.4byte	0
 2035              	.LLST4:
 2036 0066 1A000000 		.4byte	.LVL11
 2037 006a 1E000000 		.4byte	.LVL12
 2038 006e 0300     		.2byte	0x3
 2039 0070 73       		.byte	0x73
 2040 0071 60       		.sleb128 -32
 2041 0072 9F       		.byte	0x9f
 2042 0073 1E000000 		.4byte	.LVL12
 2043 0077 2A000000 		.4byte	.LVL13
 2044 007b 0100     		.2byte	0x1
 2045 007d 52       		.byte	0x52
ARM GAS  /tmp/cc6BFDxf.s 			page 37


 2046 007e 2A000000 		.4byte	.LVL13
 2047 0082 4A000000 		.4byte	.LVL14
 2048 0086 0300     		.2byte	0x3
 2049 0088 73       		.byte	0x73
 2050 0089 60       		.sleb128 -32
 2051 008a 9F       		.byte	0x9f
 2052 008b 50000000 		.4byte	.LVL16
 2053 008f 70000000 		.4byte	.LFE10
 2054 0093 0300     		.2byte	0x3
 2055 0095 73       		.byte	0x73
 2056 0096 60       		.sleb128 -32
 2057 0097 9F       		.byte	0x9f
 2058 0098 00000000 		.4byte	0
 2059 009c 00000000 		.4byte	0
 2060              	.LLST5:
 2061 00a0 4E000000 		.4byte	.LVL15
 2062 00a4 50000000 		.4byte	.LVL16
 2063 00a8 0100     		.2byte	0x1
 2064 00aa 53       		.byte	0x53
 2065 00ab 00000000 		.4byte	0
 2066 00af 00000000 		.4byte	0
 2067              	.LLST6:
 2068 00b3 00000000 		.4byte	.LFB7
 2069 00b7 02000000 		.4byte	.LCFI1
 2070 00bb 0200     		.2byte	0x2
 2071 00bd 7D       		.byte	0x7d
 2072 00be 00       		.sleb128 0
 2073 00bf 02000000 		.4byte	.LCFI1
 2074 00c3 1A000000 		.4byte	.LFE7
 2075 00c7 0200     		.2byte	0x2
 2076 00c9 7D       		.byte	0x7d
 2077 00ca 08       		.sleb128 8
 2078 00cb 00000000 		.4byte	0
 2079 00cf 00000000 		.4byte	0
 2080              	.LLST7:
 2081 00d3 08000000 		.4byte	.LVL18
 2082 00d7 0B000000 		.4byte	.LVL19-1
 2083 00db 0100     		.2byte	0x1
 2084 00dd 53       		.byte	0x53
 2085 00de 00000000 		.4byte	0
 2086 00e2 00000000 		.4byte	0
 2087              	.LLST8:
 2088 00e6 12000000 		.4byte	.LVL21
 2089 00ea 19000000 		.4byte	.LVL22-1
 2090 00ee 0100     		.2byte	0x1
 2091 00f0 53       		.byte	0x53
 2092 00f1 00000000 		.4byte	0
 2093 00f5 00000000 		.4byte	0
 2094              	.LLST9:
 2095 00f9 06000000 		.4byte	.LVL25
 2096 00fd 10000000 		.4byte	.LFE13
 2097 0101 0100     		.2byte	0x1
 2098 0103 53       		.byte	0x53
 2099 0104 00000000 		.4byte	0
 2100 0108 00000000 		.4byte	0
 2101              		.section	.debug_aranges,"",%progbits
 2102 0000 4C000000 		.4byte	0x4c
ARM GAS  /tmp/cc6BFDxf.s 			page 38


 2103 0004 0200     		.2byte	0x2
 2104 0006 00000000 		.4byte	.Ldebug_info0
 2105 000a 04       		.byte	0x4
 2106 000b 00       		.byte	0
 2107 000c 0000     		.2byte	0
 2108 000e 0000     		.2byte	0
 2109 0010 00000000 		.4byte	.LFB11
 2110 0014 06000000 		.4byte	.LFE11-.LFB11
 2111 0018 00000000 		.4byte	.LFB8
 2112 001c 12000000 		.4byte	.LFE8-.LFB8
 2113 0020 00000000 		.4byte	.LFB9
 2114 0024 36000000 		.4byte	.LFE9-.LFB9
 2115 0028 00000000 		.4byte	.LFB10
 2116 002c 70000000 		.4byte	.LFE10-.LFB10
 2117 0030 00000000 		.4byte	.LFB7
 2118 0034 1A000000 		.4byte	.LFE7-.LFB7
 2119 0038 00000000 		.4byte	.LFB12
 2120 003c 10000000 		.4byte	.LFE12-.LFB12
 2121 0040 00000000 		.4byte	.LFB13
 2122 0044 10000000 		.4byte	.LFE13-.LFB13
 2123 0048 00000000 		.4byte	0
 2124 004c 00000000 		.4byte	0
 2125              		.section	.debug_ranges,"",%progbits
 2126              	.Ldebug_ranges0:
 2127 0000 16000000 		.4byte	.LBB4
 2128 0004 4A000000 		.4byte	.LBE4
 2129 0008 50000000 		.4byte	.LBB6
 2130 000c 70000000 		.4byte	.LBE6
 2131 0010 00000000 		.4byte	0
 2132 0014 00000000 		.4byte	0
 2133 0018 00000000 		.4byte	.LFB11
 2134 001c 06000000 		.4byte	.LFE11
 2135 0020 00000000 		.4byte	.LFB8
 2136 0024 12000000 		.4byte	.LFE8
 2137 0028 00000000 		.4byte	.LFB9
 2138 002c 36000000 		.4byte	.LFE9
 2139 0030 00000000 		.4byte	.LFB10
 2140 0034 70000000 		.4byte	.LFE10
 2141 0038 00000000 		.4byte	.LFB7
 2142 003c 1A000000 		.4byte	.LFE7
 2143 0040 00000000 		.4byte	.LFB12
 2144 0044 10000000 		.4byte	.LFE12
 2145 0048 00000000 		.4byte	.LFB13
 2146 004c 10000000 		.4byte	.LFE13
 2147 0050 00000000 		.4byte	0
 2148 0054 00000000 		.4byte	0
 2149              		.section	.debug_line,"",%progbits
 2150              	.Ldebug_line0:
 2151 0000 E1010000 		.section	.debug_str,"MS",%progbits,1
 2151      02002D01 
 2151      00000201 
 2151      FB0E0D00 
 2151      01010101 
 2152              	.LASF36:
 2153 0000 705F6D73 		.ascii	"p_msg\000"
 2153      6700
 2154              	.LASF78:
ARM GAS  /tmp/cc6BFDxf.s 			page 39


 2155 0006 7264796D 		.ascii	"rdymsg\000"
 2155      736700
 2156              	.LASF66:
 2157 000d 434D785F 		.ascii	"CMx_SCB\000"
 2157      53434200 
 2158              	.LASF92:
 2159 0015 63685379 		.ascii	"chSysTimerHandlerI\000"
 2159      7354696D 
 2159      65724861 
 2159      6E646C65 
 2159      724900
 2160              	.LASF88:
 2161 0028 53797354 		.ascii	"SysTickVector\000"
 2161      69636B56 
 2161      6563746F 
 2161      7200
 2162              	.LASF11:
 2163 0036 6C6F6E67 		.ascii	"long long unsigned int\000"
 2163      206C6F6E 
 2163      6720756E 
 2163      7369676E 
 2163      65642069 
 2164              	.LASF79:
 2165 004d 65786974 		.ascii	"exitcode\000"
 2165      636F6465 
 2165      00
 2166              	.LASF51:
 2167 0056 43505549 		.ascii	"CPUID\000"
 2167      4400
 2168              	.LASF24:
 2169 005c 705F7072 		.ascii	"p_prio\000"
 2169      696F00
 2170              	.LASF10:
 2171 0063 6C6F6E67 		.ascii	"long long int\000"
 2171      206C6F6E 
 2171      6720696E 
 2171      7400
 2172              	.LASF1:
 2173 0071 7369676E 		.ascii	"signed char\000"
 2173      65642063 
 2173      68617200 
 2174              	.LASF40:
 2175 007d 705F6D70 		.ascii	"p_mpool\000"
 2175      6F6F6C00 
 2176              	.LASF75:
 2177 0085 6D5F7175 		.ascii	"m_queue\000"
 2177      65756500 
 2178              	.LASF16:
 2179 008d 74736C69 		.ascii	"tslices_t\000"
 2179      6365735F 
 2179      7400
 2180              	.LASF7:
 2181 0097 6C6F6E67 		.ascii	"long int\000"
 2181      20696E74 
 2181      00
 2182              	.LASF14:
 2183 00a0 74737461 		.ascii	"tstate_t\000"
ARM GAS  /tmp/cc6BFDxf.s 			page 40


 2183      74655F74 
 2183      00
 2184              	.LASF90:
 2185 00a9 5F706F72 		.ascii	"_port_thread_start\000"
 2185      745F7468 
 2185      72656164 
 2185      5F737461 
 2185      727400
 2186              	.LASF26:
 2187 00bc 705F6E65 		.ascii	"p_newer\000"
 2187      77657200 
 2188              	.LASF61:
 2189 00c4 42464152 		.ascii	"BFAR\000"
 2189      00
 2190              	.LASF70:
 2191 00c9 725F6E65 		.ascii	"r_newer\000"
 2191      77657200 
 2192              	.LASF97:
 2193 00d1 6E766963 		.ascii	"nvicSetSystemHandlerPriority\000"
 2193      53657453 
 2193      79737465 
 2193      6D48616E 
 2193      646C6572 
 2194              	.LASF43:
 2195 00ee 72656761 		.ascii	"regarm_t\000"
 2195      726D5F74 
 2195      00
 2196              	.LASF91:
 2197 00f7 63685363 		.ascii	"chSchDoReschedule\000"
 2197      68446F52 
 2197      65736368 
 2197      6564756C 
 2197      6500
 2198              	.LASF0:
 2199 0109 756E7369 		.ascii	"unsigned int\000"
 2199      676E6564 
 2199      20696E74 
 2199      00
 2200              	.LASF45:
 2201 0116 6C725F74 		.ascii	"lr_thd\000"
 2201      686400
 2202              	.LASF95:
 2203 011d 2F686F6D 		.ascii	"/home/witold/Dokumenty/arm/ChibiOS-master/demos/ARM"
 2203      652F7769 
 2203      746F6C64 
 2203      2F446F6B 
 2203      756D656E 
 2204 0150 434D342D 		.ascii	"CM4-STM32F407-DISCOVERY-MEMS\000"
 2204      53544D33 
 2204      32463430 
 2204      372D4449 
 2204      53434F56 
 2205              	.LASF44:
 2206 016d 65787463 		.ascii	"extctx\000"
 2206      747800
 2207              	.LASF89:
 2208 0174 5F706F72 		.ascii	"_port_switch\000"
ARM GAS  /tmp/cc6BFDxf.s 			page 41


 2208      745F7377 
 2208      69746368 
 2208      00
 2209              	.LASF9:
 2210 0181 6C6F6E67 		.ascii	"long unsigned int\000"
 2210      20756E73 
 2210      69676E65 
 2210      6420696E 
 2210      7400
 2211              	.LASF53:
 2212 0193 56544F52 		.ascii	"VTOR\000"
 2212      00
 2213              	.LASF83:
 2214 0198 5F706F72 		.ascii	"_port_switch_from_isr\000"
 2214      745F7377 
 2214      69746368 
 2214      5F66726F 
 2214      6D5F6973 
 2215              	.LASF48:
 2216 01ae 636F6E74 		.ascii	"context\000"
 2216      65787400 
 2217              	.LASF4:
 2218 01b6 73686F72 		.ascii	"short unsigned int\000"
 2218      7420756E 
 2218      7369676E 
 2218      65642069 
 2218      6E7400
 2219              	.LASF52:
 2220 01c9 49435352 		.ascii	"ICSR\000"
 2220      00
 2221              	.LASF18:
 2222 01ce 6D73675F 		.ascii	"msg_t\000"
 2222      7400
 2223              	.LASF54:
 2224 01d4 41495243 		.ascii	"AIRCR\000"
 2224      5200
 2225              	.LASF59:
 2226 01da 44465352 		.ascii	"DFSR\000"
 2226      00
 2227              	.LASF60:
 2228 01df 4D4D4641 		.ascii	"MMFAR\000"
 2228      5200
 2229              	.LASF87:
 2230 01e5 5F706F72 		.ascii	"_port_irq_epilogue\000"
 2230      745F6972 
 2230      715F6570 
 2230      696C6F67 
 2230      756500
 2231              	.LASF13:
 2232 01f8 746D6F64 		.ascii	"tmode_t\000"
 2232      655F7400 
 2233              	.LASF42:
 2234 0200 54687265 		.ascii	"ThreadsList\000"
 2234      6164734C 
 2234      69737400 
 2235              	.LASF19:
 2236 020c 6576656E 		.ascii	"eventmask_t\000"
ARM GAS  /tmp/cc6BFDxf.s 			page 42


 2236      746D6173 
 2236      6B5F7400 
 2237              	.LASF74:
 2238 0218 4D757465 		.ascii	"Mutex\000"
 2238      7800
 2239              	.LASF93:
 2240 021e 474E5520 		.ascii	"GNU C 4.7.4 20130613 (release) [ARM/embedded-4_7-br"
 2240      4320342E 
 2240      372E3420 
 2240      32303133 
 2240      30363133 
 2241 0251 616E6368 		.ascii	"anch revision 200083]\000"
 2241      20726576 
 2241      6973696F 
 2241      6E203230 
 2241      30303833 
 2242              	.LASF50:
 2243 0267 73697A65 		.ascii	"sizetype\000"
 2243      74797065 
 2243      00
 2244              	.LASF57:
 2245 0270 43465352 		.ascii	"CFSR\000"
 2245      00
 2246              	.LASF27:
 2247 0275 705F6F6C 		.ascii	"p_older\000"
 2247      64657200 
 2248              	.LASF69:
 2249 027d 725F6374 		.ascii	"r_ctx\000"
 2249      7800
 2250              	.LASF41:
 2251 0283 54687265 		.ascii	"ThreadsQueue\000"
 2251      61647351 
 2251      75657565 
 2251      00
 2252              	.LASF72:
 2253 0290 725F6375 		.ascii	"r_current\000"
 2253      7272656E 
 2253      7400
 2254              	.LASF71:
 2255 029a 725F6F6C 		.ascii	"r_older\000"
 2255      64657200 
 2256              	.LASF15:
 2257 02a2 74726566 		.ascii	"trefs_t\000"
 2257      735F7400 
 2258              	.LASF85:
 2259 02aa 63747870 		.ascii	"ctxp\000"
 2259      00
 2260              	.LASF23:
 2261 02af 705F7072 		.ascii	"p_prev\000"
 2261      657600
 2262              	.LASF17:
 2263 02b6 74707269 		.ascii	"tprio_t\000"
 2263      6F5F7400 
 2264              	.LASF12:
 2265 02be 5F426F6F 		.ascii	"_Bool\000"
 2265      6C00
 2266              	.LASF6:
ARM GAS  /tmp/cc6BFDxf.s 			page 43


 2267 02c4 696E7433 		.ascii	"int32_t\000"
 2267      325F7400 
 2268              	.LASF2:
 2269 02cc 756E7369 		.ascii	"unsigned char\000"
 2269      676E6564 
 2269      20636861 
 2269      7200
 2270              	.LASF56:
 2271 02da 53484353 		.ascii	"SHCSR\000"
 2271      5200
 2272              	.LASF38:
 2273 02e0 705F6D74 		.ascii	"p_mtxlist\000"
 2273      786C6973 
 2273      7400
 2274              	.LASF3:
 2275 02ea 73686F72 		.ascii	"short int\000"
 2275      7420696E 
 2275      7400
 2276              	.LASF29:
 2277 02f4 705F7374 		.ascii	"p_state\000"
 2277      61746500 
 2278              	.LASF32:
 2279 02fc 705F7072 		.ascii	"p_preempt\000"
 2279      65656D70 
 2279      7400
 2280              	.LASF46:
 2281 0306 78707372 		.ascii	"xpsr\000"
 2281      00
 2282              	.LASF68:
 2283 030b 725F7072 		.ascii	"r_prio\000"
 2283      696F00
 2284              	.LASF81:
 2285 0312 65776D61 		.ascii	"ewmask\000"
 2285      736B00
 2286              	.LASF22:
 2287 0319 705F6E65 		.ascii	"p_next\000"
 2287      787400
 2288              	.LASF30:
 2289 0320 705F666C 		.ascii	"p_flags\000"
 2289      61677300 
 2290              	.LASF21:
 2291 0328 54687265 		.ascii	"Thread\000"
 2291      616400
 2292              	.LASF37:
 2293 032f 705F6570 		.ascii	"p_epending\000"
 2293      656E6469 
 2293      6E6700
 2294              	.LASF8:
 2295 033a 75696E74 		.ascii	"uint32_t\000"
 2295      33325F74 
 2295      00
 2296              	.LASF67:
 2297 0343 725F7175 		.ascii	"r_queue\000"
 2297      65756500 
 2298              	.LASF62:
 2299 034b 41465352 		.ascii	"AFSR\000"
 2299      00
ARM GAS  /tmp/cc6BFDxf.s 			page 44


 2300              	.LASF64:
 2301 0350 756E7573 		.ascii	"unused1\000"
 2301      65643100 
 2302              	.LASF82:
 2303 0358 63686172 		.ascii	"char\000"
 2303      00
 2304              	.LASF49:
 2305 035d 494F5245 		.ascii	"IOREG32\000"
 2305      47333200 
 2306              	.LASF94:
 2307 0365 2E2E2F2E 		.ascii	"../../os/ports/GCC/ARMCMx/chcore_v7m.c\000"
 2307      2E2F6F73 
 2307      2F706F72 
 2307      74732F47 
 2307      43432F41 
 2308              	.LASF77:
 2309 038c 6D5F6E65 		.ascii	"m_next\000"
 2309      787400
 2310              	.LASF20:
 2311 0393 73797374 		.ascii	"systime_t\000"
 2311      696D655F 
 2311      7400
 2312              	.LASF39:
 2313 039d 705F7265 		.ascii	"p_realprio\000"
 2313      616C7072 
 2313      696F00
 2314              	.LASF84:
 2315 03a8 53564361 		.ascii	"SVCallVector\000"
 2315      6C6C5665 
 2315      63746F72 
 2315      00
 2316              	.LASF33:
 2317 03b5 705F7469 		.ascii	"p_time\000"
 2317      6D6500
 2318              	.LASF55:
 2319 03bc 53485052 		.ascii	"SHPR\000"
 2319      00
 2320              	.LASF47:
 2321 03c1 696E7463 		.ascii	"intctx\000"
 2321      747800
 2322              	.LASF35:
 2323 03c8 705F6D73 		.ascii	"p_msgqueue\000"
 2323      67717565 
 2323      756500
 2324              	.LASF31:
 2325 03d3 705F7265 		.ascii	"p_refs\000"
 2325      667300
 2326              	.LASF73:
 2327 03da 52656164 		.ascii	"ReadyList\000"
 2327      794C6973 
 2327      7400
 2328              	.LASF63:
 2329 03e4 4D4D4652 		.ascii	"MMFR\000"
 2329      00
 2330              	.LASF96:
 2331 03e9 726C6973 		.ascii	"rlist\000"
 2331      7400
ARM GAS  /tmp/cc6BFDxf.s 			page 45


 2332              	.LASF5:
 2333 03ef 75696E74 		.ascii	"uint8_t\000"
 2333      385F7400 
 2334              	.LASF86:
 2335 03f7 5F706F72 		.ascii	"_port_init\000"
 2335      745F696E 
 2335      697400
 2336              	.LASF80:
 2337 0402 77746F62 		.ascii	"wtobjp\000"
 2337      6A7000
 2338              	.LASF28:
 2339 0409 705F6E61 		.ascii	"p_name\000"
 2339      6D6500
 2340              	.LASF65:
 2341 0410 43504143 		.ascii	"CPACR\000"
 2341      5200
 2342              	.LASF58:
 2343 0416 48465352 		.ascii	"HFSR\000"
 2343      00
 2344              	.LASF76:
 2345 041b 6D5F6F77 		.ascii	"m_owner\000"
 2345      6E657200 
 2346              	.LASF25:
 2347 0423 705F6374 		.ascii	"p_ctx\000"
 2347      7800
 2348              	.LASF34:
 2349 0429 705F7761 		.ascii	"p_waiting\000"
 2349      6974696E 
 2349      6700
 2350              		.ident	"GCC: (GNU Tools for ARM Embedded Processors) 4.7.4 20130613 (release) [ARM/embedded-4_7-br
ARM GAS  /tmp/cc6BFDxf.s 			page 46


DEFINED SYMBOLS
                            *ABS*:00000000 chcore_v7m.c
     /tmp/cc6BFDxf.s:19     .text._port_switch_from_isr:00000000 $t
     /tmp/cc6BFDxf.s:25     .text._port_switch_from_isr:00000000 _port_switch_from_isr
     /tmp/cc6BFDxf.s:38     .text._port_switch_from_isr:00000004 _port_exit_from_isr
     /tmp/cc6BFDxf.s:50     .text.SVCallVector:00000000 $t
     /tmp/cc6BFDxf.s:56     .text.SVCallVector:00000000 SVCallVector
     /tmp/cc6BFDxf.s:92     .text._port_init:00000000 $t
     /tmp/cc6BFDxf.s:98     .text._port_init:00000000 _port_init
     /tmp/cc6BFDxf.s:143    .text._port_irq_epilogue:00000000 $t
     /tmp/cc6BFDxf.s:149    .text._port_irq_epilogue:00000000 _port_irq_epilogue
     /tmp/cc6BFDxf.s:244    .text._port_irq_epilogue:00000064 $d
     /tmp/cc6BFDxf.s:252    .text.SysTickVector:00000000 $t
     /tmp/cc6BFDxf.s:258    .text.SysTickVector:00000000 SysTickVector
     /tmp/cc6BFDxf.s:301    .text._port_switch:00000000 $t
     /tmp/cc6BFDxf.s:307    .text._port_switch:00000000 _port_switch
     /tmp/cc6BFDxf.s:334    .text._port_thread_start:00000000 $t
     /tmp/cc6BFDxf.s:340    .text._port_thread_start:00000000 _port_thread_start
                     .debug_frame:00000010 $d

UNDEFINED SYMBOLS
chSchDoReschedule
nvicSetSystemHandlerPriority
rlist
chSysTimerHandlerI
chThdExit
