ARM GAS  /tmp/ccWkusys.s 			page 1


   1              		.syntax unified
   2              		.cpu cortex-m4
   3              		.fpu softvfp
   4              		.eabi_attribute 20, 1
   5              		.eabi_attribute 21, 1
   6              		.eabi_attribute 23, 3
   7              		.eabi_attribute 24, 1
   8              		.eabi_attribute 25, 1
   9              		.eabi_attribute 26, 1
  10              		.eabi_attribute 30, 2
  11              		.eabi_attribute 34, 1
  12              		.eabi_attribute 18, 4
  13              		.thumb
  14              		.file	"crt0.c"
  15              		.text
  16              	.Ltext0:
  17              		.cfi_sections	.debug_frame
  18              		.section	.text.__early_init,"ax",%progbits
  19              		.align	2
  20              		.p2align 4,,15
  21              		.weak	__early_init
  22              		.thumb
  23              		.thumb_func
  24              		.type	__early_init, %function
  25              	__early_init:
  26              	.LFB0:
  27              		.file 1 "../../os/ports/GCC/ARMCMx/crt0.c"
  28              		.loc 1 227 0
  29              		.cfi_startproc
  30              		@ args = 0, pretend = 0, frame = 0
  31              		@ frame_needed = 0, uses_anonymous_args = 0
  32              		@ link register save eliminated.
  33 0000 7047     		bx	lr
  34              		.cfi_endproc
  35              	.LFE0:
  36              		.size	__early_init, .-__early_init
  37 0002 00BFAFF3 		.section	.text.__late_init,"ax",%progbits
  37      0080AFF3 
  37      0080AFF3 
  37      0080
  38              		.align	2
  39              		.p2align 4,,15
  40              		.weak	__late_init
  41              		.thumb
  42              		.thumb_func
  43              		.type	__late_init, %function
  44              	__late_init:
  45              	.LFB1:
  46              		.loc 1 239 0
  47              		.cfi_startproc
  48              		@ args = 0, pretend = 0, frame = 0
  49              		@ frame_needed = 0, uses_anonymous_args = 0
  50              		@ link register save eliminated.
  51 0000 7047     		bx	lr
  52              		.cfi_endproc
  53              	.LFE1:
  54              		.size	__late_init, .-__late_init
ARM GAS  /tmp/ccWkusys.s 			page 2


  55 0002 00BFAFF3 		.section	.text._default_exit,"ax",%progbits
  55      0080AFF3 
  55      0080AFF3 
  55      0080
  56              		.align	2
  57              		.p2align 4,,15
  58              		.weak	_default_exit
  59              		.thumb
  60              		.thumb_func
  61              		.type	_default_exit, %function
  62              	_default_exit:
  63              	.LFB2:
  64              		.loc 1 250 0
  65              		.cfi_startproc
  66              		@ Naked Function: prologue and epilogue provided by programmer.
  67              		@ args = 0, pretend = 0, frame = 0
  68              		@ frame_needed = 0, uses_anonymous_args = 0
  69              	.L4:
  70 0000 FEE7     		b	.L4
  71              		.cfi_endproc
  72              	.LFE2:
  73              		.size	_default_exit, .-_default_exit
  74 0002 00BFAFF3 		.section	.text.ResetHandler,"ax",%progbits
  74      0080AFF3 
  74      0080AFF3 
  74      0080
  75              		.align	2
  76              		.p2align 4,,15
  77              		.global	ResetHandler
  78              		.thumb
  79              		.thumb_func
  80              		.type	ResetHandler, %function
  81              	ResetHandler:
  82              	.LFB3:
  83              		.loc 1 261 0
  84              		.cfi_startproc
  85              		@ Naked Function: prologue and epilogue provided by programmer.
  86              		@ args = 0, pretend = 0, frame = 0
  87              		@ frame_needed = 0, uses_anonymous_args = 0
  88              		.loc 1 267 0
  89              	@ 267 "../../os/ports/GCC/ARMCMx/crt0.c" 1
  90 0000 72B6     		cpsid   i
  91              	@ 0 "" 2
  92              		.loc 1 268 0
  93              		.thumb
  94 0002 644C     		ldr	r4, .L68
  95              	.LVL0:
  96              		.loc 1 269 0
  97              	@ 269 "../../os/ports/GCC/ARMCMx/crt0.c" 1
  98 0004 84F30988 		msr     PSP, r4
  99              	@ 0 "" 2
 100              	.LVL1:
 101              		.loc 1 289 0
 102              		.thumb
 103 0008 0223     		movs	r3, #2
 104              	@ 289 "../../os/ports/GCC/ARMCMx/crt0.c" 1
 105 000a 83F31488 		msr     CONTROL, r3
ARM GAS  /tmp/ccWkusys.s 			page 3


 106              	@ 0 "" 2
 107              		.loc 1 290 0
 108              	@ 290 "../../os/ports/GCC/ARMCMx/crt0.c" 1
 109 000e BFF36F8F 		isb
 110              	@ 0 "" 2
 111              	.LVL2:
 112              		.thumb
 113              	.LBB2:
 114              		.loc 1 294 0
 115 0012 6148     		ldr	r0, .L68+4
 116 0014 6149     		ldr	r1, .L68+8
 117 0016 8842     		cmp	r0, r1
 118 0018 18D2     		bcs	.L10
 119              	.LBE2:
 120              	.LBB3:
 121              		.loc 1 261 0
 122 001a CA1C     		adds	r2, r1, #3
 123 001c 051D     		adds	r5, r0, #4
 124 001e 531B     		subs	r3, r2, r5
 125 0020 23F00302 		bic	r2, r3, #3
 126 0024 0346     		mov	r3, r0
 127 0026 1018     		adds	r0, r2, r0
 128              	.LBE3:
 129              	.LBB4:
 130              		.loc 1 294 0
 131 0028 4FF05531 		mov	r1, #1431655765
 132 002c 8342     		cmp	r3, r0
 133 002e 1960     		str	r1, [r3, #0]
 134              	.LVL3:
 135 0030 C2F38002 		ubfx	r2, r2, #2, #1
 136 0034 0AD0     		beq	.L10
 137 0036 1AB1     		cbz	r2, .L9
 138 0038 8542     		cmp	r5, r0
 139 003a 2B46     		mov	r3, r5
 140 003c 2960     		str	r1, [r5, #0]
 141 003e 05D0     		beq	.L10
 142              	.L9:
 143 0040 1D1D     		adds	r5, r3, #4
 144              		.loc 1 294 0 is_stmt 0 discriminator 2
 145 0042 5960     		str	r1, [r3, #4]
 146 0044 0833     		adds	r3, r3, #8
 147 0046 8342     		cmp	r3, r0
 148 0048 6960     		str	r1, [r5, #4]
 149 004a F9D1     		bne	.L9
 150              	.L10:
 151              	.LVL4:
 152              	.LBE4:
 153              	.LBB5:
 154              		.loc 1 297 0 is_stmt 1
 155 004c 5448     		ldr	r0, .L68+12
 156 004e A042     		cmp	r0, r4
 157 0050 18D2     		bcs	.L8
 158              	.LBE5:
 159              	.LBB6:
 160              		.loc 1 261 0
 161 0052 5449     		ldr	r1, .L68+16
 162 0054 041D     		adds	r4, r0, #4
ARM GAS  /tmp/ccWkusys.s 			page 4


 163 0056 0A1B     		subs	r2, r1, r4
 164 0058 22F00305 		bic	r5, r2, #3
 165 005c 0346     		mov	r3, r0
 166 005e 2818     		adds	r0, r5, r0
 167              	.LBE6:
 168              	.LBB7:
 169              		.loc 1 297 0
 170 0060 4FF05531 		mov	r1, #1431655765
 171 0064 8342     		cmp	r3, r0
 172 0066 1960     		str	r1, [r3, #0]
 173              	.LVL5:
 174 0068 C5F38002 		ubfx	r2, r5, #2, #1
 175 006c 0AD0     		beq	.L8
 176 006e 1AB1     		cbz	r2, .L13
 177 0070 8442     		cmp	r4, r0
 178 0072 2346     		mov	r3, r4
 179 0074 2160     		str	r1, [r4, #0]
 180 0076 05D0     		beq	.L8
 181              	.L13:
 182 0078 1D1D     		adds	r5, r3, #4
 183              		.loc 1 297 0 is_stmt 0 discriminator 2
 184 007a 5960     		str	r1, [r3, #4]
 185 007c 0833     		adds	r3, r3, #8
 186 007e 8342     		cmp	r3, r0
 187 0080 6960     		str	r1, [r5, #4]
 188 0082 F9D1     		bne	.L13
 189              	.L8:
 190              	.LBE7:
 191              		.loc 1 303 0 is_stmt 1
 192 0084 FFF7FEFF 		bl	__early_init
 193              	.LVL6:
 194              	.LBB8:
 195              		.loc 1 312 0
 196 0088 4749     		ldr	r1, .L68+20
 197 008a 4848     		ldr	r0, .L68+24
 198 008c 8142     		cmp	r1, r0
 199 008e 1BD2     		bcs	.L12
 200              	.LBE8:
 201              	.LBB9:
 202              		.loc 1 261 0
 203 0090 C61C     		adds	r6, r0, #3
 204 0092 0C1D     		adds	r4, r1, #4
 205 0094 321B     		subs	r2, r6, r4
 206 0096 4648     		ldr	r0, .L68+28
 207 0098 22F00302 		bic	r2, r2, #3
 208 009c 161D     		adds	r6, r2, #4
 209              	.LBE9:
 210              	.LBB10:
 211              		.loc 1 313 0
 212 009e 0568     		ldr	r5, [r0, #0]
 213 00a0 0423     		movs	r3, #4
 214              		.loc 1 312 0
 215 00a2 B342     		cmp	r3, r6
 216              		.loc 1 313 0
 217 00a4 0D60     		str	r5, [r1, #0]
 218              	.LVL7:
 219 00a6 C2F38002 		ubfx	r2, r2, #2, #1
ARM GAS  /tmp/ccWkusys.s 			page 5


 220              		.loc 1 312 0
 221 00aa 0DD0     		beq	.L12
 222 00ac 22B1     		cbz	r2, .L16
 223              		.loc 1 313 0
 224 00ae 4568     		ldr	r5, [r0, #4]
 225 00b0 0823     		movs	r3, #8
 226              		.loc 1 312 0
 227 00b2 B342     		cmp	r3, r6
 228              		.loc 1 313 0
 229 00b4 2560     		str	r5, [r4, #0]
 230              		.loc 1 312 0
 231 00b6 07D0     		beq	.L12
 232              	.L16:
 233 00b8 1A1D     		adds	r2, r3, #4
 234              		.loc 1 313 0
 235 00ba 1D58     		ldr	r5, [r3, r0]
 236 00bc 8458     		ldr	r4, [r0, r2]
 237 00be 5D50     		str	r5, [r3, r1]
 238 00c0 0833     		adds	r3, r3, #8
 239              		.loc 1 312 0
 240 00c2 B342     		cmp	r3, r6
 241              		.loc 1 313 0
 242 00c4 8C50     		str	r4, [r1, r2]
 243              		.loc 1 312 0
 244 00c6 F7D1     		bne	.L16
 245              	.L12:
 246              	.LVL8:
 247              	.LBE10:
 248              	.LBB11:
 249              		.loc 1 319 0
 250 00c8 3A48     		ldr	r0, .L68+32
 251 00ca 3B49     		ldr	r1, .L68+36
 252 00cc 8842     		cmp	r0, r1
 253 00ce 17D2     		bcs	.L15
 254              	.LBE11:
 255              	.LBB12:
 256              		.loc 1 261 0
 257 00d0 CB1C     		adds	r3, r1, #3
 258 00d2 041D     		adds	r4, r0, #4
 259 00d4 1A1B     		subs	r2, r3, r4
 260 00d6 22F00305 		bic	r5, r2, #3
 261 00da 0346     		mov	r3, r0
 262 00dc 2818     		adds	r0, r5, r0
 263              	.LBE12:
 264              	.LBB13:
 265              		.loc 1 319 0
 266 00de 0021     		movs	r1, #0
 267 00e0 8342     		cmp	r3, r0
 268 00e2 1960     		str	r1, [r3, #0]
 269              	.LVL9:
 270 00e4 C5F38002 		ubfx	r2, r5, #2, #1
 271 00e8 0AD0     		beq	.L15
 272 00ea 1AB1     		cbz	r2, .L19
 273 00ec 8442     		cmp	r4, r0
 274 00ee 2346     		mov	r3, r4
 275 00f0 2160     		str	r1, [r4, #0]
 276 00f2 05D0     		beq	.L15
ARM GAS  /tmp/ccWkusys.s 			page 6


 277              	.L19:
 278 00f4 1D1D     		adds	r5, r3, #4
 279              		.loc 1 319 0 is_stmt 0 discriminator 2
 280 00f6 5960     		str	r1, [r3, #4]
 281 00f8 0833     		adds	r3, r3, #8
 282 00fa 8342     		cmp	r3, r0
 283 00fc 6960     		str	r1, [r5, #4]
 284 00fe F9D1     		bne	.L19
 285              	.L15:
 286              	.LBE13:
 287              		.loc 1 323 0 is_stmt 1
 288 0100 FFF7FEFF 		bl	__late_init
 289              	.LVL10:
 290              	.LBB14:
 291              		.loc 1 329 0
 292 0104 2D4D     		ldr	r5, .L68+40
 293 0106 2E49     		ldr	r1, .L68+44
 294 0108 8D42     		cmp	r5, r1
 295 010a 1DD2     		bcs	.L18
 296              	.LBE14:
 297              	.LBB15:
 298              		.loc 1 261 0
 299 010c CC1C     		adds	r4, r1, #3
 300 010e 2E1D     		adds	r6, r5, #4
 301 0110 A71B     		subs	r7, r4, r6
 302 0112 B808     		lsrs	r0, r7, #2
 303 0114 471C     		adds	r7, r0, #1
 304 0116 0124     		movs	r4, #1
 305              	.LBE15:
 306              	.LBB16:
 307              		.loc 1 330 0
 308 0118 2A68     		ldr	r2, [r5, #0]
 309 011a 00EA0408 		and	r8, r0, r4
 310 011e 9047     		blx	r2
 311              	.LVL11:
 312              		.loc 1 329 0
 313 0120 BC42     		cmp	r4, r7
 314 0122 11D0     		beq	.L18
 315 0124 B8F1000F 		cmp	r8, #0
 316 0128 05D0     		beq	.L22
 317 012a 0224     		movs	r4, #2
 318              		.loc 1 330 0
 319 012c 3368     		ldr	r3, [r6, #0]
 320 012e 9847     		blx	r3
 321              	.LVL12:
 322              		.loc 1 329 0
 323 0130 BC42     		cmp	r4, r7
 324 0132 3546     		mov	r5, r6
 325 0134 08D0     		beq	.L18
 326              	.L22:
 327              		.loc 1 330 0
 328 0136 6968     		ldr	r1, [r5, #4]
 329 0138 8847     		blx	r1
 330              	.LVL13:
 331 013a 0234     		adds	r4, r4, #2
 332 013c A868     		ldr	r0, [r5, #8]
 333 013e 2E1D     		adds	r6, r5, #4
ARM GAS  /tmp/ccWkusys.s 			page 7


 334 0140 8047     		blx	r0
 335              	.LVL14:
 336 0142 0835     		adds	r5, r5, #8
 337              		.loc 1 329 0
 338 0144 BC42     		cmp	r4, r7
 339 0146 F6D1     		bne	.L22
 340              	.L18:
 341              	.LBE16:
 342              		.loc 1 337 0
 343 0148 FFF7FEFF 		bl	main
 344              	.LVL15:
 345              	.LBB17:
 346              		.loc 1 343 0
 347 014c 1D4D     		ldr	r5, .L68+48
 348 014e 1E4A     		ldr	r2, .L68+52
 349 0150 9542     		cmp	r5, r2
 350 0152 1DD2     		bcs	.L21
 351              	.LBE17:
 352              		.loc 1 261 0
 353 0154 D41C     		adds	r4, r2, #3
 354 0156 2E1D     		adds	r6, r5, #4
 355 0158 A71B     		subs	r7, r4, r6
 356 015a BB08     		lsrs	r3, r7, #2
 357 015c 5F1C     		adds	r7, r3, #1
 358 015e 0124     		movs	r4, #1
 359              	.LBB18:
 360              		.loc 1 344 0
 361 0160 2968     		ldr	r1, [r5, #0]
 362 0162 03EA0408 		and	r8, r3, r4
 363 0166 8847     		blx	r1
 364              	.LVL16:
 365              		.loc 1 343 0
 366 0168 BC42     		cmp	r4, r7
 367 016a 11D0     		beq	.L21
 368 016c B8F1000F 		cmp	r8, #0
 369 0170 05D0     		beq	.L23
 370 0172 0224     		movs	r4, #2
 371              		.loc 1 344 0
 372 0174 3068     		ldr	r0, [r6, #0]
 373 0176 8047     		blx	r0
 374              	.LVL17:
 375              		.loc 1 343 0
 376 0178 BC42     		cmp	r4, r7
 377 017a 3546     		mov	r5, r6
 378 017c 08D0     		beq	.L21
 379              	.L23:
 380              		.loc 1 344 0
 381 017e 6A68     		ldr	r2, [r5, #4]
 382 0180 9047     		blx	r2
 383              	.LVL18:
 384 0182 0234     		adds	r4, r4, #2
 385 0184 AB68     		ldr	r3, [r5, #8]
 386 0186 2E1D     		adds	r6, r5, #4
 387 0188 9847     		blx	r3
 388              	.LVL19:
 389 018a 0835     		adds	r5, r5, #8
 390              		.loc 1 343 0
ARM GAS  /tmp/ccWkusys.s 			page 8


 391 018c BC42     		cmp	r4, r7
 392 018e F6D1     		bne	.L23
 393              	.L21:
 394              	.LBE18:
 395              		.loc 1 351 0
 396 0190 FFF7FEFF 		bl	_default_exit
 397              	.LVL20:
 398              		.loc 1 352 0
 399              	.L69:
 400              		.align	2
 401              	.L68:
 402 0194 00000000 		.word	__process_stack_end__
 403 0198 00000000 		.word	__main_stack_base__
 404 019c 00000000 		.word	__main_stack_end__
 405 01a0 00000000 		.word	__process_stack_base__
 406 01a4 03000000 		.word	__process_stack_end__+3
 407 01a8 00000000 		.word	_data
 408 01ac 00000000 		.word	_edata
 409 01b0 00000000 		.word	_textdata
 410 01b4 00000000 		.word	_bss_start
 411 01b8 00000000 		.word	_bss_end
 412 01bc 00000000 		.word	__init_array_start
 413 01c0 00000000 		.word	__init_array_end
 414 01c4 00000000 		.word	__fini_array_start
 415 01c8 00000000 		.word	__fini_array_end
 416              		.cfi_endproc
 417              	.LFE3:
 418              		.size	ResetHandler, .-ResetHandler
 419 01cc AFF30080 		.text
 420              	.Letext0:
 421              		.file 2 "/usr/bin/../lib/gcc/arm-none-eabi/4.7.4/../../../../arm-none-eabi/include/stdint.h"
 422              		.section	.debug_info,"",%progbits
 423              	.Ldebug_info0:
 424 0000 A4020000 		.4byte	0x2a4
 425 0004 0200     		.2byte	0x2
 426 0006 00000000 		.4byte	.Ldebug_abbrev0
 427 000a 04       		.byte	0x4
 428 000b 01       		.uleb128 0x1
 429 000c 4D010000 		.4byte	.LASF29
 430 0010 01       		.byte	0x1
 431 0011 6B000000 		.4byte	.LASF30
 432 0015 F0000000 		.4byte	.LASF31
 433 0019 B8000000 		.4byte	.Ldebug_ranges0+0xb8
 434 001d 00000000 		.4byte	0
 435 0021 00000000 		.4byte	0
 436 0025 00000000 		.4byte	.Ldebug_line0
 437 0029 02       		.uleb128 0x2
 438 002a 01       		.byte	0x1
 439 002b 06       		.byte	0x6
 440 002c 18020000 		.4byte	.LASF0
 441 0030 03       		.uleb128 0x3
 442 0031 AD010000 		.4byte	.LASF5
 443 0035 02       		.byte	0x2
 444 0036 2A       		.byte	0x2a
 445 0037 3B000000 		.4byte	0x3b
 446 003b 02       		.uleb128 0x2
 447 003c 01       		.byte	0x1
ARM GAS  /tmp/ccWkusys.s 			page 9


 448 003d 08       		.byte	0x8
 449 003e 51000000 		.4byte	.LASF1
 450 0042 02       		.uleb128 0x2
 451 0043 02       		.byte	0x2
 452 0044 05       		.byte	0x5
 453 0045 EE010000 		.4byte	.LASF2
 454 0049 02       		.uleb128 0x2
 455 004a 02       		.byte	0x2
 456 004b 07       		.byte	0x7
 457 004c 99000000 		.4byte	.LASF3
 458 0050 02       		.uleb128 0x2
 459 0051 04       		.byte	0x4
 460 0052 05       		.byte	0x5
 461 0053 09020000 		.4byte	.LASF4
 462 0057 03       		.uleb128 0x3
 463 0058 00020000 		.4byte	.LASF6
 464 005c 02       		.byte	0x2
 465 005d 50       		.byte	0x50
 466 005e 62000000 		.4byte	0x62
 467 0062 02       		.uleb128 0x2
 468 0063 04       		.byte	0x4
 469 0064 07       		.byte	0x7
 470 0065 D9000000 		.4byte	.LASF7
 471 0069 02       		.uleb128 0x2
 472 006a 08       		.byte	0x8
 473 006b 05       		.byte	0x5
 474 006c CC010000 		.4byte	.LASF8
 475 0070 02       		.uleb128 0x2
 476 0071 08       		.byte	0x8
 477 0072 07       		.byte	0x7
 478 0073 96010000 		.4byte	.LASF9
 479 0077 04       		.uleb128 0x4
 480 0078 04       		.byte	0x4
 481 0079 05       		.byte	0x5
 482 007a 696E7400 		.ascii	"int\000"
 483 007e 02       		.uleb128 0x2
 484 007f 04       		.byte	0x4
 485 0080 07       		.byte	0x7
 486 0081 40010000 		.4byte	.LASF10
 487 0085 03       		.uleb128 0x3
 488 0086 F8010000 		.4byte	.LASF11
 489 008a 01       		.byte	0x1
 490 008b 2D       		.byte	0x2d
 491 008c 90000000 		.4byte	0x90
 492 0090 05       		.uleb128 0x5
 493 0091 04       		.byte	0x4
 494 0092 96000000 		.4byte	0x96
 495 0096 06       		.uleb128 0x6
 496 0097 01       		.byte	0x1
 497 0098 03       		.uleb128 0x3
 498 0099 3A000000 		.4byte	.LASF12
 499 009d 01       		.byte	0x1
 500 009e 2E       		.byte	0x2e
 501 009f A3000000 		.4byte	0xa3
 502 00a3 05       		.uleb128 0x5
 503 00a4 04       		.byte	0x4
 504 00a5 85000000 		.4byte	0x85
ARM GAS  /tmp/ccWkusys.s 			page 10


 505 00a9 07       		.uleb128 0x7
 506 00aa 01       		.byte	0x1
 507 00ab BF010000 		.4byte	.LASF13
 508 00af 01       		.byte	0x1
 509 00b0 E3       		.byte	0xe3
 510 00b1 01       		.byte	0x1
 511 00b2 00000000 		.4byte	.LFB0
 512 00b6 02000000 		.4byte	.LFE0
 513 00ba 02       		.byte	0x2
 514 00bb 7D       		.byte	0x7d
 515 00bc 00       		.sleb128 0
 516 00bd 01       		.byte	0x1
 517 00be 07       		.uleb128 0x7
 518 00bf 01       		.byte	0x1
 519 00c0 5F000000 		.4byte	.LASF14
 520 00c4 01       		.byte	0x1
 521 00c5 EF       		.byte	0xef
 522 00c6 01       		.byte	0x1
 523 00c7 00000000 		.4byte	.LFB1
 524 00cb 02000000 		.4byte	.LFE1
 525 00cf 02       		.byte	0x2
 526 00d0 7D       		.byte	0x7d
 527 00d1 00       		.sleb128 0
 528 00d2 01       		.byte	0x1
 529 00d3 07       		.uleb128 0x7
 530 00d4 01       		.byte	0x1
 531 00d5 43000000 		.4byte	.LASF15
 532 00d9 01       		.byte	0x1
 533 00da FA       		.byte	0xfa
 534 00db 01       		.byte	0x1
 535 00dc 00000000 		.4byte	.LFB2
 536 00e0 02000000 		.4byte	.LFE2
 537 00e4 02       		.byte	0x2
 538 00e5 7D       		.byte	0x7d
 539 00e6 00       		.sleb128 0
 540 00e7 01       		.byte	0x1
 541 00e8 08       		.uleb128 0x8
 542 00e9 01       		.byte	0x1
 543 00ea 8C000000 		.4byte	.LASF32
 544 00ee 01       		.byte	0x1
 545 00ef 0501     		.2byte	0x105
 546 00f1 01       		.byte	0x1
 547 00f2 00000000 		.4byte	.LFB3
 548 00f6 CC010000 		.4byte	.LFE3
 549 00fa 02       		.byte	0x2
 550 00fb 7D       		.byte	0x7d
 551 00fc 00       		.sleb128 0
 552 00fd 01       		.byte	0x1
 553 00fe EE010000 		.4byte	0x1ee
 554 0102 09       		.uleb128 0x9
 555 0103 70737000 		.ascii	"psp\000"
 556 0107 01       		.byte	0x1
 557 0108 0601     		.2byte	0x106
 558 010a 57000000 		.4byte	0x57
 559 010e 01       		.byte	0x1
 560 010f 54       		.byte	0x54
 561 0110 0A       		.uleb128 0xa
ARM GAS  /tmp/ccWkusys.s 			page 11


 562 0111 72656700 		.ascii	"reg\000"
 563 0115 01       		.byte	0x1
 564 0116 0601     		.2byte	0x106
 565 0118 57000000 		.4byte	0x57
 566 011c 02       		.byte	0x2
 567 011d 0B       		.uleb128 0xb
 568 011e 00000000 		.4byte	.Ldebug_ranges0+0
 569 0122 3D010000 		.4byte	0x13d
 570 0126 0C       		.uleb128 0xc
 571 0127 703100   		.ascii	"p1\000"
 572 012a 01       		.byte	0x1
 573 012b 2601     		.2byte	0x126
 574 012d EE010000 		.4byte	0x1ee
 575 0131 0C       		.uleb128 0xc
 576 0132 703200   		.ascii	"p2\000"
 577 0135 01       		.byte	0x1
 578 0136 2601     		.2byte	0x126
 579 0138 EE010000 		.4byte	0x1ee
 580 013c 00       		.byte	0
 581 013d 0B       		.uleb128 0xb
 582 013e 18000000 		.4byte	.Ldebug_ranges0+0x18
 583 0142 5D010000 		.4byte	0x15d
 584 0146 0C       		.uleb128 0xc
 585 0147 703100   		.ascii	"p1\000"
 586 014a 01       		.byte	0x1
 587 014b 2901     		.2byte	0x129
 588 014d EE010000 		.4byte	0x1ee
 589 0151 0C       		.uleb128 0xc
 590 0152 703200   		.ascii	"p2\000"
 591 0155 01       		.byte	0x1
 592 0156 2901     		.2byte	0x129
 593 0158 EE010000 		.4byte	0x1ee
 594 015c 00       		.byte	0
 595 015d 0B       		.uleb128 0xb
 596 015e 38000000 		.4byte	.Ldebug_ranges0+0x38
 597 0162 7D010000 		.4byte	0x17d
 598 0166 0C       		.uleb128 0xc
 599 0167 747000   		.ascii	"tp\000"
 600 016a 01       		.byte	0x1
 601 016b 3401     		.2byte	0x134
 602 016d EE010000 		.4byte	0x1ee
 603 0171 0C       		.uleb128 0xc
 604 0172 647000   		.ascii	"dp\000"
 605 0175 01       		.byte	0x1
 606 0176 3401     		.2byte	0x134
 607 0178 EE010000 		.4byte	0x1ee
 608 017c 00       		.byte	0
 609 017d 0B       		.uleb128 0xb
 610 017e 58000000 		.4byte	.Ldebug_ranges0+0x58
 611 0182 9D010000 		.4byte	0x19d
 612 0186 0C       		.uleb128 0xc
 613 0187 703100   		.ascii	"p1\000"
 614 018a 01       		.byte	0x1
 615 018b 3F01     		.2byte	0x13f
 616 018d EE010000 		.4byte	0x1ee
 617 0191 0C       		.uleb128 0xc
 618 0192 703200   		.ascii	"p2\000"
ARM GAS  /tmp/ccWkusys.s 			page 12


 619 0195 01       		.byte	0x1
 620 0196 3F01     		.2byte	0x13f
 621 0198 EE010000 		.4byte	0x1ee
 622 019c 00       		.byte	0
 623 019d 0B       		.uleb128 0xb
 624 019e 78000000 		.4byte	.Ldebug_ranges0+0x78
 625 01a2 B3010000 		.4byte	0x1b3
 626 01a6 0C       		.uleb128 0xc
 627 01a7 66707000 		.ascii	"fpp\000"
 628 01ab 01       		.byte	0x1
 629 01ac 4801     		.2byte	0x148
 630 01ae 98000000 		.4byte	0x98
 631 01b2 00       		.byte	0
 632 01b3 0B       		.uleb128 0xb
 633 01b4 98000000 		.4byte	.Ldebug_ranges0+0x98
 634 01b8 C9010000 		.4byte	0x1c9
 635 01bc 0C       		.uleb128 0xc
 636 01bd 66707000 		.ascii	"fpp\000"
 637 01c1 01       		.byte	0x1
 638 01c2 5601     		.2byte	0x156
 639 01c4 98000000 		.4byte	0x98
 640 01c8 00       		.byte	0
 641 01c9 0D       		.uleb128 0xd
 642 01ca 88000000 		.4byte	.LVL6
 643 01ce A9000000 		.4byte	0xa9
 644 01d2 0D       		.uleb128 0xd
 645 01d3 04010000 		.4byte	.LVL10
 646 01d7 BE000000 		.4byte	0xbe
 647 01db 0D       		.uleb128 0xd
 648 01dc 4C010000 		.4byte	.LVL15
 649 01e0 9D020000 		.4byte	0x29d
 650 01e4 0D       		.uleb128 0xd
 651 01e5 94010000 		.4byte	.LVL20
 652 01e9 D3000000 		.4byte	0xd3
 653 01ed 00       		.byte	0
 654 01ee 05       		.uleb128 0x5
 655 01ef 04       		.byte	0x4
 656 01f0 57000000 		.4byte	0x57
 657 01f4 0E       		.uleb128 0xe
 658 01f5 DA010000 		.4byte	.LASF16
 659 01f9 01       		.byte	0x1
 660 01fa 84       		.byte	0x84
 661 01fb 57000000 		.4byte	0x57
 662 01ff 01       		.byte	0x1
 663 0200 01       		.byte	0x1
 664 0201 0E       		.uleb128 0xe
 665 0202 4D020000 		.4byte	.LASF17
 666 0206 01       		.byte	0x1
 667 0207 8C       		.byte	0x8c
 668 0208 57000000 		.4byte	0x57
 669 020c 01       		.byte	0x1
 670 020d 01       		.byte	0x1
 671 020e 0E       		.uleb128 0xe
 672 020f 23000000 		.4byte	.LASF18
 673 0213 01       		.byte	0x1
 674 0214 93       		.byte	0x93
 675 0215 57000000 		.4byte	0x57
ARM GAS  /tmp/ccWkusys.s 			page 13


 676 0219 01       		.byte	0x1
 677 021a 01       		.byte	0x1
 678 021b 0E       		.uleb128 0xe
 679 021c 24020000 		.4byte	.LASF19
 680 0220 01       		.byte	0x1
 681 0221 9A       		.byte	0x9a
 682 0222 57000000 		.4byte	0x57
 683 0226 01       		.byte	0x1
 684 0227 01       		.byte	0x1
 685 0228 0E       		.uleb128 0xe
 686 0229 B5010000 		.4byte	.LASF20
 687 022d 01       		.byte	0x1
 688 022e A0       		.byte	0xa0
 689 022f 57000000 		.4byte	0x57
 690 0233 01       		.byte	0x1
 691 0234 01       		.byte	0x1
 692 0235 0E       		.uleb128 0xe
 693 0236 12020000 		.4byte	.LASF21
 694 023a 01       		.byte	0x1
 695 023b A6       		.byte	0xa6
 696 023c 57000000 		.4byte	0x57
 697 0240 01       		.byte	0x1
 698 0241 01       		.byte	0x1
 699 0242 0E       		.uleb128 0xe
 700 0243 0B000000 		.4byte	.LASF22
 701 0247 01       		.byte	0x1
 702 0248 AC       		.byte	0xac
 703 0249 57000000 		.4byte	0x57
 704 024d 01       		.byte	0x1
 705 024e 01       		.byte	0x1
 706 024f 0E       		.uleb128 0xe
 707 0250 00000000 		.4byte	.LASF23
 708 0254 01       		.byte	0x1
 709 0255 B2       		.byte	0xb2
 710 0256 57000000 		.4byte	0x57
 711 025a 01       		.byte	0x1
 712 025b 01       		.byte	0x1
 713 025c 0E       		.uleb128 0xe
 714 025d BF000000 		.4byte	.LASF24
 715 0261 01       		.byte	0x1
 716 0262 B8       		.byte	0xb8
 717 0263 57000000 		.4byte	0x57
 718 0267 01       		.byte	0x1
 719 0268 01       		.byte	0x1
 720 0269 0E       		.uleb128 0xe
 721 026a 3A020000 		.4byte	.LASF25
 722 026e 01       		.byte	0x1
 723 026f BE       		.byte	0xbe
 724 0270 85000000 		.4byte	0x85
 725 0274 01       		.byte	0x1
 726 0275 01       		.byte	0x1
 727 0276 0E       		.uleb128 0xe
 728 0277 C8000000 		.4byte	.LASF26
 729 027b 01       		.byte	0x1
 730 027c C4       		.byte	0xc4
 731 027d 85000000 		.4byte	0x85
 732 0281 01       		.byte	0x1
ARM GAS  /tmp/ccWkusys.s 			page 14


 733 0282 01       		.byte	0x1
 734 0283 0E       		.uleb128 0xe
 735 0284 AC000000 		.4byte	.LASF27
 736 0288 01       		.byte	0x1
 737 0289 CA       		.byte	0xca
 738 028a 85000000 		.4byte	0x85
 739 028e 01       		.byte	0x1
 740 028f 01       		.byte	0x1
 741 0290 0E       		.uleb128 0xe
 742 0291 12000000 		.4byte	.LASF28
 743 0295 01       		.byte	0x1
 744 0296 D0       		.byte	0xd0
 745 0297 85000000 		.4byte	0x85
 746 029b 01       		.byte	0x1
 747 029c 01       		.byte	0x1
 748 029d 0F       		.uleb128 0xf
 749 029e 01       		.byte	0x1
 750 029f EB000000 		.4byte	.LASF33
 751 02a3 01       		.byte	0x1
 752 02a4 D7       		.byte	0xd7
 753 02a5 01       		.byte	0x1
 754 02a6 01       		.byte	0x1
 755 02a7 00       		.byte	0
 756              		.section	.debug_abbrev,"",%progbits
 757              	.Ldebug_abbrev0:
 758 0000 01       		.uleb128 0x1
 759 0001 11       		.uleb128 0x11
 760 0002 01       		.byte	0x1
 761 0003 25       		.uleb128 0x25
 762 0004 0E       		.uleb128 0xe
 763 0005 13       		.uleb128 0x13
 764 0006 0B       		.uleb128 0xb
 765 0007 03       		.uleb128 0x3
 766 0008 0E       		.uleb128 0xe
 767 0009 1B       		.uleb128 0x1b
 768 000a 0E       		.uleb128 0xe
 769 000b 55       		.uleb128 0x55
 770 000c 06       		.uleb128 0x6
 771 000d 11       		.uleb128 0x11
 772 000e 01       		.uleb128 0x1
 773 000f 52       		.uleb128 0x52
 774 0010 01       		.uleb128 0x1
 775 0011 10       		.uleb128 0x10
 776 0012 06       		.uleb128 0x6
 777 0013 00       		.byte	0
 778 0014 00       		.byte	0
 779 0015 02       		.uleb128 0x2
 780 0016 24       		.uleb128 0x24
 781 0017 00       		.byte	0
 782 0018 0B       		.uleb128 0xb
 783 0019 0B       		.uleb128 0xb
 784 001a 3E       		.uleb128 0x3e
 785 001b 0B       		.uleb128 0xb
 786 001c 03       		.uleb128 0x3
 787 001d 0E       		.uleb128 0xe
 788 001e 00       		.byte	0
 789 001f 00       		.byte	0
ARM GAS  /tmp/ccWkusys.s 			page 15


 790 0020 03       		.uleb128 0x3
 791 0021 16       		.uleb128 0x16
 792 0022 00       		.byte	0
 793 0023 03       		.uleb128 0x3
 794 0024 0E       		.uleb128 0xe
 795 0025 3A       		.uleb128 0x3a
 796 0026 0B       		.uleb128 0xb
 797 0027 3B       		.uleb128 0x3b
 798 0028 0B       		.uleb128 0xb
 799 0029 49       		.uleb128 0x49
 800 002a 13       		.uleb128 0x13
 801 002b 00       		.byte	0
 802 002c 00       		.byte	0
 803 002d 04       		.uleb128 0x4
 804 002e 24       		.uleb128 0x24
 805 002f 00       		.byte	0
 806 0030 0B       		.uleb128 0xb
 807 0031 0B       		.uleb128 0xb
 808 0032 3E       		.uleb128 0x3e
 809 0033 0B       		.uleb128 0xb
 810 0034 03       		.uleb128 0x3
 811 0035 08       		.uleb128 0x8
 812 0036 00       		.byte	0
 813 0037 00       		.byte	0
 814 0038 05       		.uleb128 0x5
 815 0039 0F       		.uleb128 0xf
 816 003a 00       		.byte	0
 817 003b 0B       		.uleb128 0xb
 818 003c 0B       		.uleb128 0xb
 819 003d 49       		.uleb128 0x49
 820 003e 13       		.uleb128 0x13
 821 003f 00       		.byte	0
 822 0040 00       		.byte	0
 823 0041 06       		.uleb128 0x6
 824 0042 15       		.uleb128 0x15
 825 0043 00       		.byte	0
 826 0044 27       		.uleb128 0x27
 827 0045 0C       		.uleb128 0xc
 828 0046 00       		.byte	0
 829 0047 00       		.byte	0
 830 0048 07       		.uleb128 0x7
 831 0049 2E       		.uleb128 0x2e
 832 004a 00       		.byte	0
 833 004b 3F       		.uleb128 0x3f
 834 004c 0C       		.uleb128 0xc
 835 004d 03       		.uleb128 0x3
 836 004e 0E       		.uleb128 0xe
 837 004f 3A       		.uleb128 0x3a
 838 0050 0B       		.uleb128 0xb
 839 0051 3B       		.uleb128 0x3b
 840 0052 0B       		.uleb128 0xb
 841 0053 27       		.uleb128 0x27
 842 0054 0C       		.uleb128 0xc
 843 0055 11       		.uleb128 0x11
 844 0056 01       		.uleb128 0x1
 845 0057 12       		.uleb128 0x12
 846 0058 01       		.uleb128 0x1
ARM GAS  /tmp/ccWkusys.s 			page 16


 847 0059 40       		.uleb128 0x40
 848 005a 0A       		.uleb128 0xa
 849 005b 9742     		.uleb128 0x2117
 850 005d 0C       		.uleb128 0xc
 851 005e 00       		.byte	0
 852 005f 00       		.byte	0
 853 0060 08       		.uleb128 0x8
 854 0061 2E       		.uleb128 0x2e
 855 0062 01       		.byte	0x1
 856 0063 3F       		.uleb128 0x3f
 857 0064 0C       		.uleb128 0xc
 858 0065 03       		.uleb128 0x3
 859 0066 0E       		.uleb128 0xe
 860 0067 3A       		.uleb128 0x3a
 861 0068 0B       		.uleb128 0xb
 862 0069 3B       		.uleb128 0x3b
 863 006a 05       		.uleb128 0x5
 864 006b 27       		.uleb128 0x27
 865 006c 0C       		.uleb128 0xc
 866 006d 11       		.uleb128 0x11
 867 006e 01       		.uleb128 0x1
 868 006f 12       		.uleb128 0x12
 869 0070 01       		.uleb128 0x1
 870 0071 40       		.uleb128 0x40
 871 0072 0A       		.uleb128 0xa
 872 0073 9642     		.uleb128 0x2116
 873 0075 0C       		.uleb128 0xc
 874 0076 01       		.uleb128 0x1
 875 0077 13       		.uleb128 0x13
 876 0078 00       		.byte	0
 877 0079 00       		.byte	0
 878 007a 09       		.uleb128 0x9
 879 007b 34       		.uleb128 0x34
 880 007c 00       		.byte	0
 881 007d 03       		.uleb128 0x3
 882 007e 08       		.uleb128 0x8
 883 007f 3A       		.uleb128 0x3a
 884 0080 0B       		.uleb128 0xb
 885 0081 3B       		.uleb128 0x3b
 886 0082 05       		.uleb128 0x5
 887 0083 49       		.uleb128 0x49
 888 0084 13       		.uleb128 0x13
 889 0085 02       		.uleb128 0x2
 890 0086 0A       		.uleb128 0xa
 891 0087 00       		.byte	0
 892 0088 00       		.byte	0
 893 0089 0A       		.uleb128 0xa
 894 008a 34       		.uleb128 0x34
 895 008b 00       		.byte	0
 896 008c 03       		.uleb128 0x3
 897 008d 08       		.uleb128 0x8
 898 008e 3A       		.uleb128 0x3a
 899 008f 0B       		.uleb128 0xb
 900 0090 3B       		.uleb128 0x3b
 901 0091 05       		.uleb128 0x5
 902 0092 49       		.uleb128 0x49
 903 0093 13       		.uleb128 0x13
ARM GAS  /tmp/ccWkusys.s 			page 17


 904 0094 1C       		.uleb128 0x1c
 905 0095 0B       		.uleb128 0xb
 906 0096 00       		.byte	0
 907 0097 00       		.byte	0
 908 0098 0B       		.uleb128 0xb
 909 0099 0B       		.uleb128 0xb
 910 009a 01       		.byte	0x1
 911 009b 55       		.uleb128 0x55
 912 009c 06       		.uleb128 0x6
 913 009d 01       		.uleb128 0x1
 914 009e 13       		.uleb128 0x13
 915 009f 00       		.byte	0
 916 00a0 00       		.byte	0
 917 00a1 0C       		.uleb128 0xc
 918 00a2 34       		.uleb128 0x34
 919 00a3 00       		.byte	0
 920 00a4 03       		.uleb128 0x3
 921 00a5 08       		.uleb128 0x8
 922 00a6 3A       		.uleb128 0x3a
 923 00a7 0B       		.uleb128 0xb
 924 00a8 3B       		.uleb128 0x3b
 925 00a9 05       		.uleb128 0x5
 926 00aa 49       		.uleb128 0x49
 927 00ab 13       		.uleb128 0x13
 928 00ac 00       		.byte	0
 929 00ad 00       		.byte	0
 930 00ae 0D       		.uleb128 0xd
 931 00af 898201   		.uleb128 0x4109
 932 00b2 00       		.byte	0
 933 00b3 11       		.uleb128 0x11
 934 00b4 01       		.uleb128 0x1
 935 00b5 31       		.uleb128 0x31
 936 00b6 13       		.uleb128 0x13
 937 00b7 00       		.byte	0
 938 00b8 00       		.byte	0
 939 00b9 0E       		.uleb128 0xe
 940 00ba 34       		.uleb128 0x34
 941 00bb 00       		.byte	0
 942 00bc 03       		.uleb128 0x3
 943 00bd 0E       		.uleb128 0xe
 944 00be 3A       		.uleb128 0x3a
 945 00bf 0B       		.uleb128 0xb
 946 00c0 3B       		.uleb128 0x3b
 947 00c1 0B       		.uleb128 0xb
 948 00c2 49       		.uleb128 0x49
 949 00c3 13       		.uleb128 0x13
 950 00c4 3F       		.uleb128 0x3f
 951 00c5 0C       		.uleb128 0xc
 952 00c6 3C       		.uleb128 0x3c
 953 00c7 0C       		.uleb128 0xc
 954 00c8 00       		.byte	0
 955 00c9 00       		.byte	0
 956 00ca 0F       		.uleb128 0xf
 957 00cb 2E       		.uleb128 0x2e
 958 00cc 00       		.byte	0
 959 00cd 3F       		.uleb128 0x3f
 960 00ce 0C       		.uleb128 0xc
ARM GAS  /tmp/ccWkusys.s 			page 18


 961 00cf 03       		.uleb128 0x3
 962 00d0 0E       		.uleb128 0xe
 963 00d1 3A       		.uleb128 0x3a
 964 00d2 0B       		.uleb128 0xb
 965 00d3 3B       		.uleb128 0x3b
 966 00d4 0B       		.uleb128 0xb
 967 00d5 27       		.uleb128 0x27
 968 00d6 0C       		.uleb128 0xc
 969 00d7 3C       		.uleb128 0x3c
 970 00d8 0C       		.uleb128 0xc
 971 00d9 00       		.byte	0
 972 00da 00       		.byte	0
 973 00db 00       		.byte	0
 974              		.section	.debug_aranges,"",%progbits
 975 0000 34000000 		.4byte	0x34
 976 0004 0200     		.2byte	0x2
 977 0006 00000000 		.4byte	.Ldebug_info0
 978 000a 04       		.byte	0x4
 979 000b 00       		.byte	0
 980 000c 0000     		.2byte	0
 981 000e 0000     		.2byte	0
 982 0010 00000000 		.4byte	.LFB0
 983 0014 02000000 		.4byte	.LFE0-.LFB0
 984 0018 00000000 		.4byte	.LFB1
 985 001c 02000000 		.4byte	.LFE1-.LFB1
 986 0020 00000000 		.4byte	.LFB2
 987 0024 02000000 		.4byte	.LFE2-.LFB2
 988 0028 00000000 		.4byte	.LFB3
 989 002c CC010000 		.4byte	.LFE3-.LFB3
 990 0030 00000000 		.4byte	0
 991 0034 00000000 		.4byte	0
 992              		.section	.debug_ranges,"",%progbits
 993              	.Ldebug_ranges0:
 994 0000 12000000 		.4byte	.LBB2
 995 0004 1A000000 		.4byte	.LBE2
 996 0008 28000000 		.4byte	.LBB4
 997 000c 4C000000 		.4byte	.LBE4
 998 0010 00000000 		.4byte	0
 999 0014 00000000 		.4byte	0
 1000 0018 1A000000 		.4byte	.LBB3
 1001 001c 28000000 		.4byte	.LBE3
 1002 0020 4C000000 		.4byte	.LBB5
 1003 0024 52000000 		.4byte	.LBE5
 1004 0028 60000000 		.4byte	.LBB7
 1005 002c 84000000 		.4byte	.LBE7
 1006 0030 00000000 		.4byte	0
 1007 0034 00000000 		.4byte	0
 1008 0038 52000000 		.4byte	.LBB6
 1009 003c 60000000 		.4byte	.LBE6
 1010 0040 88000000 		.4byte	.LBB8
 1011 0044 90000000 		.4byte	.LBE8
 1012 0048 9E000000 		.4byte	.LBB10
 1013 004c C8000000 		.4byte	.LBE10
 1014 0050 00000000 		.4byte	0
 1015 0054 00000000 		.4byte	0
 1016 0058 90000000 		.4byte	.LBB9
 1017 005c 9E000000 		.4byte	.LBE9
ARM GAS  /tmp/ccWkusys.s 			page 19


 1018 0060 C8000000 		.4byte	.LBB11
 1019 0064 D0000000 		.4byte	.LBE11
 1020 0068 DE000000 		.4byte	.LBB13
 1021 006c 00010000 		.4byte	.LBE13
 1022 0070 00000000 		.4byte	0
 1023 0074 00000000 		.4byte	0
 1024 0078 D0000000 		.4byte	.LBB12
 1025 007c DE000000 		.4byte	.LBE12
 1026 0080 04010000 		.4byte	.LBB14
 1027 0084 0C010000 		.4byte	.LBE14
 1028 0088 18010000 		.4byte	.LBB16
 1029 008c 48010000 		.4byte	.LBE16
 1030 0090 00000000 		.4byte	0
 1031 0094 00000000 		.4byte	0
 1032 0098 0C010000 		.4byte	.LBB15
 1033 009c 18010000 		.4byte	.LBE15
 1034 00a0 4C010000 		.4byte	.LBB17
 1035 00a4 54010000 		.4byte	.LBE17
 1036 00a8 60010000 		.4byte	.LBB18
 1037 00ac 90010000 		.4byte	.LBE18
 1038 00b0 00000000 		.4byte	0
 1039 00b4 00000000 		.4byte	0
 1040 00b8 00000000 		.4byte	.LFB0
 1041 00bc 02000000 		.4byte	.LFE0
 1042 00c0 00000000 		.4byte	.LFB1
 1043 00c4 02000000 		.4byte	.LFE1
 1044 00c8 00000000 		.4byte	.LFB2
 1045 00cc 02000000 		.4byte	.LFE2
 1046 00d0 00000000 		.4byte	.LFB3
 1047 00d4 CC010000 		.4byte	.LFE3
 1048 00d8 00000000 		.4byte	0
 1049 00dc 00000000 		.4byte	0
 1050              		.section	.debug_line,"",%progbits
 1051              	.Ldebug_line0:
 1052 0000 38010000 		.section	.debug_str,"MS",%progbits,1
 1052      02008D00 
 1052      00000201 
 1052      FB0E0D00 
 1052      01010101 
 1053              	.LASF23:
 1054 0000 5F627373 		.ascii	"_bss_start\000"
 1054      5F737461 
 1054      727400
 1055              	.LASF22:
 1056 000b 5F656461 		.ascii	"_edata\000"
 1056      746100
 1057              	.LASF28:
 1058 0012 5F5F6669 		.ascii	"__fini_array_end\000"
 1058      6E695F61 
 1058      72726179 
 1058      5F656E64 
 1058      00
 1059              	.LASF18:
 1060 0023 5F5F7072 		.ascii	"__process_stack_base__\000"
 1060      6F636573 
 1060      735F7374 
 1060      61636B5F 
ARM GAS  /tmp/ccWkusys.s 			page 20


 1060      62617365 
 1061              	.LASF12:
 1062 003a 66756E63 		.ascii	"funcpp_t\000"
 1062      70705F74 
 1062      00
 1063              	.LASF15:
 1064 0043 5F646566 		.ascii	"_default_exit\000"
 1064      61756C74 
 1064      5F657869 
 1064      7400
 1065              	.LASF1:
 1066 0051 756E7369 		.ascii	"unsigned char\000"
 1066      676E6564 
 1066      20636861 
 1066      7200
 1067              	.LASF14:
 1068 005f 5F5F6C61 		.ascii	"__late_init\000"
 1068      74655F69 
 1068      6E697400 
 1069              	.LASF30:
 1070 006b 2E2E2F2E 		.ascii	"../../os/ports/GCC/ARMCMx/crt0.c\000"
 1070      2E2F6F73 
 1070      2F706F72 
 1070      74732F47 
 1070      43432F41 
 1071              	.LASF32:
 1072 008c 52657365 		.ascii	"ResetHandler\000"
 1072      7448616E 
 1072      646C6572 
 1072      00
 1073              	.LASF3:
 1074 0099 73686F72 		.ascii	"short unsigned int\000"
 1074      7420756E 
 1074      7369676E 
 1074      65642069 
 1074      6E7400
 1075              	.LASF27:
 1076 00ac 5F5F6669 		.ascii	"__fini_array_start\000"
 1076      6E695F61 
 1076      72726179 
 1076      5F737461 
 1076      727400
 1077              	.LASF24:
 1078 00bf 5F627373 		.ascii	"_bss_end\000"
 1078      5F656E64 
 1078      00
 1079              	.LASF26:
 1080 00c8 5F5F696E 		.ascii	"__init_array_end\000"
 1080      69745F61 
 1080      72726179 
 1080      5F656E64 
 1080      00
 1081              	.LASF7:
 1082 00d9 6C6F6E67 		.ascii	"long unsigned int\000"
 1082      20756E73 
 1082      69676E65 
 1082      6420696E 
ARM GAS  /tmp/ccWkusys.s 			page 21


 1082      7400
 1083              	.LASF33:
 1084 00eb 6D61696E 		.ascii	"main\000"
 1084      00
 1085              	.LASF31:
 1086 00f0 2F686F6D 		.ascii	"/home/witold/Dokumenty/arm/ChibiOS-master/demos/ARM"
 1086      652F7769 
 1086      746F6C64 
 1086      2F446F6B 
 1086      756D656E 
 1087 0123 434D342D 		.ascii	"CM4-STM32F407-DISCOVERY-MEMS\000"
 1087      53544D33 
 1087      32463430 
 1087      372D4449 
 1087      53434F56 
 1088              	.LASF10:
 1089 0140 756E7369 		.ascii	"unsigned int\000"
 1089      676E6564 
 1089      20696E74 
 1089      00
 1090              	.LASF29:
 1091 014d 474E5520 		.ascii	"GNU C 4.7.4 20130613 (release) [ARM/embedded-4_7-br"
 1091      4320342E 
 1091      372E3420 
 1091      32303133 
 1091      30363133 
 1092 0180 616E6368 		.ascii	"anch revision 200083]\000"
 1092      20726576 
 1092      6973696F 
 1092      6E203230 
 1092      30303833 
 1093              	.LASF9:
 1094 0196 6C6F6E67 		.ascii	"long long unsigned int\000"
 1094      206C6F6E 
 1094      6720756E 
 1094      7369676E 
 1094      65642069 
 1095              	.LASF5:
 1096 01ad 75696E74 		.ascii	"uint8_t\000"
 1096      385F7400 
 1097              	.LASF20:
 1098 01b5 5F746578 		.ascii	"_textdata\000"
 1098      74646174 
 1098      6100
 1099              	.LASF13:
 1100 01bf 5F5F6561 		.ascii	"__early_init\000"
 1100      726C795F 
 1100      696E6974 
 1100      00
 1101              	.LASF8:
 1102 01cc 6C6F6E67 		.ascii	"long long int\000"
 1102      206C6F6E 
 1102      6720696E 
 1102      7400
 1103              	.LASF16:
 1104 01da 5F5F6D61 		.ascii	"__main_stack_base__\000"
 1104      696E5F73 
ARM GAS  /tmp/ccWkusys.s 			page 22


 1104      7461636B 
 1104      5F626173 
 1104      655F5F00 
 1105              	.LASF2:
 1106 01ee 73686F72 		.ascii	"short int\000"
 1106      7420696E 
 1106      7400
 1107              	.LASF11:
 1108 01f8 66756E63 		.ascii	"funcp_t\000"
 1108      705F7400 
 1109              	.LASF6:
 1110 0200 75696E74 		.ascii	"uint32_t\000"
 1110      33325F74 
 1110      00
 1111              	.LASF4:
 1112 0209 6C6F6E67 		.ascii	"long int\000"
 1112      20696E74 
 1112      00
 1113              	.LASF21:
 1114 0212 5F646174 		.ascii	"_data\000"
 1114      6100
 1115              	.LASF0:
 1116 0218 7369676E 		.ascii	"signed char\000"
 1116      65642063 
 1116      68617200 
 1117              	.LASF19:
 1118 0224 5F5F7072 		.ascii	"__process_stack_end__\000"
 1118      6F636573 
 1118      735F7374 
 1118      61636B5F 
 1118      656E645F 
 1119              	.LASF25:
 1120 023a 5F5F696E 		.ascii	"__init_array_start\000"
 1120      69745F61 
 1120      72726179 
 1120      5F737461 
 1120      727400
 1121              	.LASF17:
 1122 024d 5F5F6D61 		.ascii	"__main_stack_end__\000"
 1122      696E5F73 
 1122      7461636B 
 1122      5F656E64 
 1122      5F5F00
 1123              		.ident	"GCC: (GNU Tools for ARM Embedded Processors) 4.7.4 20130613 (release) [ARM/embedded-4_7-br
ARM GAS  /tmp/ccWkusys.s 			page 23


DEFINED SYMBOLS
                            *ABS*:00000000 crt0.c
     /tmp/ccWkusys.s:19     .text.__early_init:00000000 $t
     /tmp/ccWkusys.s:25     .text.__early_init:00000000 __early_init
     /tmp/ccWkusys.s:38     .text.__late_init:00000000 $t
     /tmp/ccWkusys.s:44     .text.__late_init:00000000 __late_init
     /tmp/ccWkusys.s:56     .text._default_exit:00000000 $t
     /tmp/ccWkusys.s:62     .text._default_exit:00000000 _default_exit
     /tmp/ccWkusys.s:75     .text.ResetHandler:00000000 $t
     /tmp/ccWkusys.s:81     .text.ResetHandler:00000000 ResetHandler
     /tmp/ccWkusys.s:402    .text.ResetHandler:00000194 $d
                     .debug_frame:00000010 $d
     /tmp/ccWkusys.s:419    .text.ResetHandler:000001cc $t

UNDEFINED SYMBOLS
main
__process_stack_end__
__main_stack_base__
__main_stack_end__
__process_stack_base__
_data
_edata
_textdata
_bss_start
_bss_end
__init_array_start
__init_array_end
__fini_array_start
__fini_array_end
