ARM GAS  /tmp/ccR7WuI9.s 			page 1


   1              		.syntax unified
   2              		.cpu cortex-m4
   3              		.fpu softvfp
   4              		.eabi_attribute 20, 1
   5              		.eabi_attribute 21, 1
   6              		.eabi_attribute 23, 3
   7              		.eabi_attribute 24, 1
   8              		.eabi_attribute 25, 1
   9              		.eabi_attribute 26, 1
  10              		.eabi_attribute 30, 6
  11              		.eabi_attribute 34, 1
  12              		.eabi_attribute 18, 4
  13              		.thumb
  14              		.file	"adc_lld.c"
  15              		.text
  16              	.Ltext0:
  17              		.cfi_sections	.debug_frame
  18              	.Letext0:
  19              		.file 1 "/usr/bin/../lib/gcc/arm-none-eabi/4.7.4/../../../../arm-none-eabi/include/stdint.h"
  20              		.file 2 "../../os/ports/common/ARMCMx/CMSIS/include/core_cm4.h"
  21              		.section	.debug_info,"",%progbits
  22              	.Ldebug_info0:
  23 0000 93000000 		.4byte	0x93
  24 0004 0200     		.2byte	0x2
  25 0006 00000000 		.4byte	.Ldebug_abbrev0
  26 000a 04       		.byte	0x4
  27 000b 01       		.uleb128 0x1
  28 000c AE000000 		.4byte	.LASF12
  29 0010 01       		.byte	0x1
  30 0011 2E000000 		.4byte	.LASF13
  31 0015 03010000 		.4byte	.LASF14
  32 0019 00000000 		.4byte	.Ldebug_line0
  33 001d 02       		.uleb128 0x2
  34 001e 04       		.byte	0x4
  35 001f 05       		.byte	0x5
  36 0020 696E7400 		.ascii	"int\000"
  37 0024 03       		.uleb128 0x3
  38 0025 04       		.byte	0x4
  39 0026 07       		.byte	0x7
  40 0027 21000000 		.4byte	.LASF0
  41 002b 03       		.uleb128 0x3
  42 002c 01       		.byte	0x1
  43 002d 06       		.byte	0x6
  44 002e F7000000 		.4byte	.LASF1
  45 0032 03       		.uleb128 0x3
  46 0033 01       		.byte	0x1
  47 0034 08       		.byte	0x8
  48 0035 82000000 		.4byte	.LASF2
  49 0039 03       		.uleb128 0x3
  50 003a 02       		.byte	0x2
  51 003b 05       		.byte	0x5
  52 003c 9E000000 		.4byte	.LASF3
  53 0040 03       		.uleb128 0x3
  54 0041 02       		.byte	0x2
  55 0042 07       		.byte	0x7
  56 0043 0E000000 		.4byte	.LASF4
  57 0047 04       		.uleb128 0x4
ARM GAS  /tmp/ccR7WuI9.s 			page 2


  58 0048 50010000 		.4byte	.LASF15
  59 004c 01       		.byte	0x1
  60 004d 4F       		.byte	0x4f
  61 004e 52000000 		.4byte	0x52
  62 0052 03       		.uleb128 0x3
  63 0053 04       		.byte	0x4
  64 0054 05       		.byte	0x5
  65 0055 95000000 		.4byte	.LASF5
  66 0059 03       		.uleb128 0x3
  67 005a 04       		.byte	0x4
  68 005b 07       		.byte	0x7
  69 005c 59000000 		.4byte	.LASF6
  70 0060 03       		.uleb128 0x3
  71 0061 08       		.byte	0x8
  72 0062 05       		.byte	0x5
  73 0063 00000000 		.4byte	.LASF7
  74 0067 03       		.uleb128 0x3
  75 0068 08       		.byte	0x8
  76 0069 07       		.byte	0x7
  77 006a 6B000000 		.4byte	.LASF8
  78 006e 03       		.uleb128 0x3
  79 006f 01       		.byte	0x1
  80 0070 02       		.byte	0x2
  81 0071 A8000000 		.4byte	.LASF9
  82 0075 03       		.uleb128 0x3
  83 0076 04       		.byte	0x4
  84 0077 07       		.byte	0x7
  85 0078 58010000 		.4byte	.LASF10
  86 007c 03       		.uleb128 0x3
  87 007d 01       		.byte	0x1
  88 007e 08       		.byte	0x8
  89 007f 90000000 		.4byte	.LASF11
  90 0083 05       		.uleb128 0x5
  91 0084 47000000 		.4byte	0x47
  92 0088 06       		.uleb128 0x6
  93 0089 43010000 		.4byte	.LASF16
  94 008d 02       		.byte	0x2
  95 008e 9806     		.2byte	0x698
  96 0090 83000000 		.4byte	0x83
  97 0094 01       		.byte	0x1
  98 0095 01       		.byte	0x1
  99 0096 00       		.byte	0
 100              		.section	.debug_abbrev,"",%progbits
 101              	.Ldebug_abbrev0:
 102 0000 01       		.uleb128 0x1
 103 0001 11       		.uleb128 0x11
 104 0002 01       		.byte	0x1
 105 0003 25       		.uleb128 0x25
 106 0004 0E       		.uleb128 0xe
 107 0005 13       		.uleb128 0x13
 108 0006 0B       		.uleb128 0xb
 109 0007 03       		.uleb128 0x3
 110 0008 0E       		.uleb128 0xe
 111 0009 1B       		.uleb128 0x1b
 112 000a 0E       		.uleb128 0xe
 113 000b 10       		.uleb128 0x10
 114 000c 06       		.uleb128 0x6
ARM GAS  /tmp/ccR7WuI9.s 			page 3


 115 000d 00       		.byte	0
 116 000e 00       		.byte	0
 117 000f 02       		.uleb128 0x2
 118 0010 24       		.uleb128 0x24
 119 0011 00       		.byte	0
 120 0012 0B       		.uleb128 0xb
 121 0013 0B       		.uleb128 0xb
 122 0014 3E       		.uleb128 0x3e
 123 0015 0B       		.uleb128 0xb
 124 0016 03       		.uleb128 0x3
 125 0017 08       		.uleb128 0x8
 126 0018 00       		.byte	0
 127 0019 00       		.byte	0
 128 001a 03       		.uleb128 0x3
 129 001b 24       		.uleb128 0x24
 130 001c 00       		.byte	0
 131 001d 0B       		.uleb128 0xb
 132 001e 0B       		.uleb128 0xb
 133 001f 3E       		.uleb128 0x3e
 134 0020 0B       		.uleb128 0xb
 135 0021 03       		.uleb128 0x3
 136 0022 0E       		.uleb128 0xe
 137 0023 00       		.byte	0
 138 0024 00       		.byte	0
 139 0025 04       		.uleb128 0x4
 140 0026 16       		.uleb128 0x16
 141 0027 00       		.byte	0
 142 0028 03       		.uleb128 0x3
 143 0029 0E       		.uleb128 0xe
 144 002a 3A       		.uleb128 0x3a
 145 002b 0B       		.uleb128 0xb
 146 002c 3B       		.uleb128 0x3b
 147 002d 0B       		.uleb128 0xb
 148 002e 49       		.uleb128 0x49
 149 002f 13       		.uleb128 0x13
 150 0030 00       		.byte	0
 151 0031 00       		.byte	0
 152 0032 05       		.uleb128 0x5
 153 0033 35       		.uleb128 0x35
 154 0034 00       		.byte	0
 155 0035 49       		.uleb128 0x49
 156 0036 13       		.uleb128 0x13
 157 0037 00       		.byte	0
 158 0038 00       		.byte	0
 159 0039 06       		.uleb128 0x6
 160 003a 34       		.uleb128 0x34
 161 003b 00       		.byte	0
 162 003c 03       		.uleb128 0x3
 163 003d 0E       		.uleb128 0xe
 164 003e 3A       		.uleb128 0x3a
 165 003f 0B       		.uleb128 0xb
 166 0040 3B       		.uleb128 0x3b
 167 0041 05       		.uleb128 0x5
 168 0042 49       		.uleb128 0x49
 169 0043 13       		.uleb128 0x13
 170 0044 3F       		.uleb128 0x3f
 171 0045 0C       		.uleb128 0xc
ARM GAS  /tmp/ccR7WuI9.s 			page 4


 172 0046 3C       		.uleb128 0x3c
 173 0047 0C       		.uleb128 0xc
 174 0048 00       		.byte	0
 175 0049 00       		.byte	0
 176 004a 00       		.byte	0
 177              		.section	.debug_aranges,"",%progbits
 178 0000 14000000 		.4byte	0x14
 179 0004 0200     		.2byte	0x2
 180 0006 00000000 		.4byte	.Ldebug_info0
 181 000a 04       		.byte	0x4
 182 000b 00       		.byte	0
 183 000c 0000     		.2byte	0
 184 000e 0000     		.2byte	0
 185 0010 00000000 		.4byte	0
 186 0014 00000000 		.4byte	0
 187              		.section	.debug_line,"",%progbits
 188              	.Ldebug_line0:
 189 0000 A8000000 		.section	.debug_str,"MS",%progbits,1
 189      0200A200 
 189      00000201 
 189      FB0E0D00 
 189      01010101 
 190              	.LASF7:
 191 0000 6C6F6E67 		.ascii	"long long int\000"
 191      206C6F6E 
 191      6720696E 
 191      7400
 192              	.LASF4:
 193 000e 73686F72 		.ascii	"short unsigned int\000"
 193      7420756E 
 193      7369676E 
 193      65642069 
 193      6E7400
 194              	.LASF0:
 195 0021 756E7369 		.ascii	"unsigned int\000"
 195      676E6564 
 195      20696E74 
 195      00
 196              	.LASF13:
 197 002e 2E2E2F2E 		.ascii	"../../os/hal/platforms/STM32F4xx/adc_lld.c\000"
 197      2E2F6F73 
 197      2F68616C 
 197      2F706C61 
 197      74666F72 
 198              	.LASF6:
 199 0059 6C6F6E67 		.ascii	"long unsigned int\000"
 199      20756E73 
 199      69676E65 
 199      6420696E 
 199      7400
 200              	.LASF8:
 201 006b 6C6F6E67 		.ascii	"long long unsigned int\000"
 201      206C6F6E 
 201      6720756E 
 201      7369676E 
 201      65642069 
 202              	.LASF2:
ARM GAS  /tmp/ccR7WuI9.s 			page 5


 203 0082 756E7369 		.ascii	"unsigned char\000"
 203      676E6564 
 203      20636861 
 203      7200
 204              	.LASF11:
 205 0090 63686172 		.ascii	"char\000"
 205      00
 206              	.LASF5:
 207 0095 6C6F6E67 		.ascii	"long int\000"
 207      20696E74 
 207      00
 208              	.LASF3:
 209 009e 73686F72 		.ascii	"short int\000"
 209      7420696E 
 209      7400
 210              	.LASF9:
 211 00a8 5F426F6F 		.ascii	"_Bool\000"
 211      6C00
 212              	.LASF12:
 213 00ae 474E5520 		.ascii	"GNU C 4.7.4 20130613 (release) [ARM/embedded-4_7-br"
 213      4320342E 
 213      372E3420 
 213      32303133 
 213      30363133 
 214 00e1 616E6368 		.ascii	"anch revision 200083]\000"
 214      20726576 
 214      6973696F 
 214      6E203230 
 214      30303833 
 215              	.LASF1:
 216 00f7 7369676E 		.ascii	"signed char\000"
 216      65642063 
 216      68617200 
 217              	.LASF14:
 218 0103 2F686F6D 		.ascii	"/home/witold/Dokumenty/arm/ChibiOS-master/demos/dis"
 218      652F7769 
 218      746F6C64 
 218      2F446F6B 
 218      756D656E 
 219 0136 636F7665 		.ascii	"covery_1wire\000"
 219      72795F31 
 219      77697265 
 219      00
 220              	.LASF16:
 221 0143 49544D5F 		.ascii	"ITM_RxBuffer\000"
 221      52784275 
 221      66666572 
 221      00
 222              	.LASF15:
 223 0150 696E7433 		.ascii	"int32_t\000"
 223      325F7400 
 224              	.LASF10:
 225 0158 73697A65 		.ascii	"sizetype\000"
 225      74797065 
 225      00
 226              		.ident	"GCC: (GNU Tools for ARM Embedded Processors) 4.7.4 20130613 (release) [ARM/embedded-4_7-br
ARM GAS  /tmp/ccR7WuI9.s 			page 6


DEFINED SYMBOLS
                            *ABS*:00000000 adc_lld.c

NO UNDEFINED SYMBOLS
