ARM GAS  /tmp/cc7BUslz.s 			page 1


   1              		.syntax unified
   2              		.cpu cortex-m4
   3              		.fpu softvfp
   4              		.eabi_attribute 20, 1
   5              		.eabi_attribute 21, 1
   6              		.eabi_attribute 23, 3
   7              		.eabi_attribute 24, 1
   8              		.eabi_attribute 25, 1
   9              		.eabi_attribute 26, 1
  10              		.eabi_attribute 30, 6
  11              		.eabi_attribute 34, 1
  12              		.eabi_attribute 18, 4
  13              		.thumb
  14              		.file	"chdynamic.c"
  15              		.text
  16              	.Ltext0:
  17              		.cfi_sections	.debug_frame
  18              		.section	.rodata
  19              		.align	2
  20              	.LC0:
  21 0000 63685468 		.ascii	"chThdAddRef(), #1\000"
  21      64416464 
  21      52656628 
  21      292C2023 
  21      3100
  22              		.section	.text.chThdAddRef,"ax",%progbits
  23              		.align	2
  24              		.p2align 4,,15
  25              		.global	chThdAddRef
  26              		.thumb
  27              		.thumb_func
  28              		.type	chThdAddRef, %function
  29              	chThdAddRef:
  30              	.LFB7:
  31              		.file 1 "../../os/kernel/src/chdynamic.c"
  32              		.loc 1 45 0
  33              		.cfi_startproc
  34              		@ args = 0, pretend = 0, frame = 8
  35              		@ frame_needed = 0, uses_anonymous_args = 0
  36 0000 00B5     		push	{lr}
  37              	.LCFI0:
  38              		.cfi_def_cfa_offset 4
  39              		.cfi_offset 14, -4
  40 0002 83B0     		sub	sp, sp, #12
  41              	.LCFI1:
  42              		.cfi_def_cfa_offset 16
  43 0004 0190     		str	r0, [sp, #4]
  44              	.LBB2:
  45              		.loc 1 47 0
  46 0006 4FF02003 		mov	r3, #32
  47              	@ 47 "../../os/kernel/src/chdynamic.c" 1
  48 000a 83F31188 		msr     BASEPRI, r3
  49              	@ 0 "" 2
  50              		.thumb
  51              	.LBE2:
  52 000e FFF7FEFF 		bl	dbg_check_lock
  53              		.loc 1 48 0
ARM GAS  /tmp/cc7BUslz.s 			page 2


  54 0012 019B     		ldr	r3, [sp, #4]
  55 0014 93F82230 		ldrb	r3, [r3, #34]	@ zero_extendqisi2
  56 0018 FF2B     		cmp	r3, #255
  57 001a 05D1     		bne	.L2
  58              		.loc 1 48 0 is_stmt 0 discriminator 1
  59 001c 40F20000 		movw	r0, #:lower16:.LC0
  60 0020 C0F20000 		movt	r0, #:upper16:.LC0
  61 0024 FFF7FEFF 		bl	chDbgPanic
  62              	.L2:
  63              		.loc 1 49 0 is_stmt 1
  64 0028 019B     		ldr	r3, [sp, #4]
  65 002a 93F82230 		ldrb	r3, [r3, #34]	@ zero_extendqisi2
  66 002e 03F10103 		add	r3, r3, #1
  67 0032 DAB2     		uxtb	r2, r3
  68 0034 019B     		ldr	r3, [sp, #4]
  69 0036 83F82220 		strb	r2, [r3, #34]
  70              		.loc 1 50 0
  71 003a FFF7FEFF 		bl	dbg_check_unlock
  72              	.LBB3:
  73 003e 4FF00003 		mov	r3, #0
  74              	@ 50 "../../os/kernel/src/chdynamic.c" 1
  75 0042 83F31188 		msr     BASEPRI, r3
  76              	@ 0 "" 2
  77              		.thumb
  78              	.LBE3:
  79              		.loc 1 51 0
  80 0046 019B     		ldr	r3, [sp, #4]
  81              		.loc 1 52 0
  82 0048 1846     		mov	r0, r3
  83 004a 03B0     		add	sp, sp, #12
  84 004c 00BD     		pop	{pc}
  85              		.cfi_endproc
  86              	.LFE7:
  87              		.size	chThdAddRef, .-chThdAddRef
  88 004e 00BF     		.section	.rodata
  89 0012 0000     		.align	2
  90              	.LC1:
  91 0014 63685468 		.ascii	"chThdRelease(), #1\000"
  91      6452656C 
  91      65617365 
  91      28292C20 
  91      233100
  92              		.section	.text.chThdRelease,"ax",%progbits
  93              		.align	2
  94              		.p2align 4,,15
  95              		.global	chThdRelease
  96              		.thumb
  97              		.thumb_func
  98              		.type	chThdRelease, %function
  99              	chThdRelease:
 100              	.LFB8:
 101              		.loc 1 67 0
 102              		.cfi_startproc
 103              		@ args = 0, pretend = 0, frame = 16
 104              		@ frame_needed = 0, uses_anonymous_args = 0
 105 0000 00B5     		push	{lr}
 106              	.LCFI2:
ARM GAS  /tmp/cc7BUslz.s 			page 3


 107              		.cfi_def_cfa_offset 4
 108              		.cfi_offset 14, -4
 109 0002 85B0     		sub	sp, sp, #20
 110              	.LCFI3:
 111              		.cfi_def_cfa_offset 24
 112 0004 0190     		str	r0, [sp, #4]
 113              	.LBB4:
 114              		.loc 1 70 0
 115 0006 4FF02003 		mov	r3, #32
 116              	@ 70 "../../os/kernel/src/chdynamic.c" 1
 117 000a 83F31188 		msr     BASEPRI, r3
 118              	@ 0 "" 2
 119              		.thumb
 120              	.LBE4:
 121 000e FFF7FEFF 		bl	dbg_check_lock
 122              		.loc 1 71 0
 123 0012 019B     		ldr	r3, [sp, #4]
 124 0014 93F82230 		ldrb	r3, [r3, #34]	@ zero_extendqisi2
 125 0018 002B     		cmp	r3, #0
 126 001a 05D1     		bne	.L5
 127              		.loc 1 71 0 is_stmt 0 discriminator 1
 128 001c 40F20000 		movw	r0, #:lower16:.LC1
 129 0020 C0F20000 		movt	r0, #:upper16:.LC1
 130 0024 FFF7FEFF 		bl	chDbgPanic
 131              	.L5:
 132              		.loc 1 72 0 is_stmt 1
 133 0028 019B     		ldr	r3, [sp, #4]
 134 002a 93F82230 		ldrb	r3, [r3, #34]	@ zero_extendqisi2
 135 002e 03F1FF33 		add	r3, r3, #-1
 136 0032 DAB2     		uxtb	r2, r3
 137 0034 019B     		ldr	r3, [sp, #4]
 138 0036 83F82220 		strb	r2, [r3, #34]
 139 003a 019B     		ldr	r3, [sp, #4]
 140 003c 93F82230 		ldrb	r3, [r3, #34]
 141 0040 8DF80F30 		strb	r3, [sp, #15]
 142              		.loc 1 73 0
 143 0044 FFF7FEFF 		bl	dbg_check_unlock
 144              	.LBB5:
 145 0048 4FF00003 		mov	r3, #0
 146              	@ 73 "../../os/kernel/src/chdynamic.c" 1
 147 004c 83F31188 		msr     BASEPRI, r3
 148              	@ 0 "" 2
 149              		.thumb
 150              	.LBE5:
 151              		.loc 1 78 0
 152 0050 9DF80F30 		ldrb	r3, [sp, #15]	@ zero_extendqisi2
 153 0054 002B     		cmp	r3, #0
 154 0056 2DD1     		bne	.L4
 155              		.loc 1 78 0 is_stmt 0 discriminator 1
 156 0058 019B     		ldr	r3, [sp, #4]
 157 005a 93F82030 		ldrb	r3, [r3, #32]	@ zero_extendqisi2
 158 005e 0E2B     		cmp	r3, #14
 159 0060 28D1     		bne	.L4
 160              		.loc 1 79 0 is_stmt 1
 161 0062 019B     		ldr	r3, [sp, #4]
 162 0064 93F82130 		ldrb	r3, [r3, #33]	@ zero_extendqisi2
 163 0068 03F00303 		and	r3, r3, #3
ARM GAS  /tmp/cc7BUslz.s 			page 4


 164 006c 012B     		cmp	r3, #1
 165 006e 02D0     		beq	.L7
 166 0070 022B     		cmp	r3, #2
 167 0072 0ED0     		beq	.L8
 168 0074 1EE0     		b	.L4
 169              	.L7:
 170              		.loc 1 83 0
 171 0076 019B     		ldr	r3, [sp, #4]
 172 0078 5B69     		ldr	r3, [r3, #20]
 173 007a 019A     		ldr	r2, [sp, #4]
 174 007c 1269     		ldr	r2, [r2, #16]
 175 007e 1A61     		str	r2, [r3, #16]
 176 0080 019B     		ldr	r3, [sp, #4]
 177 0082 1B69     		ldr	r3, [r3, #16]
 178 0084 019A     		ldr	r2, [sp, #4]
 179 0086 5269     		ldr	r2, [r2, #20]
 180 0088 5A61     		str	r2, [r3, #20]
 181              		.loc 1 85 0
 182 008a 0198     		ldr	r0, [sp, #4]
 183 008c FFF7FEFF 		bl	chHeapFree
 184              		.loc 1 86 0
 185 0090 10E0     		b	.L4
 186              	.L8:
 187              		.loc 1 91 0
 188 0092 019B     		ldr	r3, [sp, #4]
 189 0094 5B69     		ldr	r3, [r3, #20]
 190 0096 019A     		ldr	r2, [sp, #4]
 191 0098 1269     		ldr	r2, [r2, #16]
 192 009a 1A61     		str	r2, [r3, #16]
 193 009c 019B     		ldr	r3, [sp, #4]
 194 009e 1B69     		ldr	r3, [r3, #16]
 195 00a0 019A     		ldr	r2, [sp, #4]
 196 00a2 5269     		ldr	r2, [r2, #20]
 197 00a4 5A61     		str	r2, [r3, #20]
 198              		.loc 1 93 0
 199 00a6 019B     		ldr	r3, [sp, #4]
 200 00a8 9B6C     		ldr	r3, [r3, #72]
 201 00aa 1846     		mov	r0, r3
 202 00ac 0199     		ldr	r1, [sp, #4]
 203 00ae FFF7FEFF 		bl	chPoolFree
 204              		.loc 1 94 0
 205 00b2 00BF     		nop
 206              	.L4:
 207              		.loc 1 98 0
 208 00b4 05B0     		add	sp, sp, #20
 209 00b6 00BD     		pop	{pc}
 210              		.cfi_endproc
 211              	.LFE8:
 212              		.size	chThdRelease, .-chThdRelease
 213 00b8 AFF30080 		.section	.text.chThdCreateFromHeap,"ax",%progbits
 213      AFF30080 
 214              		.align	2
 215              		.p2align 4,,15
 216              		.global	chThdCreateFromHeap
 217              		.thumb
 218              		.thumb_func
 219              		.type	chThdCreateFromHeap, %function
ARM GAS  /tmp/cc7BUslz.s 			page 5


 220              	chThdCreateFromHeap:
 221              	.LFB9:
 222              		.loc 1 124 0
 223              		.cfi_startproc
 224              		@ args = 4, pretend = 0, frame = 24
 225              		@ frame_needed = 0, uses_anonymous_args = 0
 226 0000 00B5     		push	{lr}
 227              	.LCFI4:
 228              		.cfi_def_cfa_offset 4
 229              		.cfi_offset 14, -4
 230 0002 89B0     		sub	sp, sp, #36
 231              	.LCFI5:
 232              		.cfi_def_cfa_offset 40
 233 0004 0590     		str	r0, [sp, #20]
 234 0006 0491     		str	r1, [sp, #16]
 235 0008 0392     		str	r2, [sp, #12]
 236 000a 0293     		str	r3, [sp, #8]
 237              		.loc 1 128 0
 238 000c 0598     		ldr	r0, [sp, #20]
 239 000e 0499     		ldr	r1, [sp, #16]
 240 0010 FFF7FEFF 		bl	chHeapAlloc
 241 0014 0790     		str	r0, [sp, #28]
 242              		.loc 1 129 0
 243 0016 079B     		ldr	r3, [sp, #28]
 244 0018 002B     		cmp	r3, #0
 245 001a 02D1     		bne	.L10
 246              		.loc 1 130 0
 247 001c 4FF00003 		mov	r3, #0
 248 0020 34E0     		b	.L11
 249              	.L10:
 250              		.loc 1 133 0
 251 0022 079B     		ldr	r3, [sp, #28]
 252 0024 03F14C03 		add	r3, r3, #76
 253 0028 0798     		ldr	r0, [sp, #28]
 254 002a 1946     		mov	r1, r3
 255 002c 4FF0FF02 		mov	r2, #255
 256 0030 FFF7FEFF 		bl	_thread_memfill
 257              		.loc 1 136 0
 258 0034 079B     		ldr	r3, [sp, #28]
 259 0036 03F14C02 		add	r2, r3, #76
 260 003a 0799     		ldr	r1, [sp, #28]
 261 003c 049B     		ldr	r3, [sp, #16]
 262 003e CB18     		adds	r3, r1, r3
 263 0040 1046     		mov	r0, r2
 264 0042 1946     		mov	r1, r3
 265 0044 4FF05502 		mov	r2, #85
 266 0048 FFF7FEFF 		bl	_thread_memfill
 267              	.LBB6:
 268              		.loc 1 141 0
 269 004c 4FF02003 		mov	r3, #32
 270              	@ 141 "../../os/kernel/src/chdynamic.c" 1
 271 0050 83F31188 		msr     BASEPRI, r3
 272              	@ 0 "" 2
 273              		.thumb
 274              	.LBE6:
 275 0054 FFF7FEFF 		bl	dbg_check_lock
 276              		.loc 1 142 0
ARM GAS  /tmp/cc7BUslz.s 			page 6


 277 0058 0A9B     		ldr	r3, [sp, #40]
 278 005a 0093     		str	r3, [sp, #0]
 279 005c 0798     		ldr	r0, [sp, #28]
 280 005e 0499     		ldr	r1, [sp, #16]
 281 0060 039A     		ldr	r2, [sp, #12]
 282 0062 029B     		ldr	r3, [sp, #8]
 283 0064 FFF7FEFF 		bl	chThdCreateI
 284 0068 0690     		str	r0, [sp, #24]
 285              		.loc 1 143 0
 286 006a 069B     		ldr	r3, [sp, #24]
 287 006c 4FF00102 		mov	r2, #1
 288 0070 83F82120 		strb	r2, [r3, #33]
 289              		.loc 1 144 0
 290 0074 0698     		ldr	r0, [sp, #24]
 291 0076 4FF00001 		mov	r1, #0
 292 007a FFF7FEFF 		bl	chSchWakeupS
 293              		.loc 1 145 0
 294 007e FFF7FEFF 		bl	dbg_check_unlock
 295              	.LBB7:
 296 0082 4FF00003 		mov	r3, #0
 297              	@ 145 "../../os/kernel/src/chdynamic.c" 1
 298 0086 83F31188 		msr     BASEPRI, r3
 299              	@ 0 "" 2
 300              		.thumb
 301              	.LBE7:
 302              		.loc 1 146 0
 303 008a 069B     		ldr	r3, [sp, #24]
 304              	.L11:
 305              		.loc 1 147 0
 306 008c 1846     		mov	r0, r3
 307 008e 09B0     		add	sp, sp, #36
 308 0090 00BD     		pop	{pc}
 309              		.cfi_endproc
 310              	.LFE9:
 311              		.size	chThdCreateFromHeap, .-chThdCreateFromHeap
 312 0092 00BFAFF3 		.section	.rodata
 312      0080AFF3 
 312      0080AFF3 
 312      0080
 313 0027 00       		.align	2
 314              	.LC2:
 315 0028 22636854 		.ascii	"\"chThdCreateFromMemoryPool\"()\000"
 315      68644372 
 315      65617465 
 315      46726F6D 
 315      4D656D6F 
 316 0046 0000     		.section	.text.chThdCreateFromMemoryPool,"ax",%progbits
 317              		.align	2
 318              		.p2align 4,,15
 319              		.global	chThdCreateFromMemoryPool
 320              		.thumb
 321              		.thumb_func
 322              		.type	chThdCreateFromMemoryPool, %function
 323              	chThdCreateFromMemoryPool:
 324              	.LFB10:
 325              		.loc 1 173 0
 326              		.cfi_startproc
ARM GAS  /tmp/cc7BUslz.s 			page 7


 327              		@ args = 0, pretend = 0, frame = 24
 328              		@ frame_needed = 0, uses_anonymous_args = 0
 329 0000 00B5     		push	{lr}
 330              	.LCFI6:
 331              		.cfi_def_cfa_offset 4
 332              		.cfi_offset 14, -4
 333 0002 89B0     		sub	sp, sp, #36
 334              	.LCFI7:
 335              		.cfi_def_cfa_offset 40
 336 0004 0590     		str	r0, [sp, #20]
 337 0006 0491     		str	r1, [sp, #16]
 338 0008 0392     		str	r2, [sp, #12]
 339 000a 0293     		str	r3, [sp, #8]
 340              		.loc 1 177 0
 341 000c 059B     		ldr	r3, [sp, #20]
 342 000e 002B     		cmp	r3, #0
 343 0010 05D1     		bne	.L13
 344              		.loc 1 177 0 is_stmt 0 discriminator 1
 345 0012 40F20000 		movw	r0, #:lower16:.LC2
 346 0016 C0F20000 		movt	r0, #:upper16:.LC2
 347 001a FFF7FEFF 		bl	chDbgPanic
 348              	.L13:
 349              		.loc 1 179 0 is_stmt 1
 350 001e 0598     		ldr	r0, [sp, #20]
 351 0020 FFF7FEFF 		bl	chPoolAlloc
 352 0024 0790     		str	r0, [sp, #28]
 353              		.loc 1 180 0
 354 0026 079B     		ldr	r3, [sp, #28]
 355 0028 002B     		cmp	r3, #0
 356 002a 02D1     		bne	.L14
 357              		.loc 1 181 0
 358 002c 4FF00003 		mov	r3, #0
 359 0030 3AE0     		b	.L15
 360              	.L14:
 361              		.loc 1 184 0
 362 0032 079B     		ldr	r3, [sp, #28]
 363 0034 03F14C03 		add	r3, r3, #76
 364 0038 0798     		ldr	r0, [sp, #28]
 365 003a 1946     		mov	r1, r3
 366 003c 4FF0FF02 		mov	r2, #255
 367 0040 FFF7FEFF 		bl	_thread_memfill
 368              		.loc 1 187 0
 369 0044 079B     		ldr	r3, [sp, #28]
 370 0046 03F14C02 		add	r2, r3, #76
 371              		.loc 1 188 0
 372 004a 059B     		ldr	r3, [sp, #20]
 373 004c 5B68     		ldr	r3, [r3, #4]
 374              		.loc 1 187 0
 375 004e 0799     		ldr	r1, [sp, #28]
 376 0050 CB18     		adds	r3, r1, r3
 377 0052 1046     		mov	r0, r2
 378 0054 1946     		mov	r1, r3
 379 0056 4FF05502 		mov	r2, #85
 380 005a FFF7FEFF 		bl	_thread_memfill
 381              	.LBB8:
 382              		.loc 1 192 0
 383 005e 4FF02003 		mov	r3, #32
ARM GAS  /tmp/cc7BUslz.s 			page 8


 384              	@ 192 "../../os/kernel/src/chdynamic.c" 1
 385 0062 83F31188 		msr     BASEPRI, r3
 386              	@ 0 "" 2
 387              		.thumb
 388              	.LBE8:
 389 0066 FFF7FEFF 		bl	dbg_check_lock
 390              		.loc 1 193 0
 391 006a 059B     		ldr	r3, [sp, #20]
 392 006c 5B68     		ldr	r3, [r3, #4]
 393 006e 029A     		ldr	r2, [sp, #8]
 394 0070 0092     		str	r2, [sp, #0]
 395 0072 0798     		ldr	r0, [sp, #28]
 396 0074 1946     		mov	r1, r3
 397 0076 049A     		ldr	r2, [sp, #16]
 398 0078 039B     		ldr	r3, [sp, #12]
 399 007a FFF7FEFF 		bl	chThdCreateI
 400 007e 0690     		str	r0, [sp, #24]
 401              		.loc 1 194 0
 402 0080 069B     		ldr	r3, [sp, #24]
 403 0082 4FF00202 		mov	r2, #2
 404 0086 83F82120 		strb	r2, [r3, #33]
 405              		.loc 1 195 0
 406 008a 069B     		ldr	r3, [sp, #24]
 407 008c 059A     		ldr	r2, [sp, #20]
 408 008e 9A64     		str	r2, [r3, #72]
 409              		.loc 1 196 0
 410 0090 0698     		ldr	r0, [sp, #24]
 411 0092 4FF00001 		mov	r1, #0
 412 0096 FFF7FEFF 		bl	chSchWakeupS
 413              		.loc 1 197 0
 414 009a FFF7FEFF 		bl	dbg_check_unlock
 415              	.LBB9:
 416 009e 4FF00003 		mov	r3, #0
 417              	@ 197 "../../os/kernel/src/chdynamic.c" 1
 418 00a2 83F31188 		msr     BASEPRI, r3
 419              	@ 0 "" 2
 420              		.thumb
 421              	.LBE9:
 422              		.loc 1 198 0
 423 00a6 069B     		ldr	r3, [sp, #24]
 424              	.L15:
 425              		.loc 1 199 0
 426 00a8 1846     		mov	r0, r3
 427 00aa 09B0     		add	sp, sp, #36
 428 00ac 00BD     		pop	{pc}
 429              		.cfi_endproc
 430              	.LFE10:
 431              		.size	chThdCreateFromMemoryPool, .-chThdCreateFromMemoryPool
 432 00ae 00BF     		.text
 433              	.Letext0:
 434              		.file 2 "/usr/bin/../lib/gcc/arm-none-eabi/4.7.4/include/stddef.h"
 435              		.file 3 "/usr/bin/../lib/gcc/arm-none-eabi/4.7.4/../../../../arm-none-eabi/include/stdint.h"
 436              		.file 4 "../../os/ports/GCC/ARMCMx/chtypes.h"
 437              		.file 5 "../../os/kernel/include/chlists.h"
 438              		.file 6 "../../os/kernel/include/chthreads.h"
 439              		.file 7 "../../os/ports/GCC/ARMCMx/chcore_v7m.h"
 440              		.file 8 "../../os/kernel/include/chmtx.h"
ARM GAS  /tmp/cc7BUslz.s 			page 9


 441              		.file 9 "../../os/kernel/include/chmemcore.h"
 442              		.file 10 "../../os/kernel/include/chheap.h"
 443              		.file 11 "../../os/kernel/include/chmempools.h"
 444              		.section	.debug_info,"",%progbits
 445              	.Ldebug_info0:
 446 0000 79070000 		.4byte	0x779
 447 0004 0200     		.2byte	0x2
 448 0006 00000000 		.4byte	.Ldebug_abbrev0
 449 000a 04       		.byte	0x4
 450 000b 01       		.uleb128 0x1
 451 000c B1010000 		.4byte	.LASF83
 452 0010 01       		.byte	0x1
 453 0011 0E000000 		.4byte	.LASF84
 454 0015 16020000 		.4byte	.LASF85
 455 0019 00000000 		.4byte	.Ldebug_ranges0+0
 456 001d 00000000 		.4byte	0
 457 0021 00000000 		.4byte	0
 458 0025 00000000 		.4byte	.Ldebug_line0
 459 0029 02       		.uleb128 0x2
 460 002a 04       		.byte	0x4
 461 002b 05       		.byte	0x5
 462 002c 696E7400 		.ascii	"int\000"
 463 0030 03       		.uleb128 0x3
 464 0031 2E000000 		.4byte	.LASF2
 465 0035 02       		.byte	0x2
 466 0036 D5       		.byte	0xd5
 467 0037 3B000000 		.4byte	0x3b
 468 003b 04       		.uleb128 0x4
 469 003c 04       		.byte	0x4
 470 003d 07       		.byte	0x7
 471 003e 46010000 		.4byte	.LASF0
 472 0042 04       		.uleb128 0x4
 473 0043 01       		.byte	0x1
 474 0044 06       		.byte	0x6
 475 0045 A4000000 		.4byte	.LASF1
 476 0049 03       		.uleb128 0x3
 477 004a 9B030000 		.4byte	.LASF3
 478 004e 03       		.byte	0x3
 479 004f 2A       		.byte	0x2a
 480 0050 54000000 		.4byte	0x54
 481 0054 04       		.uleb128 0x4
 482 0055 01       		.byte	0x1
 483 0056 08       		.byte	0x8
 484 0057 B4020000 		.4byte	.LASF4
 485 005b 04       		.uleb128 0x4
 486 005c 02       		.byte	0x2
 487 005d 05       		.byte	0x5
 488 005e D7020000 		.4byte	.LASF5
 489 0062 04       		.uleb128 0x4
 490 0063 02       		.byte	0x2
 491 0064 07       		.byte	0x7
 492 0065 72010000 		.4byte	.LASF6
 493 0069 03       		.uleb128 0x3
 494 006a AC020000 		.4byte	.LASF7
 495 006e 03       		.byte	0x3
 496 006f 4F       		.byte	0x4f
 497 0070 74000000 		.4byte	0x74
ARM GAS  /tmp/cc7BUslz.s 			page 10


 498 0074 04       		.uleb128 0x4
 499 0075 04       		.byte	0x4
 500 0076 05       		.byte	0x5
 501 0077 D0000000 		.4byte	.LASF8
 502 007b 03       		.uleb128 0x3
 503 007c 34030000 		.4byte	.LASF9
 504 0080 03       		.byte	0x3
 505 0081 50       		.byte	0x50
 506 0082 86000000 		.4byte	0x86
 507 0086 04       		.uleb128 0x4
 508 0087 04       		.byte	0x4
 509 0088 07       		.byte	0x7
 510 0089 53010000 		.4byte	.LASF10
 511 008d 04       		.uleb128 0x4
 512 008e 08       		.byte	0x8
 513 008f 05       		.byte	0x5
 514 0090 96000000 		.4byte	.LASF11
 515 0094 03       		.uleb128 0x3
 516 0095 3C000000 		.4byte	.LASF12
 517 0099 03       		.byte	0x3
 518 009a 78       		.byte	0x78
 519 009b 9F000000 		.4byte	0x9f
 520 009f 04       		.uleb128 0x4
 521 00a0 08       		.byte	0x8
 522 00a1 07       		.byte	0x7
 523 00a2 5D000000 		.4byte	.LASF13
 524 00a6 04       		.uleb128 0x4
 525 00a7 01       		.byte	0x1
 526 00a8 02       		.byte	0x2
 527 00a9 A6020000 		.4byte	.LASF14
 528 00ad 03       		.uleb128 0x3
 529 00ae 8B010000 		.4byte	.LASF15
 530 00b2 04       		.byte	0x4
 531 00b3 25       		.byte	0x25
 532 00b4 49000000 		.4byte	0x49
 533 00b8 03       		.uleb128 0x3
 534 00b9 ED000000 		.4byte	.LASF16
 535 00bd 04       		.byte	0x4
 536 00be 26       		.byte	0x26
 537 00bf 49000000 		.4byte	0x49
 538 00c3 03       		.uleb128 0x3
 539 00c4 8A020000 		.4byte	.LASF17
 540 00c8 04       		.byte	0x4
 541 00c9 27       		.byte	0x27
 542 00ca 49000000 		.4byte	0x49
 543 00ce 03       		.uleb128 0x3
 544 00cf C6000000 		.4byte	.LASF18
 545 00d3 04       		.byte	0x4
 546 00d4 28       		.byte	0x28
 547 00d5 49000000 		.4byte	0x49
 548 00d9 03       		.uleb128 0x3
 549 00da 9E020000 		.4byte	.LASF19
 550 00de 04       		.byte	0x4
 551 00df 29       		.byte	0x29
 552 00e0 7B000000 		.4byte	0x7b
 553 00e4 03       		.uleb128 0x3
 554 00e5 85010000 		.4byte	.LASF20
ARM GAS  /tmp/cc7BUslz.s 			page 11


 555 00e9 04       		.byte	0x4
 556 00ea 2A       		.byte	0x2a
 557 00eb 69000000 		.4byte	0x69
 558 00ef 03       		.uleb128 0x3
 559 00f0 9F010000 		.4byte	.LASF21
 560 00f4 04       		.byte	0x4
 561 00f5 2C       		.byte	0x2c
 562 00f6 7B000000 		.4byte	0x7b
 563 00fa 03       		.uleb128 0x3
 564 00fb 4E030000 		.4byte	.LASF22
 565 00ff 04       		.byte	0x4
 566 0100 2E       		.byte	0x2e
 567 0101 7B000000 		.4byte	0x7b
 568 0105 03       		.uleb128 0x3
 569 0106 22030000 		.4byte	.LASF23
 570 010a 05       		.byte	0x5
 571 010b 23       		.byte	0x23
 572 010c 10010000 		.4byte	0x110
 573 0110 05       		.uleb128 0x5
 574 0111 22030000 		.4byte	.LASF23
 575 0115 4C       		.byte	0x4c
 576 0116 06       		.byte	0x6
 577 0117 57       		.byte	0x57
 578 0118 43020000 		.4byte	0x243
 579 011c 06       		.uleb128 0x6
 580 011d 06030000 		.4byte	.LASF24
 581 0121 06       		.byte	0x6
 582 0122 58       		.byte	0x58
 583 0123 68020000 		.4byte	0x268
 584 0127 02       		.byte	0x2
 585 0128 23       		.byte	0x23
 586 0129 00       		.uleb128 0
 587 012a 06       		.uleb128 0x6
 588 012b 97020000 		.4byte	.LASF25
 589 012f 06       		.byte	0x6
 590 0130 5A       		.byte	0x5a
 591 0131 68020000 		.4byte	0x268
 592 0135 02       		.byte	0x2
 593 0136 23       		.byte	0x23
 594 0137 04       		.uleb128 0x4
 595 0138 06       		.uleb128 0x6
 596 0139 8F000000 		.4byte	.LASF26
 597 013d 06       		.byte	0x6
 598 013e 5C       		.byte	0x5c
 599 013f D9000000 		.4byte	0xd9
 600 0143 02       		.byte	0x2
 601 0144 23       		.byte	0x23
 602 0145 08       		.uleb128 0x8
 603 0146 06       		.uleb128 0x6
 604 0147 B9030000 		.4byte	.LASF27
 605 014b 06       		.byte	0x6
 606 014c 5D       		.byte	0x5d
 607 014d 41030000 		.4byte	0x341
 608 0151 02       		.byte	0x2
 609 0152 23       		.byte	0x23
 610 0153 0C       		.uleb128 0xc
 611 0154 06       		.uleb128 0x6
ARM GAS  /tmp/cc7BUslz.s 			page 12


 612 0155 FE000000 		.4byte	.LASF28
 613 0159 06       		.byte	0x6
 614 015a 5F       		.byte	0x5f
 615 015b 68020000 		.4byte	0x268
 616 015f 02       		.byte	0x2
 617 0160 23       		.byte	0x23
 618 0161 10       		.uleb128 0x10
 619 0162 06       		.uleb128 0x6
 620 0163 0E020000 		.4byte	.LASF29
 621 0167 06       		.byte	0x6
 622 0168 60       		.byte	0x60
 623 0169 68020000 		.4byte	0x268
 624 016d 02       		.byte	0x2
 625 016e 23       		.byte	0x23
 626 016f 14       		.uleb128 0x14
 627 0170 06       		.uleb128 0x6
 628 0171 AA030000 		.4byte	.LASF30
 629 0175 06       		.byte	0x6
 630 0176 67       		.byte	0x67
 631 0177 1E050000 		.4byte	0x51e
 632 017b 02       		.byte	0x2
 633 017c 23       		.byte	0x23
 634 017d 18       		.uleb128 0x18
 635 017e 06       		.uleb128 0x6
 636 017f 3B010000 		.4byte	.LASF31
 637 0183 06       		.byte	0x6
 638 0184 6D       		.byte	0x6d
 639 0185 30050000 		.4byte	0x530
 640 0189 02       		.byte	0x2
 641 018a 23       		.byte	0x23
 642 018b 1C       		.uleb128 0x1c
 643 018c 06       		.uleb128 0x6
 644 018d E1020000 		.4byte	.LASF32
 645 0191 06       		.byte	0x6
 646 0192 72       		.byte	0x72
 647 0193 B8000000 		.4byte	0xb8
 648 0197 02       		.byte	0x2
 649 0198 23       		.byte	0x23
 650 0199 20       		.uleb128 0x20
 651 019a 06       		.uleb128 0x6
 652 019b 0D030000 		.4byte	.LASF33
 653 019f 06       		.byte	0x6
 654 01a0 76       		.byte	0x76
 655 01a1 AD000000 		.4byte	0xad
 656 01a5 02       		.byte	0x2
 657 01a6 23       		.byte	0x23
 658 01a7 21       		.uleb128 0x21
 659 01a8 06       		.uleb128 0x6
 660 01a9 94030000 		.4byte	.LASF34
 661 01ad 06       		.byte	0x6
 662 01ae 7B       		.byte	0x7b
 663 01af C3000000 		.4byte	0xc3
 664 01b3 02       		.byte	0x2
 665 01b4 23       		.byte	0x23
 666 01b5 22       		.uleb128 0x22
 667 01b6 06       		.uleb128 0x6
 668 01b7 E9020000 		.4byte	.LASF35
ARM GAS  /tmp/cc7BUslz.s 			page 13


 669 01bb 06       		.byte	0x6
 670 01bc 81       		.byte	0x81
 671 01bd CE000000 		.4byte	0xce
 672 01c1 02       		.byte	0x2
 673 01c2 23       		.byte	0x23
 674 01c3 23       		.uleb128 0x23
 675 01c4 06       		.uleb128 0x6
 676 01c5 6F030000 		.4byte	.LASF36
 677 01c9 06       		.byte	0x6
 678 01ca 88       		.byte	0x88
 679 01cb 6B030000 		.4byte	0x36b
 680 01cf 02       		.byte	0x2
 681 01d0 23       		.byte	0x23
 682 01d1 24       		.uleb128 0x24
 683 01d2 07       		.uleb128 0x7
 684 01d3 705F7500 		.ascii	"p_u\000"
 685 01d7 06       		.byte	0x6
 686 01d8 AD       		.byte	0xad
 687 01d9 E9040000 		.4byte	0x4e9
 688 01dd 02       		.byte	0x2
 689 01de 23       		.byte	0x23
 690 01df 28       		.uleb128 0x28
 691 01e0 06       		.uleb128 0x6
 692 01e1 BF030000 		.4byte	.LASF37
 693 01e5 06       		.byte	0x6
 694 01e6 B2       		.byte	0xb2
 695 01e7 90020000 		.4byte	0x290
 696 01eb 02       		.byte	0x2
 697 01ec 23       		.byte	0x23
 698 01ed 2C       		.uleb128 0x2c
 699 01ee 06       		.uleb128 0x6
 700 01ef 7D030000 		.4byte	.LASF38
 701 01f3 06       		.byte	0x6
 702 01f4 B8       		.byte	0xb8
 703 01f5 6E020000 		.4byte	0x26e
 704 01f9 02       		.byte	0x2
 705 01fa 23       		.byte	0x23
 706 01fb 30       		.uleb128 0x30
 707 01fc 06       		.uleb128 0x6
 708 01fd 08000000 		.4byte	.LASF39
 709 0201 06       		.byte	0x6
 710 0202 BC       		.byte	0xbc
 711 0203 E4000000 		.4byte	0xe4
 712 0207 02       		.byte	0x2
 713 0208 23       		.byte	0x23
 714 0209 38       		.uleb128 0x38
 715 020a 06       		.uleb128 0x6
 716 020b 29030000 		.4byte	.LASF40
 717 020f 06       		.byte	0x6
 718 0210 C2       		.byte	0xc2
 719 0211 EF000000 		.4byte	0xef
 720 0215 02       		.byte	0x2
 721 0216 23       		.byte	0x23
 722 0217 3C       		.uleb128 0x3c
 723 0218 06       		.uleb128 0x6
 724 0219 CD020000 		.4byte	.LASF41
 725 021d 06       		.byte	0x6
ARM GAS  /tmp/cc7BUslz.s 			page 14


 726 021e C9       		.byte	0xc9
 727 021f 36050000 		.4byte	0x536
 728 0223 02       		.byte	0x2
 729 0224 23       		.byte	0x23
 730 0225 40       		.uleb128 0x40
 731 0226 06       		.uleb128 0x6
 732 0227 58030000 		.4byte	.LASF42
 733 022b 06       		.byte	0x6
 734 022c CD       		.byte	0xcd
 735 022d D9000000 		.4byte	0xd9
 736 0231 02       		.byte	0x2
 737 0232 23       		.byte	0x23
 738 0233 44       		.uleb128 0x44
 739 0234 06       		.uleb128 0x6
 740 0235 B6000000 		.4byte	.LASF43
 741 0239 06       		.byte	0x6
 742 023a D3       		.byte	0xd3
 743 023b A6020000 		.4byte	0x2a6
 744 023f 02       		.byte	0x2
 745 0240 23       		.byte	0x23
 746 0241 48       		.uleb128 0x48
 747 0242 00       		.byte	0
 748 0243 08       		.uleb128 0x8
 749 0244 08       		.byte	0x8
 750 0245 05       		.byte	0x5
 751 0246 5A       		.byte	0x5a
 752 0247 68020000 		.4byte	0x268
 753 024b 06       		.uleb128 0x6
 754 024c 06030000 		.4byte	.LASF24
 755 0250 05       		.byte	0x5
 756 0251 5B       		.byte	0x5b
 757 0252 68020000 		.4byte	0x268
 758 0256 02       		.byte	0x2
 759 0257 23       		.byte	0x23
 760 0258 00       		.uleb128 0
 761 0259 06       		.uleb128 0x6
 762 025a 97020000 		.4byte	.LASF25
 763 025e 05       		.byte	0x5
 764 025f 5D       		.byte	0x5d
 765 0260 68020000 		.4byte	0x268
 766 0264 02       		.byte	0x2
 767 0265 23       		.byte	0x23
 768 0266 04       		.uleb128 0x4
 769 0267 00       		.byte	0
 770 0268 09       		.uleb128 0x9
 771 0269 04       		.byte	0x4
 772 026a 05010000 		.4byte	0x105
 773 026e 03       		.uleb128 0x3
 774 026f 56020000 		.4byte	.LASF44
 775 0273 05       		.byte	0x5
 776 0274 5F       		.byte	0x5f
 777 0275 43020000 		.4byte	0x243
 778 0279 08       		.uleb128 0x8
 779 027a 04       		.byte	0x4
 780 027b 05       		.byte	0x5
 781 027c 64       		.byte	0x64
 782 027d 90020000 		.4byte	0x290
ARM GAS  /tmp/cc7BUslz.s 			page 15


 783 0281 06       		.uleb128 0x6
 784 0282 06030000 		.4byte	.LASF24
 785 0286 05       		.byte	0x5
 786 0287 66       		.byte	0x66
 787 0288 68020000 		.4byte	0x268
 788 028c 02       		.byte	0x2
 789 028d 23       		.byte	0x23
 790 028e 00       		.uleb128 0
 791 028f 00       		.byte	0
 792 0290 03       		.uleb128 0x3
 793 0291 93010000 		.4byte	.LASF45
 794 0295 05       		.byte	0x5
 795 0296 69       		.byte	0x69
 796 0297 79020000 		.4byte	0x279
 797 029b 03       		.uleb128 0x3
 798 029c 2C010000 		.4byte	.LASF46
 799 02a0 07       		.byte	0x7
 800 02a1 DE       		.byte	0xde
 801 02a2 A6020000 		.4byte	0x2a6
 802 02a6 0A       		.uleb128 0xa
 803 02a7 04       		.byte	0x4
 804 02a8 03       		.uleb128 0x3
 805 02a9 FA010000 		.4byte	.LASF47
 806 02ad 07       		.byte	0x7
 807 02ae E4       		.byte	0xe4
 808 02af 94000000 		.4byte	0x94
 809 02b3 0B       		.uleb128 0xb
 810 02b4 76030000 		.4byte	.LASF48
 811 02b8 24       		.byte	0x24
 812 02b9 07       		.byte	0x7
 813 02ba 0501     		.2byte	0x105
 814 02bc 41030000 		.4byte	0x341
 815 02c0 0C       		.uleb128 0xc
 816 02c1 723400   		.ascii	"r4\000"
 817 02c4 07       		.byte	0x7
 818 02c5 1801     		.2byte	0x118
 819 02c7 9B020000 		.4byte	0x29b
 820 02cb 02       		.byte	0x2
 821 02cc 23       		.byte	0x23
 822 02cd 00       		.uleb128 0
 823 02ce 0C       		.uleb128 0xc
 824 02cf 723500   		.ascii	"r5\000"
 825 02d2 07       		.byte	0x7
 826 02d3 1901     		.2byte	0x119
 827 02d5 9B020000 		.4byte	0x29b
 828 02d9 02       		.byte	0x2
 829 02da 23       		.byte	0x23
 830 02db 04       		.uleb128 0x4
 831 02dc 0C       		.uleb128 0xc
 832 02dd 723600   		.ascii	"r6\000"
 833 02e0 07       		.byte	0x7
 834 02e1 1A01     		.2byte	0x11a
 835 02e3 9B020000 		.4byte	0x29b
 836 02e7 02       		.byte	0x2
 837 02e8 23       		.byte	0x23
 838 02e9 08       		.uleb128 0x8
 839 02ea 0C       		.uleb128 0xc
ARM GAS  /tmp/cc7BUslz.s 			page 16


 840 02eb 723700   		.ascii	"r7\000"
 841 02ee 07       		.byte	0x7
 842 02ef 1B01     		.2byte	0x11b
 843 02f1 9B020000 		.4byte	0x29b
 844 02f5 02       		.byte	0x2
 845 02f6 23       		.byte	0x23
 846 02f7 0C       		.uleb128 0xc
 847 02f8 0C       		.uleb128 0xc
 848 02f9 723800   		.ascii	"r8\000"
 849 02fc 07       		.byte	0x7
 850 02fd 1C01     		.2byte	0x11c
 851 02ff 9B020000 		.4byte	0x29b
 852 0303 02       		.byte	0x2
 853 0304 23       		.byte	0x23
 854 0305 10       		.uleb128 0x10
 855 0306 0C       		.uleb128 0xc
 856 0307 723900   		.ascii	"r9\000"
 857 030a 07       		.byte	0x7
 858 030b 1D01     		.2byte	0x11d
 859 030d 9B020000 		.4byte	0x29b
 860 0311 02       		.byte	0x2
 861 0312 23       		.byte	0x23
 862 0313 14       		.uleb128 0x14
 863 0314 0C       		.uleb128 0xc
 864 0315 72313000 		.ascii	"r10\000"
 865 0319 07       		.byte	0x7
 866 031a 1E01     		.2byte	0x11e
 867 031c 9B020000 		.4byte	0x29b
 868 0320 02       		.byte	0x2
 869 0321 23       		.byte	0x23
 870 0322 18       		.uleb128 0x18
 871 0323 0C       		.uleb128 0xc
 872 0324 72313100 		.ascii	"r11\000"
 873 0328 07       		.byte	0x7
 874 0329 1F01     		.2byte	0x11f
 875 032b 9B020000 		.4byte	0x29b
 876 032f 02       		.byte	0x2
 877 0330 23       		.byte	0x23
 878 0331 1C       		.uleb128 0x1c
 879 0332 0C       		.uleb128 0xc
 880 0333 6C7200   		.ascii	"lr\000"
 881 0336 07       		.byte	0x7
 882 0337 2001     		.2byte	0x120
 883 0339 9B020000 		.4byte	0x29b
 884 033d 02       		.byte	0x2
 885 033e 23       		.byte	0x23
 886 033f 20       		.uleb128 0x20
 887 0340 00       		.byte	0
 888 0341 0B       		.uleb128 0xb
 889 0342 65010000 		.4byte	.LASF49
 890 0346 04       		.byte	0x4
 891 0347 07       		.byte	0x7
 892 0348 2A01     		.2byte	0x12a
 893 034a 5E030000 		.4byte	0x35e
 894 034e 0C       		.uleb128 0xc
 895 034f 72313300 		.ascii	"r13\000"
 896 0353 07       		.byte	0x7
ARM GAS  /tmp/cc7BUslz.s 			page 17


 897 0354 2B01     		.2byte	0x12b
 898 0356 5E030000 		.4byte	0x35e
 899 035a 02       		.byte	0x2
 900 035b 23       		.byte	0x23
 901 035c 00       		.uleb128 0
 902 035d 00       		.byte	0
 903 035e 09       		.uleb128 0x9
 904 035f 04       		.byte	0x4
 905 0360 B3020000 		.4byte	0x2b3
 906 0364 04       		.uleb128 0x4
 907 0365 04       		.byte	0x4
 908 0366 07       		.byte	0x7
 909 0367 05020000 		.4byte	.LASF50
 910 036b 0D       		.uleb128 0xd
 911 036c FA000000 		.4byte	0xfa
 912 0370 05       		.uleb128 0x5
 913 0371 AB010000 		.4byte	.LASF51
 914 0375 10       		.byte	0x10
 915 0376 08       		.byte	0x8
 916 0377 25       		.byte	0x25
 917 0378 A7030000 		.4byte	0x3a7
 918 037c 06       		.uleb128 0x6
 919 037d BE000000 		.4byte	.LASF52
 920 0381 08       		.byte	0x8
 921 0382 26       		.byte	0x26
 922 0383 6E020000 		.4byte	0x26e
 923 0387 02       		.byte	0x2
 924 0388 23       		.byte	0x23
 925 0389 00       		.uleb128 0
 926 038a 06       		.uleb128 0x6
 927 038b B1030000 		.4byte	.LASF53
 928 038f 08       		.byte	0x8
 929 0390 28       		.byte	0x28
 930 0391 68020000 		.4byte	0x268
 931 0395 02       		.byte	0x2
 932 0396 23       		.byte	0x23
 933 0397 08       		.uleb128 0x8
 934 0398 06       		.uleb128 0x6
 935 0399 47030000 		.4byte	.LASF54
 936 039d 08       		.byte	0x8
 937 039e 2A       		.byte	0x2a
 938 039f A7030000 		.4byte	0x3a7
 939 03a3 02       		.byte	0x2
 940 03a4 23       		.byte	0x23
 941 03a5 0C       		.uleb128 0xc
 942 03a6 00       		.byte	0
 943 03a7 09       		.uleb128 0x9
 944 03a8 04       		.byte	0x4
 945 03a9 70030000 		.4byte	0x370
 946 03ad 03       		.uleb128 0x3
 947 03ae AB010000 		.4byte	.LASF51
 948 03b2 08       		.byte	0x8
 949 03b3 2C       		.byte	0x2c
 950 03b4 70030000 		.4byte	0x370
 951 03b8 03       		.uleb128 0x3
 952 03b9 50000000 		.4byte	.LASF55
 953 03bd 09       		.byte	0x9
ARM GAS  /tmp/cc7BUslz.s 			page 18


 954 03be 25       		.byte	0x25
 955 03bf C3030000 		.4byte	0x3c3
 956 03c3 09       		.uleb128 0x9
 957 03c4 04       		.byte	0x4
 958 03c5 C9030000 		.4byte	0x3c9
 959 03c9 0E       		.uleb128 0xe
 960 03ca 01       		.byte	0x1
 961 03cb A6020000 		.4byte	0x2a6
 962 03cf D9030000 		.4byte	0x3d9
 963 03d3 0F       		.uleb128 0xf
 964 03d4 30000000 		.4byte	0x30
 965 03d8 00       		.byte	0
 966 03d9 03       		.uleb128 0x3
 967 03da 77020000 		.4byte	.LASF56
 968 03de 0A       		.byte	0xa
 969 03df 2D       		.byte	0x2d
 970 03e0 E4030000 		.4byte	0x3e4
 971 03e4 05       		.uleb128 0x5
 972 03e5 C9030000 		.4byte	.LASF57
 973 03e9 20       		.byte	0x20
 974 03ea 0A       		.byte	0xa
 975 03eb 40       		.byte	0x40
 976 03ec 1B040000 		.4byte	0x41b
 977 03f0 06       		.uleb128 0x6
 978 03f1 C2020000 		.4byte	.LASF58
 979 03f5 0A       		.byte	0xa
 980 03f6 41       		.byte	0x41
 981 03f7 B8030000 		.4byte	0x3b8
 982 03fb 02       		.byte	0x2
 983 03fc 23       		.byte	0x23
 984 03fd 00       		.uleb128 0
 985 03fe 06       		.uleb128 0x6
 986 03ff 7D000000 		.4byte	.LASF59
 987 0403 0A       		.byte	0xa
 988 0404 43       		.byte	0x43
 989 0405 3A040000 		.4byte	0x43a
 990 0409 02       		.byte	0x2
 991 040a 23       		.byte	0x23
 992 040b 08       		.uleb128 0x8
 993 040c 06       		.uleb128 0x6
 994 040d B0000000 		.4byte	.LASF60
 995 0411 0A       		.byte	0xa
 996 0412 45       		.byte	0x45
 997 0413 AD030000 		.4byte	0x3ad
 998 0417 02       		.byte	0x2
 999 0418 23       		.byte	0x23
 1000 0419 10       		.uleb128 0x10
 1001 041a 00       		.byte	0
 1002 041b 10       		.uleb128 0x10
 1003 041c 04       		.byte	0x4
 1004 041d 0A       		.byte	0xa
 1005 041e 35       		.byte	0x35
 1006 041f 3A040000 		.4byte	0x43a
 1007 0423 11       		.uleb128 0x11
 1008 0424 8A000000 		.4byte	.LASF61
 1009 0428 0A       		.byte	0xa
 1010 0429 36       		.byte	0x36
ARM GAS  /tmp/cc7BUslz.s 			page 19


 1011 042a 5B040000 		.4byte	0x45b
 1012 042e 11       		.uleb128 0x11
 1013 042f 3D030000 		.4byte	.LASF62
 1014 0433 0A       		.byte	0xa
 1015 0434 37       		.byte	0x37
 1016 0435 61040000 		.4byte	0x461
 1017 0439 00       		.byte	0
 1018 043a 12       		.uleb128 0x12
 1019 043b F3020000 		.4byte	.LASF86
 1020 043f 08       		.byte	0x8
 1021 0440 0A       		.byte	0xa
 1022 0441 32       		.byte	0x32
 1023 0442 5B040000 		.4byte	0x45b
 1024 0446 11       		.uleb128 0x11
 1025 0447 35010000 		.4byte	.LASF63
 1026 044b 0A       		.byte	0xa
 1027 044c 33       		.byte	0x33
 1028 044d A8020000 		.4byte	0x2a8
 1029 0451 13       		.uleb128 0x13
 1030 0452 6800     		.ascii	"h\000"
 1031 0454 0A       		.byte	0xa
 1032 0455 3A       		.byte	0x3a
 1033 0456 67040000 		.4byte	0x467
 1034 045a 00       		.byte	0
 1035 045b 09       		.uleb128 0x9
 1036 045c 04       		.byte	0x4
 1037 045d 3A040000 		.4byte	0x43a
 1038 0461 09       		.uleb128 0x9
 1039 0462 04       		.byte	0x4
 1040 0463 D9030000 		.4byte	0x3d9
 1041 0467 08       		.uleb128 0x8
 1042 0468 08       		.byte	0x8
 1043 0469 0A       		.byte	0xa
 1044 046a 34       		.byte	0x34
 1045 046b 8A040000 		.4byte	0x48a
 1046 046f 07       		.uleb128 0x7
 1047 0470 7500     		.ascii	"u\000"
 1048 0472 0A       		.byte	0xa
 1049 0473 38       		.byte	0x38
 1050 0474 1B040000 		.4byte	0x41b
 1051 0478 02       		.byte	0x2
 1052 0479 23       		.byte	0x23
 1053 047a 00       		.uleb128 0
 1054 047b 06       		.uleb128 0x6
 1055 047c 6D010000 		.4byte	.LASF64
 1056 0480 0A       		.byte	0xa
 1057 0481 39       		.byte	0x39
 1058 0482 30000000 		.4byte	0x30
 1059 0486 02       		.byte	0x2
 1060 0487 23       		.byte	0x23
 1061 0488 04       		.uleb128 0x4
 1062 0489 00       		.byte	0
 1063 048a 05       		.uleb128 0x5
 1064 048b 88030000 		.4byte	.LASF65
 1065 048f 04       		.byte	0x4
 1066 0490 0B       		.byte	0xb
 1067 0491 25       		.byte	0x25
ARM GAS  /tmp/cc7BUslz.s 			page 20


 1068 0492 A5040000 		.4byte	0x4a5
 1069 0496 06       		.uleb128 0x6
 1070 0497 82020000 		.4byte	.LASF66
 1071 049b 0B       		.byte	0xb
 1072 049c 26       		.byte	0x26
 1073 049d A5040000 		.4byte	0x4a5
 1074 04a1 02       		.byte	0x2
 1075 04a2 23       		.byte	0x23
 1076 04a3 00       		.uleb128 0
 1077 04a4 00       		.byte	0
 1078 04a5 09       		.uleb128 0x9
 1079 04a6 04       		.byte	0x4
 1080 04a7 8A040000 		.4byte	0x48a
 1081 04ab 08       		.uleb128 0x8
 1082 04ac 0C       		.byte	0xc
 1083 04ad 0B       		.byte	0xb
 1084 04ae 2D       		.byte	0x2d
 1085 04af DE040000 		.4byte	0x4de
 1086 04b3 06       		.uleb128 0x6
 1087 04b4 F6000000 		.4byte	.LASF67
 1088 04b8 0B       		.byte	0xb
 1089 04b9 2E       		.byte	0x2e
 1090 04ba A5040000 		.4byte	0x4a5
 1091 04be 02       		.byte	0x2
 1092 04bf 23       		.byte	0x23
 1093 04c0 00       		.uleb128 0
 1094 04c1 06       		.uleb128 0x6
 1095 04c2 63020000 		.4byte	.LASF68
 1096 04c6 0B       		.byte	0xb
 1097 04c7 2F       		.byte	0x2f
 1098 04c8 30000000 		.4byte	0x30
 1099 04cc 02       		.byte	0x2
 1100 04cd 23       		.byte	0x23
 1101 04ce 04       		.uleb128 0x4
 1102 04cf 06       		.uleb128 0x6
 1103 04d0 20010000 		.4byte	.LASF69
 1104 04d4 0B       		.byte	0xb
 1105 04d5 31       		.byte	0x31
 1106 04d6 B8030000 		.4byte	0x3b8
 1107 04da 02       		.byte	0x2
 1108 04db 23       		.byte	0x23
 1109 04dc 08       		.uleb128 0x8
 1110 04dd 00       		.byte	0
 1111 04de 03       		.uleb128 0x3
 1112 04df 45000000 		.4byte	.LASF70
 1113 04e3 0B       		.byte	0xb
 1114 04e4 33       		.byte	0x33
 1115 04e5 AB040000 		.4byte	0x4ab
 1116 04e9 10       		.uleb128 0x10
 1117 04ea 04       		.byte	0x4
 1118 04eb 06       		.byte	0x6
 1119 04ec 8F       		.byte	0x8f
 1120 04ed 1E050000 		.4byte	0x51e
 1121 04f1 11       		.uleb128 0x11
 1122 04f2 35000000 		.4byte	.LASF71
 1123 04f6 06       		.byte	0x6
 1124 04f7 96       		.byte	0x96
ARM GAS  /tmp/cc7BUslz.s 			page 21


 1125 04f8 E4000000 		.4byte	0xe4
 1126 04fc 11       		.uleb128 0x11
 1127 04fd 74000000 		.4byte	.LASF72
 1128 0501 06       		.byte	0x6
 1129 0502 9D       		.byte	0x9d
 1130 0503 E4000000 		.4byte	0xe4
 1131 0507 11       		.uleb128 0x11
 1132 0508 A3030000 		.4byte	.LASF73
 1133 050c 06       		.byte	0x6
 1134 050d A4       		.byte	0xa4
 1135 050e A6020000 		.4byte	0x2a6
 1136 0512 11       		.uleb128 0x11
 1137 0513 FF020000 		.4byte	.LASF74
 1138 0517 06       		.byte	0x6
 1139 0518 AB       		.byte	0xab
 1140 0519 EF000000 		.4byte	0xef
 1141 051d 00       		.byte	0
 1142 051e 09       		.uleb128 0x9
 1143 051f 04       		.byte	0x4
 1144 0520 24050000 		.4byte	0x524
 1145 0524 14       		.uleb128 0x14
 1146 0525 29050000 		.4byte	0x529
 1147 0529 04       		.uleb128 0x4
 1148 052a 01       		.byte	0x1
 1149 052b 08       		.byte	0x8
 1150 052c 42030000 		.4byte	.LASF75
 1151 0530 09       		.uleb128 0x9
 1152 0531 04       		.byte	0x4
 1153 0532 A8020000 		.4byte	0x2a8
 1154 0536 09       		.uleb128 0x9
 1155 0537 04       		.byte	0x4
 1156 0538 AD030000 		.4byte	0x3ad
 1157 053c 03       		.uleb128 0x3
 1158 053d 00000000 		.4byte	.LASF76
 1159 0541 06       		.byte	0x6
 1160 0542 DE       		.byte	0xde
 1161 0543 47050000 		.4byte	0x547
 1162 0547 09       		.uleb128 0x9
 1163 0548 04       		.byte	0x4
 1164 0549 4D050000 		.4byte	0x54d
 1165 054d 0E       		.uleb128 0xe
 1166 054e 01       		.byte	0x1
 1167 054f E4000000 		.4byte	0xe4
 1168 0553 5D050000 		.4byte	0x55d
 1169 0557 0F       		.uleb128 0xf
 1170 0558 A6020000 		.4byte	0x2a6
 1171 055c 00       		.byte	0
 1172 055d 15       		.uleb128 0x15
 1173 055e 01       		.byte	0x1
 1174 055f 63030000 		.4byte	.LASF78
 1175 0563 01       		.byte	0x1
 1176 0564 2D       		.byte	0x2d
 1177 0565 01       		.byte	0x1
 1178 0566 68020000 		.4byte	0x268
 1179 056a 00000000 		.4byte	.LFB7
 1180 056e 4E000000 		.4byte	.LFE7
 1181 0572 00000000 		.4byte	.LLST0
ARM GAS  /tmp/cc7BUslz.s 			page 22


 1182 0576 01       		.byte	0x1
 1183 0577 BB050000 		.4byte	0x5bb
 1184 057b 16       		.uleb128 0x16
 1185 057c 747000   		.ascii	"tp\000"
 1186 057f 01       		.byte	0x1
 1187 0580 2D       		.byte	0x2d
 1188 0581 68020000 		.4byte	0x268
 1189 0585 02       		.byte	0x2
 1190 0586 91       		.byte	0x91
 1191 0587 74       		.sleb128 -12
 1192 0588 17       		.uleb128 0x17
 1193 0589 06000000 		.4byte	.LBB2
 1194 058d 0E000000 		.4byte	.LBE2
 1195 0591 A3050000 		.4byte	0x5a3
 1196 0595 18       		.uleb128 0x18
 1197 0596 746D7000 		.ascii	"tmp\000"
 1198 059a 01       		.byte	0x1
 1199 059b 2F       		.byte	0x2f
 1200 059c 7B000000 		.4byte	0x7b
 1201 05a0 01       		.byte	0x1
 1202 05a1 53       		.byte	0x53
 1203 05a2 00       		.byte	0
 1204 05a3 19       		.uleb128 0x19
 1205 05a4 3E000000 		.4byte	.LBB3
 1206 05a8 46000000 		.4byte	.LBE3
 1207 05ac 18       		.uleb128 0x18
 1208 05ad 746D7000 		.ascii	"tmp\000"
 1209 05b1 01       		.byte	0x1
 1210 05b2 32       		.byte	0x32
 1211 05b3 7B000000 		.4byte	0x7b
 1212 05b7 01       		.byte	0x1
 1213 05b8 53       		.byte	0x53
 1214 05b9 00       		.byte	0
 1215 05ba 00       		.byte	0
 1216 05bb 1A       		.uleb128 0x1a
 1217 05bc 01       		.byte	0x1
 1218 05bd 15030000 		.4byte	.LASF87
 1219 05c1 01       		.byte	0x1
 1220 05c2 43       		.byte	0x43
 1221 05c3 01       		.byte	0x1
 1222 05c4 00000000 		.4byte	.LFB8
 1223 05c8 B8000000 		.4byte	.LFE8
 1224 05cc 2C000000 		.4byte	.LLST1
 1225 05d0 01       		.byte	0x1
 1226 05d1 23060000 		.4byte	0x623
 1227 05d5 16       		.uleb128 0x16
 1228 05d6 747000   		.ascii	"tp\000"
 1229 05d9 01       		.byte	0x1
 1230 05da 43       		.byte	0x43
 1231 05db 68020000 		.4byte	0x268
 1232 05df 02       		.byte	0x2
 1233 05e0 91       		.byte	0x91
 1234 05e1 6C       		.sleb128 -20
 1235 05e2 1B       		.uleb128 0x1b
 1236 05e3 92020000 		.4byte	.LASF77
 1237 05e7 01       		.byte	0x1
 1238 05e8 44       		.byte	0x44
ARM GAS  /tmp/cc7BUslz.s 			page 23


 1239 05e9 C3000000 		.4byte	0xc3
 1240 05ed 02       		.byte	0x2
 1241 05ee 91       		.byte	0x91
 1242 05ef 77       		.sleb128 -9
 1243 05f0 17       		.uleb128 0x17
 1244 05f1 06000000 		.4byte	.LBB4
 1245 05f5 0E000000 		.4byte	.LBE4
 1246 05f9 0B060000 		.4byte	0x60b
 1247 05fd 18       		.uleb128 0x18
 1248 05fe 746D7000 		.ascii	"tmp\000"
 1249 0602 01       		.byte	0x1
 1250 0603 46       		.byte	0x46
 1251 0604 7B000000 		.4byte	0x7b
 1252 0608 01       		.byte	0x1
 1253 0609 53       		.byte	0x53
 1254 060a 00       		.byte	0
 1255 060b 19       		.uleb128 0x19
 1256 060c 48000000 		.4byte	.LBB5
 1257 0610 50000000 		.4byte	.LBE5
 1258 0614 18       		.uleb128 0x18
 1259 0615 746D7000 		.ascii	"tmp\000"
 1260 0619 01       		.byte	0x1
 1261 061a 49       		.byte	0x49
 1262 061b 7B000000 		.4byte	0x7b
 1263 061f 01       		.byte	0x1
 1264 0620 53       		.byte	0x53
 1265 0621 00       		.byte	0
 1266 0622 00       		.byte	0
 1267 0623 15       		.uleb128 0x15
 1268 0624 01       		.byte	0x1
 1269 0625 D9000000 		.4byte	.LASF79
 1270 0629 01       		.byte	0x1
 1271 062a 7B       		.byte	0x7b
 1272 062b 01       		.byte	0x1
 1273 062c 68020000 		.4byte	0x268
 1274 0630 00000000 		.4byte	.LFB9
 1275 0634 92000000 		.4byte	.LFE9
 1276 0638 58000000 		.4byte	.LLST2
 1277 063c 01       		.byte	0x1
 1278 063d D4060000 		.4byte	0x6d4
 1279 0641 1C       		.uleb128 0x1c
 1280 0642 84000000 		.4byte	.LASF80
 1281 0646 01       		.byte	0x1
 1282 0647 7B       		.byte	0x7b
 1283 0648 61040000 		.4byte	0x461
 1284 064c 02       		.byte	0x2
 1285 064d 91       		.byte	0x91
 1286 064e 6C       		.sleb128 -20
 1287 064f 1C       		.uleb128 0x1c
 1288 0650 6D010000 		.4byte	.LASF64
 1289 0654 01       		.byte	0x1
 1290 0655 7B       		.byte	0x7b
 1291 0656 30000000 		.4byte	0x30
 1292 065a 02       		.byte	0x2
 1293 065b 91       		.byte	0x91
 1294 065c 68       		.sleb128 -24
 1295 065d 1C       		.uleb128 0x1c
ARM GAS  /tmp/cc7BUslz.s 			page 24


 1296 065e 72020000 		.4byte	.LASF81
 1297 0662 01       		.byte	0x1
 1298 0663 7C       		.byte	0x7c
 1299 0664 D9000000 		.4byte	0xd9
 1300 0668 02       		.byte	0x2
 1301 0669 91       		.byte	0x91
 1302 066a 64       		.sleb128 -28
 1303 066b 16       		.uleb128 0x16
 1304 066c 706600   		.ascii	"pf\000"
 1305 066f 01       		.byte	0x1
 1306 0670 7C       		.byte	0x7c
 1307 0671 3C050000 		.4byte	0x53c
 1308 0675 02       		.byte	0x2
 1309 0676 91       		.byte	0x91
 1310 0677 60       		.sleb128 -32
 1311 0678 16       		.uleb128 0x16
 1312 0679 61726700 		.ascii	"arg\000"
 1313 067d 01       		.byte	0x1
 1314 067e 7C       		.byte	0x7c
 1315 067f A6020000 		.4byte	0x2a6
 1316 0683 02       		.byte	0x2
 1317 0684 91       		.byte	0x91
 1318 0685 00       		.sleb128 0
 1319 0686 18       		.uleb128 0x18
 1320 0687 77737000 		.ascii	"wsp\000"
 1321 068b 01       		.byte	0x1
 1322 068c 7D       		.byte	0x7d
 1323 068d A6020000 		.4byte	0x2a6
 1324 0691 02       		.byte	0x2
 1325 0692 91       		.byte	0x91
 1326 0693 74       		.sleb128 -12
 1327 0694 18       		.uleb128 0x18
 1328 0695 747000   		.ascii	"tp\000"
 1329 0698 01       		.byte	0x1
 1330 0699 7E       		.byte	0x7e
 1331 069a 68020000 		.4byte	0x268
 1332 069e 02       		.byte	0x2
 1333 069f 91       		.byte	0x91
 1334 06a0 70       		.sleb128 -16
 1335 06a1 17       		.uleb128 0x17
 1336 06a2 4C000000 		.4byte	.LBB6
 1337 06a6 54000000 		.4byte	.LBE6
 1338 06aa BC060000 		.4byte	0x6bc
 1339 06ae 18       		.uleb128 0x18
 1340 06af 746D7000 		.ascii	"tmp\000"
 1341 06b3 01       		.byte	0x1
 1342 06b4 8D       		.byte	0x8d
 1343 06b5 7B000000 		.4byte	0x7b
 1344 06b9 01       		.byte	0x1
 1345 06ba 53       		.byte	0x53
 1346 06bb 00       		.byte	0
 1347 06bc 19       		.uleb128 0x19
 1348 06bd 82000000 		.4byte	.LBB7
 1349 06c1 8A000000 		.4byte	.LBE7
 1350 06c5 18       		.uleb128 0x18
 1351 06c6 746D7000 		.ascii	"tmp\000"
 1352 06ca 01       		.byte	0x1
ARM GAS  /tmp/cc7BUslz.s 			page 25


 1353 06cb 91       		.byte	0x91
 1354 06cc 7B000000 		.4byte	0x7b
 1355 06d0 01       		.byte	0x1
 1356 06d1 53       		.byte	0x53
 1357 06d2 00       		.byte	0
 1358 06d3 00       		.byte	0
 1359 06d4 15       		.uleb128 0x15
 1360 06d5 01       		.byte	0x1
 1361 06d6 06010000 		.4byte	.LASF82
 1362 06da 01       		.byte	0x1
 1363 06db AC       		.byte	0xac
 1364 06dc 01       		.byte	0x1
 1365 06dd 68020000 		.4byte	0x268
 1366 06e1 00000000 		.4byte	.LFB10
 1367 06e5 AE000000 		.4byte	.LFE10
 1368 06e9 84000000 		.4byte	.LLST3
 1369 06ed 01       		.byte	0x1
 1370 06ee 76070000 		.4byte	0x776
 1371 06f2 16       		.uleb128 0x16
 1372 06f3 6D7000   		.ascii	"mp\000"
 1373 06f6 01       		.byte	0x1
 1374 06f7 AC       		.byte	0xac
 1375 06f8 76070000 		.4byte	0x776
 1376 06fc 02       		.byte	0x2
 1377 06fd 91       		.byte	0x91
 1378 06fe 6C       		.sleb128 -20
 1379 06ff 1C       		.uleb128 0x1c
 1380 0700 72020000 		.4byte	.LASF81
 1381 0704 01       		.byte	0x1
 1382 0705 AC       		.byte	0xac
 1383 0706 D9000000 		.4byte	0xd9
 1384 070a 02       		.byte	0x2
 1385 070b 91       		.byte	0x91
 1386 070c 68       		.sleb128 -24
 1387 070d 16       		.uleb128 0x16
 1388 070e 706600   		.ascii	"pf\000"
 1389 0711 01       		.byte	0x1
 1390 0712 AD       		.byte	0xad
 1391 0713 3C050000 		.4byte	0x53c
 1392 0717 02       		.byte	0x2
 1393 0718 91       		.byte	0x91
 1394 0719 64       		.sleb128 -28
 1395 071a 16       		.uleb128 0x16
 1396 071b 61726700 		.ascii	"arg\000"
 1397 071f 01       		.byte	0x1
 1398 0720 AD       		.byte	0xad
 1399 0721 A6020000 		.4byte	0x2a6
 1400 0725 02       		.byte	0x2
 1401 0726 91       		.byte	0x91
 1402 0727 60       		.sleb128 -32
 1403 0728 18       		.uleb128 0x18
 1404 0729 77737000 		.ascii	"wsp\000"
 1405 072d 01       		.byte	0x1
 1406 072e AE       		.byte	0xae
 1407 072f A6020000 		.4byte	0x2a6
 1408 0733 02       		.byte	0x2
 1409 0734 91       		.byte	0x91
ARM GAS  /tmp/cc7BUslz.s 			page 26


 1410 0735 74       		.sleb128 -12
 1411 0736 18       		.uleb128 0x18
 1412 0737 747000   		.ascii	"tp\000"
 1413 073a 01       		.byte	0x1
 1414 073b AF       		.byte	0xaf
 1415 073c 68020000 		.4byte	0x268
 1416 0740 02       		.byte	0x2
 1417 0741 91       		.byte	0x91
 1418 0742 70       		.sleb128 -16
 1419 0743 17       		.uleb128 0x17
 1420 0744 5E000000 		.4byte	.LBB8
 1421 0748 66000000 		.4byte	.LBE8
 1422 074c 5E070000 		.4byte	0x75e
 1423 0750 18       		.uleb128 0x18
 1424 0751 746D7000 		.ascii	"tmp\000"
 1425 0755 01       		.byte	0x1
 1426 0756 C0       		.byte	0xc0
 1427 0757 7B000000 		.4byte	0x7b
 1428 075b 01       		.byte	0x1
 1429 075c 53       		.byte	0x53
 1430 075d 00       		.byte	0
 1431 075e 19       		.uleb128 0x19
 1432 075f 9E000000 		.4byte	.LBB9
 1433 0763 A6000000 		.4byte	.LBE9
 1434 0767 18       		.uleb128 0x18
 1435 0768 746D7000 		.ascii	"tmp\000"
 1436 076c 01       		.byte	0x1
 1437 076d C5       		.byte	0xc5
 1438 076e 7B000000 		.4byte	0x7b
 1439 0772 01       		.byte	0x1
 1440 0773 53       		.byte	0x53
 1441 0774 00       		.byte	0
 1442 0775 00       		.byte	0
 1443 0776 09       		.uleb128 0x9
 1444 0777 04       		.byte	0x4
 1445 0778 DE040000 		.4byte	0x4de
 1446 077c 00       		.byte	0
 1447              		.section	.debug_abbrev,"",%progbits
 1448              	.Ldebug_abbrev0:
 1449 0000 01       		.uleb128 0x1
 1450 0001 11       		.uleb128 0x11
 1451 0002 01       		.byte	0x1
 1452 0003 25       		.uleb128 0x25
 1453 0004 0E       		.uleb128 0xe
 1454 0005 13       		.uleb128 0x13
 1455 0006 0B       		.uleb128 0xb
 1456 0007 03       		.uleb128 0x3
 1457 0008 0E       		.uleb128 0xe
 1458 0009 1B       		.uleb128 0x1b
 1459 000a 0E       		.uleb128 0xe
 1460 000b 55       		.uleb128 0x55
 1461 000c 06       		.uleb128 0x6
 1462 000d 11       		.uleb128 0x11
 1463 000e 01       		.uleb128 0x1
 1464 000f 52       		.uleb128 0x52
 1465 0010 01       		.uleb128 0x1
 1466 0011 10       		.uleb128 0x10
ARM GAS  /tmp/cc7BUslz.s 			page 27


 1467 0012 06       		.uleb128 0x6
 1468 0013 00       		.byte	0
 1469 0014 00       		.byte	0
 1470 0015 02       		.uleb128 0x2
 1471 0016 24       		.uleb128 0x24
 1472 0017 00       		.byte	0
 1473 0018 0B       		.uleb128 0xb
 1474 0019 0B       		.uleb128 0xb
 1475 001a 3E       		.uleb128 0x3e
 1476 001b 0B       		.uleb128 0xb
 1477 001c 03       		.uleb128 0x3
 1478 001d 08       		.uleb128 0x8
 1479 001e 00       		.byte	0
 1480 001f 00       		.byte	0
 1481 0020 03       		.uleb128 0x3
 1482 0021 16       		.uleb128 0x16
 1483 0022 00       		.byte	0
 1484 0023 03       		.uleb128 0x3
 1485 0024 0E       		.uleb128 0xe
 1486 0025 3A       		.uleb128 0x3a
 1487 0026 0B       		.uleb128 0xb
 1488 0027 3B       		.uleb128 0x3b
 1489 0028 0B       		.uleb128 0xb
 1490 0029 49       		.uleb128 0x49
 1491 002a 13       		.uleb128 0x13
 1492 002b 00       		.byte	0
 1493 002c 00       		.byte	0
 1494 002d 04       		.uleb128 0x4
 1495 002e 24       		.uleb128 0x24
 1496 002f 00       		.byte	0
 1497 0030 0B       		.uleb128 0xb
 1498 0031 0B       		.uleb128 0xb
 1499 0032 3E       		.uleb128 0x3e
 1500 0033 0B       		.uleb128 0xb
 1501 0034 03       		.uleb128 0x3
 1502 0035 0E       		.uleb128 0xe
 1503 0036 00       		.byte	0
 1504 0037 00       		.byte	0
 1505 0038 05       		.uleb128 0x5
 1506 0039 13       		.uleb128 0x13
 1507 003a 01       		.byte	0x1
 1508 003b 03       		.uleb128 0x3
 1509 003c 0E       		.uleb128 0xe
 1510 003d 0B       		.uleb128 0xb
 1511 003e 0B       		.uleb128 0xb
 1512 003f 3A       		.uleb128 0x3a
 1513 0040 0B       		.uleb128 0xb
 1514 0041 3B       		.uleb128 0x3b
 1515 0042 0B       		.uleb128 0xb
 1516 0043 01       		.uleb128 0x1
 1517 0044 13       		.uleb128 0x13
 1518 0045 00       		.byte	0
 1519 0046 00       		.byte	0
 1520 0047 06       		.uleb128 0x6
 1521 0048 0D       		.uleb128 0xd
 1522 0049 00       		.byte	0
 1523 004a 03       		.uleb128 0x3
ARM GAS  /tmp/cc7BUslz.s 			page 28


 1524 004b 0E       		.uleb128 0xe
 1525 004c 3A       		.uleb128 0x3a
 1526 004d 0B       		.uleb128 0xb
 1527 004e 3B       		.uleb128 0x3b
 1528 004f 0B       		.uleb128 0xb
 1529 0050 49       		.uleb128 0x49
 1530 0051 13       		.uleb128 0x13
 1531 0052 38       		.uleb128 0x38
 1532 0053 0A       		.uleb128 0xa
 1533 0054 00       		.byte	0
 1534 0055 00       		.byte	0
 1535 0056 07       		.uleb128 0x7
 1536 0057 0D       		.uleb128 0xd
 1537 0058 00       		.byte	0
 1538 0059 03       		.uleb128 0x3
 1539 005a 08       		.uleb128 0x8
 1540 005b 3A       		.uleb128 0x3a
 1541 005c 0B       		.uleb128 0xb
 1542 005d 3B       		.uleb128 0x3b
 1543 005e 0B       		.uleb128 0xb
 1544 005f 49       		.uleb128 0x49
 1545 0060 13       		.uleb128 0x13
 1546 0061 38       		.uleb128 0x38
 1547 0062 0A       		.uleb128 0xa
 1548 0063 00       		.byte	0
 1549 0064 00       		.byte	0
 1550 0065 08       		.uleb128 0x8
 1551 0066 13       		.uleb128 0x13
 1552 0067 01       		.byte	0x1
 1553 0068 0B       		.uleb128 0xb
 1554 0069 0B       		.uleb128 0xb
 1555 006a 3A       		.uleb128 0x3a
 1556 006b 0B       		.uleb128 0xb
 1557 006c 3B       		.uleb128 0x3b
 1558 006d 0B       		.uleb128 0xb
 1559 006e 01       		.uleb128 0x1
 1560 006f 13       		.uleb128 0x13
 1561 0070 00       		.byte	0
 1562 0071 00       		.byte	0
 1563 0072 09       		.uleb128 0x9
 1564 0073 0F       		.uleb128 0xf
 1565 0074 00       		.byte	0
 1566 0075 0B       		.uleb128 0xb
 1567 0076 0B       		.uleb128 0xb
 1568 0077 49       		.uleb128 0x49
 1569 0078 13       		.uleb128 0x13
 1570 0079 00       		.byte	0
 1571 007a 00       		.byte	0
 1572 007b 0A       		.uleb128 0xa
 1573 007c 0F       		.uleb128 0xf
 1574 007d 00       		.byte	0
 1575 007e 0B       		.uleb128 0xb
 1576 007f 0B       		.uleb128 0xb
 1577 0080 00       		.byte	0
 1578 0081 00       		.byte	0
 1579 0082 0B       		.uleb128 0xb
 1580 0083 13       		.uleb128 0x13
ARM GAS  /tmp/cc7BUslz.s 			page 29


 1581 0084 01       		.byte	0x1
 1582 0085 03       		.uleb128 0x3
 1583 0086 0E       		.uleb128 0xe
 1584 0087 0B       		.uleb128 0xb
 1585 0088 0B       		.uleb128 0xb
 1586 0089 3A       		.uleb128 0x3a
 1587 008a 0B       		.uleb128 0xb
 1588 008b 3B       		.uleb128 0x3b
 1589 008c 05       		.uleb128 0x5
 1590 008d 01       		.uleb128 0x1
 1591 008e 13       		.uleb128 0x13
 1592 008f 00       		.byte	0
 1593 0090 00       		.byte	0
 1594 0091 0C       		.uleb128 0xc
 1595 0092 0D       		.uleb128 0xd
 1596 0093 00       		.byte	0
 1597 0094 03       		.uleb128 0x3
 1598 0095 08       		.uleb128 0x8
 1599 0096 3A       		.uleb128 0x3a
 1600 0097 0B       		.uleb128 0xb
 1601 0098 3B       		.uleb128 0x3b
 1602 0099 05       		.uleb128 0x5
 1603 009a 49       		.uleb128 0x49
 1604 009b 13       		.uleb128 0x13
 1605 009c 38       		.uleb128 0x38
 1606 009d 0A       		.uleb128 0xa
 1607 009e 00       		.byte	0
 1608 009f 00       		.byte	0
 1609 00a0 0D       		.uleb128 0xd
 1610 00a1 35       		.uleb128 0x35
 1611 00a2 00       		.byte	0
 1612 00a3 49       		.uleb128 0x49
 1613 00a4 13       		.uleb128 0x13
 1614 00a5 00       		.byte	0
 1615 00a6 00       		.byte	0
 1616 00a7 0E       		.uleb128 0xe
 1617 00a8 15       		.uleb128 0x15
 1618 00a9 01       		.byte	0x1
 1619 00aa 27       		.uleb128 0x27
 1620 00ab 0C       		.uleb128 0xc
 1621 00ac 49       		.uleb128 0x49
 1622 00ad 13       		.uleb128 0x13
 1623 00ae 01       		.uleb128 0x1
 1624 00af 13       		.uleb128 0x13
 1625 00b0 00       		.byte	0
 1626 00b1 00       		.byte	0
 1627 00b2 0F       		.uleb128 0xf
 1628 00b3 05       		.uleb128 0x5
 1629 00b4 00       		.byte	0
 1630 00b5 49       		.uleb128 0x49
 1631 00b6 13       		.uleb128 0x13
 1632 00b7 00       		.byte	0
 1633 00b8 00       		.byte	0
 1634 00b9 10       		.uleb128 0x10
 1635 00ba 17       		.uleb128 0x17
 1636 00bb 01       		.byte	0x1
 1637 00bc 0B       		.uleb128 0xb
ARM GAS  /tmp/cc7BUslz.s 			page 30


 1638 00bd 0B       		.uleb128 0xb
 1639 00be 3A       		.uleb128 0x3a
 1640 00bf 0B       		.uleb128 0xb
 1641 00c0 3B       		.uleb128 0x3b
 1642 00c1 0B       		.uleb128 0xb
 1643 00c2 01       		.uleb128 0x1
 1644 00c3 13       		.uleb128 0x13
 1645 00c4 00       		.byte	0
 1646 00c5 00       		.byte	0
 1647 00c6 11       		.uleb128 0x11
 1648 00c7 0D       		.uleb128 0xd
 1649 00c8 00       		.byte	0
 1650 00c9 03       		.uleb128 0x3
 1651 00ca 0E       		.uleb128 0xe
 1652 00cb 3A       		.uleb128 0x3a
 1653 00cc 0B       		.uleb128 0xb
 1654 00cd 3B       		.uleb128 0x3b
 1655 00ce 0B       		.uleb128 0xb
 1656 00cf 49       		.uleb128 0x49
 1657 00d0 13       		.uleb128 0x13
 1658 00d1 00       		.byte	0
 1659 00d2 00       		.byte	0
 1660 00d3 12       		.uleb128 0x12
 1661 00d4 17       		.uleb128 0x17
 1662 00d5 01       		.byte	0x1
 1663 00d6 03       		.uleb128 0x3
 1664 00d7 0E       		.uleb128 0xe
 1665 00d8 0B       		.uleb128 0xb
 1666 00d9 0B       		.uleb128 0xb
 1667 00da 3A       		.uleb128 0x3a
 1668 00db 0B       		.uleb128 0xb
 1669 00dc 3B       		.uleb128 0x3b
 1670 00dd 0B       		.uleb128 0xb
 1671 00de 01       		.uleb128 0x1
 1672 00df 13       		.uleb128 0x13
 1673 00e0 00       		.byte	0
 1674 00e1 00       		.byte	0
 1675 00e2 13       		.uleb128 0x13
 1676 00e3 0D       		.uleb128 0xd
 1677 00e4 00       		.byte	0
 1678 00e5 03       		.uleb128 0x3
 1679 00e6 08       		.uleb128 0x8
 1680 00e7 3A       		.uleb128 0x3a
 1681 00e8 0B       		.uleb128 0xb
 1682 00e9 3B       		.uleb128 0x3b
 1683 00ea 0B       		.uleb128 0xb
 1684 00eb 49       		.uleb128 0x49
 1685 00ec 13       		.uleb128 0x13
 1686 00ed 00       		.byte	0
 1687 00ee 00       		.byte	0
 1688 00ef 14       		.uleb128 0x14
 1689 00f0 26       		.uleb128 0x26
 1690 00f1 00       		.byte	0
 1691 00f2 49       		.uleb128 0x49
 1692 00f3 13       		.uleb128 0x13
 1693 00f4 00       		.byte	0
 1694 00f5 00       		.byte	0
ARM GAS  /tmp/cc7BUslz.s 			page 31


 1695 00f6 15       		.uleb128 0x15
 1696 00f7 2E       		.uleb128 0x2e
 1697 00f8 01       		.byte	0x1
 1698 00f9 3F       		.uleb128 0x3f
 1699 00fa 0C       		.uleb128 0xc
 1700 00fb 03       		.uleb128 0x3
 1701 00fc 0E       		.uleb128 0xe
 1702 00fd 3A       		.uleb128 0x3a
 1703 00fe 0B       		.uleb128 0xb
 1704 00ff 3B       		.uleb128 0x3b
 1705 0100 0B       		.uleb128 0xb
 1706 0101 27       		.uleb128 0x27
 1707 0102 0C       		.uleb128 0xc
 1708 0103 49       		.uleb128 0x49
 1709 0104 13       		.uleb128 0x13
 1710 0105 11       		.uleb128 0x11
 1711 0106 01       		.uleb128 0x1
 1712 0107 12       		.uleb128 0x12
 1713 0108 01       		.uleb128 0x1
 1714 0109 40       		.uleb128 0x40
 1715 010a 06       		.uleb128 0x6
 1716 010b 9642     		.uleb128 0x2116
 1717 010d 0C       		.uleb128 0xc
 1718 010e 01       		.uleb128 0x1
 1719 010f 13       		.uleb128 0x13
 1720 0110 00       		.byte	0
 1721 0111 00       		.byte	0
 1722 0112 16       		.uleb128 0x16
 1723 0113 05       		.uleb128 0x5
 1724 0114 00       		.byte	0
 1725 0115 03       		.uleb128 0x3
 1726 0116 08       		.uleb128 0x8
 1727 0117 3A       		.uleb128 0x3a
 1728 0118 0B       		.uleb128 0xb
 1729 0119 3B       		.uleb128 0x3b
 1730 011a 0B       		.uleb128 0xb
 1731 011b 49       		.uleb128 0x49
 1732 011c 13       		.uleb128 0x13
 1733 011d 02       		.uleb128 0x2
 1734 011e 0A       		.uleb128 0xa
 1735 011f 00       		.byte	0
 1736 0120 00       		.byte	0
 1737 0121 17       		.uleb128 0x17
 1738 0122 0B       		.uleb128 0xb
 1739 0123 01       		.byte	0x1
 1740 0124 11       		.uleb128 0x11
 1741 0125 01       		.uleb128 0x1
 1742 0126 12       		.uleb128 0x12
 1743 0127 01       		.uleb128 0x1
 1744 0128 01       		.uleb128 0x1
 1745 0129 13       		.uleb128 0x13
 1746 012a 00       		.byte	0
 1747 012b 00       		.byte	0
 1748 012c 18       		.uleb128 0x18
 1749 012d 34       		.uleb128 0x34
 1750 012e 00       		.byte	0
 1751 012f 03       		.uleb128 0x3
ARM GAS  /tmp/cc7BUslz.s 			page 32


 1752 0130 08       		.uleb128 0x8
 1753 0131 3A       		.uleb128 0x3a
 1754 0132 0B       		.uleb128 0xb
 1755 0133 3B       		.uleb128 0x3b
 1756 0134 0B       		.uleb128 0xb
 1757 0135 49       		.uleb128 0x49
 1758 0136 13       		.uleb128 0x13
 1759 0137 02       		.uleb128 0x2
 1760 0138 0A       		.uleb128 0xa
 1761 0139 00       		.byte	0
 1762 013a 00       		.byte	0
 1763 013b 19       		.uleb128 0x19
 1764 013c 0B       		.uleb128 0xb
 1765 013d 01       		.byte	0x1
 1766 013e 11       		.uleb128 0x11
 1767 013f 01       		.uleb128 0x1
 1768 0140 12       		.uleb128 0x12
 1769 0141 01       		.uleb128 0x1
 1770 0142 00       		.byte	0
 1771 0143 00       		.byte	0
 1772 0144 1A       		.uleb128 0x1a
 1773 0145 2E       		.uleb128 0x2e
 1774 0146 01       		.byte	0x1
 1775 0147 3F       		.uleb128 0x3f
 1776 0148 0C       		.uleb128 0xc
 1777 0149 03       		.uleb128 0x3
 1778 014a 0E       		.uleb128 0xe
 1779 014b 3A       		.uleb128 0x3a
 1780 014c 0B       		.uleb128 0xb
 1781 014d 3B       		.uleb128 0x3b
 1782 014e 0B       		.uleb128 0xb
 1783 014f 27       		.uleb128 0x27
 1784 0150 0C       		.uleb128 0xc
 1785 0151 11       		.uleb128 0x11
 1786 0152 01       		.uleb128 0x1
 1787 0153 12       		.uleb128 0x12
 1788 0154 01       		.uleb128 0x1
 1789 0155 40       		.uleb128 0x40
 1790 0156 06       		.uleb128 0x6
 1791 0157 9642     		.uleb128 0x2116
 1792 0159 0C       		.uleb128 0xc
 1793 015a 01       		.uleb128 0x1
 1794 015b 13       		.uleb128 0x13
 1795 015c 00       		.byte	0
 1796 015d 00       		.byte	0
 1797 015e 1B       		.uleb128 0x1b
 1798 015f 34       		.uleb128 0x34
 1799 0160 00       		.byte	0
 1800 0161 03       		.uleb128 0x3
 1801 0162 0E       		.uleb128 0xe
 1802 0163 3A       		.uleb128 0x3a
 1803 0164 0B       		.uleb128 0xb
 1804 0165 3B       		.uleb128 0x3b
 1805 0166 0B       		.uleb128 0xb
 1806 0167 49       		.uleb128 0x49
 1807 0168 13       		.uleb128 0x13
 1808 0169 02       		.uleb128 0x2
ARM GAS  /tmp/cc7BUslz.s 			page 33


 1809 016a 0A       		.uleb128 0xa
 1810 016b 00       		.byte	0
 1811 016c 00       		.byte	0
 1812 016d 1C       		.uleb128 0x1c
 1813 016e 05       		.uleb128 0x5
 1814 016f 00       		.byte	0
 1815 0170 03       		.uleb128 0x3
 1816 0171 0E       		.uleb128 0xe
 1817 0172 3A       		.uleb128 0x3a
 1818 0173 0B       		.uleb128 0xb
 1819 0174 3B       		.uleb128 0x3b
 1820 0175 0B       		.uleb128 0xb
 1821 0176 49       		.uleb128 0x49
 1822 0177 13       		.uleb128 0x13
 1823 0178 02       		.uleb128 0x2
 1824 0179 0A       		.uleb128 0xa
 1825 017a 00       		.byte	0
 1826 017b 00       		.byte	0
 1827 017c 00       		.byte	0
 1828              		.section	.debug_loc,"",%progbits
 1829              	.Ldebug_loc0:
 1830              	.LLST0:
 1831 0000 00000000 		.4byte	.LFB7
 1832 0004 02000000 		.4byte	.LCFI0
 1833 0008 0200     		.2byte	0x2
 1834 000a 7D       		.byte	0x7d
 1835 000b 00       		.sleb128 0
 1836 000c 02000000 		.4byte	.LCFI0
 1837 0010 04000000 		.4byte	.LCFI1
 1838 0014 0200     		.2byte	0x2
 1839 0016 7D       		.byte	0x7d
 1840 0017 04       		.sleb128 4
 1841 0018 04000000 		.4byte	.LCFI1
 1842 001c 4E000000 		.4byte	.LFE7
 1843 0020 0200     		.2byte	0x2
 1844 0022 7D       		.byte	0x7d
 1845 0023 10       		.sleb128 16
 1846 0024 00000000 		.4byte	0
 1847 0028 00000000 		.4byte	0
 1848              	.LLST1:
 1849 002c 00000000 		.4byte	.LFB8
 1850 0030 02000000 		.4byte	.LCFI2
 1851 0034 0200     		.2byte	0x2
 1852 0036 7D       		.byte	0x7d
 1853 0037 00       		.sleb128 0
 1854 0038 02000000 		.4byte	.LCFI2
 1855 003c 04000000 		.4byte	.LCFI3
 1856 0040 0200     		.2byte	0x2
 1857 0042 7D       		.byte	0x7d
 1858 0043 04       		.sleb128 4
 1859 0044 04000000 		.4byte	.LCFI3
 1860 0048 B8000000 		.4byte	.LFE8
 1861 004c 0200     		.2byte	0x2
 1862 004e 7D       		.byte	0x7d
 1863 004f 18       		.sleb128 24
 1864 0050 00000000 		.4byte	0
 1865 0054 00000000 		.4byte	0
ARM GAS  /tmp/cc7BUslz.s 			page 34


 1866              	.LLST2:
 1867 0058 00000000 		.4byte	.LFB9
 1868 005c 02000000 		.4byte	.LCFI4
 1869 0060 0200     		.2byte	0x2
 1870 0062 7D       		.byte	0x7d
 1871 0063 00       		.sleb128 0
 1872 0064 02000000 		.4byte	.LCFI4
 1873 0068 04000000 		.4byte	.LCFI5
 1874 006c 0200     		.2byte	0x2
 1875 006e 7D       		.byte	0x7d
 1876 006f 04       		.sleb128 4
 1877 0070 04000000 		.4byte	.LCFI5
 1878 0074 92000000 		.4byte	.LFE9
 1879 0078 0200     		.2byte	0x2
 1880 007a 7D       		.byte	0x7d
 1881 007b 28       		.sleb128 40
 1882 007c 00000000 		.4byte	0
 1883 0080 00000000 		.4byte	0
 1884              	.LLST3:
 1885 0084 00000000 		.4byte	.LFB10
 1886 0088 02000000 		.4byte	.LCFI6
 1887 008c 0200     		.2byte	0x2
 1888 008e 7D       		.byte	0x7d
 1889 008f 00       		.sleb128 0
 1890 0090 02000000 		.4byte	.LCFI6
 1891 0094 04000000 		.4byte	.LCFI7
 1892 0098 0200     		.2byte	0x2
 1893 009a 7D       		.byte	0x7d
 1894 009b 04       		.sleb128 4
 1895 009c 04000000 		.4byte	.LCFI7
 1896 00a0 AE000000 		.4byte	.LFE10
 1897 00a4 0200     		.2byte	0x2
 1898 00a6 7D       		.byte	0x7d
 1899 00a7 28       		.sleb128 40
 1900 00a8 00000000 		.4byte	0
 1901 00ac 00000000 		.4byte	0
 1902              		.section	.debug_aranges,"",%progbits
 1903 0000 34000000 		.4byte	0x34
 1904 0004 0200     		.2byte	0x2
 1905 0006 00000000 		.4byte	.Ldebug_info0
 1906 000a 04       		.byte	0x4
 1907 000b 00       		.byte	0
 1908 000c 0000     		.2byte	0
 1909 000e 0000     		.2byte	0
 1910 0010 00000000 		.4byte	.LFB7
 1911 0014 4E000000 		.4byte	.LFE7-.LFB7
 1912 0018 00000000 		.4byte	.LFB8
 1913 001c B8000000 		.4byte	.LFE8-.LFB8
 1914 0020 00000000 		.4byte	.LFB9
 1915 0024 92000000 		.4byte	.LFE9-.LFB9
 1916 0028 00000000 		.4byte	.LFB10
 1917 002c AE000000 		.4byte	.LFE10-.LFB10
 1918 0030 00000000 		.4byte	0
 1919 0034 00000000 		.4byte	0
 1920              		.section	.debug_ranges,"",%progbits
 1921              	.Ldebug_ranges0:
 1922 0000 00000000 		.4byte	.LFB7
ARM GAS  /tmp/cc7BUslz.s 			page 35


 1923 0004 4E000000 		.4byte	.LFE7
 1924 0008 00000000 		.4byte	.LFB8
 1925 000c B8000000 		.4byte	.LFE8
 1926 0010 00000000 		.4byte	.LFB9
 1927 0014 92000000 		.4byte	.LFE9
 1928 0018 00000000 		.4byte	.LFB10
 1929 001c AE000000 		.4byte	.LFE10
 1930 0020 00000000 		.4byte	0
 1931 0024 00000000 		.4byte	0
 1932              		.section	.debug_line,"",%progbits
 1933              	.Ldebug_line0:
 1934 0000 F9010000 		.section	.debug_str,"MS",%progbits,1
 1934      02006901 
 1934      00000201 
 1934      FB0E0D00 
 1934      01010101 
 1935              	.LASF76:
 1936 0000 7466756E 		.ascii	"tfunc_t\000"
 1936      635F7400 
 1937              	.LASF39:
 1938 0008 705F6D73 		.ascii	"p_msg\000"
 1938      6700
 1939              	.LASF84:
 1940 000e 2E2E2F2E 		.ascii	"../../os/kernel/src/chdynamic.c\000"
 1940      2E2F6F73 
 1940      2F6B6572 
 1940      6E656C2F 
 1940      7372632F 
 1941              	.LASF2:
 1942 002e 73697A65 		.ascii	"size_t\000"
 1942      5F7400
 1943              	.LASF71:
 1944 0035 7264796D 		.ascii	"rdymsg\000"
 1944      736700
 1945              	.LASF12:
 1946 003c 75696E74 		.ascii	"uint64_t\000"
 1946      36345F74 
 1946      00
 1947              	.LASF70:
 1948 0045 4D656D6F 		.ascii	"MemoryPool\000"
 1948      7279506F 
 1948      6F6C00
 1949              	.LASF55:
 1950 0050 6D656D67 		.ascii	"memgetfunc_t\000"
 1950      65746675 
 1950      6E635F74 
 1950      00
 1951              	.LASF13:
 1952 005d 6C6F6E67 		.ascii	"long long unsigned int\000"
 1952      206C6F6E 
 1952      6720756E 
 1952      7369676E 
 1952      65642069 
 1953              	.LASF72:
 1954 0074 65786974 		.ascii	"exitcode\000"
 1954      636F6465 
 1954      00
ARM GAS  /tmp/cc7BUslz.s 			page 36


 1955              	.LASF59:
 1956 007d 685F6672 		.ascii	"h_free\000"
 1956      656500
 1957              	.LASF80:
 1958 0084 68656170 		.ascii	"heapp\000"
 1958      7000
 1959              	.LASF61:
 1960 008a 6E657874 		.ascii	"next\000"
 1960      00
 1961              	.LASF26:
 1962 008f 705F7072 		.ascii	"p_prio\000"
 1962      696F00
 1963              	.LASF11:
 1964 0096 6C6F6E67 		.ascii	"long long int\000"
 1964      206C6F6E 
 1964      6720696E 
 1964      7400
 1965              	.LASF1:
 1966 00a4 7369676E 		.ascii	"signed char\000"
 1966      65642063 
 1966      68617200 
 1967              	.LASF60:
 1968 00b0 685F6D74 		.ascii	"h_mtx\000"
 1968      7800
 1969              	.LASF43:
 1970 00b6 705F6D70 		.ascii	"p_mpool\000"
 1970      6F6F6C00 
 1971              	.LASF52:
 1972 00be 6D5F7175 		.ascii	"m_queue\000"
 1972      65756500 
 1973              	.LASF18:
 1974 00c6 74736C69 		.ascii	"tslices_t\000"
 1974      6365735F 
 1974      7400
 1975              	.LASF8:
 1976 00d0 6C6F6E67 		.ascii	"long int\000"
 1976      20696E74 
 1976      00
 1977              	.LASF79:
 1978 00d9 63685468 		.ascii	"chThdCreateFromHeap\000"
 1978      64437265 
 1978      61746546 
 1978      726F6D48 
 1978      65617000 
 1979              	.LASF16:
 1980 00ed 74737461 		.ascii	"tstate_t\000"
 1980      74655F74 
 1980      00
 1981              	.LASF67:
 1982 00f6 6D705F6E 		.ascii	"mp_next\000"
 1982      65787400 
 1983              	.LASF28:
 1984 00fe 705F6E65 		.ascii	"p_newer\000"
 1984      77657200 
 1985              	.LASF82:
 1986 0106 63685468 		.ascii	"chThdCreateFromMemoryPool\000"
 1986      64437265 
ARM GAS  /tmp/cc7BUslz.s 			page 37


 1986      61746546 
 1986      726F6D4D 
 1986      656D6F72 
 1987              	.LASF69:
 1988 0120 6D705F70 		.ascii	"mp_provider\000"
 1988      726F7669 
 1988      64657200 
 1989              	.LASF46:
 1990 012c 72656761 		.ascii	"regarm_t\000"
 1990      726D5F74 
 1990      00
 1991              	.LASF63:
 1992 0135 616C6967 		.ascii	"align\000"
 1992      6E00
 1993              	.LASF31:
 1994 013b 705F7374 		.ascii	"p_stklimit\000"
 1994      6B6C696D 
 1994      697400
 1995              	.LASF0:
 1996 0146 756E7369 		.ascii	"unsigned int\000"
 1996      676E6564 
 1996      20696E74 
 1996      00
 1997              	.LASF10:
 1998 0153 6C6F6E67 		.ascii	"long unsigned int\000"
 1998      20756E73 
 1998      69676E65 
 1998      6420696E 
 1998      7400
 1999              	.LASF49:
 2000 0165 636F6E74 		.ascii	"context\000"
 2000      65787400 
 2001              	.LASF64:
 2002 016d 73697A65 		.ascii	"size\000"
 2002      00
 2003              	.LASF6:
 2004 0172 73686F72 		.ascii	"short unsigned int\000"
 2004      7420756E 
 2004      7369676E 
 2004      65642069 
 2004      6E7400
 2005              	.LASF20:
 2006 0185 6D73675F 		.ascii	"msg_t\000"
 2006      7400
 2007              	.LASF15:
 2008 018b 746D6F64 		.ascii	"tmode_t\000"
 2008      655F7400 
 2009              	.LASF45:
 2010 0193 54687265 		.ascii	"ThreadsList\000"
 2010      6164734C 
 2010      69737400 
 2011              	.LASF21:
 2012 019f 6576656E 		.ascii	"eventmask_t\000"
 2012      746D6173 
 2012      6B5F7400 
 2013              	.LASF51:
 2014 01ab 4D757465 		.ascii	"Mutex\000"
ARM GAS  /tmp/cc7BUslz.s 			page 38


 2014      7800
 2015              	.LASF83:
 2016 01b1 474E5520 		.ascii	"GNU C 4.7.4 20130613 (release) [ARM/embedded-4_7-br"
 2016      4320342E 
 2016      372E3420 
 2016      32303133 
 2016      30363133 
 2017 01e4 616E6368 		.ascii	"anch revision 200083]\000"
 2017      20726576 
 2017      6973696F 
 2017      6E203230 
 2017      30303833 
 2018              	.LASF47:
 2019 01fa 73746B61 		.ascii	"stkalign_t\000"
 2019      6C69676E 
 2019      5F7400
 2020              	.LASF50:
 2021 0205 73697A65 		.ascii	"sizetype\000"
 2021      74797065 
 2021      00
 2022              	.LASF29:
 2023 020e 705F6F6C 		.ascii	"p_older\000"
 2023      64657200 
 2024              	.LASF85:
 2025 0216 2F686F6D 		.ascii	"/home/witold/Dokumenty/arm/ChibiOS-master/demos/dis"
 2025      652F7769 
 2025      746F6C64 
 2025      2F446F6B 
 2025      756D656E 
 2026 0249 636F7665 		.ascii	"covery_1wire\000"
 2026      72795F31 
 2026      77697265 
 2026      00
 2027              	.LASF44:
 2028 0256 54687265 		.ascii	"ThreadsQueue\000"
 2028      61647351 
 2028      75657565 
 2028      00
 2029              	.LASF68:
 2030 0263 6D705F6F 		.ascii	"mp_object_size\000"
 2030      626A6563 
 2030      745F7369 
 2030      7A6500
 2031              	.LASF81:
 2032 0272 7072696F 		.ascii	"prio\000"
 2032      00
 2033              	.LASF56:
 2034 0277 4D656D6F 		.ascii	"MemoryHeap\000"
 2034      72794865 
 2034      617000
 2035              	.LASF66:
 2036 0282 70685F6E 		.ascii	"ph_next\000"
 2036      65787400 
 2037              	.LASF17:
 2038 028a 74726566 		.ascii	"trefs_t\000"
 2038      735F7400 
 2039              	.LASF77:
ARM GAS  /tmp/cc7BUslz.s 			page 39


 2040 0292 72656673 		.ascii	"refs\000"
 2040      00
 2041              	.LASF25:
 2042 0297 705F7072 		.ascii	"p_prev\000"
 2042      657600
 2043              	.LASF19:
 2044 029e 74707269 		.ascii	"tprio_t\000"
 2044      6F5F7400 
 2045              	.LASF14:
 2046 02a6 5F426F6F 		.ascii	"_Bool\000"
 2046      6C00
 2047              	.LASF7:
 2048 02ac 696E7433 		.ascii	"int32_t\000"
 2048      325F7400 
 2049              	.LASF4:
 2050 02b4 756E7369 		.ascii	"unsigned char\000"
 2050      676E6564 
 2050      20636861 
 2050      7200
 2051              	.LASF58:
 2052 02c2 685F7072 		.ascii	"h_provider\000"
 2052      6F766964 
 2052      657200
 2053              	.LASF41:
 2054 02cd 705F6D74 		.ascii	"p_mtxlist\000"
 2054      786C6973 
 2054      7400
 2055              	.LASF5:
 2056 02d7 73686F72 		.ascii	"short int\000"
 2056      7420696E 
 2056      7400
 2057              	.LASF32:
 2058 02e1 705F7374 		.ascii	"p_state\000"
 2058      61746500 
 2059              	.LASF35:
 2060 02e9 705F7072 		.ascii	"p_preempt\000"
 2060      65656D70 
 2060      7400
 2061              	.LASF86:
 2062 02f3 68656170 		.ascii	"heap_header\000"
 2062      5F686561 
 2062      64657200 
 2063              	.LASF74:
 2064 02ff 65776D61 		.ascii	"ewmask\000"
 2064      736B00
 2065              	.LASF24:
 2066 0306 705F6E65 		.ascii	"p_next\000"
 2066      787400
 2067              	.LASF33:
 2068 030d 705F666C 		.ascii	"p_flags\000"
 2068      61677300 
 2069              	.LASF87:
 2070 0315 63685468 		.ascii	"chThdRelease\000"
 2070      6452656C 
 2070      65617365 
 2070      00
 2071              	.LASF23:
ARM GAS  /tmp/cc7BUslz.s 			page 40


 2072 0322 54687265 		.ascii	"Thread\000"
 2072      616400
 2073              	.LASF40:
 2074 0329 705F6570 		.ascii	"p_epending\000"
 2074      656E6469 
 2074      6E6700
 2075              	.LASF9:
 2076 0334 75696E74 		.ascii	"uint32_t\000"
 2076      33325F74 
 2076      00
 2077              	.LASF62:
 2078 033d 68656170 		.ascii	"heap\000"
 2078      00
 2079              	.LASF75:
 2080 0342 63686172 		.ascii	"char\000"
 2080      00
 2081              	.LASF54:
 2082 0347 6D5F6E65 		.ascii	"m_next\000"
 2082      787400
 2083              	.LASF22:
 2084 034e 73797374 		.ascii	"systime_t\000"
 2084      696D655F 
 2084      7400
 2085              	.LASF42:
 2086 0358 705F7265 		.ascii	"p_realprio\000"
 2086      616C7072 
 2086      696F00
 2087              	.LASF78:
 2088 0363 63685468 		.ascii	"chThdAddRef\000"
 2088      64416464 
 2088      52656600 
 2089              	.LASF36:
 2090 036f 705F7469 		.ascii	"p_time\000"
 2090      6D6500
 2091              	.LASF48:
 2092 0376 696E7463 		.ascii	"intctx\000"
 2092      747800
 2093              	.LASF38:
 2094 037d 705F6D73 		.ascii	"p_msgqueue\000"
 2094      67717565 
 2094      756500
 2095              	.LASF65:
 2096 0388 706F6F6C 		.ascii	"pool_header\000"
 2096      5F686561 
 2096      64657200 
 2097              	.LASF34:
 2098 0394 705F7265 		.ascii	"p_refs\000"
 2098      667300
 2099              	.LASF3:
 2100 039b 75696E74 		.ascii	"uint8_t\000"
 2100      385F7400 
 2101              	.LASF73:
 2102 03a3 77746F62 		.ascii	"wtobjp\000"
 2102      6A7000
 2103              	.LASF30:
 2104 03aa 705F6E61 		.ascii	"p_name\000"
 2104      6D6500
ARM GAS  /tmp/cc7BUslz.s 			page 41


 2105              	.LASF53:
 2106 03b1 6D5F6F77 		.ascii	"m_owner\000"
 2106      6E657200 
 2107              	.LASF27:
 2108 03b9 705F6374 		.ascii	"p_ctx\000"
 2108      7800
 2109              	.LASF37:
 2110 03bf 705F7761 		.ascii	"p_waiting\000"
 2110      6974696E 
 2110      6700
 2111              	.LASF57:
 2112 03c9 6D656D6F 		.ascii	"memory_heap\000"
 2112      72795F68 
 2112      65617000 
 2113              		.ident	"GCC: (GNU Tools for ARM Embedded Processors) 4.7.4 20130613 (release) [ARM/embedded-4_7-br
ARM GAS  /tmp/cc7BUslz.s 			page 42


DEFINED SYMBOLS
                            *ABS*:00000000 chdynamic.c
     /tmp/cc7BUslz.s:19     .rodata:00000000 $d
     /tmp/cc7BUslz.s:20     .rodata:00000000 .LC0
     /tmp/cc7BUslz.s:23     .text.chThdAddRef:00000000 $t
     /tmp/cc7BUslz.s:29     .text.chThdAddRef:00000000 chThdAddRef
     /tmp/cc7BUslz.s:90     .rodata:00000014 .LC1
     /tmp/cc7BUslz.s:93     .text.chThdRelease:00000000 $t
     /tmp/cc7BUslz.s:99     .text.chThdRelease:00000000 chThdRelease
     /tmp/cc7BUslz.s:214    .text.chThdCreateFromHeap:00000000 $t
     /tmp/cc7BUslz.s:220    .text.chThdCreateFromHeap:00000000 chThdCreateFromHeap
     /tmp/cc7BUslz.s:314    .rodata:00000028 .LC2
     /tmp/cc7BUslz.s:317    .text.chThdCreateFromMemoryPool:00000000 $t
     /tmp/cc7BUslz.s:323    .text.chThdCreateFromMemoryPool:00000000 chThdCreateFromMemoryPool
                     .debug_frame:00000010 $d

UNDEFINED SYMBOLS
dbg_check_lock
chDbgPanic
dbg_check_unlock
chHeapFree
chPoolFree
chHeapAlloc
_thread_memfill
chThdCreateI
chSchWakeupS
chPoolAlloc
