ARM GAS  /tmp/ccn9mawf.s 			page 1


   1              		.syntax unified
   2              		.cpu cortex-m4
   3              		.fpu softvfp
   4              		.eabi_attribute 20, 1
   5              		.eabi_attribute 21, 1
   6              		.eabi_attribute 23, 3
   7              		.eabi_attribute 24, 1
   8              		.eabi_attribute 25, 1
   9              		.eabi_attribute 26, 1
  10              		.eabi_attribute 30, 6
  11              		.eabi_attribute 34, 1
  12              		.eabi_attribute 18, 4
  13              		.thumb
  14              		.file	"chheap.c"
  15              		.text
  16              	.Ltext0:
  17              		.cfi_sections	.debug_frame
  18              		.section	.bss.default_heap,"aw",%nobits
  19              		.align	3
  20              		.type	default_heap, %object
  21              		.size	default_heap, 32
  22              	default_heap:
  23 0000 00000000 		.space	32
  23      00000000 
  23      00000000 
  23      00000000 
  23      00000000 
  24              		.section	.text._heap_init,"ax",%progbits
  25              		.align	2
  26              		.p2align 4,,15
  27              		.global	_heap_init
  28              		.thumb
  29              		.thumb_func
  30              		.type	_heap_init, %function
  31              	_heap_init:
  32              	.LFB7:
  33              		.file 1 "../../os/kernel/src/chheap.c"
  34              		.loc 1 68 0
  35              		.cfi_startproc
  36              		@ args = 0, pretend = 0, frame = 0
  37              		@ frame_needed = 0, uses_anonymous_args = 0
  38 0000 08B5     		push	{r3, lr}
  39              	.LCFI0:
  40              		.cfi_def_cfa_offset 8
  41              		.cfi_offset 3, -8
  42              		.cfi_offset 14, -4
  43              		.loc 1 69 0
  44 0002 40F20003 		movw	r3, #:lower16:default_heap
  45 0006 C0F20003 		movt	r3, #:upper16:default_heap
  46 000a 40F20002 		movw	r2, #:lower16:chCoreAlloc
  47 000e C0F20002 		movt	r2, #:upper16:chCoreAlloc
  48 0012 1A60     		str	r2, [r3, #0]
  49              		.loc 1 70 0
  50 0014 40F20003 		movw	r3, #:lower16:default_heap
  51 0018 C0F20003 		movt	r3, #:upper16:default_heap
  52 001c 4FF00002 		mov	r2, #0
  53 0020 9A60     		str	r2, [r3, #8]
ARM GAS  /tmp/ccn9mawf.s 			page 2


  54              		.loc 1 71 0
  55 0022 40F20003 		movw	r3, #:lower16:default_heap
  56 0026 C0F20003 		movt	r3, #:upper16:default_heap
  57 002a 4FF00002 		mov	r2, #0
  58 002e DA60     		str	r2, [r3, #12]
  59              		.loc 1 73 0
  60 0030 0148     		ldr	r0, .L2
  61 0032 FFF7FEFF 		bl	chMtxInit
  62              		.loc 1 77 0
  63 0036 08BD     		pop	{r3, pc}
  64              	.L3:
  65              		.align	2
  66              	.L2:
  67 0038 10000000 		.word	default_heap+16
  68              		.cfi_endproc
  69              	.LFE7:
  70              		.size	_heap_init, .-_heap_init
  71 003c AFF30080 		.section	.rodata
  72              		.align	2
  73              	.LC0:
  74 0000 22636848 		.ascii	"\"chHeapInit\"()\000"
  74      65617049 
  74      6E697422 
  74      282900
  75              		.section	.text.chHeapInit,"ax",%progbits
  76              		.align	2
  77              		.p2align 4,,15
  78              		.global	chHeapInit
  79              		.thumb
  80              		.thumb_func
  81              		.type	chHeapInit, %function
  82              	chHeapInit:
  83              	.LFB8:
  84              		.loc 1 92 0
  85              		.cfi_startproc
  86              		@ args = 0, pretend = 0, frame = 24
  87              		@ frame_needed = 0, uses_anonymous_args = 0
  88 0000 00B5     		push	{lr}
  89              	.LCFI1:
  90              		.cfi_def_cfa_offset 4
  91              		.cfi_offset 14, -4
  92 0002 87B0     		sub	sp, sp, #28
  93              	.LCFI2:
  94              		.cfi_def_cfa_offset 32
  95 0004 0390     		str	r0, [sp, #12]
  96 0006 0291     		str	r1, [sp, #8]
  97 0008 0192     		str	r2, [sp, #4]
  98              		.loc 1 95 0
  99 000a 029B     		ldr	r3, [sp, #8]
 100 000c 03F00703 		and	r3, r3, #7
 101 0010 002B     		cmp	r3, #0
 102 0012 04D1     		bne	.L5
 103              		.loc 1 95 0 is_stmt 0 discriminator 2
 104 0014 019B     		ldr	r3, [sp, #4]
 105 0016 03F00703 		and	r3, r3, #7
 106 001a 002B     		cmp	r3, #0
 107 001c 05D0     		beq	.L6
ARM GAS  /tmp/ccn9mawf.s 			page 3


 108              	.L5:
 109              		.loc 1 95 0 discriminator 1
 110 001e 40F20000 		movw	r0, #:lower16:.LC0
 111 0022 C0F20000 		movt	r0, #:upper16:.LC0
 112 0026 FFF7FEFF 		bl	chDbgPanic
 113              	.L6:
 114              		.loc 1 97 0 is_stmt 1
 115 002a 039B     		ldr	r3, [sp, #12]
 116 002c 4FF00002 		mov	r2, #0
 117 0030 1A60     		str	r2, [r3, #0]
 118              		.loc 1 98 0
 119 0032 029B     		ldr	r3, [sp, #8]
 120 0034 0593     		str	r3, [sp, #20]
 121 0036 039B     		ldr	r3, [sp, #12]
 122 0038 059A     		ldr	r2, [sp, #20]
 123 003a 9A60     		str	r2, [r3, #8]
 124              		.loc 1 99 0
 125 003c 039B     		ldr	r3, [sp, #12]
 126 003e 4FF00002 		mov	r2, #0
 127 0042 DA60     		str	r2, [r3, #12]
 128              		.loc 1 100 0
 129 0044 059B     		ldr	r3, [sp, #20]
 130 0046 4FF00002 		mov	r2, #0
 131 004a 1A60     		str	r2, [r3, #0]
 132              		.loc 1 101 0
 133 004c 019B     		ldr	r3, [sp, #4]
 134 004e A3F10802 		sub	r2, r3, #8
 135 0052 059B     		ldr	r3, [sp, #20]
 136 0054 5A60     		str	r2, [r3, #4]
 137              		.loc 1 103 0
 138 0056 039B     		ldr	r3, [sp, #12]
 139 0058 03F11003 		add	r3, r3, #16
 140 005c 1846     		mov	r0, r3
 141 005e FFF7FEFF 		bl	chMtxInit
 142              		.loc 1 107 0
 143 0062 07B0     		add	sp, sp, #28
 144 0064 00BD     		pop	{pc}
 145              		.cfi_endproc
 146              	.LFE8:
 147              		.size	chHeapInit, .-chHeapInit
 148 0066 00BFAFF3 		.section	.text.chHeapAlloc,"ax",%progbits
 148      0080AFF3 
 148      0080
 149              		.align	2
 150              		.p2align 4,,15
 151              		.global	chHeapAlloc
 152              		.thumb
 153              		.thumb_func
 154              		.type	chHeapAlloc, %function
 155              	chHeapAlloc:
 156              	.LFB9:
 157              		.loc 1 125 0
 158              		.cfi_startproc
 159              		@ args = 0, pretend = 0, frame = 24
 160              		@ frame_needed = 0, uses_anonymous_args = 0
 161 0000 00B5     		push	{lr}
 162              	.LCFI3:
ARM GAS  /tmp/ccn9mawf.s 			page 4


 163              		.cfi_def_cfa_offset 4
 164              		.cfi_offset 14, -4
 165 0002 87B0     		sub	sp, sp, #28
 166              	.LCFI4:
 167              		.cfi_def_cfa_offset 32
 168 0004 0190     		str	r0, [sp, #4]
 169 0006 0091     		str	r1, [sp, #0]
 170              		.loc 1 128 0
 171 0008 019B     		ldr	r3, [sp, #4]
 172 000a 002B     		cmp	r3, #0
 173 000c 04D1     		bne	.L8
 174              		.loc 1 129 0
 175 000e 40F20003 		movw	r3, #:lower16:default_heap
 176 0012 C0F20003 		movt	r3, #:upper16:default_heap
 177 0016 0193     		str	r3, [sp, #4]
 178              	.L8:
 179              		.loc 1 131 0
 180 0018 009B     		ldr	r3, [sp, #0]
 181 001a 03F10703 		add	r3, r3, #7
 182 001e 23F00703 		bic	r3, r3, #7
 183 0022 0093     		str	r3, [sp, #0]
 184              		.loc 1 132 0
 185 0024 019B     		ldr	r3, [sp, #4]
 186 0026 03F10803 		add	r3, r3, #8
 187 002a 0593     		str	r3, [sp, #20]
 188              		.loc 1 133 0
 189 002c 019B     		ldr	r3, [sp, #4]
 190 002e 03F11003 		add	r3, r3, #16
 191 0032 1846     		mov	r0, r3
 192 0034 FFF7FEFF 		bl	chMtxLock
 193              		.loc 1 135 0
 194 0038 36E0     		b	.L9
 195              	.L14:
 196              		.loc 1 136 0
 197 003a 059B     		ldr	r3, [sp, #20]
 198 003c 1B68     		ldr	r3, [r3, #0]
 199 003e 0493     		str	r3, [sp, #16]
 200              		.loc 1 137 0
 201 0040 049B     		ldr	r3, [sp, #16]
 202 0042 5A68     		ldr	r2, [r3, #4]
 203 0044 009B     		ldr	r3, [sp, #0]
 204 0046 9A42     		cmp	r2, r3
 205 0048 2CD3     		bcc	.L10
 206              		.loc 1 138 0
 207 004a 049B     		ldr	r3, [sp, #16]
 208 004c 5A68     		ldr	r2, [r3, #4]
 209 004e 009B     		ldr	r3, [sp, #0]
 210 0050 03F10803 		add	r3, r3, #8
 211 0054 9A42     		cmp	r2, r3
 212 0056 04D2     		bcs	.L11
 213              		.loc 1 142 0
 214 0058 049B     		ldr	r3, [sp, #16]
 215 005a 1A68     		ldr	r2, [r3, #0]
 216 005c 059B     		ldr	r3, [sp, #20]
 217 005e 1A60     		str	r2, [r3, #0]
 218 0060 17E0     		b	.L12
 219              	.L11:
ARM GAS  /tmp/ccn9mawf.s 			page 5


 220              		.loc 1 146 0
 221 0062 009B     		ldr	r3, [sp, #0]
 222 0064 03F10803 		add	r3, r3, #8
 223 0068 049A     		ldr	r2, [sp, #16]
 224 006a D318     		adds	r3, r2, r3
 225 006c 0393     		str	r3, [sp, #12]
 226              		.loc 1 147 0
 227 006e 049B     		ldr	r3, [sp, #16]
 228 0070 1A68     		ldr	r2, [r3, #0]
 229 0072 039B     		ldr	r3, [sp, #12]
 230 0074 1A60     		str	r2, [r3, #0]
 231              		.loc 1 148 0
 232 0076 049B     		ldr	r3, [sp, #16]
 233 0078 5A68     		ldr	r2, [r3, #4]
 234 007a 009B     		ldr	r3, [sp, #0]
 235 007c D31A     		subs	r3, r2, r3
 236 007e A3F10802 		sub	r2, r3, #8
 237 0082 039B     		ldr	r3, [sp, #12]
 238 0084 5A60     		str	r2, [r3, #4]
 239              		.loc 1 149 0
 240 0086 059B     		ldr	r3, [sp, #20]
 241 0088 039A     		ldr	r2, [sp, #12]
 242 008a 1A60     		str	r2, [r3, #0]
 243              		.loc 1 150 0
 244 008c 049B     		ldr	r3, [sp, #16]
 245 008e 009A     		ldr	r2, [sp, #0]
 246 0090 5A60     		str	r2, [r3, #4]
 247              	.L12:
 248              		.loc 1 152 0
 249 0092 049B     		ldr	r3, [sp, #16]
 250 0094 019A     		ldr	r2, [sp, #4]
 251 0096 1A60     		str	r2, [r3, #0]
 252              		.loc 1 154 0
 253 0098 FFF7FEFF 		bl	chMtxUnlock
 254              		.loc 1 155 0
 255 009c 049B     		ldr	r3, [sp, #16]
 256 009e 03F10803 		add	r3, r3, #8
 257 00a2 24E0     		b	.L13
 258              	.L10:
 259              		.loc 1 157 0
 260 00a4 049B     		ldr	r3, [sp, #16]
 261 00a6 0593     		str	r3, [sp, #20]
 262              	.L9:
 263              		.loc 1 135 0 discriminator 1
 264 00a8 059B     		ldr	r3, [sp, #20]
 265 00aa 1B68     		ldr	r3, [r3, #0]
 266 00ac 002B     		cmp	r3, #0
 267 00ae C4D1     		bne	.L14
 268              		.loc 1 160 0
 269 00b0 FFF7FEFF 		bl	chMtxUnlock
 270              		.loc 1 164 0
 271 00b4 019B     		ldr	r3, [sp, #4]
 272 00b6 1B68     		ldr	r3, [r3, #0]
 273 00b8 002B     		cmp	r3, #0
 274 00ba 16D0     		beq	.L15
 275              		.loc 1 165 0
 276 00bc 019B     		ldr	r3, [sp, #4]
ARM GAS  /tmp/ccn9mawf.s 			page 6


 277 00be 1B68     		ldr	r3, [r3, #0]
 278 00c0 009A     		ldr	r2, [sp, #0]
 279 00c2 02F10802 		add	r2, r2, #8
 280 00c6 1046     		mov	r0, r2
 281 00c8 9847     		blx	r3
 282 00ca 0490     		str	r0, [sp, #16]
 283              		.loc 1 166 0
 284 00cc 049B     		ldr	r3, [sp, #16]
 285 00ce 002B     		cmp	r3, #0
 286 00d0 0BD0     		beq	.L15
 287              		.loc 1 167 0
 288 00d2 049B     		ldr	r3, [sp, #16]
 289 00d4 019A     		ldr	r2, [sp, #4]
 290 00d6 1A60     		str	r2, [r3, #0]
 291              		.loc 1 168 0
 292 00d8 049B     		ldr	r3, [sp, #16]
 293 00da 009A     		ldr	r2, [sp, #0]
 294 00dc 5A60     		str	r2, [r3, #4]
 295              		.loc 1 169 0
 296 00de 049B     		ldr	r3, [sp, #16]
 297 00e0 03F10803 		add	r3, r3, #8
 298 00e4 0493     		str	r3, [sp, #16]
 299              		.loc 1 170 0
 300 00e6 049B     		ldr	r3, [sp, #16]
 301 00e8 01E0     		b	.L13
 302              	.L15:
 303              		.loc 1 173 0
 304 00ea 4FF00003 		mov	r3, #0
 305              	.L13:
 306              		.loc 1 174 0
 307 00ee 1846     		mov	r0, r3
 308 00f0 07B0     		add	sp, sp, #28
 309 00f2 00BD     		pop	{pc}
 310              		.cfi_endproc
 311              	.LFE9:
 312              		.size	chHeapAlloc, .-chHeapAlloc
 313 00f4 AFF30080 		.section	.rodata
 313      AFF30080 
 313      AFF30080 
 314 000f 00       		.align	2
 315              	.LC1:
 316 0010 22636848 		.ascii	"\"chHeapFree\"()\000"
 316      65617046 
 316      72656522 
 316      282900
 317 001f 00       		.align	2
 318              	.LC2:
 319 0020 63684865 		.ascii	"chHeapFree(), #1\000"
 319      61704672 
 319      65652829 
 319      2C202331 
 319      00
 320 0031 000000   		.section	.text.chHeapFree,"ax",%progbits
 321              		.align	2
 322              		.p2align 4,,15
 323              		.global	chHeapFree
 324              		.thumb
ARM GAS  /tmp/ccn9mawf.s 			page 7


 325              		.thumb_func
 326              		.type	chHeapFree, %function
 327              	chHeapFree:
 328              	.LFB10:
 329              		.loc 1 187 0
 330              		.cfi_startproc
 331              		@ args = 0, pretend = 0, frame = 24
 332              		@ frame_needed = 0, uses_anonymous_args = 0
 333 0000 00B5     		push	{lr}
 334              	.LCFI5:
 335              		.cfi_def_cfa_offset 4
 336              		.cfi_offset 14, -4
 337 0002 87B0     		sub	sp, sp, #28
 338              	.LCFI6:
 339              		.cfi_def_cfa_offset 32
 340 0004 0190     		str	r0, [sp, #4]
 341              		.loc 1 191 0
 342 0006 019B     		ldr	r3, [sp, #4]
 343 0008 002B     		cmp	r3, #0
 344 000a 05D1     		bne	.L17
 345              		.loc 1 191 0 is_stmt 0 discriminator 1
 346 000c 40F20000 		movw	r0, #:lower16:.LC1
 347 0010 C0F20000 		movt	r0, #:upper16:.LC1
 348 0014 FFF7FEFF 		bl	chDbgPanic
 349              	.L17:
 350              		.loc 1 193 0 is_stmt 1
 351 0018 019B     		ldr	r3, [sp, #4]
 352 001a A3F10803 		sub	r3, r3, #8
 353 001e 0493     		str	r3, [sp, #16]
 354              		.loc 1 194 0
 355 0020 049B     		ldr	r3, [sp, #16]
 356 0022 1B68     		ldr	r3, [r3, #0]
 357 0024 0393     		str	r3, [sp, #12]
 358              		.loc 1 195 0
 359 0026 039B     		ldr	r3, [sp, #12]
 360 0028 03F10803 		add	r3, r3, #8
 361 002c 0593     		str	r3, [sp, #20]
 362              		.loc 1 196 0
 363 002e 039B     		ldr	r3, [sp, #12]
 364 0030 03F11003 		add	r3, r3, #16
 365 0034 1846     		mov	r0, r3
 366 0036 FFF7FEFF 		bl	chMtxLock
 367              	.L25:
 368              		.loc 1 199 0
 369 003a 049A     		ldr	r2, [sp, #16]
 370 003c 059B     		ldr	r3, [sp, #20]
 371 003e 9A42     		cmp	r2, r3
 372 0040 0ED3     		bcc	.L18
 373              		.loc 1 199 0 is_stmt 0 discriminator 1
 374 0042 059B     		ldr	r3, [sp, #20]
 375 0044 5B68     		ldr	r3, [r3, #4]
 376 0046 03F10803 		add	r3, r3, #8
 377 004a 059A     		ldr	r2, [sp, #20]
 378 004c D218     		adds	r2, r2, r3
 379 004e 049B     		ldr	r3, [sp, #16]
 380 0050 9A42     		cmp	r2, r3
 381 0052 05D9     		bls	.L18
ARM GAS  /tmp/ccn9mawf.s 			page 8


 382              		.loc 1 199 0 discriminator 2
 383 0054 40F20000 		movw	r0, #:lower16:.LC2
 384 0058 C0F20000 		movt	r0, #:upper16:.LC2
 385 005c FFF7FEFF 		bl	chDbgPanic
 386              	.L18:
 387              		.loc 1 203 0 is_stmt 1
 388 0060 039B     		ldr	r3, [sp, #12]
 389 0062 03F10802 		add	r2, r3, #8
 390 0066 059B     		ldr	r3, [sp, #20]
 391 0068 9A42     		cmp	r2, r3
 392 006a 03D0     		beq	.L19
 393              		.loc 1 203 0 is_stmt 0 discriminator 2
 394 006c 049A     		ldr	r2, [sp, #16]
 395 006e 059B     		ldr	r3, [sp, #20]
 396 0070 9A42     		cmp	r2, r3
 397 0072 3FD9     		bls	.L20
 398              	.L19:
 399              		.loc 1 204 0 is_stmt 1 discriminator 1
 400 0074 059B     		ldr	r3, [sp, #20]
 401 0076 1B68     		ldr	r3, [r3, #0]
 402              		.loc 1 203 0 discriminator 1
 403 0078 002B     		cmp	r3, #0
 404 007a 04D0     		beq	.L21
 405              		.loc 1 204 0
 406 007c 059B     		ldr	r3, [sp, #20]
 407 007e 1A68     		ldr	r2, [r3, #0]
 408 0080 049B     		ldr	r3, [sp, #16]
 409 0082 9A42     		cmp	r2, r3
 410 0084 36D9     		bls	.L20
 411              	.L21:
 412              		.loc 1 206 0
 413 0086 059B     		ldr	r3, [sp, #20]
 414 0088 1A68     		ldr	r2, [r3, #0]
 415 008a 049B     		ldr	r3, [sp, #16]
 416 008c 1A60     		str	r2, [r3, #0]
 417              		.loc 1 207 0
 418 008e 059B     		ldr	r3, [sp, #20]
 419 0090 049A     		ldr	r2, [sp, #16]
 420 0092 1A60     		str	r2, [r3, #0]
 421              		.loc 1 209 0
 422 0094 049B     		ldr	r3, [sp, #16]
 423 0096 5B68     		ldr	r3, [r3, #4]
 424 0098 03F10803 		add	r3, r3, #8
 425 009c 049A     		ldr	r2, [sp, #16]
 426 009e D218     		adds	r2, r2, r3
 427 00a0 049B     		ldr	r3, [sp, #16]
 428 00a2 1B68     		ldr	r3, [r3, #0]
 429 00a4 9A42     		cmp	r2, r3
 430 00a6 0ED1     		bne	.L22
 431              		.loc 1 211 0
 432 00a8 049B     		ldr	r3, [sp, #16]
 433 00aa 5A68     		ldr	r2, [r3, #4]
 434 00ac 049B     		ldr	r3, [sp, #16]
 435 00ae 1B68     		ldr	r3, [r3, #0]
 436 00b0 5B68     		ldr	r3, [r3, #4]
 437 00b2 D318     		adds	r3, r2, r3
 438 00b4 03F10802 		add	r2, r3, #8
ARM GAS  /tmp/ccn9mawf.s 			page 9


 439 00b8 049B     		ldr	r3, [sp, #16]
 440 00ba 5A60     		str	r2, [r3, #4]
 441              		.loc 1 212 0
 442 00bc 049B     		ldr	r3, [sp, #16]
 443 00be 1B68     		ldr	r3, [r3, #0]
 444 00c0 1A68     		ldr	r2, [r3, #0]
 445 00c2 049B     		ldr	r3, [sp, #16]
 446 00c4 1A60     		str	r2, [r3, #0]
 447              	.L22:
 448              		.loc 1 214 0
 449 00c6 059B     		ldr	r3, [sp, #20]
 450 00c8 5B68     		ldr	r3, [r3, #4]
 451 00ca 03F10803 		add	r3, r3, #8
 452 00ce 059A     		ldr	r2, [sp, #20]
 453 00d0 D218     		adds	r2, r2, r3
 454 00d2 049B     		ldr	r3, [sp, #16]
 455 00d4 9A42     		cmp	r2, r3
 456 00d6 11D1     		bne	.L27
 457              		.loc 1 216 0
 458 00d8 059B     		ldr	r3, [sp, #20]
 459 00da 5A68     		ldr	r2, [r3, #4]
 460 00dc 049B     		ldr	r3, [sp, #16]
 461 00de 5B68     		ldr	r3, [r3, #4]
 462 00e0 D318     		adds	r3, r2, r3
 463 00e2 03F10802 		add	r2, r3, #8
 464 00e6 059B     		ldr	r3, [sp, #20]
 465 00e8 5A60     		str	r2, [r3, #4]
 466              		.loc 1 217 0
 467 00ea 049B     		ldr	r3, [sp, #16]
 468 00ec 1A68     		ldr	r2, [r3, #0]
 469 00ee 059B     		ldr	r3, [sp, #20]
 470 00f0 1A60     		str	r2, [r3, #0]
 471              		.loc 1 219 0
 472 00f2 03E0     		b	.L27
 473              	.L20:
 474              		.loc 1 221 0
 475 00f4 059B     		ldr	r3, [sp, #20]
 476 00f6 1B68     		ldr	r3, [r3, #0]
 477 00f8 0593     		str	r3, [sp, #20]
 478              		.loc 1 222 0
 479 00fa 9EE7     		b	.L25
 480              	.L27:
 481              		.loc 1 219 0
 482 00fc 00BF     		nop
 483              	.L24:
 484              		.loc 1 224 0
 485 00fe FFF7FEFF 		bl	chMtxUnlock
 486              		.loc 1 225 0
 487 0102 00BF     		nop
 488              		.loc 1 226 0
 489 0104 07B0     		add	sp, sp, #28
 490 0106 00BD     		pop	{pc}
 491              		.cfi_endproc
 492              	.LFE10:
 493              		.size	chHeapFree, .-chHeapFree
 494 0108 AFF30080 		.section	.text.chHeapStatus,"ax",%progbits
 494      AFF30080 
ARM GAS  /tmp/ccn9mawf.s 			page 10


 495              		.align	2
 496              		.p2align 4,,15
 497              		.global	chHeapStatus
 498              		.thumb
 499              		.thumb_func
 500              		.type	chHeapStatus, %function
 501              	chHeapStatus:
 502              	.LFB11:
 503              		.loc 1 243 0
 504              		.cfi_startproc
 505              		@ args = 0, pretend = 0, frame = 24
 506              		@ frame_needed = 0, uses_anonymous_args = 0
 507 0000 00B5     		push	{lr}
 508              	.LCFI7:
 509              		.cfi_def_cfa_offset 4
 510              		.cfi_offset 14, -4
 511 0002 87B0     		sub	sp, sp, #28
 512              	.LCFI8:
 513              		.cfi_def_cfa_offset 32
 514 0004 0190     		str	r0, [sp, #4]
 515 0006 0091     		str	r1, [sp, #0]
 516              		.loc 1 247 0
 517 0008 019B     		ldr	r3, [sp, #4]
 518 000a 002B     		cmp	r3, #0
 519 000c 04D1     		bne	.L29
 520              		.loc 1 248 0
 521 000e 40F20003 		movw	r3, #:lower16:default_heap
 522 0012 C0F20003 		movt	r3, #:upper16:default_heap
 523 0016 0193     		str	r3, [sp, #4]
 524              	.L29:
 525              		.loc 1 250 0
 526 0018 019B     		ldr	r3, [sp, #4]
 527 001a 03F11003 		add	r3, r3, #16
 528 001e 1846     		mov	r0, r3
 529 0020 FFF7FEFF 		bl	chMtxLock
 530              		.loc 1 252 0
 531 0024 4FF00003 		mov	r3, #0
 532 0028 0393     		str	r3, [sp, #12]
 533              		.loc 1 253 0
 534 002a 4FF00003 		mov	r3, #0
 535 002e 0493     		str	r3, [sp, #16]
 536 0030 019B     		ldr	r3, [sp, #4]
 537 0032 03F10803 		add	r3, r3, #8
 538 0036 0593     		str	r3, [sp, #20]
 539 0038 0CE0     		b	.L30
 540              	.L31:
 541              		.loc 1 254 0 discriminator 2
 542 003a 059B     		ldr	r3, [sp, #20]
 543 003c 1B68     		ldr	r3, [r3, #0]
 544 003e 5B68     		ldr	r3, [r3, #4]
 545 0040 039A     		ldr	r2, [sp, #12]
 546 0042 D318     		adds	r3, r2, r3
 547 0044 0393     		str	r3, [sp, #12]
 548              		.loc 1 253 0 discriminator 2
 549 0046 049B     		ldr	r3, [sp, #16]
 550 0048 03F10103 		add	r3, r3, #1
 551 004c 0493     		str	r3, [sp, #16]
ARM GAS  /tmp/ccn9mawf.s 			page 11


 552 004e 059B     		ldr	r3, [sp, #20]
 553 0050 1B68     		ldr	r3, [r3, #0]
 554 0052 0593     		str	r3, [sp, #20]
 555              	.L30:
 556              		.loc 1 253 0 is_stmt 0 discriminator 1
 557 0054 059B     		ldr	r3, [sp, #20]
 558 0056 1B68     		ldr	r3, [r3, #0]
 559 0058 002B     		cmp	r3, #0
 560 005a EED1     		bne	.L31
 561              		.loc 1 255 0 is_stmt 1
 562 005c 009B     		ldr	r3, [sp, #0]
 563 005e 002B     		cmp	r3, #0
 564 0060 02D0     		beq	.L32
 565              		.loc 1 256 0
 566 0062 009B     		ldr	r3, [sp, #0]
 567 0064 039A     		ldr	r2, [sp, #12]
 568 0066 1A60     		str	r2, [r3, #0]
 569              	.L32:
 570              		.loc 1 258 0
 571 0068 FFF7FEFF 		bl	chMtxUnlock
 572              		.loc 1 259 0
 573 006c 049B     		ldr	r3, [sp, #16]
 574              		.loc 1 260 0
 575 006e 1846     		mov	r0, r3
 576 0070 07B0     		add	sp, sp, #28
 577 0072 00BD     		pop	{pc}
 578              		.cfi_endproc
 579              	.LFE11:
 580              		.size	chHeapStatus, .-chHeapStatus
 581 0074 AFF30080 		.text
 581      AFF30080 
 581      AFF30080 
 582              	.Letext0:
 583              		.file 2 "/usr/bin/../lib/gcc/arm-none-eabi/4.7.4/include/stddef.h"
 584              		.file 3 "/usr/bin/../lib/gcc/arm-none-eabi/4.7.4/../../../../arm-none-eabi/include/stdint.h"
 585              		.file 4 "../../os/ports/GCC/ARMCMx/chtypes.h"
 586              		.file 5 "../../os/kernel/include/chlists.h"
 587              		.file 6 "../../os/kernel/include/chthreads.h"
 588              		.file 7 "../../os/ports/GCC/ARMCMx/chcore_v7m.h"
 589              		.file 8 "../../os/kernel/include/chmtx.h"
 590              		.file 9 "../../os/kernel/include/chmemcore.h"
 591              		.file 10 "../../os/kernel/include/chheap.h"
 592              		.section	.debug_info,"",%progbits
 593              	.Ldebug_info0:
 594 0000 6B060000 		.4byte	0x66b
 595 0004 0200     		.2byte	0x2
 596 0006 00000000 		.4byte	.Ldebug_abbrev0
 597 000a 04       		.byte	0x4
 598 000b 01       		.uleb128 0x1
 599 000c 6F010000 		.4byte	.LASF77
 600 0010 01       		.byte	0x1
 601 0011 BC000000 		.4byte	.LASF78
 602 0015 D4010000 		.4byte	.LASF79
 603 0019 00000000 		.4byte	.Ldebug_ranges0+0
 604 001d 00000000 		.4byte	0
 605 0021 00000000 		.4byte	0
 606 0025 00000000 		.4byte	.Ldebug_line0
ARM GAS  /tmp/ccn9mawf.s 			page 12


 607 0029 02       		.uleb128 0x2
 608 002a 04       		.byte	0x4
 609 002b 05       		.byte	0x5
 610 002c 696E7400 		.ascii	"int\000"
 611 0030 03       		.uleb128 0x3
 612 0031 06000000 		.4byte	.LASF2
 613 0035 02       		.byte	0x2
 614 0036 D5       		.byte	0xd5
 615 0037 3B000000 		.4byte	0x3b
 616 003b 04       		.uleb128 0x4
 617 003c 04       		.byte	0x4
 618 003d 07       		.byte	0x7
 619 003e 04010000 		.4byte	.LASF0
 620 0042 04       		.uleb128 0x4
 621 0043 01       		.byte	0x1
 622 0044 06       		.byte	0x6
 623 0045 7C000000 		.4byte	.LASF1
 624 0049 03       		.uleb128 0x3
 625 004a 39030000 		.4byte	.LASF3
 626 004e 03       		.byte	0x3
 627 004f 2A       		.byte	0x2a
 628 0050 54000000 		.4byte	0x54
 629 0054 04       		.uleb128 0x4
 630 0055 01       		.byte	0x1
 631 0056 08       		.byte	0x8
 632 0057 51020000 		.4byte	.LASF4
 633 005b 04       		.uleb128 0x4
 634 005c 02       		.byte	0x2
 635 005d 05       		.byte	0x5
 636 005e 74020000 		.4byte	.LASF5
 637 0062 04       		.uleb128 0x4
 638 0063 02       		.byte	0x2
 639 0064 07       		.byte	0x7
 640 0065 30010000 		.4byte	.LASF6
 641 0069 03       		.uleb128 0x3
 642 006a 49020000 		.4byte	.LASF7
 643 006e 03       		.byte	0x3
 644 006f 4F       		.byte	0x4f
 645 0070 74000000 		.4byte	0x74
 646 0074 04       		.uleb128 0x4
 647 0075 04       		.byte	0x4
 648 0076 05       		.byte	0x5
 649 0077 B3000000 		.4byte	.LASF8
 650 007b 03       		.uleb128 0x3
 651 007c D0020000 		.4byte	.LASF9
 652 0080 03       		.byte	0x3
 653 0081 50       		.byte	0x50
 654 0082 86000000 		.4byte	0x86
 655 0086 04       		.uleb128 0x4
 656 0087 04       		.byte	0x4
 657 0088 07       		.byte	0x7
 658 0089 11010000 		.4byte	.LASF10
 659 008d 04       		.uleb128 0x4
 660 008e 08       		.byte	0x8
 661 008f 05       		.byte	0x5
 662 0090 6E000000 		.4byte	.LASF11
 663 0094 03       		.uleb128 0x3
ARM GAS  /tmp/ccn9mawf.s 			page 13


 664 0095 14000000 		.4byte	.LASF12
 665 0099 03       		.byte	0x3
 666 009a 78       		.byte	0x78
 667 009b 9F000000 		.4byte	0x9f
 668 009f 04       		.uleb128 0x4
 669 00a0 08       		.byte	0x8
 670 00a1 07       		.byte	0x7
 671 00a2 2A000000 		.4byte	.LASF13
 672 00a6 04       		.uleb128 0x4
 673 00a7 01       		.byte	0x1
 674 00a8 02       		.byte	0x2
 675 00a9 43020000 		.4byte	.LASF14
 676 00ad 03       		.uleb128 0x3
 677 00ae 49010000 		.4byte	.LASF15
 678 00b2 04       		.byte	0x4
 679 00b3 25       		.byte	0x25
 680 00b4 49000000 		.4byte	0x49
 681 00b8 03       		.uleb128 0x3
 682 00b9 D9000000 		.4byte	.LASF16
 683 00bd 04       		.byte	0x4
 684 00be 26       		.byte	0x26
 685 00bf 49000000 		.4byte	0x49
 686 00c3 03       		.uleb128 0x3
 687 00c4 2C020000 		.4byte	.LASF17
 688 00c8 04       		.byte	0x4
 689 00c9 27       		.byte	0x27
 690 00ca 49000000 		.4byte	0x49
 691 00ce 03       		.uleb128 0x3
 692 00cf A9000000 		.4byte	.LASF18
 693 00d3 04       		.byte	0x4
 694 00d4 28       		.byte	0x28
 695 00d5 49000000 		.4byte	0x49
 696 00d9 03       		.uleb128 0x3
 697 00da 3B020000 		.4byte	.LASF19
 698 00de 04       		.byte	0x4
 699 00df 29       		.byte	0x29
 700 00e0 7B000000 		.4byte	0x7b
 701 00e4 03       		.uleb128 0x3
 702 00e5 43010000 		.4byte	.LASF20
 703 00e9 04       		.byte	0x4
 704 00ea 2A       		.byte	0x2a
 705 00eb 69000000 		.4byte	0x69
 706 00ef 03       		.uleb128 0x3
 707 00f0 5D010000 		.4byte	.LASF21
 708 00f4 04       		.byte	0x4
 709 00f5 2C       		.byte	0x2c
 710 00f6 7B000000 		.4byte	0x7b
 711 00fa 03       		.uleb128 0x3
 712 00fb 04030000 		.4byte	.LASF22
 713 00ff 04       		.byte	0x4
 714 0100 2E       		.byte	0x2e
 715 0101 7B000000 		.4byte	0x7b
 716 0105 03       		.uleb128 0x3
 717 0106 B2020000 		.4byte	.LASF23
 718 010a 05       		.byte	0x5
 719 010b 23       		.byte	0x23
 720 010c 10010000 		.4byte	0x110
ARM GAS  /tmp/ccn9mawf.s 			page 14


 721 0110 05       		.uleb128 0x5
 722 0111 B2020000 		.4byte	.LASF23
 723 0115 4C       		.byte	0x4c
 724 0116 06       		.byte	0x6
 725 0117 57       		.byte	0x57
 726 0118 43020000 		.4byte	0x243
 727 011c 06       		.uleb128 0x6
 728 011d A3020000 		.4byte	.LASF24
 729 0121 06       		.byte	0x6
 730 0122 58       		.byte	0x58
 731 0123 68020000 		.4byte	0x268
 732 0127 02       		.byte	0x2
 733 0128 23       		.byte	0x23
 734 0129 00       		.uleb128 0
 735 012a 06       		.uleb128 0x6
 736 012b 34020000 		.4byte	.LASF25
 737 012f 06       		.byte	0x6
 738 0130 5A       		.byte	0x5a
 739 0131 68020000 		.4byte	0x268
 740 0135 02       		.byte	0x2
 741 0136 23       		.byte	0x23
 742 0137 04       		.uleb128 0x4
 743 0138 06       		.uleb128 0x6
 744 0139 67000000 		.4byte	.LASF26
 745 013d 06       		.byte	0x6
 746 013e 5C       		.byte	0x5c
 747 013f D9000000 		.4byte	0xd9
 748 0143 02       		.byte	0x2
 749 0144 23       		.byte	0x23
 750 0145 08       		.uleb128 0x8
 751 0146 06       		.uleb128 0x6
 752 0147 68030000 		.4byte	.LASF27
 753 014b 06       		.byte	0x6
 754 014c 5D       		.byte	0x5d
 755 014d 41030000 		.4byte	0x341
 756 0151 02       		.byte	0x2
 757 0152 23       		.byte	0x23
 758 0153 0C       		.uleb128 0xc
 759 0154 06       		.uleb128 0x6
 760 0155 E2000000 		.4byte	.LASF28
 761 0159 06       		.byte	0x6
 762 015a 5F       		.byte	0x5f
 763 015b 68020000 		.4byte	0x268
 764 015f 02       		.byte	0x2
 765 0160 23       		.byte	0x23
 766 0161 10       		.uleb128 0x10
 767 0162 06       		.uleb128 0x6
 768 0163 CC010000 		.4byte	.LASF29
 769 0167 06       		.byte	0x6
 770 0168 60       		.byte	0x60
 771 0169 68020000 		.4byte	0x268
 772 016d 02       		.byte	0x2
 773 016e 23       		.byte	0x23
 774 016f 14       		.uleb128 0x14
 775 0170 06       		.uleb128 0x6
 776 0171 4E030000 		.4byte	.LASF30
 777 0175 06       		.byte	0x6
ARM GAS  /tmp/ccn9mawf.s 			page 15


 778 0176 67       		.byte	0x67
 779 0177 BF040000 		.4byte	0x4bf
 780 017b 02       		.byte	0x2
 781 017c 23       		.byte	0x23
 782 017d 18       		.uleb128 0x18
 783 017e 06       		.uleb128 0x6
 784 017f F9000000 		.4byte	.LASF31
 785 0183 06       		.byte	0x6
 786 0184 6D       		.byte	0x6d
 787 0185 D1040000 		.4byte	0x4d1
 788 0189 02       		.byte	0x2
 789 018a 23       		.byte	0x23
 790 018b 1C       		.uleb128 0x1c
 791 018c 06       		.uleb128 0x6
 792 018d 7E020000 		.4byte	.LASF32
 793 0191 06       		.byte	0x6
 794 0192 72       		.byte	0x72
 795 0193 B8000000 		.4byte	0xb8
 796 0197 02       		.byte	0x2
 797 0198 23       		.byte	0x23
 798 0199 20       		.uleb128 0x20
 799 019a 06       		.uleb128 0x6
 800 019b AA020000 		.4byte	.LASF33
 801 019f 06       		.byte	0x6
 802 01a0 76       		.byte	0x76
 803 01a1 AD000000 		.4byte	0xad
 804 01a5 02       		.byte	0x2
 805 01a6 23       		.byte	0x23
 806 01a7 21       		.uleb128 0x21
 807 01a8 06       		.uleb128 0x6
 808 01a9 32030000 		.4byte	.LASF34
 809 01ad 06       		.byte	0x6
 810 01ae 7B       		.byte	0x7b
 811 01af C3000000 		.4byte	0xc3
 812 01b3 02       		.byte	0x2
 813 01b4 23       		.byte	0x23
 814 01b5 22       		.uleb128 0x22
 815 01b6 06       		.uleb128 0x6
 816 01b7 86020000 		.4byte	.LASF35
 817 01bb 06       		.byte	0x6
 818 01bc 81       		.byte	0x81
 819 01bd CE000000 		.4byte	0xce
 820 01c1 02       		.byte	0x2
 821 01c2 23       		.byte	0x23
 822 01c3 23       		.uleb128 0x23
 823 01c4 06       		.uleb128 0x6
 824 01c5 19030000 		.4byte	.LASF36
 825 01c9 06       		.byte	0x6
 826 01ca 88       		.byte	0x88
 827 01cb 6B030000 		.4byte	0x36b
 828 01cf 02       		.byte	0x2
 829 01d0 23       		.byte	0x23
 830 01d1 24       		.uleb128 0x24
 831 01d2 07       		.uleb128 0x7
 832 01d3 705F7500 		.ascii	"p_u\000"
 833 01d7 06       		.byte	0x6
 834 01d8 AD       		.byte	0xad
ARM GAS  /tmp/ccn9mawf.s 			page 16


 835 01d9 8A040000 		.4byte	0x48a
 836 01dd 02       		.byte	0x2
 837 01de 23       		.byte	0x23
 838 01df 28       		.uleb128 0x28
 839 01e0 06       		.uleb128 0x6
 840 01e1 6E030000 		.4byte	.LASF37
 841 01e5 06       		.byte	0x6
 842 01e6 B2       		.byte	0xb2
 843 01e7 90020000 		.4byte	0x290
 844 01eb 02       		.byte	0x2
 845 01ec 23       		.byte	0x23
 846 01ed 2C       		.uleb128 0x2c
 847 01ee 06       		.uleb128 0x6
 848 01ef 27030000 		.4byte	.LASF38
 849 01f3 06       		.byte	0x6
 850 01f4 B8       		.byte	0xb8
 851 01f5 6E020000 		.4byte	0x26e
 852 01f9 02       		.byte	0x2
 853 01fa 23       		.byte	0x23
 854 01fb 30       		.uleb128 0x30
 855 01fc 06       		.uleb128 0x6
 856 01fd 00000000 		.4byte	.LASF39
 857 0201 06       		.byte	0x6
 858 0202 BC       		.byte	0xbc
 859 0203 E4000000 		.4byte	0xe4
 860 0207 02       		.byte	0x2
 861 0208 23       		.byte	0x23
 862 0209 38       		.uleb128 0x38
 863 020a 06       		.uleb128 0x6
 864 020b C5020000 		.4byte	.LASF40
 865 020f 06       		.byte	0x6
 866 0210 C2       		.byte	0xc2
 867 0211 EF000000 		.4byte	0xef
 868 0215 02       		.byte	0x2
 869 0216 23       		.byte	0x23
 870 0217 3C       		.uleb128 0x3c
 871 0218 06       		.uleb128 0x6
 872 0219 6A020000 		.4byte	.LASF41
 873 021d 06       		.byte	0x6
 874 021e C9       		.byte	0xc9
 875 021f D7040000 		.4byte	0x4d7
 876 0223 02       		.byte	0x2
 877 0224 23       		.byte	0x23
 878 0225 40       		.uleb128 0x40
 879 0226 06       		.uleb128 0x6
 880 0227 0E030000 		.4byte	.LASF42
 881 022b 06       		.byte	0x6
 882 022c CD       		.byte	0xcd
 883 022d D9000000 		.4byte	0xd9
 884 0231 02       		.byte	0x2
 885 0232 23       		.byte	0x23
 886 0233 44       		.uleb128 0x44
 887 0234 06       		.uleb128 0x6
 888 0235 8E000000 		.4byte	.LASF43
 889 0239 06       		.byte	0x6
 890 023a D3       		.byte	0xd3
 891 023b A6020000 		.4byte	0x2a6
ARM GAS  /tmp/ccn9mawf.s 			page 17


 892 023f 02       		.byte	0x2
 893 0240 23       		.byte	0x23
 894 0241 48       		.uleb128 0x48
 895 0242 00       		.byte	0
 896 0243 08       		.uleb128 0x8
 897 0244 08       		.byte	0x8
 898 0245 05       		.byte	0x5
 899 0246 5A       		.byte	0x5a
 900 0247 68020000 		.4byte	0x268
 901 024b 06       		.uleb128 0x6
 902 024c A3020000 		.4byte	.LASF24
 903 0250 05       		.byte	0x5
 904 0251 5B       		.byte	0x5b
 905 0252 68020000 		.4byte	0x268
 906 0256 02       		.byte	0x2
 907 0257 23       		.byte	0x23
 908 0258 00       		.uleb128 0
 909 0259 06       		.uleb128 0x6
 910 025a 34020000 		.4byte	.LASF25
 911 025e 05       		.byte	0x5
 912 025f 5D       		.byte	0x5d
 913 0260 68020000 		.4byte	0x268
 914 0264 02       		.byte	0x2
 915 0265 23       		.byte	0x23
 916 0266 04       		.uleb128 0x4
 917 0267 00       		.byte	0
 918 0268 09       		.uleb128 0x9
 919 0269 04       		.byte	0x4
 920 026a 05010000 		.4byte	0x105
 921 026e 03       		.uleb128 0x3
 922 026f 14020000 		.4byte	.LASF44
 923 0273 05       		.byte	0x5
 924 0274 5F       		.byte	0x5f
 925 0275 43020000 		.4byte	0x243
 926 0279 08       		.uleb128 0x8
 927 027a 04       		.byte	0x4
 928 027b 05       		.byte	0x5
 929 027c 64       		.byte	0x64
 930 027d 90020000 		.4byte	0x290
 931 0281 06       		.uleb128 0x6
 932 0282 A3020000 		.4byte	.LASF24
 933 0286 05       		.byte	0x5
 934 0287 66       		.byte	0x66
 935 0288 68020000 		.4byte	0x268
 936 028c 02       		.byte	0x2
 937 028d 23       		.byte	0x23
 938 028e 00       		.uleb128 0
 939 028f 00       		.byte	0
 940 0290 03       		.uleb128 0x3
 941 0291 51010000 		.4byte	.LASF45
 942 0295 05       		.byte	0x5
 943 0296 69       		.byte	0x69
 944 0297 79020000 		.4byte	0x279
 945 029b 03       		.uleb128 0x3
 946 029c EA000000 		.4byte	.LASF46
 947 02a0 07       		.byte	0x7
 948 02a1 DE       		.byte	0xde
ARM GAS  /tmp/ccn9mawf.s 			page 18


 949 02a2 A6020000 		.4byte	0x2a6
 950 02a6 0A       		.uleb128 0xa
 951 02a7 04       		.byte	0x4
 952 02a8 03       		.uleb128 0x3
 953 02a9 B8010000 		.4byte	.LASF47
 954 02ad 07       		.byte	0x7
 955 02ae E4       		.byte	0xe4
 956 02af 94000000 		.4byte	0x94
 957 02b3 0B       		.uleb128 0xb
 958 02b4 20030000 		.4byte	.LASF48
 959 02b8 24       		.byte	0x24
 960 02b9 07       		.byte	0x7
 961 02ba 0501     		.2byte	0x105
 962 02bc 41030000 		.4byte	0x341
 963 02c0 0C       		.uleb128 0xc
 964 02c1 723400   		.ascii	"r4\000"
 965 02c4 07       		.byte	0x7
 966 02c5 1801     		.2byte	0x118
 967 02c7 9B020000 		.4byte	0x29b
 968 02cb 02       		.byte	0x2
 969 02cc 23       		.byte	0x23
 970 02cd 00       		.uleb128 0
 971 02ce 0C       		.uleb128 0xc
 972 02cf 723500   		.ascii	"r5\000"
 973 02d2 07       		.byte	0x7
 974 02d3 1901     		.2byte	0x119
 975 02d5 9B020000 		.4byte	0x29b
 976 02d9 02       		.byte	0x2
 977 02da 23       		.byte	0x23
 978 02db 04       		.uleb128 0x4
 979 02dc 0C       		.uleb128 0xc
 980 02dd 723600   		.ascii	"r6\000"
 981 02e0 07       		.byte	0x7
 982 02e1 1A01     		.2byte	0x11a
 983 02e3 9B020000 		.4byte	0x29b
 984 02e7 02       		.byte	0x2
 985 02e8 23       		.byte	0x23
 986 02e9 08       		.uleb128 0x8
 987 02ea 0C       		.uleb128 0xc
 988 02eb 723700   		.ascii	"r7\000"
 989 02ee 07       		.byte	0x7
 990 02ef 1B01     		.2byte	0x11b
 991 02f1 9B020000 		.4byte	0x29b
 992 02f5 02       		.byte	0x2
 993 02f6 23       		.byte	0x23
 994 02f7 0C       		.uleb128 0xc
 995 02f8 0C       		.uleb128 0xc
 996 02f9 723800   		.ascii	"r8\000"
 997 02fc 07       		.byte	0x7
 998 02fd 1C01     		.2byte	0x11c
 999 02ff 9B020000 		.4byte	0x29b
 1000 0303 02       		.byte	0x2
 1001 0304 23       		.byte	0x23
 1002 0305 10       		.uleb128 0x10
 1003 0306 0C       		.uleb128 0xc
 1004 0307 723900   		.ascii	"r9\000"
 1005 030a 07       		.byte	0x7
ARM GAS  /tmp/ccn9mawf.s 			page 19


 1006 030b 1D01     		.2byte	0x11d
 1007 030d 9B020000 		.4byte	0x29b
 1008 0311 02       		.byte	0x2
 1009 0312 23       		.byte	0x23
 1010 0313 14       		.uleb128 0x14
 1011 0314 0C       		.uleb128 0xc
 1012 0315 72313000 		.ascii	"r10\000"
 1013 0319 07       		.byte	0x7
 1014 031a 1E01     		.2byte	0x11e
 1015 031c 9B020000 		.4byte	0x29b
 1016 0320 02       		.byte	0x2
 1017 0321 23       		.byte	0x23
 1018 0322 18       		.uleb128 0x18
 1019 0323 0C       		.uleb128 0xc
 1020 0324 72313100 		.ascii	"r11\000"
 1021 0328 07       		.byte	0x7
 1022 0329 1F01     		.2byte	0x11f
 1023 032b 9B020000 		.4byte	0x29b
 1024 032f 02       		.byte	0x2
 1025 0330 23       		.byte	0x23
 1026 0331 1C       		.uleb128 0x1c
 1027 0332 0C       		.uleb128 0xc
 1028 0333 6C7200   		.ascii	"lr\000"
 1029 0336 07       		.byte	0x7
 1030 0337 2001     		.2byte	0x120
 1031 0339 9B020000 		.4byte	0x29b
 1032 033d 02       		.byte	0x2
 1033 033e 23       		.byte	0x23
 1034 033f 20       		.uleb128 0x20
 1035 0340 00       		.byte	0
 1036 0341 0B       		.uleb128 0xb
 1037 0342 23010000 		.4byte	.LASF49
 1038 0346 04       		.byte	0x4
 1039 0347 07       		.byte	0x7
 1040 0348 2A01     		.2byte	0x12a
 1041 034a 5E030000 		.4byte	0x35e
 1042 034e 0C       		.uleb128 0xc
 1043 034f 72313300 		.ascii	"r13\000"
 1044 0353 07       		.byte	0x7
 1045 0354 2B01     		.2byte	0x12b
 1046 0356 5E030000 		.4byte	0x35e
 1047 035a 02       		.byte	0x2
 1048 035b 23       		.byte	0x23
 1049 035c 00       		.uleb128 0
 1050 035d 00       		.byte	0
 1051 035e 09       		.uleb128 0x9
 1052 035f 04       		.byte	0x4
 1053 0360 B3020000 		.4byte	0x2b3
 1054 0364 04       		.uleb128 0x4
 1055 0365 04       		.byte	0x4
 1056 0366 07       		.byte	0x7
 1057 0367 C3010000 		.4byte	.LASF50
 1058 036b 0D       		.uleb128 0xd
 1059 036c FA000000 		.4byte	0xfa
 1060 0370 05       		.uleb128 0x5
 1061 0371 69010000 		.4byte	.LASF51
 1062 0375 10       		.byte	0x10
ARM GAS  /tmp/ccn9mawf.s 			page 20


 1063 0376 08       		.byte	0x8
 1064 0377 25       		.byte	0x25
 1065 0378 A7030000 		.4byte	0x3a7
 1066 037c 06       		.uleb128 0x6
 1067 037d 96000000 		.4byte	.LASF52
 1068 0381 08       		.byte	0x8
 1069 0382 26       		.byte	0x26
 1070 0383 6E020000 		.4byte	0x26e
 1071 0387 02       		.byte	0x2
 1072 0388 23       		.byte	0x23
 1073 0389 00       		.uleb128 0
 1074 038a 06       		.uleb128 0x6
 1075 038b 60030000 		.4byte	.LASF53
 1076 038f 08       		.byte	0x8
 1077 0390 28       		.byte	0x28
 1078 0391 68020000 		.4byte	0x268
 1079 0395 02       		.byte	0x2
 1080 0396 23       		.byte	0x23
 1081 0397 08       		.uleb128 0x8
 1082 0398 06       		.uleb128 0x6
 1083 0399 FD020000 		.4byte	.LASF54
 1084 039d 08       		.byte	0x8
 1085 039e 2A       		.byte	0x2a
 1086 039f A7030000 		.4byte	0x3a7
 1087 03a3 02       		.byte	0x2
 1088 03a4 23       		.byte	0x23
 1089 03a5 0C       		.uleb128 0xc
 1090 03a6 00       		.byte	0
 1091 03a7 09       		.uleb128 0x9
 1092 03a8 04       		.byte	0x4
 1093 03a9 70030000 		.4byte	0x370
 1094 03ad 03       		.uleb128 0x3
 1095 03ae 69010000 		.4byte	.LASF51
 1096 03b2 08       		.byte	0x8
 1097 03b3 2C       		.byte	0x2c
 1098 03b4 70030000 		.4byte	0x370
 1099 03b8 03       		.uleb128 0x3
 1100 03b9 1D000000 		.4byte	.LASF55
 1101 03bd 09       		.byte	0x9
 1102 03be 25       		.byte	0x25
 1103 03bf C3030000 		.4byte	0x3c3
 1104 03c3 09       		.uleb128 0x9
 1105 03c4 04       		.byte	0x4
 1106 03c5 C9030000 		.4byte	0x3c9
 1107 03c9 0E       		.uleb128 0xe
 1108 03ca 01       		.byte	0x1
 1109 03cb A6020000 		.4byte	0x2a6
 1110 03cf D9030000 		.4byte	0x3d9
 1111 03d3 0F       		.uleb128 0xf
 1112 03d4 30000000 		.4byte	0x30
 1113 03d8 00       		.byte	0
 1114 03d9 03       		.uleb128 0x3
 1115 03da 21020000 		.4byte	.LASF56
 1116 03de 0A       		.byte	0xa
 1117 03df 2D       		.byte	0x2d
 1118 03e0 E4030000 		.4byte	0x3e4
 1119 03e4 05       		.uleb128 0x5
ARM GAS  /tmp/ccn9mawf.s 			page 21


 1120 03e5 78030000 		.4byte	.LASF57
 1121 03e9 20       		.byte	0x20
 1122 03ea 0A       		.byte	0xa
 1123 03eb 40       		.byte	0x40
 1124 03ec 1B040000 		.4byte	0x41b
 1125 03f0 06       		.uleb128 0x6
 1126 03f1 5F020000 		.4byte	.LASF58
 1127 03f5 0A       		.byte	0xa
 1128 03f6 41       		.byte	0x41
 1129 03f7 B8030000 		.4byte	0x3b8
 1130 03fb 02       		.byte	0x2
 1131 03fc 23       		.byte	0x23
 1132 03fd 00       		.uleb128 0
 1133 03fe 06       		.uleb128 0x6
 1134 03ff 4A000000 		.4byte	.LASF59
 1135 0403 0A       		.byte	0xa
 1136 0404 43       		.byte	0x43
 1137 0405 3A040000 		.4byte	0x43a
 1138 0409 02       		.byte	0x2
 1139 040a 23       		.byte	0x23
 1140 040b 08       		.uleb128 0x8
 1141 040c 06       		.uleb128 0x6
 1142 040d 88000000 		.4byte	.LASF60
 1143 0411 0A       		.byte	0xa
 1144 0412 45       		.byte	0x45
 1145 0413 AD030000 		.4byte	0x3ad
 1146 0417 02       		.byte	0x2
 1147 0418 23       		.byte	0x23
 1148 0419 10       		.uleb128 0x10
 1149 041a 00       		.byte	0
 1150 041b 10       		.uleb128 0x10
 1151 041c 04       		.byte	0x4
 1152 041d 0A       		.byte	0xa
 1153 041e 35       		.byte	0x35
 1154 041f 3A040000 		.4byte	0x43a
 1155 0423 11       		.uleb128 0x11
 1156 0424 62000000 		.4byte	.LASF61
 1157 0428 0A       		.byte	0xa
 1158 0429 36       		.byte	0x36
 1159 042a 5B040000 		.4byte	0x45b
 1160 042e 11       		.uleb128 0x11
 1161 042f D9020000 		.4byte	.LASF62
 1162 0433 0A       		.byte	0xa
 1163 0434 37       		.byte	0x37
 1164 0435 61040000 		.4byte	0x461
 1165 0439 00       		.byte	0
 1166 043a 12       		.uleb128 0x12
 1167 043b 90020000 		.4byte	.LASF80
 1168 043f 08       		.byte	0x8
 1169 0440 0A       		.byte	0xa
 1170 0441 32       		.byte	0x32
 1171 0442 5B040000 		.4byte	0x45b
 1172 0446 11       		.uleb128 0x11
 1173 0447 F3000000 		.4byte	.LASF63
 1174 044b 0A       		.byte	0xa
 1175 044c 33       		.byte	0x33
 1176 044d A8020000 		.4byte	0x2a8
ARM GAS  /tmp/ccn9mawf.s 			page 22


 1177 0451 13       		.uleb128 0x13
 1178 0452 6800     		.ascii	"h\000"
 1179 0454 0A       		.byte	0xa
 1180 0455 3A       		.byte	0x3a
 1181 0456 67040000 		.4byte	0x467
 1182 045a 00       		.byte	0
 1183 045b 09       		.uleb128 0x9
 1184 045c 04       		.byte	0x4
 1185 045d 3A040000 		.4byte	0x43a
 1186 0461 09       		.uleb128 0x9
 1187 0462 04       		.byte	0x4
 1188 0463 D9030000 		.4byte	0x3d9
 1189 0467 08       		.uleb128 0x8
 1190 0468 08       		.byte	0x8
 1191 0469 0A       		.byte	0xa
 1192 046a 34       		.byte	0x34
 1193 046b 8A040000 		.4byte	0x48a
 1194 046f 07       		.uleb128 0x7
 1195 0470 7500     		.ascii	"u\000"
 1196 0472 0A       		.byte	0xa
 1197 0473 38       		.byte	0x38
 1198 0474 1B040000 		.4byte	0x41b
 1199 0478 02       		.byte	0x2
 1200 0479 23       		.byte	0x23
 1201 047a 00       		.uleb128 0
 1202 047b 06       		.uleb128 0x6
 1203 047c 2B010000 		.4byte	.LASF64
 1204 0480 0A       		.byte	0xa
 1205 0481 39       		.byte	0x39
 1206 0482 30000000 		.4byte	0x30
 1207 0486 02       		.byte	0x2
 1208 0487 23       		.byte	0x23
 1209 0488 04       		.uleb128 0x4
 1210 0489 00       		.byte	0
 1211 048a 10       		.uleb128 0x10
 1212 048b 04       		.byte	0x4
 1213 048c 06       		.byte	0x6
 1214 048d 8F       		.byte	0x8f
 1215 048e BF040000 		.4byte	0x4bf
 1216 0492 11       		.uleb128 0x11
 1217 0493 0D000000 		.4byte	.LASF65
 1218 0497 06       		.byte	0x6
 1219 0498 96       		.byte	0x96
 1220 0499 E4000000 		.4byte	0xe4
 1221 049d 11       		.uleb128 0x11
 1222 049e 41000000 		.4byte	.LASF66
 1223 04a2 06       		.byte	0x6
 1224 04a3 9D       		.byte	0x9d
 1225 04a4 E4000000 		.4byte	0xe4
 1226 04a8 11       		.uleb128 0x11
 1227 04a9 41030000 		.4byte	.LASF67
 1228 04ad 06       		.byte	0x6
 1229 04ae A4       		.byte	0xa4
 1230 04af A6020000 		.4byte	0x2a6
 1231 04b3 11       		.uleb128 0x11
 1232 04b4 9C020000 		.4byte	.LASF68
 1233 04b8 06       		.byte	0x6
ARM GAS  /tmp/ccn9mawf.s 			page 23


 1234 04b9 AB       		.byte	0xab
 1235 04ba EF000000 		.4byte	0xef
 1236 04be 00       		.byte	0
 1237 04bf 09       		.uleb128 0x9
 1238 04c0 04       		.byte	0x4
 1239 04c1 C5040000 		.4byte	0x4c5
 1240 04c5 14       		.uleb128 0x14
 1241 04c6 CA040000 		.4byte	0x4ca
 1242 04ca 04       		.uleb128 0x4
 1243 04cb 01       		.byte	0x1
 1244 04cc 08       		.byte	0x8
 1245 04cd EB020000 		.4byte	.LASF69
 1246 04d1 09       		.uleb128 0x9
 1247 04d2 04       		.byte	0x4
 1248 04d3 A8020000 		.4byte	0x2a8
 1249 04d7 09       		.uleb128 0x9
 1250 04d8 04       		.byte	0x4
 1251 04d9 AD030000 		.4byte	0x3ad
 1252 04dd 15       		.uleb128 0x15
 1253 04de 01       		.byte	0x1
 1254 04df 55030000 		.4byte	.LASF81
 1255 04e3 01       		.byte	0x1
 1256 04e4 44       		.byte	0x44
 1257 04e5 01       		.byte	0x1
 1258 04e6 00000000 		.4byte	.LFB7
 1259 04ea 3C000000 		.4byte	.LFE7
 1260 04ee 00000000 		.4byte	.LLST0
 1261 04f2 01       		.byte	0x1
 1262 04f3 16       		.uleb128 0x16
 1263 04f4 01       		.byte	0x1
 1264 04f5 57000000 		.4byte	.LASF71
 1265 04f9 01       		.byte	0x1
 1266 04fa 5C       		.byte	0x5c
 1267 04fb 01       		.byte	0x1
 1268 04fc 00000000 		.4byte	.LFB8
 1269 0500 66000000 		.4byte	.LFE8
 1270 0504 20000000 		.4byte	.LLST1
 1271 0508 01       		.byte	0x1
 1272 0509 45050000 		.4byte	0x545
 1273 050d 17       		.uleb128 0x17
 1274 050e 51000000 		.4byte	.LASF70
 1275 0512 01       		.byte	0x1
 1276 0513 5C       		.byte	0x5c
 1277 0514 61040000 		.4byte	0x461
 1278 0518 02       		.byte	0x2
 1279 0519 91       		.byte	0x91
 1280 051a 6C       		.sleb128 -20
 1281 051b 18       		.uleb128 0x18
 1282 051c 62756600 		.ascii	"buf\000"
 1283 0520 01       		.byte	0x1
 1284 0521 5C       		.byte	0x5c
 1285 0522 A6020000 		.4byte	0x2a6
 1286 0526 02       		.byte	0x2
 1287 0527 91       		.byte	0x91
 1288 0528 68       		.sleb128 -24
 1289 0529 17       		.uleb128 0x17
 1290 052a 2B010000 		.4byte	.LASF64
ARM GAS  /tmp/ccn9mawf.s 			page 24


 1291 052e 01       		.byte	0x1
 1292 052f 5C       		.byte	0x5c
 1293 0530 30000000 		.4byte	0x30
 1294 0534 02       		.byte	0x2
 1295 0535 91       		.byte	0x91
 1296 0536 64       		.sleb128 -28
 1297 0537 19       		.uleb128 0x19
 1298 0538 687000   		.ascii	"hp\000"
 1299 053b 01       		.byte	0x1
 1300 053c 5D       		.byte	0x5d
 1301 053d 5B040000 		.4byte	0x45b
 1302 0541 02       		.byte	0x2
 1303 0542 91       		.byte	0x91
 1304 0543 74       		.sleb128 -12
 1305 0544 00       		.byte	0
 1306 0545 1A       		.uleb128 0x1a
 1307 0546 01       		.byte	0x1
 1308 0547 B9020000 		.4byte	.LASF73
 1309 054b 01       		.byte	0x1
 1310 054c 7D       		.byte	0x7d
 1311 054d 01       		.byte	0x1
 1312 054e A6020000 		.4byte	0x2a6
 1313 0552 00000000 		.4byte	.LFB9
 1314 0556 F4000000 		.4byte	.LFE9
 1315 055a 4C000000 		.4byte	.LLST2
 1316 055e 01       		.byte	0x1
 1317 055f A7050000 		.4byte	0x5a7
 1318 0563 17       		.uleb128 0x17
 1319 0564 51000000 		.4byte	.LASF70
 1320 0568 01       		.byte	0x1
 1321 0569 7D       		.byte	0x7d
 1322 056a 61040000 		.4byte	0x461
 1323 056e 02       		.byte	0x2
 1324 056f 91       		.byte	0x91
 1325 0570 64       		.sleb128 -28
 1326 0571 17       		.uleb128 0x17
 1327 0572 2B010000 		.4byte	.LASF64
 1328 0576 01       		.byte	0x1
 1329 0577 7D       		.byte	0x7d
 1330 0578 30000000 		.4byte	0x30
 1331 057c 02       		.byte	0x2
 1332 057d 91       		.byte	0x91
 1333 057e 60       		.sleb128 -32
 1334 057f 19       		.uleb128 0x19
 1335 0580 717000   		.ascii	"qp\000"
 1336 0583 01       		.byte	0x1
 1337 0584 7E       		.byte	0x7e
 1338 0585 5B040000 		.4byte	0x45b
 1339 0589 02       		.byte	0x2
 1340 058a 91       		.byte	0x91
 1341 058b 74       		.sleb128 -12
 1342 058c 19       		.uleb128 0x19
 1343 058d 687000   		.ascii	"hp\000"
 1344 0590 01       		.byte	0x1
 1345 0591 7E       		.byte	0x7e
 1346 0592 5B040000 		.4byte	0x45b
 1347 0596 02       		.byte	0x2
ARM GAS  /tmp/ccn9mawf.s 			page 25


 1348 0597 91       		.byte	0x91
 1349 0598 70       		.sleb128 -16
 1350 0599 19       		.uleb128 0x19
 1351 059a 667000   		.ascii	"fp\000"
 1352 059d 01       		.byte	0x1
 1353 059e 7E       		.byte	0x7e
 1354 059f 5B040000 		.4byte	0x45b
 1355 05a3 02       		.byte	0x2
 1356 05a4 91       		.byte	0x91
 1357 05a5 6C       		.sleb128 -20
 1358 05a6 00       		.byte	0
 1359 05a7 16       		.uleb128 0x16
 1360 05a8 01       		.byte	0x1
 1361 05a9 9E000000 		.4byte	.LASF72
 1362 05ad 01       		.byte	0x1
 1363 05ae BB       		.byte	0xbb
 1364 05af 01       		.byte	0x1
 1365 05b0 00000000 		.4byte	.LFB10
 1366 05b4 08010000 		.4byte	.LFE10
 1367 05b8 78000000 		.4byte	.LLST3
 1368 05bc 01       		.byte	0x1
 1369 05bd F6050000 		.4byte	0x5f6
 1370 05c1 18       		.uleb128 0x18
 1371 05c2 7000     		.ascii	"p\000"
 1372 05c4 01       		.byte	0x1
 1373 05c5 BB       		.byte	0xbb
 1374 05c6 A6020000 		.4byte	0x2a6
 1375 05ca 02       		.byte	0x2
 1376 05cb 91       		.byte	0x91
 1377 05cc 64       		.sleb128 -28
 1378 05cd 19       		.uleb128 0x19
 1379 05ce 717000   		.ascii	"qp\000"
 1380 05d1 01       		.byte	0x1
 1381 05d2 BC       		.byte	0xbc
 1382 05d3 5B040000 		.4byte	0x45b
 1383 05d7 02       		.byte	0x2
 1384 05d8 91       		.byte	0x91
 1385 05d9 74       		.sleb128 -12
 1386 05da 19       		.uleb128 0x19
 1387 05db 687000   		.ascii	"hp\000"
 1388 05de 01       		.byte	0x1
 1389 05df BC       		.byte	0xbc
 1390 05e0 5B040000 		.4byte	0x45b
 1391 05e4 02       		.byte	0x2
 1392 05e5 91       		.byte	0x91
 1393 05e6 70       		.sleb128 -16
 1394 05e7 1B       		.uleb128 0x1b
 1395 05e8 51000000 		.4byte	.LASF70
 1396 05ec 01       		.byte	0x1
 1397 05ed BD       		.byte	0xbd
 1398 05ee 61040000 		.4byte	0x461
 1399 05f2 02       		.byte	0x2
 1400 05f3 91       		.byte	0x91
 1401 05f4 6C       		.sleb128 -20
 1402 05f5 00       		.byte	0
 1403 05f6 1A       		.uleb128 0x1a
 1404 05f7 01       		.byte	0x1
ARM GAS  /tmp/ccn9mawf.s 			page 26


 1405 05f8 F0020000 		.4byte	.LASF74
 1406 05fc 01       		.byte	0x1
 1407 05fd F3       		.byte	0xf3
 1408 05fe 01       		.byte	0x1
 1409 05ff 30000000 		.4byte	0x30
 1410 0603 00000000 		.4byte	.LFB11
 1411 0607 74000000 		.4byte	.LFE11
 1412 060b A4000000 		.4byte	.LLST4
 1413 060f 01       		.byte	0x1
 1414 0610 57060000 		.4byte	0x657
 1415 0614 17       		.uleb128 0x17
 1416 0615 51000000 		.4byte	.LASF70
 1417 0619 01       		.byte	0x1
 1418 061a F3       		.byte	0xf3
 1419 061b 61040000 		.4byte	0x461
 1420 061f 02       		.byte	0x2
 1421 0620 91       		.byte	0x91
 1422 0621 64       		.sleb128 -28
 1423 0622 17       		.uleb128 0x17
 1424 0623 48030000 		.4byte	.LASF75
 1425 0627 01       		.byte	0x1
 1426 0628 F3       		.byte	0xf3
 1427 0629 57060000 		.4byte	0x657
 1428 062d 02       		.byte	0x2
 1429 062e 91       		.byte	0x91
 1430 062f 60       		.sleb128 -32
 1431 0630 19       		.uleb128 0x19
 1432 0631 717000   		.ascii	"qp\000"
 1433 0634 01       		.byte	0x1
 1434 0635 F4       		.byte	0xf4
 1435 0636 5B040000 		.4byte	0x45b
 1436 063a 02       		.byte	0x2
 1437 063b 91       		.byte	0x91
 1438 063c 74       		.sleb128 -12
 1439 063d 19       		.uleb128 0x19
 1440 063e 6E00     		.ascii	"n\000"
 1441 0640 01       		.byte	0x1
 1442 0641 F5       		.byte	0xf5
 1443 0642 30000000 		.4byte	0x30
 1444 0646 02       		.byte	0x2
 1445 0647 91       		.byte	0x91
 1446 0648 70       		.sleb128 -16
 1447 0649 19       		.uleb128 0x19
 1448 064a 737A00   		.ascii	"sz\000"
 1449 064d 01       		.byte	0x1
 1450 064e F5       		.byte	0xf5
 1451 064f 30000000 		.4byte	0x30
 1452 0653 02       		.byte	0x2
 1453 0654 91       		.byte	0x91
 1454 0655 6C       		.sleb128 -20
 1455 0656 00       		.byte	0
 1456 0657 09       		.uleb128 0x9
 1457 0658 04       		.byte	0x4
 1458 0659 30000000 		.4byte	0x30
 1459 065d 1B       		.uleb128 0x1b
 1460 065e DE020000 		.4byte	.LASF76
 1461 0662 01       		.byte	0x1
ARM GAS  /tmp/ccn9mawf.s 			page 27


 1462 0663 3D       		.byte	0x3d
 1463 0664 D9030000 		.4byte	0x3d9
 1464 0668 05       		.byte	0x5
 1465 0669 03       		.byte	0x3
 1466 066a 00000000 		.4byte	default_heap
 1467 066e 00       		.byte	0
 1468              		.section	.debug_abbrev,"",%progbits
 1469              	.Ldebug_abbrev0:
 1470 0000 01       		.uleb128 0x1
 1471 0001 11       		.uleb128 0x11
 1472 0002 01       		.byte	0x1
 1473 0003 25       		.uleb128 0x25
 1474 0004 0E       		.uleb128 0xe
 1475 0005 13       		.uleb128 0x13
 1476 0006 0B       		.uleb128 0xb
 1477 0007 03       		.uleb128 0x3
 1478 0008 0E       		.uleb128 0xe
 1479 0009 1B       		.uleb128 0x1b
 1480 000a 0E       		.uleb128 0xe
 1481 000b 55       		.uleb128 0x55
 1482 000c 06       		.uleb128 0x6
 1483 000d 11       		.uleb128 0x11
 1484 000e 01       		.uleb128 0x1
 1485 000f 52       		.uleb128 0x52
 1486 0010 01       		.uleb128 0x1
 1487 0011 10       		.uleb128 0x10
 1488 0012 06       		.uleb128 0x6
 1489 0013 00       		.byte	0
 1490 0014 00       		.byte	0
 1491 0015 02       		.uleb128 0x2
 1492 0016 24       		.uleb128 0x24
 1493 0017 00       		.byte	0
 1494 0018 0B       		.uleb128 0xb
 1495 0019 0B       		.uleb128 0xb
 1496 001a 3E       		.uleb128 0x3e
 1497 001b 0B       		.uleb128 0xb
 1498 001c 03       		.uleb128 0x3
 1499 001d 08       		.uleb128 0x8
 1500 001e 00       		.byte	0
 1501 001f 00       		.byte	0
 1502 0020 03       		.uleb128 0x3
 1503 0021 16       		.uleb128 0x16
 1504 0022 00       		.byte	0
 1505 0023 03       		.uleb128 0x3
 1506 0024 0E       		.uleb128 0xe
 1507 0025 3A       		.uleb128 0x3a
 1508 0026 0B       		.uleb128 0xb
 1509 0027 3B       		.uleb128 0x3b
 1510 0028 0B       		.uleb128 0xb
 1511 0029 49       		.uleb128 0x49
 1512 002a 13       		.uleb128 0x13
 1513 002b 00       		.byte	0
 1514 002c 00       		.byte	0
 1515 002d 04       		.uleb128 0x4
 1516 002e 24       		.uleb128 0x24
 1517 002f 00       		.byte	0
 1518 0030 0B       		.uleb128 0xb
ARM GAS  /tmp/ccn9mawf.s 			page 28


 1519 0031 0B       		.uleb128 0xb
 1520 0032 3E       		.uleb128 0x3e
 1521 0033 0B       		.uleb128 0xb
 1522 0034 03       		.uleb128 0x3
 1523 0035 0E       		.uleb128 0xe
 1524 0036 00       		.byte	0
 1525 0037 00       		.byte	0
 1526 0038 05       		.uleb128 0x5
 1527 0039 13       		.uleb128 0x13
 1528 003a 01       		.byte	0x1
 1529 003b 03       		.uleb128 0x3
 1530 003c 0E       		.uleb128 0xe
 1531 003d 0B       		.uleb128 0xb
 1532 003e 0B       		.uleb128 0xb
 1533 003f 3A       		.uleb128 0x3a
 1534 0040 0B       		.uleb128 0xb
 1535 0041 3B       		.uleb128 0x3b
 1536 0042 0B       		.uleb128 0xb
 1537 0043 01       		.uleb128 0x1
 1538 0044 13       		.uleb128 0x13
 1539 0045 00       		.byte	0
 1540 0046 00       		.byte	0
 1541 0047 06       		.uleb128 0x6
 1542 0048 0D       		.uleb128 0xd
 1543 0049 00       		.byte	0
 1544 004a 03       		.uleb128 0x3
 1545 004b 0E       		.uleb128 0xe
 1546 004c 3A       		.uleb128 0x3a
 1547 004d 0B       		.uleb128 0xb
 1548 004e 3B       		.uleb128 0x3b
 1549 004f 0B       		.uleb128 0xb
 1550 0050 49       		.uleb128 0x49
 1551 0051 13       		.uleb128 0x13
 1552 0052 38       		.uleb128 0x38
 1553 0053 0A       		.uleb128 0xa
 1554 0054 00       		.byte	0
 1555 0055 00       		.byte	0
 1556 0056 07       		.uleb128 0x7
 1557 0057 0D       		.uleb128 0xd
 1558 0058 00       		.byte	0
 1559 0059 03       		.uleb128 0x3
 1560 005a 08       		.uleb128 0x8
 1561 005b 3A       		.uleb128 0x3a
 1562 005c 0B       		.uleb128 0xb
 1563 005d 3B       		.uleb128 0x3b
 1564 005e 0B       		.uleb128 0xb
 1565 005f 49       		.uleb128 0x49
 1566 0060 13       		.uleb128 0x13
 1567 0061 38       		.uleb128 0x38
 1568 0062 0A       		.uleb128 0xa
 1569 0063 00       		.byte	0
 1570 0064 00       		.byte	0
 1571 0065 08       		.uleb128 0x8
 1572 0066 13       		.uleb128 0x13
 1573 0067 01       		.byte	0x1
 1574 0068 0B       		.uleb128 0xb
 1575 0069 0B       		.uleb128 0xb
ARM GAS  /tmp/ccn9mawf.s 			page 29


 1576 006a 3A       		.uleb128 0x3a
 1577 006b 0B       		.uleb128 0xb
 1578 006c 3B       		.uleb128 0x3b
 1579 006d 0B       		.uleb128 0xb
 1580 006e 01       		.uleb128 0x1
 1581 006f 13       		.uleb128 0x13
 1582 0070 00       		.byte	0
 1583 0071 00       		.byte	0
 1584 0072 09       		.uleb128 0x9
 1585 0073 0F       		.uleb128 0xf
 1586 0074 00       		.byte	0
 1587 0075 0B       		.uleb128 0xb
 1588 0076 0B       		.uleb128 0xb
 1589 0077 49       		.uleb128 0x49
 1590 0078 13       		.uleb128 0x13
 1591 0079 00       		.byte	0
 1592 007a 00       		.byte	0
 1593 007b 0A       		.uleb128 0xa
 1594 007c 0F       		.uleb128 0xf
 1595 007d 00       		.byte	0
 1596 007e 0B       		.uleb128 0xb
 1597 007f 0B       		.uleb128 0xb
 1598 0080 00       		.byte	0
 1599 0081 00       		.byte	0
 1600 0082 0B       		.uleb128 0xb
 1601 0083 13       		.uleb128 0x13
 1602 0084 01       		.byte	0x1
 1603 0085 03       		.uleb128 0x3
 1604 0086 0E       		.uleb128 0xe
 1605 0087 0B       		.uleb128 0xb
 1606 0088 0B       		.uleb128 0xb
 1607 0089 3A       		.uleb128 0x3a
 1608 008a 0B       		.uleb128 0xb
 1609 008b 3B       		.uleb128 0x3b
 1610 008c 05       		.uleb128 0x5
 1611 008d 01       		.uleb128 0x1
 1612 008e 13       		.uleb128 0x13
 1613 008f 00       		.byte	0
 1614 0090 00       		.byte	0
 1615 0091 0C       		.uleb128 0xc
 1616 0092 0D       		.uleb128 0xd
 1617 0093 00       		.byte	0
 1618 0094 03       		.uleb128 0x3
 1619 0095 08       		.uleb128 0x8
 1620 0096 3A       		.uleb128 0x3a
 1621 0097 0B       		.uleb128 0xb
 1622 0098 3B       		.uleb128 0x3b
 1623 0099 05       		.uleb128 0x5
 1624 009a 49       		.uleb128 0x49
 1625 009b 13       		.uleb128 0x13
 1626 009c 38       		.uleb128 0x38
 1627 009d 0A       		.uleb128 0xa
 1628 009e 00       		.byte	0
 1629 009f 00       		.byte	0
 1630 00a0 0D       		.uleb128 0xd
 1631 00a1 35       		.uleb128 0x35
 1632 00a2 00       		.byte	0
ARM GAS  /tmp/ccn9mawf.s 			page 30


 1633 00a3 49       		.uleb128 0x49
 1634 00a4 13       		.uleb128 0x13
 1635 00a5 00       		.byte	0
 1636 00a6 00       		.byte	0
 1637 00a7 0E       		.uleb128 0xe
 1638 00a8 15       		.uleb128 0x15
 1639 00a9 01       		.byte	0x1
 1640 00aa 27       		.uleb128 0x27
 1641 00ab 0C       		.uleb128 0xc
 1642 00ac 49       		.uleb128 0x49
 1643 00ad 13       		.uleb128 0x13
 1644 00ae 01       		.uleb128 0x1
 1645 00af 13       		.uleb128 0x13
 1646 00b0 00       		.byte	0
 1647 00b1 00       		.byte	0
 1648 00b2 0F       		.uleb128 0xf
 1649 00b3 05       		.uleb128 0x5
 1650 00b4 00       		.byte	0
 1651 00b5 49       		.uleb128 0x49
 1652 00b6 13       		.uleb128 0x13
 1653 00b7 00       		.byte	0
 1654 00b8 00       		.byte	0
 1655 00b9 10       		.uleb128 0x10
 1656 00ba 17       		.uleb128 0x17
 1657 00bb 01       		.byte	0x1
 1658 00bc 0B       		.uleb128 0xb
 1659 00bd 0B       		.uleb128 0xb
 1660 00be 3A       		.uleb128 0x3a
 1661 00bf 0B       		.uleb128 0xb
 1662 00c0 3B       		.uleb128 0x3b
 1663 00c1 0B       		.uleb128 0xb
 1664 00c2 01       		.uleb128 0x1
 1665 00c3 13       		.uleb128 0x13
 1666 00c4 00       		.byte	0
 1667 00c5 00       		.byte	0
 1668 00c6 11       		.uleb128 0x11
 1669 00c7 0D       		.uleb128 0xd
 1670 00c8 00       		.byte	0
 1671 00c9 03       		.uleb128 0x3
 1672 00ca 0E       		.uleb128 0xe
 1673 00cb 3A       		.uleb128 0x3a
 1674 00cc 0B       		.uleb128 0xb
 1675 00cd 3B       		.uleb128 0x3b
 1676 00ce 0B       		.uleb128 0xb
 1677 00cf 49       		.uleb128 0x49
 1678 00d0 13       		.uleb128 0x13
 1679 00d1 00       		.byte	0
 1680 00d2 00       		.byte	0
 1681 00d3 12       		.uleb128 0x12
 1682 00d4 17       		.uleb128 0x17
 1683 00d5 01       		.byte	0x1
 1684 00d6 03       		.uleb128 0x3
 1685 00d7 0E       		.uleb128 0xe
 1686 00d8 0B       		.uleb128 0xb
 1687 00d9 0B       		.uleb128 0xb
 1688 00da 3A       		.uleb128 0x3a
 1689 00db 0B       		.uleb128 0xb
ARM GAS  /tmp/ccn9mawf.s 			page 31


 1690 00dc 3B       		.uleb128 0x3b
 1691 00dd 0B       		.uleb128 0xb
 1692 00de 01       		.uleb128 0x1
 1693 00df 13       		.uleb128 0x13
 1694 00e0 00       		.byte	0
 1695 00e1 00       		.byte	0
 1696 00e2 13       		.uleb128 0x13
 1697 00e3 0D       		.uleb128 0xd
 1698 00e4 00       		.byte	0
 1699 00e5 03       		.uleb128 0x3
 1700 00e6 08       		.uleb128 0x8
 1701 00e7 3A       		.uleb128 0x3a
 1702 00e8 0B       		.uleb128 0xb
 1703 00e9 3B       		.uleb128 0x3b
 1704 00ea 0B       		.uleb128 0xb
 1705 00eb 49       		.uleb128 0x49
 1706 00ec 13       		.uleb128 0x13
 1707 00ed 00       		.byte	0
 1708 00ee 00       		.byte	0
 1709 00ef 14       		.uleb128 0x14
 1710 00f0 26       		.uleb128 0x26
 1711 00f1 00       		.byte	0
 1712 00f2 49       		.uleb128 0x49
 1713 00f3 13       		.uleb128 0x13
 1714 00f4 00       		.byte	0
 1715 00f5 00       		.byte	0
 1716 00f6 15       		.uleb128 0x15
 1717 00f7 2E       		.uleb128 0x2e
 1718 00f8 00       		.byte	0
 1719 00f9 3F       		.uleb128 0x3f
 1720 00fa 0C       		.uleb128 0xc
 1721 00fb 03       		.uleb128 0x3
 1722 00fc 0E       		.uleb128 0xe
 1723 00fd 3A       		.uleb128 0x3a
 1724 00fe 0B       		.uleb128 0xb
 1725 00ff 3B       		.uleb128 0x3b
 1726 0100 0B       		.uleb128 0xb
 1727 0101 27       		.uleb128 0x27
 1728 0102 0C       		.uleb128 0xc
 1729 0103 11       		.uleb128 0x11
 1730 0104 01       		.uleb128 0x1
 1731 0105 12       		.uleb128 0x12
 1732 0106 01       		.uleb128 0x1
 1733 0107 40       		.uleb128 0x40
 1734 0108 06       		.uleb128 0x6
 1735 0109 9642     		.uleb128 0x2116
 1736 010b 0C       		.uleb128 0xc
 1737 010c 00       		.byte	0
 1738 010d 00       		.byte	0
 1739 010e 16       		.uleb128 0x16
 1740 010f 2E       		.uleb128 0x2e
 1741 0110 01       		.byte	0x1
 1742 0111 3F       		.uleb128 0x3f
 1743 0112 0C       		.uleb128 0xc
 1744 0113 03       		.uleb128 0x3
 1745 0114 0E       		.uleb128 0xe
 1746 0115 3A       		.uleb128 0x3a
ARM GAS  /tmp/ccn9mawf.s 			page 32


 1747 0116 0B       		.uleb128 0xb
 1748 0117 3B       		.uleb128 0x3b
 1749 0118 0B       		.uleb128 0xb
 1750 0119 27       		.uleb128 0x27
 1751 011a 0C       		.uleb128 0xc
 1752 011b 11       		.uleb128 0x11
 1753 011c 01       		.uleb128 0x1
 1754 011d 12       		.uleb128 0x12
 1755 011e 01       		.uleb128 0x1
 1756 011f 40       		.uleb128 0x40
 1757 0120 06       		.uleb128 0x6
 1758 0121 9642     		.uleb128 0x2116
 1759 0123 0C       		.uleb128 0xc
 1760 0124 01       		.uleb128 0x1
 1761 0125 13       		.uleb128 0x13
 1762 0126 00       		.byte	0
 1763 0127 00       		.byte	0
 1764 0128 17       		.uleb128 0x17
 1765 0129 05       		.uleb128 0x5
 1766 012a 00       		.byte	0
 1767 012b 03       		.uleb128 0x3
 1768 012c 0E       		.uleb128 0xe
 1769 012d 3A       		.uleb128 0x3a
 1770 012e 0B       		.uleb128 0xb
 1771 012f 3B       		.uleb128 0x3b
 1772 0130 0B       		.uleb128 0xb
 1773 0131 49       		.uleb128 0x49
 1774 0132 13       		.uleb128 0x13
 1775 0133 02       		.uleb128 0x2
 1776 0134 0A       		.uleb128 0xa
 1777 0135 00       		.byte	0
 1778 0136 00       		.byte	0
 1779 0137 18       		.uleb128 0x18
 1780 0138 05       		.uleb128 0x5
 1781 0139 00       		.byte	0
 1782 013a 03       		.uleb128 0x3
 1783 013b 08       		.uleb128 0x8
 1784 013c 3A       		.uleb128 0x3a
 1785 013d 0B       		.uleb128 0xb
 1786 013e 3B       		.uleb128 0x3b
 1787 013f 0B       		.uleb128 0xb
 1788 0140 49       		.uleb128 0x49
 1789 0141 13       		.uleb128 0x13
 1790 0142 02       		.uleb128 0x2
 1791 0143 0A       		.uleb128 0xa
 1792 0144 00       		.byte	0
 1793 0145 00       		.byte	0
 1794 0146 19       		.uleb128 0x19
 1795 0147 34       		.uleb128 0x34
 1796 0148 00       		.byte	0
 1797 0149 03       		.uleb128 0x3
 1798 014a 08       		.uleb128 0x8
 1799 014b 3A       		.uleb128 0x3a
 1800 014c 0B       		.uleb128 0xb
 1801 014d 3B       		.uleb128 0x3b
 1802 014e 0B       		.uleb128 0xb
 1803 014f 49       		.uleb128 0x49
ARM GAS  /tmp/ccn9mawf.s 			page 33


 1804 0150 13       		.uleb128 0x13
 1805 0151 02       		.uleb128 0x2
 1806 0152 0A       		.uleb128 0xa
 1807 0153 00       		.byte	0
 1808 0154 00       		.byte	0
 1809 0155 1A       		.uleb128 0x1a
 1810 0156 2E       		.uleb128 0x2e
 1811 0157 01       		.byte	0x1
 1812 0158 3F       		.uleb128 0x3f
 1813 0159 0C       		.uleb128 0xc
 1814 015a 03       		.uleb128 0x3
 1815 015b 0E       		.uleb128 0xe
 1816 015c 3A       		.uleb128 0x3a
 1817 015d 0B       		.uleb128 0xb
 1818 015e 3B       		.uleb128 0x3b
 1819 015f 0B       		.uleb128 0xb
 1820 0160 27       		.uleb128 0x27
 1821 0161 0C       		.uleb128 0xc
 1822 0162 49       		.uleb128 0x49
 1823 0163 13       		.uleb128 0x13
 1824 0164 11       		.uleb128 0x11
 1825 0165 01       		.uleb128 0x1
 1826 0166 12       		.uleb128 0x12
 1827 0167 01       		.uleb128 0x1
 1828 0168 40       		.uleb128 0x40
 1829 0169 06       		.uleb128 0x6
 1830 016a 9642     		.uleb128 0x2116
 1831 016c 0C       		.uleb128 0xc
 1832 016d 01       		.uleb128 0x1
 1833 016e 13       		.uleb128 0x13
 1834 016f 00       		.byte	0
 1835 0170 00       		.byte	0
 1836 0171 1B       		.uleb128 0x1b
 1837 0172 34       		.uleb128 0x34
 1838 0173 00       		.byte	0
 1839 0174 03       		.uleb128 0x3
 1840 0175 0E       		.uleb128 0xe
 1841 0176 3A       		.uleb128 0x3a
 1842 0177 0B       		.uleb128 0xb
 1843 0178 3B       		.uleb128 0x3b
 1844 0179 0B       		.uleb128 0xb
 1845 017a 49       		.uleb128 0x49
 1846 017b 13       		.uleb128 0x13
 1847 017c 02       		.uleb128 0x2
 1848 017d 0A       		.uleb128 0xa
 1849 017e 00       		.byte	0
 1850 017f 00       		.byte	0
 1851 0180 00       		.byte	0
 1852              		.section	.debug_loc,"",%progbits
 1853              	.Ldebug_loc0:
 1854              	.LLST0:
 1855 0000 00000000 		.4byte	.LFB7
 1856 0004 02000000 		.4byte	.LCFI0
 1857 0008 0200     		.2byte	0x2
 1858 000a 7D       		.byte	0x7d
 1859 000b 00       		.sleb128 0
 1860 000c 02000000 		.4byte	.LCFI0
ARM GAS  /tmp/ccn9mawf.s 			page 34


 1861 0010 3C000000 		.4byte	.LFE7
 1862 0014 0200     		.2byte	0x2
 1863 0016 7D       		.byte	0x7d
 1864 0017 08       		.sleb128 8
 1865 0018 00000000 		.4byte	0
 1866 001c 00000000 		.4byte	0
 1867              	.LLST1:
 1868 0020 00000000 		.4byte	.LFB8
 1869 0024 02000000 		.4byte	.LCFI1
 1870 0028 0200     		.2byte	0x2
 1871 002a 7D       		.byte	0x7d
 1872 002b 00       		.sleb128 0
 1873 002c 02000000 		.4byte	.LCFI1
 1874 0030 04000000 		.4byte	.LCFI2
 1875 0034 0200     		.2byte	0x2
 1876 0036 7D       		.byte	0x7d
 1877 0037 04       		.sleb128 4
 1878 0038 04000000 		.4byte	.LCFI2
 1879 003c 66000000 		.4byte	.LFE8
 1880 0040 0200     		.2byte	0x2
 1881 0042 7D       		.byte	0x7d
 1882 0043 20       		.sleb128 32
 1883 0044 00000000 		.4byte	0
 1884 0048 00000000 		.4byte	0
 1885              	.LLST2:
 1886 004c 00000000 		.4byte	.LFB9
 1887 0050 02000000 		.4byte	.LCFI3
 1888 0054 0200     		.2byte	0x2
 1889 0056 7D       		.byte	0x7d
 1890 0057 00       		.sleb128 0
 1891 0058 02000000 		.4byte	.LCFI3
 1892 005c 04000000 		.4byte	.LCFI4
 1893 0060 0200     		.2byte	0x2
 1894 0062 7D       		.byte	0x7d
 1895 0063 04       		.sleb128 4
 1896 0064 04000000 		.4byte	.LCFI4
 1897 0068 F4000000 		.4byte	.LFE9
 1898 006c 0200     		.2byte	0x2
 1899 006e 7D       		.byte	0x7d
 1900 006f 20       		.sleb128 32
 1901 0070 00000000 		.4byte	0
 1902 0074 00000000 		.4byte	0
 1903              	.LLST3:
 1904 0078 00000000 		.4byte	.LFB10
 1905 007c 02000000 		.4byte	.LCFI5
 1906 0080 0200     		.2byte	0x2
 1907 0082 7D       		.byte	0x7d
 1908 0083 00       		.sleb128 0
 1909 0084 02000000 		.4byte	.LCFI5
 1910 0088 04000000 		.4byte	.LCFI6
 1911 008c 0200     		.2byte	0x2
 1912 008e 7D       		.byte	0x7d
 1913 008f 04       		.sleb128 4
 1914 0090 04000000 		.4byte	.LCFI6
 1915 0094 08010000 		.4byte	.LFE10
 1916 0098 0200     		.2byte	0x2
 1917 009a 7D       		.byte	0x7d
ARM GAS  /tmp/ccn9mawf.s 			page 35


 1918 009b 20       		.sleb128 32
 1919 009c 00000000 		.4byte	0
 1920 00a0 00000000 		.4byte	0
 1921              	.LLST4:
 1922 00a4 00000000 		.4byte	.LFB11
 1923 00a8 02000000 		.4byte	.LCFI7
 1924 00ac 0200     		.2byte	0x2
 1925 00ae 7D       		.byte	0x7d
 1926 00af 00       		.sleb128 0
 1927 00b0 02000000 		.4byte	.LCFI7
 1928 00b4 04000000 		.4byte	.LCFI8
 1929 00b8 0200     		.2byte	0x2
 1930 00ba 7D       		.byte	0x7d
 1931 00bb 04       		.sleb128 4
 1932 00bc 04000000 		.4byte	.LCFI8
 1933 00c0 74000000 		.4byte	.LFE11
 1934 00c4 0200     		.2byte	0x2
 1935 00c6 7D       		.byte	0x7d
 1936 00c7 20       		.sleb128 32
 1937 00c8 00000000 		.4byte	0
 1938 00cc 00000000 		.4byte	0
 1939              		.section	.debug_aranges,"",%progbits
 1940 0000 3C000000 		.4byte	0x3c
 1941 0004 0200     		.2byte	0x2
 1942 0006 00000000 		.4byte	.Ldebug_info0
 1943 000a 04       		.byte	0x4
 1944 000b 00       		.byte	0
 1945 000c 0000     		.2byte	0
 1946 000e 0000     		.2byte	0
 1947 0010 00000000 		.4byte	.LFB7
 1948 0014 3C000000 		.4byte	.LFE7-.LFB7
 1949 0018 00000000 		.4byte	.LFB8
 1950 001c 66000000 		.4byte	.LFE8-.LFB8
 1951 0020 00000000 		.4byte	.LFB9
 1952 0024 F4000000 		.4byte	.LFE9-.LFB9
 1953 0028 00000000 		.4byte	.LFB10
 1954 002c 08010000 		.4byte	.LFE10-.LFB10
 1955 0030 00000000 		.4byte	.LFB11
 1956 0034 74000000 		.4byte	.LFE11-.LFB11
 1957 0038 00000000 		.4byte	0
 1958 003c 00000000 		.4byte	0
 1959              		.section	.debug_ranges,"",%progbits
 1960              	.Ldebug_ranges0:
 1961 0000 00000000 		.4byte	.LFB7
 1962 0004 3C000000 		.4byte	.LFE7
 1963 0008 00000000 		.4byte	.LFB8
 1964 000c 66000000 		.4byte	.LFE8
 1965 0010 00000000 		.4byte	.LFB9
 1966 0014 F4000000 		.4byte	.LFE9
 1967 0018 00000000 		.4byte	.LFB10
 1968 001c 08010000 		.4byte	.LFE10
 1969 0020 00000000 		.4byte	.LFB11
 1970 0024 74000000 		.4byte	.LFE11
 1971 0028 00000000 		.4byte	0
 1972 002c 00000000 		.4byte	0
 1973              		.section	.debug_line,"",%progbits
 1974              	.Ldebug_line0:
ARM GAS  /tmp/ccn9mawf.s 			page 36


 1975 0000 41020000 		.section	.debug_str,"MS",%progbits,1
 1975      02005601 
 1975      00000201 
 1975      FB0E0D00 
 1975      01010101 
 1976              	.LASF39:
 1977 0000 705F6D73 		.ascii	"p_msg\000"
 1977      6700
 1978              	.LASF2:
 1979 0006 73697A65 		.ascii	"size_t\000"
 1979      5F7400
 1980              	.LASF65:
 1981 000d 7264796D 		.ascii	"rdymsg\000"
 1981      736700
 1982              	.LASF12:
 1983 0014 75696E74 		.ascii	"uint64_t\000"
 1983      36345F74 
 1983      00
 1984              	.LASF55:
 1985 001d 6D656D67 		.ascii	"memgetfunc_t\000"
 1985      65746675 
 1985      6E635F74 
 1985      00
 1986              	.LASF13:
 1987 002a 6C6F6E67 		.ascii	"long long unsigned int\000"
 1987      206C6F6E 
 1987      6720756E 
 1987      7369676E 
 1987      65642069 
 1988              	.LASF66:
 1989 0041 65786974 		.ascii	"exitcode\000"
 1989      636F6465 
 1989      00
 1990              	.LASF59:
 1991 004a 685F6672 		.ascii	"h_free\000"
 1991      656500
 1992              	.LASF70:
 1993 0051 68656170 		.ascii	"heapp\000"
 1993      7000
 1994              	.LASF71:
 1995 0057 63684865 		.ascii	"chHeapInit\000"
 1995      6170496E 
 1995      697400
 1996              	.LASF61:
 1997 0062 6E657874 		.ascii	"next\000"
 1997      00
 1998              	.LASF26:
 1999 0067 705F7072 		.ascii	"p_prio\000"
 1999      696F00
 2000              	.LASF11:
 2001 006e 6C6F6E67 		.ascii	"long long int\000"
 2001      206C6F6E 
 2001      6720696E 
 2001      7400
 2002              	.LASF1:
 2003 007c 7369676E 		.ascii	"signed char\000"
 2003      65642063 
ARM GAS  /tmp/ccn9mawf.s 			page 37


 2003      68617200 
 2004              	.LASF60:
 2005 0088 685F6D74 		.ascii	"h_mtx\000"
 2005      7800
 2006              	.LASF43:
 2007 008e 705F6D70 		.ascii	"p_mpool\000"
 2007      6F6F6C00 
 2008              	.LASF52:
 2009 0096 6D5F7175 		.ascii	"m_queue\000"
 2009      65756500 
 2010              	.LASF72:
 2011 009e 63684865 		.ascii	"chHeapFree\000"
 2011      61704672 
 2011      656500
 2012              	.LASF18:
 2013 00a9 74736C69 		.ascii	"tslices_t\000"
 2013      6365735F 
 2013      7400
 2014              	.LASF8:
 2015 00b3 6C6F6E67 		.ascii	"long int\000"
 2015      20696E74 
 2015      00
 2016              	.LASF78:
 2017 00bc 2E2E2F2E 		.ascii	"../../os/kernel/src/chheap.c\000"
 2017      2E2F6F73 
 2017      2F6B6572 
 2017      6E656C2F 
 2017      7372632F 
 2018              	.LASF16:
 2019 00d9 74737461 		.ascii	"tstate_t\000"
 2019      74655F74 
 2019      00
 2020              	.LASF28:
 2021 00e2 705F6E65 		.ascii	"p_newer\000"
 2021      77657200 
 2022              	.LASF46:
 2023 00ea 72656761 		.ascii	"regarm_t\000"
 2023      726D5F74 
 2023      00
 2024              	.LASF63:
 2025 00f3 616C6967 		.ascii	"align\000"
 2025      6E00
 2026              	.LASF31:
 2027 00f9 705F7374 		.ascii	"p_stklimit\000"
 2027      6B6C696D 
 2027      697400
 2028              	.LASF0:
 2029 0104 756E7369 		.ascii	"unsigned int\000"
 2029      676E6564 
 2029      20696E74 
 2029      00
 2030              	.LASF10:
 2031 0111 6C6F6E67 		.ascii	"long unsigned int\000"
 2031      20756E73 
 2031      69676E65 
 2031      6420696E 
 2031      7400
ARM GAS  /tmp/ccn9mawf.s 			page 38


 2032              	.LASF49:
 2033 0123 636F6E74 		.ascii	"context\000"
 2033      65787400 
 2034              	.LASF64:
 2035 012b 73697A65 		.ascii	"size\000"
 2035      00
 2036              	.LASF6:
 2037 0130 73686F72 		.ascii	"short unsigned int\000"
 2037      7420756E 
 2037      7369676E 
 2037      65642069 
 2037      6E7400
 2038              	.LASF20:
 2039 0143 6D73675F 		.ascii	"msg_t\000"
 2039      7400
 2040              	.LASF15:
 2041 0149 746D6F64 		.ascii	"tmode_t\000"
 2041      655F7400 
 2042              	.LASF45:
 2043 0151 54687265 		.ascii	"ThreadsList\000"
 2043      6164734C 
 2043      69737400 
 2044              	.LASF21:
 2045 015d 6576656E 		.ascii	"eventmask_t\000"
 2045      746D6173 
 2045      6B5F7400 
 2046              	.LASF51:
 2047 0169 4D757465 		.ascii	"Mutex\000"
 2047      7800
 2048              	.LASF77:
 2049 016f 474E5520 		.ascii	"GNU C 4.7.4 20130613 (release) [ARM/embedded-4_7-br"
 2049      4320342E 
 2049      372E3420 
 2049      32303133 
 2049      30363133 
 2050 01a2 616E6368 		.ascii	"anch revision 200083]\000"
 2050      20726576 
 2050      6973696F 
 2050      6E203230 
 2050      30303833 
 2051              	.LASF47:
 2052 01b8 73746B61 		.ascii	"stkalign_t\000"
 2052      6C69676E 
 2052      5F7400
 2053              	.LASF50:
 2054 01c3 73697A65 		.ascii	"sizetype\000"
 2054      74797065 
 2054      00
 2055              	.LASF29:
 2056 01cc 705F6F6C 		.ascii	"p_older\000"
 2056      64657200 
 2057              	.LASF79:
 2058 01d4 2F686F6D 		.ascii	"/home/witold/Dokumenty/arm/ChibiOS-master/demos/dis"
 2058      652F7769 
 2058      746F6C64 
 2058      2F446F6B 
 2058      756D656E 
ARM GAS  /tmp/ccn9mawf.s 			page 39


 2059 0207 636F7665 		.ascii	"covery_1wire\000"
 2059      72795F31 
 2059      77697265 
 2059      00
 2060              	.LASF44:
 2061 0214 54687265 		.ascii	"ThreadsQueue\000"
 2061      61647351 
 2061      75657565 
 2061      00
 2062              	.LASF56:
 2063 0221 4D656D6F 		.ascii	"MemoryHeap\000"
 2063      72794865 
 2063      617000
 2064              	.LASF17:
 2065 022c 74726566 		.ascii	"trefs_t\000"
 2065      735F7400 
 2066              	.LASF25:
 2067 0234 705F7072 		.ascii	"p_prev\000"
 2067      657600
 2068              	.LASF19:
 2069 023b 74707269 		.ascii	"tprio_t\000"
 2069      6F5F7400 
 2070              	.LASF14:
 2071 0243 5F426F6F 		.ascii	"_Bool\000"
 2071      6C00
 2072              	.LASF7:
 2073 0249 696E7433 		.ascii	"int32_t\000"
 2073      325F7400 
 2074              	.LASF4:
 2075 0251 756E7369 		.ascii	"unsigned char\000"
 2075      676E6564 
 2075      20636861 
 2075      7200
 2076              	.LASF58:
 2077 025f 685F7072 		.ascii	"h_provider\000"
 2077      6F766964 
 2077      657200
 2078              	.LASF41:
 2079 026a 705F6D74 		.ascii	"p_mtxlist\000"
 2079      786C6973 
 2079      7400
 2080              	.LASF5:
 2081 0274 73686F72 		.ascii	"short int\000"
 2081      7420696E 
 2081      7400
 2082              	.LASF32:
 2083 027e 705F7374 		.ascii	"p_state\000"
 2083      61746500 
 2084              	.LASF35:
 2085 0286 705F7072 		.ascii	"p_preempt\000"
 2085      65656D70 
 2085      7400
 2086              	.LASF80:
 2087 0290 68656170 		.ascii	"heap_header\000"
 2087      5F686561 
 2087      64657200 
 2088              	.LASF68:
ARM GAS  /tmp/ccn9mawf.s 			page 40


 2089 029c 65776D61 		.ascii	"ewmask\000"
 2089      736B00
 2090              	.LASF24:
 2091 02a3 705F6E65 		.ascii	"p_next\000"
 2091      787400
 2092              	.LASF33:
 2093 02aa 705F666C 		.ascii	"p_flags\000"
 2093      61677300 
 2094              	.LASF23:
 2095 02b2 54687265 		.ascii	"Thread\000"
 2095      616400
 2096              	.LASF73:
 2097 02b9 63684865 		.ascii	"chHeapAlloc\000"
 2097      6170416C 
 2097      6C6F6300 
 2098              	.LASF40:
 2099 02c5 705F6570 		.ascii	"p_epending\000"
 2099      656E6469 
 2099      6E6700
 2100              	.LASF9:
 2101 02d0 75696E74 		.ascii	"uint32_t\000"
 2101      33325F74 
 2101      00
 2102              	.LASF62:
 2103 02d9 68656170 		.ascii	"heap\000"
 2103      00
 2104              	.LASF76:
 2105 02de 64656661 		.ascii	"default_heap\000"
 2105      756C745F 
 2105      68656170 
 2105      00
 2106              	.LASF69:
 2107 02eb 63686172 		.ascii	"char\000"
 2107      00
 2108              	.LASF74:
 2109 02f0 63684865 		.ascii	"chHeapStatus\000"
 2109      61705374 
 2109      61747573 
 2109      00
 2110              	.LASF54:
 2111 02fd 6D5F6E65 		.ascii	"m_next\000"
 2111      787400
 2112              	.LASF22:
 2113 0304 73797374 		.ascii	"systime_t\000"
 2113      696D655F 
 2113      7400
 2114              	.LASF42:
 2115 030e 705F7265 		.ascii	"p_realprio\000"
 2115      616C7072 
 2115      696F00
 2116              	.LASF36:
 2117 0319 705F7469 		.ascii	"p_time\000"
 2117      6D6500
 2118              	.LASF48:
 2119 0320 696E7463 		.ascii	"intctx\000"
 2119      747800
 2120              	.LASF38:
ARM GAS  /tmp/ccn9mawf.s 			page 41


 2121 0327 705F6D73 		.ascii	"p_msgqueue\000"
 2121      67717565 
 2121      756500
 2122              	.LASF34:
 2123 0332 705F7265 		.ascii	"p_refs\000"
 2123      667300
 2124              	.LASF3:
 2125 0339 75696E74 		.ascii	"uint8_t\000"
 2125      385F7400 
 2126              	.LASF67:
 2127 0341 77746F62 		.ascii	"wtobjp\000"
 2127      6A7000
 2128              	.LASF75:
 2129 0348 73697A65 		.ascii	"sizep\000"
 2129      7000
 2130              	.LASF30:
 2131 034e 705F6E61 		.ascii	"p_name\000"
 2131      6D6500
 2132              	.LASF81:
 2133 0355 5F686561 		.ascii	"_heap_init\000"
 2133      705F696E 
 2133      697400
 2134              	.LASF53:
 2135 0360 6D5F6F77 		.ascii	"m_owner\000"
 2135      6E657200 
 2136              	.LASF27:
 2137 0368 705F6374 		.ascii	"p_ctx\000"
 2137      7800
 2138              	.LASF37:
 2139 036e 705F7761 		.ascii	"p_waiting\000"
 2139      6974696E 
 2139      6700
 2140              	.LASF57:
 2141 0378 6D656D6F 		.ascii	"memory_heap\000"
 2141      72795F68 
 2141      65617000 
 2142              		.ident	"GCC: (GNU Tools for ARM Embedded Processors) 4.7.4 20130613 (release) [ARM/embedded-4_7-br
ARM GAS  /tmp/ccn9mawf.s 			page 42


DEFINED SYMBOLS
                            *ABS*:00000000 chheap.c
     /tmp/ccn9mawf.s:19     .bss.default_heap:00000000 $d
     /tmp/ccn9mawf.s:22     .bss.default_heap:00000000 default_heap
     /tmp/ccn9mawf.s:25     .text._heap_init:00000000 $t
     /tmp/ccn9mawf.s:31     .text._heap_init:00000000 _heap_init
     /tmp/ccn9mawf.s:67     .text._heap_init:00000038 $d
     /tmp/ccn9mawf.s:72     .rodata:00000000 $d
     /tmp/ccn9mawf.s:73     .rodata:00000000 .LC0
     /tmp/ccn9mawf.s:76     .text.chHeapInit:00000000 $t
     /tmp/ccn9mawf.s:82     .text.chHeapInit:00000000 chHeapInit
     /tmp/ccn9mawf.s:149    .text.chHeapAlloc:00000000 $t
     /tmp/ccn9mawf.s:155    .text.chHeapAlloc:00000000 chHeapAlloc
     /tmp/ccn9mawf.s:315    .rodata:00000010 .LC1
     /tmp/ccn9mawf.s:318    .rodata:00000020 .LC2
     /tmp/ccn9mawf.s:321    .text.chHeapFree:00000000 $t
     /tmp/ccn9mawf.s:327    .text.chHeapFree:00000000 chHeapFree
     /tmp/ccn9mawf.s:495    .text.chHeapStatus:00000000 $t
     /tmp/ccn9mawf.s:501    .text.chHeapStatus:00000000 chHeapStatus
                     .debug_frame:00000010 $d
     /tmp/ccn9mawf.s:71     .text._heap_init:0000003c $t

UNDEFINED SYMBOLS
chCoreAlloc
chMtxInit
chDbgPanic
chMtxLock
chMtxUnlock
