ARM GAS  /tmp/ccRaeAFc.s 			page 1


   1              		.syntax unified
   2              		.cpu cortex-m4
   3              		.fpu softvfp
   4              		.eabi_attribute 20, 1
   5              		.eabi_attribute 21, 1
   6              		.eabi_attribute 23, 3
   7              		.eabi_attribute 24, 1
   8              		.eabi_attribute 25, 1
   9              		.eabi_attribute 26, 1
  10              		.eabi_attribute 30, 6
  11              		.eabi_attribute 34, 1
  12              		.eabi_attribute 18, 4
  13              		.thumb
  14              		.file	"chprintf.c"
  15              		.text
  16              	.Ltext0:
  17              		.cfi_sections	.debug_frame
  18              		.section	.text.long_to_string_with_divisor,"ax",%progbits
  19              		.align	2
  20              		.p2align 4,,15
  21              		.thumb
  22              		.thumb_func
  23              		.type	long_to_string_with_divisor, %function
  24              	long_to_string_with_divisor:
  25              	.LFB7:
  26              		.file 1 "../../os/various/chprintf.c"
  27              		.loc 1 39 0
  28              		.cfi_startproc
  29              		@ args = 0, pretend = 0, frame = 32
  30              		@ frame_needed = 0, uses_anonymous_args = 0
  31              		@ link register save eliminated.
  32 0000 88B0     		sub	sp, sp, #32
  33              	.LCFI0:
  34              		.cfi_def_cfa_offset 32
  35 0002 0390     		str	r0, [sp, #12]
  36 0004 0291     		str	r1, [sp, #8]
  37 0006 0192     		str	r2, [sp, #4]
  38 0008 0093     		str	r3, [sp, #0]
  39              		.loc 1 44 0
  40 000a 029B     		ldr	r3, [sp, #8]
  41 000c 0593     		str	r3, [sp, #20]
  42              		.loc 1 45 0
  43 000e 009B     		ldr	r3, [sp, #0]
  44 0010 002B     		cmp	r3, #0
  45 0012 02D1     		bne	.L2
  46              		.loc 1 46 0
  47 0014 029B     		ldr	r3, [sp, #8]
  48 0016 0493     		str	r3, [sp, #16]
  49 0018 01E0     		b	.L3
  50              	.L2:
  51              		.loc 1 48 0
  52 001a 009B     		ldr	r3, [sp, #0]
  53 001c 0493     		str	r3, [sp, #16]
  54              	.L3:
  55              		.loc 1 51 0
  56 001e 039B     		ldr	r3, [sp, #12]
  57 0020 03F10B03 		add	r3, r3, #11
ARM GAS  /tmp/ccRaeAFc.s 			page 2


  58 0024 0693     		str	r3, [sp, #24]
  59              	.L5:
  60              		.loc 1 53 0
  61 0026 059B     		ldr	r3, [sp, #20]
  62 0028 019A     		ldr	r2, [sp, #4]
  63 002a B3FBF2F2 		udiv	r2, r3, r2
  64 002e 0199     		ldr	r1, [sp, #4]
  65 0030 01FB02F2 		mul	r2, r1, r2
  66 0034 9B1A     		subs	r3, r3, r2
  67 0036 0793     		str	r3, [sp, #28]
  68              		.loc 1 54 0
  69 0038 079B     		ldr	r3, [sp, #28]
  70 003a 03F13003 		add	r3, r3, #48
  71 003e 0793     		str	r3, [sp, #28]
  72              		.loc 1 55 0
  73 0040 079B     		ldr	r3, [sp, #28]
  74 0042 392B     		cmp	r3, #57
  75 0044 03DD     		ble	.L4
  76              		.loc 1 56 0
  77 0046 079B     		ldr	r3, [sp, #28]
  78 0048 03F10703 		add	r3, r3, #7
  79 004c 0793     		str	r3, [sp, #28]
  80              	.L4:
  81              		.loc 1 57 0
  82 004e 069B     		ldr	r3, [sp, #24]
  83 0050 03F1FF33 		add	r3, r3, #-1
  84 0054 0693     		str	r3, [sp, #24]
  85 0056 079B     		ldr	r3, [sp, #28]
  86 0058 DAB2     		uxtb	r2, r3
  87 005a 069B     		ldr	r3, [sp, #24]
  88 005c 1A70     		strb	r2, [r3, #0]
  89              		.loc 1 58 0
  90 005e 059A     		ldr	r2, [sp, #20]
  91 0060 019B     		ldr	r3, [sp, #4]
  92 0062 B2FBF3F3 		udiv	r3, r2, r3
  93 0066 0593     		str	r3, [sp, #20]
  94              		.loc 1 59 0
  95 0068 049A     		ldr	r2, [sp, #16]
  96 006a 019B     		ldr	r3, [sp, #4]
  97 006c B2FBF3F3 		udiv	r3, r2, r3
  98 0070 0493     		str	r3, [sp, #16]
  99 0072 049B     		ldr	r3, [sp, #16]
 100 0074 002B     		cmp	r3, #0
 101 0076 D6D1     		bne	.L5
 102              		.loc 1 61 0
 103 0078 039B     		ldr	r3, [sp, #12]
 104 007a 03F10B03 		add	r3, r3, #11
 105 007e 1A46     		mov	r2, r3
 106 0080 069B     		ldr	r3, [sp, #24]
 107 0082 D31A     		subs	r3, r2, r3
 108 0084 0793     		str	r3, [sp, #28]
 109              	.L6:
 110              		.loc 1 63 0 discriminator 1
 111 0086 069B     		ldr	r3, [sp, #24]
 112 0088 1A78     		ldrb	r2, [r3, #0]	@ zero_extendqisi2
 113 008a 039B     		ldr	r3, [sp, #12]
 114 008c 1A70     		strb	r2, [r3, #0]
ARM GAS  /tmp/ccRaeAFc.s 			page 3


 115 008e 039B     		ldr	r3, [sp, #12]
 116 0090 03F10103 		add	r3, r3, #1
 117 0094 0393     		str	r3, [sp, #12]
 118 0096 069B     		ldr	r3, [sp, #24]
 119 0098 03F10103 		add	r3, r3, #1
 120 009c 0693     		str	r3, [sp, #24]
 121              		.loc 1 64 0 discriminator 1
 122 009e 079B     		ldr	r3, [sp, #28]
 123 00a0 03F1FF33 		add	r3, r3, #-1
 124 00a4 0793     		str	r3, [sp, #28]
 125 00a6 079B     		ldr	r3, [sp, #28]
 126 00a8 002B     		cmp	r3, #0
 127 00aa ECD1     		bne	.L6
 128              		.loc 1 66 0
 129 00ac 039B     		ldr	r3, [sp, #12]
 130              		.loc 1 67 0
 131 00ae 1846     		mov	r0, r3
 132 00b0 08B0     		add	sp, sp, #32
 133 00b2 7047     		bx	lr
 134              		.cfi_endproc
 135              	.LFE7:
 136              		.size	long_to_string_with_divisor, .-long_to_string_with_divisor
 137 00b4 AFF30080 		.section	.text.ltoa,"ax",%progbits
 137      AFF30080 
 137      AFF30080 
 138              		.align	2
 139              		.p2align 4,,15
 140              		.thumb
 141              		.thumb_func
 142              		.type	ltoa, %function
 143              	ltoa:
 144              	.LFB8:
 145              		.loc 1 69 0
 146              		.cfi_startproc
 147              		@ args = 0, pretend = 0, frame = 16
 148              		@ frame_needed = 0, uses_anonymous_args = 0
 149 0000 00B5     		push	{lr}
 150              	.LCFI1:
 151              		.cfi_def_cfa_offset 4
 152              		.cfi_offset 14, -4
 153 0002 85B0     		sub	sp, sp, #20
 154              	.LCFI2:
 155              		.cfi_def_cfa_offset 24
 156 0004 0390     		str	r0, [sp, #12]
 157 0006 0291     		str	r1, [sp, #8]
 158 0008 0192     		str	r2, [sp, #4]
 159              		.loc 1 71 0
 160 000a 0398     		ldr	r0, [sp, #12]
 161 000c 0299     		ldr	r1, [sp, #8]
 162 000e 019A     		ldr	r2, [sp, #4]
 163 0010 4FF00003 		mov	r3, #0
 164 0014 FFF7FEFF 		bl	long_to_string_with_divisor
 165 0018 0346     		mov	r3, r0
 166              		.loc 1 72 0
 167 001a 1846     		mov	r0, r3
 168 001c 05B0     		add	sp, sp, #20
 169 001e 00BD     		pop	{pc}
ARM GAS  /tmp/ccRaeAFc.s 			page 4


 170              		.cfi_endproc
 171              	.LFE8:
 172              		.size	ltoa, .-ltoa
 173              		.global	__aeabi_d2iz
 174              		.global	__aeabi_i2d
 175              		.global	__aeabi_dsub
 176              		.global	__aeabi_ui2d
 177              		.global	__aeabi_dmul
 178              		.section	.text.ftoa,"ax",%progbits
 179              		.align	2
 180              		.p2align 4,,15
 181              		.thumb
 182              		.thumb_func
 183              		.type	ftoa, %function
 184              	ftoa:
 185              	.LFB9:
 186              		.loc 1 75 0
 187              		.cfi_startproc
 188              		@ args = 0, pretend = 0, frame = 24
 189              		@ frame_needed = 0, uses_anonymous_args = 0
 190 0000 30B5     		push	{r4, r5, lr}
 191              	.LCFI3:
 192              		.cfi_def_cfa_offset 12
 193              		.cfi_offset 4, -12
 194              		.cfi_offset 5, -8
 195              		.cfi_offset 14, -4
 196 0002 87B0     		sub	sp, sp, #28
 197              	.LCFI4:
 198              		.cfi_def_cfa_offset 40
 199 0004 0390     		str	r0, [sp, #12]
 200 0006 CDE90023 		strd	r2, [sp]
 201              		.loc 1 77 0
 202 000a 48F2A063 		movw	r3, #34464
 203 000e C0F20103 		movt	r3, 1
 204 0012 0593     		str	r3, [sp, #20]
 205              		.loc 1 79 0
 206 0014 DDE90001 		ldrd	r0, [sp]
 207 0018 FFF7FEFF 		bl	__aeabi_d2iz
 208 001c 0346     		mov	r3, r0
 209 001e 0493     		str	r3, [sp, #16]
 210              		.loc 1 80 0
 211 0020 0398     		ldr	r0, [sp, #12]
 212 0022 0499     		ldr	r1, [sp, #16]
 213 0024 4FF00A02 		mov	r2, #10
 214 0028 4FF00003 		mov	r3, #0
 215 002c FFF7FEFF 		bl	long_to_string_with_divisor
 216 0030 0390     		str	r0, [sp, #12]
 217              		.loc 1 81 0
 218 0032 039B     		ldr	r3, [sp, #12]
 219 0034 4FF02E02 		mov	r2, #46
 220 0038 1A70     		strb	r2, [r3, #0]
 221 003a 039B     		ldr	r3, [sp, #12]
 222 003c 03F10103 		add	r3, r3, #1
 223 0040 0393     		str	r3, [sp, #12]
 224              		.loc 1 82 0
 225 0042 0498     		ldr	r0, [sp, #16]
 226 0044 FFF7FEFF 		bl	__aeabi_i2d
ARM GAS  /tmp/ccRaeAFc.s 			page 5


 227 0048 0246     		mov	r2, r0
 228 004a 0B46     		mov	r3, r1
 229 004c DDE90001 		ldrd	r0, [sp]
 230 0050 FFF7FEFF 		bl	__aeabi_dsub
 231 0054 0246     		mov	r2, r0
 232 0056 0B46     		mov	r3, r1
 233 0058 1446     		mov	r4, r2
 234 005a 1D46     		mov	r5, r3
 235 005c 0598     		ldr	r0, [sp, #20]
 236 005e FFF7FEFF 		bl	__aeabi_ui2d
 237 0062 0246     		mov	r2, r0
 238 0064 0B46     		mov	r3, r1
 239 0066 2046     		mov	r0, r4
 240 0068 2946     		mov	r1, r5
 241 006a FFF7FEFF 		bl	__aeabi_dmul
 242 006e 0246     		mov	r2, r0
 243 0070 0B46     		mov	r3, r1
 244 0072 1046     		mov	r0, r2
 245 0074 1946     		mov	r1, r3
 246 0076 FFF7FEFF 		bl	__aeabi_d2iz
 247 007a 0346     		mov	r3, r0
 248 007c 0493     		str	r3, [sp, #16]
 249              		.loc 1 83 0
 250 007e 059A     		ldr	r2, [sp, #20]
 251 0080 4CF6CD43 		movw	r3, #52429
 252 0084 CCF6CC43 		movt	r3, 52428
 253 0088 A3FB0213 		umull	r1, r3, r3, r2
 254 008c 4FEAD303 		lsr	r3, r3, #3
 255 0090 0398     		ldr	r0, [sp, #12]
 256 0092 0499     		ldr	r1, [sp, #16]
 257 0094 4FF00A02 		mov	r2, #10
 258 0098 FFF7FEFF 		bl	long_to_string_with_divisor
 259 009c 0346     		mov	r3, r0
 260              		.loc 1 84 0
 261 009e 1846     		mov	r0, r3
 262 00a0 07B0     		add	sp, sp, #28
 263 00a2 30BD     		pop	{r4, r5, pc}
 264              		.cfi_endproc
 265              	.LFE9:
 266              		.size	ftoa, .-ftoa
 267 00a4 AFF30080 		.section	.rodata
 267      AFF30080 
 267      AFF30080 
 268              		.align	2
 269              	.LC0:
 270 0000 286E756C 		.ascii	"(null)\000"
 270      6C2900
 271              		.global	__aeabi_d2f
 272              		.global	__aeabi_fcmplt
 273              		.global	__aeabi_f2d
 274 0007 00       		.section	.text.chprintf,"ax",%progbits
 275              		.align	2
 276              		.p2align 4,,15
 277              		.global	chprintf
 278              		.thumb
 279              		.thumb_func
 280              		.type	chprintf, %function
ARM GAS  /tmp/ccRaeAFc.s 			page 6


 281              	chprintf:
 282              	.LFB10:
 283              		.loc 1 108 0
 284              		.cfi_startproc
 285              		@ args = 4, pretend = 12, frame = 72
 286              		@ frame_needed = 0, uses_anonymous_args = 1
 287 0000 0EB4     		push	{r1, r2, r3}
 288              	.LCFI5:
 289              		.cfi_def_cfa_offset 12
 290              		.cfi_offset 1, -12
 291              		.cfi_offset 2, -8
 292              		.cfi_offset 3, -4
 293 0002 00B5     		push	{lr}
 294              	.LCFI6:
 295              		.cfi_def_cfa_offset 16
 296              		.cfi_offset 14, -16
 297 0004 92B0     		sub	sp, sp, #72
 298              	.LCFI7:
 299              		.cfi_def_cfa_offset 88
 300 0006 0190     		str	r0, [sp, #4]
 301              		.loc 1 121 0
 302 0008 14AB     		add	r3, sp, #80
 303 000a 0893     		str	r3, [sp, #32]
 304              	.L67:
 305              		.loc 1 123 0
 306 000c 139B     		ldr	r3, [sp, #76]
 307 000e 1B78     		ldrb	r3, [r3, #0]
 308 0010 8DF83F30 		strb	r3, [sp, #63]
 309 0014 139B     		ldr	r3, [sp, #76]
 310 0016 03F10103 		add	r3, r3, #1
 311 001a 1393     		str	r3, [sp, #76]
 312              		.loc 1 124 0
 313 001c 9DF83F30 		ldrb	r3, [sp, #63]	@ zero_extendqisi2
 314 0020 002B     		cmp	r3, #0
 315 0022 00F07082 		beq	.L69
 316              	.L13:
 317              		.loc 1 128 0
 318 0026 9DF83F30 		ldrb	r3, [sp, #63]	@ zero_extendqisi2
 319 002a 252B     		cmp	r3, #37
 320 002c 09D0     		beq	.L15
 321              		.loc 1 129 0
 322 002e 019B     		ldr	r3, [sp, #4]
 323 0030 1B68     		ldr	r3, [r3, #0]
 324 0032 9B68     		ldr	r3, [r3, #8]
 325 0034 9DF83F20 		ldrb	r2, [sp, #63]	@ zero_extendqisi2
 326 0038 0198     		ldr	r0, [sp, #4]
 327 003a 1146     		mov	r1, r2
 328 003c 9847     		blx	r3
 329              		.loc 1 130 0
 330 003e 00BF     		nop
 331              		.loc 1 260 0
 332 0040 E4E7     		b	.L67
 333              	.L15:
 334              		.loc 1 132 0
 335 0042 02AB     		add	r3, sp, #8
 336 0044 1193     		str	r3, [sp, #68]
 337              		.loc 1 133 0
ARM GAS  /tmp/ccRaeAFc.s 			page 7


 338 0046 02AB     		add	r3, sp, #8
 339 0048 1093     		str	r3, [sp, #64]
 340              		.loc 1 134 0
 341 004a 4FF00003 		mov	r3, #0
 342 004e 8DF82E30 		strb	r3, [sp, #46]
 343              		.loc 1 135 0
 344 0052 139B     		ldr	r3, [sp, #76]
 345 0054 1B78     		ldrb	r3, [r3, #0]	@ zero_extendqisi2
 346 0056 2D2B     		cmp	r3, #45
 347 0058 07D1     		bne	.L17
 348              		.loc 1 136 0
 349 005a 139B     		ldr	r3, [sp, #76]
 350 005c 03F10103 		add	r3, r3, #1
 351 0060 1393     		str	r3, [sp, #76]
 352              		.loc 1 137 0
 353 0062 4FF00103 		mov	r3, #1
 354 0066 8DF82E30 		strb	r3, [sp, #46]
 355              	.L17:
 356              		.loc 1 139 0
 357 006a 4FF02003 		mov	r3, #32
 358 006e 8DF83E30 		strb	r3, [sp, #62]
 359              		.loc 1 140 0
 360 0072 139B     		ldr	r3, [sp, #76]
 361 0074 1B78     		ldrb	r3, [r3, #0]	@ zero_extendqisi2
 362 0076 2E2B     		cmp	r3, #46
 363 0078 03D0     		beq	.L18
 364              		.loc 1 140 0 is_stmt 0 discriminator 1
 365 007a 139B     		ldr	r3, [sp, #76]
 366 007c 1B78     		ldrb	r3, [r3, #0]	@ zero_extendqisi2
 367 007e 302B     		cmp	r3, #48
 368 0080 07D1     		bne	.L19
 369              	.L18:
 370              		.loc 1 141 0 is_stmt 1
 371 0082 139B     		ldr	r3, [sp, #76]
 372 0084 03F10103 		add	r3, r3, #1
 373 0088 1393     		str	r3, [sp, #76]
 374              		.loc 1 142 0
 375 008a 4FF03003 		mov	r3, #48
 376 008e 8DF83E30 		strb	r3, [sp, #62]
 377              	.L19:
 378              		.loc 1 144 0
 379 0092 4FF00003 		mov	r3, #0
 380 0096 0C93     		str	r3, [sp, #48]
 381              	.L24:
 382              		.loc 1 146 0
 383 0098 139B     		ldr	r3, [sp, #76]
 384 009a 1B78     		ldrb	r3, [r3, #0]
 385 009c 8DF83F30 		strb	r3, [sp, #63]
 386 00a0 139B     		ldr	r3, [sp, #76]
 387 00a2 03F10103 		add	r3, r3, #1
 388 00a6 1393     		str	r3, [sp, #76]
 389              		.loc 1 147 0
 390 00a8 9DF83F30 		ldrb	r3, [sp, #63]	@ zero_extendqisi2
 391 00ac 2F2B     		cmp	r3, #47
 392 00ae 0AD9     		bls	.L20
 393              		.loc 1 147 0 is_stmt 0 discriminator 1
 394 00b0 9DF83F30 		ldrb	r3, [sp, #63]	@ zero_extendqisi2
ARM GAS  /tmp/ccRaeAFc.s 			page 8


 395 00b4 392B     		cmp	r3, #57
 396 00b6 06D8     		bhi	.L20
 397              		.loc 1 148 0 is_stmt 1
 398 00b8 9DF83F30 		ldrb	r3, [sp, #63]
 399 00bc A3F13003 		sub	r3, r3, #48
 400 00c0 8DF83F30 		strb	r3, [sp, #63]
 401 00c4 0AE0     		b	.L21
 402              	.L20:
 403              		.loc 1 149 0
 404 00c6 9DF83F30 		ldrb	r3, [sp, #63]	@ zero_extendqisi2
 405 00ca 2A2B     		cmp	r3, #42
 406 00cc 13D1     		bne	.L70
 407              		.loc 1 150 0
 408 00ce 089B     		ldr	r3, [sp, #32]
 409 00d0 03F10402 		add	r2, r3, #4
 410 00d4 0892     		str	r2, [sp, #32]
 411 00d6 1B68     		ldr	r3, [r3, #0]
 412 00d8 8DF83F30 		strb	r3, [sp, #63]
 413              	.L21:
 414              		.loc 1 153 0
 415 00dc 0C9A     		ldr	r2, [sp, #48]
 416 00de 1346     		mov	r3, r2
 417 00e0 4FEA8303 		lsl	r3, r3, #2
 418 00e4 9B18     		adds	r3, r3, r2
 419 00e6 4FEA4303 		lsl	r3, r3, #1
 420 00ea 1A46     		mov	r2, r3
 421 00ec 9DF83F30 		ldrb	r3, [sp, #63]	@ zero_extendqisi2
 422 00f0 D318     		adds	r3, r2, r3
 423 00f2 0C93     		str	r3, [sp, #48]
 424              		.loc 1 154 0
 425 00f4 D0E7     		b	.L24
 426              	.L70:
 427              		.loc 1 152 0
 428 00f6 00BF     		nop
 429              	.L23:
 430              		.loc 1 155 0
 431 00f8 4FF00003 		mov	r3, #0
 432 00fc 0D93     		str	r3, [sp, #52]
 433              		.loc 1 156 0
 434 00fe 9DF83F30 		ldrb	r3, [sp, #63]	@ zero_extendqisi2
 435 0102 2E2B     		cmp	r3, #46
 436 0104 30D1     		bne	.L25
 437              	.L29:
 438              		.loc 1 158 0
 439 0106 139B     		ldr	r3, [sp, #76]
 440 0108 1B78     		ldrb	r3, [r3, #0]
 441 010a 8DF83F30 		strb	r3, [sp, #63]
 442 010e 139B     		ldr	r3, [sp, #76]
 443 0110 03F10103 		add	r3, r3, #1
 444 0114 1393     		str	r3, [sp, #76]
 445              		.loc 1 159 0
 446 0116 9DF83F30 		ldrb	r3, [sp, #63]	@ zero_extendqisi2
 447 011a 2F2B     		cmp	r3, #47
 448 011c 0AD9     		bls	.L26
 449              		.loc 1 159 0 is_stmt 0 discriminator 1
 450 011e 9DF83F30 		ldrb	r3, [sp, #63]	@ zero_extendqisi2
 451 0122 392B     		cmp	r3, #57
ARM GAS  /tmp/ccRaeAFc.s 			page 9


 452 0124 06D8     		bhi	.L26
 453              		.loc 1 160 0 is_stmt 1
 454 0126 9DF83F30 		ldrb	r3, [sp, #63]
 455 012a A3F13003 		sub	r3, r3, #48
 456 012e 8DF83F30 		strb	r3, [sp, #63]
 457 0132 0AE0     		b	.L27
 458              	.L26:
 459              		.loc 1 161 0
 460 0134 9DF83F30 		ldrb	r3, [sp, #63]	@ zero_extendqisi2
 461 0138 2A2B     		cmp	r3, #42
 462 013a 14D1     		bne	.L71
 463              		.loc 1 162 0
 464 013c 089B     		ldr	r3, [sp, #32]
 465 013e 03F10402 		add	r2, r3, #4
 466 0142 0892     		str	r2, [sp, #32]
 467 0144 1B68     		ldr	r3, [r3, #0]
 468 0146 8DF83F30 		strb	r3, [sp, #63]
 469              	.L27:
 470              		.loc 1 165 0
 471 014a 0D9A     		ldr	r2, [sp, #52]
 472 014c 1346     		mov	r3, r2
 473 014e 4FEA8303 		lsl	r3, r3, #2
 474 0152 9B18     		adds	r3, r3, r2
 475 0154 4FEA4303 		lsl	r3, r3, #1
 476 0158 0D93     		str	r3, [sp, #52]
 477              		.loc 1 166 0
 478 015a 9DF83F30 		ldrb	r3, [sp, #63]	@ zero_extendqisi2
 479 015e 0D9A     		ldr	r2, [sp, #52]
 480 0160 D318     		adds	r3, r2, r3
 481 0162 0D93     		str	r3, [sp, #52]
 482              		.loc 1 167 0
 483 0164 CFE7     		b	.L29
 484              	.L71:
 485              		.loc 1 164 0
 486 0166 00BF     		nop
 487              	.L25:
 488              		.loc 1 170 0
 489 0168 9DF83F30 		ldrb	r3, [sp, #63]	@ zero_extendqisi2
 490 016c 6C2B     		cmp	r3, #108
 491 016e 03D0     		beq	.L30
 492              		.loc 1 170 0 is_stmt 0 discriminator 1
 493 0170 9DF83F30 		ldrb	r3, [sp, #63]	@ zero_extendqisi2
 494 0174 4C2B     		cmp	r3, #76
 495 0176 10D1     		bne	.L31
 496              	.L30:
 497              		.loc 1 171 0 is_stmt 1
 498 0178 4FF00103 		mov	r3, #1
 499 017c 8DF82F30 		strb	r3, [sp, #47]
 500              		.loc 1 172 0
 501 0180 139B     		ldr	r3, [sp, #76]
 502 0182 1B78     		ldrb	r3, [r3, #0]	@ zero_extendqisi2
 503 0184 002B     		cmp	r3, #0
 504 0186 1DD0     		beq	.L33
 505              		.loc 1 173 0
 506 0188 139B     		ldr	r3, [sp, #76]
 507 018a 1B78     		ldrb	r3, [r3, #0]
 508 018c 8DF83F30 		strb	r3, [sp, #63]
ARM GAS  /tmp/ccRaeAFc.s 			page 10


 509 0190 139B     		ldr	r3, [sp, #76]
 510 0192 03F10103 		add	r3, r3, #1
 511 0196 1393     		str	r3, [sp, #76]
 512              		.loc 1 172 0
 513 0198 14E0     		b	.L33
 514              	.L31:
 515              		.loc 1 176 0
 516 019a 9DF83F30 		ldrb	r3, [sp, #63]	@ zero_extendqisi2
 517 019e 402B     		cmp	r3, #64
 518 01a0 06D9     		bls	.L34
 519              		.loc 1 176 0 is_stmt 0 discriminator 1
 520 01a2 9DF83F30 		ldrb	r3, [sp, #63]	@ zero_extendqisi2
 521 01a6 5A2B     		cmp	r3, #90
 522 01a8 02D8     		bhi	.L34
 523              		.loc 1 176 0 discriminator 3
 524 01aa 4FF00103 		mov	r3, #1
 525 01ae 01E0     		b	.L35
 526              	.L34:
 527              		.loc 1 176 0 discriminator 2
 528 01b0 4FF00003 		mov	r3, #0
 529              	.L35:
 530              		.loc 1 176 0 discriminator 4
 531 01b4 8DF82F30 		strb	r3, [sp, #47]
 532 01b8 9DF82F30 		ldrb	r3, [sp, #47]
 533 01bc 03F00103 		and	r3, r3, #1
 534 01c0 8DF82F30 		strb	r3, [sp, #47]
 535              	.L33:
 536              		.loc 1 179 0 is_stmt 1
 537 01c4 9DF83F30 		ldrb	r3, [sp, #63]	@ zero_extendqisi2
 538 01c8 A3F14403 		sub	r3, r3, #68
 539 01cc 342B     		cmp	r3, #52
 540 01ce 00F22881 		bhi	.L36
 541 01d2 01A2     		adr	r2, .L44
 542 01d4 52F823F0 		ldr	pc, [r2, r3, lsl #2]
 543              		.align	2
 544              	.L44:
 545 01d8 27030000 		.word	.L37+1
 546 01dc 23040000 		.word	.L36+1
 547 01e0 23040000 		.word	.L36+1
 548 01e4 23040000 		.word	.L36+1
 549 01e8 23040000 		.word	.L36+1
 550 01ec 27030000 		.word	.L37+1
 551 01f0 23040000 		.word	.L36+1
 552 01f4 23040000 		.word	.L36+1
 553 01f8 23040000 		.word	.L36+1
 554 01fc 23040000 		.word	.L36+1
 555 0200 23040000 		.word	.L36+1
 556 0204 E7030000 		.word	.L38+1
 557 0208 23040000 		.word	.L36+1
 558 020c 23040000 		.word	.L36+1
 559 0210 23040000 		.word	.L36+1
 560 0214 23040000 		.word	.L36+1
 561 0218 23040000 		.word	.L36+1
 562 021c DD030000 		.word	.L39+1
 563 0220 23040000 		.word	.L36+1
 564 0224 23040000 		.word	.L36+1
 565 0228 D3030000 		.word	.L40+1
ARM GAS  /tmp/ccRaeAFc.s 			page 11


 566 022c 23040000 		.word	.L36+1
 567 0230 23040000 		.word	.L36+1
 568 0234 23040000 		.word	.L36+1
 569 0238 23040000 		.word	.L36+1
 570 023c 23040000 		.word	.L36+1
 571 0240 23040000 		.word	.L36+1
 572 0244 23040000 		.word	.L36+1
 573 0248 23040000 		.word	.L36+1
 574 024c 23040000 		.word	.L36+1
 575 0250 23040000 		.word	.L36+1
 576 0254 AD020000 		.word	.L41+1
 577 0258 27030000 		.word	.L37+1
 578 025c 23040000 		.word	.L36+1
 579 0260 77030000 		.word	.L42+1
 580 0264 23040000 		.word	.L36+1
 581 0268 23040000 		.word	.L36+1
 582 026c 27030000 		.word	.L37+1
 583 0270 23040000 		.word	.L36+1
 584 0274 23040000 		.word	.L36+1
 585 0278 23040000 		.word	.L36+1
 586 027c 23040000 		.word	.L36+1
 587 0280 23040000 		.word	.L36+1
 588 0284 E7030000 		.word	.L38+1
 589 0288 23040000 		.word	.L36+1
 590 028c 23040000 		.word	.L36+1
 591 0290 23040000 		.word	.L36+1
 592 0294 CF020000 		.word	.L43+1
 593 0298 23040000 		.word	.L36+1
 594 029c DD030000 		.word	.L39+1
 595 02a0 23040000 		.word	.L36+1
 596 02a4 23040000 		.word	.L36+1
 597 02a8 D3030000 		.word	.L40+1
 598              	.L41:
 599              		.loc 1 181 0
 600 02ac 4FF02003 		mov	r3, #32
 601 02b0 8DF83E30 		strb	r3, [sp, #62]
 602              		.loc 1 182 0
 603 02b4 089B     		ldr	r3, [sp, #32]
 604 02b6 03F10402 		add	r2, r3, #4
 605 02ba 0892     		str	r2, [sp, #32]
 606 02bc 1B68     		ldr	r3, [r3, #0]
 607 02be DAB2     		uxtb	r2, r3
 608 02c0 119B     		ldr	r3, [sp, #68]
 609 02c2 1A70     		strb	r2, [r3, #0]
 610 02c4 119B     		ldr	r3, [sp, #68]
 611 02c6 03F10103 		add	r3, r3, #1
 612 02ca 1193     		str	r3, [sp, #68]
 613              		.loc 1 183 0
 614 02cc B3E0     		b	.L45
 615              	.L43:
 616              		.loc 1 185 0
 617 02ce 4FF02003 		mov	r3, #32
 618 02d2 8DF83E30 		strb	r3, [sp, #62]
 619              		.loc 1 186 0
 620 02d6 089B     		ldr	r3, [sp, #32]
 621 02d8 03F10402 		add	r2, r3, #4
 622 02dc 0892     		str	r2, [sp, #32]
ARM GAS  /tmp/ccRaeAFc.s 			page 12


 623 02de 1B68     		ldr	r3, [r3, #0]
 624 02e0 1093     		str	r3, [sp, #64]
 625 02e2 109B     		ldr	r3, [sp, #64]
 626 02e4 002B     		cmp	r3, #0
 627 02e6 04D1     		bne	.L46
 628              		.loc 1 187 0
 629 02e8 40F20003 		movw	r3, #:lower16:.LC0
 630 02ec C0F20003 		movt	r3, #:upper16:.LC0
 631 02f0 1093     		str	r3, [sp, #64]
 632              	.L46:
 633              		.loc 1 188 0
 634 02f2 0D9B     		ldr	r3, [sp, #52]
 635 02f4 002B     		cmp	r3, #0
 636 02f6 02D1     		bne	.L47
 637              		.loc 1 189 0
 638 02f8 47F6FF73 		movw	r3, #32767
 639 02fc 0D93     		str	r3, [sp, #52]
 640              	.L47:
 641              		.loc 1 190 0
 642 02fe 109B     		ldr	r3, [sp, #64]
 643 0300 1193     		str	r3, [sp, #68]
 644 0302 03E0     		b	.L48
 645              	.L50:
 646              		.loc 1 190 0 is_stmt 0 discriminator 1
 647 0304 119B     		ldr	r3, [sp, #68]
 648 0306 03F10103 		add	r3, r3, #1
 649 030a 1193     		str	r3, [sp, #68]
 650              	.L48:
 651 030c 119B     		ldr	r3, [sp, #68]
 652 030e 1B78     		ldrb	r3, [r3, #0]	@ zero_extendqisi2
 653 0310 002B     		cmp	r3, #0
 654 0312 00F08F80 		beq	.L72
 655              		.loc 1 190 0 discriminator 2
 656 0316 0D9B     		ldr	r3, [sp, #52]
 657 0318 03F1FF33 		add	r3, r3, #-1
 658 031c 0D93     		str	r3, [sp, #52]
 659 031e 0D9B     		ldr	r3, [sp, #52]
 660 0320 002B     		cmp	r3, #0
 661 0322 EFDA     		bge	.L50
 662              		.loc 1 192 0 is_stmt 1
 663 0324 86E0     		b	.L72
 664              	.L37:
 665              		.loc 1 197 0
 666 0326 9DF82F30 		ldrb	r3, [sp, #47]	@ zero_extendqisi2
 667 032a 002B     		cmp	r3, #0
 668 032c 06D0     		beq	.L51
 669              		.loc 1 198 0
 670 032e 089B     		ldr	r3, [sp, #32]
 671 0330 03F10402 		add	r2, r3, #4
 672 0334 0892     		str	r2, [sp, #32]
 673 0336 1B68     		ldr	r3, [r3, #0]
 674 0338 0A93     		str	r3, [sp, #40]
 675 033a 05E0     		b	.L52
 676              	.L51:
 677              		.loc 1 200 0
 678 033c 089B     		ldr	r3, [sp, #32]
 679 033e 03F10402 		add	r2, r3, #4
ARM GAS  /tmp/ccRaeAFc.s 			page 13


 680 0342 0892     		str	r2, [sp, #32]
 681 0344 1B68     		ldr	r3, [r3, #0]
 682 0346 0A93     		str	r3, [sp, #40]
 683              	.L52:
 684              		.loc 1 201 0
 685 0348 0A9B     		ldr	r3, [sp, #40]
 686 034a 002B     		cmp	r3, #0
 687 034c 0BDA     		bge	.L53
 688              		.loc 1 202 0
 689 034e 119B     		ldr	r3, [sp, #68]
 690 0350 4FF02D02 		mov	r2, #45
 691 0354 1A70     		strb	r2, [r3, #0]
 692 0356 119B     		ldr	r3, [sp, #68]
 693 0358 03F10103 		add	r3, r3, #1
 694 035c 1193     		str	r3, [sp, #68]
 695              		.loc 1 203 0
 696 035e 0A9B     		ldr	r3, [sp, #40]
 697 0360 C3F10003 		rsb	r3, r3, #0
 698 0364 0A93     		str	r3, [sp, #40]
 699              	.L53:
 700              		.loc 1 205 0
 701 0366 1198     		ldr	r0, [sp, #68]
 702 0368 0A99     		ldr	r1, [sp, #40]
 703 036a 4FF00A02 		mov	r2, #10
 704 036e FFF7FEFF 		bl	ltoa
 705 0372 1190     		str	r0, [sp, #68]
 706              		.loc 1 206 0
 707 0374 5FE0     		b	.L45
 708              	.L42:
 709              		.loc 1 209 0
 710 0376 089B     		ldr	r3, [sp, #32]
 711 0378 03F10703 		add	r3, r3, #7
 712 037c 23F00703 		bic	r3, r3, #7
 713 0380 03F10802 		add	r2, r3, #8
 714 0384 0892     		str	r2, [sp, #32]
 715 0386 D3E90023 		ldrd	r2, [r3]
 716 038a 1046     		mov	r0, r2
 717 038c 1946     		mov	r1, r3
 718 038e FFF7FEFF 		bl	__aeabi_d2f
 719 0392 0346     		mov	r3, r0
 720 0394 0993     		str	r3, [sp, #36]	@ float
 721              		.loc 1 210 0
 722 0396 0998     		ldr	r0, [sp, #36]	@ float
 723 0398 4FF00001 		mov	r1, #0
 724 039c FFF7FEFF 		bl	__aeabi_fcmplt
 725 03a0 0346     		mov	r3, r0
 726 03a2 002B     		cmp	r3, #0
 727 03a4 0BD0     		beq	.L54
 728              	.L68:
 729              		.loc 1 211 0
 730 03a6 119B     		ldr	r3, [sp, #68]
 731 03a8 4FF02D02 		mov	r2, #45
 732 03ac 1A70     		strb	r2, [r3, #0]
 733 03ae 119B     		ldr	r3, [sp, #68]
 734 03b0 03F10103 		add	r3, r3, #1
 735 03b4 1193     		str	r3, [sp, #68]
 736              		.loc 1 212 0
ARM GAS  /tmp/ccRaeAFc.s 			page 14


 737 03b6 099B     		ldr	r3, [sp, #36]
 738 03b8 83F00043 		eor	r3, r3, #-2147483648
 739 03bc 0993     		str	r3, [sp, #36]	@ float
 740              	.L54:
 741              		.loc 1 214 0
 742 03be 0998     		ldr	r0, [sp, #36]	@ float
 743 03c0 FFF7FEFF 		bl	__aeabi_f2d
 744 03c4 0246     		mov	r2, r0
 745 03c6 0B46     		mov	r3, r1
 746 03c8 1198     		ldr	r0, [sp, #68]
 747 03ca FFF7FEFF 		bl	ftoa
 748 03ce 1190     		str	r0, [sp, #68]
 749              		.loc 1 215 0
 750 03d0 31E0     		b	.L45
 751              	.L40:
 752              		.loc 1 219 0
 753 03d2 4FF01003 		mov	r3, #16
 754 03d6 8DF83F30 		strb	r3, [sp, #63]
 755              		.loc 1 220 0
 756 03da 08E0     		b	.L56
 757              	.L39:
 758              		.loc 1 223 0
 759 03dc 4FF00A03 		mov	r3, #10
 760 03e0 8DF83F30 		strb	r3, [sp, #63]
 761              		.loc 1 224 0
 762 03e4 03E0     		b	.L56
 763              	.L38:
 764              		.loc 1 227 0
 765 03e6 4FF00803 		mov	r3, #8
 766 03ea 8DF83F30 		strb	r3, [sp, #63]
 767              	.L56:
 768              		.loc 1 229 0
 769 03ee 9DF82F30 		ldrb	r3, [sp, #47]	@ zero_extendqisi2
 770 03f2 002B     		cmp	r3, #0
 771 03f4 06D0     		beq	.L57
 772              		.loc 1 230 0
 773 03f6 089B     		ldr	r3, [sp, #32]
 774 03f8 03F10402 		add	r2, r3, #4
 775 03fc 0892     		str	r2, [sp, #32]
 776 03fe 1B68     		ldr	r3, [r3, #0]
 777 0400 0A93     		str	r3, [sp, #40]
 778 0402 05E0     		b	.L58
 779              	.L57:
 780              		.loc 1 232 0
 781 0404 089B     		ldr	r3, [sp, #32]
 782 0406 03F10402 		add	r2, r3, #4
 783 040a 0892     		str	r2, [sp, #32]
 784 040c 1B68     		ldr	r3, [r3, #0]
 785 040e 0A93     		str	r3, [sp, #40]
 786              	.L58:
 787              		.loc 1 233 0
 788 0410 9DF83F30 		ldrb	r3, [sp, #63]	@ zero_extendqisi2
 789 0414 1198     		ldr	r0, [sp, #68]
 790 0416 0A99     		ldr	r1, [sp, #40]
 791 0418 1A46     		mov	r2, r3
 792 041a FFF7FEFF 		bl	ltoa
 793 041e 1190     		str	r0, [sp, #68]
ARM GAS  /tmp/ccRaeAFc.s 			page 15


 794              		.loc 1 234 0
 795 0420 09E0     		b	.L45
 796              	.L36:
 797              		.loc 1 236 0
 798 0422 119B     		ldr	r3, [sp, #68]
 799 0424 9DF83F20 		ldrb	r2, [sp, #63]
 800 0428 1A70     		strb	r2, [r3, #0]
 801 042a 119B     		ldr	r3, [sp, #68]
 802 042c 03F10103 		add	r3, r3, #1
 803 0430 1193     		str	r3, [sp, #68]
 804              		.loc 1 237 0
 805 0432 00E0     		b	.L45
 806              	.L72:
 807              		.loc 1 192 0
 808 0434 00BF     		nop
 809              	.L45:
 810              		.loc 1 239 0
 811 0436 119A     		ldr	r2, [sp, #68]
 812 0438 109B     		ldr	r3, [sp, #64]
 813 043a D31A     		subs	r3, r2, r3
 814 043c 0E93     		str	r3, [sp, #56]
 815              		.loc 1 240 0
 816 043e 0C9A     		ldr	r2, [sp, #48]
 817 0440 0E9B     		ldr	r3, [sp, #56]
 818 0442 D31A     		subs	r3, r2, r3
 819 0444 0C93     		str	r3, [sp, #48]
 820 0446 0C9B     		ldr	r3, [sp, #48]
 821 0448 002B     		cmp	r3, #0
 822 044a 02DA     		bge	.L59
 823              		.loc 1 241 0
 824 044c 4FF00003 		mov	r3, #0
 825 0450 0C93     		str	r3, [sp, #48]
 826              	.L59:
 827              		.loc 1 242 0
 828 0452 9DF82E30 		ldrb	r3, [sp, #46]
 829 0456 83F00103 		eor	r3, r3, #1
 830 045a DBB2     		uxtb	r3, r3
 831 045c 002B     		cmp	r3, #0
 832 045e 03D0     		beq	.L60
 833              		.loc 1 243 0
 834 0460 0C9B     		ldr	r3, [sp, #48]
 835 0462 C3F10003 		rsb	r3, r3, #0
 836 0466 0C93     		str	r3, [sp, #48]
 837              	.L60:
 838              		.loc 1 244 0
 839 0468 0C9B     		ldr	r3, [sp, #48]
 840 046a 002B     		cmp	r3, #0
 841 046c 33DA     		bge	.L63
 842              		.loc 1 245 0
 843 046e 109B     		ldr	r3, [sp, #64]
 844 0470 1B78     		ldrb	r3, [r3, #0]	@ zero_extendqisi2
 845 0472 2D2B     		cmp	r3, #45
 846 0474 13D1     		bne	.L62
 847              		.loc 1 245 0 is_stmt 0 discriminator 1
 848 0476 9DF83E30 		ldrb	r3, [sp, #62]	@ zero_extendqisi2
 849 047a 302B     		cmp	r3, #48
 850 047c 0FD1     		bne	.L62
ARM GAS  /tmp/ccRaeAFc.s 			page 16


 851              		.loc 1 246 0 is_stmt 1
 852 047e 019B     		ldr	r3, [sp, #4]
 853 0480 1B68     		ldr	r3, [r3, #0]
 854 0482 9B68     		ldr	r3, [r3, #8]
 855 0484 109A     		ldr	r2, [sp, #64]
 856 0486 1278     		ldrb	r2, [r2, #0]	@ zero_extendqisi2
 857 0488 1099     		ldr	r1, [sp, #64]
 858 048a 01F10101 		add	r1, r1, #1
 859 048e 1091     		str	r1, [sp, #64]
 860 0490 0198     		ldr	r0, [sp, #4]
 861 0492 1146     		mov	r1, r2
 862 0494 9847     		blx	r3
 863              		.loc 1 247 0
 864 0496 0E9B     		ldr	r3, [sp, #56]
 865 0498 03F1FF33 		add	r3, r3, #-1
 866 049c 0E93     		str	r3, [sp, #56]
 867              	.L62:
 868              		.loc 1 250 0 discriminator 1
 869 049e 019B     		ldr	r3, [sp, #4]
 870 04a0 1B68     		ldr	r3, [r3, #0]
 871 04a2 9B68     		ldr	r3, [r3, #8]
 872 04a4 9DF83E20 		ldrb	r2, [sp, #62]	@ zero_extendqisi2
 873 04a8 0198     		ldr	r0, [sp, #4]
 874 04aa 1146     		mov	r1, r2
 875 04ac 9847     		blx	r3
 876              		.loc 1 251 0 discriminator 1
 877 04ae 0C9B     		ldr	r3, [sp, #48]
 878 04b0 03F10103 		add	r3, r3, #1
 879 04b4 0C93     		str	r3, [sp, #48]
 880 04b6 0C9B     		ldr	r3, [sp, #48]
 881 04b8 002B     		cmp	r3, #0
 882 04ba F0D1     		bne	.L62
 883              		.loc 1 253 0
 884 04bc 0BE0     		b	.L63
 885              	.L64:
 886              		.loc 1 254 0
 887 04be 019B     		ldr	r3, [sp, #4]
 888 04c0 1B68     		ldr	r3, [r3, #0]
 889 04c2 9B68     		ldr	r3, [r3, #8]
 890 04c4 109A     		ldr	r2, [sp, #64]
 891 04c6 1278     		ldrb	r2, [r2, #0]	@ zero_extendqisi2
 892 04c8 1099     		ldr	r1, [sp, #64]
 893 04ca 01F10101 		add	r1, r1, #1
 894 04ce 1091     		str	r1, [sp, #64]
 895 04d0 0198     		ldr	r0, [sp, #4]
 896 04d2 1146     		mov	r1, r2
 897 04d4 9847     		blx	r3
 898              	.L63:
 899              		.loc 1 253 0 discriminator 1
 900 04d6 0E9B     		ldr	r3, [sp, #56]
 901 04d8 03F1FF33 		add	r3, r3, #-1
 902 04dc 0E93     		str	r3, [sp, #56]
 903 04de 0E9B     		ldr	r3, [sp, #56]
 904 04e0 002B     		cmp	r3, #0
 905 04e2 ECDA     		bge	.L64
 906              		.loc 1 256 0
 907 04e4 0BE0     		b	.L65
ARM GAS  /tmp/ccRaeAFc.s 			page 17


 908              	.L66:
 909              		.loc 1 257 0
 910 04e6 019B     		ldr	r3, [sp, #4]
 911 04e8 1B68     		ldr	r3, [r3, #0]
 912 04ea 9B68     		ldr	r3, [r3, #8]
 913 04ec 9DF83E20 		ldrb	r2, [sp, #62]	@ zero_extendqisi2
 914 04f0 0198     		ldr	r0, [sp, #4]
 915 04f2 1146     		mov	r1, r2
 916 04f4 9847     		blx	r3
 917              		.loc 1 258 0
 918 04f6 0C9B     		ldr	r3, [sp, #48]
 919 04f8 03F1FF33 		add	r3, r3, #-1
 920 04fc 0C93     		str	r3, [sp, #48]
 921              	.L65:
 922              		.loc 1 256 0 discriminator 1
 923 04fe 0C9B     		ldr	r3, [sp, #48]
 924 0500 002B     		cmp	r3, #0
 925 0502 F0D1     		bne	.L66
 926              		.loc 1 260 0
 927 0504 82E5     		b	.L67
 928              	.L69:
 929              		.loc 1 261 0
 930 0506 12B0     		add	sp, sp, #72
 931 0508 5DF804EB 		pop	{lr}
 932 050c 03B0     		add	sp, sp, #12
 933 050e 7047     		bx	lr
 934              		.cfi_endproc
 935              	.LFE10:
 936              		.size	chprintf, .-chprintf
 937              		.text
 938              	.Letext0:
 939              		.file 2 "/usr/bin/../lib/gcc/arm-none-eabi/4.7.4/include/stdarg.h"
 940              		.file 3 "/usr/bin/../lib/gcc/arm-none-eabi/4.7.4/include/stddef.h"
 941              		.file 4 "/usr/bin/../lib/gcc/arm-none-eabi/4.7.4/../../../../arm-none-eabi/include/stdint.h"
 942              		.file 5 "../../os/ports/GCC/ARMCMx/chtypes.h"
 943              		.file 6 "<built-in>"
 944              		.file 7 "../../os/kernel/include/chstreams.h"
 945              		.section	.debug_info,"",%progbits
 946              	.Ldebug_info0:
 947 0000 1A040000 		.4byte	0x41a
 948 0004 0200     		.2byte	0x2
 949 0006 00000000 		.4byte	.Ldebug_abbrev0
 950 000a 04       		.byte	0x4
 951 000b 01       		.uleb128 0x1
 952 000c 35010000 		.4byte	.LASF37
 953 0010 01       		.byte	0x1
 954 0011 19010000 		.4byte	.LASF38
 955 0015 07000000 		.4byte	.LASF39
 956 0019 00000000 		.4byte	.Ldebug_ranges0+0
 957 001d 00000000 		.4byte	0
 958 0021 00000000 		.4byte	0
 959 0025 00000000 		.4byte	.Ldebug_line0
 960 0029 02       		.uleb128 0x2
 961 002a FE000000 		.4byte	.LASF0
 962 002e 02       		.byte	0x2
 963 002f 28       		.byte	0x28
 964 0030 34000000 		.4byte	0x34
ARM GAS  /tmp/ccRaeAFc.s 			page 18


 965 0034 03       		.uleb128 0x3
 966 0035 C6010000 		.4byte	.LASF19
 967 0039 04       		.byte	0x4
 968 003a 06       		.byte	0x6
 969 003b 00       		.byte	0
 970 003c 4E000000 		.4byte	0x4e
 971 0040 04       		.uleb128 0x4
 972 0041 47000000 		.4byte	.LASF40
 973 0045 4E000000 		.4byte	0x4e
 974 0049 02       		.byte	0x2
 975 004a 23       		.byte	0x23
 976 004b 00       		.uleb128 0
 977 004c 01       		.byte	0x1
 978 004d 00       		.byte	0
 979 004e 05       		.uleb128 0x5
 980 004f 04       		.byte	0x4
 981 0050 02       		.uleb128 0x2
 982 0051 92000000 		.4byte	.LASF1
 983 0055 02       		.byte	0x2
 984 0056 66       		.byte	0x66
 985 0057 29000000 		.4byte	0x29
 986 005b 06       		.uleb128 0x6
 987 005c 04       		.byte	0x4
 988 005d 05       		.byte	0x5
 989 005e 696E7400 		.ascii	"int\000"
 990 0062 02       		.uleb128 0x2
 991 0063 00000000 		.4byte	.LASF2
 992 0067 03       		.byte	0x3
 993 0068 D5       		.byte	0xd5
 994 0069 6D000000 		.4byte	0x6d
 995 006d 07       		.uleb128 0x7
 996 006e 04       		.byte	0x4
 997 006f 07       		.byte	0x7
 998 0070 54000000 		.4byte	.LASF3
 999 0074 07       		.uleb128 0x7
 1000 0075 01       		.byte	0x1
 1001 0076 06       		.byte	0x6
 1002 0077 1B020000 		.4byte	.LASF4
 1003 007b 02       		.uleb128 0x2
 1004 007c 84000000 		.4byte	.LASF5
 1005 0080 04       		.byte	0x4
 1006 0081 2A       		.byte	0x2a
 1007 0082 86000000 		.4byte	0x86
 1008 0086 07       		.uleb128 0x7
 1009 0087 01       		.byte	0x1
 1010 0088 08       		.byte	0x8
 1011 0089 AF000000 		.4byte	.LASF6
 1012 008d 07       		.uleb128 0x7
 1013 008e 02       		.byte	0x2
 1014 008f 05       		.byte	0x5
 1015 0090 F8010000 		.4byte	.LASF7
 1016 0094 07       		.uleb128 0x7
 1017 0095 02       		.byte	0x2
 1018 0096 07       		.byte	0x7
 1019 0097 CF000000 		.4byte	.LASF8
 1020 009b 02       		.uleb128 0x2
 1021 009c AE010000 		.4byte	.LASF9
ARM GAS  /tmp/ccRaeAFc.s 			page 19


 1022 00a0 04       		.byte	0x4
 1023 00a1 4F       		.byte	0x4f
 1024 00a2 A6000000 		.4byte	0xa6
 1025 00a6 07       		.uleb128 0x7
 1026 00a7 04       		.byte	0x4
 1027 00a8 05       		.byte	0x5
 1028 00a9 12020000 		.4byte	.LASF10
 1029 00ad 07       		.uleb128 0x7
 1030 00ae 04       		.byte	0x4
 1031 00af 07       		.byte	0x7
 1032 00b0 BD000000 		.4byte	.LASF11
 1033 00b4 07       		.uleb128 0x7
 1034 00b5 08       		.byte	0x8
 1035 00b6 05       		.byte	0x5
 1036 00b7 D0010000 		.4byte	.LASF12
 1037 00bb 07       		.uleb128 0x7
 1038 00bc 08       		.byte	0x8
 1039 00bd 07       		.byte	0x7
 1040 00be 7E010000 		.4byte	.LASF13
 1041 00c2 02       		.uleb128 0x2
 1042 00c3 61000000 		.4byte	.LASF14
 1043 00c7 05       		.byte	0x5
 1044 00c8 24       		.byte	0x24
 1045 00c9 CD000000 		.4byte	0xcd
 1046 00cd 07       		.uleb128 0x7
 1047 00ce 01       		.byte	0x1
 1048 00cf 02       		.byte	0x2
 1049 00d0 2C020000 		.4byte	.LASF15
 1050 00d4 02       		.uleb128 0x2
 1051 00d5 A3010000 		.4byte	.LASF16
 1052 00d9 05       		.byte	0x5
 1053 00da 2A       		.byte	0x2a
 1054 00db 9B000000 		.4byte	0x9b
 1055 00df 07       		.uleb128 0x7
 1056 00e0 04       		.byte	0x4
 1057 00e1 07       		.byte	0x7
 1058 00e2 B6010000 		.4byte	.LASF17
 1059 00e6 08       		.uleb128 0x8
 1060 00e7 04       		.byte	0x4
 1061 00e8 EC000000 		.4byte	0xec
 1062 00ec 09       		.uleb128 0x9
 1063 00ed F1000000 		.4byte	0xf1
 1064 00f1 07       		.uleb128 0x7
 1065 00f2 01       		.byte	0x1
 1066 00f3 08       		.byte	0x8
 1067 00f4 E8010000 		.4byte	.LASF18
 1068 00f8 08       		.uleb128 0x8
 1069 00f9 04       		.byte	0x4
 1070 00fa FE000000 		.4byte	0xfe
 1071 00fe 0A       		.uleb128 0xa
 1072 00ff 01       		.byte	0x1
 1073 0100 D4000000 		.4byte	0xd4
 1074 0104 0E010000 		.4byte	0x10e
 1075 0108 0B       		.uleb128 0xb
 1076 0109 4E000000 		.4byte	0x4e
 1077 010d 00       		.byte	0
 1078 010e 08       		.uleb128 0x8
ARM GAS  /tmp/ccRaeAFc.s 			page 20


 1079 010f 04       		.byte	0x4
 1080 0110 7B000000 		.4byte	0x7b
 1081 0114 03       		.uleb128 0x3
 1082 0115 32020000 		.4byte	.LASF20
 1083 0119 10       		.byte	0x10
 1084 011a 07       		.byte	0x7
 1085 011b 41       		.byte	0x41
 1086 011c 59010000 		.4byte	0x159
 1087 0120 0C       		.uleb128 0xc
 1088 0121 E2000000 		.4byte	.LASF21
 1089 0125 07       		.byte	0x7
 1090 0126 42       		.byte	0x42
 1091 0127 7E010000 		.4byte	0x17e
 1092 012b 02       		.byte	0x2
 1093 012c 23       		.byte	0x23
 1094 012d 00       		.uleb128 0
 1095 012e 0C       		.uleb128 0xc
 1096 012f 0D010000 		.4byte	.LASF22
 1097 0133 07       		.byte	0x7
 1098 0134 42       		.byte	0x42
 1099 0135 9E010000 		.4byte	0x19e
 1100 0139 02       		.byte	0x2
 1101 013a 23       		.byte	0x23
 1102 013b 04       		.uleb128 0x4
 1103 013c 0D       		.uleb128 0xd
 1104 013d 70757400 		.ascii	"put\000"
 1105 0141 07       		.byte	0x7
 1106 0142 42       		.byte	0x42
 1107 0143 B9010000 		.4byte	0x1b9
 1108 0147 02       		.byte	0x2
 1109 0148 23       		.byte	0x23
 1110 0149 08       		.uleb128 0x8
 1111 014a 0D       		.uleb128 0xd
 1112 014b 67657400 		.ascii	"get\000"
 1113 014f 07       		.byte	0x7
 1114 0150 42       		.byte	0x42
 1115 0151 F8000000 		.4byte	0xf8
 1116 0155 02       		.byte	0x2
 1117 0156 23       		.byte	0x23
 1118 0157 0C       		.uleb128 0xc
 1119 0158 00       		.byte	0
 1120 0159 0A       		.uleb128 0xa
 1121 015a 01       		.byte	0x1
 1122 015b 62000000 		.4byte	0x62
 1123 015f 73010000 		.4byte	0x173
 1124 0163 0B       		.uleb128 0xb
 1125 0164 4E000000 		.4byte	0x4e
 1126 0168 0B       		.uleb128 0xb
 1127 0169 73010000 		.4byte	0x173
 1128 016d 0B       		.uleb128 0xb
 1129 016e 62000000 		.4byte	0x62
 1130 0172 00       		.byte	0
 1131 0173 08       		.uleb128 0x8
 1132 0174 04       		.byte	0x4
 1133 0175 79010000 		.4byte	0x179
 1134 0179 09       		.uleb128 0x9
 1135 017a 7B000000 		.4byte	0x7b
ARM GAS  /tmp/ccRaeAFc.s 			page 21


 1136 017e 08       		.uleb128 0x8
 1137 017f 04       		.byte	0x4
 1138 0180 59010000 		.4byte	0x159
 1139 0184 0A       		.uleb128 0xa
 1140 0185 01       		.byte	0x1
 1141 0186 62000000 		.4byte	0x62
 1142 018a 9E010000 		.4byte	0x19e
 1143 018e 0B       		.uleb128 0xb
 1144 018f 4E000000 		.4byte	0x4e
 1145 0193 0B       		.uleb128 0xb
 1146 0194 0E010000 		.4byte	0x10e
 1147 0198 0B       		.uleb128 0xb
 1148 0199 62000000 		.4byte	0x62
 1149 019d 00       		.byte	0
 1150 019e 08       		.uleb128 0x8
 1151 019f 04       		.byte	0x4
 1152 01a0 84010000 		.4byte	0x184
 1153 01a4 0A       		.uleb128 0xa
 1154 01a5 01       		.byte	0x1
 1155 01a6 D4000000 		.4byte	0xd4
 1156 01aa B9010000 		.4byte	0x1b9
 1157 01ae 0B       		.uleb128 0xb
 1158 01af 4E000000 		.4byte	0x4e
 1159 01b3 0B       		.uleb128 0xb
 1160 01b4 7B000000 		.4byte	0x7b
 1161 01b8 00       		.byte	0
 1162 01b9 08       		.uleb128 0x8
 1163 01ba 04       		.byte	0x4
 1164 01bb A4010000 		.4byte	0x1a4
 1165 01bf 0E       		.uleb128 0xe
 1166 01c0 04       		.byte	0x4
 1167 01c1 07       		.byte	0x7
 1168 01c2 4A       		.byte	0x4a
 1169 01c3 D6010000 		.4byte	0x1d6
 1170 01c7 0D       		.uleb128 0xd
 1171 01c8 766D7400 		.ascii	"vmt\000"
 1172 01cc 07       		.byte	0x7
 1173 01cd 4C       		.byte	0x4c
 1174 01ce D6010000 		.4byte	0x1d6
 1175 01d2 02       		.byte	0x2
 1176 01d3 23       		.byte	0x23
 1177 01d4 00       		.uleb128 0
 1178 01d5 00       		.byte	0
 1179 01d6 08       		.uleb128 0x8
 1180 01d7 04       		.byte	0x4
 1181 01d8 DC010000 		.4byte	0x1dc
 1182 01dc 09       		.uleb128 0x9
 1183 01dd 14010000 		.4byte	0x114
 1184 01e1 02       		.uleb128 0x2
 1185 01e2 9A000000 		.4byte	.LASF23
 1186 01e6 07       		.byte	0x7
 1187 01e7 4E       		.byte	0x4e
 1188 01e8 BF010000 		.4byte	0x1bf
 1189 01ec 0F       		.uleb128 0xf
 1190 01ed 68000000 		.4byte	.LASF26
 1191 01f1 01       		.byte	0x1
 1192 01f2 24       		.byte	0x24
ARM GAS  /tmp/ccRaeAFc.s 			page 22


 1193 01f3 01       		.byte	0x1
 1194 01f4 71020000 		.4byte	0x271
 1195 01f8 00000000 		.4byte	.LFB7
 1196 01fc B4000000 		.4byte	.LFE7
 1197 0200 00000000 		.4byte	.LLST0
 1198 0204 01       		.byte	0x1
 1199 0205 71020000 		.4byte	0x271
 1200 0209 10       		.uleb128 0x10
 1201 020a 7000     		.ascii	"p\000"
 1202 020c 01       		.byte	0x1
 1203 020d 24       		.byte	0x24
 1204 020e 71020000 		.4byte	0x271
 1205 0212 02       		.byte	0x2
 1206 0213 91       		.byte	0x91
 1207 0214 6C       		.sleb128 -20
 1208 0215 10       		.uleb128 0x10
 1209 0216 6E756D00 		.ascii	"num\000"
 1210 021a 01       		.byte	0x1
 1211 021b 25       		.byte	0x25
 1212 021c A6000000 		.4byte	0xa6
 1213 0220 02       		.byte	0x2
 1214 0221 91       		.byte	0x91
 1215 0222 68       		.sleb128 -24
 1216 0223 11       		.uleb128 0x11
 1217 0224 9D010000 		.4byte	.LASF24
 1218 0228 01       		.byte	0x1
 1219 0229 26       		.byte	0x26
 1220 022a 6D000000 		.4byte	0x6d
 1221 022e 02       		.byte	0x2
 1222 022f 91       		.byte	0x91
 1223 0230 64       		.sleb128 -28
 1224 0231 11       		.uleb128 0x11
 1225 0232 95010000 		.4byte	.LASF25
 1226 0236 01       		.byte	0x1
 1227 0237 27       		.byte	0x27
 1228 0238 A6000000 		.4byte	0xa6
 1229 023c 02       		.byte	0x2
 1230 023d 91       		.byte	0x91
 1231 023e 60       		.sleb128 -32
 1232 023f 12       		.uleb128 0x12
 1233 0240 6900     		.ascii	"i\000"
 1234 0242 01       		.byte	0x1
 1235 0243 28       		.byte	0x28
 1236 0244 5B000000 		.4byte	0x5b
 1237 0248 02       		.byte	0x2
 1238 0249 91       		.byte	0x91
 1239 024a 7C       		.sleb128 -4
 1240 024b 12       		.uleb128 0x12
 1241 024c 7100     		.ascii	"q\000"
 1242 024e 01       		.byte	0x1
 1243 024f 29       		.byte	0x29
 1244 0250 71020000 		.4byte	0x271
 1245 0254 02       		.byte	0x2
 1246 0255 91       		.byte	0x91
 1247 0256 78       		.sleb128 -8
 1248 0257 12       		.uleb128 0x12
 1249 0258 6C00     		.ascii	"l\000"
ARM GAS  /tmp/ccRaeAFc.s 			page 23


 1250 025a 01       		.byte	0x1
 1251 025b 2A       		.byte	0x2a
 1252 025c A6000000 		.4byte	0xa6
 1253 0260 02       		.byte	0x2
 1254 0261 91       		.byte	0x91
 1255 0262 74       		.sleb128 -12
 1256 0263 12       		.uleb128 0x12
 1257 0264 6C6C00   		.ascii	"ll\000"
 1258 0267 01       		.byte	0x1
 1259 0268 2A       		.byte	0x2a
 1260 0269 A6000000 		.4byte	0xa6
 1261 026d 02       		.byte	0x2
 1262 026e 91       		.byte	0x91
 1263 026f 70       		.sleb128 -16
 1264 0270 00       		.byte	0
 1265 0271 08       		.uleb128 0x8
 1266 0272 04       		.byte	0x4
 1267 0273 F1000000 		.4byte	0xf1
 1268 0277 13       		.uleb128 0x13
 1269 0278 27020000 		.4byte	.LASF27
 1270 027c 01       		.byte	0x1
 1271 027d 45       		.byte	0x45
 1272 027e 01       		.byte	0x1
 1273 027f 71020000 		.4byte	0x271
 1274 0283 00000000 		.4byte	.LFB8
 1275 0287 20000000 		.4byte	.LFE8
 1276 028b 20000000 		.4byte	.LLST1
 1277 028f 01       		.byte	0x1
 1278 0290 BD020000 		.4byte	0x2bd
 1279 0294 10       		.uleb128 0x10
 1280 0295 7000     		.ascii	"p\000"
 1281 0297 01       		.byte	0x1
 1282 0298 45       		.byte	0x45
 1283 0299 71020000 		.4byte	0x271
 1284 029d 02       		.byte	0x2
 1285 029e 91       		.byte	0x91
 1286 029f 74       		.sleb128 -12
 1287 02a0 10       		.uleb128 0x10
 1288 02a1 6E756D00 		.ascii	"num\000"
 1289 02a5 01       		.byte	0x1
 1290 02a6 45       		.byte	0x45
 1291 02a7 A6000000 		.4byte	0xa6
 1292 02ab 02       		.byte	0x2
 1293 02ac 91       		.byte	0x91
 1294 02ad 70       		.sleb128 -16
 1295 02ae 11       		.uleb128 0x11
 1296 02af 9D010000 		.4byte	.LASF24
 1297 02b3 01       		.byte	0x1
 1298 02b4 45       		.byte	0x45
 1299 02b5 6D000000 		.4byte	0x6d
 1300 02b9 02       		.byte	0x2
 1301 02ba 91       		.byte	0x91
 1302 02bb 6C       		.sleb128 -20
 1303 02bc 00       		.byte	0
 1304 02bd 13       		.uleb128 0x13
 1305 02be A9010000 		.4byte	.LASF28
 1306 02c2 01       		.byte	0x1
ARM GAS  /tmp/ccRaeAFc.s 			page 24


 1307 02c3 4B       		.byte	0x4b
 1308 02c4 01       		.byte	0x1
 1309 02c5 71020000 		.4byte	0x271
 1310 02c9 00000000 		.4byte	.LFB9
 1311 02cd A4000000 		.4byte	.LFE9
 1312 02d1 4C000000 		.4byte	.LLST2
 1313 02d5 01       		.byte	0x1
 1314 02d6 0F030000 		.4byte	0x30f
 1315 02da 10       		.uleb128 0x10
 1316 02db 7000     		.ascii	"p\000"
 1317 02dd 01       		.byte	0x1
 1318 02de 4B       		.byte	0x4b
 1319 02df 71020000 		.4byte	0x271
 1320 02e3 02       		.byte	0x2
 1321 02e4 91       		.byte	0x91
 1322 02e5 64       		.sleb128 -28
 1323 02e6 10       		.uleb128 0x10
 1324 02e7 6E756D00 		.ascii	"num\000"
 1325 02eb 01       		.byte	0x1
 1326 02ec 4B       		.byte	0x4b
 1327 02ed 0F030000 		.4byte	0x30f
 1328 02f1 02       		.byte	0x2
 1329 02f2 91       		.byte	0x91
 1330 02f3 58       		.sleb128 -40
 1331 02f4 12       		.uleb128 0x12
 1332 02f5 6C00     		.ascii	"l\000"
 1333 02f7 01       		.byte	0x1
 1334 02f8 4C       		.byte	0x4c
 1335 02f9 A6000000 		.4byte	0xa6
 1336 02fd 02       		.byte	0x2
 1337 02fe 91       		.byte	0x91
 1338 02ff 68       		.sleb128 -24
 1339 0300 14       		.uleb128 0x14
 1340 0301 DE010000 		.4byte	.LASF29
 1341 0305 01       		.byte	0x1
 1342 0306 4D       		.byte	0x4d
 1343 0307 AD000000 		.4byte	0xad
 1344 030b 02       		.byte	0x2
 1345 030c 91       		.byte	0x91
 1346 030d 6C       		.sleb128 -20
 1347 030e 00       		.byte	0
 1348 030f 07       		.uleb128 0x7
 1349 0310 08       		.byte	0x8
 1350 0311 04       		.byte	0x4
 1351 0312 F7000000 		.4byte	.LASF30
 1352 0316 15       		.uleb128 0x15
 1353 0317 01       		.byte	0x1
 1354 0318 EE000000 		.4byte	.LASF41
 1355 031c 01       		.byte	0x1
 1356 031d 6C       		.byte	0x6c
 1357 031e 01       		.byte	0x1
 1358 031f 00000000 		.4byte	.LFB10
 1359 0323 10050000 		.4byte	.LFE10
 1360 0327 78000000 		.4byte	.LLST3
 1361 032b 01       		.byte	0x1
 1362 032c 04040000 		.4byte	0x404
 1363 0330 10       		.uleb128 0x10
ARM GAS  /tmp/ccRaeAFc.s 			page 25


 1364 0331 63687000 		.ascii	"chp\000"
 1365 0335 01       		.byte	0x1
 1366 0336 6C       		.byte	0x6c
 1367 0337 04040000 		.4byte	0x404
 1368 033b 03       		.byte	0x3
 1369 033c 91       		.byte	0x91
 1370 033d AC7F     		.sleb128 -84
 1371 033f 10       		.uleb128 0x10
 1372 0340 666D7400 		.ascii	"fmt\000"
 1373 0344 01       		.byte	0x1
 1374 0345 6C       		.byte	0x6c
 1375 0346 E6000000 		.4byte	0xe6
 1376 034a 02       		.byte	0x2
 1377 034b 91       		.byte	0x91
 1378 034c 74       		.sleb128 -12
 1379 034d 16       		.uleb128 0x16
 1380 034e 12       		.uleb128 0x12
 1381 034f 617000   		.ascii	"ap\000"
 1382 0352 01       		.byte	0x1
 1383 0353 6D       		.byte	0x6d
 1384 0354 50000000 		.4byte	0x50
 1385 0358 02       		.byte	0x2
 1386 0359 91       		.byte	0x91
 1387 035a 48       		.sleb128 -56
 1388 035b 12       		.uleb128 0x12
 1389 035c 7000     		.ascii	"p\000"
 1390 035e 01       		.byte	0x1
 1391 035f 6E       		.byte	0x6e
 1392 0360 71020000 		.4byte	0x271
 1393 0364 02       		.byte	0x2
 1394 0365 91       		.byte	0x91
 1395 0366 6C       		.sleb128 -20
 1396 0367 12       		.uleb128 0x12
 1397 0368 7300     		.ascii	"s\000"
 1398 036a 01       		.byte	0x1
 1399 036b 6E       		.byte	0x6e
 1400 036c 71020000 		.4byte	0x271
 1401 0370 02       		.byte	0x2
 1402 0371 91       		.byte	0x91
 1403 0372 68       		.sleb128 -24
 1404 0373 12       		.uleb128 0x12
 1405 0374 6300     		.ascii	"c\000"
 1406 0376 01       		.byte	0x1
 1407 0377 6E       		.byte	0x6e
 1408 0378 F1000000 		.4byte	0xf1
 1409 037c 02       		.byte	0x2
 1410 037d 91       		.byte	0x91
 1411 037e 67       		.sleb128 -25
 1412 037f 14       		.uleb128 0x14
 1413 0380 12010000 		.4byte	.LASF31
 1414 0384 01       		.byte	0x1
 1415 0385 6E       		.byte	0x6e
 1416 0386 F1000000 		.4byte	0xf1
 1417 038a 02       		.byte	0x2
 1418 038b 91       		.byte	0x91
 1419 038c 66       		.sleb128 -26
 1420 038d 12       		.uleb128 0x12
ARM GAS  /tmp/ccRaeAFc.s 			page 26


 1421 038e 6900     		.ascii	"i\000"
 1422 0390 01       		.byte	0x1
 1423 0391 6F       		.byte	0x6f
 1424 0392 5B000000 		.4byte	0x5b
 1425 0396 02       		.byte	0x2
 1426 0397 91       		.byte	0x91
 1427 0398 60       		.sleb128 -32
 1428 0399 14       		.uleb128 0x14
 1429 039a DE010000 		.4byte	.LASF29
 1430 039e 01       		.byte	0x1
 1431 039f 6F       		.byte	0x6f
 1432 03a0 5B000000 		.4byte	0x5b
 1433 03a4 02       		.byte	0x2
 1434 03a5 91       		.byte	0x91
 1435 03a6 5C       		.sleb128 -36
 1436 03a7 14       		.uleb128 0x14
 1437 03a8 E8000000 		.4byte	.LASF32
 1438 03ac 01       		.byte	0x1
 1439 03ad 6F       		.byte	0x6f
 1440 03ae 5B000000 		.4byte	0x5b
 1441 03b2 02       		.byte	0x2
 1442 03b3 91       		.byte	0x91
 1443 03b4 58       		.sleb128 -40
 1444 03b5 14       		.uleb128 0x14
 1445 03b6 4C000000 		.4byte	.LASF33
 1446 03ba 01       		.byte	0x1
 1447 03bb 70       		.byte	0x70
 1448 03bc C2000000 		.4byte	0xc2
 1449 03c0 02       		.byte	0x2
 1450 03c1 91       		.byte	0x91
 1451 03c2 57       		.sleb128 -41
 1452 03c3 14       		.uleb128 0x14
 1453 03c4 ED010000 		.4byte	.LASF34
 1454 03c8 01       		.byte	0x1
 1455 03c9 70       		.byte	0x70
 1456 03ca C2000000 		.4byte	0xc2
 1457 03ce 02       		.byte	0x2
 1458 03cf 91       		.byte	0x91
 1459 03d0 56       		.sleb128 -42
 1460 03d1 12       		.uleb128 0x12
 1461 03d2 6C00     		.ascii	"l\000"
 1462 03d4 01       		.byte	0x1
 1463 03d5 71       		.byte	0x71
 1464 03d6 A6000000 		.4byte	0xa6
 1465 03da 02       		.byte	0x2
 1466 03db 91       		.byte	0x91
 1467 03dc 50       		.sleb128 -48
 1468 03dd 12       		.uleb128 0x12
 1469 03de 6600     		.ascii	"f\000"
 1470 03e0 01       		.byte	0x1
 1471 03e1 73       		.byte	0x73
 1472 03e2 0A040000 		.4byte	0x40a
 1473 03e6 02       		.byte	0x2
 1474 03e7 91       		.byte	0x91
 1475 03e8 4C       		.sleb128 -52
 1476 03e9 14       		.uleb128 0x14
 1477 03ea BF010000 		.4byte	.LASF35
ARM GAS  /tmp/ccRaeAFc.s 			page 27


 1478 03ee 01       		.byte	0x1
 1479 03ef 74       		.byte	0x74
 1480 03f0 11040000 		.4byte	0x411
 1481 03f4 03       		.byte	0x3
 1482 03f5 91       		.byte	0x91
 1483 03f6 B07F     		.sleb128 -80
 1484 03f8 17       		.uleb128 0x17
 1485 03f9 02020000 		.4byte	.LASF42
 1486 03fd 01       		.byte	0x1
 1487 03fe E4       		.byte	0xe4
 1488 03ff EE030000 		.4byte	.L56
 1489 0403 00       		.byte	0
 1490 0404 08       		.uleb128 0x8
 1491 0405 04       		.byte	0x4
 1492 0406 E1010000 		.4byte	0x1e1
 1493 040a 07       		.uleb128 0x7
 1494 040b 04       		.byte	0x4
 1495 040c 04       		.byte	0x4
 1496 040d 8C000000 		.4byte	.LASF36
 1497 0411 18       		.uleb128 0x18
 1498 0412 F1000000 		.4byte	0xf1
 1499 0416 19       		.uleb128 0x19
 1500 0417 DF000000 		.4byte	0xdf
 1501 041b 16       		.byte	0x16
 1502 041c 00       		.byte	0
 1503 041d 00       		.byte	0
 1504              		.section	.debug_abbrev,"",%progbits
 1505              	.Ldebug_abbrev0:
 1506 0000 01       		.uleb128 0x1
 1507 0001 11       		.uleb128 0x11
 1508 0002 01       		.byte	0x1
 1509 0003 25       		.uleb128 0x25
 1510 0004 0E       		.uleb128 0xe
 1511 0005 13       		.uleb128 0x13
 1512 0006 0B       		.uleb128 0xb
 1513 0007 03       		.uleb128 0x3
 1514 0008 0E       		.uleb128 0xe
 1515 0009 1B       		.uleb128 0x1b
 1516 000a 0E       		.uleb128 0xe
 1517 000b 55       		.uleb128 0x55
 1518 000c 06       		.uleb128 0x6
 1519 000d 11       		.uleb128 0x11
 1520 000e 01       		.uleb128 0x1
 1521 000f 52       		.uleb128 0x52
 1522 0010 01       		.uleb128 0x1
 1523 0011 10       		.uleb128 0x10
 1524 0012 06       		.uleb128 0x6
 1525 0013 00       		.byte	0
 1526 0014 00       		.byte	0
 1527 0015 02       		.uleb128 0x2
 1528 0016 16       		.uleb128 0x16
 1529 0017 00       		.byte	0
 1530 0018 03       		.uleb128 0x3
 1531 0019 0E       		.uleb128 0xe
 1532 001a 3A       		.uleb128 0x3a
 1533 001b 0B       		.uleb128 0xb
 1534 001c 3B       		.uleb128 0x3b
ARM GAS  /tmp/ccRaeAFc.s 			page 28


 1535 001d 0B       		.uleb128 0xb
 1536 001e 49       		.uleb128 0x49
 1537 001f 13       		.uleb128 0x13
 1538 0020 00       		.byte	0
 1539 0021 00       		.byte	0
 1540 0022 03       		.uleb128 0x3
 1541 0023 13       		.uleb128 0x13
 1542 0024 01       		.byte	0x1
 1543 0025 03       		.uleb128 0x3
 1544 0026 0E       		.uleb128 0xe
 1545 0027 0B       		.uleb128 0xb
 1546 0028 0B       		.uleb128 0xb
 1547 0029 3A       		.uleb128 0x3a
 1548 002a 0B       		.uleb128 0xb
 1549 002b 3B       		.uleb128 0x3b
 1550 002c 0B       		.uleb128 0xb
 1551 002d 01       		.uleb128 0x1
 1552 002e 13       		.uleb128 0x13
 1553 002f 00       		.byte	0
 1554 0030 00       		.byte	0
 1555 0031 04       		.uleb128 0x4
 1556 0032 0D       		.uleb128 0xd
 1557 0033 00       		.byte	0
 1558 0034 03       		.uleb128 0x3
 1559 0035 0E       		.uleb128 0xe
 1560 0036 49       		.uleb128 0x49
 1561 0037 13       		.uleb128 0x13
 1562 0038 38       		.uleb128 0x38
 1563 0039 0A       		.uleb128 0xa
 1564 003a 34       		.uleb128 0x34
 1565 003b 0C       		.uleb128 0xc
 1566 003c 00       		.byte	0
 1567 003d 00       		.byte	0
 1568 003e 05       		.uleb128 0x5
 1569 003f 0F       		.uleb128 0xf
 1570 0040 00       		.byte	0
 1571 0041 0B       		.uleb128 0xb
 1572 0042 0B       		.uleb128 0xb
 1573 0043 00       		.byte	0
 1574 0044 00       		.byte	0
 1575 0045 06       		.uleb128 0x6
 1576 0046 24       		.uleb128 0x24
 1577 0047 00       		.byte	0
 1578 0048 0B       		.uleb128 0xb
 1579 0049 0B       		.uleb128 0xb
 1580 004a 3E       		.uleb128 0x3e
 1581 004b 0B       		.uleb128 0xb
 1582 004c 03       		.uleb128 0x3
 1583 004d 08       		.uleb128 0x8
 1584 004e 00       		.byte	0
 1585 004f 00       		.byte	0
 1586 0050 07       		.uleb128 0x7
 1587 0051 24       		.uleb128 0x24
 1588 0052 00       		.byte	0
 1589 0053 0B       		.uleb128 0xb
 1590 0054 0B       		.uleb128 0xb
 1591 0055 3E       		.uleb128 0x3e
ARM GAS  /tmp/ccRaeAFc.s 			page 29


 1592 0056 0B       		.uleb128 0xb
 1593 0057 03       		.uleb128 0x3
 1594 0058 0E       		.uleb128 0xe
 1595 0059 00       		.byte	0
 1596 005a 00       		.byte	0
 1597 005b 08       		.uleb128 0x8
 1598 005c 0F       		.uleb128 0xf
 1599 005d 00       		.byte	0
 1600 005e 0B       		.uleb128 0xb
 1601 005f 0B       		.uleb128 0xb
 1602 0060 49       		.uleb128 0x49
 1603 0061 13       		.uleb128 0x13
 1604 0062 00       		.byte	0
 1605 0063 00       		.byte	0
 1606 0064 09       		.uleb128 0x9
 1607 0065 26       		.uleb128 0x26
 1608 0066 00       		.byte	0
 1609 0067 49       		.uleb128 0x49
 1610 0068 13       		.uleb128 0x13
 1611 0069 00       		.byte	0
 1612 006a 00       		.byte	0
 1613 006b 0A       		.uleb128 0xa
 1614 006c 15       		.uleb128 0x15
 1615 006d 01       		.byte	0x1
 1616 006e 27       		.uleb128 0x27
 1617 006f 0C       		.uleb128 0xc
 1618 0070 49       		.uleb128 0x49
 1619 0071 13       		.uleb128 0x13
 1620 0072 01       		.uleb128 0x1
 1621 0073 13       		.uleb128 0x13
 1622 0074 00       		.byte	0
 1623 0075 00       		.byte	0
 1624 0076 0B       		.uleb128 0xb
 1625 0077 05       		.uleb128 0x5
 1626 0078 00       		.byte	0
 1627 0079 49       		.uleb128 0x49
 1628 007a 13       		.uleb128 0x13
 1629 007b 00       		.byte	0
 1630 007c 00       		.byte	0
 1631 007d 0C       		.uleb128 0xc
 1632 007e 0D       		.uleb128 0xd
 1633 007f 00       		.byte	0
 1634 0080 03       		.uleb128 0x3
 1635 0081 0E       		.uleb128 0xe
 1636 0082 3A       		.uleb128 0x3a
 1637 0083 0B       		.uleb128 0xb
 1638 0084 3B       		.uleb128 0x3b
 1639 0085 0B       		.uleb128 0xb
 1640 0086 49       		.uleb128 0x49
 1641 0087 13       		.uleb128 0x13
 1642 0088 38       		.uleb128 0x38
 1643 0089 0A       		.uleb128 0xa
 1644 008a 00       		.byte	0
 1645 008b 00       		.byte	0
 1646 008c 0D       		.uleb128 0xd
 1647 008d 0D       		.uleb128 0xd
 1648 008e 00       		.byte	0
ARM GAS  /tmp/ccRaeAFc.s 			page 30


 1649 008f 03       		.uleb128 0x3
 1650 0090 08       		.uleb128 0x8
 1651 0091 3A       		.uleb128 0x3a
 1652 0092 0B       		.uleb128 0xb
 1653 0093 3B       		.uleb128 0x3b
 1654 0094 0B       		.uleb128 0xb
 1655 0095 49       		.uleb128 0x49
 1656 0096 13       		.uleb128 0x13
 1657 0097 38       		.uleb128 0x38
 1658 0098 0A       		.uleb128 0xa
 1659 0099 00       		.byte	0
 1660 009a 00       		.byte	0
 1661 009b 0E       		.uleb128 0xe
 1662 009c 13       		.uleb128 0x13
 1663 009d 01       		.byte	0x1
 1664 009e 0B       		.uleb128 0xb
 1665 009f 0B       		.uleb128 0xb
 1666 00a0 3A       		.uleb128 0x3a
 1667 00a1 0B       		.uleb128 0xb
 1668 00a2 3B       		.uleb128 0x3b
 1669 00a3 0B       		.uleb128 0xb
 1670 00a4 01       		.uleb128 0x1
 1671 00a5 13       		.uleb128 0x13
 1672 00a6 00       		.byte	0
 1673 00a7 00       		.byte	0
 1674 00a8 0F       		.uleb128 0xf
 1675 00a9 2E       		.uleb128 0x2e
 1676 00aa 01       		.byte	0x1
 1677 00ab 03       		.uleb128 0x3
 1678 00ac 0E       		.uleb128 0xe
 1679 00ad 3A       		.uleb128 0x3a
 1680 00ae 0B       		.uleb128 0xb
 1681 00af 3B       		.uleb128 0x3b
 1682 00b0 0B       		.uleb128 0xb
 1683 00b1 27       		.uleb128 0x27
 1684 00b2 0C       		.uleb128 0xc
 1685 00b3 49       		.uleb128 0x49
 1686 00b4 13       		.uleb128 0x13
 1687 00b5 11       		.uleb128 0x11
 1688 00b6 01       		.uleb128 0x1
 1689 00b7 12       		.uleb128 0x12
 1690 00b8 01       		.uleb128 0x1
 1691 00b9 40       		.uleb128 0x40
 1692 00ba 06       		.uleb128 0x6
 1693 00bb 9742     		.uleb128 0x2117
 1694 00bd 0C       		.uleb128 0xc
 1695 00be 01       		.uleb128 0x1
 1696 00bf 13       		.uleb128 0x13
 1697 00c0 00       		.byte	0
 1698 00c1 00       		.byte	0
 1699 00c2 10       		.uleb128 0x10
 1700 00c3 05       		.uleb128 0x5
 1701 00c4 00       		.byte	0
 1702 00c5 03       		.uleb128 0x3
 1703 00c6 08       		.uleb128 0x8
 1704 00c7 3A       		.uleb128 0x3a
 1705 00c8 0B       		.uleb128 0xb
ARM GAS  /tmp/ccRaeAFc.s 			page 31


 1706 00c9 3B       		.uleb128 0x3b
 1707 00ca 0B       		.uleb128 0xb
 1708 00cb 49       		.uleb128 0x49
 1709 00cc 13       		.uleb128 0x13
 1710 00cd 02       		.uleb128 0x2
 1711 00ce 0A       		.uleb128 0xa
 1712 00cf 00       		.byte	0
 1713 00d0 00       		.byte	0
 1714 00d1 11       		.uleb128 0x11
 1715 00d2 05       		.uleb128 0x5
 1716 00d3 00       		.byte	0
 1717 00d4 03       		.uleb128 0x3
 1718 00d5 0E       		.uleb128 0xe
 1719 00d6 3A       		.uleb128 0x3a
 1720 00d7 0B       		.uleb128 0xb
 1721 00d8 3B       		.uleb128 0x3b
 1722 00d9 0B       		.uleb128 0xb
 1723 00da 49       		.uleb128 0x49
 1724 00db 13       		.uleb128 0x13
 1725 00dc 02       		.uleb128 0x2
 1726 00dd 0A       		.uleb128 0xa
 1727 00de 00       		.byte	0
 1728 00df 00       		.byte	0
 1729 00e0 12       		.uleb128 0x12
 1730 00e1 34       		.uleb128 0x34
 1731 00e2 00       		.byte	0
 1732 00e3 03       		.uleb128 0x3
 1733 00e4 08       		.uleb128 0x8
 1734 00e5 3A       		.uleb128 0x3a
 1735 00e6 0B       		.uleb128 0xb
 1736 00e7 3B       		.uleb128 0x3b
 1737 00e8 0B       		.uleb128 0xb
 1738 00e9 49       		.uleb128 0x49
 1739 00ea 13       		.uleb128 0x13
 1740 00eb 02       		.uleb128 0x2
 1741 00ec 0A       		.uleb128 0xa
 1742 00ed 00       		.byte	0
 1743 00ee 00       		.byte	0
 1744 00ef 13       		.uleb128 0x13
 1745 00f0 2E       		.uleb128 0x2e
 1746 00f1 01       		.byte	0x1
 1747 00f2 03       		.uleb128 0x3
 1748 00f3 0E       		.uleb128 0xe
 1749 00f4 3A       		.uleb128 0x3a
 1750 00f5 0B       		.uleb128 0xb
 1751 00f6 3B       		.uleb128 0x3b
 1752 00f7 0B       		.uleb128 0xb
 1753 00f8 27       		.uleb128 0x27
 1754 00f9 0C       		.uleb128 0xc
 1755 00fa 49       		.uleb128 0x49
 1756 00fb 13       		.uleb128 0x13
 1757 00fc 11       		.uleb128 0x11
 1758 00fd 01       		.uleb128 0x1
 1759 00fe 12       		.uleb128 0x12
 1760 00ff 01       		.uleb128 0x1
 1761 0100 40       		.uleb128 0x40
 1762 0101 06       		.uleb128 0x6
ARM GAS  /tmp/ccRaeAFc.s 			page 32


 1763 0102 9642     		.uleb128 0x2116
 1764 0104 0C       		.uleb128 0xc
 1765 0105 01       		.uleb128 0x1
 1766 0106 13       		.uleb128 0x13
 1767 0107 00       		.byte	0
 1768 0108 00       		.byte	0
 1769 0109 14       		.uleb128 0x14
 1770 010a 34       		.uleb128 0x34
 1771 010b 00       		.byte	0
 1772 010c 03       		.uleb128 0x3
 1773 010d 0E       		.uleb128 0xe
 1774 010e 3A       		.uleb128 0x3a
 1775 010f 0B       		.uleb128 0xb
 1776 0110 3B       		.uleb128 0x3b
 1777 0111 0B       		.uleb128 0xb
 1778 0112 49       		.uleb128 0x49
 1779 0113 13       		.uleb128 0x13
 1780 0114 02       		.uleb128 0x2
 1781 0115 0A       		.uleb128 0xa
 1782 0116 00       		.byte	0
 1783 0117 00       		.byte	0
 1784 0118 15       		.uleb128 0x15
 1785 0119 2E       		.uleb128 0x2e
 1786 011a 01       		.byte	0x1
 1787 011b 3F       		.uleb128 0x3f
 1788 011c 0C       		.uleb128 0xc
 1789 011d 03       		.uleb128 0x3
 1790 011e 0E       		.uleb128 0xe
 1791 011f 3A       		.uleb128 0x3a
 1792 0120 0B       		.uleb128 0xb
 1793 0121 3B       		.uleb128 0x3b
 1794 0122 0B       		.uleb128 0xb
 1795 0123 27       		.uleb128 0x27
 1796 0124 0C       		.uleb128 0xc
 1797 0125 11       		.uleb128 0x11
 1798 0126 01       		.uleb128 0x1
 1799 0127 12       		.uleb128 0x12
 1800 0128 01       		.uleb128 0x1
 1801 0129 40       		.uleb128 0x40
 1802 012a 06       		.uleb128 0x6
 1803 012b 9642     		.uleb128 0x2116
 1804 012d 0C       		.uleb128 0xc
 1805 012e 01       		.uleb128 0x1
 1806 012f 13       		.uleb128 0x13
 1807 0130 00       		.byte	0
 1808 0131 00       		.byte	0
 1809 0132 16       		.uleb128 0x16
 1810 0133 18       		.uleb128 0x18
 1811 0134 00       		.byte	0
 1812 0135 00       		.byte	0
 1813 0136 00       		.byte	0
 1814 0137 17       		.uleb128 0x17
 1815 0138 0A       		.uleb128 0xa
 1816 0139 00       		.byte	0
 1817 013a 03       		.uleb128 0x3
 1818 013b 0E       		.uleb128 0xe
 1819 013c 3A       		.uleb128 0x3a
ARM GAS  /tmp/ccRaeAFc.s 			page 33


 1820 013d 0B       		.uleb128 0xb
 1821 013e 3B       		.uleb128 0x3b
 1822 013f 0B       		.uleb128 0xb
 1823 0140 11       		.uleb128 0x11
 1824 0141 01       		.uleb128 0x1
 1825 0142 00       		.byte	0
 1826 0143 00       		.byte	0
 1827 0144 18       		.uleb128 0x18
 1828 0145 01       		.uleb128 0x1
 1829 0146 01       		.byte	0x1
 1830 0147 49       		.uleb128 0x49
 1831 0148 13       		.uleb128 0x13
 1832 0149 00       		.byte	0
 1833 014a 00       		.byte	0
 1834 014b 19       		.uleb128 0x19
 1835 014c 21       		.uleb128 0x21
 1836 014d 00       		.byte	0
 1837 014e 49       		.uleb128 0x49
 1838 014f 13       		.uleb128 0x13
 1839 0150 2F       		.uleb128 0x2f
 1840 0151 0B       		.uleb128 0xb
 1841 0152 00       		.byte	0
 1842 0153 00       		.byte	0
 1843 0154 00       		.byte	0
 1844              		.section	.debug_loc,"",%progbits
 1845              	.Ldebug_loc0:
 1846              	.LLST0:
 1847 0000 00000000 		.4byte	.LFB7
 1848 0004 02000000 		.4byte	.LCFI0
 1849 0008 0200     		.2byte	0x2
 1850 000a 7D       		.byte	0x7d
 1851 000b 00       		.sleb128 0
 1852 000c 02000000 		.4byte	.LCFI0
 1853 0010 B4000000 		.4byte	.LFE7
 1854 0014 0200     		.2byte	0x2
 1855 0016 7D       		.byte	0x7d
 1856 0017 20       		.sleb128 32
 1857 0018 00000000 		.4byte	0
 1858 001c 00000000 		.4byte	0
 1859              	.LLST1:
 1860 0020 00000000 		.4byte	.LFB8
 1861 0024 02000000 		.4byte	.LCFI1
 1862 0028 0200     		.2byte	0x2
 1863 002a 7D       		.byte	0x7d
 1864 002b 00       		.sleb128 0
 1865 002c 02000000 		.4byte	.LCFI1
 1866 0030 04000000 		.4byte	.LCFI2
 1867 0034 0200     		.2byte	0x2
 1868 0036 7D       		.byte	0x7d
 1869 0037 04       		.sleb128 4
 1870 0038 04000000 		.4byte	.LCFI2
 1871 003c 20000000 		.4byte	.LFE8
 1872 0040 0200     		.2byte	0x2
 1873 0042 7D       		.byte	0x7d
 1874 0043 18       		.sleb128 24
 1875 0044 00000000 		.4byte	0
 1876 0048 00000000 		.4byte	0
ARM GAS  /tmp/ccRaeAFc.s 			page 34


 1877              	.LLST2:
 1878 004c 00000000 		.4byte	.LFB9
 1879 0050 02000000 		.4byte	.LCFI3
 1880 0054 0200     		.2byte	0x2
 1881 0056 7D       		.byte	0x7d
 1882 0057 00       		.sleb128 0
 1883 0058 02000000 		.4byte	.LCFI3
 1884 005c 04000000 		.4byte	.LCFI4
 1885 0060 0200     		.2byte	0x2
 1886 0062 7D       		.byte	0x7d
 1887 0063 0C       		.sleb128 12
 1888 0064 04000000 		.4byte	.LCFI4
 1889 0068 A4000000 		.4byte	.LFE9
 1890 006c 0200     		.2byte	0x2
 1891 006e 7D       		.byte	0x7d
 1892 006f 28       		.sleb128 40
 1893 0070 00000000 		.4byte	0
 1894 0074 00000000 		.4byte	0
 1895              	.LLST3:
 1896 0078 00000000 		.4byte	.LFB10
 1897 007c 02000000 		.4byte	.LCFI5
 1898 0080 0200     		.2byte	0x2
 1899 0082 7D       		.byte	0x7d
 1900 0083 00       		.sleb128 0
 1901 0084 02000000 		.4byte	.LCFI5
 1902 0088 04000000 		.4byte	.LCFI6
 1903 008c 0200     		.2byte	0x2
 1904 008e 7D       		.byte	0x7d
 1905 008f 0C       		.sleb128 12
 1906 0090 04000000 		.4byte	.LCFI6
 1907 0094 06000000 		.4byte	.LCFI7
 1908 0098 0200     		.2byte	0x2
 1909 009a 7D       		.byte	0x7d
 1910 009b 10       		.sleb128 16
 1911 009c 06000000 		.4byte	.LCFI7
 1912 00a0 10050000 		.4byte	.LFE10
 1913 00a4 0300     		.2byte	0x3
 1914 00a6 7D       		.byte	0x7d
 1915 00a7 D800     		.sleb128 88
 1916 00a9 00000000 		.4byte	0
 1917 00ad 00000000 		.4byte	0
 1918              		.section	.debug_aranges,"",%progbits
 1919 0000 34000000 		.4byte	0x34
 1920 0004 0200     		.2byte	0x2
 1921 0006 00000000 		.4byte	.Ldebug_info0
 1922 000a 04       		.byte	0x4
 1923 000b 00       		.byte	0
 1924 000c 0000     		.2byte	0
 1925 000e 0000     		.2byte	0
 1926 0010 00000000 		.4byte	.LFB7
 1927 0014 B4000000 		.4byte	.LFE7-.LFB7
 1928 0018 00000000 		.4byte	.LFB8
 1929 001c 20000000 		.4byte	.LFE8-.LFB8
 1930 0020 00000000 		.4byte	.LFB9
 1931 0024 A4000000 		.4byte	.LFE9-.LFB9
 1932 0028 00000000 		.4byte	.LFB10
 1933 002c 10050000 		.4byte	.LFE10-.LFB10
ARM GAS  /tmp/ccRaeAFc.s 			page 35


 1934 0030 00000000 		.4byte	0
 1935 0034 00000000 		.4byte	0
 1936              		.section	.debug_ranges,"",%progbits
 1937              	.Ldebug_ranges0:
 1938 0000 00000000 		.4byte	.LFB7
 1939 0004 B4000000 		.4byte	.LFE7
 1940 0008 00000000 		.4byte	.LFB8
 1941 000c 20000000 		.4byte	.LFE8
 1942 0010 00000000 		.4byte	.LFB9
 1943 0014 A4000000 		.4byte	.LFE9
 1944 0018 00000000 		.4byte	.LFB10
 1945 001c 10050000 		.4byte	.LFE10
 1946 0020 00000000 		.4byte	0
 1947 0024 00000000 		.4byte	0
 1948              		.section	.debug_line,"",%progbits
 1949              	.Ldebug_line0:
 1950 0000 5C020000 		.section	.debug_str,"MS",%progbits,1
 1950      02002C01 
 1950      00000201 
 1950      FB0E0D00 
 1950      01010101 
 1951              	.LASF2:
 1952 0000 73697A65 		.ascii	"size_t\000"
 1952      5F7400
 1953              	.LASF39:
 1954 0007 2F686F6D 		.ascii	"/home/witold/Dokumenty/arm/ChibiOS-master/demos/dis"
 1954      652F7769 
 1954      746F6C64 
 1954      2F446F6B 
 1954      756D656E 
 1955 003a 636F7665 		.ascii	"covery_1wire\000"
 1955      72795F31 
 1955      77697265 
 1955      00
 1956              	.LASF40:
 1957 0047 5F5F6170 		.ascii	"__ap\000"
 1957      00
 1958              	.LASF33:
 1959 004c 69735F6C 		.ascii	"is_long\000"
 1959      6F6E6700 
 1960              	.LASF3:
 1961 0054 756E7369 		.ascii	"unsigned int\000"
 1961      676E6564 
 1961      20696E74 
 1961      00
 1962              	.LASF14:
 1963 0061 626F6F6C 		.ascii	"bool_t\000"
 1963      5F7400
 1964              	.LASF26:
 1965 0068 6C6F6E67 		.ascii	"long_to_string_with_divisor\000"
 1965      5F746F5F 
 1965      73747269 
 1965      6E675F77 
 1965      6974685F 
 1966              	.LASF5:
 1967 0084 75696E74 		.ascii	"uint8_t\000"
 1967      385F7400 
ARM GAS  /tmp/ccRaeAFc.s 			page 36


 1968              	.LASF36:
 1969 008c 666C6F61 		.ascii	"float\000"
 1969      7400
 1970              	.LASF1:
 1971 0092 76615F6C 		.ascii	"va_list\000"
 1971      69737400 
 1972              	.LASF23:
 1973 009a 42617365 		.ascii	"BaseSequentialStream\000"
 1973      53657175 
 1973      656E7469 
 1973      616C5374 
 1973      7265616D 
 1974              	.LASF6:
 1975 00af 756E7369 		.ascii	"unsigned char\000"
 1975      676E6564 
 1975      20636861 
 1975      7200
 1976              	.LASF11:
 1977 00bd 6C6F6E67 		.ascii	"long unsigned int\000"
 1977      20756E73 
 1977      69676E65 
 1977      6420696E 
 1977      7400
 1978              	.LASF8:
 1979 00cf 73686F72 		.ascii	"short unsigned int\000"
 1979      7420756E 
 1979      7369676E 
 1979      65642069 
 1979      6E7400
 1980              	.LASF21:
 1981 00e2 77726974 		.ascii	"write\000"
 1981      6500
 1982              	.LASF32:
 1983 00e8 77696474 		.ascii	"width\000"
 1983      6800
 1984              	.LASF41:
 1985 00ee 63687072 		.ascii	"chprintf\000"
 1985      696E7466 
 1985      00
 1986              	.LASF30:
 1987 00f7 646F7562 		.ascii	"double\000"
 1987      6C6500
 1988              	.LASF0:
 1989 00fe 5F5F676E 		.ascii	"__gnuc_va_list\000"
 1989      75635F76 
 1989      615F6C69 
 1989      737400
 1990              	.LASF22:
 1991 010d 72656164 		.ascii	"read\000"
 1991      00
 1992              	.LASF31:
 1993 0112 66696C6C 		.ascii	"filler\000"
 1993      657200
 1994              	.LASF38:
 1995 0119 2E2E2F2E 		.ascii	"../../os/various/chprintf.c\000"
 1995      2E2F6F73 
 1995      2F766172 
ARM GAS  /tmp/ccRaeAFc.s 			page 37


 1995      696F7573 
 1995      2F636870 
 1996              	.LASF37:
 1997 0135 474E5520 		.ascii	"GNU C 4.7.4 20130613 (release) [ARM/embedded-4_7-br"
 1997      4320342E 
 1997      372E3420 
 1997      32303133 
 1997      30363133 
 1998 0168 616E6368 		.ascii	"anch revision 200083]\000"
 1998      20726576 
 1998      6973696F 
 1998      6E203230 
 1998      30303833 
 1999              	.LASF13:
 2000 017e 6C6F6E67 		.ascii	"long long unsigned int\000"
 2000      206C6F6E 
 2000      6720756E 
 2000      7369676E 
 2000      65642069 
 2001              	.LASF25:
 2002 0195 64697669 		.ascii	"divisor\000"
 2002      736F7200 
 2003              	.LASF24:
 2004 019d 72616469 		.ascii	"radix\000"
 2004      7800
 2005              	.LASF16:
 2006 01a3 6D73675F 		.ascii	"msg_t\000"
 2006      7400
 2007              	.LASF28:
 2008 01a9 66746F61 		.ascii	"ftoa\000"
 2008      00
 2009              	.LASF9:
 2010 01ae 696E7433 		.ascii	"int32_t\000"
 2010      325F7400 
 2011              	.LASF17:
 2012 01b6 73697A65 		.ascii	"sizetype\000"
 2012      74797065 
 2012      00
 2013              	.LASF35:
 2014 01bf 746D7062 		.ascii	"tmpbuf\000"
 2014      756600
 2015              	.LASF19:
 2016 01c6 5F5F7661 		.ascii	"__va_list\000"
 2016      5F6C6973 
 2016      7400
 2017              	.LASF12:
 2018 01d0 6C6F6E67 		.ascii	"long long int\000"
 2018      206C6F6E 
 2018      6720696E 
 2018      7400
 2019              	.LASF29:
 2020 01de 70726563 		.ascii	"precision\000"
 2020      6973696F 
 2020      6E00
 2021              	.LASF18:
 2022 01e8 63686172 		.ascii	"char\000"
 2022      00
ARM GAS  /tmp/ccRaeAFc.s 			page 38


 2023              	.LASF34:
 2024 01ed 6C656674 		.ascii	"left_align\000"
 2024      5F616C69 
 2024      676E00
 2025              	.LASF7:
 2026 01f8 73686F72 		.ascii	"short int\000"
 2026      7420696E 
 2026      7400
 2027              	.LASF42:
 2028 0202 756E7369 		.ascii	"unsigned_common\000"
 2028      676E6564 
 2028      5F636F6D 
 2028      6D6F6E00 
 2029              	.LASF10:
 2030 0212 6C6F6E67 		.ascii	"long int\000"
 2030      20696E74 
 2030      00
 2031              	.LASF4:
 2032 021b 7369676E 		.ascii	"signed char\000"
 2032      65642063 
 2032      68617200 
 2033              	.LASF27:
 2034 0227 6C746F61 		.ascii	"ltoa\000"
 2034      00
 2035              	.LASF15:
 2036 022c 5F426F6F 		.ascii	"_Bool\000"
 2036      6C00
 2037              	.LASF20:
 2038 0232 42617365 		.ascii	"BaseSequentialStreamVMT\000"
 2038      53657175 
 2038      656E7469 
 2038      616C5374 
 2038      7265616D 
 2039              		.ident	"GCC: (GNU Tools for ARM Embedded Processors) 4.7.4 20130613 (release) [ARM/embedded-4_7-br
ARM GAS  /tmp/ccRaeAFc.s 			page 39


DEFINED SYMBOLS
                            *ABS*:00000000 chprintf.c
     /tmp/ccRaeAFc.s:19     .text.long_to_string_with_divisor:00000000 $t
     /tmp/ccRaeAFc.s:24     .text.long_to_string_with_divisor:00000000 long_to_string_with_divisor
     /tmp/ccRaeAFc.s:138    .text.ltoa:00000000 $t
     /tmp/ccRaeAFc.s:143    .text.ltoa:00000000 ltoa
     /tmp/ccRaeAFc.s:179    .text.ftoa:00000000 $t
     /tmp/ccRaeAFc.s:184    .text.ftoa:00000000 ftoa
     /tmp/ccRaeAFc.s:268    .rodata:00000000 $d
     /tmp/ccRaeAFc.s:269    .rodata:00000000 .LC0
     /tmp/ccRaeAFc.s:275    .text.chprintf:00000000 $t
     /tmp/ccRaeAFc.s:281    .text.chprintf:00000000 chprintf
     /tmp/ccRaeAFc.s:545    .text.chprintf:000001d8 $d
     /tmp/ccRaeAFc.s:600    .text.chprintf:000002ac $t
                     .debug_frame:00000010 $d

UNDEFINED SYMBOLS
__aeabi_d2iz
__aeabi_i2d
__aeabi_dsub
__aeabi_ui2d
__aeabi_dmul
__aeabi_d2f
__aeabi_fcmplt
__aeabi_f2d
