ARM GAS  /tmp/cctBHOiO.s 			page 1


   1              		.syntax unified
   2              		.cpu cortex-m4
   3              		.fpu softvfp
   4              		.eabi_attribute 20, 1
   5              		.eabi_attribute 21, 1
   6              		.eabi_attribute 23, 3
   7              		.eabi_attribute 24, 1
   8              		.eabi_attribute 25, 1
   9              		.eabi_attribute 26, 1
  10              		.eabi_attribute 30, 6
  11              		.eabi_attribute 34, 1
  12              		.eabi_attribute 18, 4
  13              		.thumb
  14              		.file	"chregistry.c"
  15              		.text
  16              	.Ltext0:
  17              		.cfi_sections	.debug_frame
  18              		.global	ch_debug
  19              		.section	.rodata.ch_debug,"a",%progbits
  20              		.align	2
  21              		.type	ch_debug, %object
  22              		.size	ch_debug, 22
  23              	ch_debug:
  24 0000 6D61696E 		.ascii	"main"
  25 0004 00       		.byte	0
  26 0005 16       		.byte	22
  27 0006 C011     		.short	4544
  28 0008 04       		.byte	4
  29 0009 04       		.byte	4
  30 000a 4C       		.byte	76
  31 000b 08       		.byte	8
  32 000c 0C       		.byte	12
  33 000d 10       		.byte	16
  34 000e 14       		.byte	20
  35 000f 18       		.byte	24
  36 0010 1C       		.byte	28
  37 0011 20       		.byte	32
  38 0012 21       		.byte	33
  39 0013 22       		.byte	34
  40 0014 23       		.byte	35
  41 0015 24       		.byte	36
  42 0016 0000     		.section	.text.chRegFirstThread,"ax",%progbits
  43              		.align	2
  44              		.p2align 4,,15
  45              		.global	chRegFirstThread
  46              		.thumb
  47              		.thumb_func
  48              		.type	chRegFirstThread, %function
  49              	chRegFirstThread:
  50              	.LFB7:
  51              		.file 1 "../../os/kernel/src/chregistry.c"
  52              		.loc 1 110 0
  53              		.cfi_startproc
  54              		@ args = 0, pretend = 0, frame = 8
  55              		@ frame_needed = 0, uses_anonymous_args = 0
  56 0000 00B5     		push	{lr}
  57              	.LCFI0:
ARM GAS  /tmp/cctBHOiO.s 			page 2


  58              		.cfi_def_cfa_offset 4
  59              		.cfi_offset 14, -4
  60 0002 83B0     		sub	sp, sp, #12
  61              	.LCFI1:
  62              		.cfi_def_cfa_offset 16
  63              	.LBB2:
  64              		.loc 1 113 0
  65 0004 4FF02003 		mov	r3, #32
  66              	@ 113 "../../os/kernel/src/chregistry.c" 1
  67 0008 83F31188 		msr     BASEPRI, r3
  68              	@ 0 "" 2
  69              		.thumb
  70              	.LBE2:
  71 000c FFF7FEFF 		bl	dbg_check_lock
  72              		.loc 1 114 0
  73 0010 40F20003 		movw	r3, #:lower16:rlist
  74 0014 C0F20003 		movt	r3, #:upper16:rlist
  75 0018 1B69     		ldr	r3, [r3, #16]
  76 001a 0193     		str	r3, [sp, #4]
  77              		.loc 1 116 0
  78 001c 019B     		ldr	r3, [sp, #4]
  79 001e 93F82230 		ldrb	r3, [r3, #34]	@ zero_extendqisi2
  80 0022 03F10103 		add	r3, r3, #1
  81 0026 DAB2     		uxtb	r2, r3
  82 0028 019B     		ldr	r3, [sp, #4]
  83 002a 83F82220 		strb	r2, [r3, #34]
  84              		.loc 1 118 0
  85 002e FFF7FEFF 		bl	dbg_check_unlock
  86              	.LBB3:
  87 0032 4FF00003 		mov	r3, #0
  88              	@ 118 "../../os/kernel/src/chregistry.c" 1
  89 0036 83F31188 		msr     BASEPRI, r3
  90              	@ 0 "" 2
  91              		.thumb
  92              	.LBE3:
  93              		.loc 1 119 0
  94 003a 019B     		ldr	r3, [sp, #4]
  95              		.loc 1 120 0
  96 003c 1846     		mov	r0, r3
  97 003e 03B0     		add	sp, sp, #12
  98 0040 00BD     		pop	{pc}
  99              		.cfi_endproc
 100              	.LFE7:
 101              		.size	chRegFirstThread, .-chRegFirstThread
 102 0042 00BFAFF3 		.section	.rodata
 102      0080AFF3 
 102      0080AFF3 
 102      0080
 103              		.align	2
 104              	.LC0:
 105 0000 63685265 		.ascii	"chRegNextThread(), #1\000"
 105      674E6578 
 105      74546872 
 105      65616428 
 105      292C2023 
 106 0016 0000     		.section	.text.chRegNextThread,"ax",%progbits
 107              		.align	2
ARM GAS  /tmp/cctBHOiO.s 			page 3


 108              		.p2align 4,,15
 109              		.global	chRegNextThread
 110              		.thumb
 111              		.thumb_func
 112              		.type	chRegNextThread, %function
 113              	chRegNextThread:
 114              	.LFB8:
 115              		.loc 1 133 0
 116              		.cfi_startproc
 117              		@ args = 0, pretend = 0, frame = 16
 118              		@ frame_needed = 0, uses_anonymous_args = 0
 119 0000 00B5     		push	{lr}
 120              	.LCFI2:
 121              		.cfi_def_cfa_offset 4
 122              		.cfi_offset 14, -4
 123 0002 85B0     		sub	sp, sp, #20
 124              	.LCFI3:
 125              		.cfi_def_cfa_offset 24
 126 0004 0190     		str	r0, [sp, #4]
 127              	.LBB4:
 128              		.loc 1 136 0
 129 0006 4FF02003 		mov	r3, #32
 130              	@ 136 "../../os/kernel/src/chregistry.c" 1
 131 000a 83F31188 		msr     BASEPRI, r3
 132              	@ 0 "" 2
 133              		.thumb
 134              	.LBE4:
 135 000e FFF7FEFF 		bl	dbg_check_lock
 136              		.loc 1 137 0
 137 0012 019B     		ldr	r3, [sp, #4]
 138 0014 1B69     		ldr	r3, [r3, #16]
 139 0016 0393     		str	r3, [sp, #12]
 140              		.loc 1 138 0
 141 0018 039A     		ldr	r2, [sp, #12]
 142 001a 40F20003 		movw	r3, #:lower16:rlist
 143 001e C0F20003 		movt	r3, #:upper16:rlist
 144 0022 9A42     		cmp	r2, r3
 145 0024 03D1     		bne	.L4
 146              		.loc 1 139 0
 147 0026 4FF00003 		mov	r3, #0
 148 002a 0393     		str	r3, [sp, #12]
 149 002c 13E0     		b	.L5
 150              	.L4:
 151              		.loc 1 142 0
 152 002e 039B     		ldr	r3, [sp, #12]
 153 0030 93F82230 		ldrb	r3, [r3, #34]	@ zero_extendqisi2
 154 0034 FF2B     		cmp	r3, #255
 155 0036 05D1     		bne	.L6
 156              		.loc 1 142 0 is_stmt 0 discriminator 1
 157 0038 40F20000 		movw	r0, #:lower16:.LC0
 158 003c C0F20000 		movt	r0, #:upper16:.LC0
 159 0040 FFF7FEFF 		bl	chDbgPanic
 160              	.L6:
 161              		.loc 1 144 0 is_stmt 1
 162 0044 039B     		ldr	r3, [sp, #12]
 163 0046 93F82230 		ldrb	r3, [r3, #34]	@ zero_extendqisi2
 164 004a 03F10103 		add	r3, r3, #1
ARM GAS  /tmp/cctBHOiO.s 			page 4


 165 004e DAB2     		uxtb	r2, r3
 166 0050 039B     		ldr	r3, [sp, #12]
 167 0052 83F82220 		strb	r2, [r3, #34]
 168              	.L5:
 169              		.loc 1 147 0
 170 0056 FFF7FEFF 		bl	dbg_check_unlock
 171              	.LBB5:
 172 005a 4FF00003 		mov	r3, #0
 173              	@ 147 "../../os/kernel/src/chregistry.c" 1
 174 005e 83F31188 		msr     BASEPRI, r3
 175              	@ 0 "" 2
 176              		.thumb
 177              	.LBE5:
 178              		.loc 1 149 0
 179 0062 0198     		ldr	r0, [sp, #4]
 180 0064 FFF7FEFF 		bl	chThdRelease
 181              		.loc 1 151 0
 182 0068 039B     		ldr	r3, [sp, #12]
 183              		.loc 1 152 0
 184 006a 1846     		mov	r0, r3
 185 006c 05B0     		add	sp, sp, #20
 186 006e 00BD     		pop	{pc}
 187              		.cfi_endproc
 188              	.LFE8:
 189              		.size	chRegNextThread, .-chRegNextThread
 190              		.text
 191              	.Letext0:
 192              		.file 2 "/usr/bin/../lib/gcc/arm-none-eabi/4.7.4/include/stddef.h"
 193              		.file 3 "/usr/bin/../lib/gcc/arm-none-eabi/4.7.4/../../../../arm-none-eabi/include/stdint.h"
 194              		.file 4 "../../os/ports/GCC/ARMCMx/chtypes.h"
 195              		.file 5 "../../os/kernel/include/chlists.h"
 196              		.file 6 "../../os/kernel/include/chthreads.h"
 197              		.file 7 "../../os/ports/GCC/ARMCMx/chcore_v7m.h"
 198              		.file 8 "../../os/kernel/include/chschd.h"
 199              		.file 9 "../../os/kernel/include/chmtx.h"
 200              		.file 10 "../../os/kernel/include/chregistry.h"
 201              		.section	.debug_info,"",%progbits
 202              	.Ldebug_info0:
 203 0000 89060000 		.4byte	0x689
 204 0004 0200     		.2byte	0x2
 205 0006 00000000 		.4byte	.Ldebug_abbrev0
 206 000a 04       		.byte	0x4
 207 000b 01       		.uleb128 0x1
 208 000c 94010000 		.4byte	.LASF91
 209 0010 01       		.byte	0x1
 210 0011 B4030000 		.4byte	.LASF92
 211 0015 25020000 		.4byte	.LASF93
 212 0019 00000000 		.4byte	.Ldebug_ranges0+0
 213 001d 00000000 		.4byte	0
 214 0021 00000000 		.4byte	0
 215 0025 00000000 		.4byte	.Ldebug_line0
 216 0029 02       		.uleb128 0x2
 217 002a 04       		.byte	0x4
 218 002b 05       		.byte	0x5
 219 002c 696E7400 		.ascii	"int\000"
 220 0030 03       		.uleb128 0x3
 221 0031 13000000 		.4byte	.LASF2
ARM GAS  /tmp/cctBHOiO.s 			page 5


 222 0035 02       		.byte	0x2
 223 0036 D5       		.byte	0xd5
 224 0037 3B000000 		.4byte	0x3b
 225 003b 04       		.uleb128 0x4
 226 003c 04       		.byte	0x4
 227 003d 07       		.byte	0x7
 228 003e 17010000 		.4byte	.LASF0
 229 0042 04       		.uleb128 0x4
 230 0043 01       		.byte	0x1
 231 0044 06       		.byte	0x6
 232 0045 8B000000 		.4byte	.LASF1
 233 0049 03       		.uleb128 0x3
 234 004a F7030000 		.4byte	.LASF3
 235 004e 03       		.byte	0x3
 236 004f 2A       		.byte	0x2a
 237 0050 54000000 		.4byte	0x54
 238 0054 04       		.uleb128 0x4
 239 0055 01       		.byte	0x1
 240 0056 08       		.byte	0x8
 241 0057 C2020000 		.4byte	.LASF4
 242 005b 04       		.uleb128 0x4
 243 005c 02       		.byte	0x2
 244 005d 05       		.byte	0x5
 245 005e DA020000 		.4byte	.LASF5
 246 0062 03       		.uleb128 0x3
 247 0063 E0000000 		.4byte	.LASF6
 248 0067 03       		.byte	0x3
 249 0068 36       		.byte	0x36
 250 0069 6D000000 		.4byte	0x6d
 251 006d 04       		.uleb128 0x4
 252 006e 02       		.byte	0x2
 253 006f 07       		.byte	0x7
 254 0070 55010000 		.4byte	.LASF7
 255 0074 03       		.uleb128 0x3
 256 0075 BA020000 		.4byte	.LASF8
 257 0079 03       		.byte	0x3
 258 007a 4F       		.byte	0x4f
 259 007b 7F000000 		.4byte	0x7f
 260 007f 04       		.uleb128 0x4
 261 0080 04       		.byte	0x4
 262 0081 05       		.byte	0x5
 263 0082 CE000000 		.4byte	.LASF9
 264 0086 03       		.uleb128 0x3
 265 0087 4D030000 		.4byte	.LASF10
 266 008b 03       		.byte	0x3
 267 008c 50       		.byte	0x50
 268 008d 91000000 		.4byte	0x91
 269 0091 04       		.uleb128 0x4
 270 0092 04       		.byte	0x4
 271 0093 07       		.byte	0x7
 272 0094 24010000 		.4byte	.LASF11
 273 0098 04       		.uleb128 0x4
 274 0099 08       		.byte	0x8
 275 009a 05       		.byte	0x5
 276 009b 7D000000 		.4byte	.LASF12
 277 009f 03       		.uleb128 0x3
 278 00a0 21000000 		.4byte	.LASF13
ARM GAS  /tmp/cctBHOiO.s 			page 6


 279 00a4 03       		.byte	0x3
 280 00a5 78       		.byte	0x78
 281 00a6 AA000000 		.4byte	0xaa
 282 00aa 04       		.uleb128 0x4
 283 00ab 08       		.byte	0x8
 284 00ac 07       		.byte	0x7
 285 00ad 2A000000 		.4byte	.LASF14
 286 00b1 04       		.uleb128 0x4
 287 00b2 01       		.byte	0x1
 288 00b3 02       		.byte	0x2
 289 00b4 B4020000 		.4byte	.LASF15
 290 00b8 03       		.uleb128 0x3
 291 00b9 6E010000 		.4byte	.LASF16
 292 00bd 04       		.byte	0x4
 293 00be 25       		.byte	0x25
 294 00bf 49000000 		.4byte	0x49
 295 00c3 03       		.uleb128 0x3
 296 00c4 D7000000 		.4byte	.LASF17
 297 00c8 04       		.byte	0x4
 298 00c9 26       		.byte	0x26
 299 00ca 49000000 		.4byte	0x49
 300 00ce 03       		.uleb128 0x3
 301 00cf 92020000 		.4byte	.LASF18
 302 00d3 04       		.byte	0x4
 303 00d4 27       		.byte	0x27
 304 00d5 49000000 		.4byte	0x49
 305 00d9 03       		.uleb128 0x3
 306 00da C4000000 		.4byte	.LASF19
 307 00de 04       		.byte	0x4
 308 00df 28       		.byte	0x28
 309 00e0 49000000 		.4byte	0x49
 310 00e4 03       		.uleb128 0x3
 311 00e5 AC020000 		.4byte	.LASF20
 312 00e9 04       		.byte	0x4
 313 00ea 29       		.byte	0x29
 314 00eb 86000000 		.4byte	0x86
 315 00ef 03       		.uleb128 0x3
 316 00f0 68010000 		.4byte	.LASF21
 317 00f4 04       		.byte	0x4
 318 00f5 2A       		.byte	0x2a
 319 00f6 74000000 		.4byte	0x74
 320 00fa 03       		.uleb128 0x3
 321 00fb 82010000 		.4byte	.LASF22
 322 00ff 04       		.byte	0x4
 323 0100 2C       		.byte	0x2c
 324 0101 86000000 		.4byte	0x86
 325 0105 03       		.uleb128 0x3
 326 0106 86030000 		.4byte	.LASF23
 327 010a 04       		.byte	0x4
 328 010b 2E       		.byte	0x2e
 329 010c 86000000 		.4byte	0x86
 330 0110 03       		.uleb128 0x3
 331 0111 2E030000 		.4byte	.LASF24
 332 0115 05       		.byte	0x5
 333 0116 23       		.byte	0x23
 334 0117 1B010000 		.4byte	0x11b
 335 011b 05       		.uleb128 0x5
ARM GAS  /tmp/cctBHOiO.s 			page 7


 336 011c 2E030000 		.4byte	.LASF24
 337 0120 4C       		.byte	0x4c
 338 0121 06       		.byte	0x6
 339 0122 57       		.byte	0x57
 340 0123 4E020000 		.4byte	0x24e
 341 0127 06       		.uleb128 0x6
 342 0128 10030000 		.4byte	.LASF25
 343 012c 06       		.byte	0x6
 344 012d 58       		.byte	0x58
 345 012e 73020000 		.4byte	0x273
 346 0132 02       		.byte	0x2
 347 0133 23       		.byte	0x23
 348 0134 00       		.uleb128 0
 349 0135 06       		.uleb128 0x6
 350 0136 A5020000 		.4byte	.LASF26
 351 013a 06       		.byte	0x6
 352 013b 5A       		.byte	0x5a
 353 013c 73020000 		.4byte	0x273
 354 0140 02       		.byte	0x2
 355 0141 23       		.byte	0x23
 356 0142 04       		.uleb128 0x4
 357 0143 06       		.uleb128 0x6
 358 0144 69000000 		.4byte	.LASF27
 359 0148 06       		.byte	0x6
 360 0149 5C       		.byte	0x5c
 361 014a E4000000 		.4byte	0xe4
 362 014e 02       		.byte	0x2
 363 014f 23       		.byte	0x23
 364 0150 08       		.uleb128 0x8
 365 0151 06       		.uleb128 0x6
 366 0152 20040000 		.4byte	.LASF28
 367 0156 06       		.byte	0x6
 368 0157 5D       		.byte	0x5d
 369 0158 4C030000 		.4byte	0x34c
 370 015c 02       		.byte	0x2
 371 015d 23       		.byte	0x23
 372 015e 0C       		.uleb128 0xc
 373 015f 06       		.uleb128 0x6
 374 0160 F3000000 		.4byte	.LASF29
 375 0164 06       		.byte	0x6
 376 0165 5F       		.byte	0x5f
 377 0166 73020000 		.4byte	0x273
 378 016a 02       		.byte	0x2
 379 016b 23       		.byte	0x23
 380 016c 10       		.uleb128 0x10
 381 016d 06       		.uleb128 0x6
 382 016e 1D020000 		.4byte	.LASF30
 383 0172 06       		.byte	0x6
 384 0173 60       		.byte	0x60
 385 0174 73020000 		.4byte	0x273
 386 0178 02       		.byte	0x2
 387 0179 23       		.byte	0x23
 388 017a 14       		.uleb128 0x14
 389 017b 06       		.uleb128 0x6
 390 017c 06040000 		.4byte	.LASF31
 391 0180 06       		.byte	0x6
 392 0181 67       		.byte	0x67
ARM GAS  /tmp/cctBHOiO.s 			page 8


 393 0182 60040000 		.4byte	0x460
 394 0186 02       		.byte	0x2
 395 0187 23       		.byte	0x23
 396 0188 18       		.uleb128 0x18
 397 0189 06       		.uleb128 0x6
 398 018a 0C010000 		.4byte	.LASF32
 399 018e 06       		.byte	0x6
 400 018f 6D       		.byte	0x6d
 401 0190 72040000 		.4byte	0x472
 402 0194 02       		.byte	0x2
 403 0195 23       		.byte	0x23
 404 0196 1C       		.uleb128 0x1c
 405 0197 06       		.uleb128 0x6
 406 0198 E4020000 		.4byte	.LASF33
 407 019c 06       		.byte	0x6
 408 019d 72       		.byte	0x72
 409 019e C3000000 		.4byte	0xc3
 410 01a2 02       		.byte	0x2
 411 01a3 23       		.byte	0x23
 412 01a4 20       		.uleb128 0x20
 413 01a5 06       		.uleb128 0x6
 414 01a6 26030000 		.4byte	.LASF34
 415 01aa 06       		.byte	0x6
 416 01ab 76       		.byte	0x76
 417 01ac B8000000 		.4byte	0xb8
 418 01b0 02       		.byte	0x2
 419 01b1 23       		.byte	0x23
 420 01b2 21       		.uleb128 0x21
 421 01b3 06       		.uleb128 0x6
 422 01b4 E0030000 		.4byte	.LASF35
 423 01b8 06       		.byte	0x6
 424 01b9 7B       		.byte	0x7b
 425 01ba CE000000 		.4byte	0xce
 426 01be 02       		.byte	0x2
 427 01bf 23       		.byte	0x23
 428 01c0 22       		.uleb128 0x22
 429 01c1 06       		.uleb128 0x6
 430 01c2 EC020000 		.4byte	.LASF36
 431 01c6 06       		.byte	0x6
 432 01c7 81       		.byte	0x81
 433 01c8 D9000000 		.4byte	0xd9
 434 01cc 02       		.byte	0x2
 435 01cd 23       		.byte	0x23
 436 01ce 23       		.uleb128 0x23
 437 01cf 06       		.uleb128 0x6
 438 01d0 9B030000 		.4byte	.LASF37
 439 01d4 06       		.byte	0x6
 440 01d5 88       		.byte	0x88
 441 01d6 76030000 		.4byte	0x376
 442 01da 02       		.byte	0x2
 443 01db 23       		.byte	0x23
 444 01dc 24       		.uleb128 0x24
 445 01dd 07       		.uleb128 0x7
 446 01de 705F7500 		.ascii	"p_u\000"
 447 01e2 06       		.byte	0x6
 448 01e3 AD       		.byte	0xad
 449 01e4 2B040000 		.4byte	0x42b
ARM GAS  /tmp/cctBHOiO.s 			page 9


 450 01e8 02       		.byte	0x2
 451 01e9 23       		.byte	0x23
 452 01ea 28       		.uleb128 0x28
 453 01eb 06       		.uleb128 0x6
 454 01ec 26040000 		.4byte	.LASF38
 455 01f0 06       		.byte	0x6
 456 01f1 B2       		.byte	0xb2
 457 01f2 9B020000 		.4byte	0x29b
 458 01f6 02       		.byte	0x2
 459 01f7 23       		.byte	0x23
 460 01f8 2C       		.uleb128 0x2c
 461 01f9 06       		.uleb128 0x6
 462 01fa A9030000 		.4byte	.LASF39
 463 01fe 06       		.byte	0x6
 464 01ff B8       		.byte	0xb8
 465 0200 79020000 		.4byte	0x279
 466 0204 02       		.byte	0x2
 467 0205 23       		.byte	0x23
 468 0206 30       		.uleb128 0x30
 469 0207 06       		.uleb128 0x6
 470 0208 0D000000 		.4byte	.LASF40
 471 020c 06       		.byte	0x6
 472 020d BC       		.byte	0xbc
 473 020e EF000000 		.4byte	0xef
 474 0212 02       		.byte	0x2
 475 0213 23       		.byte	0x23
 476 0214 38       		.uleb128 0x38
 477 0215 06       		.uleb128 0x6
 478 0216 42030000 		.4byte	.LASF41
 479 021a 06       		.byte	0x6
 480 021b C2       		.byte	0xc2
 481 021c FA000000 		.4byte	0xfa
 482 0220 02       		.byte	0x2
 483 0221 23       		.byte	0x23
 484 0222 3C       		.uleb128 0x3c
 485 0223 06       		.uleb128 0x6
 486 0224 D0020000 		.4byte	.LASF42
 487 0228 06       		.byte	0x6
 488 0229 C9       		.byte	0xc9
 489 022a 78040000 		.4byte	0x478
 490 022e 02       		.byte	0x2
 491 022f 23       		.byte	0x23
 492 0230 40       		.uleb128 0x40
 493 0231 06       		.uleb128 0x6
 494 0232 90030000 		.4byte	.LASF43
 495 0236 06       		.byte	0x6
 496 0237 CD       		.byte	0xcd
 497 0238 E4000000 		.4byte	0xe4
 498 023c 02       		.byte	0x2
 499 023d 23       		.byte	0x23
 500 023e 44       		.uleb128 0x44
 501 023f 06       		.uleb128 0x6
 502 0240 B4000000 		.4byte	.LASF44
 503 0244 06       		.byte	0x6
 504 0245 D3       		.byte	0xd3
 505 0246 B1020000 		.4byte	0x2b1
 506 024a 02       		.byte	0x2
ARM GAS  /tmp/cctBHOiO.s 			page 10


 507 024b 23       		.byte	0x23
 508 024c 48       		.uleb128 0x48
 509 024d 00       		.byte	0
 510 024e 08       		.uleb128 0x8
 511 024f 08       		.byte	0x8
 512 0250 05       		.byte	0x5
 513 0251 5A       		.byte	0x5a
 514 0252 73020000 		.4byte	0x273
 515 0256 06       		.uleb128 0x6
 516 0257 10030000 		.4byte	.LASF25
 517 025b 05       		.byte	0x5
 518 025c 5B       		.byte	0x5b
 519 025d 73020000 		.4byte	0x273
 520 0261 02       		.byte	0x2
 521 0262 23       		.byte	0x23
 522 0263 00       		.uleb128 0
 523 0264 06       		.uleb128 0x6
 524 0265 A5020000 		.4byte	.LASF26
 525 0269 05       		.byte	0x5
 526 026a 5D       		.byte	0x5d
 527 026b 73020000 		.4byte	0x273
 528 026f 02       		.byte	0x2
 529 0270 23       		.byte	0x23
 530 0271 04       		.uleb128 0x4
 531 0272 00       		.byte	0
 532 0273 09       		.uleb128 0x9
 533 0274 04       		.byte	0x4
 534 0275 10010000 		.4byte	0x110
 535 0279 03       		.uleb128 0x3
 536 027a 6B020000 		.4byte	.LASF45
 537 027e 05       		.byte	0x5
 538 027f 5F       		.byte	0x5f
 539 0280 4E020000 		.4byte	0x24e
 540 0284 08       		.uleb128 0x8
 541 0285 04       		.byte	0x4
 542 0286 05       		.byte	0x5
 543 0287 64       		.byte	0x64
 544 0288 9B020000 		.4byte	0x29b
 545 028c 06       		.uleb128 0x6
 546 028d 10030000 		.4byte	.LASF25
 547 0291 05       		.byte	0x5
 548 0292 66       		.byte	0x66
 549 0293 73020000 		.4byte	0x273
 550 0297 02       		.byte	0x2
 551 0298 23       		.byte	0x23
 552 0299 00       		.uleb128 0
 553 029a 00       		.byte	0
 554 029b 03       		.uleb128 0x3
 555 029c 76010000 		.4byte	.LASF46
 556 02a0 05       		.byte	0x5
 557 02a1 69       		.byte	0x69
 558 02a2 84020000 		.4byte	0x284
 559 02a6 03       		.uleb128 0x3
 560 02a7 03010000 		.4byte	.LASF47
 561 02ab 07       		.byte	0x7
 562 02ac DE       		.byte	0xde
 563 02ad B1020000 		.4byte	0x2b1
ARM GAS  /tmp/cctBHOiO.s 			page 11


 564 02b1 0A       		.uleb128 0xa
 565 02b2 04       		.byte	0x4
 566 02b3 03       		.uleb128 0x3
 567 02b4 DD010000 		.4byte	.LASF48
 568 02b8 07       		.byte	0x7
 569 02b9 E4       		.byte	0xe4
 570 02ba 9F000000 		.4byte	0x9f
 571 02be 0B       		.uleb128 0xb
 572 02bf A2030000 		.4byte	.LASF49
 573 02c3 24       		.byte	0x24
 574 02c4 07       		.byte	0x7
 575 02c5 0501     		.2byte	0x105
 576 02c7 4C030000 		.4byte	0x34c
 577 02cb 0C       		.uleb128 0xc
 578 02cc 723400   		.ascii	"r4\000"
 579 02cf 07       		.byte	0x7
 580 02d0 1801     		.2byte	0x118
 581 02d2 A6020000 		.4byte	0x2a6
 582 02d6 02       		.byte	0x2
 583 02d7 23       		.byte	0x23
 584 02d8 00       		.uleb128 0
 585 02d9 0C       		.uleb128 0xc
 586 02da 723500   		.ascii	"r5\000"
 587 02dd 07       		.byte	0x7
 588 02de 1901     		.2byte	0x119
 589 02e0 A6020000 		.4byte	0x2a6
 590 02e4 02       		.byte	0x2
 591 02e5 23       		.byte	0x23
 592 02e6 04       		.uleb128 0x4
 593 02e7 0C       		.uleb128 0xc
 594 02e8 723600   		.ascii	"r6\000"
 595 02eb 07       		.byte	0x7
 596 02ec 1A01     		.2byte	0x11a
 597 02ee A6020000 		.4byte	0x2a6
 598 02f2 02       		.byte	0x2
 599 02f3 23       		.byte	0x23
 600 02f4 08       		.uleb128 0x8
 601 02f5 0C       		.uleb128 0xc
 602 02f6 723700   		.ascii	"r7\000"
 603 02f9 07       		.byte	0x7
 604 02fa 1B01     		.2byte	0x11b
 605 02fc A6020000 		.4byte	0x2a6
 606 0300 02       		.byte	0x2
 607 0301 23       		.byte	0x23
 608 0302 0C       		.uleb128 0xc
 609 0303 0C       		.uleb128 0xc
 610 0304 723800   		.ascii	"r8\000"
 611 0307 07       		.byte	0x7
 612 0308 1C01     		.2byte	0x11c
 613 030a A6020000 		.4byte	0x2a6
 614 030e 02       		.byte	0x2
 615 030f 23       		.byte	0x23
 616 0310 10       		.uleb128 0x10
 617 0311 0C       		.uleb128 0xc
 618 0312 723900   		.ascii	"r9\000"
 619 0315 07       		.byte	0x7
 620 0316 1D01     		.2byte	0x11d
ARM GAS  /tmp/cctBHOiO.s 			page 12


 621 0318 A6020000 		.4byte	0x2a6
 622 031c 02       		.byte	0x2
 623 031d 23       		.byte	0x23
 624 031e 14       		.uleb128 0x14
 625 031f 0C       		.uleb128 0xc
 626 0320 72313000 		.ascii	"r10\000"
 627 0324 07       		.byte	0x7
 628 0325 1E01     		.2byte	0x11e
 629 0327 A6020000 		.4byte	0x2a6
 630 032b 02       		.byte	0x2
 631 032c 23       		.byte	0x23
 632 032d 18       		.uleb128 0x18
 633 032e 0C       		.uleb128 0xc
 634 032f 72313100 		.ascii	"r11\000"
 635 0333 07       		.byte	0x7
 636 0334 1F01     		.2byte	0x11f
 637 0336 A6020000 		.4byte	0x2a6
 638 033a 02       		.byte	0x2
 639 033b 23       		.byte	0x23
 640 033c 1C       		.uleb128 0x1c
 641 033d 0C       		.uleb128 0xc
 642 033e 6C7200   		.ascii	"lr\000"
 643 0341 07       		.byte	0x7
 644 0342 2001     		.2byte	0x120
 645 0344 A6020000 		.4byte	0x2a6
 646 0348 02       		.byte	0x2
 647 0349 23       		.byte	0x23
 648 034a 20       		.uleb128 0x20
 649 034b 00       		.byte	0
 650 034c 0B       		.uleb128 0xb
 651 034d 4D010000 		.4byte	.LASF50
 652 0351 04       		.byte	0x4
 653 0352 07       		.byte	0x7
 654 0353 2A01     		.2byte	0x12a
 655 0355 69030000 		.4byte	0x369
 656 0359 0C       		.uleb128 0xc
 657 035a 72313300 		.ascii	"r13\000"
 658 035e 07       		.byte	0x7
 659 035f 2B01     		.2byte	0x12b
 660 0361 69030000 		.4byte	0x369
 661 0365 02       		.byte	0x2
 662 0366 23       		.byte	0x23
 663 0367 00       		.uleb128 0
 664 0368 00       		.byte	0
 665 0369 09       		.uleb128 0x9
 666 036a 04       		.byte	0x4
 667 036b BE020000 		.4byte	0x2be
 668 036f 04       		.uleb128 0x4
 669 0370 04       		.byte	0x4
 670 0371 07       		.byte	0x7
 671 0372 FC010000 		.4byte	.LASF51
 672 0376 0D       		.uleb128 0xd
 673 0377 05010000 		.4byte	0x105
 674 037b 08       		.uleb128 0x8
 675 037c 1C       		.byte	0x1c
 676 037d 08       		.byte	0x8
 677 037e 57       		.byte	0x57
ARM GAS  /tmp/cctBHOiO.s 			page 13


 678 037f D8030000 		.4byte	0x3d8
 679 0383 06       		.uleb128 0x6
 680 0384 62030000 		.4byte	.LASF52
 681 0388 08       		.byte	0x8
 682 0389 58       		.byte	0x58
 683 038a 79020000 		.4byte	0x279
 684 038e 02       		.byte	0x2
 685 038f 23       		.byte	0x23
 686 0390 00       		.uleb128 0
 687 0391 06       		.uleb128 0x6
 688 0392 02030000 		.4byte	.LASF53
 689 0396 08       		.byte	0x8
 690 0397 59       		.byte	0x59
 691 0398 E4000000 		.4byte	0xe4
 692 039c 02       		.byte	0x2
 693 039d 23       		.byte	0x23
 694 039e 08       		.uleb128 0x8
 695 039f 06       		.uleb128 0x6
 696 03a0 65020000 		.4byte	.LASF54
 697 03a4 08       		.byte	0x8
 698 03a5 5B       		.byte	0x5b
 699 03a6 4C030000 		.4byte	0x34c
 700 03aa 02       		.byte	0x2
 701 03ab 23       		.byte	0x23
 702 03ac 0C       		.uleb128 0xc
 703 03ad 06       		.uleb128 0x6
 704 03ae FB000000 		.4byte	.LASF55
 705 03b2 08       		.byte	0x8
 706 03b3 5E       		.byte	0x5e
 707 03b4 73020000 		.4byte	0x273
 708 03b8 02       		.byte	0x2
 709 03b9 23       		.byte	0x23
 710 03ba 10       		.uleb128 0x10
 711 03bb 06       		.uleb128 0x6
 712 03bc 8A020000 		.4byte	.LASF56
 713 03c0 08       		.byte	0x8
 714 03c1 5F       		.byte	0x5f
 715 03c2 73020000 		.4byte	0x273
 716 03c6 02       		.byte	0x2
 717 03c7 23       		.byte	0x23
 718 03c8 14       		.uleb128 0x14
 719 03c9 06       		.uleb128 0x6
 720 03ca 80020000 		.4byte	.LASF57
 721 03ce 08       		.byte	0x8
 722 03cf 62       		.byte	0x62
 723 03d0 73020000 		.4byte	0x273
 724 03d4 02       		.byte	0x2
 725 03d5 23       		.byte	0x23
 726 03d6 18       		.uleb128 0x18
 727 03d7 00       		.byte	0
 728 03d8 03       		.uleb128 0x3
 729 03d9 E7030000 		.4byte	.LASF58
 730 03dd 08       		.byte	0x8
 731 03de 64       		.byte	0x64
 732 03df 7B030000 		.4byte	0x37b
 733 03e3 05       		.uleb128 0x5
 734 03e4 8E010000 		.4byte	.LASF59
ARM GAS  /tmp/cctBHOiO.s 			page 14


 735 03e8 10       		.byte	0x10
 736 03e9 09       		.byte	0x9
 737 03ea 25       		.byte	0x25
 738 03eb 1A040000 		.4byte	0x41a
 739 03ef 06       		.uleb128 0x6
 740 03f0 BC000000 		.4byte	.LASF60
 741 03f4 09       		.byte	0x9
 742 03f5 26       		.byte	0x26
 743 03f6 79020000 		.4byte	0x279
 744 03fa 02       		.byte	0x2
 745 03fb 23       		.byte	0x23
 746 03fc 00       		.uleb128 0
 747 03fd 06       		.uleb128 0x6
 748 03fe 18040000 		.4byte	.LASF61
 749 0402 09       		.byte	0x9
 750 0403 28       		.byte	0x28
 751 0404 73020000 		.4byte	0x273
 752 0408 02       		.byte	0x2
 753 0409 23       		.byte	0x23
 754 040a 08       		.uleb128 0x8
 755 040b 06       		.uleb128 0x6
 756 040c 7F030000 		.4byte	.LASF62
 757 0410 09       		.byte	0x9
 758 0411 2A       		.byte	0x2a
 759 0412 1A040000 		.4byte	0x41a
 760 0416 02       		.byte	0x2
 761 0417 23       		.byte	0x23
 762 0418 0C       		.uleb128 0xc
 763 0419 00       		.byte	0
 764 041a 09       		.uleb128 0x9
 765 041b 04       		.byte	0x4
 766 041c E3030000 		.4byte	0x3e3
 767 0420 03       		.uleb128 0x3
 768 0421 8E010000 		.4byte	.LASF59
 769 0425 09       		.byte	0x9
 770 0426 2C       		.byte	0x2c
 771 0427 E3030000 		.4byte	0x3e3
 772 042b 0E       		.uleb128 0xe
 773 042c 04       		.byte	0x4
 774 042d 06       		.byte	0x6
 775 042e 8F       		.byte	0x8f
 776 042f 60040000 		.4byte	0x460
 777 0433 0F       		.uleb128 0xf
 778 0434 1A000000 		.4byte	.LASF63
 779 0438 06       		.byte	0x6
 780 0439 96       		.byte	0x96
 781 043a EF000000 		.4byte	0xef
 782 043e 0F       		.uleb128 0xf
 783 043f 4F000000 		.4byte	.LASF64
 784 0443 06       		.byte	0x6
 785 0444 9D       		.byte	0x9d
 786 0445 EF000000 		.4byte	0xef
 787 0449 0F       		.uleb128 0xf
 788 044a FF030000 		.4byte	.LASF65
 789 044e 06       		.byte	0x6
 790 044f A4       		.byte	0xa4
 791 0450 B1020000 		.4byte	0x2b1
ARM GAS  /tmp/cctBHOiO.s 			page 15


 792 0454 0F       		.uleb128 0xf
 793 0455 09030000 		.4byte	.LASF66
 794 0459 06       		.byte	0x6
 795 045a AB       		.byte	0xab
 796 045b FA000000 		.4byte	0xfa
 797 045f 00       		.byte	0
 798 0460 09       		.uleb128 0x9
 799 0461 04       		.byte	0x4
 800 0462 66040000 		.4byte	0x466
 801 0466 10       		.uleb128 0x10
 802 0467 6B040000 		.4byte	0x46b
 803 046b 04       		.uleb128 0x4
 804 046c 01       		.byte	0x1
 805 046d 08       		.byte	0x8
 806 046e 6A030000 		.4byte	.LASF67
 807 0472 09       		.uleb128 0x9
 808 0473 04       		.byte	0x4
 809 0474 B3020000 		.4byte	0x2b3
 810 0478 09       		.uleb128 0x9
 811 0479 04       		.byte	0x4
 812 047a 20040000 		.4byte	0x420
 813 047e 08       		.uleb128 0x8
 814 047f 16       		.byte	0x16
 815 0480 0A       		.byte	0xa
 816 0481 25       		.byte	0x25
 817 0482 83050000 		.4byte	0x583
 818 0486 06       		.uleb128 0x6
 819 0487 3F010000 		.4byte	.LASF68
 820 048b 0A       		.byte	0xa
 821 048c 26       		.byte	0x26
 822 048d 83050000 		.4byte	0x583
 823 0491 02       		.byte	0x2
 824 0492 23       		.byte	0x23
 825 0493 00       		.uleb128 0
 826 0494 06       		.uleb128 0x6
 827 0495 E8010000 		.4byte	.LASF69
 828 0499 0A       		.byte	0xa
 829 049a 27       		.byte	0x27
 830 049b 49000000 		.4byte	0x49
 831 049f 02       		.byte	0x2
 832 04a0 23       		.byte	0x23
 833 04a1 04       		.uleb128 0x4
 834 04a2 06       		.uleb128 0x6
 835 04a3 78020000 		.4byte	.LASF70
 836 04a7 0A       		.byte	0xa
 837 04a8 28       		.byte	0x28
 838 04a9 49000000 		.4byte	0x49
 839 04ad 02       		.byte	0x2
 840 04ae 23       		.byte	0x23
 841 04af 05       		.uleb128 0x5
 842 04b0 06       		.uleb128 0x6
 843 04b1 0D040000 		.4byte	.LASF71
 844 04b5 0A       		.byte	0xa
 845 04b6 29       		.byte	0x29
 846 04b7 62000000 		.4byte	0x62
 847 04bb 02       		.byte	0x2
 848 04bc 23       		.byte	0x23
ARM GAS  /tmp/cctBHOiO.s 			page 16


 849 04bd 06       		.uleb128 0x6
 850 04be 06       		.uleb128 0x6
 851 04bf 9A020000 		.4byte	.LASF72
 852 04c3 0A       		.byte	0xa
 853 04c4 2A       		.byte	0x2a
 854 04c5 49000000 		.4byte	0x49
 855 04c9 02       		.byte	0x2
 856 04ca 23       		.byte	0x23
 857 04cb 08       		.uleb128 0x8
 858 04cc 06       		.uleb128 0x6
 859 04cd 05020000 		.4byte	.LASF73
 860 04d1 0A       		.byte	0xa
 861 04d2 2B       		.byte	0x2b
 862 04d3 49000000 		.4byte	0x49
 863 04d7 02       		.byte	0x2
 864 04d8 23       		.byte	0x23
 865 04d9 09       		.uleb128 0x9
 866 04da 06       		.uleb128 0x6
 867 04db 41000000 		.4byte	.LASF74
 868 04df 0A       		.byte	0xa
 869 04e0 2C       		.byte	0x2c
 870 04e1 49000000 		.4byte	0x49
 871 04e5 02       		.byte	0x2
 872 04e6 23       		.byte	0x23
 873 04e7 0A       		.uleb128 0xa
 874 04e8 06       		.uleb128 0x6
 875 04e9 56030000 		.4byte	.LASF75
 876 04ed 0A       		.byte	0xa
 877 04ee 2D       		.byte	0x2d
 878 04ef 49000000 		.4byte	0x49
 879 04f3 02       		.byte	0x2
 880 04f4 23       		.byte	0x23
 881 04f5 0B       		.uleb128 0xb
 882 04f6 06       		.uleb128 0x6
 883 04f7 D5030000 		.4byte	.LASF76
 884 04fb 0A       		.byte	0xa
 885 04fc 2E       		.byte	0x2e
 886 04fd 49000000 		.4byte	0x49
 887 0501 02       		.byte	0x2
 888 0502 23       		.byte	0x23
 889 0503 0C       		.uleb128 0xc
 890 0504 06       		.uleb128 0x6
 891 0505 35030000 		.4byte	.LASF77
 892 0509 0A       		.byte	0xa
 893 050a 2F       		.byte	0x2f
 894 050b 49000000 		.4byte	0x49
 895 050f 02       		.byte	0x2
 896 0510 23       		.byte	0x23
 897 0511 0D       		.uleb128 0xd
 898 0512 06       		.uleb128 0x6
 899 0513 00000000 		.4byte	.LASF78
 900 0517 0A       		.byte	0xa
 901 0518 30       		.byte	0x30
 902 0519 49000000 		.4byte	0x49
 903 051d 02       		.byte	0x2
 904 051e 23       		.byte	0x23
 905 051f 0E       		.uleb128 0xe
ARM GAS  /tmp/cctBHOiO.s 			page 17


 906 0520 06       		.uleb128 0x6
 907 0521 11020000 		.4byte	.LASF79
 908 0525 0A       		.byte	0xa
 909 0526 31       		.byte	0x31
 910 0527 49000000 		.4byte	0x49
 911 052b 02       		.byte	0x2
 912 052c 23       		.byte	0x23
 913 052d 0F       		.uleb128 0xf
 914 052e 06       		.uleb128 0x6
 915 052f 97000000 		.4byte	.LASF80
 916 0533 0A       		.byte	0xa
 917 0534 32       		.byte	0x32
 918 0535 49000000 		.4byte	0x49
 919 0539 02       		.byte	0x2
 920 053a 23       		.byte	0x23
 921 053b 10       		.uleb128 0x10
 922 053c 06       		.uleb128 0x6
 923 053d 70000000 		.4byte	.LASF81
 924 0541 0A       		.byte	0xa
 925 0542 34       		.byte	0x34
 926 0543 49000000 		.4byte	0x49
 927 0547 02       		.byte	0x2
 928 0548 23       		.byte	0x23
 929 0549 11       		.uleb128 0x11
 930 054a 06       		.uleb128 0x6
 931 054b A7000000 		.4byte	.LASF82
 932 054f 0A       		.byte	0xa
 933 0550 35       		.byte	0x35
 934 0551 49000000 		.4byte	0x49
 935 0555 02       		.byte	0x2
 936 0556 23       		.byte	0x23
 937 0557 12       		.uleb128 0x12
 938 0558 06       		.uleb128 0x6
 939 0559 F0010000 		.4byte	.LASF83
 940 055d 0A       		.byte	0xa
 941 055e 36       		.byte	0x36
 942 055f 49000000 		.4byte	0x49
 943 0563 02       		.byte	0x2
 944 0564 23       		.byte	0x23
 945 0565 13       		.uleb128 0x13
 946 0566 06       		.uleb128 0x6
 947 0567 17030000 		.4byte	.LASF84
 948 056b 0A       		.byte	0xa
 949 056c 37       		.byte	0x37
 950 056d 49000000 		.4byte	0x49
 951 0571 02       		.byte	0x2
 952 0572 23       		.byte	0x23
 953 0573 14       		.uleb128 0x14
 954 0574 06       		.uleb128 0x6
 955 0575 F6020000 		.4byte	.LASF85
 956 0579 0A       		.byte	0xa
 957 057a 39       		.byte	0x39
 958 057b 49000000 		.4byte	0x49
 959 057f 02       		.byte	0x2
 960 0580 23       		.byte	0x23
 961 0581 15       		.uleb128 0x15
 962 0582 00       		.byte	0
ARM GAS  /tmp/cctBHOiO.s 			page 18


 963 0583 11       		.uleb128 0x11
 964 0584 6B040000 		.4byte	0x46b
 965 0588 93050000 		.4byte	0x593
 966 058c 12       		.uleb128 0x12
 967 058d 6F030000 		.4byte	0x36f
 968 0591 03       		.byte	0x3
 969 0592 00       		.byte	0
 970 0593 03       		.uleb128 0x3
 971 0594 E9000000 		.4byte	.LASF86
 972 0598 0A       		.byte	0xa
 973 0599 3A       		.byte	0x3a
 974 059a 7E040000 		.4byte	0x47e
 975 059e 13       		.uleb128 0x13
 976 059f 01       		.byte	0x1
 977 05a0 58000000 		.4byte	.LASF87
 978 05a4 01       		.byte	0x1
 979 05a5 6E       		.byte	0x6e
 980 05a6 01       		.byte	0x1
 981 05a7 73020000 		.4byte	0x273
 982 05ab 00000000 		.4byte	.LFB7
 983 05af 42000000 		.4byte	.LFE7
 984 05b3 00000000 		.4byte	.LLST0
 985 05b7 01       		.byte	0x1
 986 05b8 FC050000 		.4byte	0x5fc
 987 05bc 14       		.uleb128 0x14
 988 05bd 747000   		.ascii	"tp\000"
 989 05c0 01       		.byte	0x1
 990 05c1 6F       		.byte	0x6f
 991 05c2 73020000 		.4byte	0x273
 992 05c6 02       		.byte	0x2
 993 05c7 91       		.byte	0x91
 994 05c8 74       		.sleb128 -12
 995 05c9 15       		.uleb128 0x15
 996 05ca 04000000 		.4byte	.LBB2
 997 05ce 0C000000 		.4byte	.LBE2
 998 05d2 E4050000 		.4byte	0x5e4
 999 05d6 14       		.uleb128 0x14
 1000 05d7 746D7000 		.ascii	"tmp\000"
 1001 05db 01       		.byte	0x1
 1002 05dc 71       		.byte	0x71
 1003 05dd 86000000 		.4byte	0x86
 1004 05e1 01       		.byte	0x1
 1005 05e2 53       		.byte	0x53
 1006 05e3 00       		.byte	0
 1007 05e4 16       		.uleb128 0x16
 1008 05e5 32000000 		.4byte	.LBB3
 1009 05e9 3A000000 		.4byte	.LBE3
 1010 05ed 14       		.uleb128 0x14
 1011 05ee 746D7000 		.ascii	"tmp\000"
 1012 05f2 01       		.byte	0x1
 1013 05f3 76       		.byte	0x76
 1014 05f4 86000000 		.4byte	0x86
 1015 05f8 01       		.byte	0x1
 1016 05f9 53       		.byte	0x53
 1017 05fa 00       		.byte	0
 1018 05fb 00       		.byte	0
 1019 05fc 13       		.uleb128 0x13
ARM GAS  /tmp/cctBHOiO.s 			page 19


 1020 05fd 01       		.byte	0x1
 1021 05fe 6F030000 		.4byte	.LASF88
 1022 0602 01       		.byte	0x1
 1023 0603 85       		.byte	0x85
 1024 0604 01       		.byte	0x1
 1025 0605 73020000 		.4byte	0x273
 1026 0609 00000000 		.4byte	.LFB8
 1027 060d 70000000 		.4byte	.LFE8
 1028 0611 2C000000 		.4byte	.LLST1
 1029 0615 01       		.byte	0x1
 1030 0616 68060000 		.4byte	0x668
 1031 061a 17       		.uleb128 0x17
 1032 061b 747000   		.ascii	"tp\000"
 1033 061e 01       		.byte	0x1
 1034 061f 85       		.byte	0x85
 1035 0620 73020000 		.4byte	0x273
 1036 0624 02       		.byte	0x2
 1037 0625 91       		.byte	0x91
 1038 0626 6C       		.sleb128 -20
 1039 0627 14       		.uleb128 0x14
 1040 0628 6E747000 		.ascii	"ntp\000"
 1041 062c 01       		.byte	0x1
 1042 062d 86       		.byte	0x86
 1043 062e 73020000 		.4byte	0x273
 1044 0632 02       		.byte	0x2
 1045 0633 91       		.byte	0x91
 1046 0634 74       		.sleb128 -12
 1047 0635 15       		.uleb128 0x15
 1048 0636 06000000 		.4byte	.LBB4
 1049 063a 0E000000 		.4byte	.LBE4
 1050 063e 50060000 		.4byte	0x650
 1051 0642 14       		.uleb128 0x14
 1052 0643 746D7000 		.ascii	"tmp\000"
 1053 0647 01       		.byte	0x1
 1054 0648 88       		.byte	0x88
 1055 0649 86000000 		.4byte	0x86
 1056 064d 01       		.byte	0x1
 1057 064e 53       		.byte	0x53
 1058 064f 00       		.byte	0
 1059 0650 16       		.uleb128 0x16
 1060 0651 5A000000 		.4byte	.LBB5
 1061 0655 62000000 		.4byte	.LBE5
 1062 0659 14       		.uleb128 0x14
 1063 065a 746D7000 		.ascii	"tmp\000"
 1064 065e 01       		.byte	0x1
 1065 065f 93       		.byte	0x93
 1066 0660 86000000 		.4byte	0x86
 1067 0664 01       		.byte	0x1
 1068 0665 53       		.byte	0x53
 1069 0666 00       		.byte	0
 1070 0667 00       		.byte	0
 1071 0668 18       		.uleb128 0x18
 1072 0669 F1030000 		.4byte	.LASF89
 1073 066d 08       		.byte	0x8
 1074 066e 68       		.byte	0x68
 1075 066f D8030000 		.4byte	0x3d8
 1076 0673 01       		.byte	0x1
ARM GAS  /tmp/cctBHOiO.s 			page 20


 1077 0674 01       		.byte	0x1
 1078 0675 19       		.uleb128 0x19
 1079 0676 36010000 		.4byte	.LASF90
 1080 067a 01       		.byte	0x1
 1081 067b 3B       		.byte	0x3b
 1082 067c 87060000 		.4byte	0x687
 1083 0680 01       		.byte	0x1
 1084 0681 05       		.byte	0x5
 1085 0682 03       		.byte	0x3
 1086 0683 00000000 		.4byte	ch_debug
 1087 0687 10       		.uleb128 0x10
 1088 0688 93050000 		.4byte	0x593
 1089 068c 00       		.byte	0
 1090              		.section	.debug_abbrev,"",%progbits
 1091              	.Ldebug_abbrev0:
 1092 0000 01       		.uleb128 0x1
 1093 0001 11       		.uleb128 0x11
 1094 0002 01       		.byte	0x1
 1095 0003 25       		.uleb128 0x25
 1096 0004 0E       		.uleb128 0xe
 1097 0005 13       		.uleb128 0x13
 1098 0006 0B       		.uleb128 0xb
 1099 0007 03       		.uleb128 0x3
 1100 0008 0E       		.uleb128 0xe
 1101 0009 1B       		.uleb128 0x1b
 1102 000a 0E       		.uleb128 0xe
 1103 000b 55       		.uleb128 0x55
 1104 000c 06       		.uleb128 0x6
 1105 000d 11       		.uleb128 0x11
 1106 000e 01       		.uleb128 0x1
 1107 000f 52       		.uleb128 0x52
 1108 0010 01       		.uleb128 0x1
 1109 0011 10       		.uleb128 0x10
 1110 0012 06       		.uleb128 0x6
 1111 0013 00       		.byte	0
 1112 0014 00       		.byte	0
 1113 0015 02       		.uleb128 0x2
 1114 0016 24       		.uleb128 0x24
 1115 0017 00       		.byte	0
 1116 0018 0B       		.uleb128 0xb
 1117 0019 0B       		.uleb128 0xb
 1118 001a 3E       		.uleb128 0x3e
 1119 001b 0B       		.uleb128 0xb
 1120 001c 03       		.uleb128 0x3
 1121 001d 08       		.uleb128 0x8
 1122 001e 00       		.byte	0
 1123 001f 00       		.byte	0
 1124 0020 03       		.uleb128 0x3
 1125 0021 16       		.uleb128 0x16
 1126 0022 00       		.byte	0
 1127 0023 03       		.uleb128 0x3
 1128 0024 0E       		.uleb128 0xe
 1129 0025 3A       		.uleb128 0x3a
 1130 0026 0B       		.uleb128 0xb
 1131 0027 3B       		.uleb128 0x3b
 1132 0028 0B       		.uleb128 0xb
 1133 0029 49       		.uleb128 0x49
ARM GAS  /tmp/cctBHOiO.s 			page 21


 1134 002a 13       		.uleb128 0x13
 1135 002b 00       		.byte	0
 1136 002c 00       		.byte	0
 1137 002d 04       		.uleb128 0x4
 1138 002e 24       		.uleb128 0x24
 1139 002f 00       		.byte	0
 1140 0030 0B       		.uleb128 0xb
 1141 0031 0B       		.uleb128 0xb
 1142 0032 3E       		.uleb128 0x3e
 1143 0033 0B       		.uleb128 0xb
 1144 0034 03       		.uleb128 0x3
 1145 0035 0E       		.uleb128 0xe
 1146 0036 00       		.byte	0
 1147 0037 00       		.byte	0
 1148 0038 05       		.uleb128 0x5
 1149 0039 13       		.uleb128 0x13
 1150 003a 01       		.byte	0x1
 1151 003b 03       		.uleb128 0x3
 1152 003c 0E       		.uleb128 0xe
 1153 003d 0B       		.uleb128 0xb
 1154 003e 0B       		.uleb128 0xb
 1155 003f 3A       		.uleb128 0x3a
 1156 0040 0B       		.uleb128 0xb
 1157 0041 3B       		.uleb128 0x3b
 1158 0042 0B       		.uleb128 0xb
 1159 0043 01       		.uleb128 0x1
 1160 0044 13       		.uleb128 0x13
 1161 0045 00       		.byte	0
 1162 0046 00       		.byte	0
 1163 0047 06       		.uleb128 0x6
 1164 0048 0D       		.uleb128 0xd
 1165 0049 00       		.byte	0
 1166 004a 03       		.uleb128 0x3
 1167 004b 0E       		.uleb128 0xe
 1168 004c 3A       		.uleb128 0x3a
 1169 004d 0B       		.uleb128 0xb
 1170 004e 3B       		.uleb128 0x3b
 1171 004f 0B       		.uleb128 0xb
 1172 0050 49       		.uleb128 0x49
 1173 0051 13       		.uleb128 0x13
 1174 0052 38       		.uleb128 0x38
 1175 0053 0A       		.uleb128 0xa
 1176 0054 00       		.byte	0
 1177 0055 00       		.byte	0
 1178 0056 07       		.uleb128 0x7
 1179 0057 0D       		.uleb128 0xd
 1180 0058 00       		.byte	0
 1181 0059 03       		.uleb128 0x3
 1182 005a 08       		.uleb128 0x8
 1183 005b 3A       		.uleb128 0x3a
 1184 005c 0B       		.uleb128 0xb
 1185 005d 3B       		.uleb128 0x3b
 1186 005e 0B       		.uleb128 0xb
 1187 005f 49       		.uleb128 0x49
 1188 0060 13       		.uleb128 0x13
 1189 0061 38       		.uleb128 0x38
 1190 0062 0A       		.uleb128 0xa
ARM GAS  /tmp/cctBHOiO.s 			page 22


 1191 0063 00       		.byte	0
 1192 0064 00       		.byte	0
 1193 0065 08       		.uleb128 0x8
 1194 0066 13       		.uleb128 0x13
 1195 0067 01       		.byte	0x1
 1196 0068 0B       		.uleb128 0xb
 1197 0069 0B       		.uleb128 0xb
 1198 006a 3A       		.uleb128 0x3a
 1199 006b 0B       		.uleb128 0xb
 1200 006c 3B       		.uleb128 0x3b
 1201 006d 0B       		.uleb128 0xb
 1202 006e 01       		.uleb128 0x1
 1203 006f 13       		.uleb128 0x13
 1204 0070 00       		.byte	0
 1205 0071 00       		.byte	0
 1206 0072 09       		.uleb128 0x9
 1207 0073 0F       		.uleb128 0xf
 1208 0074 00       		.byte	0
 1209 0075 0B       		.uleb128 0xb
 1210 0076 0B       		.uleb128 0xb
 1211 0077 49       		.uleb128 0x49
 1212 0078 13       		.uleb128 0x13
 1213 0079 00       		.byte	0
 1214 007a 00       		.byte	0
 1215 007b 0A       		.uleb128 0xa
 1216 007c 0F       		.uleb128 0xf
 1217 007d 00       		.byte	0
 1218 007e 0B       		.uleb128 0xb
 1219 007f 0B       		.uleb128 0xb
 1220 0080 00       		.byte	0
 1221 0081 00       		.byte	0
 1222 0082 0B       		.uleb128 0xb
 1223 0083 13       		.uleb128 0x13
 1224 0084 01       		.byte	0x1
 1225 0085 03       		.uleb128 0x3
 1226 0086 0E       		.uleb128 0xe
 1227 0087 0B       		.uleb128 0xb
 1228 0088 0B       		.uleb128 0xb
 1229 0089 3A       		.uleb128 0x3a
 1230 008a 0B       		.uleb128 0xb
 1231 008b 3B       		.uleb128 0x3b
 1232 008c 05       		.uleb128 0x5
 1233 008d 01       		.uleb128 0x1
 1234 008e 13       		.uleb128 0x13
 1235 008f 00       		.byte	0
 1236 0090 00       		.byte	0
 1237 0091 0C       		.uleb128 0xc
 1238 0092 0D       		.uleb128 0xd
 1239 0093 00       		.byte	0
 1240 0094 03       		.uleb128 0x3
 1241 0095 08       		.uleb128 0x8
 1242 0096 3A       		.uleb128 0x3a
 1243 0097 0B       		.uleb128 0xb
 1244 0098 3B       		.uleb128 0x3b
 1245 0099 05       		.uleb128 0x5
 1246 009a 49       		.uleb128 0x49
 1247 009b 13       		.uleb128 0x13
ARM GAS  /tmp/cctBHOiO.s 			page 23


 1248 009c 38       		.uleb128 0x38
 1249 009d 0A       		.uleb128 0xa
 1250 009e 00       		.byte	0
 1251 009f 00       		.byte	0
 1252 00a0 0D       		.uleb128 0xd
 1253 00a1 35       		.uleb128 0x35
 1254 00a2 00       		.byte	0
 1255 00a3 49       		.uleb128 0x49
 1256 00a4 13       		.uleb128 0x13
 1257 00a5 00       		.byte	0
 1258 00a6 00       		.byte	0
 1259 00a7 0E       		.uleb128 0xe
 1260 00a8 17       		.uleb128 0x17
 1261 00a9 01       		.byte	0x1
 1262 00aa 0B       		.uleb128 0xb
 1263 00ab 0B       		.uleb128 0xb
 1264 00ac 3A       		.uleb128 0x3a
 1265 00ad 0B       		.uleb128 0xb
 1266 00ae 3B       		.uleb128 0x3b
 1267 00af 0B       		.uleb128 0xb
 1268 00b0 01       		.uleb128 0x1
 1269 00b1 13       		.uleb128 0x13
 1270 00b2 00       		.byte	0
 1271 00b3 00       		.byte	0
 1272 00b4 0F       		.uleb128 0xf
 1273 00b5 0D       		.uleb128 0xd
 1274 00b6 00       		.byte	0
 1275 00b7 03       		.uleb128 0x3
 1276 00b8 0E       		.uleb128 0xe
 1277 00b9 3A       		.uleb128 0x3a
 1278 00ba 0B       		.uleb128 0xb
 1279 00bb 3B       		.uleb128 0x3b
 1280 00bc 0B       		.uleb128 0xb
 1281 00bd 49       		.uleb128 0x49
 1282 00be 13       		.uleb128 0x13
 1283 00bf 00       		.byte	0
 1284 00c0 00       		.byte	0
 1285 00c1 10       		.uleb128 0x10
 1286 00c2 26       		.uleb128 0x26
 1287 00c3 00       		.byte	0
 1288 00c4 49       		.uleb128 0x49
 1289 00c5 13       		.uleb128 0x13
 1290 00c6 00       		.byte	0
 1291 00c7 00       		.byte	0
 1292 00c8 11       		.uleb128 0x11
 1293 00c9 01       		.uleb128 0x1
 1294 00ca 01       		.byte	0x1
 1295 00cb 49       		.uleb128 0x49
 1296 00cc 13       		.uleb128 0x13
 1297 00cd 01       		.uleb128 0x1
 1298 00ce 13       		.uleb128 0x13
 1299 00cf 00       		.byte	0
 1300 00d0 00       		.byte	0
 1301 00d1 12       		.uleb128 0x12
 1302 00d2 21       		.uleb128 0x21
 1303 00d3 00       		.byte	0
 1304 00d4 49       		.uleb128 0x49
ARM GAS  /tmp/cctBHOiO.s 			page 24


 1305 00d5 13       		.uleb128 0x13
 1306 00d6 2F       		.uleb128 0x2f
 1307 00d7 0B       		.uleb128 0xb
 1308 00d8 00       		.byte	0
 1309 00d9 00       		.byte	0
 1310 00da 13       		.uleb128 0x13
 1311 00db 2E       		.uleb128 0x2e
 1312 00dc 01       		.byte	0x1
 1313 00dd 3F       		.uleb128 0x3f
 1314 00de 0C       		.uleb128 0xc
 1315 00df 03       		.uleb128 0x3
 1316 00e0 0E       		.uleb128 0xe
 1317 00e1 3A       		.uleb128 0x3a
 1318 00e2 0B       		.uleb128 0xb
 1319 00e3 3B       		.uleb128 0x3b
 1320 00e4 0B       		.uleb128 0xb
 1321 00e5 27       		.uleb128 0x27
 1322 00e6 0C       		.uleb128 0xc
 1323 00e7 49       		.uleb128 0x49
 1324 00e8 13       		.uleb128 0x13
 1325 00e9 11       		.uleb128 0x11
 1326 00ea 01       		.uleb128 0x1
 1327 00eb 12       		.uleb128 0x12
 1328 00ec 01       		.uleb128 0x1
 1329 00ed 40       		.uleb128 0x40
 1330 00ee 06       		.uleb128 0x6
 1331 00ef 9642     		.uleb128 0x2116
 1332 00f1 0C       		.uleb128 0xc
 1333 00f2 01       		.uleb128 0x1
 1334 00f3 13       		.uleb128 0x13
 1335 00f4 00       		.byte	0
 1336 00f5 00       		.byte	0
 1337 00f6 14       		.uleb128 0x14
 1338 00f7 34       		.uleb128 0x34
 1339 00f8 00       		.byte	0
 1340 00f9 03       		.uleb128 0x3
 1341 00fa 08       		.uleb128 0x8
 1342 00fb 3A       		.uleb128 0x3a
 1343 00fc 0B       		.uleb128 0xb
 1344 00fd 3B       		.uleb128 0x3b
 1345 00fe 0B       		.uleb128 0xb
 1346 00ff 49       		.uleb128 0x49
 1347 0100 13       		.uleb128 0x13
 1348 0101 02       		.uleb128 0x2
 1349 0102 0A       		.uleb128 0xa
 1350 0103 00       		.byte	0
 1351 0104 00       		.byte	0
 1352 0105 15       		.uleb128 0x15
 1353 0106 0B       		.uleb128 0xb
 1354 0107 01       		.byte	0x1
 1355 0108 11       		.uleb128 0x11
 1356 0109 01       		.uleb128 0x1
 1357 010a 12       		.uleb128 0x12
 1358 010b 01       		.uleb128 0x1
 1359 010c 01       		.uleb128 0x1
 1360 010d 13       		.uleb128 0x13
 1361 010e 00       		.byte	0
ARM GAS  /tmp/cctBHOiO.s 			page 25


 1362 010f 00       		.byte	0
 1363 0110 16       		.uleb128 0x16
 1364 0111 0B       		.uleb128 0xb
 1365 0112 01       		.byte	0x1
 1366 0113 11       		.uleb128 0x11
 1367 0114 01       		.uleb128 0x1
 1368 0115 12       		.uleb128 0x12
 1369 0116 01       		.uleb128 0x1
 1370 0117 00       		.byte	0
 1371 0118 00       		.byte	0
 1372 0119 17       		.uleb128 0x17
 1373 011a 05       		.uleb128 0x5
 1374 011b 00       		.byte	0
 1375 011c 03       		.uleb128 0x3
 1376 011d 08       		.uleb128 0x8
 1377 011e 3A       		.uleb128 0x3a
 1378 011f 0B       		.uleb128 0xb
 1379 0120 3B       		.uleb128 0x3b
 1380 0121 0B       		.uleb128 0xb
 1381 0122 49       		.uleb128 0x49
 1382 0123 13       		.uleb128 0x13
 1383 0124 02       		.uleb128 0x2
 1384 0125 0A       		.uleb128 0xa
 1385 0126 00       		.byte	0
 1386 0127 00       		.byte	0
 1387 0128 18       		.uleb128 0x18
 1388 0129 34       		.uleb128 0x34
 1389 012a 00       		.byte	0
 1390 012b 03       		.uleb128 0x3
 1391 012c 0E       		.uleb128 0xe
 1392 012d 3A       		.uleb128 0x3a
 1393 012e 0B       		.uleb128 0xb
 1394 012f 3B       		.uleb128 0x3b
 1395 0130 0B       		.uleb128 0xb
 1396 0131 49       		.uleb128 0x49
 1397 0132 13       		.uleb128 0x13
 1398 0133 3F       		.uleb128 0x3f
 1399 0134 0C       		.uleb128 0xc
 1400 0135 3C       		.uleb128 0x3c
 1401 0136 0C       		.uleb128 0xc
 1402 0137 00       		.byte	0
 1403 0138 00       		.byte	0
 1404 0139 19       		.uleb128 0x19
 1405 013a 34       		.uleb128 0x34
 1406 013b 00       		.byte	0
 1407 013c 03       		.uleb128 0x3
 1408 013d 0E       		.uleb128 0xe
 1409 013e 3A       		.uleb128 0x3a
 1410 013f 0B       		.uleb128 0xb
 1411 0140 3B       		.uleb128 0x3b
 1412 0141 0B       		.uleb128 0xb
 1413 0142 49       		.uleb128 0x49
 1414 0143 13       		.uleb128 0x13
 1415 0144 3F       		.uleb128 0x3f
 1416 0145 0C       		.uleb128 0xc
 1417 0146 02       		.uleb128 0x2
 1418 0147 0A       		.uleb128 0xa
ARM GAS  /tmp/cctBHOiO.s 			page 26


 1419 0148 00       		.byte	0
 1420 0149 00       		.byte	0
 1421 014a 00       		.byte	0
 1422              		.section	.debug_loc,"",%progbits
 1423              	.Ldebug_loc0:
 1424              	.LLST0:
 1425 0000 00000000 		.4byte	.LFB7
 1426 0004 02000000 		.4byte	.LCFI0
 1427 0008 0200     		.2byte	0x2
 1428 000a 7D       		.byte	0x7d
 1429 000b 00       		.sleb128 0
 1430 000c 02000000 		.4byte	.LCFI0
 1431 0010 04000000 		.4byte	.LCFI1
 1432 0014 0200     		.2byte	0x2
 1433 0016 7D       		.byte	0x7d
 1434 0017 04       		.sleb128 4
 1435 0018 04000000 		.4byte	.LCFI1
 1436 001c 42000000 		.4byte	.LFE7
 1437 0020 0200     		.2byte	0x2
 1438 0022 7D       		.byte	0x7d
 1439 0023 10       		.sleb128 16
 1440 0024 00000000 		.4byte	0
 1441 0028 00000000 		.4byte	0
 1442              	.LLST1:
 1443 002c 00000000 		.4byte	.LFB8
 1444 0030 02000000 		.4byte	.LCFI2
 1445 0034 0200     		.2byte	0x2
 1446 0036 7D       		.byte	0x7d
 1447 0037 00       		.sleb128 0
 1448 0038 02000000 		.4byte	.LCFI2
 1449 003c 04000000 		.4byte	.LCFI3
 1450 0040 0200     		.2byte	0x2
 1451 0042 7D       		.byte	0x7d
 1452 0043 04       		.sleb128 4
 1453 0044 04000000 		.4byte	.LCFI3
 1454 0048 70000000 		.4byte	.LFE8
 1455 004c 0200     		.2byte	0x2
 1456 004e 7D       		.byte	0x7d
 1457 004f 18       		.sleb128 24
 1458 0050 00000000 		.4byte	0
 1459 0054 00000000 		.4byte	0
 1460              		.section	.debug_aranges,"",%progbits
 1461 0000 24000000 		.4byte	0x24
 1462 0004 0200     		.2byte	0x2
 1463 0006 00000000 		.4byte	.Ldebug_info0
 1464 000a 04       		.byte	0x4
 1465 000b 00       		.byte	0
 1466 000c 0000     		.2byte	0
 1467 000e 0000     		.2byte	0
 1468 0010 00000000 		.4byte	.LFB7
 1469 0014 42000000 		.4byte	.LFE7-.LFB7
 1470 0018 00000000 		.4byte	.LFB8
 1471 001c 70000000 		.4byte	.LFE8-.LFB8
 1472 0020 00000000 		.4byte	0
 1473 0024 00000000 		.4byte	0
 1474              		.section	.debug_ranges,"",%progbits
 1475              	.Ldebug_ranges0:
ARM GAS  /tmp/cctBHOiO.s 			page 27


 1476 0000 00000000 		.4byte	.LFB7
 1477 0004 42000000 		.4byte	.LFE7
 1478 0008 00000000 		.4byte	.LFB8
 1479 000c 70000000 		.4byte	.LFE8
 1480 0010 00000000 		.4byte	0
 1481 0014 00000000 		.4byte	0
 1482              		.section	.debug_line,"",%progbits
 1483              	.Ldebug_line0:
 1484 0000 98010000 		.section	.debug_str,"MS",%progbits,1
 1484      02005B01 
 1484      00000201 
 1484      FB0E0D00 
 1484      01010101 
 1485              	.LASF78:
 1486 0000 63665F6F 		.ascii	"cf_off_older\000"
 1486      66665F6F 
 1486      6C646572 
 1486      00
 1487              	.LASF40:
 1488 000d 705F6D73 		.ascii	"p_msg\000"
 1488      6700
 1489              	.LASF2:
 1490 0013 73697A65 		.ascii	"size_t\000"
 1490      5F7400
 1491              	.LASF63:
 1492 001a 7264796D 		.ascii	"rdymsg\000"
 1492      736700
 1493              	.LASF13:
 1494 0021 75696E74 		.ascii	"uint64_t\000"
 1494      36345F74 
 1494      00
 1495              	.LASF14:
 1496 002a 6C6F6E67 		.ascii	"long long unsigned int\000"
 1496      206C6F6E 
 1496      6720756E 
 1496      7369676E 
 1496      65642069 
 1497              	.LASF74:
 1498 0041 63685F74 		.ascii	"ch_threadsize\000"
 1498      68726561 
 1498      6473697A 
 1498      6500
 1499              	.LASF64:
 1500 004f 65786974 		.ascii	"exitcode\000"
 1500      636F6465 
 1500      00
 1501              	.LASF87:
 1502 0058 63685265 		.ascii	"chRegFirstThread\000"
 1502      67466972 
 1502      73745468 
 1502      72656164 
 1502      00
 1503              	.LASF27:
 1504 0069 705F7072 		.ascii	"p_prio\000"
 1504      696F00
 1505              	.LASF81:
 1506 0070 63665F6F 		.ascii	"cf_off_state\000"
ARM GAS  /tmp/cctBHOiO.s 			page 28


 1506      66665F73 
 1506      74617465 
 1506      00
 1507              	.LASF12:
 1508 007d 6C6F6E67 		.ascii	"long long int\000"
 1508      206C6F6E 
 1508      6720696E 
 1508      7400
 1509              	.LASF1:
 1510 008b 7369676E 		.ascii	"signed char\000"
 1510      65642063 
 1510      68617200 
 1511              	.LASF80:
 1512 0097 63665F6F 		.ascii	"cf_off_stklimit\000"
 1512      66665F73 
 1512      746B6C69 
 1512      6D697400 
 1513              	.LASF82:
 1514 00a7 63665F6F 		.ascii	"cf_off_flags\000"
 1514      66665F66 
 1514      6C616773 
 1514      00
 1515              	.LASF44:
 1516 00b4 705F6D70 		.ascii	"p_mpool\000"
 1516      6F6F6C00 
 1517              	.LASF60:
 1518 00bc 6D5F7175 		.ascii	"m_queue\000"
 1518      65756500 
 1519              	.LASF19:
 1520 00c4 74736C69 		.ascii	"tslices_t\000"
 1520      6365735F 
 1520      7400
 1521              	.LASF9:
 1522 00ce 6C6F6E67 		.ascii	"long int\000"
 1522      20696E74 
 1522      00
 1523              	.LASF17:
 1524 00d7 74737461 		.ascii	"tstate_t\000"
 1524      74655F74 
 1524      00
 1525              	.LASF6:
 1526 00e0 75696E74 		.ascii	"uint16_t\000"
 1526      31365F74 
 1526      00
 1527              	.LASF86:
 1528 00e9 63686465 		.ascii	"chdebug_t\000"
 1528      6275675F 
 1528      7400
 1529              	.LASF29:
 1530 00f3 705F6E65 		.ascii	"p_newer\000"
 1530      77657200 
 1531              	.LASF55:
 1532 00fb 725F6E65 		.ascii	"r_newer\000"
 1532      77657200 
 1533              	.LASF47:
 1534 0103 72656761 		.ascii	"regarm_t\000"
 1534      726D5F74 
ARM GAS  /tmp/cctBHOiO.s 			page 29


 1534      00
 1535              	.LASF32:
 1536 010c 705F7374 		.ascii	"p_stklimit\000"
 1536      6B6C696D 
 1536      697400
 1537              	.LASF0:
 1538 0117 756E7369 		.ascii	"unsigned int\000"
 1538      676E6564 
 1538      20696E74 
 1538      00
 1539              	.LASF11:
 1540 0124 6C6F6E67 		.ascii	"long unsigned int\000"
 1540      20756E73 
 1540      69676E65 
 1540      6420696E 
 1540      7400
 1541              	.LASF90:
 1542 0136 63685F64 		.ascii	"ch_debug\000"
 1542      65627567 
 1542      00
 1543              	.LASF68:
 1544 013f 63685F69 		.ascii	"ch_identifier\000"
 1544      64656E74 
 1544      69666965 
 1544      7200
 1545              	.LASF50:
 1546 014d 636F6E74 		.ascii	"context\000"
 1546      65787400 
 1547              	.LASF7:
 1548 0155 73686F72 		.ascii	"short unsigned int\000"
 1548      7420756E 
 1548      7369676E 
 1548      65642069 
 1548      6E7400
 1549              	.LASF21:
 1550 0168 6D73675F 		.ascii	"msg_t\000"
 1550      7400
 1551              	.LASF16:
 1552 016e 746D6F64 		.ascii	"tmode_t\000"
 1552      655F7400 
 1553              	.LASF46:
 1554 0176 54687265 		.ascii	"ThreadsList\000"
 1554      6164734C 
 1554      69737400 
 1555              	.LASF22:
 1556 0182 6576656E 		.ascii	"eventmask_t\000"
 1556      746D6173 
 1556      6B5F7400 
 1557              	.LASF59:
 1558 018e 4D757465 		.ascii	"Mutex\000"
 1558      7800
 1559              	.LASF91:
 1560 0194 474E5520 		.ascii	"GNU C 4.7.4 20130613 (release) [ARM/embedded-4_7-br"
 1560      4320342E 
 1560      372E3420 
 1560      32303133 
 1560      30363133 
ARM GAS  /tmp/cctBHOiO.s 			page 30


 1561 01c7 616E6368 		.ascii	"anch revision 200083]\000"
 1561      20726576 
 1561      6973696F 
 1561      6E203230 
 1561      30303833 
 1562              	.LASF48:
 1563 01dd 73746B61 		.ascii	"stkalign_t\000"
 1563      6C69676E 
 1563      5F7400
 1564              	.LASF69:
 1565 01e8 63685F7A 		.ascii	"ch_zero\000"
 1565      65726F00 
 1566              	.LASF83:
 1567 01f0 63665F6F 		.ascii	"cf_off_refs\000"
 1567      66665F72 
 1567      65667300 
 1568              	.LASF51:
 1569 01fc 73697A65 		.ascii	"sizetype\000"
 1569      74797065 
 1569      00
 1570              	.LASF73:
 1571 0205 63685F74 		.ascii	"ch_timesize\000"
 1571      696D6573 
 1571      697A6500 
 1572              	.LASF79:
 1573 0211 63665F6F 		.ascii	"cf_off_name\000"
 1573      66665F6E 
 1573      616D6500 
 1574              	.LASF30:
 1575 021d 705F6F6C 		.ascii	"p_older\000"
 1575      64657200 
 1576              	.LASF93:
 1577 0225 2F686F6D 		.ascii	"/home/witold/Dokumenty/arm/ChibiOS-master/demos/dis"
 1577      652F7769 
 1577      746F6C64 
 1577      2F446F6B 
 1577      756D656E 
 1578 0258 636F7665 		.ascii	"covery_1wire\000"
 1578      72795F31 
 1578      77697265 
 1578      00
 1579              	.LASF54:
 1580 0265 725F6374 		.ascii	"r_ctx\000"
 1580      7800
 1581              	.LASF45:
 1582 026b 54687265 		.ascii	"ThreadsQueue\000"
 1582      61647351 
 1582      75657565 
 1582      00
 1583              	.LASF70:
 1584 0278 63685F73 		.ascii	"ch_size\000"
 1584      697A6500 
 1585              	.LASF57:
 1586 0280 725F6375 		.ascii	"r_current\000"
 1586      7272656E 
 1586      7400
 1587              	.LASF56:
ARM GAS  /tmp/cctBHOiO.s 			page 31


 1588 028a 725F6F6C 		.ascii	"r_older\000"
 1588      64657200 
 1589              	.LASF18:
 1590 0292 74726566 		.ascii	"trefs_t\000"
 1590      735F7400 
 1591              	.LASF72:
 1592 029a 63685F70 		.ascii	"ch_ptrsize\000"
 1592      74727369 
 1592      7A6500
 1593              	.LASF26:
 1594 02a5 705F7072 		.ascii	"p_prev\000"
 1594      657600
 1595              	.LASF20:
 1596 02ac 74707269 		.ascii	"tprio_t\000"
 1596      6F5F7400 
 1597              	.LASF15:
 1598 02b4 5F426F6F 		.ascii	"_Bool\000"
 1598      6C00
 1599              	.LASF8:
 1600 02ba 696E7433 		.ascii	"int32_t\000"
 1600      325F7400 
 1601              	.LASF4:
 1602 02c2 756E7369 		.ascii	"unsigned char\000"
 1602      676E6564 
 1602      20636861 
 1602      7200
 1603              	.LASF42:
 1604 02d0 705F6D74 		.ascii	"p_mtxlist\000"
 1604      786C6973 
 1604      7400
 1605              	.LASF5:
 1606 02da 73686F72 		.ascii	"short int\000"
 1606      7420696E 
 1606      7400
 1607              	.LASF33:
 1608 02e4 705F7374 		.ascii	"p_state\000"
 1608      61746500 
 1609              	.LASF36:
 1610 02ec 705F7072 		.ascii	"p_preempt\000"
 1610      65656D70 
 1610      7400
 1611              	.LASF85:
 1612 02f6 63665F6F 		.ascii	"cf_off_time\000"
 1612      66665F74 
 1612      696D6500 
 1613              	.LASF53:
 1614 0302 725F7072 		.ascii	"r_prio\000"
 1614      696F00
 1615              	.LASF66:
 1616 0309 65776D61 		.ascii	"ewmask\000"
 1616      736B00
 1617              	.LASF25:
 1618 0310 705F6E65 		.ascii	"p_next\000"
 1618      787400
 1619              	.LASF84:
 1620 0317 63665F6F 		.ascii	"cf_off_preempt\000"
 1620      66665F70 
ARM GAS  /tmp/cctBHOiO.s 			page 32


 1620      7265656D 
 1620      707400
 1621              	.LASF34:
 1622 0326 705F666C 		.ascii	"p_flags\000"
 1622      61677300 
 1623              	.LASF24:
 1624 032e 54687265 		.ascii	"Thread\000"
 1624      616400
 1625              	.LASF77:
 1626 0335 63665F6F 		.ascii	"cf_off_newer\000"
 1626      66665F6E 
 1626      65776572 
 1626      00
 1627              	.LASF41:
 1628 0342 705F6570 		.ascii	"p_epending\000"
 1628      656E6469 
 1628      6E6700
 1629              	.LASF10:
 1630 034d 75696E74 		.ascii	"uint32_t\000"
 1630      33325F74 
 1630      00
 1631              	.LASF75:
 1632 0356 63665F6F 		.ascii	"cf_off_prio\000"
 1632      66665F70 
 1632      72696F00 
 1633              	.LASF52:
 1634 0362 725F7175 		.ascii	"r_queue\000"
 1634      65756500 
 1635              	.LASF67:
 1636 036a 63686172 		.ascii	"char\000"
 1636      00
 1637              	.LASF88:
 1638 036f 63685265 		.ascii	"chRegNextThread\000"
 1638      674E6578 
 1638      74546872 
 1638      65616400 
 1639              	.LASF62:
 1640 037f 6D5F6E65 		.ascii	"m_next\000"
 1640      787400
 1641              	.LASF23:
 1642 0386 73797374 		.ascii	"systime_t\000"
 1642      696D655F 
 1642      7400
 1643              	.LASF43:
 1644 0390 705F7265 		.ascii	"p_realprio\000"
 1644      616C7072 
 1644      696F00
 1645              	.LASF37:
 1646 039b 705F7469 		.ascii	"p_time\000"
 1646      6D6500
 1647              	.LASF49:
 1648 03a2 696E7463 		.ascii	"intctx\000"
 1648      747800
 1649              	.LASF39:
 1650 03a9 705F6D73 		.ascii	"p_msgqueue\000"
 1650      67717565 
 1650      756500
ARM GAS  /tmp/cctBHOiO.s 			page 33


 1651              	.LASF92:
 1652 03b4 2E2E2F2E 		.ascii	"../../os/kernel/src/chregistry.c\000"
 1652      2E2F6F73 
 1652      2F6B6572 
 1652      6E656C2F 
 1652      7372632F 
 1653              	.LASF76:
 1654 03d5 63665F6F 		.ascii	"cf_off_ctx\000"
 1654      66665F63 
 1654      747800
 1655              	.LASF35:
 1656 03e0 705F7265 		.ascii	"p_refs\000"
 1656      667300
 1657              	.LASF58:
 1658 03e7 52656164 		.ascii	"ReadyList\000"
 1658      794C6973 
 1658      7400
 1659              	.LASF89:
 1660 03f1 726C6973 		.ascii	"rlist\000"
 1660      7400
 1661              	.LASF3:
 1662 03f7 75696E74 		.ascii	"uint8_t\000"
 1662      385F7400 
 1663              	.LASF65:
 1664 03ff 77746F62 		.ascii	"wtobjp\000"
 1664      6A7000
 1665              	.LASF31:
 1666 0406 705F6E61 		.ascii	"p_name\000"
 1666      6D6500
 1667              	.LASF71:
 1668 040d 63685F76 		.ascii	"ch_version\000"
 1668      65727369 
 1668      6F6E00
 1669              	.LASF61:
 1670 0418 6D5F6F77 		.ascii	"m_owner\000"
 1670      6E657200 
 1671              	.LASF28:
 1672 0420 705F6374 		.ascii	"p_ctx\000"
 1672      7800
 1673              	.LASF38:
 1674 0426 705F7761 		.ascii	"p_waiting\000"
 1674      6974696E 
 1674      6700
 1675              		.ident	"GCC: (GNU Tools for ARM Embedded Processors) 4.7.4 20130613 (release) [ARM/embedded-4_7-br
ARM GAS  /tmp/cctBHOiO.s 			page 34


DEFINED SYMBOLS
                            *ABS*:00000000 chregistry.c
     /tmp/cctBHOiO.s:23     .rodata.ch_debug:00000000 ch_debug
     /tmp/cctBHOiO.s:20     .rodata.ch_debug:00000000 $d
     /tmp/cctBHOiO.s:43     .text.chRegFirstThread:00000000 $t
     /tmp/cctBHOiO.s:49     .text.chRegFirstThread:00000000 chRegFirstThread
     /tmp/cctBHOiO.s:103    .rodata:00000000 $d
     /tmp/cctBHOiO.s:104    .rodata:00000000 .LC0
     /tmp/cctBHOiO.s:107    .text.chRegNextThread:00000000 $t
     /tmp/cctBHOiO.s:113    .text.chRegNextThread:00000000 chRegNextThread
                     .debug_frame:00000010 $d

UNDEFINED SYMBOLS
dbg_check_lock
rlist
dbg_check_unlock
chDbgPanic
chThdRelease
