ARM GAS  /tmp/ccGsgwsg.s 			page 1


   1              		.syntax unified
   2              		.cpu cortex-m4
   3              		.fpu softvfp
   4              		.eabi_attribute 20, 1
   5              		.eabi_attribute 21, 1
   6              		.eabi_attribute 23, 3
   7              		.eabi_attribute 24, 1
   8              		.eabi_attribute 25, 1
   9              		.eabi_attribute 26, 1
  10              		.eabi_attribute 30, 6
  11              		.eabi_attribute 34, 1
  12              		.eabi_attribute 18, 4
  13              		.thumb
  14              		.file	"chsys.c"
  15              		.text
  16              	.Ltext0:
  17              		.cfi_sections	.debug_frame
  18              		.global	_idle_thread_wa
  19              		.section	.bss._idle_thread_wa,"aw",%nobits
  20              		.align	3
  21              		.type	_idle_thread_wa, %object
  22              		.size	_idle_thread_wa, 192
  23              	_idle_thread_wa:
  24 0000 00000000 		.space	192
  24      00000000 
  24      00000000 
  24      00000000 
  24      00000000 
  25              		.section	.rodata
  26              		.align	2
  27              	.LC0:
  28 0000 69646C65 		.ascii	"idle\000"
  28      00
  29 0005 000000   		.section	.text._idle_thread,"ax",%progbits
  30              		.align	2
  31              		.p2align 4,,15
  32              		.global	_idle_thread
  33              		.thumb
  34              		.thumb_func
  35              		.type	_idle_thread, %function
  36              	_idle_thread:
  37              	.LFB7:
  38              		.file 1 "../../os/kernel/src/chsys.c"
  39              		.loc 1 54 0
  40              		.cfi_startproc
  41              		@ args = 0, pretend = 0, frame = 8
  42              		@ frame_needed = 0, uses_anonymous_args = 0
  43              		@ link register save eliminated.
  44 0000 82B0     		sub	sp, sp, #8
  45              	.LCFI0:
  46              		.cfi_def_cfa_offset 8
  47 0002 0190     		str	r0, [sp, #4]
  48              		.loc 1 57 0
  49 0004 40F20003 		movw	r3, #:lower16:rlist
  50 0008 C0F20003 		movt	r3, #:upper16:rlist
  51 000c 9A69     		ldr	r2, [r3, #24]
  52 000e 40F20003 		movw	r3, #:lower16:.LC0
ARM GAS  /tmp/ccGsgwsg.s 			page 2


  53 0012 C0F20003 		movt	r3, #:upper16:.LC0
  54 0016 9361     		str	r3, [r2, #24]
  55              	.L2:
  56              		.loc 1 61 0 discriminator 1
  57 0018 FEE7     		b	.L2
  58              		.cfi_endproc
  59              	.LFE7:
  60              		.size	_idle_thread, .-_idle_thread
  61 001a 00BFAFF3 		.section	.text.chSysInit,"ax",%progbits
  61      0080
  62              		.align	2
  63              		.p2align 4,,15
  64              		.global	chSysInit
  65              		.thumb
  66              		.thumb_func
  67              		.type	chSysInit, %function
  68              	chSysInit:
  69              	.LFB8:
  70              		.loc 1 77 0
  71              		.cfi_startproc
  72              		@ args = 0, pretend = 0, frame = 0
  73              		@ frame_needed = 0, uses_anonymous_args = 0
  74 0000 00B5     		push	{lr}
  75              	.LCFI1:
  76              		.cfi_def_cfa_offset 4
  77              		.cfi_offset 14, -4
  78 0002 83B0     		sub	sp, sp, #12
  79              	.LCFI2:
  80              		.cfi_def_cfa_offset 16
  81              		.loc 1 83 0
  82 0004 FFF7FEFF 		bl	_port_init
  83              		.loc 1 84 0
  84 0008 FFF7FEFF 		bl	_scheduler_init
  85              		.loc 1 85 0
  86 000c FFF7FEFF 		bl	_vt_init
  87              		.loc 1 87 0
  88 0010 FFF7FEFF 		bl	_core_init
  89              		.loc 1 90 0
  90 0014 FFF7FEFF 		bl	_heap_init
  91              		.loc 1 93 0
  92 0018 FFF7FEFF 		bl	_trace_init
  93              		.loc 1 97 0
  94 001c 40F20000 		movw	r0, #:lower16:mainthread.4824
  95 0020 C0F20000 		movt	r0, #:upper16:mainthread.4824
  96 0024 4FF04001 		mov	r1, #64
  97 0028 FFF7FEFF 		bl	_thread_init
  98 002c 0246     		mov	r2, r0
  99 002e 40F20003 		movw	r3, #:lower16:rlist
 100 0032 C0F20003 		movt	r3, #:upper16:rlist
 101 0036 9A61     		str	r2, [r3, #24]
 102              		.loc 1 98 0
 103 0038 40F20003 		movw	r3, #:lower16:rlist
 104 003c C0F20003 		movt	r3, #:upper16:rlist
 105 0040 9B69     		ldr	r3, [r3, #24]
 106 0042 4FF00102 		mov	r2, #1
 107 0046 83F82020 		strb	r2, [r3, #32]
 108              		.loc 1 102 0
ARM GAS  /tmp/ccGsgwsg.s 			page 3


 109 004a 40F20003 		movw	r3, #:lower16:rlist
 110 004e C0F20003 		movt	r3, #:upper16:rlist
 111 0052 9A69     		ldr	r2, [r3, #24]
 112 0054 40F20003 		movw	r3, #:lower16:__main_thread_stack_base__
 113 0058 C0F20003 		movt	r3, #:upper16:__main_thread_stack_base__
 114 005c D361     		str	r3, [r2, #28]
 115              		.loc 1 104 0
 116 005e FFF7FEFF 		bl	dbg_check_enable
 117              	.LBB2:
 118 0062 4FF00003 		mov	r3, #0
 119              	@ 104 "../../os/kernel/src/chsys.c" 1
 120 0066 83F31188 		msr     BASEPRI, r3                    
 121 006a 62B6     		cpsie   i
 122              	@ 0 "" 2
 123              		.thumb
 124              	.LBE2:
 125              		.loc 1 108 0
 126 006c 40F20003 		movw	r3, #:lower16:rlist
 127 0070 C0F20003 		movt	r3, #:upper16:rlist
 128 0074 9A69     		ldr	r2, [r3, #24]
 129 0076 40F20003 		movw	r3, #:lower16:ch_debug
 130 007a C0F20003 		movt	r3, #:upper16:ch_debug
 131 007e 9361     		str	r3, [r2, #24]
 132              		.loc 1 114 0
 133 0080 4FF00003 		mov	r3, #0
 134 0084 0093     		str	r3, [sp, #0]
 135 0086 40F20000 		movw	r0, #:lower16:_idle_thread_wa
 136 008a C0F20000 		movt	r0, #:upper16:_idle_thread_wa
 137 008e 4FF0C001 		mov	r1, #192
 138 0092 4FF00102 		mov	r2, #1
 139 0096 40F20003 		movw	r3, #:lower16:_idle_thread
 140 009a C0F20003 		movt	r3, #:upper16:_idle_thread
 141 009e FFF7FEFF 		bl	chThdCreateStatic
 142              		.loc 1 117 0
 143 00a2 03B0     		add	sp, sp, #12
 144 00a4 00BD     		pop	{pc}
 145              		.cfi_endproc
 146              	.LFE8:
 147              		.size	chSysInit, .-chSysInit
 148 00a6 00BFAFF3 		.section	.text.chSysTimerHandlerI,"ax",%progbits
 148      0080AFF3 
 148      0080
 149              		.align	2
 150              		.p2align 4,,15
 151              		.global	chSysTimerHandlerI
 152              		.thumb
 153              		.thumb_func
 154              		.type	chSysTimerHandlerI, %function
 155              	chSysTimerHandlerI:
 156              	.LFB9:
 157              		.loc 1 130 0
 158              		.cfi_startproc
 159              		@ args = 0, pretend = 0, frame = 8
 160              		@ frame_needed = 0, uses_anonymous_args = 0
 161 0000 00B5     		push	{lr}
 162              	.LCFI3:
 163              		.cfi_def_cfa_offset 4
ARM GAS  /tmp/ccGsgwsg.s 			page 4


 164              		.cfi_offset 14, -4
 165 0002 83B0     		sub	sp, sp, #12
 166              	.LCFI4:
 167              		.cfi_def_cfa_offset 16
 168              		.loc 1 132 0
 169 0004 FFF7FEFF 		bl	chDbgCheckClassI
 170              		.loc 1 136 0
 171 0008 40F20003 		movw	r3, #:lower16:rlist
 172 000c C0F20003 		movt	r3, #:upper16:rlist
 173 0010 9B69     		ldr	r3, [r3, #24]
 174 0012 93F82330 		ldrb	r3, [r3, #35]	@ zero_extendqisi2
 175 0016 002B     		cmp	r3, #0
 176 0018 0BD0     		beq	.L5
 177              		.loc 1 138 0
 178 001a 40F20003 		movw	r3, #:lower16:rlist
 179 001e C0F20003 		movt	r3, #:upper16:rlist
 180 0022 9B69     		ldr	r3, [r3, #24]
 181 0024 93F82320 		ldrb	r2, [r3, #35]	@ zero_extendqisi2
 182 0028 02F1FF32 		add	r2, r2, #-1
 183 002c D2B2     		uxtb	r2, r2
 184 002e 83F82320 		strb	r2, [r3, #35]
 185              	.L5:
 186              		.loc 1 141 0
 187 0032 40F20003 		movw	r3, #:lower16:rlist
 188 0036 C0F20003 		movt	r3, #:upper16:rlist
 189 003a 9B69     		ldr	r3, [r3, #24]
 190 003c 5A6A     		ldr	r2, [r3, #36]
 191 003e 02F10102 		add	r2, r2, #1
 192 0042 5A62     		str	r2, [r3, #36]
 193              		.loc 1 143 0
 194 0044 40F20003 		movw	r3, #:lower16:vtlist
 195 0048 C0F20003 		movt	r3, #:upper16:vtlist
 196 004c DB68     		ldr	r3, [r3, #12]
 197 004e 03F10102 		add	r2, r3, #1
 198 0052 40F20003 		movw	r3, #:lower16:vtlist
 199 0056 C0F20003 		movt	r3, #:upper16:vtlist
 200 005a DA60     		str	r2, [r3, #12]
 201 005c 40F20003 		movw	r3, #:lower16:vtlist
 202 0060 C0F20003 		movt	r3, #:upper16:vtlist
 203 0064 1A68     		ldr	r2, [r3, #0]
 204 0066 40F20003 		movw	r3, #:lower16:vtlist
 205 006a C0F20003 		movt	r3, #:upper16:vtlist
 206 006e 9A42     		cmp	r2, r3
 207 0070 39D0     		beq	.L4
 208              	.LBB3:
 209              		.loc 1 143 0 is_stmt 0 discriminator 1
 210 0072 40F20003 		movw	r3, #:lower16:vtlist
 211 0076 C0F20003 		movt	r3, #:upper16:vtlist
 212 007a 1B68     		ldr	r3, [r3, #0]
 213 007c 9A68     		ldr	r2, [r3, #8]
 214 007e 02F1FF32 		add	r2, r2, #-1
 215 0082 9A60     		str	r2, [r3, #8]
 216 0084 25E0     		b	.L7
 217              	.L8:
 218              	.LBB4:
 219              		.loc 1 143 0 discriminator 3
 220 0086 019B     		ldr	r3, [sp, #4]
ARM GAS  /tmp/ccGsgwsg.s 			page 5


 221 0088 DB68     		ldr	r3, [r3, #12]
 222 008a 0093     		str	r3, [sp, #0]
 223 008c 019B     		ldr	r3, [sp, #4]
 224 008e 4FF00002 		mov	r2, #0
 225 0092 DA60     		str	r2, [r3, #12]
 226 0094 019B     		ldr	r3, [sp, #4]
 227 0096 1A68     		ldr	r2, [r3, #0]
 228 0098 40F20003 		movw	r3, #:lower16:vtlist
 229 009c C0F20003 		movt	r3, #:upper16:vtlist
 230 00a0 5360     		str	r3, [r2, #4]
 231 00a2 019B     		ldr	r3, [sp, #4]
 232 00a4 1A68     		ldr	r2, [r3, #0]
 233 00a6 40F20003 		movw	r3, #:lower16:vtlist
 234 00aa C0F20003 		movt	r3, #:upper16:vtlist
 235 00ae 1A60     		str	r2, [r3, #0]
 236 00b0 FFF7FEFF 		bl	dbg_check_unlock_from_isr
 237              	.LBB5:
 238 00b4 4FF00003 		mov	r3, #0
 239              	@ 143 "../../os/kernel/src/chsys.c" 1
 240 00b8 83F31188 		msr     BASEPRI, r3
 241              	@ 0 "" 2
 242              		.thumb
 243              	.LBE5:
 244 00bc 019B     		ldr	r3, [sp, #4]
 245 00be 1A69     		ldr	r2, [r3, #16]
 246 00c0 009B     		ldr	r3, [sp, #0]
 247 00c2 1046     		mov	r0, r2
 248 00c4 9847     		blx	r3
 249              	.LBB6:
 250 00c6 4FF02003 		mov	r3, #32
 251              	@ 143 "../../os/kernel/src/chsys.c" 1
 252 00ca 83F31188 		msr     BASEPRI, r3
 253              	@ 0 "" 2
 254              		.thumb
 255              	.LBE6:
 256 00ce FFF7FEFF 		bl	dbg_check_lock_from_isr
 257              	.L7:
 258              	.LBE4:
 259              		.loc 1 143 0 discriminator 2
 260 00d2 40F20003 		movw	r3, #:lower16:vtlist
 261 00d6 C0F20003 		movt	r3, #:upper16:vtlist
 262 00da 1B68     		ldr	r3, [r3, #0]
 263 00dc 0193     		str	r3, [sp, #4]
 264 00de 019B     		ldr	r3, [sp, #4]
 265 00e0 9B68     		ldr	r3, [r3, #8]
 266 00e2 002B     		cmp	r3, #0
 267 00e4 CFD0     		beq	.L8
 268              	.L4:
 269              	.LBE3:
 270              		.loc 1 147 0 is_stmt 1
 271 00e6 03B0     		add	sp, sp, #12
 272 00e8 00BD     		pop	{pc}
 273              		.cfi_endproc
 274              	.LFE9:
 275              		.size	chSysTimerHandlerI, .-chSysTimerHandlerI
 276 00ea 00BFAFF3 		.section	.bss.mainthread.4824,"aw",%nobits
 276      0080
ARM GAS  /tmp/ccGsgwsg.s 			page 6


 277              		.align	2
 278              		.type	mainthread.4824, %object
 279              		.size	mainthread.4824, 76
 280              	mainthread.4824:
 281 0000 00000000 		.space	76
 281      00000000 
 281      00000000 
 281      00000000 
 281      00000000 
 282              		.text
 283              	.Letext0:
 284              		.file 2 "/usr/bin/../lib/gcc/arm-none-eabi/4.7.4/../../../../arm-none-eabi/include/stdint.h"
 285              		.file 3 "../../os/ports/GCC/ARMCMx/chtypes.h"
 286              		.file 4 "../../os/kernel/include/chlists.h"
 287              		.file 5 "../../os/kernel/include/chthreads.h"
 288              		.file 6 "../../os/ports/GCC/ARMCMx/chcore_v7m.h"
 289              		.file 7 "../../os/kernel/include/chvt.h"
 290              		.file 8 "../../os/kernel/include/chschd.h"
 291              		.file 9 "../../os/kernel/include/chmtx.h"
 292              		.file 10 "../../os/kernel/include/chregistry.h"
 293              		.section	.debug_info,"",%progbits
 294              	.Ldebug_info0:
 295 0000 CC070000 		.4byte	0x7cc
 296 0004 0200     		.2byte	0x2
 297 0006 00000000 		.4byte	.Ldebug_abbrev0
 298 000a 04       		.byte	0x4
 299 000b 01       		.uleb128 0x1
 300 000c D3010000 		.4byte	.LASF105
 301 0010 01       		.byte	0x1
 302 0011 5A040000 		.4byte	.LASF106
 303 0015 74020000 		.4byte	.LASF107
 304 0019 00000000 		.4byte	.Ldebug_ranges0+0
 305 001d 00000000 		.4byte	0
 306 0021 00000000 		.4byte	0
 307 0025 00000000 		.4byte	.Ldebug_line0
 308 0029 02       		.uleb128 0x2
 309 002a 04       		.byte	0x4
 310 002b 05       		.byte	0x5
 311 002c 696E7400 		.ascii	"int\000"
 312 0030 03       		.uleb128 0x3
 313 0031 04       		.byte	0x4
 314 0032 07       		.byte	0x7
 315 0033 4E010000 		.4byte	.LASF0
 316 0037 03       		.uleb128 0x3
 317 0038 01       		.byte	0x1
 318 0039 06       		.byte	0x6
 319 003a A0000000 		.4byte	.LASF1
 320 003e 04       		.uleb128 0x4
 321 003f 76040000 		.4byte	.LASF4
 322 0043 02       		.byte	0x2
 323 0044 2A       		.byte	0x2a
 324 0045 49000000 		.4byte	0x49
 325 0049 03       		.uleb128 0x3
 326 004a 01       		.byte	0x1
 327 004b 08       		.byte	0x8
 328 004c 1E030000 		.4byte	.LASF2
 329 0050 03       		.uleb128 0x3
ARM GAS  /tmp/ccGsgwsg.s 			page 7


 330 0051 02       		.byte	0x2
 331 0052 05       		.byte	0x5
 332 0053 36030000 		.4byte	.LASF3
 333 0057 04       		.uleb128 0x4
 334 0058 F5000000 		.4byte	.LASF5
 335 005c 02       		.byte	0x2
 336 005d 36       		.byte	0x36
 337 005e 62000000 		.4byte	0x62
 338 0062 03       		.uleb128 0x3
 339 0063 02       		.byte	0x2
 340 0064 07       		.byte	0x7
 341 0065 94010000 		.4byte	.LASF6
 342 0069 04       		.uleb128 0x4
 343 006a 16030000 		.4byte	.LASF7
 344 006e 02       		.byte	0x2
 345 006f 4F       		.byte	0x4f
 346 0070 74000000 		.4byte	0x74
 347 0074 03       		.uleb128 0x3
 348 0075 04       		.byte	0x4
 349 0076 05       		.byte	0x5
 350 0077 E3000000 		.4byte	.LASF8
 351 007b 04       		.uleb128 0x4
 352 007c A9030000 		.4byte	.LASF9
 353 0080 02       		.byte	0x2
 354 0081 50       		.byte	0x50
 355 0082 86000000 		.4byte	0x86
 356 0086 03       		.uleb128 0x3
 357 0087 04       		.byte	0x4
 358 0088 07       		.byte	0x7
 359 0089 63010000 		.4byte	.LASF10
 360 008d 03       		.uleb128 0x3
 361 008e 08       		.byte	0x8
 362 008f 05       		.byte	0x5
 363 0090 92000000 		.4byte	.LASF11
 364 0094 04       		.uleb128 0x4
 365 0095 22000000 		.4byte	.LASF12
 366 0099 02       		.byte	0x2
 367 009a 78       		.byte	0x78
 368 009b 9F000000 		.4byte	0x9f
 369 009f 03       		.uleb128 0x3
 370 00a0 08       		.byte	0x8
 371 00a1 07       		.byte	0x7
 372 00a2 45000000 		.4byte	.LASF13
 373 00a6 03       		.uleb128 0x3
 374 00a7 01       		.byte	0x1
 375 00a8 02       		.byte	0x2
 376 00a9 10030000 		.4byte	.LASF14
 377 00ad 04       		.uleb128 0x4
 378 00ae AD010000 		.4byte	.LASF15
 379 00b2 03       		.byte	0x3
 380 00b3 25       		.byte	0x25
 381 00b4 3E000000 		.4byte	0x3e
 382 00b8 04       		.uleb128 0x4
 383 00b9 EC000000 		.4byte	.LASF16
 384 00bd 03       		.byte	0x3
 385 00be 26       		.byte	0x26
 386 00bf 3E000000 		.4byte	0x3e
ARM GAS  /tmp/ccGsgwsg.s 			page 8


 387 00c3 04       		.uleb128 0x4
 388 00c4 EE020000 		.4byte	.LASF17
 389 00c8 03       		.byte	0x3
 390 00c9 27       		.byte	0x27
 391 00ca 3E000000 		.4byte	0x3e
 392 00ce 04       		.uleb128 0x4
 393 00cf D9000000 		.4byte	.LASF18
 394 00d3 03       		.byte	0x3
 395 00d4 28       		.byte	0x28
 396 00d5 3E000000 		.4byte	0x3e
 397 00d9 04       		.uleb128 0x4
 398 00da 08030000 		.4byte	.LASF19
 399 00de 03       		.byte	0x3
 400 00df 29       		.byte	0x29
 401 00e0 7B000000 		.4byte	0x7b
 402 00e4 04       		.uleb128 0x4
 403 00e5 A7010000 		.4byte	.LASF20
 404 00e9 03       		.byte	0x3
 405 00ea 2A       		.byte	0x2a
 406 00eb 69000000 		.4byte	0x69
 407 00ef 04       		.uleb128 0x4
 408 00f0 C1010000 		.4byte	.LASF21
 409 00f4 03       		.byte	0x3
 410 00f5 2C       		.byte	0x2c
 411 00f6 7B000000 		.4byte	0x7b
 412 00fa 04       		.uleb128 0x4
 413 00fb FA030000 		.4byte	.LASF22
 414 00ff 03       		.byte	0x3
 415 0100 2E       		.byte	0x2e
 416 0101 7B000000 		.4byte	0x7b
 417 0105 04       		.uleb128 0x4
 418 0106 8A030000 		.4byte	.LASF23
 419 010a 04       		.byte	0x4
 420 010b 23       		.byte	0x23
 421 010c 10010000 		.4byte	0x110
 422 0110 05       		.uleb128 0x5
 423 0111 8A030000 		.4byte	.LASF23
 424 0115 4C       		.byte	0x4c
 425 0116 05       		.byte	0x5
 426 0117 57       		.byte	0x57
 427 0118 43020000 		.4byte	0x243
 428 011c 06       		.uleb128 0x6
 429 011d 6C030000 		.4byte	.LASF24
 430 0121 05       		.byte	0x5
 431 0122 58       		.byte	0x58
 432 0123 68020000 		.4byte	0x268
 433 0127 02       		.byte	0x2
 434 0128 23       		.byte	0x23
 435 0129 00       		.uleb128 0
 436 012a 06       		.uleb128 0x6
 437 012b 01030000 		.4byte	.LASF25
 438 012f 05       		.byte	0x5
 439 0130 5A       		.byte	0x5a
 440 0131 68020000 		.4byte	0x268
 441 0135 02       		.byte	0x2
 442 0136 23       		.byte	0x23
 443 0137 04       		.uleb128 0x4
ARM GAS  /tmp/ccGsgwsg.s 			page 9


 444 0138 06       		.uleb128 0x6
 445 0139 7E000000 		.4byte	.LASF26
 446 013d 05       		.byte	0x5
 447 013e 5C       		.byte	0x5c
 448 013f D9000000 		.4byte	0xd9
 449 0143 02       		.byte	0x2
 450 0144 23       		.byte	0x23
 451 0145 08       		.uleb128 0x8
 452 0146 06       		.uleb128 0x6
 453 0147 B1040000 		.4byte	.LASF27
 454 014b 05       		.byte	0x5
 455 014c 5D       		.byte	0x5d
 456 014d 41030000 		.4byte	0x341
 457 0151 02       		.byte	0x2
 458 0152 23       		.byte	0x23
 459 0153 0C       		.uleb128 0xc
 460 0154 06       		.uleb128 0x6
 461 0155 08010000 		.4byte	.LASF28
 462 0159 05       		.byte	0x5
 463 015a 5F       		.byte	0x5f
 464 015b 68020000 		.4byte	0x268
 465 015f 02       		.byte	0x2
 466 0160 23       		.byte	0x23
 467 0161 10       		.uleb128 0x10
 468 0162 06       		.uleb128 0x6
 469 0163 6C020000 		.4byte	.LASF29
 470 0167 05       		.byte	0x5
 471 0168 60       		.byte	0x60
 472 0169 68020000 		.4byte	0x268
 473 016d 02       		.byte	0x2
 474 016e 23       		.byte	0x23
 475 016f 14       		.uleb128 0x14
 476 0170 06       		.uleb128 0x6
 477 0171 85040000 		.4byte	.LASF30
 478 0175 05       		.byte	0x5
 479 0176 67       		.byte	0x67
 480 0177 22050000 		.4byte	0x522
 481 017b 02       		.byte	0x2
 482 017c 23       		.byte	0x23
 483 017d 18       		.uleb128 0x18
 484 017e 06       		.uleb128 0x6
 485 017f 43010000 		.4byte	.LASF31
 486 0183 05       		.byte	0x5
 487 0184 6D       		.byte	0x6d
 488 0185 34050000 		.4byte	0x534
 489 0189 02       		.byte	0x2
 490 018a 23       		.byte	0x23
 491 018b 1C       		.uleb128 0x1c
 492 018c 06       		.uleb128 0x6
 493 018d 40030000 		.4byte	.LASF32
 494 0191 05       		.byte	0x5
 495 0192 72       		.byte	0x72
 496 0193 B8000000 		.4byte	0xb8
 497 0197 02       		.byte	0x2
 498 0198 23       		.byte	0x23
 499 0199 20       		.uleb128 0x20
 500 019a 06       		.uleb128 0x6
ARM GAS  /tmp/ccGsgwsg.s 			page 10


 501 019b 82030000 		.4byte	.LASF33
 502 019f 05       		.byte	0x5
 503 01a0 76       		.byte	0x76
 504 01a1 AD000000 		.4byte	0xad
 505 01a5 02       		.byte	0x2
 506 01a6 23       		.byte	0x23
 507 01a7 21       		.uleb128 0x21
 508 01a8 06       		.uleb128 0x6
 509 01a9 43040000 		.4byte	.LASF34
 510 01ad 05       		.byte	0x5
 511 01ae 7B       		.byte	0x7b
 512 01af C3000000 		.4byte	0xc3
 513 01b3 02       		.byte	0x2
 514 01b4 23       		.byte	0x23
 515 01b5 22       		.uleb128 0x22
 516 01b6 06       		.uleb128 0x6
 517 01b7 48030000 		.4byte	.LASF35
 518 01bb 05       		.byte	0x5
 519 01bc 81       		.byte	0x81
 520 01bd CE000000 		.4byte	0xce
 521 01c1 02       		.byte	0x2
 522 01c2 23       		.byte	0x23
 523 01c3 23       		.uleb128 0x23
 524 01c4 06       		.uleb128 0x6
 525 01c5 18040000 		.4byte	.LASF36
 526 01c9 05       		.byte	0x5
 527 01ca 88       		.byte	0x88
 528 01cb 2D040000 		.4byte	0x42d
 529 01cf 02       		.byte	0x2
 530 01d0 23       		.byte	0x23
 531 01d1 24       		.uleb128 0x24
 532 01d2 07       		.uleb128 0x7
 533 01d3 705F7500 		.ascii	"p_u\000"
 534 01d7 05       		.byte	0x5
 535 01d8 AD       		.byte	0xad
 536 01d9 ED040000 		.4byte	0x4ed
 537 01dd 02       		.byte	0x2
 538 01de 23       		.byte	0x23
 539 01df 28       		.uleb128 0x28
 540 01e0 06       		.uleb128 0x6
 541 01e1 B7040000 		.4byte	.LASF37
 542 01e5 05       		.byte	0x5
 543 01e6 B2       		.byte	0xb2
 544 01e7 90020000 		.4byte	0x290
 545 01eb 02       		.byte	0x2
 546 01ec 23       		.byte	0x23
 547 01ed 2C       		.uleb128 0x2c
 548 01ee 06       		.uleb128 0x6
 549 01ef 26040000 		.4byte	.LASF38
 550 01f3 05       		.byte	0x5
 551 01f4 B8       		.byte	0xb8
 552 01f5 6E020000 		.4byte	0x26e
 553 01f9 02       		.byte	0x2
 554 01fa 23       		.byte	0x23
 555 01fb 30       		.uleb128 0x30
 556 01fc 06       		.uleb128 0x6
 557 01fd 15000000 		.4byte	.LASF39
ARM GAS  /tmp/ccGsgwsg.s 			page 11


 558 0201 05       		.byte	0x5
 559 0202 BC       		.byte	0xbc
 560 0203 E4000000 		.4byte	0xe4
 561 0207 02       		.byte	0x2
 562 0208 23       		.byte	0x23
 563 0209 38       		.uleb128 0x38
 564 020a 06       		.uleb128 0x6
 565 020b 9E030000 		.4byte	.LASF40
 566 020f 05       		.byte	0x5
 567 0210 C2       		.byte	0xc2
 568 0211 EF000000 		.4byte	0xef
 569 0215 02       		.byte	0x2
 570 0216 23       		.byte	0x23
 571 0217 3C       		.uleb128 0x3c
 572 0218 06       		.uleb128 0x6
 573 0219 2C030000 		.4byte	.LASF41
 574 021d 05       		.byte	0x5
 575 021e C9       		.byte	0xc9
 576 021f 3A050000 		.4byte	0x53a
 577 0223 02       		.byte	0x2
 578 0224 23       		.byte	0x23
 579 0225 40       		.uleb128 0x40
 580 0226 06       		.uleb128 0x6
 581 0227 04040000 		.4byte	.LASF42
 582 022b 05       		.byte	0x5
 583 022c CD       		.byte	0xcd
 584 022d D9000000 		.4byte	0xd9
 585 0231 02       		.byte	0x2
 586 0232 23       		.byte	0x23
 587 0233 44       		.uleb128 0x44
 588 0234 06       		.uleb128 0x6
 589 0235 C9000000 		.4byte	.LASF43
 590 0239 05       		.byte	0x5
 591 023a D3       		.byte	0xd3
 592 023b A6020000 		.4byte	0x2a6
 593 023f 02       		.byte	0x2
 594 0240 23       		.byte	0x23
 595 0241 48       		.uleb128 0x48
 596 0242 00       		.byte	0
 597 0243 08       		.uleb128 0x8
 598 0244 08       		.byte	0x8
 599 0245 04       		.byte	0x4
 600 0246 5A       		.byte	0x5a
 601 0247 68020000 		.4byte	0x268
 602 024b 06       		.uleb128 0x6
 603 024c 6C030000 		.4byte	.LASF24
 604 0250 04       		.byte	0x4
 605 0251 5B       		.byte	0x5b
 606 0252 68020000 		.4byte	0x268
 607 0256 02       		.byte	0x2
 608 0257 23       		.byte	0x23
 609 0258 00       		.uleb128 0
 610 0259 06       		.uleb128 0x6
 611 025a 01030000 		.4byte	.LASF25
 612 025e 04       		.byte	0x4
 613 025f 5D       		.byte	0x5d
 614 0260 68020000 		.4byte	0x268
ARM GAS  /tmp/ccGsgwsg.s 			page 12


 615 0264 02       		.byte	0x2
 616 0265 23       		.byte	0x23
 617 0266 04       		.uleb128 0x4
 618 0267 00       		.byte	0
 619 0268 09       		.uleb128 0x9
 620 0269 04       		.byte	0x4
 621 026a 05010000 		.4byte	0x105
 622 026e 04       		.uleb128 0x4
 623 026f BA020000 		.4byte	.LASF44
 624 0273 04       		.byte	0x4
 625 0274 5F       		.byte	0x5f
 626 0275 43020000 		.4byte	0x243
 627 0279 08       		.uleb128 0x8
 628 027a 04       		.byte	0x4
 629 027b 04       		.byte	0x4
 630 027c 64       		.byte	0x64
 631 027d 90020000 		.4byte	0x290
 632 0281 06       		.uleb128 0x6
 633 0282 6C030000 		.4byte	.LASF24
 634 0286 04       		.byte	0x4
 635 0287 66       		.byte	0x66
 636 0288 68020000 		.4byte	0x268
 637 028c 02       		.byte	0x2
 638 028d 23       		.byte	0x23
 639 028e 00       		.uleb128 0
 640 028f 00       		.byte	0
 641 0290 04       		.uleb128 0x4
 642 0291 B5010000 		.4byte	.LASF45
 643 0295 04       		.byte	0x4
 644 0296 69       		.byte	0x69
 645 0297 79020000 		.4byte	0x279
 646 029b 04       		.uleb128 0x4
 647 029c 28010000 		.4byte	.LASF46
 648 02a0 06       		.byte	0x6
 649 02a1 DE       		.byte	0xde
 650 02a2 A6020000 		.4byte	0x2a6
 651 02a6 0A       		.uleb128 0xa
 652 02a7 04       		.byte	0x4
 653 02a8 04       		.uleb128 0x4
 654 02a9 1C020000 		.4byte	.LASF47
 655 02ad 06       		.byte	0x6
 656 02ae E4       		.byte	0xe4
 657 02af 94000000 		.4byte	0x94
 658 02b3 0B       		.uleb128 0xb
 659 02b4 1F040000 		.4byte	.LASF48
 660 02b8 24       		.byte	0x24
 661 02b9 06       		.byte	0x6
 662 02ba 0501     		.2byte	0x105
 663 02bc 41030000 		.4byte	0x341
 664 02c0 0C       		.uleb128 0xc
 665 02c1 723400   		.ascii	"r4\000"
 666 02c4 06       		.byte	0x6
 667 02c5 1801     		.2byte	0x118
 668 02c7 9B020000 		.4byte	0x29b
 669 02cb 02       		.byte	0x2
 670 02cc 23       		.byte	0x23
 671 02cd 00       		.uleb128 0
ARM GAS  /tmp/ccGsgwsg.s 			page 13


 672 02ce 0C       		.uleb128 0xc
 673 02cf 723500   		.ascii	"r5\000"
 674 02d2 06       		.byte	0x6
 675 02d3 1901     		.2byte	0x119
 676 02d5 9B020000 		.4byte	0x29b
 677 02d9 02       		.byte	0x2
 678 02da 23       		.byte	0x23
 679 02db 04       		.uleb128 0x4
 680 02dc 0C       		.uleb128 0xc
 681 02dd 723600   		.ascii	"r6\000"
 682 02e0 06       		.byte	0x6
 683 02e1 1A01     		.2byte	0x11a
 684 02e3 9B020000 		.4byte	0x29b
 685 02e7 02       		.byte	0x2
 686 02e8 23       		.byte	0x23
 687 02e9 08       		.uleb128 0x8
 688 02ea 0C       		.uleb128 0xc
 689 02eb 723700   		.ascii	"r7\000"
 690 02ee 06       		.byte	0x6
 691 02ef 1B01     		.2byte	0x11b
 692 02f1 9B020000 		.4byte	0x29b
 693 02f5 02       		.byte	0x2
 694 02f6 23       		.byte	0x23
 695 02f7 0C       		.uleb128 0xc
 696 02f8 0C       		.uleb128 0xc
 697 02f9 723800   		.ascii	"r8\000"
 698 02fc 06       		.byte	0x6
 699 02fd 1C01     		.2byte	0x11c
 700 02ff 9B020000 		.4byte	0x29b
 701 0303 02       		.byte	0x2
 702 0304 23       		.byte	0x23
 703 0305 10       		.uleb128 0x10
 704 0306 0C       		.uleb128 0xc
 705 0307 723900   		.ascii	"r9\000"
 706 030a 06       		.byte	0x6
 707 030b 1D01     		.2byte	0x11d
 708 030d 9B020000 		.4byte	0x29b
 709 0311 02       		.byte	0x2
 710 0312 23       		.byte	0x23
 711 0313 14       		.uleb128 0x14
 712 0314 0C       		.uleb128 0xc
 713 0315 72313000 		.ascii	"r10\000"
 714 0319 06       		.byte	0x6
 715 031a 1E01     		.2byte	0x11e
 716 031c 9B020000 		.4byte	0x29b
 717 0320 02       		.byte	0x2
 718 0321 23       		.byte	0x23
 719 0322 18       		.uleb128 0x18
 720 0323 0C       		.uleb128 0xc
 721 0324 72313100 		.ascii	"r11\000"
 722 0328 06       		.byte	0x6
 723 0329 1F01     		.2byte	0x11f
 724 032b 9B020000 		.4byte	0x29b
 725 032f 02       		.byte	0x2
 726 0330 23       		.byte	0x23
 727 0331 1C       		.uleb128 0x1c
 728 0332 0C       		.uleb128 0xc
ARM GAS  /tmp/ccGsgwsg.s 			page 14


 729 0333 6C7200   		.ascii	"lr\000"
 730 0336 06       		.byte	0x6
 731 0337 2001     		.2byte	0x120
 732 0339 9B020000 		.4byte	0x29b
 733 033d 02       		.byte	0x2
 734 033e 23       		.byte	0x23
 735 033f 20       		.uleb128 0x20
 736 0340 00       		.byte	0
 737 0341 0B       		.uleb128 0xb
 738 0342 8C010000 		.4byte	.LASF49
 739 0346 04       		.byte	0x4
 740 0347 06       		.byte	0x6
 741 0348 2A01     		.2byte	0x12a
 742 034a 5E030000 		.4byte	0x35e
 743 034e 0C       		.uleb128 0xc
 744 034f 72313300 		.ascii	"r13\000"
 745 0353 06       		.byte	0x6
 746 0354 2B01     		.2byte	0x12b
 747 0356 5E030000 		.4byte	0x35e
 748 035a 02       		.byte	0x2
 749 035b 23       		.byte	0x23
 750 035c 00       		.uleb128 0
 751 035d 00       		.byte	0
 752 035e 09       		.uleb128 0x9
 753 035f 04       		.byte	0x4
 754 0360 B3020000 		.4byte	0x2b3
 755 0364 03       		.uleb128 0x3
 756 0365 04       		.byte	0x4
 757 0366 07       		.byte	0x7
 758 0367 43020000 		.4byte	.LASF50
 759 036b 04       		.uleb128 0x4
 760 036c 0F040000 		.4byte	.LASF51
 761 0370 07       		.byte	0x7
 762 0371 51       		.byte	0x51
 763 0372 76030000 		.4byte	0x376
 764 0376 09       		.uleb128 0x9
 765 0377 04       		.byte	0x4
 766 0378 7C030000 		.4byte	0x37c
 767 037c 0D       		.uleb128 0xd
 768 037d 01       		.byte	0x1
 769 037e 88030000 		.4byte	0x388
 770 0382 0E       		.uleb128 0xe
 771 0383 A6020000 		.4byte	0x2a6
 772 0387 00       		.byte	0
 773 0388 04       		.uleb128 0x4
 774 0389 C6030000 		.4byte	.LASF52
 775 038d 07       		.byte	0x7
 776 038e 56       		.byte	0x56
 777 038f 93030000 		.4byte	0x393
 778 0393 05       		.uleb128 0x5
 779 0394 C6030000 		.4byte	.LASF52
 780 0398 14       		.byte	0x14
 781 0399 07       		.byte	0x7
 782 039a 5D       		.byte	0x5d
 783 039b E6030000 		.4byte	0x3e6
 784 039f 06       		.uleb128 0x6
 785 03a0 5B010000 		.4byte	.LASF53
ARM GAS  /tmp/ccGsgwsg.s 			page 15


 786 03a4 07       		.byte	0x7
 787 03a5 5E       		.byte	0x5e
 788 03a6 E6030000 		.4byte	0x3e6
 789 03aa 02       		.byte	0x2
 790 03ab 23       		.byte	0x23
 791 03ac 00       		.uleb128 0
 792 03ad 06       		.uleb128 0x6
 793 03ae 31010000 		.4byte	.LASF54
 794 03b2 07       		.byte	0x7
 795 03b3 60       		.byte	0x60
 796 03b4 E6030000 		.4byte	0x3e6
 797 03b8 02       		.byte	0x2
 798 03b9 23       		.byte	0x23
 799 03ba 04       		.uleb128 0x4
 800 03bb 06       		.uleb128 0x6
 801 03bc 3B020000 		.4byte	.LASF55
 802 03c0 07       		.byte	0x7
 803 03c1 62       		.byte	0x62
 804 03c2 FA000000 		.4byte	0xfa
 805 03c6 02       		.byte	0x2
 806 03c7 23       		.byte	0x23
 807 03c8 08       		.uleb128 0x8
 808 03c9 06       		.uleb128 0x6
 809 03ca 4C020000 		.4byte	.LASF56
 810 03ce 07       		.byte	0x7
 811 03cf 63       		.byte	0x63
 812 03d0 6B030000 		.4byte	0x36b
 813 03d4 02       		.byte	0x2
 814 03d5 23       		.byte	0x23
 815 03d6 0C       		.uleb128 0xc
 816 03d7 06       		.uleb128 0x6
 817 03d8 31040000 		.4byte	.LASF57
 818 03dc 07       		.byte	0x7
 819 03dd 65       		.byte	0x65
 820 03de A6020000 		.4byte	0x2a6
 821 03e2 02       		.byte	0x2
 822 03e3 23       		.byte	0x23
 823 03e4 10       		.uleb128 0x10
 824 03e5 00       		.byte	0
 825 03e6 09       		.uleb128 0x9
 826 03e7 04       		.byte	0x4
 827 03e8 88030000 		.4byte	0x388
 828 03ec 08       		.uleb128 0x8
 829 03ed 10       		.byte	0x10
 830 03ee 07       		.byte	0x7
 831 03ef 6F       		.byte	0x6f
 832 03f0 2D040000 		.4byte	0x42d
 833 03f4 06       		.uleb128 0x6
 834 03f5 5B010000 		.4byte	.LASF53
 835 03f9 07       		.byte	0x7
 836 03fa 70       		.byte	0x70
 837 03fb E6030000 		.4byte	0x3e6
 838 03ff 02       		.byte	0x2
 839 0400 23       		.byte	0x23
 840 0401 00       		.uleb128 0
 841 0402 06       		.uleb128 0x6
 842 0403 31010000 		.4byte	.LASF54
ARM GAS  /tmp/ccGsgwsg.s 			page 16


 843 0407 07       		.byte	0x7
 844 0408 72       		.byte	0x72
 845 0409 E6030000 		.4byte	0x3e6
 846 040d 02       		.byte	0x2
 847 040e 23       		.byte	0x23
 848 040f 04       		.uleb128 0x4
 849 0410 06       		.uleb128 0x6
 850 0411 3B020000 		.4byte	.LASF55
 851 0415 07       		.byte	0x7
 852 0416 74       		.byte	0x74
 853 0417 FA000000 		.4byte	0xfa
 854 041b 02       		.byte	0x2
 855 041c 23       		.byte	0x23
 856 041d 08       		.uleb128 0x8
 857 041e 06       		.uleb128 0x6
 858 041f 8C040000 		.4byte	.LASF58
 859 0423 07       		.byte	0x7
 860 0424 75       		.byte	0x75
 861 0425 2D040000 		.4byte	0x42d
 862 0429 02       		.byte	0x2
 863 042a 23       		.byte	0x23
 864 042b 0C       		.uleb128 0xc
 865 042c 00       		.byte	0
 866 042d 0F       		.uleb128 0xf
 867 042e FA000000 		.4byte	0xfa
 868 0432 04       		.uleb128 0x4
 869 0433 A2040000 		.4byte	.LASF59
 870 0437 07       		.byte	0x7
 871 0438 76       		.byte	0x76
 872 0439 EC030000 		.4byte	0x3ec
 873 043d 08       		.uleb128 0x8
 874 043e 1C       		.byte	0x1c
 875 043f 08       		.byte	0x8
 876 0440 57       		.byte	0x57
 877 0441 9A040000 		.4byte	0x49a
 878 0445 06       		.uleb128 0x6
 879 0446 BE030000 		.4byte	.LASF60
 880 044a 08       		.byte	0x8
 881 044b 58       		.byte	0x58
 882 044c 6E020000 		.4byte	0x26e
 883 0450 02       		.byte	0x2
 884 0451 23       		.byte	0x23
 885 0452 00       		.uleb128 0
 886 0453 06       		.uleb128 0x6
 887 0454 5E030000 		.4byte	.LASF61
 888 0458 08       		.byte	0x8
 889 0459 59       		.byte	0x59
 890 045a D9000000 		.4byte	0xd9
 891 045e 02       		.byte	0x2
 892 045f 23       		.byte	0x23
 893 0460 08       		.uleb128 0x8
 894 0461 06       		.uleb128 0x6
 895 0462 B4020000 		.4byte	.LASF62
 896 0466 08       		.byte	0x8
 897 0467 5B       		.byte	0x5b
 898 0468 41030000 		.4byte	0x341
 899 046c 02       		.byte	0x2
ARM GAS  /tmp/ccGsgwsg.s 			page 17


 900 046d 23       		.byte	0x23
 901 046e 0C       		.uleb128 0xc
 902 046f 06       		.uleb128 0x6
 903 0470 20010000 		.4byte	.LASF63
 904 0474 08       		.byte	0x8
 905 0475 5E       		.byte	0x5e
 906 0476 68020000 		.4byte	0x268
 907 047a 02       		.byte	0x2
 908 047b 23       		.byte	0x23
 909 047c 10       		.uleb128 0x10
 910 047d 06       		.uleb128 0x6
 911 047e D9020000 		.4byte	.LASF64
 912 0482 08       		.byte	0x8
 913 0483 5F       		.byte	0x5f
 914 0484 68020000 		.4byte	0x268
 915 0488 02       		.byte	0x2
 916 0489 23       		.byte	0x23
 917 048a 14       		.uleb128 0x14
 918 048b 06       		.uleb128 0x6
 919 048c CF020000 		.4byte	.LASF65
 920 0490 08       		.byte	0x8
 921 0491 62       		.byte	0x62
 922 0492 68020000 		.4byte	0x268
 923 0496 02       		.byte	0x2
 924 0497 23       		.byte	0x23
 925 0498 18       		.uleb128 0x18
 926 0499 00       		.byte	0
 927 049a 04       		.uleb128 0x4
 928 049b 4A040000 		.4byte	.LASF66
 929 049f 08       		.byte	0x8
 930 04a0 64       		.byte	0x64
 931 04a1 3D040000 		.4byte	0x43d
 932 04a5 05       		.uleb128 0x5
 933 04a6 CD010000 		.4byte	.LASF67
 934 04aa 10       		.byte	0x10
 935 04ab 09       		.byte	0x9
 936 04ac 25       		.byte	0x25
 937 04ad DC040000 		.4byte	0x4dc
 938 04b1 06       		.uleb128 0x6
 939 04b2 D1000000 		.4byte	.LASF68
 940 04b6 09       		.byte	0x9
 941 04b7 26       		.byte	0x26
 942 04b8 6E020000 		.4byte	0x26e
 943 04bc 02       		.byte	0x2
 944 04bd 23       		.byte	0x23
 945 04be 00       		.uleb128 0
 946 04bf 06       		.uleb128 0x6
 947 04c0 A9040000 		.4byte	.LASF69
 948 04c4 09       		.byte	0x9
 949 04c5 28       		.byte	0x28
 950 04c6 68020000 		.4byte	0x268
 951 04ca 02       		.byte	0x2
 952 04cb 23       		.byte	0x23
 953 04cc 08       		.uleb128 0x8
 954 04cd 06       		.uleb128 0x6
 955 04ce F3030000 		.4byte	.LASF70
 956 04d2 09       		.byte	0x9
ARM GAS  /tmp/ccGsgwsg.s 			page 18


 957 04d3 2A       		.byte	0x2a
 958 04d4 DC040000 		.4byte	0x4dc
 959 04d8 02       		.byte	0x2
 960 04d9 23       		.byte	0x23
 961 04da 0C       		.uleb128 0xc
 962 04db 00       		.byte	0
 963 04dc 09       		.uleb128 0x9
 964 04dd 04       		.byte	0x4
 965 04de A5040000 		.4byte	0x4a5
 966 04e2 04       		.uleb128 0x4
 967 04e3 CD010000 		.4byte	.LASF67
 968 04e7 09       		.byte	0x9
 969 04e8 2C       		.byte	0x2c
 970 04e9 A5040000 		.4byte	0x4a5
 971 04ed 10       		.uleb128 0x10
 972 04ee 04       		.byte	0x4
 973 04ef 05       		.byte	0x5
 974 04f0 8F       		.byte	0x8f
 975 04f1 22050000 		.4byte	0x522
 976 04f5 11       		.uleb128 0x11
 977 04f6 1B000000 		.4byte	.LASF71
 978 04fa 05       		.byte	0x5
 979 04fb 96       		.byte	0x96
 980 04fc E4000000 		.4byte	0xe4
 981 0500 11       		.uleb128 0x11
 982 0501 6A000000 		.4byte	.LASF72
 983 0505 05       		.byte	0x5
 984 0506 9D       		.byte	0x9d
 985 0507 E4000000 		.4byte	0xe4
 986 050b 11       		.uleb128 0x11
 987 050c 7E040000 		.4byte	.LASF73
 988 0510 05       		.byte	0x5
 989 0511 A4       		.byte	0xa4
 990 0512 A6020000 		.4byte	0x2a6
 991 0516 11       		.uleb128 0x11
 992 0517 65030000 		.4byte	.LASF74
 993 051b 05       		.byte	0x5
 994 051c AB       		.byte	0xab
 995 051d EF000000 		.4byte	0xef
 996 0521 00       		.byte	0
 997 0522 09       		.uleb128 0x9
 998 0523 04       		.byte	0x4
 999 0524 28050000 		.4byte	0x528
 1000 0528 12       		.uleb128 0x12
 1001 0529 2D050000 		.4byte	0x52d
 1002 052d 03       		.uleb128 0x3
 1003 052e 01       		.byte	0x1
 1004 052f 08       		.byte	0x8
 1005 0530 D3030000 		.4byte	.LASF75
 1006 0534 09       		.uleb128 0x9
 1007 0535 04       		.byte	0x4
 1008 0536 A8020000 		.4byte	0x2a8
 1009 053a 09       		.uleb128 0x9
 1010 053b 04       		.byte	0x4
 1011 053c E2040000 		.4byte	0x4e2
 1012 0540 04       		.uleb128 0x4
 1013 0541 00000000 		.4byte	.LASF76
ARM GAS  /tmp/ccGsgwsg.s 			page 19


 1014 0545 05       		.byte	0x5
 1015 0546 DE       		.byte	0xde
 1016 0547 4B050000 		.4byte	0x54b
 1017 054b 09       		.uleb128 0x9
 1018 054c 04       		.byte	0x4
 1019 054d 51050000 		.4byte	0x551
 1020 0551 13       		.uleb128 0x13
 1021 0552 01       		.byte	0x1
 1022 0553 E4000000 		.4byte	0xe4
 1023 0557 61050000 		.4byte	0x561
 1024 055b 0E       		.uleb128 0xe
 1025 055c A6020000 		.4byte	0x2a6
 1026 0560 00       		.byte	0
 1027 0561 08       		.uleb128 0x8
 1028 0562 16       		.byte	0x16
 1029 0563 0A       		.byte	0xa
 1030 0564 25       		.byte	0x25
 1031 0565 66060000 		.4byte	0x666
 1032 0569 06       		.uleb128 0x6
 1033 056a 7E010000 		.4byte	.LASF77
 1034 056e 0A       		.byte	0xa
 1035 056f 26       		.byte	0x26
 1036 0570 66060000 		.4byte	0x666
 1037 0574 02       		.byte	0x2
 1038 0575 23       		.byte	0x23
 1039 0576 00       		.uleb128 0
 1040 0577 06       		.uleb128 0x6
 1041 0578 27020000 		.4byte	.LASF78
 1042 057c 0A       		.byte	0xa
 1043 057d 27       		.byte	0x27
 1044 057e 3E000000 		.4byte	0x3e
 1045 0582 02       		.byte	0x2
 1046 0583 23       		.byte	0x23
 1047 0584 04       		.uleb128 0x4
 1048 0585 06       		.uleb128 0x6
 1049 0586 C7020000 		.4byte	.LASF79
 1050 058a 0A       		.byte	0xa
 1051 058b 28       		.byte	0x28
 1052 058c 3E000000 		.4byte	0x3e
 1053 0590 02       		.byte	0x2
 1054 0591 23       		.byte	0x23
 1055 0592 05       		.uleb128 0x5
 1056 0593 06       		.uleb128 0x6
 1057 0594 97040000 		.4byte	.LASF80
 1058 0598 0A       		.byte	0xa
 1059 0599 29       		.byte	0x29
 1060 059a 57000000 		.4byte	0x57
 1061 059e 02       		.byte	0x2
 1062 059f 23       		.byte	0x23
 1063 05a0 06       		.uleb128 0x6
 1064 05a1 06       		.uleb128 0x6
 1065 05a2 F6020000 		.4byte	.LASF81
 1066 05a6 0A       		.byte	0xa
 1067 05a7 2A       		.byte	0x2a
 1068 05a8 3E000000 		.4byte	0x3e
 1069 05ac 02       		.byte	0x2
 1070 05ad 23       		.byte	0x23
ARM GAS  /tmp/ccGsgwsg.s 			page 20


 1071 05ae 08       		.uleb128 0x8
 1072 05af 06       		.uleb128 0x6
 1073 05b0 54020000 		.4byte	.LASF82
 1074 05b4 0A       		.byte	0xa
 1075 05b5 2B       		.byte	0x2b
 1076 05b6 3E000000 		.4byte	0x3e
 1077 05ba 02       		.byte	0x2
 1078 05bb 23       		.byte	0x23
 1079 05bc 09       		.uleb128 0x9
 1080 05bd 06       		.uleb128 0x6
 1081 05be 5C000000 		.4byte	.LASF83
 1082 05c2 0A       		.byte	0xa
 1083 05c3 2C       		.byte	0x2c
 1084 05c4 3E000000 		.4byte	0x3e
 1085 05c8 02       		.byte	0x2
 1086 05c9 23       		.byte	0x23
 1087 05ca 0A       		.uleb128 0xa
 1088 05cb 06       		.uleb128 0x6
 1089 05cc B2030000 		.4byte	.LASF84
 1090 05d0 0A       		.byte	0xa
 1091 05d1 2D       		.byte	0x2d
 1092 05d2 3E000000 		.4byte	0x3e
 1093 05d6 02       		.byte	0x2
 1094 05d7 23       		.byte	0x23
 1095 05d8 0B       		.uleb128 0xb
 1096 05d9 06       		.uleb128 0x6
 1097 05da 38040000 		.4byte	.LASF85
 1098 05de 0A       		.byte	0xa
 1099 05df 2E       		.byte	0x2e
 1100 05e0 3E000000 		.4byte	0x3e
 1101 05e4 02       		.byte	0x2
 1102 05e5 23       		.byte	0x23
 1103 05e6 0C       		.uleb128 0xc
 1104 05e7 06       		.uleb128 0x6
 1105 05e8 91030000 		.4byte	.LASF86
 1106 05ec 0A       		.byte	0xa
 1107 05ed 2F       		.byte	0x2f
 1108 05ee 3E000000 		.4byte	0x3e
 1109 05f2 02       		.byte	0x2
 1110 05f3 23       		.byte	0x23
 1111 05f4 0D       		.uleb128 0xd
 1112 05f5 06       		.uleb128 0x6
 1113 05f6 08000000 		.4byte	.LASF87
 1114 05fa 0A       		.byte	0xa
 1115 05fb 30       		.byte	0x30
 1116 05fc 3E000000 		.4byte	0x3e
 1117 0600 02       		.byte	0x2
 1118 0601 23       		.byte	0x23
 1119 0602 0E       		.uleb128 0xe
 1120 0603 06       		.uleb128 0x6
 1121 0604 60020000 		.4byte	.LASF88
 1122 0608 0A       		.byte	0xa
 1123 0609 31       		.byte	0x31
 1124 060a 3E000000 		.4byte	0x3e
 1125 060e 02       		.byte	0x2
 1126 060f 23       		.byte	0x23
 1127 0610 0F       		.uleb128 0xf
ARM GAS  /tmp/ccGsgwsg.s 			page 21


 1128 0611 06       		.uleb128 0x6
 1129 0612 AC000000 		.4byte	.LASF89
 1130 0616 0A       		.byte	0xa
 1131 0617 32       		.byte	0x32
 1132 0618 3E000000 		.4byte	0x3e
 1133 061c 02       		.byte	0x2
 1134 061d 23       		.byte	0x23
 1135 061e 10       		.uleb128 0x10
 1136 061f 06       		.uleb128 0x6
 1137 0620 85000000 		.4byte	.LASF90
 1138 0624 0A       		.byte	0xa
 1139 0625 34       		.byte	0x34
 1140 0626 3E000000 		.4byte	0x3e
 1141 062a 02       		.byte	0x2
 1142 062b 23       		.byte	0x23
 1143 062c 11       		.uleb128 0x11
 1144 062d 06       		.uleb128 0x6
 1145 062e BC000000 		.4byte	.LASF91
 1146 0632 0A       		.byte	0xa
 1147 0633 35       		.byte	0x35
 1148 0634 3E000000 		.4byte	0x3e
 1149 0638 02       		.byte	0x2
 1150 0639 23       		.byte	0x23
 1151 063a 12       		.uleb128 0x12
 1152 063b 06       		.uleb128 0x6
 1153 063c 2F020000 		.4byte	.LASF92
 1154 0640 0A       		.byte	0xa
 1155 0641 36       		.byte	0x36
 1156 0642 3E000000 		.4byte	0x3e
 1157 0646 02       		.byte	0x2
 1158 0647 23       		.byte	0x23
 1159 0648 13       		.uleb128 0x13
 1160 0649 06       		.uleb128 0x6
 1161 064a 73030000 		.4byte	.LASF93
 1162 064e 0A       		.byte	0xa
 1163 064f 37       		.byte	0x37
 1164 0650 3E000000 		.4byte	0x3e
 1165 0654 02       		.byte	0x2
 1166 0655 23       		.byte	0x23
 1167 0656 14       		.uleb128 0x14
 1168 0657 06       		.uleb128 0x6
 1169 0658 52030000 		.4byte	.LASF94
 1170 065c 0A       		.byte	0xa
 1171 065d 39       		.byte	0x39
 1172 065e 3E000000 		.4byte	0x3e
 1173 0662 02       		.byte	0x2
 1174 0663 23       		.byte	0x23
 1175 0664 15       		.uleb128 0x15
 1176 0665 00       		.byte	0
 1177 0666 14       		.uleb128 0x14
 1178 0667 2D050000 		.4byte	0x52d
 1179 066b 76060000 		.4byte	0x676
 1180 066f 15       		.uleb128 0x15
 1181 0670 64030000 		.4byte	0x364
 1182 0674 03       		.byte	0x3
 1183 0675 00       		.byte	0
 1184 0676 04       		.uleb128 0x4
ARM GAS  /tmp/ccGsgwsg.s 			page 22


 1185 0677 FE000000 		.4byte	.LASF95
 1186 067b 0A       		.byte	0xa
 1187 067c 3A       		.byte	0x3a
 1188 067d 61050000 		.4byte	0x561
 1189 0681 16       		.uleb128 0x16
 1190 0682 01       		.byte	0x1
 1191 0683 E1020000 		.4byte	.LASF96
 1192 0687 01       		.byte	0x1
 1193 0688 36       		.byte	0x36
 1194 0689 01       		.byte	0x1
 1195 068a 00000000 		.4byte	.LFB7
 1196 068e 1A000000 		.4byte	.LFE7
 1197 0692 00000000 		.4byte	.LLST0
 1198 0696 01       		.byte	0x1
 1199 0697 A8060000 		.4byte	0x6a8
 1200 069b 17       		.uleb128 0x17
 1201 069c 7000     		.ascii	"p\000"
 1202 069e 01       		.byte	0x1
 1203 069f 36       		.byte	0x36
 1204 06a0 A6020000 		.4byte	0x2a6
 1205 06a4 02       		.byte	0x2
 1206 06a5 91       		.byte	0x91
 1207 06a6 7C       		.sleb128 -4
 1208 06a7 00       		.byte	0
 1209 06a8 18       		.uleb128 0x18
 1210 06a9 01       		.byte	0x1
 1211 06aa 39010000 		.4byte	.LASF97
 1212 06ae 01       		.byte	0x1
 1213 06af 4D       		.byte	0x4d
 1214 06b0 01       		.byte	0x1
 1215 06b1 00000000 		.4byte	.LFB8
 1216 06b5 A6000000 		.4byte	.LFE8
 1217 06b9 20000000 		.4byte	.LLST1
 1218 06bd 01       		.byte	0x1
 1219 06be F8060000 		.4byte	0x6f8
 1220 06c2 19       		.uleb128 0x19
 1221 06c3 73000000 		.4byte	.LASF98
 1222 06c7 01       		.byte	0x1
 1223 06c8 4E       		.byte	0x4e
 1224 06c9 05010000 		.4byte	0x105
 1225 06cd 05       		.byte	0x5
 1226 06ce 03       		.byte	0x3
 1227 06cf 00000000 		.4byte	mainthread.4824
 1228 06d3 1A       		.uleb128 0x1a
 1229 06d4 D8030000 		.4byte	.LASF100
 1230 06d8 01       		.byte	0x1
 1231 06d9 50       		.byte	0x50
 1232 06da A8020000 		.4byte	0x2a8
 1233 06de 01       		.byte	0x1
 1234 06df 01       		.byte	0x1
 1235 06e0 1B       		.uleb128 0x1b
 1236 06e1 62000000 		.4byte	.LBB2
 1237 06e5 6C000000 		.4byte	.LBE2
 1238 06e9 1C       		.uleb128 0x1c
 1239 06ea 746D7000 		.ascii	"tmp\000"
 1240 06ee 01       		.byte	0x1
 1241 06ef 68       		.byte	0x68
ARM GAS  /tmp/ccGsgwsg.s 			page 23


 1242 06f0 7B000000 		.4byte	0x7b
 1243 06f4 01       		.byte	0x1
 1244 06f5 53       		.byte	0x53
 1245 06f6 00       		.byte	0
 1246 06f7 00       		.byte	0
 1247 06f8 18       		.uleb128 0x18
 1248 06f9 01       		.byte	0x1
 1249 06fa 32000000 		.4byte	.LASF99
 1250 06fe 01       		.byte	0x1
 1251 06ff 82       		.byte	0x82
 1252 0700 01       		.byte	0x1
 1253 0701 00000000 		.4byte	.LFB9
 1254 0705 EA000000 		.4byte	.LFE9
 1255 0709 4C000000 		.4byte	.LLST2
 1256 070d 01       		.byte	0x1
 1257 070e 74070000 		.4byte	0x774
 1258 0712 1B       		.uleb128 0x1b
 1259 0713 72000000 		.4byte	.LBB3
 1260 0717 E6000000 		.4byte	.LBE3
 1261 071b 1C       		.uleb128 0x1c
 1262 071c 76747000 		.ascii	"vtp\000"
 1263 0720 01       		.byte	0x1
 1264 0721 8F       		.byte	0x8f
 1265 0722 E6030000 		.4byte	0x3e6
 1266 0726 02       		.byte	0x2
 1267 0727 91       		.byte	0x91
 1268 0728 74       		.sleb128 -12
 1269 0729 1B       		.uleb128 0x1b
 1270 072a 86000000 		.4byte	.LBB4
 1271 072e D2000000 		.4byte	.LBE4
 1272 0732 1C       		.uleb128 0x1c
 1273 0733 666E00   		.ascii	"fn\000"
 1274 0736 01       		.byte	0x1
 1275 0737 8F       		.byte	0x8f
 1276 0738 6B030000 		.4byte	0x36b
 1277 073c 02       		.byte	0x2
 1278 073d 91       		.byte	0x91
 1279 073e 70       		.sleb128 -16
 1280 073f 1D       		.uleb128 0x1d
 1281 0740 B4000000 		.4byte	.LBB5
 1282 0744 BC000000 		.4byte	.LBE5
 1283 0748 5A070000 		.4byte	0x75a
 1284 074c 1C       		.uleb128 0x1c
 1285 074d 746D7000 		.ascii	"tmp\000"
 1286 0751 01       		.byte	0x1
 1287 0752 8F       		.byte	0x8f
 1288 0753 7B000000 		.4byte	0x7b
 1289 0757 01       		.byte	0x1
 1290 0758 53       		.byte	0x53
 1291 0759 00       		.byte	0
 1292 075a 1B       		.uleb128 0x1b
 1293 075b C6000000 		.4byte	.LBB6
 1294 075f CE000000 		.4byte	.LBE6
 1295 0763 1C       		.uleb128 0x1c
 1296 0764 746D7000 		.ascii	"tmp\000"
 1297 0768 01       		.byte	0x1
 1298 0769 8F       		.byte	0x8f
ARM GAS  /tmp/ccGsgwsg.s 			page 24


 1299 076a 7B000000 		.4byte	0x7b
 1300 076e 01       		.byte	0x1
 1301 076f 53       		.byte	0x53
 1302 0770 00       		.byte	0
 1303 0771 00       		.byte	0
 1304 0772 00       		.byte	0
 1305 0773 00       		.byte	0
 1306 0774 1A       		.uleb128 0x1a
 1307 0775 2B000000 		.4byte	.LASF101
 1308 0779 07       		.byte	0x7
 1309 077a D4       		.byte	0xd4
 1310 077b 32040000 		.4byte	0x432
 1311 077f 01       		.byte	0x1
 1312 0780 01       		.byte	0x1
 1313 0781 1A       		.uleb128 0x1a
 1314 0782 54040000 		.4byte	.LASF102
 1315 0786 08       		.byte	0x8
 1316 0787 68       		.byte	0x68
 1317 0788 9A040000 		.4byte	0x49a
 1318 078c 01       		.byte	0x1
 1319 078d 01       		.byte	0x1
 1320 078e 1A       		.uleb128 0x1a
 1321 078f 75010000 		.4byte	.LASF103
 1322 0793 0A       		.byte	0xa
 1323 0794 77       		.byte	0x77
 1324 0795 9B070000 		.4byte	0x79b
 1325 0799 01       		.byte	0x1
 1326 079a 01       		.byte	0x1
 1327 079b 12       		.uleb128 0x12
 1328 079c 76060000 		.4byte	0x676
 1329 07a0 14       		.uleb128 0x14
 1330 07a1 A8020000 		.4byte	0x2a8
 1331 07a5 B0070000 		.4byte	0x7b0
 1332 07a9 15       		.uleb128 0x15
 1333 07aa 64030000 		.4byte	0x364
 1334 07ae 17       		.byte	0x17
 1335 07af 00       		.byte	0
 1336 07b0 1E       		.uleb128 0x1e
 1337 07b1 10010000 		.4byte	.LASF104
 1338 07b5 01       		.byte	0x1
 1339 07b6 2A       		.byte	0x2a
 1340 07b7 A0070000 		.4byte	0x7a0
 1341 07bb 01       		.byte	0x1
 1342 07bc 05       		.byte	0x5
 1343 07bd 03       		.byte	0x3
 1344 07be 00000000 		.4byte	_idle_thread_wa
 1345 07c2 1A       		.uleb128 0x1a
 1346 07c3 D8030000 		.4byte	.LASF100
 1347 07c7 01       		.byte	0x1
 1348 07c8 50       		.byte	0x50
 1349 07c9 A8020000 		.4byte	0x2a8
 1350 07cd 01       		.byte	0x1
 1351 07ce 01       		.byte	0x1
 1352 07cf 00       		.byte	0
 1353              		.section	.debug_abbrev,"",%progbits
 1354              	.Ldebug_abbrev0:
 1355 0000 01       		.uleb128 0x1
ARM GAS  /tmp/ccGsgwsg.s 			page 25


 1356 0001 11       		.uleb128 0x11
 1357 0002 01       		.byte	0x1
 1358 0003 25       		.uleb128 0x25
 1359 0004 0E       		.uleb128 0xe
 1360 0005 13       		.uleb128 0x13
 1361 0006 0B       		.uleb128 0xb
 1362 0007 03       		.uleb128 0x3
 1363 0008 0E       		.uleb128 0xe
 1364 0009 1B       		.uleb128 0x1b
 1365 000a 0E       		.uleb128 0xe
 1366 000b 55       		.uleb128 0x55
 1367 000c 06       		.uleb128 0x6
 1368 000d 11       		.uleb128 0x11
 1369 000e 01       		.uleb128 0x1
 1370 000f 52       		.uleb128 0x52
 1371 0010 01       		.uleb128 0x1
 1372 0011 10       		.uleb128 0x10
 1373 0012 06       		.uleb128 0x6
 1374 0013 00       		.byte	0
 1375 0014 00       		.byte	0
 1376 0015 02       		.uleb128 0x2
 1377 0016 24       		.uleb128 0x24
 1378 0017 00       		.byte	0
 1379 0018 0B       		.uleb128 0xb
 1380 0019 0B       		.uleb128 0xb
 1381 001a 3E       		.uleb128 0x3e
 1382 001b 0B       		.uleb128 0xb
 1383 001c 03       		.uleb128 0x3
 1384 001d 08       		.uleb128 0x8
 1385 001e 00       		.byte	0
 1386 001f 00       		.byte	0
 1387 0020 03       		.uleb128 0x3
 1388 0021 24       		.uleb128 0x24
 1389 0022 00       		.byte	0
 1390 0023 0B       		.uleb128 0xb
 1391 0024 0B       		.uleb128 0xb
 1392 0025 3E       		.uleb128 0x3e
 1393 0026 0B       		.uleb128 0xb
 1394 0027 03       		.uleb128 0x3
 1395 0028 0E       		.uleb128 0xe
 1396 0029 00       		.byte	0
 1397 002a 00       		.byte	0
 1398 002b 04       		.uleb128 0x4
 1399 002c 16       		.uleb128 0x16
 1400 002d 00       		.byte	0
 1401 002e 03       		.uleb128 0x3
 1402 002f 0E       		.uleb128 0xe
 1403 0030 3A       		.uleb128 0x3a
 1404 0031 0B       		.uleb128 0xb
 1405 0032 3B       		.uleb128 0x3b
 1406 0033 0B       		.uleb128 0xb
 1407 0034 49       		.uleb128 0x49
 1408 0035 13       		.uleb128 0x13
 1409 0036 00       		.byte	0
 1410 0037 00       		.byte	0
 1411 0038 05       		.uleb128 0x5
 1412 0039 13       		.uleb128 0x13
ARM GAS  /tmp/ccGsgwsg.s 			page 26


 1413 003a 01       		.byte	0x1
 1414 003b 03       		.uleb128 0x3
 1415 003c 0E       		.uleb128 0xe
 1416 003d 0B       		.uleb128 0xb
 1417 003e 0B       		.uleb128 0xb
 1418 003f 3A       		.uleb128 0x3a
 1419 0040 0B       		.uleb128 0xb
 1420 0041 3B       		.uleb128 0x3b
 1421 0042 0B       		.uleb128 0xb
 1422 0043 01       		.uleb128 0x1
 1423 0044 13       		.uleb128 0x13
 1424 0045 00       		.byte	0
 1425 0046 00       		.byte	0
 1426 0047 06       		.uleb128 0x6
 1427 0048 0D       		.uleb128 0xd
 1428 0049 00       		.byte	0
 1429 004a 03       		.uleb128 0x3
 1430 004b 0E       		.uleb128 0xe
 1431 004c 3A       		.uleb128 0x3a
 1432 004d 0B       		.uleb128 0xb
 1433 004e 3B       		.uleb128 0x3b
 1434 004f 0B       		.uleb128 0xb
 1435 0050 49       		.uleb128 0x49
 1436 0051 13       		.uleb128 0x13
 1437 0052 38       		.uleb128 0x38
 1438 0053 0A       		.uleb128 0xa
 1439 0054 00       		.byte	0
 1440 0055 00       		.byte	0
 1441 0056 07       		.uleb128 0x7
 1442 0057 0D       		.uleb128 0xd
 1443 0058 00       		.byte	0
 1444 0059 03       		.uleb128 0x3
 1445 005a 08       		.uleb128 0x8
 1446 005b 3A       		.uleb128 0x3a
 1447 005c 0B       		.uleb128 0xb
 1448 005d 3B       		.uleb128 0x3b
 1449 005e 0B       		.uleb128 0xb
 1450 005f 49       		.uleb128 0x49
 1451 0060 13       		.uleb128 0x13
 1452 0061 38       		.uleb128 0x38
 1453 0062 0A       		.uleb128 0xa
 1454 0063 00       		.byte	0
 1455 0064 00       		.byte	0
 1456 0065 08       		.uleb128 0x8
 1457 0066 13       		.uleb128 0x13
 1458 0067 01       		.byte	0x1
 1459 0068 0B       		.uleb128 0xb
 1460 0069 0B       		.uleb128 0xb
 1461 006a 3A       		.uleb128 0x3a
 1462 006b 0B       		.uleb128 0xb
 1463 006c 3B       		.uleb128 0x3b
 1464 006d 0B       		.uleb128 0xb
 1465 006e 01       		.uleb128 0x1
 1466 006f 13       		.uleb128 0x13
 1467 0070 00       		.byte	0
 1468 0071 00       		.byte	0
 1469 0072 09       		.uleb128 0x9
ARM GAS  /tmp/ccGsgwsg.s 			page 27


 1470 0073 0F       		.uleb128 0xf
 1471 0074 00       		.byte	0
 1472 0075 0B       		.uleb128 0xb
 1473 0076 0B       		.uleb128 0xb
 1474 0077 49       		.uleb128 0x49
 1475 0078 13       		.uleb128 0x13
 1476 0079 00       		.byte	0
 1477 007a 00       		.byte	0
 1478 007b 0A       		.uleb128 0xa
 1479 007c 0F       		.uleb128 0xf
 1480 007d 00       		.byte	0
 1481 007e 0B       		.uleb128 0xb
 1482 007f 0B       		.uleb128 0xb
 1483 0080 00       		.byte	0
 1484 0081 00       		.byte	0
 1485 0082 0B       		.uleb128 0xb
 1486 0083 13       		.uleb128 0x13
 1487 0084 01       		.byte	0x1
 1488 0085 03       		.uleb128 0x3
 1489 0086 0E       		.uleb128 0xe
 1490 0087 0B       		.uleb128 0xb
 1491 0088 0B       		.uleb128 0xb
 1492 0089 3A       		.uleb128 0x3a
 1493 008a 0B       		.uleb128 0xb
 1494 008b 3B       		.uleb128 0x3b
 1495 008c 05       		.uleb128 0x5
 1496 008d 01       		.uleb128 0x1
 1497 008e 13       		.uleb128 0x13
 1498 008f 00       		.byte	0
 1499 0090 00       		.byte	0
 1500 0091 0C       		.uleb128 0xc
 1501 0092 0D       		.uleb128 0xd
 1502 0093 00       		.byte	0
 1503 0094 03       		.uleb128 0x3
 1504 0095 08       		.uleb128 0x8
 1505 0096 3A       		.uleb128 0x3a
 1506 0097 0B       		.uleb128 0xb
 1507 0098 3B       		.uleb128 0x3b
 1508 0099 05       		.uleb128 0x5
 1509 009a 49       		.uleb128 0x49
 1510 009b 13       		.uleb128 0x13
 1511 009c 38       		.uleb128 0x38
 1512 009d 0A       		.uleb128 0xa
 1513 009e 00       		.byte	0
 1514 009f 00       		.byte	0
 1515 00a0 0D       		.uleb128 0xd
 1516 00a1 15       		.uleb128 0x15
 1517 00a2 01       		.byte	0x1
 1518 00a3 27       		.uleb128 0x27
 1519 00a4 0C       		.uleb128 0xc
 1520 00a5 01       		.uleb128 0x1
 1521 00a6 13       		.uleb128 0x13
 1522 00a7 00       		.byte	0
 1523 00a8 00       		.byte	0
 1524 00a9 0E       		.uleb128 0xe
 1525 00aa 05       		.uleb128 0x5
 1526 00ab 00       		.byte	0
ARM GAS  /tmp/ccGsgwsg.s 			page 28


 1527 00ac 49       		.uleb128 0x49
 1528 00ad 13       		.uleb128 0x13
 1529 00ae 00       		.byte	0
 1530 00af 00       		.byte	0
 1531 00b0 0F       		.uleb128 0xf
 1532 00b1 35       		.uleb128 0x35
 1533 00b2 00       		.byte	0
 1534 00b3 49       		.uleb128 0x49
 1535 00b4 13       		.uleb128 0x13
 1536 00b5 00       		.byte	0
 1537 00b6 00       		.byte	0
 1538 00b7 10       		.uleb128 0x10
 1539 00b8 17       		.uleb128 0x17
 1540 00b9 01       		.byte	0x1
 1541 00ba 0B       		.uleb128 0xb
 1542 00bb 0B       		.uleb128 0xb
 1543 00bc 3A       		.uleb128 0x3a
 1544 00bd 0B       		.uleb128 0xb
 1545 00be 3B       		.uleb128 0x3b
 1546 00bf 0B       		.uleb128 0xb
 1547 00c0 01       		.uleb128 0x1
 1548 00c1 13       		.uleb128 0x13
 1549 00c2 00       		.byte	0
 1550 00c3 00       		.byte	0
 1551 00c4 11       		.uleb128 0x11
 1552 00c5 0D       		.uleb128 0xd
 1553 00c6 00       		.byte	0
 1554 00c7 03       		.uleb128 0x3
 1555 00c8 0E       		.uleb128 0xe
 1556 00c9 3A       		.uleb128 0x3a
 1557 00ca 0B       		.uleb128 0xb
 1558 00cb 3B       		.uleb128 0x3b
 1559 00cc 0B       		.uleb128 0xb
 1560 00cd 49       		.uleb128 0x49
 1561 00ce 13       		.uleb128 0x13
 1562 00cf 00       		.byte	0
 1563 00d0 00       		.byte	0
 1564 00d1 12       		.uleb128 0x12
 1565 00d2 26       		.uleb128 0x26
 1566 00d3 00       		.byte	0
 1567 00d4 49       		.uleb128 0x49
 1568 00d5 13       		.uleb128 0x13
 1569 00d6 00       		.byte	0
 1570 00d7 00       		.byte	0
 1571 00d8 13       		.uleb128 0x13
 1572 00d9 15       		.uleb128 0x15
 1573 00da 01       		.byte	0x1
 1574 00db 27       		.uleb128 0x27
 1575 00dc 0C       		.uleb128 0xc
 1576 00dd 49       		.uleb128 0x49
 1577 00de 13       		.uleb128 0x13
 1578 00df 01       		.uleb128 0x1
 1579 00e0 13       		.uleb128 0x13
 1580 00e1 00       		.byte	0
 1581 00e2 00       		.byte	0
 1582 00e3 14       		.uleb128 0x14
 1583 00e4 01       		.uleb128 0x1
ARM GAS  /tmp/ccGsgwsg.s 			page 29


 1584 00e5 01       		.byte	0x1
 1585 00e6 49       		.uleb128 0x49
 1586 00e7 13       		.uleb128 0x13
 1587 00e8 01       		.uleb128 0x1
 1588 00e9 13       		.uleb128 0x13
 1589 00ea 00       		.byte	0
 1590 00eb 00       		.byte	0
 1591 00ec 15       		.uleb128 0x15
 1592 00ed 21       		.uleb128 0x21
 1593 00ee 00       		.byte	0
 1594 00ef 49       		.uleb128 0x49
 1595 00f0 13       		.uleb128 0x13
 1596 00f1 2F       		.uleb128 0x2f
 1597 00f2 0B       		.uleb128 0xb
 1598 00f3 00       		.byte	0
 1599 00f4 00       		.byte	0
 1600 00f5 16       		.uleb128 0x16
 1601 00f6 2E       		.uleb128 0x2e
 1602 00f7 01       		.byte	0x1
 1603 00f8 3F       		.uleb128 0x3f
 1604 00f9 0C       		.uleb128 0xc
 1605 00fa 03       		.uleb128 0x3
 1606 00fb 0E       		.uleb128 0xe
 1607 00fc 3A       		.uleb128 0x3a
 1608 00fd 0B       		.uleb128 0xb
 1609 00fe 3B       		.uleb128 0x3b
 1610 00ff 0B       		.uleb128 0xb
 1611 0100 27       		.uleb128 0x27
 1612 0101 0C       		.uleb128 0xc
 1613 0102 11       		.uleb128 0x11
 1614 0103 01       		.uleb128 0x1
 1615 0104 12       		.uleb128 0x12
 1616 0105 01       		.uleb128 0x1
 1617 0106 40       		.uleb128 0x40
 1618 0107 06       		.uleb128 0x6
 1619 0108 9742     		.uleb128 0x2117
 1620 010a 0C       		.uleb128 0xc
 1621 010b 01       		.uleb128 0x1
 1622 010c 13       		.uleb128 0x13
 1623 010d 00       		.byte	0
 1624 010e 00       		.byte	0
 1625 010f 17       		.uleb128 0x17
 1626 0110 05       		.uleb128 0x5
 1627 0111 00       		.byte	0
 1628 0112 03       		.uleb128 0x3
 1629 0113 08       		.uleb128 0x8
 1630 0114 3A       		.uleb128 0x3a
 1631 0115 0B       		.uleb128 0xb
 1632 0116 3B       		.uleb128 0x3b
 1633 0117 0B       		.uleb128 0xb
 1634 0118 49       		.uleb128 0x49
 1635 0119 13       		.uleb128 0x13
 1636 011a 02       		.uleb128 0x2
 1637 011b 0A       		.uleb128 0xa
 1638 011c 00       		.byte	0
 1639 011d 00       		.byte	0
 1640 011e 18       		.uleb128 0x18
ARM GAS  /tmp/ccGsgwsg.s 			page 30


 1641 011f 2E       		.uleb128 0x2e
 1642 0120 01       		.byte	0x1
 1643 0121 3F       		.uleb128 0x3f
 1644 0122 0C       		.uleb128 0xc
 1645 0123 03       		.uleb128 0x3
 1646 0124 0E       		.uleb128 0xe
 1647 0125 3A       		.uleb128 0x3a
 1648 0126 0B       		.uleb128 0xb
 1649 0127 3B       		.uleb128 0x3b
 1650 0128 0B       		.uleb128 0xb
 1651 0129 27       		.uleb128 0x27
 1652 012a 0C       		.uleb128 0xc
 1653 012b 11       		.uleb128 0x11
 1654 012c 01       		.uleb128 0x1
 1655 012d 12       		.uleb128 0x12
 1656 012e 01       		.uleb128 0x1
 1657 012f 40       		.uleb128 0x40
 1658 0130 06       		.uleb128 0x6
 1659 0131 9642     		.uleb128 0x2116
 1660 0133 0C       		.uleb128 0xc
 1661 0134 01       		.uleb128 0x1
 1662 0135 13       		.uleb128 0x13
 1663 0136 00       		.byte	0
 1664 0137 00       		.byte	0
 1665 0138 19       		.uleb128 0x19
 1666 0139 34       		.uleb128 0x34
 1667 013a 00       		.byte	0
 1668 013b 03       		.uleb128 0x3
 1669 013c 0E       		.uleb128 0xe
 1670 013d 3A       		.uleb128 0x3a
 1671 013e 0B       		.uleb128 0xb
 1672 013f 3B       		.uleb128 0x3b
 1673 0140 0B       		.uleb128 0xb
 1674 0141 49       		.uleb128 0x49
 1675 0142 13       		.uleb128 0x13
 1676 0143 02       		.uleb128 0x2
 1677 0144 0A       		.uleb128 0xa
 1678 0145 00       		.byte	0
 1679 0146 00       		.byte	0
 1680 0147 1A       		.uleb128 0x1a
 1681 0148 34       		.uleb128 0x34
 1682 0149 00       		.byte	0
 1683 014a 03       		.uleb128 0x3
 1684 014b 0E       		.uleb128 0xe
 1685 014c 3A       		.uleb128 0x3a
 1686 014d 0B       		.uleb128 0xb
 1687 014e 3B       		.uleb128 0x3b
 1688 014f 0B       		.uleb128 0xb
 1689 0150 49       		.uleb128 0x49
 1690 0151 13       		.uleb128 0x13
 1691 0152 3F       		.uleb128 0x3f
 1692 0153 0C       		.uleb128 0xc
 1693 0154 3C       		.uleb128 0x3c
 1694 0155 0C       		.uleb128 0xc
 1695 0156 00       		.byte	0
 1696 0157 00       		.byte	0
 1697 0158 1B       		.uleb128 0x1b
ARM GAS  /tmp/ccGsgwsg.s 			page 31


 1698 0159 0B       		.uleb128 0xb
 1699 015a 01       		.byte	0x1
 1700 015b 11       		.uleb128 0x11
 1701 015c 01       		.uleb128 0x1
 1702 015d 12       		.uleb128 0x12
 1703 015e 01       		.uleb128 0x1
 1704 015f 00       		.byte	0
 1705 0160 00       		.byte	0
 1706 0161 1C       		.uleb128 0x1c
 1707 0162 34       		.uleb128 0x34
 1708 0163 00       		.byte	0
 1709 0164 03       		.uleb128 0x3
 1710 0165 08       		.uleb128 0x8
 1711 0166 3A       		.uleb128 0x3a
 1712 0167 0B       		.uleb128 0xb
 1713 0168 3B       		.uleb128 0x3b
 1714 0169 0B       		.uleb128 0xb
 1715 016a 49       		.uleb128 0x49
 1716 016b 13       		.uleb128 0x13
 1717 016c 02       		.uleb128 0x2
 1718 016d 0A       		.uleb128 0xa
 1719 016e 00       		.byte	0
 1720 016f 00       		.byte	0
 1721 0170 1D       		.uleb128 0x1d
 1722 0171 0B       		.uleb128 0xb
 1723 0172 01       		.byte	0x1
 1724 0173 11       		.uleb128 0x11
 1725 0174 01       		.uleb128 0x1
 1726 0175 12       		.uleb128 0x12
 1727 0176 01       		.uleb128 0x1
 1728 0177 01       		.uleb128 0x1
 1729 0178 13       		.uleb128 0x13
 1730 0179 00       		.byte	0
 1731 017a 00       		.byte	0
 1732 017b 1E       		.uleb128 0x1e
 1733 017c 34       		.uleb128 0x34
 1734 017d 00       		.byte	0
 1735 017e 03       		.uleb128 0x3
 1736 017f 0E       		.uleb128 0xe
 1737 0180 3A       		.uleb128 0x3a
 1738 0181 0B       		.uleb128 0xb
 1739 0182 3B       		.uleb128 0x3b
 1740 0183 0B       		.uleb128 0xb
 1741 0184 49       		.uleb128 0x49
 1742 0185 13       		.uleb128 0x13
 1743 0186 3F       		.uleb128 0x3f
 1744 0187 0C       		.uleb128 0xc
 1745 0188 02       		.uleb128 0x2
 1746 0189 0A       		.uleb128 0xa
 1747 018a 00       		.byte	0
 1748 018b 00       		.byte	0
 1749 018c 00       		.byte	0
 1750              		.section	.debug_loc,"",%progbits
 1751              	.Ldebug_loc0:
 1752              	.LLST0:
 1753 0000 00000000 		.4byte	.LFB7
 1754 0004 02000000 		.4byte	.LCFI0
ARM GAS  /tmp/ccGsgwsg.s 			page 32


 1755 0008 0200     		.2byte	0x2
 1756 000a 7D       		.byte	0x7d
 1757 000b 00       		.sleb128 0
 1758 000c 02000000 		.4byte	.LCFI0
 1759 0010 1A000000 		.4byte	.LFE7
 1760 0014 0200     		.2byte	0x2
 1761 0016 7D       		.byte	0x7d
 1762 0017 08       		.sleb128 8
 1763 0018 00000000 		.4byte	0
 1764 001c 00000000 		.4byte	0
 1765              	.LLST1:
 1766 0020 00000000 		.4byte	.LFB8
 1767 0024 02000000 		.4byte	.LCFI1
 1768 0028 0200     		.2byte	0x2
 1769 002a 7D       		.byte	0x7d
 1770 002b 00       		.sleb128 0
 1771 002c 02000000 		.4byte	.LCFI1
 1772 0030 04000000 		.4byte	.LCFI2
 1773 0034 0200     		.2byte	0x2
 1774 0036 7D       		.byte	0x7d
 1775 0037 04       		.sleb128 4
 1776 0038 04000000 		.4byte	.LCFI2
 1777 003c A6000000 		.4byte	.LFE8
 1778 0040 0200     		.2byte	0x2
 1779 0042 7D       		.byte	0x7d
 1780 0043 10       		.sleb128 16
 1781 0044 00000000 		.4byte	0
 1782 0048 00000000 		.4byte	0
 1783              	.LLST2:
 1784 004c 00000000 		.4byte	.LFB9
 1785 0050 02000000 		.4byte	.LCFI3
 1786 0054 0200     		.2byte	0x2
 1787 0056 7D       		.byte	0x7d
 1788 0057 00       		.sleb128 0
 1789 0058 02000000 		.4byte	.LCFI3
 1790 005c 04000000 		.4byte	.LCFI4
 1791 0060 0200     		.2byte	0x2
 1792 0062 7D       		.byte	0x7d
 1793 0063 04       		.sleb128 4
 1794 0064 04000000 		.4byte	.LCFI4
 1795 0068 EA000000 		.4byte	.LFE9
 1796 006c 0200     		.2byte	0x2
 1797 006e 7D       		.byte	0x7d
 1798 006f 10       		.sleb128 16
 1799 0070 00000000 		.4byte	0
 1800 0074 00000000 		.4byte	0
 1801              		.section	.debug_aranges,"",%progbits
 1802 0000 2C000000 		.4byte	0x2c
 1803 0004 0200     		.2byte	0x2
 1804 0006 00000000 		.4byte	.Ldebug_info0
 1805 000a 04       		.byte	0x4
 1806 000b 00       		.byte	0
 1807 000c 0000     		.2byte	0
 1808 000e 0000     		.2byte	0
 1809 0010 00000000 		.4byte	.LFB7
 1810 0014 1A000000 		.4byte	.LFE7-.LFB7
 1811 0018 00000000 		.4byte	.LFB8
ARM GAS  /tmp/ccGsgwsg.s 			page 33


 1812 001c A6000000 		.4byte	.LFE8-.LFB8
 1813 0020 00000000 		.4byte	.LFB9
 1814 0024 EA000000 		.4byte	.LFE9-.LFB9
 1815 0028 00000000 		.4byte	0
 1816 002c 00000000 		.4byte	0
 1817              		.section	.debug_ranges,"",%progbits
 1818              	.Ldebug_ranges0:
 1819 0000 00000000 		.4byte	.LFB7
 1820 0004 1A000000 		.4byte	.LFE7
 1821 0008 00000000 		.4byte	.LFB8
 1822 000c A6000000 		.4byte	.LFE8
 1823 0010 00000000 		.4byte	.LFB9
 1824 0014 EA000000 		.4byte	.LFE9
 1825 0018 00000000 		.4byte	0
 1826 001c 00000000 		.4byte	0
 1827              		.section	.debug_line,"",%progbits
 1828              	.Ldebug_line0:
 1829 0000 87010000 		.section	.debug_str,"MS",%progbits,1
 1829      02002401 
 1829      00000201 
 1829      FB0E0D00 
 1829      01010101 
 1830              	.LASF76:
 1831 0000 7466756E 		.ascii	"tfunc_t\000"
 1831      635F7400 
 1832              	.LASF87:
 1833 0008 63665F6F 		.ascii	"cf_off_older\000"
 1833      66665F6F 
 1833      6C646572 
 1833      00
 1834              	.LASF39:
 1835 0015 705F6D73 		.ascii	"p_msg\000"
 1835      6700
 1836              	.LASF71:
 1837 001b 7264796D 		.ascii	"rdymsg\000"
 1837      736700
 1838              	.LASF12:
 1839 0022 75696E74 		.ascii	"uint64_t\000"
 1839      36345F74 
 1839      00
 1840              	.LASF101:
 1841 002b 76746C69 		.ascii	"vtlist\000"
 1841      737400
 1842              	.LASF99:
 1843 0032 63685379 		.ascii	"chSysTimerHandlerI\000"
 1843      7354696D 
 1843      65724861 
 1843      6E646C65 
 1843      724900
 1844              	.LASF13:
 1845 0045 6C6F6E67 		.ascii	"long long unsigned int\000"
 1845      206C6F6E 
 1845      6720756E 
 1845      7369676E 
 1845      65642069 
 1846              	.LASF83:
 1847 005c 63685F74 		.ascii	"ch_threadsize\000"
ARM GAS  /tmp/ccGsgwsg.s 			page 34


 1847      68726561 
 1847      6473697A 
 1847      6500
 1848              	.LASF72:
 1849 006a 65786974 		.ascii	"exitcode\000"
 1849      636F6465 
 1849      00
 1850              	.LASF98:
 1851 0073 6D61696E 		.ascii	"mainthread\000"
 1851      74687265 
 1851      616400
 1852              	.LASF26:
 1853 007e 705F7072 		.ascii	"p_prio\000"
 1853      696F00
 1854              	.LASF90:
 1855 0085 63665F6F 		.ascii	"cf_off_state\000"
 1855      66665F73 
 1855      74617465 
 1855      00
 1856              	.LASF11:
 1857 0092 6C6F6E67 		.ascii	"long long int\000"
 1857      206C6F6E 
 1857      6720696E 
 1857      7400
 1858              	.LASF1:
 1859 00a0 7369676E 		.ascii	"signed char\000"
 1859      65642063 
 1859      68617200 
 1860              	.LASF89:
 1861 00ac 63665F6F 		.ascii	"cf_off_stklimit\000"
 1861      66665F73 
 1861      746B6C69 
 1861      6D697400 
 1862              	.LASF91:
 1863 00bc 63665F6F 		.ascii	"cf_off_flags\000"
 1863      66665F66 
 1863      6C616773 
 1863      00
 1864              	.LASF43:
 1865 00c9 705F6D70 		.ascii	"p_mpool\000"
 1865      6F6F6C00 
 1866              	.LASF68:
 1867 00d1 6D5F7175 		.ascii	"m_queue\000"
 1867      65756500 
 1868              	.LASF18:
 1869 00d9 74736C69 		.ascii	"tslices_t\000"
 1869      6365735F 
 1869      7400
 1870              	.LASF8:
 1871 00e3 6C6F6E67 		.ascii	"long int\000"
 1871      20696E74 
 1871      00
 1872              	.LASF16:
 1873 00ec 74737461 		.ascii	"tstate_t\000"
 1873      74655F74 
 1873      00
 1874              	.LASF5:
ARM GAS  /tmp/ccGsgwsg.s 			page 35


 1875 00f5 75696E74 		.ascii	"uint16_t\000"
 1875      31365F74 
 1875      00
 1876              	.LASF95:
 1877 00fe 63686465 		.ascii	"chdebug_t\000"
 1877      6275675F 
 1877      7400
 1878              	.LASF28:
 1879 0108 705F6E65 		.ascii	"p_newer\000"
 1879      77657200 
 1880              	.LASF104:
 1881 0110 5F69646C 		.ascii	"_idle_thread_wa\000"
 1881      655F7468 
 1881      72656164 
 1881      5F776100 
 1882              	.LASF63:
 1883 0120 725F6E65 		.ascii	"r_newer\000"
 1883      77657200 
 1884              	.LASF46:
 1885 0128 72656761 		.ascii	"regarm_t\000"
 1885      726D5F74 
 1885      00
 1886              	.LASF54:
 1887 0131 76745F70 		.ascii	"vt_prev\000"
 1887      72657600 
 1888              	.LASF97:
 1889 0139 63685379 		.ascii	"chSysInit\000"
 1889      73496E69 
 1889      7400
 1890              	.LASF31:
 1891 0143 705F7374 		.ascii	"p_stklimit\000"
 1891      6B6C696D 
 1891      697400
 1892              	.LASF0:
 1893 014e 756E7369 		.ascii	"unsigned int\000"
 1893      676E6564 
 1893      20696E74 
 1893      00
 1894              	.LASF53:
 1895 015b 76745F6E 		.ascii	"vt_next\000"
 1895      65787400 
 1896              	.LASF10:
 1897 0163 6C6F6E67 		.ascii	"long unsigned int\000"
 1897      20756E73 
 1897      69676E65 
 1897      6420696E 
 1897      7400
 1898              	.LASF103:
 1899 0175 63685F64 		.ascii	"ch_debug\000"
 1899      65627567 
 1899      00
 1900              	.LASF77:
 1901 017e 63685F69 		.ascii	"ch_identifier\000"
 1901      64656E74 
 1901      69666965 
 1901      7200
 1902              	.LASF49:
ARM GAS  /tmp/ccGsgwsg.s 			page 36


 1903 018c 636F6E74 		.ascii	"context\000"
 1903      65787400 
 1904              	.LASF6:
 1905 0194 73686F72 		.ascii	"short unsigned int\000"
 1905      7420756E 
 1905      7369676E 
 1905      65642069 
 1905      6E7400
 1906              	.LASF20:
 1907 01a7 6D73675F 		.ascii	"msg_t\000"
 1907      7400
 1908              	.LASF15:
 1909 01ad 746D6F64 		.ascii	"tmode_t\000"
 1909      655F7400 
 1910              	.LASF45:
 1911 01b5 54687265 		.ascii	"ThreadsList\000"
 1911      6164734C 
 1911      69737400 
 1912              	.LASF21:
 1913 01c1 6576656E 		.ascii	"eventmask_t\000"
 1913      746D6173 
 1913      6B5F7400 
 1914              	.LASF67:
 1915 01cd 4D757465 		.ascii	"Mutex\000"
 1915      7800
 1916              	.LASF105:
 1917 01d3 474E5520 		.ascii	"GNU C 4.7.4 20130613 (release) [ARM/embedded-4_7-br"
 1917      4320342E 
 1917      372E3420 
 1917      32303133 
 1917      30363133 
 1918 0206 616E6368 		.ascii	"anch revision 200083]\000"
 1918      20726576 
 1918      6973696F 
 1918      6E203230 
 1918      30303833 
 1919              	.LASF47:
 1920 021c 73746B61 		.ascii	"stkalign_t\000"
 1920      6C69676E 
 1920      5F7400
 1921              	.LASF78:
 1922 0227 63685F7A 		.ascii	"ch_zero\000"
 1922      65726F00 
 1923              	.LASF92:
 1924 022f 63665F6F 		.ascii	"cf_off_refs\000"
 1924      66665F72 
 1924      65667300 
 1925              	.LASF55:
 1926 023b 76745F74 		.ascii	"vt_time\000"
 1926      696D6500 
 1927              	.LASF50:
 1928 0243 73697A65 		.ascii	"sizetype\000"
 1928      74797065 
 1928      00
 1929              	.LASF56:
 1930 024c 76745F66 		.ascii	"vt_func\000"
 1930      756E6300 
ARM GAS  /tmp/ccGsgwsg.s 			page 37


 1931              	.LASF82:
 1932 0254 63685F74 		.ascii	"ch_timesize\000"
 1932      696D6573 
 1932      697A6500 
 1933              	.LASF88:
 1934 0260 63665F6F 		.ascii	"cf_off_name\000"
 1934      66665F6E 
 1934      616D6500 
 1935              	.LASF29:
 1936 026c 705F6F6C 		.ascii	"p_older\000"
 1936      64657200 
 1937              	.LASF107:
 1938 0274 2F686F6D 		.ascii	"/home/witold/Dokumenty/arm/ChibiOS-master/demos/dis"
 1938      652F7769 
 1938      746F6C64 
 1938      2F446F6B 
 1938      756D656E 
 1939 02a7 636F7665 		.ascii	"covery_1wire\000"
 1939      72795F31 
 1939      77697265 
 1939      00
 1940              	.LASF62:
 1941 02b4 725F6374 		.ascii	"r_ctx\000"
 1941      7800
 1942              	.LASF44:
 1943 02ba 54687265 		.ascii	"ThreadsQueue\000"
 1943      61647351 
 1943      75657565 
 1943      00
 1944              	.LASF79:
 1945 02c7 63685F73 		.ascii	"ch_size\000"
 1945      697A6500 
 1946              	.LASF65:
 1947 02cf 725F6375 		.ascii	"r_current\000"
 1947      7272656E 
 1947      7400
 1948              	.LASF64:
 1949 02d9 725F6F6C 		.ascii	"r_older\000"
 1949      64657200 
 1950              	.LASF96:
 1951 02e1 5F69646C 		.ascii	"_idle_thread\000"
 1951      655F7468 
 1951      72656164 
 1951      00
 1952              	.LASF17:
 1953 02ee 74726566 		.ascii	"trefs_t\000"
 1953      735F7400 
 1954              	.LASF81:
 1955 02f6 63685F70 		.ascii	"ch_ptrsize\000"
 1955      74727369 
 1955      7A6500
 1956              	.LASF25:
 1957 0301 705F7072 		.ascii	"p_prev\000"
 1957      657600
 1958              	.LASF19:
 1959 0308 74707269 		.ascii	"tprio_t\000"
 1959      6F5F7400 
ARM GAS  /tmp/ccGsgwsg.s 			page 38


 1960              	.LASF14:
 1961 0310 5F426F6F 		.ascii	"_Bool\000"
 1961      6C00
 1962              	.LASF7:
 1963 0316 696E7433 		.ascii	"int32_t\000"
 1963      325F7400 
 1964              	.LASF2:
 1965 031e 756E7369 		.ascii	"unsigned char\000"
 1965      676E6564 
 1965      20636861 
 1965      7200
 1966              	.LASF41:
 1967 032c 705F6D74 		.ascii	"p_mtxlist\000"
 1967      786C6973 
 1967      7400
 1968              	.LASF3:
 1969 0336 73686F72 		.ascii	"short int\000"
 1969      7420696E 
 1969      7400
 1970              	.LASF32:
 1971 0340 705F7374 		.ascii	"p_state\000"
 1971      61746500 
 1972              	.LASF35:
 1973 0348 705F7072 		.ascii	"p_preempt\000"
 1973      65656D70 
 1973      7400
 1974              	.LASF94:
 1975 0352 63665F6F 		.ascii	"cf_off_time\000"
 1975      66665F74 
 1975      696D6500 
 1976              	.LASF61:
 1977 035e 725F7072 		.ascii	"r_prio\000"
 1977      696F00
 1978              	.LASF74:
 1979 0365 65776D61 		.ascii	"ewmask\000"
 1979      736B00
 1980              	.LASF24:
 1981 036c 705F6E65 		.ascii	"p_next\000"
 1981      787400
 1982              	.LASF93:
 1983 0373 63665F6F 		.ascii	"cf_off_preempt\000"
 1983      66665F70 
 1983      7265656D 
 1983      707400
 1984              	.LASF33:
 1985 0382 705F666C 		.ascii	"p_flags\000"
 1985      61677300 
 1986              	.LASF23:
 1987 038a 54687265 		.ascii	"Thread\000"
 1987      616400
 1988              	.LASF86:
 1989 0391 63665F6F 		.ascii	"cf_off_newer\000"
 1989      66665F6E 
 1989      65776572 
 1989      00
 1990              	.LASF40:
 1991 039e 705F6570 		.ascii	"p_epending\000"
ARM GAS  /tmp/ccGsgwsg.s 			page 39


 1991      656E6469 
 1991      6E6700
 1992              	.LASF9:
 1993 03a9 75696E74 		.ascii	"uint32_t\000"
 1993      33325F74 
 1993      00
 1994              	.LASF84:
 1995 03b2 63665F6F 		.ascii	"cf_off_prio\000"
 1995      66665F70 
 1995      72696F00 
 1996              	.LASF60:
 1997 03be 725F7175 		.ascii	"r_queue\000"
 1997      65756500 
 1998              	.LASF52:
 1999 03c6 56697274 		.ascii	"VirtualTimer\000"
 1999      75616C54 
 1999      696D6572 
 1999      00
 2000              	.LASF75:
 2001 03d3 63686172 		.ascii	"char\000"
 2001      00
 2002              	.LASF100:
 2003 03d8 5F5F6D61 		.ascii	"__main_thread_stack_base__\000"
 2003      696E5F74 
 2003      68726561 
 2003      645F7374 
 2003      61636B5F 
 2004              	.LASF70:
 2005 03f3 6D5F6E65 		.ascii	"m_next\000"
 2005      787400
 2006              	.LASF22:
 2007 03fa 73797374 		.ascii	"systime_t\000"
 2007      696D655F 
 2007      7400
 2008              	.LASF42:
 2009 0404 705F7265 		.ascii	"p_realprio\000"
 2009      616C7072 
 2009      696F00
 2010              	.LASF51:
 2011 040f 76746675 		.ascii	"vtfunc_t\000"
 2011      6E635F74 
 2011      00
 2012              	.LASF36:
 2013 0418 705F7469 		.ascii	"p_time\000"
 2013      6D6500
 2014              	.LASF48:
 2015 041f 696E7463 		.ascii	"intctx\000"
 2015      747800
 2016              	.LASF38:
 2017 0426 705F6D73 		.ascii	"p_msgqueue\000"
 2017      67717565 
 2017      756500
 2018              	.LASF57:
 2019 0431 76745F70 		.ascii	"vt_par\000"
 2019      617200
 2020              	.LASF85:
 2021 0438 63665F6F 		.ascii	"cf_off_ctx\000"
ARM GAS  /tmp/ccGsgwsg.s 			page 40


 2021      66665F63 
 2021      747800
 2022              	.LASF34:
 2023 0443 705F7265 		.ascii	"p_refs\000"
 2023      667300
 2024              	.LASF66:
 2025 044a 52656164 		.ascii	"ReadyList\000"
 2025      794C6973 
 2025      7400
 2026              	.LASF102:
 2027 0454 726C6973 		.ascii	"rlist\000"
 2027      7400
 2028              	.LASF106:
 2029 045a 2E2E2F2E 		.ascii	"../../os/kernel/src/chsys.c\000"
 2029      2E2F6F73 
 2029      2F6B6572 
 2029      6E656C2F 
 2029      7372632F 
 2030              	.LASF4:
 2031 0476 75696E74 		.ascii	"uint8_t\000"
 2031      385F7400 
 2032              	.LASF73:
 2033 047e 77746F62 		.ascii	"wtobjp\000"
 2033      6A7000
 2034              	.LASF30:
 2035 0485 705F6E61 		.ascii	"p_name\000"
 2035      6D6500
 2036              	.LASF58:
 2037 048c 76745F73 		.ascii	"vt_systime\000"
 2037      79737469 
 2037      6D6500
 2038              	.LASF80:
 2039 0497 63685F76 		.ascii	"ch_version\000"
 2039      65727369 
 2039      6F6E00
 2040              	.LASF59:
 2041 04a2 56544C69 		.ascii	"VTList\000"
 2041      737400
 2042              	.LASF69:
 2043 04a9 6D5F6F77 		.ascii	"m_owner\000"
 2043      6E657200 
 2044              	.LASF27:
 2045 04b1 705F6374 		.ascii	"p_ctx\000"
 2045      7800
 2046              	.LASF37:
 2047 04b7 705F7761 		.ascii	"p_waiting\000"
 2047      6974696E 
 2047      6700
 2048              		.ident	"GCC: (GNU Tools for ARM Embedded Processors) 4.7.4 20130613 (release) [ARM/embedded-4_7-br
ARM GAS  /tmp/ccGsgwsg.s 			page 41


DEFINED SYMBOLS
                            *ABS*:00000000 chsys.c
     /tmp/ccGsgwsg.s:23     .bss._idle_thread_wa:00000000 _idle_thread_wa
     /tmp/ccGsgwsg.s:20     .bss._idle_thread_wa:00000000 $d
     /tmp/ccGsgwsg.s:26     .rodata:00000000 $d
     /tmp/ccGsgwsg.s:27     .rodata:00000000 .LC0
     /tmp/ccGsgwsg.s:30     .text._idle_thread:00000000 $t
     /tmp/ccGsgwsg.s:36     .text._idle_thread:00000000 _idle_thread
     /tmp/ccGsgwsg.s:62     .text.chSysInit:00000000 $t
     /tmp/ccGsgwsg.s:68     .text.chSysInit:00000000 chSysInit
     /tmp/ccGsgwsg.s:280    .bss.mainthread.4824:00000000 mainthread.4824
     /tmp/ccGsgwsg.s:149    .text.chSysTimerHandlerI:00000000 $t
     /tmp/ccGsgwsg.s:155    .text.chSysTimerHandlerI:00000000 chSysTimerHandlerI
     /tmp/ccGsgwsg.s:277    .bss.mainthread.4824:00000000 $d
                     .debug_frame:00000010 $d

UNDEFINED SYMBOLS
rlist
_port_init
_scheduler_init
_vt_init
_core_init
_heap_init
_trace_init
_thread_init
__main_thread_stack_base__
dbg_check_enable
ch_debug
chThdCreateStatic
chDbgCheckClassI
vtlist
dbg_check_unlock_from_isr
dbg_check_lock_from_isr
