ARM GAS  /tmp/cc7iEsWa.s 			page 1


   1              		.syntax unified
   2              		.cpu cortex-m4
   3              		.eabi_attribute 27, 3
   4              		.eabi_attribute 28, 1
   5              		.fpu fpv4-sp-d16
   6              		.eabi_attribute 20, 1
   7              		.eabi_attribute 21, 1
   8              		.eabi_attribute 23, 3
   9              		.eabi_attribute 24, 1
  10              		.eabi_attribute 25, 1
  11              		.eabi_attribute 26, 1
  12              		.eabi_attribute 30, 2
  13              		.eabi_attribute 34, 1
  14              		.eabi_attribute 18, 4
  15              		.thumb
  16              		.file	"chmempools.c"
  17              		.text
  18              	.Ltext0:
  19              		.cfi_sections	.debug_frame
  20              		.section	.text.chPoolInit,"ax",%progbits
  21              		.align	2
  22              		.p2align 4,,15
  23              		.global	chPoolInit
  24              		.thumb
  25              		.thumb_func
  26              		.type	chPoolInit, %function
  27              	chPoolInit:
  28              	.LFB7:
  29              		.file 1 "../../os/kernel/src/chmempools.c"
  30              		.loc 1 55 0
  31              		.cfi_startproc
  32              		@ args = 0, pretend = 0, frame = 0
  33              		@ frame_needed = 0, uses_anonymous_args = 0
  34              		@ link register save eliminated.
  35              	.LVL0:
  36              		.loc 1 59 0
  37 0000 0023     		movs	r3, #0
  38 0002 0360     		str	r3, [r0, #0]
  39              		.loc 1 60 0
  40 0004 4160     		str	r1, [r0, #4]
  41              		.loc 1 61 0
  42 0006 8260     		str	r2, [r0, #8]
  43 0008 7047     		bx	lr
  44              		.cfi_endproc
  45              	.LFE7:
  46              		.size	chPoolInit, .-chPoolInit
  47 000a 00BFAFF3 		.section	.text.chPoolLoadArray,"ax",%progbits
  47      0080
  48              		.align	2
  49              		.p2align 4,,15
  50              		.global	chPoolLoadArray
  51              		.thumb
  52              		.thumb_func
  53              		.type	chPoolLoadArray, %function
  54              	chPoolLoadArray:
  55              	.LFB8:
  56              		.loc 1 77 0
ARM GAS  /tmp/cc7iEsWa.s 			page 2


  57              		.cfi_startproc
  58              		@ args = 0, pretend = 0, frame = 0
  59              		@ frame_needed = 0, uses_anonymous_args = 0
  60              		@ link register save eliminated.
  61              	.LVL1:
  62 0000 70B4     		push	{r4, r5, r6}
  63              	.LCFI0:
  64              		.cfi_def_cfa_offset 12
  65              		.cfi_offset 4, -12
  66              		.cfi_offset 5, -8
  67              		.cfi_offset 6, -4
  68              		.loc 1 81 0
  69 0002 002A     		cmp	r2, #0
  70 0004 36D0     		beq	.L2
  71 0006 013A     		subs	r2, r2, #1
  72              	.LVL2:
  73 0008 02F00105 		and	r5, r2, #1
  74              	.LVL3:
  75              	.LBB16:
  76              	.LBB17:
  77              		.loc 1 166 0
  78 000c 2023     		movs	r3, #32
  79              	.LVL4:
  80              	@ 166 "../../os/kernel/src/chmempools.c" 1
  81 000e 83F31188 		msr     BASEPRI, r3
  82              	@ 0 "" 2
  83              	.LVL5:
  84              		.thumb
  85              	.LBE17:
  86              	.LBB18:
  87              	.LBB19:
  88              		.loc 1 148 0
  89 0012 0468     		ldr	r4, [r0, #0]
  90              	.LBE19:
  91              	.LBE18:
  92              	.LBB27:
  93              		.loc 1 168 0
  94 0014 0023     		movs	r3, #0
  95              	.LVL6:
  96              	.LBE27:
  97              	.LBB28:
  98              	.LBB20:
  99              		.loc 1 148 0
 100 0016 0C60     		str	r4, [r1, #0]
 101              		.loc 1 149 0
 102 0018 0160     		str	r1, [r0, #0]
 103              	.LBE20:
 104              	.LBE28:
 105              	.LBB29:
 106              		.loc 1 168 0
 107              	@ 168 "../../os/kernel/src/chmempools.c" 1
 108 001a 83F31188 		msr     BASEPRI, r3
 109              	@ 0 "" 2
 110              	.LVL7:
 111              		.thumb
 112              	.LBE29:
 113              	.LBE16:
ARM GAS  /tmp/cc7iEsWa.s 			page 3


 114              		.loc 1 83 0
 115 001e 4368     		ldr	r3, [r0, #4]
 116              	.LVL8:
 117 0020 C918     		adds	r1, r1, r3
 118              	.LVL9:
 119              		.loc 1 81 0
 120 0022 3AB3     		cbz	r2, .L2
 121 0024 65B1     		cbz	r5, .L6
 122              	.LVL10:
 123              	.LBB45:
 124              	.LBB30:
 125              		.loc 1 166 0
 126 0026 2023     		movs	r3, #32
 127              	@ 166 "../../os/kernel/src/chmempools.c" 1
 128 0028 83F31188 		msr     BASEPRI, r3
 129              	@ 0 "" 2
 130              	.LVL11:
 131              		.thumb
 132              	.LBE30:
 133              	.LBB31:
 134              	.LBB21:
 135              		.loc 1 148 0
 136 002c 0468     		ldr	r4, [r0, #0]
 137              	.LBE21:
 138              	.LBE31:
 139              	.LBB32:
 140              		.loc 1 168 0
 141 002e 0023     		movs	r3, #0
 142              	.LVL12:
 143              	.LBE32:
 144              	.LBB33:
 145              	.LBB22:
 146              		.loc 1 148 0
 147 0030 0C60     		str	r4, [r1, #0]
 148              		.loc 1 149 0
 149 0032 0160     		str	r1, [r0, #0]
 150              	.LBE22:
 151              	.LBE33:
 152              	.LBB34:
 153              		.loc 1 168 0
 154              	@ 168 "../../os/kernel/src/chmempools.c" 1
 155 0034 83F31188 		msr     BASEPRI, r3
 156              	@ 0 "" 2
 157              	.LVL13:
 158              		.thumb
 159              	.LBE34:
 160              	.LBE45:
 161              		.loc 1 83 0
 162 0038 4368     		ldr	r3, [r0, #4]
 163              	.LVL14:
 164              		.loc 1 81 0
 165 003a 013A     		subs	r2, r2, #1
 166              	.LVL15:
 167              		.loc 1 83 0
 168 003c 1944     		add	r1, r1, r3
 169              	.LVL16:
 170              		.loc 1 81 0
ARM GAS  /tmp/cc7iEsWa.s 			page 4


 171 003e 19D0     		beq	.L2
 172              	.L6:
 173              	.LBB46:
 174              	.LBB35:
 175              		.loc 1 166 0
 176 0040 2023     		movs	r3, #32
 177              	@ 166 "../../os/kernel/src/chmempools.c" 1
 178 0042 83F31188 		msr     BASEPRI, r3
 179              	@ 0 "" 2
 180              	.LVL17:
 181              		.thumb
 182              	.LBE35:
 183              	.LBB36:
 184              	.LBB23:
 185              		.loc 1 148 0
 186 0046 0468     		ldr	r4, [r0, #0]
 187              	.LBE23:
 188              	.LBE36:
 189              	.LBB37:
 190              		.loc 1 168 0
 191 0048 0023     		movs	r3, #0
 192              	.LVL18:
 193              	.LBE37:
 194              	.LBB38:
 195              	.LBB24:
 196              		.loc 1 148 0
 197 004a 0C60     		str	r4, [r1, #0]
 198              		.loc 1 149 0
 199 004c 0160     		str	r1, [r0, #0]
 200              	.LBE24:
 201              	.LBE38:
 202              	.LBB39:
 203              		.loc 1 168 0
 204              	@ 168 "../../os/kernel/src/chmempools.c" 1
 205 004e 83F31188 		msr     BASEPRI, r3
 206              	@ 0 "" 2
 207              	.LVL19:
 208              		.thumb
 209              	.LBE39:
 210              	.LBE46:
 211              		.loc 1 83 0
 212 0052 4568     		ldr	r5, [r0, #4]
 213              		.loc 1 84 0
 214 0054 013A     		subs	r2, r2, #1
 215              		.loc 1 83 0
 216 0056 4C19     		adds	r4, r1, r5
 217              	.LBB47:
 218              	.LBB40:
 219              		.loc 1 166 0
 220 0058 2023     		movs	r3, #32
 221              	.LVL20:
 222              	@ 166 "../../os/kernel/src/chmempools.c" 1
 223 005a 83F31188 		msr     BASEPRI, r3
 224              	@ 0 "" 2
 225              	.LVL21:
 226              		.thumb
 227              	.LBE40:
ARM GAS  /tmp/cc7iEsWa.s 			page 5


 228              	.LBB41:
 229              	.LBB25:
 230              		.loc 1 148 0
 231 005e 0668     		ldr	r6, [r0, #0]
 232              	.LBE25:
 233              	.LBE41:
 234              	.LBB42:
 235              		.loc 1 168 0
 236 0060 0023     		movs	r3, #0
 237              	.LVL22:
 238              	.LBE42:
 239              	.LBB43:
 240              	.LBB26:
 241              		.loc 1 148 0
 242 0062 4E51     		str	r6, [r1, r5]
 243              		.loc 1 149 0
 244 0064 0460     		str	r4, [r0, #0]
 245              	.LBE26:
 246              	.LBE43:
 247              	.LBB44:
 248              		.loc 1 168 0
 249              	@ 168 "../../os/kernel/src/chmempools.c" 1
 250 0066 83F31188 		msr     BASEPRI, r3
 251              	@ 0 "" 2
 252              	.LVL23:
 253              		.thumb
 254              	.LBE44:
 255              	.LBE47:
 256              		.loc 1 83 0
 257 006a 4368     		ldr	r3, [r0, #4]
 258              	.LVL24:
 259              		.loc 1 81 0
 260 006c 013A     		subs	r2, r2, #1
 261              		.loc 1 83 0
 262 006e 04EB0301 		add	r1, r4, r3
 263              		.loc 1 81 0
 264 0072 E5D1     		bne	.L6
 265              	.LVL25:
 266              	.L2:
 267              		.loc 1 86 0
 268 0074 70BC     		pop	{r4, r5, r6}
 269 0076 7047     		bx	lr
 270              		.cfi_endproc
 271              	.LFE8:
 272              		.size	chPoolLoadArray, .-chPoolLoadArray
 273 0078 AFF30080 		.section	.text.chPoolAllocI,"ax",%progbits
 273      AFF30080 
 274              		.align	2
 275              		.p2align 4,,15
 276              		.global	chPoolAllocI
 277              		.thumb
 278              		.thumb_func
 279              		.type	chPoolAllocI, %function
 280              	chPoolAllocI:
 281              	.LFB9:
 282              		.loc 1 98 0
 283              		.cfi_startproc
ARM GAS  /tmp/cc7iEsWa.s 			page 6


 284              		@ args = 0, pretend = 0, frame = 0
 285              		@ frame_needed = 0, uses_anonymous_args = 0
 286              	.LVL26:
 287 0000 08B5     		push	{r3, lr}
 288              	.LCFI1:
 289              		.cfi_def_cfa_offset 8
 290              		.cfi_offset 3, -8
 291              		.cfi_offset 14, -4
 292              		.loc 1 98 0
 293 0002 0346     		mov	r3, r0
 294              		.loc 1 104 0
 295 0004 0068     		ldr	r0, [r0, #0]
 296              	.LVL27:
 297 0006 10B1     		cbz	r0, .L16
 298              		.loc 1 105 0
 299 0008 0168     		ldr	r1, [r0, #0]
 300 000a 1960     		str	r1, [r3, #0]
 301 000c 08BD     		pop	{r3, pc}
 302              	.L16:
 303              		.loc 1 106 0
 304 000e 9A68     		ldr	r2, [r3, #8]
 305 0010 0AB1     		cbz	r2, .L17
 306              		.loc 1 107 0
 307 0012 5868     		ldr	r0, [r3, #4]
 308              	.LVL28:
 309 0014 9047     		blx	r2
 310              	.LVL29:
 311              	.L17:
 312              		.loc 1 109 0
 313 0016 08BD     		pop	{r3, pc}
 314              		.cfi_endproc
 315              	.LFE9:
 316              		.size	chPoolAllocI, .-chPoolAllocI
 317 0018 AFF30080 		.section	.text.chPoolAlloc,"ax",%progbits
 317      AFF30080 
 318              		.align	2
 319              		.p2align 4,,15
 320              		.global	chPoolAlloc
 321              		.thumb
 322              		.thumb_func
 323              		.type	chPoolAlloc, %function
 324              	chPoolAlloc:
 325              	.LFB10:
 326              		.loc 1 121 0
 327              		.cfi_startproc
 328              		@ args = 0, pretend = 0, frame = 0
 329              		@ frame_needed = 0, uses_anonymous_args = 0
 330              	.LVL30:
 331 0000 08B5     		push	{r3, lr}
 332              	.LCFI2:
 333              		.cfi_def_cfa_offset 8
 334              		.cfi_offset 3, -8
 335              		.cfi_offset 14, -4
 336              		.loc 1 121 0
 337 0002 0246     		mov	r2, r0
 338              	.LBB48:
 339              		.loc 1 124 0
ARM GAS  /tmp/cc7iEsWa.s 			page 7


 340 0004 2023     		movs	r3, #32
 341              	.LVL31:
 342              	@ 124 "../../os/kernel/src/chmempools.c" 1
 343 0006 83F31188 		msr     BASEPRI, r3
 344              	@ 0 "" 2
 345              	.LVL32:
 346              		.thumb
 347              	.LBE48:
 348              	.LBB49:
 349              	.LBB50:
 350              		.loc 1 104 0
 351 000a 0068     		ldr	r0, [r0, #0]
 352              	.LVL33:
 353 000c 28B1     		cbz	r0, .L22
 354              		.loc 1 105 0
 355 000e 0168     		ldr	r1, [r0, #0]
 356 0010 1160     		str	r1, [r2, #0]
 357              	.LVL34:
 358              	.L23:
 359              	.LBE50:
 360              	.LBE49:
 361              	.LBB52:
 362              		.loc 1 126 0
 363 0012 0023     		movs	r3, #0
 364              	.LVL35:
 365              	@ 126 "../../os/kernel/src/chmempools.c" 1
 366 0014 83F31188 		msr     BASEPRI, r3
 367              	@ 0 "" 2
 368              	.LVL36:
 369              		.thumb
 370              	.LBE52:
 371              		.loc 1 128 0
 372 0018 08BD     		pop	{r3, pc}
 373              	.LVL37:
 374              	.L22:
 375              	.LBB53:
 376              	.LBB51:
 377              		.loc 1 106 0
 378 001a 9368     		ldr	r3, [r2, #8]
 379              	.LVL38:
 380 001c 002B     		cmp	r3, #0
 381 001e F8D0     		beq	.L23
 382              		.loc 1 107 0
 383 0020 5068     		ldr	r0, [r2, #4]
 384              	.LVL39:
 385 0022 9847     		blx	r3
 386              	.LVL40:
 387 0024 F5E7     		b	.L23
 388              	.LBE51:
 389              	.LBE53:
 390              		.cfi_endproc
 391              	.LFE10:
 392              		.size	chPoolAlloc, .-chPoolAlloc
 393 0026 00BFAFF3 		.section	.text.chPoolFreeI,"ax",%progbits
 393      0080AFF3 
 393      0080
 394              		.align	2
ARM GAS  /tmp/cc7iEsWa.s 			page 8


 395              		.p2align 4,,15
 396              		.global	chPoolFreeI
 397              		.thumb
 398              		.thumb_func
 399              		.type	chPoolFreeI, %function
 400              	chPoolFreeI:
 401              	.LFB11:
 402              		.loc 1 142 0
 403              		.cfi_startproc
 404              		@ args = 0, pretend = 0, frame = 0
 405              		@ frame_needed = 0, uses_anonymous_args = 0
 406              		@ link register save eliminated.
 407              	.LVL41:
 408              		.loc 1 148 0
 409 0000 0368     		ldr	r3, [r0, #0]
 410 0002 0B60     		str	r3, [r1, #0]
 411              		.loc 1 149 0
 412 0004 0160     		str	r1, [r0, #0]
 413 0006 7047     		bx	lr
 414              		.cfi_endproc
 415              	.LFE11:
 416              		.size	chPoolFreeI, .-chPoolFreeI
 417 0008 AFF30080 		.section	.text.chPoolFree,"ax",%progbits
 417      AFF30080 
 418              		.align	2
 419              		.p2align 4,,15
 420              		.global	chPoolFree
 421              		.thumb
 422              		.thumb_func
 423              		.type	chPoolFree, %function
 424              	chPoolFree:
 425              	.LFB12:
 426              		.loc 1 164 0
 427              		.cfi_startproc
 428              		@ args = 0, pretend = 0, frame = 0
 429              		@ frame_needed = 0, uses_anonymous_args = 0
 430              		@ link register save eliminated.
 431              	.LVL42:
 432              	.LBB54:
 433              		.loc 1 166 0
 434 0000 2023     		movs	r3, #32
 435              	.LVL43:
 436              	@ 166 "../../os/kernel/src/chmempools.c" 1
 437 0002 83F31188 		msr     BASEPRI, r3
 438              	@ 0 "" 2
 439              	.LVL44:
 440              		.thumb
 441              	.LBE54:
 442              	.LBB55:
 443              	.LBB56:
 444              		.loc 1 148 0
 445 0006 0268     		ldr	r2, [r0, #0]
 446              	.LBE56:
 447              	.LBE55:
 448              	.LBB58:
 449              		.loc 1 168 0
 450 0008 0023     		movs	r3, #0
ARM GAS  /tmp/cc7iEsWa.s 			page 9


 451              	.LVL45:
 452              	.LBE58:
 453              	.LBB59:
 454              	.LBB57:
 455              		.loc 1 148 0
 456 000a 0A60     		str	r2, [r1, #0]
 457              		.loc 1 149 0
 458 000c 0160     		str	r1, [r0, #0]
 459              	.LBE57:
 460              	.LBE59:
 461              	.LBB60:
 462              		.loc 1 168 0
 463              	@ 168 "../../os/kernel/src/chmempools.c" 1
 464 000e 83F31188 		msr     BASEPRI, r3
 465              	@ 0 "" 2
 466              	.LVL46:
 467              		.thumb
 468 0012 7047     		bx	lr
 469              	.LBE60:
 470              		.cfi_endproc
 471              	.LFE12:
 472              		.size	chPoolFree, .-chPoolFree
 473 0014 AFF30080 		.text
 473      AFF30080 
 473      AFF30080 
 474              	.Letext0:
 475              		.file 2 "/usr/bin/../lib/gcc/arm-none-eabi/4.7.4/include/stddef.h"
 476              		.file 3 "/usr/bin/../lib/gcc/arm-none-eabi/4.7.4/../../../../arm-none-eabi/include/stdint.h"
 477              		.file 4 "../../os/kernel/include/chmemcore.h"
 478              		.file 5 "../../os/kernel/include/chmempools.h"
 479              		.section	.debug_info,"",%progbits
 480              	.Ldebug_info0:
 481 0000 22040000 		.4byte	0x422
 482 0004 0200     		.2byte	0x2
 483 0006 00000000 		.4byte	.Ldebug_abbrev0
 484 000a 04       		.byte	0x4
 485 000b 01       		.uleb128 0x1
 486 000c 0C010000 		.4byte	.LASF28
 487 0010 01       		.byte	0x1
 488 0011 71000000 		.4byte	.LASF29
 489 0015 A0000000 		.4byte	.LASF30
 490 0019 A0010000 		.4byte	.Ldebug_ranges0+0x1a0
 491 001d 00000000 		.4byte	0
 492 0021 00000000 		.4byte	0
 493 0025 00000000 		.4byte	.Ldebug_line0
 494 0029 02       		.uleb128 0x2
 495 002a 04       		.byte	0x4
 496 002b 05       		.byte	0x5
 497 002c 696E7400 		.ascii	"int\000"
 498 0030 03       		.uleb128 0x3
 499 0031 00000000 		.4byte	.LASF2
 500 0035 02       		.byte	0x2
 501 0036 D5       		.byte	0xd5
 502 0037 3B000000 		.4byte	0x3b
 503 003b 04       		.uleb128 0x4
 504 003c 04       		.byte	0x4
 505 003d 07       		.byte	0x7
ARM GAS  /tmp/cc7iEsWa.s 			page 10


 506 003e FF000000 		.4byte	.LASF0
 507 0042 04       		.uleb128 0x4
 508 0043 01       		.byte	0x1
 509 0044 06       		.byte	0x6
 510 0045 D9010000 		.4byte	.LASF1
 511 0049 03       		.uleb128 0x3
 512 004a 6C010000 		.4byte	.LASF3
 513 004e 03       		.byte	0x3
 514 004f 2A       		.byte	0x2a
 515 0050 54000000 		.4byte	0x54
 516 0054 04       		.uleb128 0x4
 517 0055 01       		.byte	0x1
 518 0056 08       		.byte	0x8
 519 0057 92000000 		.4byte	.LASF4
 520 005b 04       		.uleb128 0x4
 521 005c 02       		.byte	0x2
 522 005d 05       		.byte	0x5
 523 005e B1010000 		.4byte	.LASF5
 524 0062 04       		.uleb128 0x4
 525 0063 02       		.byte	0x2
 526 0064 07       		.byte	0x7
 527 0065 49000000 		.4byte	.LASF6
 528 0069 04       		.uleb128 0x4
 529 006a 04       		.byte	0x4
 530 006b 05       		.byte	0x5
 531 006c D0010000 		.4byte	.LASF7
 532 0070 03       		.uleb128 0x3
 533 0071 C7010000 		.4byte	.LASF8
 534 0075 03       		.byte	0x3
 535 0076 50       		.byte	0x50
 536 0077 7B000000 		.4byte	0x7b
 537 007b 04       		.uleb128 0x4
 538 007c 04       		.byte	0x4
 539 007d 07       		.byte	0x7
 540 007e 37000000 		.4byte	.LASF9
 541 0082 04       		.uleb128 0x4
 542 0083 08       		.byte	0x8
 543 0084 05       		.byte	0x5
 544 0085 85010000 		.4byte	.LASF10
 545 0089 04       		.uleb128 0x4
 546 008a 08       		.byte	0x8
 547 008b 07       		.byte	0x7
 548 008c 55010000 		.4byte	.LASF11
 549 0090 04       		.uleb128 0x4
 550 0091 01       		.byte	0x1
 551 0092 02       		.byte	0x2
 552 0093 ED010000 		.4byte	.LASF12
 553 0097 05       		.uleb128 0x5
 554 0098 04       		.byte	0x4
 555 0099 04       		.uleb128 0x4
 556 009a 04       		.byte	0x4
 557 009b 07       		.byte	0x7
 558 009c 7C010000 		.4byte	.LASF13
 559 00a0 03       		.uleb128 0x3
 560 00a1 98010000 		.4byte	.LASF14
 561 00a5 04       		.byte	0x4
 562 00a6 25       		.byte	0x25
ARM GAS  /tmp/cc7iEsWa.s 			page 11


 563 00a7 AB000000 		.4byte	0xab
 564 00ab 06       		.uleb128 0x6
 565 00ac 04       		.byte	0x4
 566 00ad B1000000 		.4byte	0xb1
 567 00b1 07       		.uleb128 0x7
 568 00b2 01       		.byte	0x1
 569 00b3 97000000 		.4byte	0x97
 570 00b7 C1000000 		.4byte	0xc1
 571 00bb 08       		.uleb128 0x8
 572 00bc 30000000 		.4byte	0x30
 573 00c0 00       		.byte	0
 574 00c1 09       		.uleb128 0x9
 575 00c2 26000000 		.4byte	.LASF31
 576 00c6 04       		.byte	0x4
 577 00c7 05       		.byte	0x5
 578 00c8 25       		.byte	0x25
 579 00c9 DC000000 		.4byte	0xdc
 580 00cd 0A       		.uleb128 0xa
 581 00ce 74010000 		.4byte	.LASF15
 582 00d2 05       		.byte	0x5
 583 00d3 26       		.byte	0x26
 584 00d4 DC000000 		.4byte	0xdc
 585 00d8 02       		.byte	0x2
 586 00d9 23       		.byte	0x23
 587 00da 00       		.uleb128 0
 588 00db 00       		.byte	0
 589 00dc 06       		.uleb128 0x6
 590 00dd 04       		.byte	0x4
 591 00de C1000000 		.4byte	0xc1
 592 00e2 0B       		.uleb128 0xb
 593 00e3 0C       		.byte	0xc
 594 00e4 05       		.byte	0x5
 595 00e5 2D       		.byte	0x2d
 596 00e6 15010000 		.4byte	0x115
 597 00ea 0A       		.uleb128 0xa
 598 00eb E5010000 		.4byte	.LASF16
 599 00ef 05       		.byte	0x5
 600 00f0 2E       		.byte	0x2e
 601 00f1 DC000000 		.4byte	0xdc
 602 00f5 02       		.byte	0x2
 603 00f6 23       		.byte	0x23
 604 00f7 00       		.uleb128 0
 605 00f8 0A       		.uleb128 0xa
 606 00f9 07000000 		.4byte	.LASF17
 607 00fd 05       		.byte	0x5
 608 00fe 2F       		.byte	0x2f
 609 00ff 30000000 		.4byte	0x30
 610 0103 02       		.byte	0x2
 611 0104 23       		.byte	0x23
 612 0105 04       		.uleb128 0x4
 613 0106 0A       		.uleb128 0xa
 614 0107 A5010000 		.4byte	.LASF18
 615 010b 05       		.byte	0x5
 616 010c 31       		.byte	0x31
 617 010d A0000000 		.4byte	0xa0
 618 0111 02       		.byte	0x2
 619 0112 23       		.byte	0x23
ARM GAS  /tmp/cc7iEsWa.s 			page 12


 620 0113 08       		.uleb128 0x8
 621 0114 00       		.byte	0
 622 0115 03       		.uleb128 0x3
 623 0116 E2000000 		.4byte	.LASF19
 624 011a 05       		.byte	0x5
 625 011b 33       		.byte	0x33
 626 011c E2000000 		.4byte	0xe2
 627 0120 04       		.uleb128 0x4
 628 0121 01       		.byte	0x1
 629 0122 08       		.byte	0x8
 630 0123 93010000 		.4byte	.LASF20
 631 0127 0C       		.uleb128 0xc
 632 0128 01       		.byte	0x1
 633 0129 F2000000 		.4byte	.LASF32
 634 012d 01       		.byte	0x1
 635 012e 62       		.byte	0x62
 636 012f 01       		.byte	0x1
 637 0130 97000000 		.4byte	0x97
 638 0134 01       		.byte	0x1
 639 0135 4F010000 		.4byte	0x14f
 640 0139 0D       		.uleb128 0xd
 641 013a 6D7000   		.ascii	"mp\000"
 642 013d 01       		.byte	0x1
 643 013e 62       		.byte	0x62
 644 013f 4F010000 		.4byte	0x14f
 645 0143 0E       		.uleb128 0xe
 646 0144 ED000000 		.4byte	.LASF21
 647 0148 01       		.byte	0x1
 648 0149 63       		.byte	0x63
 649 014a 97000000 		.4byte	0x97
 650 014e 00       		.byte	0
 651 014f 06       		.uleb128 0x6
 652 0150 04       		.byte	0x4
 653 0151 15010000 		.4byte	0x115
 654 0155 0F       		.uleb128 0xf
 655 0156 01       		.byte	0x1
 656 0157 65000000 		.4byte	.LASF22
 657 015b 01       		.byte	0x1
 658 015c 8E       		.byte	0x8e
 659 015d 01       		.byte	0x1
 660 015e 01       		.byte	0x1
 661 015f 84010000 		.4byte	0x184
 662 0163 0D       		.uleb128 0xd
 663 0164 6D7000   		.ascii	"mp\000"
 664 0167 01       		.byte	0x1
 665 0168 8E       		.byte	0x8e
 666 0169 4F010000 		.4byte	0x14f
 667 016d 10       		.uleb128 0x10
 668 016e ED000000 		.4byte	.LASF21
 669 0172 01       		.byte	0x1
 670 0173 8E       		.byte	0x8e
 671 0174 97000000 		.4byte	0x97
 672 0178 11       		.uleb128 0x11
 673 0179 70687000 		.ascii	"php\000"
 674 017d 01       		.byte	0x1
 675 017e 8F       		.byte	0x8f
 676 017f DC000000 		.4byte	0xdc
ARM GAS  /tmp/cc7iEsWa.s 			page 13


 677 0183 00       		.byte	0
 678 0184 0F       		.uleb128 0xf
 679 0185 01       		.byte	0x1
 680 0186 D7000000 		.4byte	.LASF23
 681 018a 01       		.byte	0x1
 682 018b A4       		.byte	0xa4
 683 018c 01       		.byte	0x1
 684 018d 01       		.byte	0x1
 685 018e C6010000 		.4byte	0x1c6
 686 0192 0D       		.uleb128 0xd
 687 0193 6D7000   		.ascii	"mp\000"
 688 0196 01       		.byte	0x1
 689 0197 A4       		.byte	0xa4
 690 0198 4F010000 		.4byte	0x14f
 691 019c 10       		.uleb128 0x10
 692 019d ED000000 		.4byte	.LASF21
 693 01a1 01       		.byte	0x1
 694 01a2 A4       		.byte	0xa4
 695 01a3 97000000 		.4byte	0x97
 696 01a7 12       		.uleb128 0x12
 697 01a8 B8010000 		.4byte	0x1b8
 698 01ac 11       		.uleb128 0x11
 699 01ad 746D7000 		.ascii	"tmp\000"
 700 01b1 01       		.byte	0x1
 701 01b2 A6       		.byte	0xa6
 702 01b3 70000000 		.4byte	0x70
 703 01b7 00       		.byte	0
 704 01b8 13       		.uleb128 0x13
 705 01b9 11       		.uleb128 0x11
 706 01ba 746D7000 		.ascii	"tmp\000"
 707 01be 01       		.byte	0x1
 708 01bf A8       		.byte	0xa8
 709 01c0 70000000 		.4byte	0x70
 710 01c4 00       		.byte	0
 711 01c5 00       		.byte	0
 712 01c6 14       		.uleb128 0x14
 713 01c7 01       		.byte	0x1
 714 01c8 F3010000 		.4byte	.LASF26
 715 01cc 01       		.byte	0x1
 716 01cd 37       		.byte	0x37
 717 01ce 01       		.byte	0x1
 718 01cf 00000000 		.4byte	.LFB7
 719 01d3 0A000000 		.4byte	.LFE7
 720 01d7 02       		.byte	0x2
 721 01d8 7D       		.byte	0x7d
 722 01d9 00       		.sleb128 0
 723 01da 01       		.byte	0x1
 724 01db 06020000 		.4byte	0x206
 725 01df 15       		.uleb128 0x15
 726 01e0 6D7000   		.ascii	"mp\000"
 727 01e3 01       		.byte	0x1
 728 01e4 37       		.byte	0x37
 729 01e5 4F010000 		.4byte	0x14f
 730 01e9 01       		.byte	0x1
 731 01ea 50       		.byte	0x50
 732 01eb 16       		.uleb128 0x16
 733 01ec 32000000 		.4byte	.LASF24
ARM GAS  /tmp/cc7iEsWa.s 			page 14


 734 01f0 01       		.byte	0x1
 735 01f1 37       		.byte	0x37
 736 01f2 30000000 		.4byte	0x30
 737 01f6 01       		.byte	0x1
 738 01f7 51       		.byte	0x51
 739 01f8 16       		.uleb128 0x16
 740 01f9 5C000000 		.4byte	.LASF25
 741 01fd 01       		.byte	0x1
 742 01fe 37       		.byte	0x37
 743 01ff A0000000 		.4byte	0xa0
 744 0203 01       		.byte	0x1
 745 0204 52       		.byte	0x52
 746 0205 00       		.byte	0
 747 0206 17       		.uleb128 0x17
 748 0207 01       		.byte	0x1
 749 0208 16000000 		.4byte	.LASF27
 750 020c 01       		.byte	0x1
 751 020d 4D       		.byte	0x4d
 752 020e 01       		.byte	0x1
 753 020f 00000000 		.4byte	.LFB8
 754 0213 78000000 		.4byte	.LFE8
 755 0217 00000000 		.4byte	.LLST0
 756 021b 01       		.byte	0x1
 757 021c C0020000 		.4byte	0x2c0
 758 0220 15       		.uleb128 0x15
 759 0221 6D7000   		.ascii	"mp\000"
 760 0224 01       		.byte	0x1
 761 0225 4D       		.byte	0x4d
 762 0226 4F010000 		.4byte	0x14f
 763 022a 01       		.byte	0x1
 764 022b 50       		.byte	0x50
 765 022c 18       		.uleb128 0x18
 766 022d 7000     		.ascii	"p\000"
 767 022f 01       		.byte	0x1
 768 0230 4D       		.byte	0x4d
 769 0231 97000000 		.4byte	0x97
 770 0235 20000000 		.4byte	.LLST1
 771 0239 18       		.uleb128 0x18
 772 023a 6E00     		.ascii	"n\000"
 773 023c 01       		.byte	0x1
 774 023d 4D       		.byte	0x4d
 775 023e 30000000 		.4byte	0x30
 776 0242 3F000000 		.4byte	.LLST2
 777 0246 19       		.uleb128 0x19
 778 0247 84010000 		.4byte	0x184
 779 024b 0C000000 		.4byte	.LBB16
 780 024f 00000000 		.4byte	.Ldebug_ranges0+0
 781 0253 01       		.byte	0x1
 782 0254 52       		.byte	0x52
 783 0255 1A       		.uleb128 0x1a
 784 0256 9C010000 		.4byte	0x19c
 785 025a 6C000000 		.4byte	.LLST3
 786 025e 1A       		.uleb128 0x1a
 787 025f 92010000 		.4byte	0x192
 788 0263 8B000000 		.4byte	.LLST4
 789 0267 1B       		.uleb128 0x1b
 790 0268 28000000 		.4byte	.Ldebug_ranges0+0x28
ARM GAS  /tmp/cc7iEsWa.s 			page 15


 791 026c 7A020000 		.4byte	0x27a
 792 0270 1C       		.uleb128 0x1c
 793 0271 AC010000 		.4byte	0x1ac
 794 0275 9E000000 		.4byte	.LLST5
 795 0279 00       		.byte	0
 796 027a 1D       		.uleb128 0x1d
 797 027b 55010000 		.4byte	0x155
 798 027f 12000000 		.4byte	.LBB18
 799 0283 50000000 		.4byte	.Ldebug_ranges0+0x50
 800 0287 01       		.byte	0x1
 801 0288 A7       		.byte	0xa7
 802 0289 AF020000 		.4byte	0x2af
 803 028d 1A       		.uleb128 0x1a
 804 028e 6D010000 		.4byte	0x16d
 805 0292 D2000000 		.4byte	.LLST6
 806 0296 1A       		.uleb128 0x1a
 807 0297 63010000 		.4byte	0x163
 808 029b F1000000 		.4byte	.LLST7
 809 029f 1E       		.uleb128 0x1e
 810 02a0 98000000 		.4byte	.Ldebug_ranges0+0x98
 811 02a4 1C       		.uleb128 0x1c
 812 02a5 78010000 		.4byte	0x178
 813 02a9 D2000000 		.4byte	.LLST6
 814 02ad 00       		.byte	0
 815 02ae 00       		.byte	0
 816 02af 1E       		.uleb128 0x1e
 817 02b0 E0000000 		.4byte	.Ldebug_ranges0+0xe0
 818 02b4 1C       		.uleb128 0x1c
 819 02b5 B9010000 		.4byte	0x1b9
 820 02b9 04010000 		.4byte	.LLST9
 821 02bd 00       		.byte	0
 822 02be 00       		.byte	0
 823 02bf 00       		.byte	0
 824 02c0 1F       		.uleb128 0x1f
 825 02c1 27010000 		.4byte	0x127
 826 02c5 00000000 		.4byte	.LFB9
 827 02c9 18000000 		.4byte	.LFE9
 828 02cd 38010000 		.4byte	.LLST10
 829 02d1 01       		.byte	0x1
 830 02d2 E9020000 		.4byte	0x2e9
 831 02d6 1A       		.uleb128 0x1a
 832 02d7 39010000 		.4byte	0x139
 833 02db 58010000 		.4byte	.LLST11
 834 02df 1C       		.uleb128 0x1c
 835 02e0 43010000 		.4byte	0x143
 836 02e4 84010000 		.4byte	.LLST12
 837 02e8 00       		.byte	0
 838 02e9 20       		.uleb128 0x20
 839 02ea 01       		.byte	0x1
 840 02eb BB010000 		.4byte	.LASF33
 841 02ef 01       		.byte	0x1
 842 02f0 79       		.byte	0x79
 843 02f1 01       		.byte	0x1
 844 02f2 97000000 		.4byte	0x97
 845 02f6 00000000 		.4byte	.LFB10
 846 02fa 26000000 		.4byte	.LFE10
 847 02fe AE010000 		.4byte	.LLST13
ARM GAS  /tmp/cc7iEsWa.s 			page 16


 848 0302 01       		.byte	0x1
 849 0303 85030000 		.4byte	0x385
 850 0307 18       		.uleb128 0x18
 851 0308 6D7000   		.ascii	"mp\000"
 852 030b 01       		.byte	0x1
 853 030c 79       		.byte	0x79
 854 030d 4F010000 		.4byte	0x14f
 855 0311 CE010000 		.4byte	.LLST14
 856 0315 21       		.uleb128 0x21
 857 0316 ED000000 		.4byte	.LASF21
 858 031a 01       		.byte	0x1
 859 031b 7A       		.byte	0x7a
 860 031c 97000000 		.4byte	0x97
 861 0320 01       		.byte	0x1
 862 0321 50       		.byte	0x50
 863 0322 22       		.uleb128 0x22
 864 0323 04000000 		.4byte	.LBB48
 865 0327 0A000000 		.4byte	.LBE48
 866 032b 3F030000 		.4byte	0x33f
 867 032f 23       		.uleb128 0x23
 868 0330 746D7000 		.ascii	"tmp\000"
 869 0334 01       		.byte	0x1
 870 0335 7C       		.byte	0x7c
 871 0336 70000000 		.4byte	0x70
 872 033a 13020000 		.4byte	.LLST15
 873 033e 00       		.byte	0
 874 033f 1D       		.uleb128 0x1d
 875 0340 27010000 		.4byte	0x127
 876 0344 0A000000 		.4byte	.LBB49
 877 0348 28010000 		.4byte	.Ldebug_ranges0+0x128
 878 034c 01       		.byte	0x1
 879 034d 7D       		.byte	0x7d
 880 034e 6B030000 		.4byte	0x36b
 881 0352 1A       		.uleb128 0x1a
 882 0353 39010000 		.4byte	0x139
 883 0357 31020000 		.4byte	.LLST16
 884 035b 1E       		.uleb128 0x1e
 885 035c 40010000 		.4byte	.Ldebug_ranges0+0x140
 886 0360 1C       		.uleb128 0x1c
 887 0361 43010000 		.4byte	0x143
 888 0365 76020000 		.4byte	.LLST17
 889 0369 00       		.byte	0
 890 036a 00       		.byte	0
 891 036b 24       		.uleb128 0x24
 892 036c 12000000 		.4byte	.LBB52
 893 0370 18000000 		.4byte	.LBE52
 894 0374 23       		.uleb128 0x23
 895 0375 746D7000 		.ascii	"tmp\000"
 896 0379 01       		.byte	0x1
 897 037a 7E       		.byte	0x7e
 898 037b 70000000 		.4byte	0x70
 899 037f A0020000 		.4byte	.LLST18
 900 0383 00       		.byte	0
 901 0384 00       		.byte	0
 902 0385 25       		.uleb128 0x25
 903 0386 55010000 		.4byte	0x155
 904 038a 00000000 		.4byte	.LFB11
ARM GAS  /tmp/cc7iEsWa.s 			page 17


 905 038e 08000000 		.4byte	.LFE11
 906 0392 02       		.byte	0x2
 907 0393 7D       		.byte	0x7d
 908 0394 00       		.sleb128 0
 909 0395 01       		.byte	0x1
 910 0396 B0030000 		.4byte	0x3b0
 911 039a 26       		.uleb128 0x26
 912 039b 63010000 		.4byte	0x163
 913 039f 01       		.byte	0x1
 914 03a0 50       		.byte	0x50
 915 03a1 26       		.uleb128 0x26
 916 03a2 6D010000 		.4byte	0x16d
 917 03a6 01       		.byte	0x1
 918 03a7 51       		.byte	0x51
 919 03a8 27       		.uleb128 0x27
 920 03a9 78010000 		.4byte	0x178
 921 03ad 01       		.byte	0x1
 922 03ae 51       		.byte	0x51
 923 03af 00       		.byte	0
 924 03b0 28       		.uleb128 0x28
 925 03b1 84010000 		.4byte	0x184
 926 03b5 00000000 		.4byte	.LFB12
 927 03b9 14000000 		.4byte	.LFE12
 928 03bd 02       		.byte	0x2
 929 03be 7D       		.byte	0x7d
 930 03bf 00       		.sleb128 0
 931 03c0 01       		.byte	0x1
 932 03c1 26       		.uleb128 0x26
 933 03c2 92010000 		.4byte	0x192
 934 03c6 01       		.byte	0x1
 935 03c7 50       		.byte	0x50
 936 03c8 26       		.uleb128 0x26
 937 03c9 9C010000 		.4byte	0x19c
 938 03cd 01       		.byte	0x1
 939 03ce 51       		.byte	0x51
 940 03cf 22       		.uleb128 0x22
 941 03d0 00000000 		.4byte	.LBB54
 942 03d4 06000000 		.4byte	.LBE54
 943 03d8 E6030000 		.4byte	0x3e6
 944 03dc 1C       		.uleb128 0x1c
 945 03dd AC010000 		.4byte	0x1ac
 946 03e1 B3020000 		.4byte	.LLST19
 947 03e5 00       		.byte	0
 948 03e6 1D       		.uleb128 0x1d
 949 03e7 55010000 		.4byte	0x155
 950 03eb 06000000 		.4byte	.LBB55
 951 03ef 58010000 		.4byte	.Ldebug_ranges0+0x158
 952 03f3 01       		.byte	0x1
 953 03f4 A7       		.byte	0xa7
 954 03f5 15040000 		.4byte	0x415
 955 03f9 26       		.uleb128 0x26
 956 03fa 6D010000 		.4byte	0x16d
 957 03fe 01       		.byte	0x1
 958 03ff 51       		.byte	0x51
 959 0400 26       		.uleb128 0x26
 960 0401 63010000 		.4byte	0x163
 961 0405 01       		.byte	0x1
ARM GAS  /tmp/cc7iEsWa.s 			page 18


 962 0406 50       		.byte	0x50
 963 0407 1E       		.uleb128 0x1e
 964 0408 70010000 		.4byte	.Ldebug_ranges0+0x170
 965 040c 27       		.uleb128 0x27
 966 040d 78010000 		.4byte	0x178
 967 0411 01       		.byte	0x1
 968 0412 51       		.byte	0x51
 969 0413 00       		.byte	0
 970 0414 00       		.byte	0
 971 0415 1E       		.uleb128 0x1e
 972 0416 88010000 		.4byte	.Ldebug_ranges0+0x188
 973 041a 1C       		.uleb128 0x1c
 974 041b B9010000 		.4byte	0x1b9
 975 041f C6020000 		.4byte	.LLST20
 976 0423 00       		.byte	0
 977 0424 00       		.byte	0
 978 0425 00       		.byte	0
 979              		.section	.debug_abbrev,"",%progbits
 980              	.Ldebug_abbrev0:
 981 0000 01       		.uleb128 0x1
 982 0001 11       		.uleb128 0x11
 983 0002 01       		.byte	0x1
 984 0003 25       		.uleb128 0x25
 985 0004 0E       		.uleb128 0xe
 986 0005 13       		.uleb128 0x13
 987 0006 0B       		.uleb128 0xb
 988 0007 03       		.uleb128 0x3
 989 0008 0E       		.uleb128 0xe
 990 0009 1B       		.uleb128 0x1b
 991 000a 0E       		.uleb128 0xe
 992 000b 55       		.uleb128 0x55
 993 000c 06       		.uleb128 0x6
 994 000d 11       		.uleb128 0x11
 995 000e 01       		.uleb128 0x1
 996 000f 52       		.uleb128 0x52
 997 0010 01       		.uleb128 0x1
 998 0011 10       		.uleb128 0x10
 999 0012 06       		.uleb128 0x6
 1000 0013 00       		.byte	0
 1001 0014 00       		.byte	0
 1002 0015 02       		.uleb128 0x2
 1003 0016 24       		.uleb128 0x24
 1004 0017 00       		.byte	0
 1005 0018 0B       		.uleb128 0xb
 1006 0019 0B       		.uleb128 0xb
 1007 001a 3E       		.uleb128 0x3e
 1008 001b 0B       		.uleb128 0xb
 1009 001c 03       		.uleb128 0x3
 1010 001d 08       		.uleb128 0x8
 1011 001e 00       		.byte	0
 1012 001f 00       		.byte	0
 1013 0020 03       		.uleb128 0x3
 1014 0021 16       		.uleb128 0x16
 1015 0022 00       		.byte	0
 1016 0023 03       		.uleb128 0x3
 1017 0024 0E       		.uleb128 0xe
 1018 0025 3A       		.uleb128 0x3a
ARM GAS  /tmp/cc7iEsWa.s 			page 19


 1019 0026 0B       		.uleb128 0xb
 1020 0027 3B       		.uleb128 0x3b
 1021 0028 0B       		.uleb128 0xb
 1022 0029 49       		.uleb128 0x49
 1023 002a 13       		.uleb128 0x13
 1024 002b 00       		.byte	0
 1025 002c 00       		.byte	0
 1026 002d 04       		.uleb128 0x4
 1027 002e 24       		.uleb128 0x24
 1028 002f 00       		.byte	0
 1029 0030 0B       		.uleb128 0xb
 1030 0031 0B       		.uleb128 0xb
 1031 0032 3E       		.uleb128 0x3e
 1032 0033 0B       		.uleb128 0xb
 1033 0034 03       		.uleb128 0x3
 1034 0035 0E       		.uleb128 0xe
 1035 0036 00       		.byte	0
 1036 0037 00       		.byte	0
 1037 0038 05       		.uleb128 0x5
 1038 0039 0F       		.uleb128 0xf
 1039 003a 00       		.byte	0
 1040 003b 0B       		.uleb128 0xb
 1041 003c 0B       		.uleb128 0xb
 1042 003d 00       		.byte	0
 1043 003e 00       		.byte	0
 1044 003f 06       		.uleb128 0x6
 1045 0040 0F       		.uleb128 0xf
 1046 0041 00       		.byte	0
 1047 0042 0B       		.uleb128 0xb
 1048 0043 0B       		.uleb128 0xb
 1049 0044 49       		.uleb128 0x49
 1050 0045 13       		.uleb128 0x13
 1051 0046 00       		.byte	0
 1052 0047 00       		.byte	0
 1053 0048 07       		.uleb128 0x7
 1054 0049 15       		.uleb128 0x15
 1055 004a 01       		.byte	0x1
 1056 004b 27       		.uleb128 0x27
 1057 004c 0C       		.uleb128 0xc
 1058 004d 49       		.uleb128 0x49
 1059 004e 13       		.uleb128 0x13
 1060 004f 01       		.uleb128 0x1
 1061 0050 13       		.uleb128 0x13
 1062 0051 00       		.byte	0
 1063 0052 00       		.byte	0
 1064 0053 08       		.uleb128 0x8
 1065 0054 05       		.uleb128 0x5
 1066 0055 00       		.byte	0
 1067 0056 49       		.uleb128 0x49
 1068 0057 13       		.uleb128 0x13
 1069 0058 00       		.byte	0
 1070 0059 00       		.byte	0
 1071 005a 09       		.uleb128 0x9
 1072 005b 13       		.uleb128 0x13
 1073 005c 01       		.byte	0x1
 1074 005d 03       		.uleb128 0x3
 1075 005e 0E       		.uleb128 0xe
ARM GAS  /tmp/cc7iEsWa.s 			page 20


 1076 005f 0B       		.uleb128 0xb
 1077 0060 0B       		.uleb128 0xb
 1078 0061 3A       		.uleb128 0x3a
 1079 0062 0B       		.uleb128 0xb
 1080 0063 3B       		.uleb128 0x3b
 1081 0064 0B       		.uleb128 0xb
 1082 0065 01       		.uleb128 0x1
 1083 0066 13       		.uleb128 0x13
 1084 0067 00       		.byte	0
 1085 0068 00       		.byte	0
 1086 0069 0A       		.uleb128 0xa
 1087 006a 0D       		.uleb128 0xd
 1088 006b 00       		.byte	0
 1089 006c 03       		.uleb128 0x3
 1090 006d 0E       		.uleb128 0xe
 1091 006e 3A       		.uleb128 0x3a
 1092 006f 0B       		.uleb128 0xb
 1093 0070 3B       		.uleb128 0x3b
 1094 0071 0B       		.uleb128 0xb
 1095 0072 49       		.uleb128 0x49
 1096 0073 13       		.uleb128 0x13
 1097 0074 38       		.uleb128 0x38
 1098 0075 0A       		.uleb128 0xa
 1099 0076 00       		.byte	0
 1100 0077 00       		.byte	0
 1101 0078 0B       		.uleb128 0xb
 1102 0079 13       		.uleb128 0x13
 1103 007a 01       		.byte	0x1
 1104 007b 0B       		.uleb128 0xb
 1105 007c 0B       		.uleb128 0xb
 1106 007d 3A       		.uleb128 0x3a
 1107 007e 0B       		.uleb128 0xb
 1108 007f 3B       		.uleb128 0x3b
 1109 0080 0B       		.uleb128 0xb
 1110 0081 01       		.uleb128 0x1
 1111 0082 13       		.uleb128 0x13
 1112 0083 00       		.byte	0
 1113 0084 00       		.byte	0
 1114 0085 0C       		.uleb128 0xc
 1115 0086 2E       		.uleb128 0x2e
 1116 0087 01       		.byte	0x1
 1117 0088 3F       		.uleb128 0x3f
 1118 0089 0C       		.uleb128 0xc
 1119 008a 03       		.uleb128 0x3
 1120 008b 0E       		.uleb128 0xe
 1121 008c 3A       		.uleb128 0x3a
 1122 008d 0B       		.uleb128 0xb
 1123 008e 3B       		.uleb128 0x3b
 1124 008f 0B       		.uleb128 0xb
 1125 0090 27       		.uleb128 0x27
 1126 0091 0C       		.uleb128 0xc
 1127 0092 49       		.uleb128 0x49
 1128 0093 13       		.uleb128 0x13
 1129 0094 20       		.uleb128 0x20
 1130 0095 0B       		.uleb128 0xb
 1131 0096 01       		.uleb128 0x1
 1132 0097 13       		.uleb128 0x13
ARM GAS  /tmp/cc7iEsWa.s 			page 21


 1133 0098 00       		.byte	0
 1134 0099 00       		.byte	0
 1135 009a 0D       		.uleb128 0xd
 1136 009b 05       		.uleb128 0x5
 1137 009c 00       		.byte	0
 1138 009d 03       		.uleb128 0x3
 1139 009e 08       		.uleb128 0x8
 1140 009f 3A       		.uleb128 0x3a
 1141 00a0 0B       		.uleb128 0xb
 1142 00a1 3B       		.uleb128 0x3b
 1143 00a2 0B       		.uleb128 0xb
 1144 00a3 49       		.uleb128 0x49
 1145 00a4 13       		.uleb128 0x13
 1146 00a5 00       		.byte	0
 1147 00a6 00       		.byte	0
 1148 00a7 0E       		.uleb128 0xe
 1149 00a8 34       		.uleb128 0x34
 1150 00a9 00       		.byte	0
 1151 00aa 03       		.uleb128 0x3
 1152 00ab 0E       		.uleb128 0xe
 1153 00ac 3A       		.uleb128 0x3a
 1154 00ad 0B       		.uleb128 0xb
 1155 00ae 3B       		.uleb128 0x3b
 1156 00af 0B       		.uleb128 0xb
 1157 00b0 49       		.uleb128 0x49
 1158 00b1 13       		.uleb128 0x13
 1159 00b2 00       		.byte	0
 1160 00b3 00       		.byte	0
 1161 00b4 0F       		.uleb128 0xf
 1162 00b5 2E       		.uleb128 0x2e
 1163 00b6 01       		.byte	0x1
 1164 00b7 3F       		.uleb128 0x3f
 1165 00b8 0C       		.uleb128 0xc
 1166 00b9 03       		.uleb128 0x3
 1167 00ba 0E       		.uleb128 0xe
 1168 00bb 3A       		.uleb128 0x3a
 1169 00bc 0B       		.uleb128 0xb
 1170 00bd 3B       		.uleb128 0x3b
 1171 00be 0B       		.uleb128 0xb
 1172 00bf 27       		.uleb128 0x27
 1173 00c0 0C       		.uleb128 0xc
 1174 00c1 20       		.uleb128 0x20
 1175 00c2 0B       		.uleb128 0xb
 1176 00c3 01       		.uleb128 0x1
 1177 00c4 13       		.uleb128 0x13
 1178 00c5 00       		.byte	0
 1179 00c6 00       		.byte	0
 1180 00c7 10       		.uleb128 0x10
 1181 00c8 05       		.uleb128 0x5
 1182 00c9 00       		.byte	0
 1183 00ca 03       		.uleb128 0x3
 1184 00cb 0E       		.uleb128 0xe
 1185 00cc 3A       		.uleb128 0x3a
 1186 00cd 0B       		.uleb128 0xb
 1187 00ce 3B       		.uleb128 0x3b
 1188 00cf 0B       		.uleb128 0xb
 1189 00d0 49       		.uleb128 0x49
ARM GAS  /tmp/cc7iEsWa.s 			page 22


 1190 00d1 13       		.uleb128 0x13
 1191 00d2 00       		.byte	0
 1192 00d3 00       		.byte	0
 1193 00d4 11       		.uleb128 0x11
 1194 00d5 34       		.uleb128 0x34
 1195 00d6 00       		.byte	0
 1196 00d7 03       		.uleb128 0x3
 1197 00d8 08       		.uleb128 0x8
 1198 00d9 3A       		.uleb128 0x3a
 1199 00da 0B       		.uleb128 0xb
 1200 00db 3B       		.uleb128 0x3b
 1201 00dc 0B       		.uleb128 0xb
 1202 00dd 49       		.uleb128 0x49
 1203 00de 13       		.uleb128 0x13
 1204 00df 00       		.byte	0
 1205 00e0 00       		.byte	0
 1206 00e1 12       		.uleb128 0x12
 1207 00e2 0B       		.uleb128 0xb
 1208 00e3 01       		.byte	0x1
 1209 00e4 01       		.uleb128 0x1
 1210 00e5 13       		.uleb128 0x13
 1211 00e6 00       		.byte	0
 1212 00e7 00       		.byte	0
 1213 00e8 13       		.uleb128 0x13
 1214 00e9 0B       		.uleb128 0xb
 1215 00ea 01       		.byte	0x1
 1216 00eb 00       		.byte	0
 1217 00ec 00       		.byte	0
 1218 00ed 14       		.uleb128 0x14
 1219 00ee 2E       		.uleb128 0x2e
 1220 00ef 01       		.byte	0x1
 1221 00f0 3F       		.uleb128 0x3f
 1222 00f1 0C       		.uleb128 0xc
 1223 00f2 03       		.uleb128 0x3
 1224 00f3 0E       		.uleb128 0xe
 1225 00f4 3A       		.uleb128 0x3a
 1226 00f5 0B       		.uleb128 0xb
 1227 00f6 3B       		.uleb128 0x3b
 1228 00f7 0B       		.uleb128 0xb
 1229 00f8 27       		.uleb128 0x27
 1230 00f9 0C       		.uleb128 0xc
 1231 00fa 11       		.uleb128 0x11
 1232 00fb 01       		.uleb128 0x1
 1233 00fc 12       		.uleb128 0x12
 1234 00fd 01       		.uleb128 0x1
 1235 00fe 40       		.uleb128 0x40
 1236 00ff 0A       		.uleb128 0xa
 1237 0100 9742     		.uleb128 0x2117
 1238 0102 0C       		.uleb128 0xc
 1239 0103 01       		.uleb128 0x1
 1240 0104 13       		.uleb128 0x13
 1241 0105 00       		.byte	0
 1242 0106 00       		.byte	0
 1243 0107 15       		.uleb128 0x15
 1244 0108 05       		.uleb128 0x5
 1245 0109 00       		.byte	0
 1246 010a 03       		.uleb128 0x3
ARM GAS  /tmp/cc7iEsWa.s 			page 23


 1247 010b 08       		.uleb128 0x8
 1248 010c 3A       		.uleb128 0x3a
 1249 010d 0B       		.uleb128 0xb
 1250 010e 3B       		.uleb128 0x3b
 1251 010f 0B       		.uleb128 0xb
 1252 0110 49       		.uleb128 0x49
 1253 0111 13       		.uleb128 0x13
 1254 0112 02       		.uleb128 0x2
 1255 0113 0A       		.uleb128 0xa
 1256 0114 00       		.byte	0
 1257 0115 00       		.byte	0
 1258 0116 16       		.uleb128 0x16
 1259 0117 05       		.uleb128 0x5
 1260 0118 00       		.byte	0
 1261 0119 03       		.uleb128 0x3
 1262 011a 0E       		.uleb128 0xe
 1263 011b 3A       		.uleb128 0x3a
 1264 011c 0B       		.uleb128 0xb
 1265 011d 3B       		.uleb128 0x3b
 1266 011e 0B       		.uleb128 0xb
 1267 011f 49       		.uleb128 0x49
 1268 0120 13       		.uleb128 0x13
 1269 0121 02       		.uleb128 0x2
 1270 0122 0A       		.uleb128 0xa
 1271 0123 00       		.byte	0
 1272 0124 00       		.byte	0
 1273 0125 17       		.uleb128 0x17
 1274 0126 2E       		.uleb128 0x2e
 1275 0127 01       		.byte	0x1
 1276 0128 3F       		.uleb128 0x3f
 1277 0129 0C       		.uleb128 0xc
 1278 012a 03       		.uleb128 0x3
 1279 012b 0E       		.uleb128 0xe
 1280 012c 3A       		.uleb128 0x3a
 1281 012d 0B       		.uleb128 0xb
 1282 012e 3B       		.uleb128 0x3b
 1283 012f 0B       		.uleb128 0xb
 1284 0130 27       		.uleb128 0x27
 1285 0131 0C       		.uleb128 0xc
 1286 0132 11       		.uleb128 0x11
 1287 0133 01       		.uleb128 0x1
 1288 0134 12       		.uleb128 0x12
 1289 0135 01       		.uleb128 0x1
 1290 0136 40       		.uleb128 0x40
 1291 0137 06       		.uleb128 0x6
 1292 0138 9742     		.uleb128 0x2117
 1293 013a 0C       		.uleb128 0xc
 1294 013b 01       		.uleb128 0x1
 1295 013c 13       		.uleb128 0x13
 1296 013d 00       		.byte	0
 1297 013e 00       		.byte	0
 1298 013f 18       		.uleb128 0x18
 1299 0140 05       		.uleb128 0x5
 1300 0141 00       		.byte	0
 1301 0142 03       		.uleb128 0x3
 1302 0143 08       		.uleb128 0x8
 1303 0144 3A       		.uleb128 0x3a
ARM GAS  /tmp/cc7iEsWa.s 			page 24


 1304 0145 0B       		.uleb128 0xb
 1305 0146 3B       		.uleb128 0x3b
 1306 0147 0B       		.uleb128 0xb
 1307 0148 49       		.uleb128 0x49
 1308 0149 13       		.uleb128 0x13
 1309 014a 02       		.uleb128 0x2
 1310 014b 06       		.uleb128 0x6
 1311 014c 00       		.byte	0
 1312 014d 00       		.byte	0
 1313 014e 19       		.uleb128 0x19
 1314 014f 1D       		.uleb128 0x1d
 1315 0150 01       		.byte	0x1
 1316 0151 31       		.uleb128 0x31
 1317 0152 13       		.uleb128 0x13
 1318 0153 52       		.uleb128 0x52
 1319 0154 01       		.uleb128 0x1
 1320 0155 55       		.uleb128 0x55
 1321 0156 06       		.uleb128 0x6
 1322 0157 58       		.uleb128 0x58
 1323 0158 0B       		.uleb128 0xb
 1324 0159 59       		.uleb128 0x59
 1325 015a 0B       		.uleb128 0xb
 1326 015b 00       		.byte	0
 1327 015c 00       		.byte	0
 1328 015d 1A       		.uleb128 0x1a
 1329 015e 05       		.uleb128 0x5
 1330 015f 00       		.byte	0
 1331 0160 31       		.uleb128 0x31
 1332 0161 13       		.uleb128 0x13
 1333 0162 02       		.uleb128 0x2
 1334 0163 06       		.uleb128 0x6
 1335 0164 00       		.byte	0
 1336 0165 00       		.byte	0
 1337 0166 1B       		.uleb128 0x1b
 1338 0167 0B       		.uleb128 0xb
 1339 0168 01       		.byte	0x1
 1340 0169 55       		.uleb128 0x55
 1341 016a 06       		.uleb128 0x6
 1342 016b 01       		.uleb128 0x1
 1343 016c 13       		.uleb128 0x13
 1344 016d 00       		.byte	0
 1345 016e 00       		.byte	0
 1346 016f 1C       		.uleb128 0x1c
 1347 0170 34       		.uleb128 0x34
 1348 0171 00       		.byte	0
 1349 0172 31       		.uleb128 0x31
 1350 0173 13       		.uleb128 0x13
 1351 0174 02       		.uleb128 0x2
 1352 0175 06       		.uleb128 0x6
 1353 0176 00       		.byte	0
 1354 0177 00       		.byte	0
 1355 0178 1D       		.uleb128 0x1d
 1356 0179 1D       		.uleb128 0x1d
 1357 017a 01       		.byte	0x1
 1358 017b 31       		.uleb128 0x31
 1359 017c 13       		.uleb128 0x13
 1360 017d 52       		.uleb128 0x52
ARM GAS  /tmp/cc7iEsWa.s 			page 25


 1361 017e 01       		.uleb128 0x1
 1362 017f 55       		.uleb128 0x55
 1363 0180 06       		.uleb128 0x6
 1364 0181 58       		.uleb128 0x58
 1365 0182 0B       		.uleb128 0xb
 1366 0183 59       		.uleb128 0x59
 1367 0184 0B       		.uleb128 0xb
 1368 0185 01       		.uleb128 0x1
 1369 0186 13       		.uleb128 0x13
 1370 0187 00       		.byte	0
 1371 0188 00       		.byte	0
 1372 0189 1E       		.uleb128 0x1e
 1373 018a 0B       		.uleb128 0xb
 1374 018b 01       		.byte	0x1
 1375 018c 55       		.uleb128 0x55
 1376 018d 06       		.uleb128 0x6
 1377 018e 00       		.byte	0
 1378 018f 00       		.byte	0
 1379 0190 1F       		.uleb128 0x1f
 1380 0191 2E       		.uleb128 0x2e
 1381 0192 01       		.byte	0x1
 1382 0193 31       		.uleb128 0x31
 1383 0194 13       		.uleb128 0x13
 1384 0195 11       		.uleb128 0x11
 1385 0196 01       		.uleb128 0x1
 1386 0197 12       		.uleb128 0x12
 1387 0198 01       		.uleb128 0x1
 1388 0199 40       		.uleb128 0x40
 1389 019a 06       		.uleb128 0x6
 1390 019b 9642     		.uleb128 0x2116
 1391 019d 0C       		.uleb128 0xc
 1392 019e 01       		.uleb128 0x1
 1393 019f 13       		.uleb128 0x13
 1394 01a0 00       		.byte	0
 1395 01a1 00       		.byte	0
 1396 01a2 20       		.uleb128 0x20
 1397 01a3 2E       		.uleb128 0x2e
 1398 01a4 01       		.byte	0x1
 1399 01a5 3F       		.uleb128 0x3f
 1400 01a6 0C       		.uleb128 0xc
 1401 01a7 03       		.uleb128 0x3
 1402 01a8 0E       		.uleb128 0xe
 1403 01a9 3A       		.uleb128 0x3a
 1404 01aa 0B       		.uleb128 0xb
 1405 01ab 3B       		.uleb128 0x3b
 1406 01ac 0B       		.uleb128 0xb
 1407 01ad 27       		.uleb128 0x27
 1408 01ae 0C       		.uleb128 0xc
 1409 01af 49       		.uleb128 0x49
 1410 01b0 13       		.uleb128 0x13
 1411 01b1 11       		.uleb128 0x11
 1412 01b2 01       		.uleb128 0x1
 1413 01b3 12       		.uleb128 0x12
 1414 01b4 01       		.uleb128 0x1
 1415 01b5 40       		.uleb128 0x40
 1416 01b6 06       		.uleb128 0x6
 1417 01b7 9642     		.uleb128 0x2116
ARM GAS  /tmp/cc7iEsWa.s 			page 26


 1418 01b9 0C       		.uleb128 0xc
 1419 01ba 01       		.uleb128 0x1
 1420 01bb 13       		.uleb128 0x13
 1421 01bc 00       		.byte	0
 1422 01bd 00       		.byte	0
 1423 01be 21       		.uleb128 0x21
 1424 01bf 34       		.uleb128 0x34
 1425 01c0 00       		.byte	0
 1426 01c1 03       		.uleb128 0x3
 1427 01c2 0E       		.uleb128 0xe
 1428 01c3 3A       		.uleb128 0x3a
 1429 01c4 0B       		.uleb128 0xb
 1430 01c5 3B       		.uleb128 0x3b
 1431 01c6 0B       		.uleb128 0xb
 1432 01c7 49       		.uleb128 0x49
 1433 01c8 13       		.uleb128 0x13
 1434 01c9 02       		.uleb128 0x2
 1435 01ca 0A       		.uleb128 0xa
 1436 01cb 00       		.byte	0
 1437 01cc 00       		.byte	0
 1438 01cd 22       		.uleb128 0x22
 1439 01ce 0B       		.uleb128 0xb
 1440 01cf 01       		.byte	0x1
 1441 01d0 11       		.uleb128 0x11
 1442 01d1 01       		.uleb128 0x1
 1443 01d2 12       		.uleb128 0x12
 1444 01d3 01       		.uleb128 0x1
 1445 01d4 01       		.uleb128 0x1
 1446 01d5 13       		.uleb128 0x13
 1447 01d6 00       		.byte	0
 1448 01d7 00       		.byte	0
 1449 01d8 23       		.uleb128 0x23
 1450 01d9 34       		.uleb128 0x34
 1451 01da 00       		.byte	0
 1452 01db 03       		.uleb128 0x3
 1453 01dc 08       		.uleb128 0x8
 1454 01dd 3A       		.uleb128 0x3a
 1455 01de 0B       		.uleb128 0xb
 1456 01df 3B       		.uleb128 0x3b
 1457 01e0 0B       		.uleb128 0xb
 1458 01e1 49       		.uleb128 0x49
 1459 01e2 13       		.uleb128 0x13
 1460 01e3 02       		.uleb128 0x2
 1461 01e4 06       		.uleb128 0x6
 1462 01e5 00       		.byte	0
 1463 01e6 00       		.byte	0
 1464 01e7 24       		.uleb128 0x24
 1465 01e8 0B       		.uleb128 0xb
 1466 01e9 01       		.byte	0x1
 1467 01ea 11       		.uleb128 0x11
 1468 01eb 01       		.uleb128 0x1
 1469 01ec 12       		.uleb128 0x12
 1470 01ed 01       		.uleb128 0x1
 1471 01ee 00       		.byte	0
 1472 01ef 00       		.byte	0
 1473 01f0 25       		.uleb128 0x25
 1474 01f1 2E       		.uleb128 0x2e
ARM GAS  /tmp/cc7iEsWa.s 			page 27


 1475 01f2 01       		.byte	0x1
 1476 01f3 31       		.uleb128 0x31
 1477 01f4 13       		.uleb128 0x13
 1478 01f5 11       		.uleb128 0x11
 1479 01f6 01       		.uleb128 0x1
 1480 01f7 12       		.uleb128 0x12
 1481 01f8 01       		.uleb128 0x1
 1482 01f9 40       		.uleb128 0x40
 1483 01fa 0A       		.uleb128 0xa
 1484 01fb 9742     		.uleb128 0x2117
 1485 01fd 0C       		.uleb128 0xc
 1486 01fe 01       		.uleb128 0x1
 1487 01ff 13       		.uleb128 0x13
 1488 0200 00       		.byte	0
 1489 0201 00       		.byte	0
 1490 0202 26       		.uleb128 0x26
 1491 0203 05       		.uleb128 0x5
 1492 0204 00       		.byte	0
 1493 0205 31       		.uleb128 0x31
 1494 0206 13       		.uleb128 0x13
 1495 0207 02       		.uleb128 0x2
 1496 0208 0A       		.uleb128 0xa
 1497 0209 00       		.byte	0
 1498 020a 00       		.byte	0
 1499 020b 27       		.uleb128 0x27
 1500 020c 34       		.uleb128 0x34
 1501 020d 00       		.byte	0
 1502 020e 31       		.uleb128 0x31
 1503 020f 13       		.uleb128 0x13
 1504 0210 02       		.uleb128 0x2
 1505 0211 0A       		.uleb128 0xa
 1506 0212 00       		.byte	0
 1507 0213 00       		.byte	0
 1508 0214 28       		.uleb128 0x28
 1509 0215 2E       		.uleb128 0x2e
 1510 0216 01       		.byte	0x1
 1511 0217 31       		.uleb128 0x31
 1512 0218 13       		.uleb128 0x13
 1513 0219 11       		.uleb128 0x11
 1514 021a 01       		.uleb128 0x1
 1515 021b 12       		.uleb128 0x12
 1516 021c 01       		.uleb128 0x1
 1517 021d 40       		.uleb128 0x40
 1518 021e 0A       		.uleb128 0xa
 1519 021f 9742     		.uleb128 0x2117
 1520 0221 0C       		.uleb128 0xc
 1521 0222 00       		.byte	0
 1522 0223 00       		.byte	0
 1523 0224 00       		.byte	0
 1524              		.section	.debug_loc,"",%progbits
 1525              	.Ldebug_loc0:
 1526              	.LLST0:
 1527 0000 00000000 		.4byte	.LFB8
 1528 0004 02000000 		.4byte	.LCFI0
 1529 0008 0200     		.2byte	0x2
 1530 000a 7D       		.byte	0x7d
 1531 000b 00       		.sleb128 0
ARM GAS  /tmp/cc7iEsWa.s 			page 28


 1532 000c 02000000 		.4byte	.LCFI0
 1533 0010 78000000 		.4byte	.LFE8
 1534 0014 0200     		.2byte	0x2
 1535 0016 7D       		.byte	0x7d
 1536 0017 0C       		.sleb128 12
 1537 0018 00000000 		.4byte	0
 1538 001c 00000000 		.4byte	0
 1539              	.LLST1:
 1540 0020 00000000 		.4byte	.LVL1
 1541 0024 22000000 		.4byte	.LVL9
 1542 0028 0100     		.2byte	0x1
 1543 002a 51       		.byte	0x51
 1544 002b 22000000 		.4byte	.LVL9
 1545 002f 3E000000 		.4byte	.LVL16
 1546 0033 0200     		.2byte	0x2
 1547 0035 70       		.byte	0x70
 1548 0036 00       		.sleb128 0
 1549 0037 00000000 		.4byte	0
 1550 003b 00000000 		.4byte	0
 1551              	.LLST2:
 1552 003f 00000000 		.4byte	.LVL1
 1553 0043 08000000 		.4byte	.LVL2
 1554 0047 0100     		.2byte	0x1
 1555 0049 52       		.byte	0x52
 1556 004a 08000000 		.4byte	.LVL2
 1557 004e 3C000000 		.4byte	.LVL15
 1558 0052 0300     		.2byte	0x3
 1559 0054 72       		.byte	0x72
 1560 0055 01       		.sleb128 1
 1561 0056 9F       		.byte	0x9f
 1562 0057 3C000000 		.4byte	.LVL15
 1563 005b 3E000000 		.4byte	.LVL16
 1564 005f 0300     		.2byte	0x3
 1565 0061 72       		.byte	0x72
 1566 0062 02       		.sleb128 2
 1567 0063 9F       		.byte	0x9f
 1568 0064 00000000 		.4byte	0
 1569 0068 00000000 		.4byte	0
 1570              	.LLST3:
 1571 006c 0C000000 		.4byte	.LVL3
 1572 0070 22000000 		.4byte	.LVL9
 1573 0074 0100     		.2byte	0x1
 1574 0076 51       		.byte	0x51
 1575 0077 22000000 		.4byte	.LVL9
 1576 007b 26000000 		.4byte	.LVL10
 1577 007f 0200     		.2byte	0x2
 1578 0081 70       		.byte	0x70
 1579 0082 00       		.sleb128 0
 1580 0083 00000000 		.4byte	0
 1581 0087 00000000 		.4byte	0
 1582              	.LLST4:
 1583 008b 0C000000 		.4byte	.LVL3
 1584 008f 74000000 		.4byte	.LVL25
 1585 0093 0100     		.2byte	0x1
 1586 0095 50       		.byte	0x50
 1587 0096 00000000 		.4byte	0
 1588 009a 00000000 		.4byte	0
ARM GAS  /tmp/cc7iEsWa.s 			page 29


 1589              	.LLST5:
 1590 009e 12000000 		.4byte	.LVL5
 1591 00a2 16000000 		.4byte	.LVL6
 1592 00a6 0100     		.2byte	0x1
 1593 00a8 53       		.byte	0x53
 1594 00a9 2C000000 		.4byte	.LVL11
 1595 00ad 30000000 		.4byte	.LVL12
 1596 00b1 0100     		.2byte	0x1
 1597 00b3 53       		.byte	0x53
 1598 00b4 46000000 		.4byte	.LVL17
 1599 00b8 4A000000 		.4byte	.LVL18
 1600 00bc 0100     		.2byte	0x1
 1601 00be 53       		.byte	0x53
 1602 00bf 5E000000 		.4byte	.LVL21
 1603 00c3 62000000 		.4byte	.LVL22
 1604 00c7 0100     		.2byte	0x1
 1605 00c9 53       		.byte	0x53
 1606 00ca 00000000 		.4byte	0
 1607 00ce 00000000 		.4byte	0
 1608              	.LLST6:
 1609 00d2 12000000 		.4byte	.LVL5
 1610 00d6 22000000 		.4byte	.LVL9
 1611 00da 0100     		.2byte	0x1
 1612 00dc 51       		.byte	0x51
 1613 00dd 22000000 		.4byte	.LVL9
 1614 00e1 2C000000 		.4byte	.LVL11
 1615 00e5 0200     		.2byte	0x2
 1616 00e7 70       		.byte	0x70
 1617 00e8 00       		.sleb128 0
 1618 00e9 00000000 		.4byte	0
 1619 00ed 00000000 		.4byte	0
 1620              	.LLST7:
 1621 00f1 12000000 		.4byte	.LVL5
 1622 00f5 74000000 		.4byte	.LVL25
 1623 00f9 0100     		.2byte	0x1
 1624 00fb 50       		.byte	0x50
 1625 00fc 00000000 		.4byte	0
 1626 0100 00000000 		.4byte	0
 1627              	.LLST9:
 1628 0104 1E000000 		.4byte	.LVL7
 1629 0108 20000000 		.4byte	.LVL8
 1630 010c 0100     		.2byte	0x1
 1631 010e 53       		.byte	0x53
 1632 010f 38000000 		.4byte	.LVL13
 1633 0113 3A000000 		.4byte	.LVL14
 1634 0117 0100     		.2byte	0x1
 1635 0119 53       		.byte	0x53
 1636 011a 52000000 		.4byte	.LVL19
 1637 011e 5A000000 		.4byte	.LVL20
 1638 0122 0100     		.2byte	0x1
 1639 0124 53       		.byte	0x53
 1640 0125 6A000000 		.4byte	.LVL23
 1641 0129 6C000000 		.4byte	.LVL24
 1642 012d 0100     		.2byte	0x1
 1643 012f 53       		.byte	0x53
 1644 0130 00000000 		.4byte	0
 1645 0134 00000000 		.4byte	0
ARM GAS  /tmp/cc7iEsWa.s 			page 30


 1646              	.LLST10:
 1647 0138 00000000 		.4byte	.LFB9
 1648 013c 02000000 		.4byte	.LCFI1
 1649 0140 0200     		.2byte	0x2
 1650 0142 7D       		.byte	0x7d
 1651 0143 00       		.sleb128 0
 1652 0144 02000000 		.4byte	.LCFI1
 1653 0148 18000000 		.4byte	.LFE9
 1654 014c 0200     		.2byte	0x2
 1655 014e 7D       		.byte	0x7d
 1656 014f 08       		.sleb128 8
 1657 0150 00000000 		.4byte	0
 1658 0154 00000000 		.4byte	0
 1659              	.LLST11:
 1660 0158 00000000 		.4byte	.LVL26
 1661 015c 06000000 		.4byte	.LVL27
 1662 0160 0100     		.2byte	0x1
 1663 0162 50       		.byte	0x50
 1664 0163 06000000 		.4byte	.LVL27
 1665 0167 15000000 		.4byte	.LVL29-1
 1666 016b 0100     		.2byte	0x1
 1667 016d 53       		.byte	0x53
 1668 016e 15000000 		.4byte	.LVL29-1
 1669 0172 18000000 		.4byte	.LFE9
 1670 0176 0400     		.2byte	0x4
 1671 0178 F3       		.byte	0xf3
 1672 0179 01       		.uleb128 0x1
 1673 017a 50       		.byte	0x50
 1674 017b 9F       		.byte	0x9f
 1675 017c 00000000 		.4byte	0
 1676 0180 00000000 		.4byte	0
 1677              	.LLST12:
 1678 0184 06000000 		.4byte	.LVL27
 1679 0188 14000000 		.4byte	.LVL28
 1680 018c 0100     		.2byte	0x1
 1681 018e 50       		.byte	0x50
 1682 018f 14000000 		.4byte	.LVL28
 1683 0193 15000000 		.4byte	.LVL29-1
 1684 0197 0200     		.2byte	0x2
 1685 0199 73       		.byte	0x73
 1686 019a 00       		.sleb128 0
 1687 019b 16000000 		.4byte	.LVL29
 1688 019f 18000000 		.4byte	.LFE9
 1689 01a3 0100     		.2byte	0x1
 1690 01a5 50       		.byte	0x50
 1691 01a6 00000000 		.4byte	0
 1692 01aa 00000000 		.4byte	0
 1693              	.LLST13:
 1694 01ae 00000000 		.4byte	.LFB10
 1695 01b2 02000000 		.4byte	.LCFI2
 1696 01b6 0200     		.2byte	0x2
 1697 01b8 7D       		.byte	0x7d
 1698 01b9 00       		.sleb128 0
 1699 01ba 02000000 		.4byte	.LCFI2
 1700 01be 26000000 		.4byte	.LFE10
 1701 01c2 0200     		.2byte	0x2
 1702 01c4 7D       		.byte	0x7d
ARM GAS  /tmp/cc7iEsWa.s 			page 31


 1703 01c5 08       		.sleb128 8
 1704 01c6 00000000 		.4byte	0
 1705 01ca 00000000 		.4byte	0
 1706              	.LLST14:
 1707 01ce 00000000 		.4byte	.LVL30
 1708 01d2 0C000000 		.4byte	.LVL33
 1709 01d6 0100     		.2byte	0x1
 1710 01d8 50       		.byte	0x50
 1711 01d9 0C000000 		.4byte	.LVL33
 1712 01dd 12000000 		.4byte	.LVL34
 1713 01e1 0100     		.2byte	0x1
 1714 01e3 52       		.byte	0x52
 1715 01e4 12000000 		.4byte	.LVL34
 1716 01e8 1A000000 		.4byte	.LVL37
 1717 01ec 0400     		.2byte	0x4
 1718 01ee F3       		.byte	0xf3
 1719 01ef 01       		.uleb128 0x1
 1720 01f0 50       		.byte	0x50
 1721 01f1 9F       		.byte	0x9f
 1722 01f2 1A000000 		.4byte	.LVL37
 1723 01f6 23000000 		.4byte	.LVL40-1
 1724 01fa 0100     		.2byte	0x1
 1725 01fc 52       		.byte	0x52
 1726 01fd 23000000 		.4byte	.LVL40-1
 1727 0201 26000000 		.4byte	.LFE10
 1728 0205 0400     		.2byte	0x4
 1729 0207 F3       		.byte	0xf3
 1730 0208 01       		.uleb128 0x1
 1731 0209 50       		.byte	0x50
 1732 020a 9F       		.byte	0x9f
 1733 020b 00000000 		.4byte	0
 1734 020f 00000000 		.4byte	0
 1735              	.LLST15:
 1736 0213 0A000000 		.4byte	.LVL32
 1737 0217 14000000 		.4byte	.LVL35
 1738 021b 0100     		.2byte	0x1
 1739 021d 53       		.byte	0x53
 1740 021e 1A000000 		.4byte	.LVL37
 1741 0222 1C000000 		.4byte	.LVL38
 1742 0226 0100     		.2byte	0x1
 1743 0228 53       		.byte	0x53
 1744 0229 00000000 		.4byte	0
 1745 022d 00000000 		.4byte	0
 1746              	.LLST16:
 1747 0231 0A000000 		.4byte	.LVL32
 1748 0235 0C000000 		.4byte	.LVL33
 1749 0239 0100     		.2byte	0x1
 1750 023b 50       		.byte	0x50
 1751 023c 0C000000 		.4byte	.LVL33
 1752 0240 12000000 		.4byte	.LVL34
 1753 0244 0100     		.2byte	0x1
 1754 0246 52       		.byte	0x52
 1755 0247 12000000 		.4byte	.LVL34
 1756 024b 1A000000 		.4byte	.LVL37
 1757 024f 0400     		.2byte	0x4
 1758 0251 F3       		.byte	0xf3
 1759 0252 01       		.uleb128 0x1
ARM GAS  /tmp/cc7iEsWa.s 			page 32


 1760 0253 50       		.byte	0x50
 1761 0254 9F       		.byte	0x9f
 1762 0255 1A000000 		.4byte	.LVL37
 1763 0259 23000000 		.4byte	.LVL40-1
 1764 025d 0100     		.2byte	0x1
 1765 025f 52       		.byte	0x52
 1766 0260 23000000 		.4byte	.LVL40-1
 1767 0264 26000000 		.4byte	.LFE10
 1768 0268 0400     		.2byte	0x4
 1769 026a F3       		.byte	0xf3
 1770 026b 01       		.uleb128 0x1
 1771 026c 50       		.byte	0x50
 1772 026d 9F       		.byte	0x9f
 1773 026e 00000000 		.4byte	0
 1774 0272 00000000 		.4byte	0
 1775              	.LLST17:
 1776 0276 0C000000 		.4byte	.LVL33
 1777 027a 22000000 		.4byte	.LVL39
 1778 027e 0100     		.2byte	0x1
 1779 0280 50       		.byte	0x50
 1780 0281 22000000 		.4byte	.LVL39
 1781 0285 23000000 		.4byte	.LVL40-1
 1782 0289 0200     		.2byte	0x2
 1783 028b 72       		.byte	0x72
 1784 028c 00       		.sleb128 0
 1785 028d 24000000 		.4byte	.LVL40
 1786 0291 26000000 		.4byte	.LFE10
 1787 0295 0100     		.2byte	0x1
 1788 0297 50       		.byte	0x50
 1789 0298 00000000 		.4byte	0
 1790 029c 00000000 		.4byte	0
 1791              	.LLST18:
 1792 02a0 18000000 		.4byte	.LVL36
 1793 02a4 1A000000 		.4byte	.LVL37
 1794 02a8 0100     		.2byte	0x1
 1795 02aa 53       		.byte	0x53
 1796 02ab 00000000 		.4byte	0
 1797 02af 00000000 		.4byte	0
 1798              	.LLST19:
 1799 02b3 06000000 		.4byte	.LVL44
 1800 02b7 0A000000 		.4byte	.LVL45
 1801 02bb 0100     		.2byte	0x1
 1802 02bd 53       		.byte	0x53
 1803 02be 00000000 		.4byte	0
 1804 02c2 00000000 		.4byte	0
 1805              	.LLST20:
 1806 02c6 12000000 		.4byte	.LVL46
 1807 02ca 14000000 		.4byte	.LFE12
 1808 02ce 0100     		.2byte	0x1
 1809 02d0 53       		.byte	0x53
 1810 02d1 00000000 		.4byte	0
 1811 02d5 00000000 		.4byte	0
 1812              		.section	.debug_aranges,"",%progbits
 1813 0000 44000000 		.4byte	0x44
 1814 0004 0200     		.2byte	0x2
 1815 0006 00000000 		.4byte	.Ldebug_info0
 1816 000a 04       		.byte	0x4
ARM GAS  /tmp/cc7iEsWa.s 			page 33


 1817 000b 00       		.byte	0
 1818 000c 0000     		.2byte	0
 1819 000e 0000     		.2byte	0
 1820 0010 00000000 		.4byte	.LFB7
 1821 0014 0A000000 		.4byte	.LFE7-.LFB7
 1822 0018 00000000 		.4byte	.LFB8
 1823 001c 78000000 		.4byte	.LFE8-.LFB8
 1824 0020 00000000 		.4byte	.LFB9
 1825 0024 18000000 		.4byte	.LFE9-.LFB9
 1826 0028 00000000 		.4byte	.LFB10
 1827 002c 26000000 		.4byte	.LFE10-.LFB10
 1828 0030 00000000 		.4byte	.LFB11
 1829 0034 08000000 		.4byte	.LFE11-.LFB11
 1830 0038 00000000 		.4byte	.LFB12
 1831 003c 14000000 		.4byte	.LFE12-.LFB12
 1832 0040 00000000 		.4byte	0
 1833 0044 00000000 		.4byte	0
 1834              		.section	.debug_ranges,"",%progbits
 1835              	.Ldebug_ranges0:
 1836 0000 0C000000 		.4byte	.LBB16
 1837 0004 1E000000 		.4byte	.LBE16
 1838 0008 26000000 		.4byte	.LBB45
 1839 000c 38000000 		.4byte	.LBE45
 1840 0010 40000000 		.4byte	.LBB46
 1841 0014 52000000 		.4byte	.LBE46
 1842 0018 58000000 		.4byte	.LBB47
 1843 001c 6A000000 		.4byte	.LBE47
 1844 0020 00000000 		.4byte	0
 1845 0024 00000000 		.4byte	0
 1846 0028 0C000000 		.4byte	.LBB17
 1847 002c 12000000 		.4byte	.LBE17
 1848 0030 26000000 		.4byte	.LBB30
 1849 0034 2C000000 		.4byte	.LBE30
 1850 0038 40000000 		.4byte	.LBB35
 1851 003c 46000000 		.4byte	.LBE35
 1852 0040 58000000 		.4byte	.LBB40
 1853 0044 5E000000 		.4byte	.LBE40
 1854 0048 00000000 		.4byte	0
 1855 004c 00000000 		.4byte	0
 1856 0050 12000000 		.4byte	.LBB18
 1857 0054 14000000 		.4byte	.LBE18
 1858 0058 16000000 		.4byte	.LBB28
 1859 005c 1A000000 		.4byte	.LBE28
 1860 0060 2C000000 		.4byte	.LBB31
 1861 0064 2E000000 		.4byte	.LBE31
 1862 0068 30000000 		.4byte	.LBB33
 1863 006c 34000000 		.4byte	.LBE33
 1864 0070 46000000 		.4byte	.LBB36
 1865 0074 48000000 		.4byte	.LBE36
 1866 0078 4A000000 		.4byte	.LBB38
 1867 007c 4E000000 		.4byte	.LBE38
 1868 0080 5E000000 		.4byte	.LBB41
 1869 0084 60000000 		.4byte	.LBE41
 1870 0088 62000000 		.4byte	.LBB43
 1871 008c 66000000 		.4byte	.LBE43
 1872 0090 00000000 		.4byte	0
 1873 0094 00000000 		.4byte	0
ARM GAS  /tmp/cc7iEsWa.s 			page 34


 1874 0098 12000000 		.4byte	.LBB19
 1875 009c 14000000 		.4byte	.LBE19
 1876 00a0 16000000 		.4byte	.LBB20
 1877 00a4 1A000000 		.4byte	.LBE20
 1878 00a8 2C000000 		.4byte	.LBB21
 1879 00ac 2E000000 		.4byte	.LBE21
 1880 00b0 30000000 		.4byte	.LBB22
 1881 00b4 34000000 		.4byte	.LBE22
 1882 00b8 46000000 		.4byte	.LBB23
 1883 00bc 48000000 		.4byte	.LBE23
 1884 00c0 4A000000 		.4byte	.LBB24
 1885 00c4 4E000000 		.4byte	.LBE24
 1886 00c8 5E000000 		.4byte	.LBB25
 1887 00cc 60000000 		.4byte	.LBE25
 1888 00d0 62000000 		.4byte	.LBB26
 1889 00d4 66000000 		.4byte	.LBE26
 1890 00d8 00000000 		.4byte	0
 1891 00dc 00000000 		.4byte	0
 1892 00e0 14000000 		.4byte	.LBB27
 1893 00e4 16000000 		.4byte	.LBE27
 1894 00e8 1A000000 		.4byte	.LBB29
 1895 00ec 1E000000 		.4byte	.LBE29
 1896 00f0 2E000000 		.4byte	.LBB32
 1897 00f4 30000000 		.4byte	.LBE32
 1898 00f8 34000000 		.4byte	.LBB34
 1899 00fc 38000000 		.4byte	.LBE34
 1900 0100 48000000 		.4byte	.LBB37
 1901 0104 4A000000 		.4byte	.LBE37
 1902 0108 4E000000 		.4byte	.LBB39
 1903 010c 52000000 		.4byte	.LBE39
 1904 0110 60000000 		.4byte	.LBB42
 1905 0114 62000000 		.4byte	.LBE42
 1906 0118 66000000 		.4byte	.LBB44
 1907 011c 6A000000 		.4byte	.LBE44
 1908 0120 00000000 		.4byte	0
 1909 0124 00000000 		.4byte	0
 1910 0128 0A000000 		.4byte	.LBB49
 1911 012c 12000000 		.4byte	.LBE49
 1912 0130 1A000000 		.4byte	.LBB53
 1913 0134 26000000 		.4byte	.LBE53
 1914 0138 00000000 		.4byte	0
 1915 013c 00000000 		.4byte	0
 1916 0140 0A000000 		.4byte	.LBB50
 1917 0144 12000000 		.4byte	.LBE50
 1918 0148 1A000000 		.4byte	.LBB51
 1919 014c 26000000 		.4byte	.LBE51
 1920 0150 00000000 		.4byte	0
 1921 0154 00000000 		.4byte	0
 1922 0158 06000000 		.4byte	.LBB55
 1923 015c 08000000 		.4byte	.LBE55
 1924 0160 0A000000 		.4byte	.LBB59
 1925 0164 0E000000 		.4byte	.LBE59
 1926 0168 00000000 		.4byte	0
 1927 016c 00000000 		.4byte	0
 1928 0170 06000000 		.4byte	.LBB56
 1929 0174 08000000 		.4byte	.LBE56
 1930 0178 0A000000 		.4byte	.LBB57
ARM GAS  /tmp/cc7iEsWa.s 			page 35


 1931 017c 0E000000 		.4byte	.LBE57
 1932 0180 00000000 		.4byte	0
 1933 0184 00000000 		.4byte	0
 1934 0188 08000000 		.4byte	.LBB58
 1935 018c 0A000000 		.4byte	.LBE58
 1936 0190 0E000000 		.4byte	.LBB60
 1937 0194 14000000 		.4byte	.LBE60
 1938 0198 00000000 		.4byte	0
 1939 019c 00000000 		.4byte	0
 1940 01a0 00000000 		.4byte	.LFB7
 1941 01a4 0A000000 		.4byte	.LFE7
 1942 01a8 00000000 		.4byte	.LFB8
 1943 01ac 78000000 		.4byte	.LFE8
 1944 01b0 00000000 		.4byte	.LFB9
 1945 01b4 18000000 		.4byte	.LFE9
 1946 01b8 00000000 		.4byte	.LFB10
 1947 01bc 26000000 		.4byte	.LFE10
 1948 01c0 00000000 		.4byte	.LFB11
 1949 01c4 08000000 		.4byte	.LFE11
 1950 01c8 00000000 		.4byte	.LFB12
 1951 01cc 14000000 		.4byte	.LFE12
 1952 01d0 00000000 		.4byte	0
 1953 01d4 00000000 		.4byte	0
 1954              		.section	.debug_line,"",%progbits
 1955              	.Ldebug_line0:
 1956 0000 EB010000 		.section	.debug_str,"MS",%progbits,1
 1956      02000001 
 1956      00000201 
 1956      FB0E0D00 
 1956      01010101 
 1957              	.LASF2:
 1958 0000 73697A65 		.ascii	"size_t\000"
 1958      5F7400
 1959              	.LASF17:
 1960 0007 6D705F6F 		.ascii	"mp_object_size\000"
 1960      626A6563 
 1960      745F7369 
 1960      7A6500
 1961              	.LASF27:
 1962 0016 6368506F 		.ascii	"chPoolLoadArray\000"
 1962      6F6C4C6F 
 1962      61644172 
 1962      72617900 
 1963              	.LASF31:
 1964 0026 706F6F6C 		.ascii	"pool_header\000"
 1964      5F686561 
 1964      64657200 
 1965              	.LASF24:
 1966 0032 73697A65 		.ascii	"size\000"
 1966      00
 1967              	.LASF9:
 1968 0037 6C6F6E67 		.ascii	"long unsigned int\000"
 1968      20756E73 
 1968      69676E65 
 1968      6420696E 
 1968      7400
 1969              	.LASF6:
ARM GAS  /tmp/cc7iEsWa.s 			page 36


 1970 0049 73686F72 		.ascii	"short unsigned int\000"
 1970      7420756E 
 1970      7369676E 
 1970      65642069 
 1970      6E7400
 1971              	.LASF25:
 1972 005c 70726F76 		.ascii	"provider\000"
 1972      69646572 
 1972      00
 1973              	.LASF22:
 1974 0065 6368506F 		.ascii	"chPoolFreeI\000"
 1974      6F6C4672 
 1974      65654900 
 1975              	.LASF29:
 1976 0071 2E2E2F2E 		.ascii	"../../os/kernel/src/chmempools.c\000"
 1976      2E2F6F73 
 1976      2F6B6572 
 1976      6E656C2F 
 1976      7372632F 
 1977              	.LASF4:
 1978 0092 756E7369 		.ascii	"unsigned char\000"
 1978      676E6564 
 1978      20636861 
 1978      7200
 1979              	.LASF30:
 1980 00a0 2F686F6D 		.ascii	"/home/witold/Dokumenty/arm/ChibiOS-master/demos/sli"
 1980      652F7769 
 1980      746F6C64 
 1980      2F446F6B 
 1980      756D656E 
 1981 00d3 64657200 		.ascii	"der\000"
 1982              	.LASF23:
 1983 00d7 6368506F 		.ascii	"chPoolFree\000"
 1983      6F6C4672 
 1983      656500
 1984              	.LASF19:
 1985 00e2 4D656D6F 		.ascii	"MemoryPool\000"
 1985      7279506F 
 1985      6F6C00
 1986              	.LASF21:
 1987 00ed 6F626A70 		.ascii	"objp\000"
 1987      00
 1988              	.LASF32:
 1989 00f2 6368506F 		.ascii	"chPoolAllocI\000"
 1989      6F6C416C 
 1989      6C6F6349 
 1989      00
 1990              	.LASF0:
 1991 00ff 756E7369 		.ascii	"unsigned int\000"
 1991      676E6564 
 1991      20696E74 
 1991      00
 1992              	.LASF28:
 1993 010c 474E5520 		.ascii	"GNU C 4.7.4 20130613 (release) [ARM/embedded-4_7-br"
 1993      4320342E 
 1993      372E3420 
 1993      32303133 
ARM GAS  /tmp/cc7iEsWa.s 			page 37


 1993      30363133 
 1994 013f 616E6368 		.ascii	"anch revision 200083]\000"
 1994      20726576 
 1994      6973696F 
 1994      6E203230 
 1994      30303833 
 1995              	.LASF11:
 1996 0155 6C6F6E67 		.ascii	"long long unsigned int\000"
 1996      206C6F6E 
 1996      6720756E 
 1996      7369676E 
 1996      65642069 
 1997              	.LASF3:
 1998 016c 75696E74 		.ascii	"uint8_t\000"
 1998      385F7400 
 1999              	.LASF15:
 2000 0174 70685F6E 		.ascii	"ph_next\000"
 2000      65787400 
 2001              	.LASF13:
 2002 017c 73697A65 		.ascii	"sizetype\000"
 2002      74797065 
 2002      00
 2003              	.LASF10:
 2004 0185 6C6F6E67 		.ascii	"long long int\000"
 2004      206C6F6E 
 2004      6720696E 
 2004      7400
 2005              	.LASF20:
 2006 0193 63686172 		.ascii	"char\000"
 2006      00
 2007              	.LASF14:
 2008 0198 6D656D67 		.ascii	"memgetfunc_t\000"
 2008      65746675 
 2008      6E635F74 
 2008      00
 2009              	.LASF18:
 2010 01a5 6D705F70 		.ascii	"mp_provider\000"
 2010      726F7669 
 2010      64657200 
 2011              	.LASF5:
 2012 01b1 73686F72 		.ascii	"short int\000"
 2012      7420696E 
 2012      7400
 2013              	.LASF33:
 2014 01bb 6368506F 		.ascii	"chPoolAlloc\000"
 2014      6F6C416C 
 2014      6C6F6300 
 2015              	.LASF8:
 2016 01c7 75696E74 		.ascii	"uint32_t\000"
 2016      33325F74 
 2016      00
 2017              	.LASF7:
 2018 01d0 6C6F6E67 		.ascii	"long int\000"
 2018      20696E74 
 2018      00
 2019              	.LASF1:
 2020 01d9 7369676E 		.ascii	"signed char\000"
ARM GAS  /tmp/cc7iEsWa.s 			page 38


 2020      65642063 
 2020      68617200 
 2021              	.LASF16:
 2022 01e5 6D705F6E 		.ascii	"mp_next\000"
 2022      65787400 
 2023              	.LASF12:
 2024 01ed 5F426F6F 		.ascii	"_Bool\000"
 2024      6C00
 2025              	.LASF26:
 2026 01f3 6368506F 		.ascii	"chPoolInit\000"
 2026      6F6C496E 
 2026      697400
 2027              		.ident	"GCC: (GNU Tools for ARM Embedded Processors) 4.7.4 20130613 (release) [ARM/embedded-4_7-br
ARM GAS  /tmp/cc7iEsWa.s 			page 39


DEFINED SYMBOLS
                            *ABS*:00000000 chmempools.c
     /tmp/cc7iEsWa.s:21     .text.chPoolInit:00000000 $t
     /tmp/cc7iEsWa.s:27     .text.chPoolInit:00000000 chPoolInit
     /tmp/cc7iEsWa.s:48     .text.chPoolLoadArray:00000000 $t
     /tmp/cc7iEsWa.s:54     .text.chPoolLoadArray:00000000 chPoolLoadArray
     /tmp/cc7iEsWa.s:274    .text.chPoolAllocI:00000000 $t
     /tmp/cc7iEsWa.s:280    .text.chPoolAllocI:00000000 chPoolAllocI
     /tmp/cc7iEsWa.s:318    .text.chPoolAlloc:00000000 $t
     /tmp/cc7iEsWa.s:324    .text.chPoolAlloc:00000000 chPoolAlloc
     /tmp/cc7iEsWa.s:394    .text.chPoolFreeI:00000000 $t
     /tmp/cc7iEsWa.s:400    .text.chPoolFreeI:00000000 chPoolFreeI
     /tmp/cc7iEsWa.s:418    .text.chPoolFree:00000000 $t
     /tmp/cc7iEsWa.s:424    .text.chPoolFree:00000000 chPoolFree
                     .debug_frame:00000010 $d

NO UNDEFINED SYMBOLS
