ARM GAS  /tmp/ccJBzCFb.s 			page 1


   1              		.syntax unified
   2              		.cpu cortex-m4
   3              		.eabi_attribute 27, 3
   4              		.eabi_attribute 28, 1
   5              		.fpu fpv4-sp-d16
   6              		.eabi_attribute 20, 1
   7              		.eabi_attribute 21, 1
   8              		.eabi_attribute 23, 3
   9              		.eabi_attribute 24, 1
  10              		.eabi_attribute 25, 1
  11              		.eabi_attribute 26, 1
  12              		.eabi_attribute 30, 2
  13              		.eabi_attribute 34, 1
  14              		.eabi_attribute 18, 4
  15              		.thumb
  16              		.file	"vectors.c"
  17              		.text
  18              	.Ltext0:
  19              		.cfi_sections	.debug_frame
  20              		.section	.text._unhandled_exception,"ax",%progbits
  21              		.align	2
  22              		.p2align 4,,15
  23              		.global	_unhandled_exception
  24              		.thumb
  25              		.thumb_func
  26              		.type	_unhandled_exception, %function
  27              	_unhandled_exception:
  28              	.LFB7:
  29              		.file 1 "../../os/ports/GCC/ARMCMx/STM32F4xx/vectors.c"
  30              		.loc 1 208 0
  31              		.cfi_startproc
  32              		@ Naked Function: prologue and epilogue provided by programmer.
  33              		@ Volatile: function does not return.
  34              		@ args = 0, pretend = 0, frame = 0
  35              		@ frame_needed = 0, uses_anonymous_args = 0
  36              	.L2:
  37 0000 FEE7     		b	.L2
  38              		.cfi_endproc
  39              	.LFE7:
  40              		.size	_unhandled_exception, .-_unhandled_exception
  41              		.weak	HardFaultVector
  42              		.thumb_set HardFaultVector,_unhandled_exception
  43              		.weak	MemManageVector
  44              		.thumb_set MemManageVector,_unhandled_exception
  45              		.weak	BusFaultVector
  46              		.thumb_set BusFaultVector,_unhandled_exception
  47              		.weak	UsageFaultVector
  48              		.thumb_set UsageFaultVector,_unhandled_exception
  49              		.weak	Vector1C
  50              		.thumb_set Vector1C,_unhandled_exception
  51              		.weak	Vector20
  52              		.thumb_set Vector20,_unhandled_exception
  53              		.weak	Vector24
  54              		.thumb_set Vector24,_unhandled_exception
  55              		.weak	Vector28
  56              		.thumb_set Vector28,_unhandled_exception
  57              		.weak	SVCallVector
ARM GAS  /tmp/ccJBzCFb.s 			page 2


  58              		.thumb_set SVCallVector,_unhandled_exception
  59              		.weak	DebugMonitorVector
  60              		.thumb_set DebugMonitorVector,_unhandled_exception
  61              		.weak	Vector34
  62              		.thumb_set Vector34,_unhandled_exception
  63              		.weak	PendSVVector
  64              		.thumb_set PendSVVector,_unhandled_exception
  65              		.weak	SysTickVector
  66              		.thumb_set SysTickVector,_unhandled_exception
  67              		.weak	Vector40
  68              		.thumb_set Vector40,_unhandled_exception
  69              		.weak	Vector44
  70              		.thumb_set Vector44,_unhandled_exception
  71              		.weak	Vector48
  72              		.thumb_set Vector48,_unhandled_exception
  73              		.weak	Vector4C
  74              		.thumb_set Vector4C,_unhandled_exception
  75              		.weak	Vector50
  76              		.thumb_set Vector50,_unhandled_exception
  77              		.weak	Vector54
  78              		.thumb_set Vector54,_unhandled_exception
  79              		.weak	Vector58
  80              		.thumb_set Vector58,_unhandled_exception
  81              		.weak	Vector5C
  82              		.thumb_set Vector5C,_unhandled_exception
  83              		.weak	Vector60
  84              		.thumb_set Vector60,_unhandled_exception
  85              		.weak	Vector64
  86              		.thumb_set Vector64,_unhandled_exception
  87              		.weak	Vector68
  88              		.thumb_set Vector68,_unhandled_exception
  89              		.weak	Vector6C
  90              		.thumb_set Vector6C,_unhandled_exception
  91              		.weak	Vector70
  92              		.thumb_set Vector70,_unhandled_exception
  93              		.weak	Vector74
  94              		.thumb_set Vector74,_unhandled_exception
  95              		.weak	Vector78
  96              		.thumb_set Vector78,_unhandled_exception
  97              		.weak	Vector7C
  98              		.thumb_set Vector7C,_unhandled_exception
  99              		.weak	Vector80
 100              		.thumb_set Vector80,_unhandled_exception
 101              		.weak	Vector84
 102              		.thumb_set Vector84,_unhandled_exception
 103              		.weak	Vector88
 104              		.thumb_set Vector88,_unhandled_exception
 105              		.weak	Vector8C
 106              		.thumb_set Vector8C,_unhandled_exception
 107              		.weak	Vector90
 108              		.thumb_set Vector90,_unhandled_exception
 109              		.weak	Vector94
 110              		.thumb_set Vector94,_unhandled_exception
 111              		.weak	Vector98
 112              		.thumb_set Vector98,_unhandled_exception
 113              		.weak	Vector9C
 114              		.thumb_set Vector9C,_unhandled_exception
ARM GAS  /tmp/ccJBzCFb.s 			page 3


 115              		.weak	VectorA0
 116              		.thumb_set VectorA0,_unhandled_exception
 117              		.weak	VectorA4
 118              		.thumb_set VectorA4,_unhandled_exception
 119              		.weak	VectorA8
 120              		.thumb_set VectorA8,_unhandled_exception
 121              		.weak	VectorAC
 122              		.thumb_set VectorAC,_unhandled_exception
 123              		.weak	VectorB0
 124              		.thumb_set VectorB0,_unhandled_exception
 125              		.weak	VectorB4
 126              		.thumb_set VectorB4,_unhandled_exception
 127              		.weak	VectorB8
 128              		.thumb_set VectorB8,_unhandled_exception
 129              		.weak	VectorBC
 130              		.thumb_set VectorBC,_unhandled_exception
 131              		.weak	VectorC0
 132              		.thumb_set VectorC0,_unhandled_exception
 133              		.weak	VectorC4
 134              		.thumb_set VectorC4,_unhandled_exception
 135              		.weak	VectorC8
 136              		.thumb_set VectorC8,_unhandled_exception
 137              		.weak	VectorCC
 138              		.thumb_set VectorCC,_unhandled_exception
 139              		.weak	VectorD0
 140              		.thumb_set VectorD0,_unhandled_exception
 141              		.weak	VectorD4
 142              		.thumb_set VectorD4,_unhandled_exception
 143              		.weak	VectorD8
 144              		.thumb_set VectorD8,_unhandled_exception
 145              		.weak	VectorDC
 146              		.thumb_set VectorDC,_unhandled_exception
 147              		.weak	VectorE0
 148              		.thumb_set VectorE0,_unhandled_exception
 149              		.weak	VectorE4
 150              		.thumb_set VectorE4,_unhandled_exception
 151              		.weak	VectorE8
 152              		.thumb_set VectorE8,_unhandled_exception
 153              		.weak	VectorEC
 154              		.thumb_set VectorEC,_unhandled_exception
 155              		.weak	VectorF0
 156              		.thumb_set VectorF0,_unhandled_exception
 157              		.weak	VectorF4
 158              		.thumb_set VectorF4,_unhandled_exception
 159              		.weak	VectorF8
 160              		.thumb_set VectorF8,_unhandled_exception
 161              		.weak	VectorFC
 162              		.thumb_set VectorFC,_unhandled_exception
 163              		.weak	Vector100
 164              		.thumb_set Vector100,_unhandled_exception
 165              		.weak	Vector104
 166              		.thumb_set Vector104,_unhandled_exception
 167              		.weak	Vector108
 168              		.thumb_set Vector108,_unhandled_exception
 169              		.weak	Vector10C
 170              		.thumb_set Vector10C,_unhandled_exception
 171              		.weak	Vector110
ARM GAS  /tmp/ccJBzCFb.s 			page 4


 172              		.thumb_set Vector110,_unhandled_exception
 173              		.weak	Vector114
 174              		.thumb_set Vector114,_unhandled_exception
 175              		.weak	Vector118
 176              		.thumb_set Vector118,_unhandled_exception
 177              		.weak	Vector11C
 178              		.thumb_set Vector11C,_unhandled_exception
 179              		.weak	Vector120
 180              		.thumb_set Vector120,_unhandled_exception
 181              		.weak	Vector124
 182              		.thumb_set Vector124,_unhandled_exception
 183              		.weak	Vector128
 184              		.thumb_set Vector128,_unhandled_exception
 185              		.weak	Vector12C
 186              		.thumb_set Vector12C,_unhandled_exception
 187              		.weak	Vector130
 188              		.thumb_set Vector130,_unhandled_exception
 189              		.weak	Vector134
 190              		.thumb_set Vector134,_unhandled_exception
 191              		.weak	Vector138
 192              		.thumb_set Vector138,_unhandled_exception
 193              		.weak	Vector13C
 194              		.thumb_set Vector13C,_unhandled_exception
 195              		.weak	Vector140
 196              		.thumb_set Vector140,_unhandled_exception
 197              		.weak	Vector144
 198              		.thumb_set Vector144,_unhandled_exception
 199              		.weak	Vector148
 200              		.thumb_set Vector148,_unhandled_exception
 201              		.weak	Vector14C
 202              		.thumb_set Vector14C,_unhandled_exception
 203              		.weak	Vector150
 204              		.thumb_set Vector150,_unhandled_exception
 205              		.weak	Vector154
 206              		.thumb_set Vector154,_unhandled_exception
 207              		.weak	Vector158
 208              		.thumb_set Vector158,_unhandled_exception
 209              		.weak	Vector15C
 210              		.thumb_set Vector15C,_unhandled_exception
 211              		.weak	Vector160
 212              		.thumb_set Vector160,_unhandled_exception
 213              		.weak	Vector164
 214              		.thumb_set Vector164,_unhandled_exception
 215              		.weak	Vector168
 216              		.thumb_set Vector168,_unhandled_exception
 217              		.weak	Vector16C
 218              		.thumb_set Vector16C,_unhandled_exception
 219              		.weak	Vector170
 220              		.thumb_set Vector170,_unhandled_exception
 221              		.weak	Vector174
 222              		.thumb_set Vector174,_unhandled_exception
 223              		.weak	Vector178
 224              		.thumb_set Vector178,_unhandled_exception
 225              		.weak	Vector17C
 226              		.thumb_set Vector17C,_unhandled_exception
 227              		.weak	Vector180
 228              		.thumb_set Vector180,_unhandled_exception
ARM GAS  /tmp/ccJBzCFb.s 			page 5


 229              		.weak	Vector184
 230              		.thumb_set Vector184,_unhandled_exception
 231              		.weak	NMIVector
 232              		.thumb_set NMIVector,_unhandled_exception
 233              		.global	_vectors
 234 0002 00BFAFF3 		.section	vectors,"aw",%progbits
 234      0080AFF3 
 234      0080AFF3 
 234      0080
 235              		.align	2
 236              		.type	_vectors, %object
 237              		.size	_vectors, 392
 238              	_vectors:
 239 0000 00000000 		.word	__main_stack_end__
 240 0004 00000000 		.word	ResetHandler
 241 0008 00000000 		.word	NMIVector
 242 000c 00000000 		.word	HardFaultVector
 243 0010 00000000 		.word	MemManageVector
 244 0014 00000000 		.word	BusFaultVector
 245 0018 00000000 		.word	UsageFaultVector
 246 001c 00000000 		.word	Vector1C
 247 0020 00000000 		.word	Vector20
 248 0024 00000000 		.word	Vector24
 249 0028 00000000 		.word	Vector28
 250 002c 00000000 		.word	SVCallVector
 251 0030 00000000 		.word	DebugMonitorVector
 252 0034 00000000 		.word	Vector34
 253 0038 00000000 		.word	PendSVVector
 254 003c 00000000 		.word	SysTickVector
 255 0040 00000000 		.word	Vector40
 256 0044 00000000 		.word	Vector44
 257 0048 00000000 		.word	Vector48
 258 004c 00000000 		.word	Vector4C
 259 0050 00000000 		.word	Vector50
 260 0054 00000000 		.word	Vector54
 261 0058 00000000 		.word	Vector58
 262 005c 00000000 		.word	Vector5C
 263 0060 00000000 		.word	Vector60
 264 0064 00000000 		.word	Vector64
 265 0068 00000000 		.word	Vector68
 266 006c 00000000 		.word	Vector6C
 267 0070 00000000 		.word	Vector70
 268 0074 00000000 		.word	Vector74
 269 0078 00000000 		.word	Vector78
 270 007c 00000000 		.word	Vector7C
 271 0080 00000000 		.word	Vector80
 272 0084 00000000 		.word	Vector84
 273 0088 00000000 		.word	Vector88
 274 008c 00000000 		.word	Vector8C
 275 0090 00000000 		.word	Vector90
 276 0094 00000000 		.word	Vector94
 277 0098 00000000 		.word	Vector98
 278 009c 00000000 		.word	Vector9C
 279 00a0 00000000 		.word	VectorA0
 280 00a4 00000000 		.word	VectorA4
 281 00a8 00000000 		.word	VectorA8
 282 00ac 00000000 		.word	VectorAC
ARM GAS  /tmp/ccJBzCFb.s 			page 6


 283 00b0 00000000 		.word	VectorB0
 284 00b4 00000000 		.word	VectorB4
 285 00b8 00000000 		.word	VectorB8
 286 00bc 00000000 		.word	VectorBC
 287 00c0 00000000 		.word	VectorC0
 288 00c4 00000000 		.word	VectorC4
 289 00c8 00000000 		.word	VectorC8
 290 00cc 00000000 		.word	VectorCC
 291 00d0 00000000 		.word	VectorD0
 292 00d4 00000000 		.word	VectorD4
 293 00d8 00000000 		.word	VectorD8
 294 00dc 00000000 		.word	VectorDC
 295 00e0 00000000 		.word	VectorE0
 296 00e4 00000000 		.word	VectorE4
 297 00e8 00000000 		.word	VectorE8
 298 00ec 00000000 		.word	VectorEC
 299 00f0 00000000 		.word	VectorF0
 300 00f4 00000000 		.word	VectorF4
 301 00f8 00000000 		.word	VectorF8
 302 00fc 00000000 		.word	VectorFC
 303 0100 00000000 		.word	Vector100
 304 0104 00000000 		.word	Vector104
 305 0108 00000000 		.word	Vector108
 306 010c 00000000 		.word	Vector10C
 307 0110 00000000 		.word	Vector110
 308 0114 00000000 		.word	Vector114
 309 0118 00000000 		.word	Vector118
 310 011c 00000000 		.word	Vector11C
 311 0120 00000000 		.word	Vector120
 312 0124 00000000 		.word	Vector124
 313 0128 00000000 		.word	Vector128
 314 012c 00000000 		.word	Vector12C
 315 0130 00000000 		.word	Vector130
 316 0134 00000000 		.word	Vector134
 317 0138 00000000 		.word	Vector138
 318 013c 00000000 		.word	Vector13C
 319 0140 00000000 		.word	Vector140
 320 0144 00000000 		.word	Vector144
 321 0148 00000000 		.word	Vector148
 322 014c 00000000 		.word	Vector14C
 323 0150 00000000 		.word	Vector150
 324 0154 00000000 		.word	Vector154
 325 0158 00000000 		.word	Vector158
 326 015c 00000000 		.word	Vector15C
 327 0160 00000000 		.word	Vector160
 328 0164 00000000 		.word	Vector164
 329 0168 00000000 		.word	Vector168
 330 016c 00000000 		.word	Vector16C
 331 0170 00000000 		.word	Vector170
 332 0174 00000000 		.word	Vector174
 333 0178 00000000 		.word	Vector178
 334 017c 00000000 		.word	Vector17C
 335 0180 00000000 		.word	Vector180
 336 0184 00000000 		.word	Vector184
 337              		.text
 338              	.Letext0:
 339              		.file 2 "/usr/bin/../lib/gcc/arm-none-eabi/4.7.4/../../../../arm-none-eabi/include/stdint.h"
ARM GAS  /tmp/ccJBzCFb.s 			page 7


 340              		.section	.debug_info,"",%progbits
 341              	.Ldebug_info0:
 342 0000 EC010000 		.4byte	0x1ec
 343 0004 0200     		.2byte	0x2
 344 0006 00000000 		.4byte	.Ldebug_abbrev0
 345 000a 04       		.byte	0x4
 346 000b 01       		.uleb128 0x1
 347 000c 09010000 		.4byte	.LASF34
 348 0010 01       		.byte	0x1
 349 0011 C3000000 		.4byte	.LASF35
 350 0015 8C000000 		.4byte	.LASF36
 351 0019 00000000 		.4byte	.Ldebug_ranges0+0
 352 001d 00000000 		.4byte	0
 353 0021 00000000 		.4byte	0
 354 0025 00000000 		.4byte	.Ldebug_line0
 355 0029 02       		.uleb128 0x2
 356 002a 04       		.byte	0x4
 357 002b 05       		.byte	0x5
 358 002c 696E7400 		.ascii	"int\000"
 359 0030 03       		.uleb128 0x3
 360 0031 04       		.byte	0x4
 361 0032 07       		.byte	0x7
 362 0033 F1000000 		.4byte	.LASF0
 363 0037 03       		.uleb128 0x3
 364 0038 01       		.byte	0x1
 365 0039 06       		.byte	0x6
 366 003a 30020000 		.4byte	.LASF1
 367 003e 03       		.uleb128 0x3
 368 003f 01       		.byte	0x1
 369 0040 08       		.byte	0x8
 370 0041 41000000 		.4byte	.LASF2
 371 0045 03       		.uleb128 0x3
 372 0046 02       		.byte	0x2
 373 0047 05       		.byte	0x5
 374 0048 07020000 		.4byte	.LASF3
 375 004c 03       		.uleb128 0x3
 376 004d 02       		.byte	0x2
 377 004e 07       		.byte	0x7
 378 004f 61000000 		.4byte	.LASF4
 379 0053 03       		.uleb128 0x3
 380 0054 04       		.byte	0x4
 381 0055 05       		.byte	0x5
 382 0056 27020000 		.4byte	.LASF5
 383 005a 04       		.uleb128 0x4
 384 005b 1E020000 		.4byte	.LASF12
 385 005f 02       		.byte	0x2
 386 0060 50       		.byte	0x50
 387 0061 65000000 		.4byte	0x65
 388 0065 03       		.uleb128 0x3
 389 0066 04       		.byte	0x4
 390 0067 07       		.byte	0x7
 391 0068 4F000000 		.4byte	.LASF6
 392 006c 03       		.uleb128 0x3
 393 006d 08       		.byte	0x8
 394 006e 05       		.byte	0x5
 395 006f C6010000 		.4byte	.LASF7
 396 0073 03       		.uleb128 0x3
ARM GAS  /tmp/ccJBzCFb.s 			page 8


 397 0074 08       		.byte	0x8
 398 0075 07       		.byte	0x7
 399 0076 52010000 		.4byte	.LASF8
 400 007a 03       		.uleb128 0x3
 401 007b 01       		.byte	0x1
 402 007c 02       		.byte	0x2
 403 007d 59020000 		.4byte	.LASF9
 404 0081 03       		.uleb128 0x3
 405 0082 04       		.byte	0x4
 406 0083 07       		.byte	0x7
 407 0084 9E010000 		.4byte	.LASF10
 408 0088 03       		.uleb128 0x3
 409 0089 01       		.byte	0x1
 410 008a 08       		.byte	0x8
 411 008b D4010000 		.4byte	.LASF11
 412 008f 04       		.uleb128 0x4
 413 0090 09000000 		.4byte	.LASF13
 414 0094 01       		.byte	0x1
 415 0095 24       		.byte	0x24
 416 0096 9A000000 		.4byte	0x9a
 417 009a 05       		.uleb128 0x5
 418 009b 04       		.byte	0x4
 419 009c A0000000 		.4byte	0xa0
 420 00a0 06       		.uleb128 0x6
 421 00a1 01       		.byte	0x1
 422 00a2 07       		.uleb128 0x7
 423 00a3 8801     		.2byte	0x188
 424 00a5 01       		.byte	0x1
 425 00a6 29       		.byte	0x29
 426 00a7 9A010000 		.4byte	0x19a
 427 00ab 08       		.uleb128 0x8
 428 00ac 28000000 		.4byte	.LASF14
 429 00b0 01       		.byte	0x1
 430 00b1 2A       		.byte	0x2a
 431 00b2 9A010000 		.4byte	0x19a
 432 00b6 02       		.byte	0x2
 433 00b7 23       		.byte	0x23
 434 00b8 00       		.uleb128 0
 435 00b9 08       		.uleb128 0x8
 436 00ba 11020000 		.4byte	.LASF15
 437 00be 01       		.byte	0x1
 438 00bf 2B       		.byte	0x2b
 439 00c0 8F000000 		.4byte	0x8f
 440 00c4 02       		.byte	0x2
 441 00c5 23       		.byte	0x23
 442 00c6 04       		.uleb128 0x4
 443 00c7 08       		.uleb128 0x8
 444 00c8 FE000000 		.4byte	.LASF16
 445 00cc 01       		.byte	0x1
 446 00cd 2C       		.byte	0x2c
 447 00ce 8F000000 		.4byte	0x8f
 448 00d2 02       		.byte	0x2
 449 00d3 23       		.byte	0x23
 450 00d4 08       		.uleb128 0x8
 451 00d5 08       		.uleb128 0x8
 452 00d6 B5010000 		.4byte	.LASF17
 453 00da 01       		.byte	0x1
ARM GAS  /tmp/ccJBzCFb.s 			page 9


 454 00db 2D       		.byte	0x2d
 455 00dc 8F000000 		.4byte	0x8f
 456 00e0 02       		.byte	0x2
 457 00e1 23       		.byte	0x23
 458 00e2 0C       		.uleb128 0xc
 459 00e3 08       		.uleb128 0x8
 460 00e4 D9010000 		.4byte	.LASF18
 461 00e8 01       		.byte	0x1
 462 00e9 2E       		.byte	0x2e
 463 00ea 8F000000 		.4byte	0x8f
 464 00ee 02       		.byte	0x2
 465 00ef 23       		.byte	0x23
 466 00f0 10       		.uleb128 0x10
 467 00f1 08       		.uleb128 0x8
 468 00f2 69010000 		.4byte	.LASF19
 469 00f6 01       		.byte	0x1
 470 00f7 2F       		.byte	0x2f
 471 00f8 8F000000 		.4byte	0x8f
 472 00fc 02       		.byte	0x2
 473 00fd 23       		.byte	0x23
 474 00fe 14       		.uleb128 0x14
 475 00ff 08       		.uleb128 0x8
 476 0100 82010000 		.4byte	.LASF20
 477 0104 01       		.byte	0x1
 478 0105 30       		.byte	0x30
 479 0106 8F000000 		.4byte	0x8f
 480 010a 02       		.byte	0x2
 481 010b 23       		.byte	0x23
 482 010c 18       		.uleb128 0x18
 483 010d 08       		.uleb128 0x8
 484 010e 74000000 		.4byte	.LASF21
 485 0112 01       		.byte	0x1
 486 0113 31       		.byte	0x31
 487 0114 8F000000 		.4byte	0x8f
 488 0118 02       		.byte	0x2
 489 0119 23       		.byte	0x23
 490 011a 1C       		.uleb128 0x1c
 491 011b 08       		.uleb128 0x8
 492 011c 50020000 		.4byte	.LASF22
 493 0120 01       		.byte	0x1
 494 0121 32       		.byte	0x32
 495 0122 8F000000 		.4byte	0x8f
 496 0126 02       		.byte	0x2
 497 0127 23       		.byte	0x23
 498 0128 20       		.uleb128 0x20
 499 0129 08       		.uleb128 0x8
 500 012a 00000000 		.4byte	.LASF23
 501 012e 01       		.byte	0x1
 502 012f 33       		.byte	0x33
 503 0130 8F000000 		.4byte	0x8f
 504 0134 02       		.byte	0x2
 505 0135 23       		.byte	0x23
 506 0136 24       		.uleb128 0x24
 507 0137 08       		.uleb128 0x8
 508 0138 79010000 		.4byte	.LASF24
 509 013c 01       		.byte	0x1
 510 013d 34       		.byte	0x34
ARM GAS  /tmp/ccJBzCFb.s 			page 10


 511 013e 8F000000 		.4byte	0x8f
 512 0142 02       		.byte	0x2
 513 0143 23       		.byte	0x23
 514 0144 28       		.uleb128 0x28
 515 0145 08       		.uleb128 0x8
 516 0146 33000000 		.4byte	.LASF25
 517 014a 01       		.byte	0x1
 518 014b 35       		.byte	0x35
 519 014c 8F000000 		.4byte	0x8f
 520 0150 02       		.byte	0x2
 521 0151 23       		.byte	0x23
 522 0152 2C       		.uleb128 0x2c
 523 0153 08       		.uleb128 0x8
 524 0154 3C020000 		.4byte	.LASF26
 525 0158 01       		.byte	0x1
 526 0159 36       		.byte	0x36
 527 015a 8F000000 		.4byte	0x8f
 528 015e 02       		.byte	0x2
 529 015f 23       		.byte	0x23
 530 0160 30       		.uleb128 0x30
 531 0161 08       		.uleb128 0x8
 532 0162 16000000 		.4byte	.LASF27
 533 0166 01       		.byte	0x1
 534 0167 37       		.byte	0x37
 535 0168 8F000000 		.4byte	0x8f
 536 016c 02       		.byte	0x2
 537 016d 23       		.byte	0x23
 538 016e 34       		.uleb128 0x34
 539 016f 08       		.uleb128 0x8
 540 0170 A7010000 		.4byte	.LASF28
 541 0174 01       		.byte	0x1
 542 0175 38       		.byte	0x38
 543 0176 8F000000 		.4byte	0x8f
 544 017a 02       		.byte	0x2
 545 017b 23       		.byte	0x23
 546 017c 38       		.uleb128 0x38
 547 017d 08       		.uleb128 0x8
 548 017e 7D000000 		.4byte	.LASF29
 549 0182 01       		.byte	0x1
 550 0183 39       		.byte	0x39
 551 0184 8F000000 		.4byte	0x8f
 552 0188 02       		.byte	0x2
 553 0189 23       		.byte	0x23
 554 018a 3C       		.uleb128 0x3c
 555 018b 08       		.uleb128 0x8
 556 018c FF010000 		.4byte	.LASF30
 557 0190 01       		.byte	0x1
 558 0191 3A       		.byte	0x3a
 559 0192 A0010000 		.4byte	0x1a0
 560 0196 02       		.byte	0x2
 561 0197 23       		.byte	0x23
 562 0198 40       		.uleb128 0x40
 563 0199 00       		.byte	0
 564 019a 05       		.uleb128 0x5
 565 019b 04       		.byte	0x4
 566 019c 5A000000 		.4byte	0x5a
 567 01a0 09       		.uleb128 0x9
ARM GAS  /tmp/ccJBzCFb.s 			page 11


 568 01a1 8F000000 		.4byte	0x8f
 569 01a5 B0010000 		.4byte	0x1b0
 570 01a9 0A       		.uleb128 0xa
 571 01aa 81000000 		.4byte	0x81
 572 01ae 51       		.byte	0x51
 573 01af 00       		.byte	0
 574 01b0 04       		.uleb128 0x4
 575 01b1 94010000 		.4byte	.LASF31
 576 01b5 01       		.byte	0x1
 577 01b6 3B       		.byte	0x3b
 578 01b7 A2000000 		.4byte	0xa2
 579 01bb 0B       		.uleb128 0xb
 580 01bc 01       		.byte	0x1
 581 01bd EA010000 		.4byte	.LASF37
 582 01c1 01       		.byte	0x1
 583 01c2 D0       		.byte	0xd0
 584 01c3 01       		.byte	0x1
 585 01c4 00000000 		.4byte	.LFB7
 586 01c8 02000000 		.4byte	.LFE7
 587 01cc 02       		.byte	0x2
 588 01cd 7D       		.byte	0x7d
 589 01ce 00       		.sleb128 0
 590 01cf 01       		.byte	0x1
 591 01d0 0C       		.uleb128 0xc
 592 01d1 5F020000 		.4byte	.LASF32
 593 01d5 01       		.byte	0x1
 594 01d6 3E       		.byte	0x3e
 595 01d7 5A000000 		.4byte	0x5a
 596 01db 01       		.byte	0x1
 597 01dc 01       		.byte	0x1
 598 01dd 0D       		.uleb128 0xd
 599 01de 1F000000 		.4byte	.LASF33
 600 01e2 01       		.byte	0x1
 601 01e3 A8       		.byte	0xa8
 602 01e4 B0010000 		.4byte	0x1b0
 603 01e8 01       		.byte	0x1
 604 01e9 05       		.byte	0x5
 605 01ea 03       		.byte	0x3
 606 01eb 00000000 		.4byte	_vectors
 607 01ef 00       		.byte	0
 608              		.section	.debug_abbrev,"",%progbits
 609              	.Ldebug_abbrev0:
 610 0000 01       		.uleb128 0x1
 611 0001 11       		.uleb128 0x11
 612 0002 01       		.byte	0x1
 613 0003 25       		.uleb128 0x25
 614 0004 0E       		.uleb128 0xe
 615 0005 13       		.uleb128 0x13
 616 0006 0B       		.uleb128 0xb
 617 0007 03       		.uleb128 0x3
 618 0008 0E       		.uleb128 0xe
 619 0009 1B       		.uleb128 0x1b
 620 000a 0E       		.uleb128 0xe
 621 000b 55       		.uleb128 0x55
 622 000c 06       		.uleb128 0x6
 623 000d 11       		.uleb128 0x11
 624 000e 01       		.uleb128 0x1
ARM GAS  /tmp/ccJBzCFb.s 			page 12


 625 000f 52       		.uleb128 0x52
 626 0010 01       		.uleb128 0x1
 627 0011 10       		.uleb128 0x10
 628 0012 06       		.uleb128 0x6
 629 0013 00       		.byte	0
 630 0014 00       		.byte	0
 631 0015 02       		.uleb128 0x2
 632 0016 24       		.uleb128 0x24
 633 0017 00       		.byte	0
 634 0018 0B       		.uleb128 0xb
 635 0019 0B       		.uleb128 0xb
 636 001a 3E       		.uleb128 0x3e
 637 001b 0B       		.uleb128 0xb
 638 001c 03       		.uleb128 0x3
 639 001d 08       		.uleb128 0x8
 640 001e 00       		.byte	0
 641 001f 00       		.byte	0
 642 0020 03       		.uleb128 0x3
 643 0021 24       		.uleb128 0x24
 644 0022 00       		.byte	0
 645 0023 0B       		.uleb128 0xb
 646 0024 0B       		.uleb128 0xb
 647 0025 3E       		.uleb128 0x3e
 648 0026 0B       		.uleb128 0xb
 649 0027 03       		.uleb128 0x3
 650 0028 0E       		.uleb128 0xe
 651 0029 00       		.byte	0
 652 002a 00       		.byte	0
 653 002b 04       		.uleb128 0x4
 654 002c 16       		.uleb128 0x16
 655 002d 00       		.byte	0
 656 002e 03       		.uleb128 0x3
 657 002f 0E       		.uleb128 0xe
 658 0030 3A       		.uleb128 0x3a
 659 0031 0B       		.uleb128 0xb
 660 0032 3B       		.uleb128 0x3b
 661 0033 0B       		.uleb128 0xb
 662 0034 49       		.uleb128 0x49
 663 0035 13       		.uleb128 0x13
 664 0036 00       		.byte	0
 665 0037 00       		.byte	0
 666 0038 05       		.uleb128 0x5
 667 0039 0F       		.uleb128 0xf
 668 003a 00       		.byte	0
 669 003b 0B       		.uleb128 0xb
 670 003c 0B       		.uleb128 0xb
 671 003d 49       		.uleb128 0x49
 672 003e 13       		.uleb128 0x13
 673 003f 00       		.byte	0
 674 0040 00       		.byte	0
 675 0041 06       		.uleb128 0x6
 676 0042 15       		.uleb128 0x15
 677 0043 00       		.byte	0
 678 0044 27       		.uleb128 0x27
 679 0045 0C       		.uleb128 0xc
 680 0046 00       		.byte	0
 681 0047 00       		.byte	0
ARM GAS  /tmp/ccJBzCFb.s 			page 13


 682 0048 07       		.uleb128 0x7
 683 0049 13       		.uleb128 0x13
 684 004a 01       		.byte	0x1
 685 004b 0B       		.uleb128 0xb
 686 004c 05       		.uleb128 0x5
 687 004d 3A       		.uleb128 0x3a
 688 004e 0B       		.uleb128 0xb
 689 004f 3B       		.uleb128 0x3b
 690 0050 0B       		.uleb128 0xb
 691 0051 01       		.uleb128 0x1
 692 0052 13       		.uleb128 0x13
 693 0053 00       		.byte	0
 694 0054 00       		.byte	0
 695 0055 08       		.uleb128 0x8
 696 0056 0D       		.uleb128 0xd
 697 0057 00       		.byte	0
 698 0058 03       		.uleb128 0x3
 699 0059 0E       		.uleb128 0xe
 700 005a 3A       		.uleb128 0x3a
 701 005b 0B       		.uleb128 0xb
 702 005c 3B       		.uleb128 0x3b
 703 005d 0B       		.uleb128 0xb
 704 005e 49       		.uleb128 0x49
 705 005f 13       		.uleb128 0x13
 706 0060 38       		.uleb128 0x38
 707 0061 0A       		.uleb128 0xa
 708 0062 00       		.byte	0
 709 0063 00       		.byte	0
 710 0064 09       		.uleb128 0x9
 711 0065 01       		.uleb128 0x1
 712 0066 01       		.byte	0x1
 713 0067 49       		.uleb128 0x49
 714 0068 13       		.uleb128 0x13
 715 0069 01       		.uleb128 0x1
 716 006a 13       		.uleb128 0x13
 717 006b 00       		.byte	0
 718 006c 00       		.byte	0
 719 006d 0A       		.uleb128 0xa
 720 006e 21       		.uleb128 0x21
 721 006f 00       		.byte	0
 722 0070 49       		.uleb128 0x49
 723 0071 13       		.uleb128 0x13
 724 0072 2F       		.uleb128 0x2f
 725 0073 0B       		.uleb128 0xb
 726 0074 00       		.byte	0
 727 0075 00       		.byte	0
 728 0076 0B       		.uleb128 0xb
 729 0077 2E       		.uleb128 0x2e
 730 0078 00       		.byte	0
 731 0079 3F       		.uleb128 0x3f
 732 007a 0C       		.uleb128 0xc
 733 007b 03       		.uleb128 0x3
 734 007c 0E       		.uleb128 0xe
 735 007d 3A       		.uleb128 0x3a
 736 007e 0B       		.uleb128 0xb
 737 007f 3B       		.uleb128 0x3b
 738 0080 0B       		.uleb128 0xb
ARM GAS  /tmp/ccJBzCFb.s 			page 14


 739 0081 27       		.uleb128 0x27
 740 0082 0C       		.uleb128 0xc
 741 0083 11       		.uleb128 0x11
 742 0084 01       		.uleb128 0x1
 743 0085 12       		.uleb128 0x12
 744 0086 01       		.uleb128 0x1
 745 0087 40       		.uleb128 0x40
 746 0088 0A       		.uleb128 0xa
 747 0089 9742     		.uleb128 0x2117
 748 008b 0C       		.uleb128 0xc
 749 008c 00       		.byte	0
 750 008d 00       		.byte	0
 751 008e 0C       		.uleb128 0xc
 752 008f 34       		.uleb128 0x34
 753 0090 00       		.byte	0
 754 0091 03       		.uleb128 0x3
 755 0092 0E       		.uleb128 0xe
 756 0093 3A       		.uleb128 0x3a
 757 0094 0B       		.uleb128 0xb
 758 0095 3B       		.uleb128 0x3b
 759 0096 0B       		.uleb128 0xb
 760 0097 49       		.uleb128 0x49
 761 0098 13       		.uleb128 0x13
 762 0099 3F       		.uleb128 0x3f
 763 009a 0C       		.uleb128 0xc
 764 009b 3C       		.uleb128 0x3c
 765 009c 0C       		.uleb128 0xc
 766 009d 00       		.byte	0
 767 009e 00       		.byte	0
 768 009f 0D       		.uleb128 0xd
 769 00a0 34       		.uleb128 0x34
 770 00a1 00       		.byte	0
 771 00a2 03       		.uleb128 0x3
 772 00a3 0E       		.uleb128 0xe
 773 00a4 3A       		.uleb128 0x3a
 774 00a5 0B       		.uleb128 0xb
 775 00a6 3B       		.uleb128 0x3b
 776 00a7 0B       		.uleb128 0xb
 777 00a8 49       		.uleb128 0x49
 778 00a9 13       		.uleb128 0x13
 779 00aa 3F       		.uleb128 0x3f
 780 00ab 0C       		.uleb128 0xc
 781 00ac 02       		.uleb128 0x2
 782 00ad 0A       		.uleb128 0xa
 783 00ae 00       		.byte	0
 784 00af 00       		.byte	0
 785 00b0 00       		.byte	0
 786              		.section	.debug_aranges,"",%progbits
 787 0000 1C000000 		.4byte	0x1c
 788 0004 0200     		.2byte	0x2
 789 0006 00000000 		.4byte	.Ldebug_info0
 790 000a 04       		.byte	0x4
 791 000b 00       		.byte	0
 792 000c 0000     		.2byte	0
 793 000e 0000     		.2byte	0
 794 0010 00000000 		.4byte	.LFB7
 795 0014 02000000 		.4byte	.LFE7-.LFB7
ARM GAS  /tmp/ccJBzCFb.s 			page 15


 796 0018 00000000 		.4byte	0
 797 001c 00000000 		.4byte	0
 798              		.section	.debug_ranges,"",%progbits
 799              	.Ldebug_ranges0:
 800 0000 00000000 		.4byte	.LFB7
 801 0004 02000000 		.4byte	.LFE7
 802 0008 00000000 		.4byte	0
 803 000c 00000000 		.4byte	0
 804              		.section	.debug_line,"",%progbits
 805              	.Ldebug_line0:
 806 0000 B0000000 		.section	.debug_str,"MS",%progbits,1
 806      02009A00 
 806      00000201 
 806      FB0E0D00 
 806      01010101 
 807              	.LASF23:
 808 0000 76656374 		.ascii	"vector24\000"
 808      6F723234 
 808      00
 809              	.LASF13:
 810 0009 6972715F 		.ascii	"irq_vector_t\000"
 810      76656374 
 810      6F725F74 
 810      00
 811              	.LASF27:
 812 0016 76656374 		.ascii	"vector34\000"
 812      6F723334 
 812      00
 813              	.LASF33:
 814 001f 5F766563 		.ascii	"_vectors\000"
 814      746F7273 
 814      00
 815              	.LASF14:
 816 0028 696E6974 		.ascii	"init_stack\000"
 816      5F737461 
 816      636B00
 817              	.LASF25:
 818 0033 73766361 		.ascii	"svcall_vector\000"
 818      6C6C5F76 
 818      6563746F 
 818      7200
 819              	.LASF2:
 820 0041 756E7369 		.ascii	"unsigned char\000"
 820      676E6564 
 820      20636861 
 820      7200
 821              	.LASF6:
 822 004f 6C6F6E67 		.ascii	"long unsigned int\000"
 822      20756E73 
 822      69676E65 
 822      6420696E 
 822      7400
 823              	.LASF4:
 824 0061 73686F72 		.ascii	"short unsigned int\000"
 824      7420756E 
 824      7369676E 
 824      65642069 
ARM GAS  /tmp/ccJBzCFb.s 			page 16


 824      6E7400
 825              	.LASF21:
 826 0074 76656374 		.ascii	"vector1c\000"
 826      6F723163 
 826      00
 827              	.LASF29:
 828 007d 73797374 		.ascii	"systick_vector\000"
 828      69636B5F 
 828      76656374 
 828      6F7200
 829              	.LASF36:
 830 008c 2F686F6D 		.ascii	"/home/witold/Dokumenty/arm/ChibiOS-master/demos/sli"
 830      652F7769 
 830      746F6C64 
 830      2F446F6B 
 830      756D656E 
 831 00bf 64657200 		.ascii	"der\000"
 832              	.LASF35:
 833 00c3 2E2E2F2E 		.ascii	"../../os/ports/GCC/ARMCMx/STM32F4xx/vectors.c\000"
 833      2E2F6F73 
 833      2F706F72 
 833      74732F47 
 833      43432F41 
 834              	.LASF0:
 835 00f1 756E7369 		.ascii	"unsigned int\000"
 835      676E6564 
 835      20696E74 
 835      00
 836              	.LASF16:
 837 00fe 6E6D695F 		.ascii	"nmi_vector\000"
 837      76656374 
 837      6F7200
 838              	.LASF34:
 839 0109 474E5520 		.ascii	"GNU C 4.7.4 20130613 (release) [ARM/embedded-4_7-br"
 839      4320342E 
 839      372E3420 
 839      32303133 
 839      30363133 
 840 013c 616E6368 		.ascii	"anch revision 200083]\000"
 840      20726576 
 840      6973696F 
 840      6E203230 
 840      30303833 
 841              	.LASF8:
 842 0152 6C6F6E67 		.ascii	"long long unsigned int\000"
 842      206C6F6E 
 842      6720756E 
 842      7369676E 
 842      65642069 
 843              	.LASF19:
 844 0169 62757366 		.ascii	"busfault_vector\000"
 844      61756C74 
 844      5F766563 
 844      746F7200 
 845              	.LASF24:
 846 0179 76656374 		.ascii	"vector28\000"
 846      6F723238 
ARM GAS  /tmp/ccJBzCFb.s 			page 17


 846      00
 847              	.LASF20:
 848 0182 75736167 		.ascii	"usagefault_vector\000"
 848      65666175 
 848      6C745F76 
 848      6563746F 
 848      7200
 849              	.LASF31:
 850 0194 76656374 		.ascii	"vectors_t\000"
 850      6F72735F 
 850      7400
 851              	.LASF10:
 852 019e 73697A65 		.ascii	"sizetype\000"
 852      74797065 
 852      00
 853              	.LASF28:
 854 01a7 70656E64 		.ascii	"pendsv_vector\000"
 854      73765F76 
 854      6563746F 
 854      7200
 855              	.LASF17:
 856 01b5 68617264 		.ascii	"hardfault_vector\000"
 856      6661756C 
 856      745F7665 
 856      63746F72 
 856      00
 857              	.LASF7:
 858 01c6 6C6F6E67 		.ascii	"long long int\000"
 858      206C6F6E 
 858      6720696E 
 858      7400
 859              	.LASF11:
 860 01d4 63686172 		.ascii	"char\000"
 860      00
 861              	.LASF18:
 862 01d9 6D656D6D 		.ascii	"memmanage_vector\000"
 862      616E6167 
 862      655F7665 
 862      63746F72 
 862      00
 863              	.LASF37:
 864 01ea 5F756E68 		.ascii	"_unhandled_exception\000"
 864      616E646C 
 864      65645F65 
 864      78636570 
 864      74696F6E 
 865              	.LASF30:
 866 01ff 76656374 		.ascii	"vectors\000"
 866      6F727300 
 867              	.LASF3:
 868 0207 73686F72 		.ascii	"short int\000"
 868      7420696E 
 868      7400
 869              	.LASF15:
 870 0211 72657365 		.ascii	"reset_vector\000"
 870      745F7665 
 870      63746F72 
ARM GAS  /tmp/ccJBzCFb.s 			page 18


 870      00
 871              	.LASF12:
 872 021e 75696E74 		.ascii	"uint32_t\000"
 872      33325F74 
 872      00
 873              	.LASF5:
 874 0227 6C6F6E67 		.ascii	"long int\000"
 874      20696E74 
 874      00
 875              	.LASF1:
 876 0230 7369676E 		.ascii	"signed char\000"
 876      65642063 
 876      68617200 
 877              	.LASF26:
 878 023c 64656275 		.ascii	"debugmonitor_vector\000"
 878      676D6F6E 
 878      69746F72 
 878      5F766563 
 878      746F7200 
 879              	.LASF22:
 880 0250 76656374 		.ascii	"vector20\000"
 880      6F723230 
 880      00
 881              	.LASF9:
 882 0259 5F426F6F 		.ascii	"_Bool\000"
 882      6C00
 883              	.LASF32:
 884 025f 5F5F6D61 		.ascii	"__main_stack_end__\000"
 884      696E5F73 
 884      7461636B 
 884      5F656E64 
 884      5F5F00
 885              		.ident	"GCC: (GNU Tools for ARM Embedded Processors) 4.7.4 20130613 (release) [ARM/embedded-4_7-br
ARM GAS  /tmp/ccJBzCFb.s 			page 19


DEFINED SYMBOLS
                            *ABS*:00000000 vectors.c
     /tmp/ccJBzCFb.s:21     .text._unhandled_exception:00000000 $t
     /tmp/ccJBzCFb.s:27     .text._unhandled_exception:00000000 _unhandled_exception
     /tmp/ccJBzCFb.s:27     .text._unhandled_exception:00000000 HardFaultVector
     /tmp/ccJBzCFb.s:27     .text._unhandled_exception:00000000 MemManageVector
     /tmp/ccJBzCFb.s:27     .text._unhandled_exception:00000000 BusFaultVector
     /tmp/ccJBzCFb.s:27     .text._unhandled_exception:00000000 UsageFaultVector
     /tmp/ccJBzCFb.s:27     .text._unhandled_exception:00000000 Vector1C
     /tmp/ccJBzCFb.s:27     .text._unhandled_exception:00000000 Vector20
     /tmp/ccJBzCFb.s:27     .text._unhandled_exception:00000000 Vector24
     /tmp/ccJBzCFb.s:27     .text._unhandled_exception:00000000 Vector28
     /tmp/ccJBzCFb.s:27     .text._unhandled_exception:00000000 SVCallVector
     /tmp/ccJBzCFb.s:27     .text._unhandled_exception:00000000 DebugMonitorVector
     /tmp/ccJBzCFb.s:27     .text._unhandled_exception:00000000 Vector34
     /tmp/ccJBzCFb.s:27     .text._unhandled_exception:00000000 PendSVVector
     /tmp/ccJBzCFb.s:27     .text._unhandled_exception:00000000 SysTickVector
     /tmp/ccJBzCFb.s:27     .text._unhandled_exception:00000000 Vector40
     /tmp/ccJBzCFb.s:27     .text._unhandled_exception:00000000 Vector44
     /tmp/ccJBzCFb.s:27     .text._unhandled_exception:00000000 Vector48
     /tmp/ccJBzCFb.s:27     .text._unhandled_exception:00000000 Vector4C
     /tmp/ccJBzCFb.s:27     .text._unhandled_exception:00000000 Vector50
     /tmp/ccJBzCFb.s:27     .text._unhandled_exception:00000000 Vector54
     /tmp/ccJBzCFb.s:27     .text._unhandled_exception:00000000 Vector58
     /tmp/ccJBzCFb.s:27     .text._unhandled_exception:00000000 Vector5C
     /tmp/ccJBzCFb.s:27     .text._unhandled_exception:00000000 Vector60
     /tmp/ccJBzCFb.s:27     .text._unhandled_exception:00000000 Vector64
     /tmp/ccJBzCFb.s:27     .text._unhandled_exception:00000000 Vector68
     /tmp/ccJBzCFb.s:27     .text._unhandled_exception:00000000 Vector6C
     /tmp/ccJBzCFb.s:27     .text._unhandled_exception:00000000 Vector70
     /tmp/ccJBzCFb.s:27     .text._unhandled_exception:00000000 Vector74
     /tmp/ccJBzCFb.s:27     .text._unhandled_exception:00000000 Vector78
     /tmp/ccJBzCFb.s:27     .text._unhandled_exception:00000000 Vector7C
     /tmp/ccJBzCFb.s:27     .text._unhandled_exception:00000000 Vector80
     /tmp/ccJBzCFb.s:27     .text._unhandled_exception:00000000 Vector84
     /tmp/ccJBzCFb.s:27     .text._unhandled_exception:00000000 Vector88
     /tmp/ccJBzCFb.s:27     .text._unhandled_exception:00000000 Vector8C
     /tmp/ccJBzCFb.s:27     .text._unhandled_exception:00000000 Vector90
     /tmp/ccJBzCFb.s:27     .text._unhandled_exception:00000000 Vector94
     /tmp/ccJBzCFb.s:27     .text._unhandled_exception:00000000 Vector98
     /tmp/ccJBzCFb.s:27     .text._unhandled_exception:00000000 Vector9C
     /tmp/ccJBzCFb.s:27     .text._unhandled_exception:00000000 VectorA0
     /tmp/ccJBzCFb.s:27     .text._unhandled_exception:00000000 VectorA4
     /tmp/ccJBzCFb.s:27     .text._unhandled_exception:00000000 VectorA8
     /tmp/ccJBzCFb.s:27     .text._unhandled_exception:00000000 VectorAC
     /tmp/ccJBzCFb.s:27     .text._unhandled_exception:00000000 VectorB0
     /tmp/ccJBzCFb.s:27     .text._unhandled_exception:00000000 VectorB4
     /tmp/ccJBzCFb.s:27     .text._unhandled_exception:00000000 VectorB8
     /tmp/ccJBzCFb.s:27     .text._unhandled_exception:00000000 VectorBC
     /tmp/ccJBzCFb.s:27     .text._unhandled_exception:00000000 VectorC0
     /tmp/ccJBzCFb.s:27     .text._unhandled_exception:00000000 VectorC4
     /tmp/ccJBzCFb.s:27     .text._unhandled_exception:00000000 VectorC8
     /tmp/ccJBzCFb.s:27     .text._unhandled_exception:00000000 VectorCC
     /tmp/ccJBzCFb.s:27     .text._unhandled_exception:00000000 VectorD0
     /tmp/ccJBzCFb.s:27     .text._unhandled_exception:00000000 VectorD4
     /tmp/ccJBzCFb.s:27     .text._unhandled_exception:00000000 VectorD8
     /tmp/ccJBzCFb.s:27     .text._unhandled_exception:00000000 VectorDC
ARM GAS  /tmp/ccJBzCFb.s 			page 20


     /tmp/ccJBzCFb.s:27     .text._unhandled_exception:00000000 VectorE0
     /tmp/ccJBzCFb.s:27     .text._unhandled_exception:00000000 VectorE4
     /tmp/ccJBzCFb.s:27     .text._unhandled_exception:00000000 VectorE8
     /tmp/ccJBzCFb.s:27     .text._unhandled_exception:00000000 VectorEC
     /tmp/ccJBzCFb.s:27     .text._unhandled_exception:00000000 VectorF0
     /tmp/ccJBzCFb.s:27     .text._unhandled_exception:00000000 VectorF4
     /tmp/ccJBzCFb.s:27     .text._unhandled_exception:00000000 VectorF8
     /tmp/ccJBzCFb.s:27     .text._unhandled_exception:00000000 VectorFC
     /tmp/ccJBzCFb.s:27     .text._unhandled_exception:00000000 Vector100
     /tmp/ccJBzCFb.s:27     .text._unhandled_exception:00000000 Vector104
     /tmp/ccJBzCFb.s:27     .text._unhandled_exception:00000000 Vector108
     /tmp/ccJBzCFb.s:27     .text._unhandled_exception:00000000 Vector10C
     /tmp/ccJBzCFb.s:27     .text._unhandled_exception:00000000 Vector110
     /tmp/ccJBzCFb.s:27     .text._unhandled_exception:00000000 Vector114
     /tmp/ccJBzCFb.s:27     .text._unhandled_exception:00000000 Vector118
     /tmp/ccJBzCFb.s:27     .text._unhandled_exception:00000000 Vector11C
     /tmp/ccJBzCFb.s:27     .text._unhandled_exception:00000000 Vector120
     /tmp/ccJBzCFb.s:27     .text._unhandled_exception:00000000 Vector124
     /tmp/ccJBzCFb.s:27     .text._unhandled_exception:00000000 Vector128
     /tmp/ccJBzCFb.s:27     .text._unhandled_exception:00000000 Vector12C
     /tmp/ccJBzCFb.s:27     .text._unhandled_exception:00000000 Vector130
     /tmp/ccJBzCFb.s:27     .text._unhandled_exception:00000000 Vector134
     /tmp/ccJBzCFb.s:27     .text._unhandled_exception:00000000 Vector138
     /tmp/ccJBzCFb.s:27     .text._unhandled_exception:00000000 Vector13C
     /tmp/ccJBzCFb.s:27     .text._unhandled_exception:00000000 Vector140
     /tmp/ccJBzCFb.s:27     .text._unhandled_exception:00000000 Vector144
     /tmp/ccJBzCFb.s:27     .text._unhandled_exception:00000000 Vector148
     /tmp/ccJBzCFb.s:27     .text._unhandled_exception:00000000 Vector14C
     /tmp/ccJBzCFb.s:27     .text._unhandled_exception:00000000 Vector150
     /tmp/ccJBzCFb.s:27     .text._unhandled_exception:00000000 Vector154
     /tmp/ccJBzCFb.s:27     .text._unhandled_exception:00000000 Vector158
     /tmp/ccJBzCFb.s:27     .text._unhandled_exception:00000000 Vector15C
     /tmp/ccJBzCFb.s:27     .text._unhandled_exception:00000000 Vector160
     /tmp/ccJBzCFb.s:27     .text._unhandled_exception:00000000 Vector164
     /tmp/ccJBzCFb.s:27     .text._unhandled_exception:00000000 Vector168
     /tmp/ccJBzCFb.s:27     .text._unhandled_exception:00000000 Vector16C
     /tmp/ccJBzCFb.s:27     .text._unhandled_exception:00000000 Vector170
     /tmp/ccJBzCFb.s:27     .text._unhandled_exception:00000000 Vector174
     /tmp/ccJBzCFb.s:27     .text._unhandled_exception:00000000 Vector178
     /tmp/ccJBzCFb.s:27     .text._unhandled_exception:00000000 Vector17C
     /tmp/ccJBzCFb.s:27     .text._unhandled_exception:00000000 Vector180
     /tmp/ccJBzCFb.s:27     .text._unhandled_exception:00000000 Vector184
     /tmp/ccJBzCFb.s:27     .text._unhandled_exception:00000000 NMIVector
     /tmp/ccJBzCFb.s:238    vectors:00000000 _vectors
     /tmp/ccJBzCFb.s:235    vectors:00000000 $d
                     .debug_frame:00000010 $d

UNDEFINED SYMBOLS
__main_stack_end__
ResetHandler
