ARM GAS  /tmp/ccv5Of8C.s 			page 1


   1              		.syntax unified
   2              		.cpu cortex-m4
   3              		.eabi_attribute 27, 3
   4              		.eabi_attribute 28, 1
   5              		.fpu fpv4-sp-d16
   6              		.eabi_attribute 20, 1
   7              		.eabi_attribute 21, 1
   8              		.eabi_attribute 23, 3
   9              		.eabi_attribute 24, 1
  10              		.eabi_attribute 25, 1
  11              		.eabi_attribute 26, 1
  12              		.eabi_attribute 30, 2
  13              		.eabi_attribute 34, 1
  14              		.eabi_attribute 18, 4
  15              		.thumb
  16              		.file	"chregistry.c"
  17              		.text
  18              	.Ltext0:
  19              		.cfi_sections	.debug_frame
  20              		.section	.text.chRegFirstThread,"ax",%progbits
  21              		.align	2
  22              		.p2align 4,,15
  23              		.global	chRegFirstThread
  24              		.thumb
  25              		.thumb_func
  26              		.type	chRegFirstThread, %function
  27              	chRegFirstThread:
  28              	.LFB7:
  29              		.file 1 "../../os/kernel/src/chregistry.c"
  30              		.loc 1 110 0
  31              		.cfi_startproc
  32              		@ args = 0, pretend = 0, frame = 0
  33              		@ frame_needed = 0, uses_anonymous_args = 0
  34              		@ link register save eliminated.
  35              	.LBB2:
  36              		.loc 1 113 0
  37 0000 2023     		movs	r3, #32
  38              	.LVL0:
  39              	@ 113 "../../os/kernel/src/chregistry.c" 1
  40 0002 83F31188 		msr     BASEPRI, r3
  41              	@ 0 "" 2
  42              	.LVL1:
  43              		.thumb
  44              	.LBE2:
  45              		.loc 1 114 0
  46 0006 40F20002 		movw	r2, #:lower16:rlist
  47 000a C0F20002 		movt	r2, #:upper16:rlist
  48              	.LBB3:
  49              		.loc 1 118 0
  50 000e 0023     		movs	r3, #0
  51              	.LVL2:
  52              	.LBE3:
  53              		.loc 1 114 0
  54 0010 1069     		ldr	r0, [r2, #16]
  55              	.LVL3:
  56              		.loc 1 116 0
  57 0012 817F     		ldrb	r1, [r0, #30]	@ zero_extendqisi2
ARM GAS  /tmp/ccv5Of8C.s 			page 2


  58 0014 4A1C     		adds	r2, r1, #1
  59 0016 8277     		strb	r2, [r0, #30]
  60              	.LBB4:
  61              		.loc 1 118 0
  62              	@ 118 "../../os/kernel/src/chregistry.c" 1
  63 0018 83F31188 		msr     BASEPRI, r3
  64              	@ 0 "" 2
  65              	.LVL4:
  66              		.thumb
  67              	.LBE4:
  68              		.loc 1 120 0
  69 001c 7047     		bx	lr
  70              		.cfi_endproc
  71              	.LFE7:
  72              		.size	chRegFirstThread, .-chRegFirstThread
  73 001e 00BF     		.section	.text.chRegNextThread,"ax",%progbits
  74              		.align	2
  75              		.p2align 4,,15
  76              		.global	chRegNextThread
  77              		.thumb
  78              		.thumb_func
  79              		.type	chRegNextThread, %function
  80              	chRegNextThread:
  81              	.LFB8:
  82              		.loc 1 133 0
  83              		.cfi_startproc
  84              		@ args = 0, pretend = 0, frame = 0
  85              		@ frame_needed = 0, uses_anonymous_args = 0
  86              	.LVL5:
  87 0000 10B5     		push	{r4, lr}
  88              	.LCFI0:
  89              		.cfi_def_cfa_offset 8
  90              		.cfi_offset 4, -8
  91              		.cfi_offset 14, -4
  92              	.LBB5:
  93              		.loc 1 136 0
  94 0002 2023     		movs	r3, #32
  95              	.LVL6:
  96              	@ 136 "../../os/kernel/src/chregistry.c" 1
  97 0004 83F31188 		msr     BASEPRI, r3
  98              	@ 0 "" 2
  99              	.LVL7:
 100              		.thumb
 101              	.LBE5:
 102              		.loc 1 138 0
 103 0008 074B     		ldr	r3, .L6
 104              	.LVL8:
 105              		.loc 1 137 0
 106 000a 0469     		ldr	r4, [r0, #16]
 107              	.LVL9:
 108              		.loc 1 138 0
 109 000c 9C42     		cmp	r4, r3
 110 000e 09D0     		beq	.L4
 111              		.loc 1 144 0
 112 0010 A17F     		ldrb	r1, [r4, #30]	@ zero_extendqisi2
 113 0012 4A1C     		adds	r2, r1, #1
 114 0014 A277     		strb	r2, [r4, #30]
ARM GAS  /tmp/ccv5Of8C.s 			page 3


 115              	.LVL10:
 116              	.L3:
 117              	.LBB6:
 118              		.loc 1 147 0
 119 0016 0023     		movs	r3, #0
 120              	.LVL11:
 121              	@ 147 "../../os/kernel/src/chregistry.c" 1
 122 0018 83F31188 		msr     BASEPRI, r3
 123              	@ 0 "" 2
 124              	.LVL12:
 125              		.thumb
 126              	.LBE6:
 127              		.loc 1 149 0
 128 001c FFF7FEFF 		bl	chThdRelease
 129              	.LVL13:
 130              		.loc 1 152 0
 131 0020 2046     		mov	r0, r4
 132 0022 10BD     		pop	{r4, pc}
 133              	.LVL14:
 134              	.L4:
 135              		.loc 1 139 0
 136 0024 0024     		movs	r4, #0
 137              	.LVL15:
 138 0026 F6E7     		b	.L3
 139              	.L7:
 140              		.align	2
 141              	.L6:
 142 0028 00000000 		.word	rlist
 143              		.cfi_endproc
 144              	.LFE8:
 145              		.size	chRegNextThread, .-chRegNextThread
 146              		.global	ch_debug
 147 002c AFF30080 		.section	.rodata.ch_debug,"a",%progbits
 148              		.align	2
 149              		.type	ch_debug, %object
 150              		.size	ch_debug, 22
 151              	ch_debug:
 152 0000 6D61696E 		.ascii	"main"
 153 0004 00       		.byte	0
 154 0005 16       		.byte	22
 155 0006 C011     		.short	4544
 156 0008 04       		.byte	4
 157 0009 04       		.byte	4
 158 000a 48       		.byte	72
 159 000b 08       		.byte	8
 160 000c 0C       		.byte	12
 161 000d 10       		.byte	16
 162 000e 14       		.byte	20
 163 000f 18       		.byte	24
 164 0010 00       		.byte	0
 165 0011 1C       		.byte	28
 166 0012 1D       		.byte	29
 167 0013 1E       		.byte	30
 168 0014 1F       		.byte	31
 169 0015 20       		.byte	32
 170 0016 0000     		.text
 171              	.Letext0:
ARM GAS  /tmp/ccv5Of8C.s 			page 4


 172              		.file 2 "/usr/bin/../lib/gcc/arm-none-eabi/4.7.4/include/stddef.h"
 173              		.file 3 "/usr/bin/../lib/gcc/arm-none-eabi/4.7.4/../../../../arm-none-eabi/include/stdint.h"
 174              		.file 4 "../../os/ports/GCC/ARMCMx/chtypes.h"
 175              		.file 5 "../../os/kernel/include/chlists.h"
 176              		.file 6 "../../os/kernel/include/chthreads.h"
 177              		.file 7 "../../os/ports/GCC/ARMCMx/chcore_v7m.h"
 178              		.file 8 "../../os/kernel/include/chschd.h"
 179              		.file 9 "../../os/kernel/include/chmtx.h"
 180              		.file 10 "../../os/kernel/include/chregistry.h"
 181              		.file 11 "../../os/kernel/include/chdynamic.h"
 182              		.section	.debug_info,"",%progbits
 183              	.Ldebug_info0:
 184 0000 70070000 		.4byte	0x770
 185 0004 0200     		.2byte	0x2
 186 0006 00000000 		.4byte	.Ldebug_abbrev0
 187 000a 04       		.byte	0x4
 188 000b 01       		.uleb128 0x1
 189 000c 80010000 		.4byte	.LASF88
 190 0010 01       		.byte	0x1
 191 0011 A5030000 		.4byte	.LASF89
 192 0015 71020000 		.4byte	.LASF90
 193 0019 18000000 		.4byte	.Ldebug_ranges0+0x18
 194 001d 00000000 		.4byte	0
 195 0021 00000000 		.4byte	0
 196 0025 00000000 		.4byte	.Ldebug_line0
 197 0029 02       		.uleb128 0x2
 198 002a 04       		.byte	0x4
 199 002b 05       		.byte	0x5
 200 002c 696E7400 		.ascii	"int\000"
 201 0030 03       		.uleb128 0x3
 202 0031 13000000 		.4byte	.LASF2
 203 0035 02       		.byte	0x2
 204 0036 D5       		.byte	0xd5
 205 0037 3B000000 		.4byte	0x3b
 206 003b 04       		.uleb128 0x4
 207 003c 04       		.byte	0x4
 208 003d 07       		.byte	0x7
 209 003e 03010000 		.4byte	.LASF0
 210 0042 04       		.uleb128 0x4
 211 0043 01       		.byte	0x1
 212 0044 06       		.byte	0x6
 213 0045 79000000 		.4byte	.LASF1
 214 0049 03       		.uleb128 0x3
 215 004a E8030000 		.4byte	.LASF3
 216 004e 03       		.byte	0x3
 217 004f 2A       		.byte	0x2a
 218 0050 54000000 		.4byte	0x54
 219 0054 04       		.uleb128 0x4
 220 0055 01       		.byte	0x1
 221 0056 08       		.byte	0x8
 222 0057 63020000 		.4byte	.LASF4
 223 005b 04       		.uleb128 0x4
 224 005c 02       		.byte	0x2
 225 005d 05       		.byte	0x5
 226 005e BE020000 		.4byte	.LASF5
 227 0062 03       		.uleb128 0x3
 228 0063 CE000000 		.4byte	.LASF6
ARM GAS  /tmp/ccv5Of8C.s 			page 5


 229 0067 03       		.byte	0x3
 230 0068 36       		.byte	0x36
 231 0069 6D000000 		.4byte	0x6d
 232 006d 04       		.uleb128 0x4
 233 006e 02       		.byte	0x2
 234 006f 07       		.byte	0x7
 235 0070 41010000 		.4byte	.LASF7
 236 0074 03       		.uleb128 0x3
 237 0075 5B020000 		.4byte	.LASF8
 238 0079 03       		.byte	0x3
 239 007a 4F       		.byte	0x4f
 240 007b 7F000000 		.4byte	0x7f
 241 007f 04       		.uleb128 0x4
 242 0080 04       		.byte	0x4
 243 0081 05       		.byte	0x5
 244 0082 BC000000 		.4byte	.LASF9
 245 0086 03       		.uleb128 0x3
 246 0087 3E030000 		.4byte	.LASF10
 247 008b 03       		.byte	0x3
 248 008c 50       		.byte	0x50
 249 008d 91000000 		.4byte	0x91
 250 0091 04       		.uleb128 0x4
 251 0092 04       		.byte	0x4
 252 0093 07       		.byte	0x7
 253 0094 10010000 		.4byte	.LASF11
 254 0098 04       		.uleb128 0x4
 255 0099 08       		.byte	0x8
 256 009a 05       		.byte	0x5
 257 009b 6B000000 		.4byte	.LASF12
 258 009f 04       		.uleb128 0x4
 259 00a0 08       		.byte	0x8
 260 00a1 07       		.byte	0x7
 261 00a2 2F000000 		.4byte	.LASF13
 262 00a6 04       		.uleb128 0x4
 263 00a7 01       		.byte	0x1
 264 00a8 02       		.byte	0x2
 265 00a9 55020000 		.4byte	.LASF14
 266 00ad 03       		.uleb128 0x3
 267 00ae 5A010000 		.4byte	.LASF15
 268 00b2 04       		.byte	0x4
 269 00b3 25       		.byte	0x25
 270 00b4 49000000 		.4byte	0x49
 271 00b8 03       		.uleb128 0x3
 272 00b9 C5000000 		.4byte	.LASF16
 273 00bd 04       		.byte	0x4
 274 00be 26       		.byte	0x26
 275 00bf 49000000 		.4byte	0x49
 276 00c3 03       		.uleb128 0x3
 277 00c4 33020000 		.4byte	.LASF17
 278 00c8 04       		.byte	0x4
 279 00c9 27       		.byte	0x27
 280 00ca 49000000 		.4byte	0x49
 281 00ce 03       		.uleb128 0x3
 282 00cf B2000000 		.4byte	.LASF18
 283 00d3 04       		.byte	0x4
 284 00d4 28       		.byte	0x28
 285 00d5 49000000 		.4byte	0x49
ARM GAS  /tmp/ccv5Of8C.s 			page 6


 286 00d9 03       		.uleb128 0x3
 287 00da 4D020000 		.4byte	.LASF19
 288 00de 04       		.byte	0x4
 289 00df 29       		.byte	0x29
 290 00e0 86000000 		.4byte	0x86
 291 00e4 03       		.uleb128 0x3
 292 00e5 54010000 		.4byte	.LASF20
 293 00e9 04       		.byte	0x4
 294 00ea 2A       		.byte	0x2a
 295 00eb 74000000 		.4byte	0x74
 296 00ef 03       		.uleb128 0x3
 297 00f0 6E010000 		.4byte	.LASF21
 298 00f4 04       		.byte	0x4
 299 00f5 2C       		.byte	0x2c
 300 00f6 86000000 		.4byte	0x86
 301 00fa 03       		.uleb128 0x3
 302 00fb 77030000 		.4byte	.LASF22
 303 00ff 04       		.byte	0x4
 304 0100 2E       		.byte	0x2e
 305 0101 86000000 		.4byte	0x86
 306 0105 03       		.uleb128 0x3
 307 0106 1F030000 		.4byte	.LASF23
 308 010a 05       		.byte	0x5
 309 010b 23       		.byte	0x23
 310 010c 10010000 		.4byte	0x110
 311 0110 05       		.uleb128 0x5
 312 0111 1F030000 		.4byte	.LASF23
 313 0115 48       		.byte	0x48
 314 0116 06       		.byte	0x6
 315 0117 57       		.byte	0x57
 316 0118 35020000 		.4byte	0x235
 317 011c 06       		.uleb128 0x6
 318 011d F4020000 		.4byte	.LASF24
 319 0121 06       		.byte	0x6
 320 0122 58       		.byte	0x58
 321 0123 5A020000 		.4byte	0x25a
 322 0127 02       		.byte	0x2
 323 0128 23       		.byte	0x23
 324 0129 00       		.uleb128 0
 325 012a 06       		.uleb128 0x6
 326 012b 46020000 		.4byte	.LASF25
 327 012f 06       		.byte	0x6
 328 0130 5A       		.byte	0x5a
 329 0131 5A020000 		.4byte	0x25a
 330 0135 02       		.byte	0x2
 331 0136 23       		.byte	0x23
 332 0137 04       		.uleb128 0x4
 333 0138 06       		.uleb128 0x6
 334 0139 57000000 		.4byte	.LASF26
 335 013d 06       		.byte	0x6
 336 013e 5C       		.byte	0x5c
 337 013f D9000000 		.4byte	0xd9
 338 0143 02       		.byte	0x2
 339 0144 23       		.byte	0x23
 340 0145 08       		.uleb128 0x8
 341 0146 06       		.uleb128 0x6
 342 0147 11040000 		.4byte	.LASF27
ARM GAS  /tmp/ccv5Of8C.s 			page 7


 343 014b 06       		.byte	0x6
 344 014c 5D       		.byte	0x5d
 345 014d 18040000 		.4byte	0x418
 346 0151 02       		.byte	0x2
 347 0152 23       		.byte	0x23
 348 0153 0C       		.uleb128 0xc
 349 0154 06       		.uleb128 0x6
 350 0155 E1000000 		.4byte	.LASF28
 351 0159 06       		.byte	0x6
 352 015a 5F       		.byte	0x5f
 353 015b 5A020000 		.4byte	0x25a
 354 015f 02       		.byte	0x2
 355 0160 23       		.byte	0x23
 356 0161 10       		.uleb128 0x10
 357 0162 06       		.uleb128 0x6
 358 0163 FE010000 		.4byte	.LASF29
 359 0167 06       		.byte	0x6
 360 0168 60       		.byte	0x60
 361 0169 5A020000 		.4byte	0x25a
 362 016d 02       		.byte	0x2
 363 016e 23       		.byte	0x23
 364 016f 14       		.uleb128 0x14
 365 0170 06       		.uleb128 0x6
 366 0171 F7030000 		.4byte	.LASF30
 367 0175 06       		.byte	0x6
 368 0176 67       		.byte	0x67
 369 0177 2C050000 		.4byte	0x52c
 370 017b 02       		.byte	0x2
 371 017c 23       		.byte	0x23
 372 017d 18       		.uleb128 0x18
 373 017e 06       		.uleb128 0x6
 374 017f C8020000 		.4byte	.LASF31
 375 0183 06       		.byte	0x6
 376 0184 72       		.byte	0x72
 377 0185 B8000000 		.4byte	0xb8
 378 0189 02       		.byte	0x2
 379 018a 23       		.byte	0x23
 380 018b 1C       		.uleb128 0x1c
 381 018c 06       		.uleb128 0x6
 382 018d 0A030000 		.4byte	.LASF32
 383 0191 06       		.byte	0x6
 384 0192 76       		.byte	0x76
 385 0193 AD000000 		.4byte	0xad
 386 0197 02       		.byte	0x2
 387 0198 23       		.byte	0x23
 388 0199 1D       		.uleb128 0x1d
 389 019a 06       		.uleb128 0x6
 390 019b D1030000 		.4byte	.LASF33
 391 019f 06       		.byte	0x6
 392 01a0 7B       		.byte	0x7b
 393 01a1 C3000000 		.4byte	0xc3
 394 01a5 02       		.byte	0x2
 395 01a6 23       		.byte	0x23
 396 01a7 1E       		.uleb128 0x1e
 397 01a8 06       		.uleb128 0x6
 398 01a9 D0020000 		.4byte	.LASF34
 399 01ad 06       		.byte	0x6
ARM GAS  /tmp/ccv5Of8C.s 			page 8


 400 01ae 81       		.byte	0x81
 401 01af CE000000 		.4byte	0xce
 402 01b3 02       		.byte	0x2
 403 01b4 23       		.byte	0x23
 404 01b5 1F       		.uleb128 0x1f
 405 01b6 06       		.uleb128 0x6
 406 01b7 8C030000 		.4byte	.LASF35
 407 01bb 06       		.byte	0x6
 408 01bc 88       		.byte	0x88
 409 01bd 42040000 		.4byte	0x442
 410 01c1 02       		.byte	0x2
 411 01c2 23       		.byte	0x23
 412 01c3 20       		.uleb128 0x20
 413 01c4 07       		.uleb128 0x7
 414 01c5 705F7500 		.ascii	"p_u\000"
 415 01c9 06       		.byte	0x6
 416 01ca AD       		.byte	0xad
 417 01cb F7040000 		.4byte	0x4f7
 418 01cf 02       		.byte	0x2
 419 01d0 23       		.byte	0x23
 420 01d1 24       		.uleb128 0x24
 421 01d2 06       		.uleb128 0x6
 422 01d3 17040000 		.4byte	.LASF36
 423 01d7 06       		.byte	0x6
 424 01d8 B2       		.byte	0xb2
 425 01d9 82020000 		.4byte	0x282
 426 01dd 02       		.byte	0x2
 427 01de 23       		.byte	0x23
 428 01df 28       		.uleb128 0x28
 429 01e0 06       		.uleb128 0x6
 430 01e1 9A030000 		.4byte	.LASF37
 431 01e5 06       		.byte	0x6
 432 01e6 B8       		.byte	0xb8
 433 01e7 60020000 		.4byte	0x260
 434 01eb 02       		.byte	0x2
 435 01ec 23       		.byte	0x23
 436 01ed 2C       		.uleb128 0x2c
 437 01ee 06       		.uleb128 0x6
 438 01ef 0D000000 		.4byte	.LASF38
 439 01f3 06       		.byte	0x6
 440 01f4 BC       		.byte	0xbc
 441 01f5 E4000000 		.4byte	0xe4
 442 01f9 02       		.byte	0x2
 443 01fa 23       		.byte	0x23
 444 01fb 34       		.uleb128 0x34
 445 01fc 06       		.uleb128 0x6
 446 01fd 33030000 		.4byte	.LASF39
 447 0201 06       		.byte	0x6
 448 0202 C2       		.byte	0xc2
 449 0203 EF000000 		.4byte	0xef
 450 0207 02       		.byte	0x2
 451 0208 23       		.byte	0x23
 452 0209 38       		.uleb128 0x38
 453 020a 06       		.uleb128 0x6
 454 020b B4020000 		.4byte	.LASF40
 455 020f 06       		.byte	0x6
 456 0210 C9       		.byte	0xc9
ARM GAS  /tmp/ccv5Of8C.s 			page 9


 457 0211 3E050000 		.4byte	0x53e
 458 0215 02       		.byte	0x2
 459 0216 23       		.byte	0x23
 460 0217 3C       		.uleb128 0x3c
 461 0218 06       		.uleb128 0x6
 462 0219 81030000 		.4byte	.LASF41
 463 021d 06       		.byte	0x6
 464 021e CD       		.byte	0xcd
 465 021f D9000000 		.4byte	0xd9
 466 0223 02       		.byte	0x2
 467 0224 23       		.byte	0x23
 468 0225 40       		.uleb128 0x40
 469 0226 06       		.uleb128 0x6
 470 0227 A2000000 		.4byte	.LASF42
 471 022b 06       		.byte	0x6
 472 022c D3       		.byte	0xd3
 473 022d 98020000 		.4byte	0x298
 474 0231 02       		.byte	0x2
 475 0232 23       		.byte	0x23
 476 0233 44       		.uleb128 0x44
 477 0234 00       		.byte	0
 478 0235 08       		.uleb128 0x8
 479 0236 08       		.byte	0x8
 480 0237 05       		.byte	0x5
 481 0238 5A       		.byte	0x5a
 482 0239 5A020000 		.4byte	0x25a
 483 023d 06       		.uleb128 0x6
 484 023e F4020000 		.4byte	.LASF24
 485 0242 05       		.byte	0x5
 486 0243 5B       		.byte	0x5b
 487 0244 5A020000 		.4byte	0x25a
 488 0248 02       		.byte	0x2
 489 0249 23       		.byte	0x23
 490 024a 00       		.uleb128 0
 491 024b 06       		.uleb128 0x6
 492 024c 46020000 		.4byte	.LASF25
 493 0250 05       		.byte	0x5
 494 0251 5D       		.byte	0x5d
 495 0252 5A020000 		.4byte	0x25a
 496 0256 02       		.byte	0x2
 497 0257 23       		.byte	0x23
 498 0258 04       		.uleb128 0x4
 499 0259 00       		.byte	0
 500 025a 09       		.uleb128 0x9
 501 025b 04       		.byte	0x4
 502 025c 05010000 		.4byte	0x105
 503 0260 03       		.uleb128 0x3
 504 0261 0C020000 		.4byte	.LASF43
 505 0265 05       		.byte	0x5
 506 0266 5F       		.byte	0x5f
 507 0267 35020000 		.4byte	0x235
 508 026b 08       		.uleb128 0x8
 509 026c 04       		.byte	0x4
 510 026d 05       		.byte	0x5
 511 026e 64       		.byte	0x64
 512 026f 82020000 		.4byte	0x282
 513 0273 06       		.uleb128 0x6
ARM GAS  /tmp/ccv5Of8C.s 			page 10


 514 0274 F4020000 		.4byte	.LASF24
 515 0278 05       		.byte	0x5
 516 0279 66       		.byte	0x66
 517 027a 5A020000 		.4byte	0x25a
 518 027e 02       		.byte	0x2
 519 027f 23       		.byte	0x23
 520 0280 00       		.uleb128 0
 521 0281 00       		.byte	0
 522 0282 03       		.uleb128 0x3
 523 0283 62010000 		.4byte	.LASF44
 524 0287 05       		.byte	0x5
 525 0288 69       		.byte	0x69
 526 0289 6B020000 		.4byte	0x26b
 527 028d 03       		.uleb128 0x3
 528 028e FA000000 		.4byte	.LASF45
 529 0292 07       		.byte	0x7
 530 0293 DE       		.byte	0xde
 531 0294 98020000 		.4byte	0x298
 532 0298 0A       		.uleb128 0xa
 533 0299 04       		.byte	0x4
 534 029a 0B       		.uleb128 0xb
 535 029b 93030000 		.4byte	.LASF46
 536 029f 64       		.byte	0x64
 537 02a0 07       		.byte	0x7
 538 02a1 0501     		.2byte	0x105
 539 02a3 18040000 		.4byte	0x418
 540 02a7 0C       		.uleb128 0xc
 541 02a8 73313600 		.ascii	"s16\000"
 542 02ac 07       		.byte	0x7
 543 02ad 0701     		.2byte	0x107
 544 02af 8D020000 		.4byte	0x28d
 545 02b3 02       		.byte	0x2
 546 02b4 23       		.byte	0x23
 547 02b5 00       		.uleb128 0
 548 02b6 0C       		.uleb128 0xc
 549 02b7 73313700 		.ascii	"s17\000"
 550 02bb 07       		.byte	0x7
 551 02bc 0801     		.2byte	0x108
 552 02be 8D020000 		.4byte	0x28d
 553 02c2 02       		.byte	0x2
 554 02c3 23       		.byte	0x23
 555 02c4 04       		.uleb128 0x4
 556 02c5 0C       		.uleb128 0xc
 557 02c6 73313800 		.ascii	"s18\000"
 558 02ca 07       		.byte	0x7
 559 02cb 0901     		.2byte	0x109
 560 02cd 8D020000 		.4byte	0x28d
 561 02d1 02       		.byte	0x2
 562 02d2 23       		.byte	0x23
 563 02d3 08       		.uleb128 0x8
 564 02d4 0C       		.uleb128 0xc
 565 02d5 73313900 		.ascii	"s19\000"
 566 02d9 07       		.byte	0x7
 567 02da 0A01     		.2byte	0x10a
 568 02dc 8D020000 		.4byte	0x28d
 569 02e0 02       		.byte	0x2
 570 02e1 23       		.byte	0x23
ARM GAS  /tmp/ccv5Of8C.s 			page 11


 571 02e2 0C       		.uleb128 0xc
 572 02e3 0C       		.uleb128 0xc
 573 02e4 73323000 		.ascii	"s20\000"
 574 02e8 07       		.byte	0x7
 575 02e9 0B01     		.2byte	0x10b
 576 02eb 8D020000 		.4byte	0x28d
 577 02ef 02       		.byte	0x2
 578 02f0 23       		.byte	0x23
 579 02f1 10       		.uleb128 0x10
 580 02f2 0C       		.uleb128 0xc
 581 02f3 73323100 		.ascii	"s21\000"
 582 02f7 07       		.byte	0x7
 583 02f8 0C01     		.2byte	0x10c
 584 02fa 8D020000 		.4byte	0x28d
 585 02fe 02       		.byte	0x2
 586 02ff 23       		.byte	0x23
 587 0300 14       		.uleb128 0x14
 588 0301 0C       		.uleb128 0xc
 589 0302 73323200 		.ascii	"s22\000"
 590 0306 07       		.byte	0x7
 591 0307 0D01     		.2byte	0x10d
 592 0309 8D020000 		.4byte	0x28d
 593 030d 02       		.byte	0x2
 594 030e 23       		.byte	0x23
 595 030f 18       		.uleb128 0x18
 596 0310 0C       		.uleb128 0xc
 597 0311 73323300 		.ascii	"s23\000"
 598 0315 07       		.byte	0x7
 599 0316 0E01     		.2byte	0x10e
 600 0318 8D020000 		.4byte	0x28d
 601 031c 02       		.byte	0x2
 602 031d 23       		.byte	0x23
 603 031e 1C       		.uleb128 0x1c
 604 031f 0C       		.uleb128 0xc
 605 0320 73323400 		.ascii	"s24\000"
 606 0324 07       		.byte	0x7
 607 0325 0F01     		.2byte	0x10f
 608 0327 8D020000 		.4byte	0x28d
 609 032b 02       		.byte	0x2
 610 032c 23       		.byte	0x23
 611 032d 20       		.uleb128 0x20
 612 032e 0C       		.uleb128 0xc
 613 032f 73323500 		.ascii	"s25\000"
 614 0333 07       		.byte	0x7
 615 0334 1001     		.2byte	0x110
 616 0336 8D020000 		.4byte	0x28d
 617 033a 02       		.byte	0x2
 618 033b 23       		.byte	0x23
 619 033c 24       		.uleb128 0x24
 620 033d 0C       		.uleb128 0xc
 621 033e 73323600 		.ascii	"s26\000"
 622 0342 07       		.byte	0x7
 623 0343 1101     		.2byte	0x111
 624 0345 8D020000 		.4byte	0x28d
 625 0349 02       		.byte	0x2
 626 034a 23       		.byte	0x23
 627 034b 28       		.uleb128 0x28
ARM GAS  /tmp/ccv5Of8C.s 			page 12


 628 034c 0C       		.uleb128 0xc
 629 034d 73323700 		.ascii	"s27\000"
 630 0351 07       		.byte	0x7
 631 0352 1201     		.2byte	0x112
 632 0354 8D020000 		.4byte	0x28d
 633 0358 02       		.byte	0x2
 634 0359 23       		.byte	0x23
 635 035a 2C       		.uleb128 0x2c
 636 035b 0C       		.uleb128 0xc
 637 035c 73323800 		.ascii	"s28\000"
 638 0360 07       		.byte	0x7
 639 0361 1301     		.2byte	0x113
 640 0363 8D020000 		.4byte	0x28d
 641 0367 02       		.byte	0x2
 642 0368 23       		.byte	0x23
 643 0369 30       		.uleb128 0x30
 644 036a 0C       		.uleb128 0xc
 645 036b 73323900 		.ascii	"s29\000"
 646 036f 07       		.byte	0x7
 647 0370 1401     		.2byte	0x114
 648 0372 8D020000 		.4byte	0x28d
 649 0376 02       		.byte	0x2
 650 0377 23       		.byte	0x23
 651 0378 34       		.uleb128 0x34
 652 0379 0C       		.uleb128 0xc
 653 037a 73333000 		.ascii	"s30\000"
 654 037e 07       		.byte	0x7
 655 037f 1501     		.2byte	0x115
 656 0381 8D020000 		.4byte	0x28d
 657 0385 02       		.byte	0x2
 658 0386 23       		.byte	0x23
 659 0387 38       		.uleb128 0x38
 660 0388 0C       		.uleb128 0xc
 661 0389 73333100 		.ascii	"s31\000"
 662 038d 07       		.byte	0x7
 663 038e 1601     		.2byte	0x116
 664 0390 8D020000 		.4byte	0x28d
 665 0394 02       		.byte	0x2
 666 0395 23       		.byte	0x23
 667 0396 3C       		.uleb128 0x3c
 668 0397 0C       		.uleb128 0xc
 669 0398 723400   		.ascii	"r4\000"
 670 039b 07       		.byte	0x7
 671 039c 1801     		.2byte	0x118
 672 039e 8D020000 		.4byte	0x28d
 673 03a2 02       		.byte	0x2
 674 03a3 23       		.byte	0x23
 675 03a4 40       		.uleb128 0x40
 676 03a5 0C       		.uleb128 0xc
 677 03a6 723500   		.ascii	"r5\000"
 678 03a9 07       		.byte	0x7
 679 03aa 1901     		.2byte	0x119
 680 03ac 8D020000 		.4byte	0x28d
 681 03b0 02       		.byte	0x2
 682 03b1 23       		.byte	0x23
 683 03b2 44       		.uleb128 0x44
 684 03b3 0C       		.uleb128 0xc
ARM GAS  /tmp/ccv5Of8C.s 			page 13


 685 03b4 723600   		.ascii	"r6\000"
 686 03b7 07       		.byte	0x7
 687 03b8 1A01     		.2byte	0x11a
 688 03ba 8D020000 		.4byte	0x28d
 689 03be 02       		.byte	0x2
 690 03bf 23       		.byte	0x23
 691 03c0 48       		.uleb128 0x48
 692 03c1 0C       		.uleb128 0xc
 693 03c2 723700   		.ascii	"r7\000"
 694 03c5 07       		.byte	0x7
 695 03c6 1B01     		.2byte	0x11b
 696 03c8 8D020000 		.4byte	0x28d
 697 03cc 02       		.byte	0x2
 698 03cd 23       		.byte	0x23
 699 03ce 4C       		.uleb128 0x4c
 700 03cf 0C       		.uleb128 0xc
 701 03d0 723800   		.ascii	"r8\000"
 702 03d3 07       		.byte	0x7
 703 03d4 1C01     		.2byte	0x11c
 704 03d6 8D020000 		.4byte	0x28d
 705 03da 02       		.byte	0x2
 706 03db 23       		.byte	0x23
 707 03dc 50       		.uleb128 0x50
 708 03dd 0C       		.uleb128 0xc
 709 03de 723900   		.ascii	"r9\000"
 710 03e1 07       		.byte	0x7
 711 03e2 1D01     		.2byte	0x11d
 712 03e4 8D020000 		.4byte	0x28d
 713 03e8 02       		.byte	0x2
 714 03e9 23       		.byte	0x23
 715 03ea 54       		.uleb128 0x54
 716 03eb 0C       		.uleb128 0xc
 717 03ec 72313000 		.ascii	"r10\000"
 718 03f0 07       		.byte	0x7
 719 03f1 1E01     		.2byte	0x11e
 720 03f3 8D020000 		.4byte	0x28d
 721 03f7 02       		.byte	0x2
 722 03f8 23       		.byte	0x23
 723 03f9 58       		.uleb128 0x58
 724 03fa 0C       		.uleb128 0xc
 725 03fb 72313100 		.ascii	"r11\000"
 726 03ff 07       		.byte	0x7
 727 0400 1F01     		.2byte	0x11f
 728 0402 8D020000 		.4byte	0x28d
 729 0406 02       		.byte	0x2
 730 0407 23       		.byte	0x23
 731 0408 5C       		.uleb128 0x5c
 732 0409 0C       		.uleb128 0xc
 733 040a 6C7200   		.ascii	"lr\000"
 734 040d 07       		.byte	0x7
 735 040e 2001     		.2byte	0x120
 736 0410 8D020000 		.4byte	0x28d
 737 0414 02       		.byte	0x2
 738 0415 23       		.byte	0x23
 739 0416 60       		.uleb128 0x60
 740 0417 00       		.byte	0
 741 0418 0B       		.uleb128 0xb
ARM GAS  /tmp/ccv5Of8C.s 			page 14


 742 0419 39010000 		.4byte	.LASF47
 743 041d 04       		.byte	0x4
 744 041e 07       		.byte	0x7
 745 041f 2A01     		.2byte	0x12a
 746 0421 35040000 		.4byte	0x435
 747 0425 0C       		.uleb128 0xc
 748 0426 72313300 		.ascii	"r13\000"
 749 042a 07       		.byte	0x7
 750 042b 2B01     		.2byte	0x12b
 751 042d 35040000 		.4byte	0x435
 752 0431 02       		.byte	0x2
 753 0432 23       		.byte	0x23
 754 0433 00       		.uleb128 0
 755 0434 00       		.byte	0
 756 0435 09       		.uleb128 0x9
 757 0436 04       		.byte	0x4
 758 0437 9A020000 		.4byte	0x29a
 759 043b 04       		.uleb128 0x4
 760 043c 04       		.byte	0x4
 761 043d 07       		.byte	0x7
 762 043e DD010000 		.4byte	.LASF48
 763 0442 0D       		.uleb128 0xd
 764 0443 FA000000 		.4byte	0xfa
 765 0447 08       		.uleb128 0x8
 766 0448 1C       		.byte	0x1c
 767 0449 08       		.byte	0x8
 768 044a 57       		.byte	0x57
 769 044b A4040000 		.4byte	0x4a4
 770 044f 06       		.uleb128 0x6
 771 0450 53030000 		.4byte	.LASF49
 772 0454 08       		.byte	0x8
 773 0455 58       		.byte	0x58
 774 0456 60020000 		.4byte	0x260
 775 045a 02       		.byte	0x2
 776 045b 23       		.byte	0x23
 777 045c 00       		.uleb128 0
 778 045d 06       		.uleb128 0x6
 779 045e E6020000 		.4byte	.LASF50
 780 0462 08       		.byte	0x8
 781 0463 59       		.byte	0x59
 782 0464 D9000000 		.4byte	0xd9
 783 0468 02       		.byte	0x2
 784 0469 23       		.byte	0x23
 785 046a 08       		.uleb128 0x8
 786 046b 06       		.uleb128 0x6
 787 046c 06020000 		.4byte	.LASF51
 788 0470 08       		.byte	0x8
 789 0471 5B       		.byte	0x5b
 790 0472 18040000 		.4byte	0x418
 791 0476 02       		.byte	0x2
 792 0477 23       		.byte	0x23
 793 0478 0C       		.uleb128 0xc
 794 0479 06       		.uleb128 0x6
 795 047a F2000000 		.4byte	.LASF52
 796 047e 08       		.byte	0x8
 797 047f 5E       		.byte	0x5e
 798 0480 5A020000 		.4byte	0x25a
ARM GAS  /tmp/ccv5Of8C.s 			page 15


 799 0484 02       		.byte	0x2
 800 0485 23       		.byte	0x23
 801 0486 10       		.uleb128 0x10
 802 0487 06       		.uleb128 0x6
 803 0488 2B020000 		.4byte	.LASF53
 804 048c 08       		.byte	0x8
 805 048d 5F       		.byte	0x5f
 806 048e 5A020000 		.4byte	0x25a
 807 0492 02       		.byte	0x2
 808 0493 23       		.byte	0x23
 809 0494 14       		.uleb128 0x14
 810 0495 06       		.uleb128 0x6
 811 0496 21020000 		.4byte	.LASF54
 812 049a 08       		.byte	0x8
 813 049b 62       		.byte	0x62
 814 049c 5A020000 		.4byte	0x25a
 815 04a0 02       		.byte	0x2
 816 04a1 23       		.byte	0x23
 817 04a2 18       		.uleb128 0x18
 818 04a3 00       		.byte	0
 819 04a4 03       		.uleb128 0x3
 820 04a5 D8030000 		.4byte	.LASF55
 821 04a9 08       		.byte	0x8
 822 04aa 64       		.byte	0x64
 823 04ab 47040000 		.4byte	0x447
 824 04af 05       		.uleb128 0x5
 825 04b0 7A010000 		.4byte	.LASF56
 826 04b4 10       		.byte	0x10
 827 04b5 09       		.byte	0x9
 828 04b6 25       		.byte	0x25
 829 04b7 E6040000 		.4byte	0x4e6
 830 04bb 06       		.uleb128 0x6
 831 04bc AA000000 		.4byte	.LASF57
 832 04c0 09       		.byte	0x9
 833 04c1 26       		.byte	0x26
 834 04c2 60020000 		.4byte	0x260
 835 04c6 02       		.byte	0x2
 836 04c7 23       		.byte	0x23
 837 04c8 00       		.uleb128 0
 838 04c9 06       		.uleb128 0x6
 839 04ca 09040000 		.4byte	.LASF58
 840 04ce 09       		.byte	0x9
 841 04cf 28       		.byte	0x28
 842 04d0 5A020000 		.4byte	0x25a
 843 04d4 02       		.byte	0x2
 844 04d5 23       		.byte	0x23
 845 04d6 08       		.uleb128 0x8
 846 04d7 06       		.uleb128 0x6
 847 04d8 70030000 		.4byte	.LASF59
 848 04dc 09       		.byte	0x9
 849 04dd 2A       		.byte	0x2a
 850 04de E6040000 		.4byte	0x4e6
 851 04e2 02       		.byte	0x2
 852 04e3 23       		.byte	0x23
 853 04e4 0C       		.uleb128 0xc
 854 04e5 00       		.byte	0
 855 04e6 09       		.uleb128 0x9
ARM GAS  /tmp/ccv5Of8C.s 			page 16


 856 04e7 04       		.byte	0x4
 857 04e8 AF040000 		.4byte	0x4af
 858 04ec 03       		.uleb128 0x3
 859 04ed 7A010000 		.4byte	.LASF56
 860 04f1 09       		.byte	0x9
 861 04f2 2C       		.byte	0x2c
 862 04f3 AF040000 		.4byte	0x4af
 863 04f7 0E       		.uleb128 0xe
 864 04f8 04       		.byte	0x4
 865 04f9 06       		.byte	0x6
 866 04fa 8F       		.byte	0x8f
 867 04fb 2C050000 		.4byte	0x52c
 868 04ff 0F       		.uleb128 0xf
 869 0500 1A000000 		.4byte	.LASF60
 870 0504 06       		.byte	0x6
 871 0505 96       		.byte	0x96
 872 0506 E4000000 		.4byte	0xe4
 873 050a 0F       		.uleb128 0xf
 874 050b E9000000 		.4byte	.LASF61
 875 050f 06       		.byte	0x6
 876 0510 9D       		.byte	0x9d
 877 0511 E4000000 		.4byte	0xe4
 878 0515 0F       		.uleb128 0xf
 879 0516 F0030000 		.4byte	.LASF62
 880 051a 06       		.byte	0x6
 881 051b A4       		.byte	0xa4
 882 051c 98020000 		.4byte	0x298
 883 0520 0F       		.uleb128 0xf
 884 0521 ED020000 		.4byte	.LASF63
 885 0525 06       		.byte	0x6
 886 0526 AB       		.byte	0xab
 887 0527 EF000000 		.4byte	0xef
 888 052b 00       		.byte	0
 889 052c 09       		.uleb128 0x9
 890 052d 04       		.byte	0x4
 891 052e 32050000 		.4byte	0x532
 892 0532 10       		.uleb128 0x10
 893 0533 37050000 		.4byte	0x537
 894 0537 04       		.uleb128 0x4
 895 0538 01       		.byte	0x1
 896 0539 08       		.byte	0x8
 897 053a 5B030000 		.4byte	.LASF64
 898 053e 09       		.uleb128 0x9
 899 053f 04       		.byte	0x4
 900 0540 EC040000 		.4byte	0x4ec
 901 0544 08       		.uleb128 0x8
 902 0545 16       		.byte	0x16
 903 0546 0A       		.byte	0xa
 904 0547 25       		.byte	0x25
 905 0548 49060000 		.4byte	0x649
 906 054c 06       		.uleb128 0x6
 907 054d 2B010000 		.4byte	.LASF65
 908 0551 0A       		.byte	0xa
 909 0552 26       		.byte	0x26
 910 0553 49060000 		.4byte	0x649
 911 0557 02       		.byte	0x2
 912 0558 23       		.byte	0x23
ARM GAS  /tmp/ccv5Of8C.s 			page 17


 913 0559 00       		.uleb128 0
 914 055a 06       		.uleb128 0x6
 915 055b C9010000 		.4byte	.LASF66
 916 055f 0A       		.byte	0xa
 917 0560 27       		.byte	0x27
 918 0561 49000000 		.4byte	0x49
 919 0565 02       		.byte	0x2
 920 0566 23       		.byte	0x23
 921 0567 04       		.uleb128 0x4
 922 0568 06       		.uleb128 0x6
 923 0569 19020000 		.4byte	.LASF67
 924 056d 0A       		.byte	0xa
 925 056e 28       		.byte	0x28
 926 056f 49000000 		.4byte	0x49
 927 0573 02       		.byte	0x2
 928 0574 23       		.byte	0x23
 929 0575 05       		.uleb128 0x5
 930 0576 06       		.uleb128 0x6
 931 0577 FE030000 		.4byte	.LASF68
 932 057b 0A       		.byte	0xa
 933 057c 29       		.byte	0x29
 934 057d 62000000 		.4byte	0x62
 935 0581 02       		.byte	0x2
 936 0582 23       		.byte	0x23
 937 0583 06       		.uleb128 0x6
 938 0584 06       		.uleb128 0x6
 939 0585 3B020000 		.4byte	.LASF69
 940 0589 0A       		.byte	0xa
 941 058a 2A       		.byte	0x2a
 942 058b 49000000 		.4byte	0x49
 943 058f 02       		.byte	0x2
 944 0590 23       		.byte	0x23
 945 0591 08       		.uleb128 0x8
 946 0592 06       		.uleb128 0x6
 947 0593 E6010000 		.4byte	.LASF70
 948 0597 0A       		.byte	0xa
 949 0598 2B       		.byte	0x2b
 950 0599 49000000 		.4byte	0x49
 951 059d 02       		.byte	0x2
 952 059e 23       		.byte	0x23
 953 059f 09       		.uleb128 0x9
 954 05a0 06       		.uleb128 0x6
 955 05a1 21000000 		.4byte	.LASF71
 956 05a5 0A       		.byte	0xa
 957 05a6 2C       		.byte	0x2c
 958 05a7 49000000 		.4byte	0x49
 959 05ab 02       		.byte	0x2
 960 05ac 23       		.byte	0x23
 961 05ad 0A       		.uleb128 0xa
 962 05ae 06       		.uleb128 0x6
 963 05af 47030000 		.4byte	.LASF72
 964 05b3 0A       		.byte	0xa
 965 05b4 2D       		.byte	0x2d
 966 05b5 49000000 		.4byte	0x49
 967 05b9 02       		.byte	0x2
 968 05ba 23       		.byte	0x23
 969 05bb 0B       		.uleb128 0xb
ARM GAS  /tmp/ccv5Of8C.s 			page 18


 970 05bc 06       		.uleb128 0x6
 971 05bd C6030000 		.4byte	.LASF73
 972 05c1 0A       		.byte	0xa
 973 05c2 2E       		.byte	0x2e
 974 05c3 49000000 		.4byte	0x49
 975 05c7 02       		.byte	0x2
 976 05c8 23       		.byte	0x23
 977 05c9 0C       		.uleb128 0xc
 978 05ca 06       		.uleb128 0x6
 979 05cb 26030000 		.4byte	.LASF74
 980 05cf 0A       		.byte	0xa
 981 05d0 2F       		.byte	0x2f
 982 05d1 49000000 		.4byte	0x49
 983 05d5 02       		.byte	0x2
 984 05d6 23       		.byte	0x23
 985 05d7 0D       		.uleb128 0xd
 986 05d8 06       		.uleb128 0x6
 987 05d9 00000000 		.4byte	.LASF75
 988 05dd 0A       		.byte	0xa
 989 05de 30       		.byte	0x30
 990 05df 49000000 		.4byte	0x49
 991 05e3 02       		.byte	0x2
 992 05e4 23       		.byte	0x23
 993 05e5 0E       		.uleb128 0xe
 994 05e6 06       		.uleb128 0x6
 995 05e7 F2010000 		.4byte	.LASF76
 996 05eb 0A       		.byte	0xa
 997 05ec 31       		.byte	0x31
 998 05ed 49000000 		.4byte	0x49
 999 05f1 02       		.byte	0x2
 1000 05f2 23       		.byte	0x23
 1001 05f3 0F       		.uleb128 0xf
 1002 05f4 06       		.uleb128 0x6
 1003 05f5 85000000 		.4byte	.LASF77
 1004 05f9 0A       		.byte	0xa
 1005 05fa 32       		.byte	0x32
 1006 05fb 49000000 		.4byte	0x49
 1007 05ff 02       		.byte	0x2
 1008 0600 23       		.byte	0x23
 1009 0601 10       		.uleb128 0x10
 1010 0602 06       		.uleb128 0x6
 1011 0603 5E000000 		.4byte	.LASF78
 1012 0607 0A       		.byte	0xa
 1013 0608 34       		.byte	0x34
 1014 0609 49000000 		.4byte	0x49
 1015 060d 02       		.byte	0x2
 1016 060e 23       		.byte	0x23
 1017 060f 11       		.uleb128 0x11
 1018 0610 06       		.uleb128 0x6
 1019 0611 95000000 		.4byte	.LASF79
 1020 0615 0A       		.byte	0xa
 1021 0616 35       		.byte	0x35
 1022 0617 49000000 		.4byte	0x49
 1023 061b 02       		.byte	0x2
 1024 061c 23       		.byte	0x23
 1025 061d 12       		.uleb128 0x12
 1026 061e 06       		.uleb128 0x6
ARM GAS  /tmp/ccv5Of8C.s 			page 19


 1027 061f D1010000 		.4byte	.LASF80
 1028 0623 0A       		.byte	0xa
 1029 0624 36       		.byte	0x36
 1030 0625 49000000 		.4byte	0x49
 1031 0629 02       		.byte	0x2
 1032 062a 23       		.byte	0x23
 1033 062b 13       		.uleb128 0x13
 1034 062c 06       		.uleb128 0x6
 1035 062d FB020000 		.4byte	.LASF81
 1036 0631 0A       		.byte	0xa
 1037 0632 37       		.byte	0x37
 1038 0633 49000000 		.4byte	0x49
 1039 0637 02       		.byte	0x2
 1040 0638 23       		.byte	0x23
 1041 0639 14       		.uleb128 0x14
 1042 063a 06       		.uleb128 0x6
 1043 063b DA020000 		.4byte	.LASF82
 1044 063f 0A       		.byte	0xa
 1045 0640 39       		.byte	0x39
 1046 0641 49000000 		.4byte	0x49
 1047 0645 02       		.byte	0x2
 1048 0646 23       		.byte	0x23
 1049 0647 15       		.uleb128 0x15
 1050 0648 00       		.byte	0
 1051 0649 11       		.uleb128 0x11
 1052 064a 37050000 		.4byte	0x537
 1053 064e 59060000 		.4byte	0x659
 1054 0652 12       		.uleb128 0x12
 1055 0653 3B040000 		.4byte	0x43b
 1056 0657 03       		.byte	0x3
 1057 0658 00       		.byte	0
 1058 0659 03       		.uleb128 0x3
 1059 065a D7000000 		.4byte	.LASF83
 1060 065e 0A       		.byte	0xa
 1061 065f 3A       		.byte	0x3a
 1062 0660 44050000 		.4byte	0x544
 1063 0664 13       		.uleb128 0x13
 1064 0665 01       		.byte	0x1
 1065 0666 46000000 		.4byte	.LASF84
 1066 066a 01       		.byte	0x1
 1067 066b 6E       		.byte	0x6e
 1068 066c 01       		.byte	0x1
 1069 066d 5A020000 		.4byte	0x25a
 1070 0671 00000000 		.4byte	.LFB7
 1071 0675 1E000000 		.4byte	.LFE7
 1072 0679 02       		.byte	0x2
 1073 067a 7D       		.byte	0x7d
 1074 067b 00       		.sleb128 0
 1075 067c 01       		.byte	0x1
 1076 067d C0060000 		.4byte	0x6c0
 1077 0681 14       		.uleb128 0x14
 1078 0682 747000   		.ascii	"tp\000"
 1079 0685 01       		.byte	0x1
 1080 0686 6F       		.byte	0x6f
 1081 0687 5A020000 		.4byte	0x25a
 1082 068b 01       		.byte	0x1
 1083 068c 50       		.byte	0x50
ARM GAS  /tmp/ccv5Of8C.s 			page 20


 1084 068d 15       		.uleb128 0x15
 1085 068e 00000000 		.4byte	.LBB2
 1086 0692 06000000 		.4byte	.LBE2
 1087 0696 AA060000 		.4byte	0x6aa
 1088 069a 16       		.uleb128 0x16
 1089 069b 746D7000 		.ascii	"tmp\000"
 1090 069f 01       		.byte	0x1
 1091 06a0 71       		.byte	0x71
 1092 06a1 86000000 		.4byte	0x86
 1093 06a5 00000000 		.4byte	.LLST0
 1094 06a9 00       		.byte	0
 1095 06aa 17       		.uleb128 0x17
 1096 06ab 00000000 		.4byte	.Ldebug_ranges0+0
 1097 06af 16       		.uleb128 0x16
 1098 06b0 746D7000 		.ascii	"tmp\000"
 1099 06b4 01       		.byte	0x1
 1100 06b5 76       		.byte	0x76
 1101 06b6 86000000 		.4byte	0x86
 1102 06ba 13000000 		.4byte	.LLST1
 1103 06be 00       		.byte	0
 1104 06bf 00       		.byte	0
 1105 06c0 18       		.uleb128 0x18
 1106 06c1 01       		.byte	0x1
 1107 06c2 60030000 		.4byte	.LASF85
 1108 06c6 01       		.byte	0x1
 1109 06c7 85       		.byte	0x85
 1110 06c8 01       		.byte	0x1
 1111 06c9 5A020000 		.4byte	0x25a
 1112 06cd 00000000 		.4byte	.LFB8
 1113 06d1 2C000000 		.4byte	.LFE8
 1114 06d5 26000000 		.4byte	.LLST2
 1115 06d9 01       		.byte	0x1
 1116 06da 3F070000 		.4byte	0x73f
 1117 06de 19       		.uleb128 0x19
 1118 06df 747000   		.ascii	"tp\000"
 1119 06e2 01       		.byte	0x1
 1120 06e3 85       		.byte	0x85
 1121 06e4 5A020000 		.4byte	0x25a
 1122 06e8 46000000 		.4byte	.LLST3
 1123 06ec 16       		.uleb128 0x16
 1124 06ed 6E747000 		.ascii	"ntp\000"
 1125 06f1 01       		.byte	0x1
 1126 06f2 86       		.byte	0x86
 1127 06f3 5A020000 		.4byte	0x25a
 1128 06f7 72000000 		.4byte	.LLST4
 1129 06fb 15       		.uleb128 0x15
 1130 06fc 02000000 		.4byte	.LBB5
 1131 0700 08000000 		.4byte	.LBE5
 1132 0704 18070000 		.4byte	0x718
 1133 0708 16       		.uleb128 0x16
 1134 0709 746D7000 		.ascii	"tmp\000"
 1135 070d 01       		.byte	0x1
 1136 070e 88       		.byte	0x88
 1137 070f 86000000 		.4byte	0x86
 1138 0713 91000000 		.4byte	.LLST5
 1139 0717 00       		.byte	0
 1140 0718 15       		.uleb128 0x15
ARM GAS  /tmp/ccv5Of8C.s 			page 21


 1141 0719 16000000 		.4byte	.LBB6
 1142 071d 1C000000 		.4byte	.LBE6
 1143 0721 35070000 		.4byte	0x735
 1144 0725 16       		.uleb128 0x16
 1145 0726 746D7000 		.ascii	"tmp\000"
 1146 072a 01       		.byte	0x1
 1147 072b 93       		.byte	0x93
 1148 072c 86000000 		.4byte	0x86
 1149 0730 A4000000 		.4byte	.LLST6
 1150 0734 00       		.byte	0
 1151 0735 1A       		.uleb128 0x1a
 1152 0736 20000000 		.4byte	.LVL13
 1153 073a 63070000 		.4byte	0x763
 1154 073e 00       		.byte	0
 1155 073f 1B       		.uleb128 0x1b
 1156 0740 E2030000 		.4byte	.LASF86
 1157 0744 08       		.byte	0x8
 1158 0745 68       		.byte	0x68
 1159 0746 A4040000 		.4byte	0x4a4
 1160 074a 01       		.byte	0x1
 1161 074b 01       		.byte	0x1
 1162 074c 1C       		.uleb128 0x1c
 1163 074d 22010000 		.4byte	.LASF87
 1164 0751 01       		.byte	0x1
 1165 0752 3B       		.byte	0x3b
 1166 0753 5E070000 		.4byte	0x75e
 1167 0757 01       		.byte	0x1
 1168 0758 05       		.byte	0x5
 1169 0759 03       		.byte	0x3
 1170 075a 00000000 		.4byte	ch_debug
 1171 075e 10       		.uleb128 0x10
 1172 075f 59060000 		.4byte	0x659
 1173 0763 1D       		.uleb128 0x1d
 1174 0764 01       		.byte	0x1
 1175 0765 12030000 		.4byte	.LASF91
 1176 0769 0B       		.byte	0xb
 1177 076a 33       		.byte	0x33
 1178 076b 01       		.byte	0x1
 1179 076c 01       		.byte	0x1
 1180 076d 1E       		.uleb128 0x1e
 1181 076e 5A020000 		.4byte	0x25a
 1182 0772 00       		.byte	0
 1183 0773 00       		.byte	0
 1184              		.section	.debug_abbrev,"",%progbits
 1185              	.Ldebug_abbrev0:
 1186 0000 01       		.uleb128 0x1
 1187 0001 11       		.uleb128 0x11
 1188 0002 01       		.byte	0x1
 1189 0003 25       		.uleb128 0x25
 1190 0004 0E       		.uleb128 0xe
 1191 0005 13       		.uleb128 0x13
 1192 0006 0B       		.uleb128 0xb
 1193 0007 03       		.uleb128 0x3
 1194 0008 0E       		.uleb128 0xe
 1195 0009 1B       		.uleb128 0x1b
 1196 000a 0E       		.uleb128 0xe
 1197 000b 55       		.uleb128 0x55
ARM GAS  /tmp/ccv5Of8C.s 			page 22


 1198 000c 06       		.uleb128 0x6
 1199 000d 11       		.uleb128 0x11
 1200 000e 01       		.uleb128 0x1
 1201 000f 52       		.uleb128 0x52
 1202 0010 01       		.uleb128 0x1
 1203 0011 10       		.uleb128 0x10
 1204 0012 06       		.uleb128 0x6
 1205 0013 00       		.byte	0
 1206 0014 00       		.byte	0
 1207 0015 02       		.uleb128 0x2
 1208 0016 24       		.uleb128 0x24
 1209 0017 00       		.byte	0
 1210 0018 0B       		.uleb128 0xb
 1211 0019 0B       		.uleb128 0xb
 1212 001a 3E       		.uleb128 0x3e
 1213 001b 0B       		.uleb128 0xb
 1214 001c 03       		.uleb128 0x3
 1215 001d 08       		.uleb128 0x8
 1216 001e 00       		.byte	0
 1217 001f 00       		.byte	0
 1218 0020 03       		.uleb128 0x3
 1219 0021 16       		.uleb128 0x16
 1220 0022 00       		.byte	0
 1221 0023 03       		.uleb128 0x3
 1222 0024 0E       		.uleb128 0xe
 1223 0025 3A       		.uleb128 0x3a
 1224 0026 0B       		.uleb128 0xb
 1225 0027 3B       		.uleb128 0x3b
 1226 0028 0B       		.uleb128 0xb
 1227 0029 49       		.uleb128 0x49
 1228 002a 13       		.uleb128 0x13
 1229 002b 00       		.byte	0
 1230 002c 00       		.byte	0
 1231 002d 04       		.uleb128 0x4
 1232 002e 24       		.uleb128 0x24
 1233 002f 00       		.byte	0
 1234 0030 0B       		.uleb128 0xb
 1235 0031 0B       		.uleb128 0xb
 1236 0032 3E       		.uleb128 0x3e
 1237 0033 0B       		.uleb128 0xb
 1238 0034 03       		.uleb128 0x3
 1239 0035 0E       		.uleb128 0xe
 1240 0036 00       		.byte	0
 1241 0037 00       		.byte	0
 1242 0038 05       		.uleb128 0x5
 1243 0039 13       		.uleb128 0x13
 1244 003a 01       		.byte	0x1
 1245 003b 03       		.uleb128 0x3
 1246 003c 0E       		.uleb128 0xe
 1247 003d 0B       		.uleb128 0xb
 1248 003e 0B       		.uleb128 0xb
 1249 003f 3A       		.uleb128 0x3a
 1250 0040 0B       		.uleb128 0xb
 1251 0041 3B       		.uleb128 0x3b
 1252 0042 0B       		.uleb128 0xb
 1253 0043 01       		.uleb128 0x1
 1254 0044 13       		.uleb128 0x13
ARM GAS  /tmp/ccv5Of8C.s 			page 23


 1255 0045 00       		.byte	0
 1256 0046 00       		.byte	0
 1257 0047 06       		.uleb128 0x6
 1258 0048 0D       		.uleb128 0xd
 1259 0049 00       		.byte	0
 1260 004a 03       		.uleb128 0x3
 1261 004b 0E       		.uleb128 0xe
 1262 004c 3A       		.uleb128 0x3a
 1263 004d 0B       		.uleb128 0xb
 1264 004e 3B       		.uleb128 0x3b
 1265 004f 0B       		.uleb128 0xb
 1266 0050 49       		.uleb128 0x49
 1267 0051 13       		.uleb128 0x13
 1268 0052 38       		.uleb128 0x38
 1269 0053 0A       		.uleb128 0xa
 1270 0054 00       		.byte	0
 1271 0055 00       		.byte	0
 1272 0056 07       		.uleb128 0x7
 1273 0057 0D       		.uleb128 0xd
 1274 0058 00       		.byte	0
 1275 0059 03       		.uleb128 0x3
 1276 005a 08       		.uleb128 0x8
 1277 005b 3A       		.uleb128 0x3a
 1278 005c 0B       		.uleb128 0xb
 1279 005d 3B       		.uleb128 0x3b
 1280 005e 0B       		.uleb128 0xb
 1281 005f 49       		.uleb128 0x49
 1282 0060 13       		.uleb128 0x13
 1283 0061 38       		.uleb128 0x38
 1284 0062 0A       		.uleb128 0xa
 1285 0063 00       		.byte	0
 1286 0064 00       		.byte	0
 1287 0065 08       		.uleb128 0x8
 1288 0066 13       		.uleb128 0x13
 1289 0067 01       		.byte	0x1
 1290 0068 0B       		.uleb128 0xb
 1291 0069 0B       		.uleb128 0xb
 1292 006a 3A       		.uleb128 0x3a
 1293 006b 0B       		.uleb128 0xb
 1294 006c 3B       		.uleb128 0x3b
 1295 006d 0B       		.uleb128 0xb
 1296 006e 01       		.uleb128 0x1
 1297 006f 13       		.uleb128 0x13
 1298 0070 00       		.byte	0
 1299 0071 00       		.byte	0
 1300 0072 09       		.uleb128 0x9
 1301 0073 0F       		.uleb128 0xf
 1302 0074 00       		.byte	0
 1303 0075 0B       		.uleb128 0xb
 1304 0076 0B       		.uleb128 0xb
 1305 0077 49       		.uleb128 0x49
 1306 0078 13       		.uleb128 0x13
 1307 0079 00       		.byte	0
 1308 007a 00       		.byte	0
 1309 007b 0A       		.uleb128 0xa
 1310 007c 0F       		.uleb128 0xf
 1311 007d 00       		.byte	0
ARM GAS  /tmp/ccv5Of8C.s 			page 24


 1312 007e 0B       		.uleb128 0xb
 1313 007f 0B       		.uleb128 0xb
 1314 0080 00       		.byte	0
 1315 0081 00       		.byte	0
 1316 0082 0B       		.uleb128 0xb
 1317 0083 13       		.uleb128 0x13
 1318 0084 01       		.byte	0x1
 1319 0085 03       		.uleb128 0x3
 1320 0086 0E       		.uleb128 0xe
 1321 0087 0B       		.uleb128 0xb
 1322 0088 0B       		.uleb128 0xb
 1323 0089 3A       		.uleb128 0x3a
 1324 008a 0B       		.uleb128 0xb
 1325 008b 3B       		.uleb128 0x3b
 1326 008c 05       		.uleb128 0x5
 1327 008d 01       		.uleb128 0x1
 1328 008e 13       		.uleb128 0x13
 1329 008f 00       		.byte	0
 1330 0090 00       		.byte	0
 1331 0091 0C       		.uleb128 0xc
 1332 0092 0D       		.uleb128 0xd
 1333 0093 00       		.byte	0
 1334 0094 03       		.uleb128 0x3
 1335 0095 08       		.uleb128 0x8
 1336 0096 3A       		.uleb128 0x3a
 1337 0097 0B       		.uleb128 0xb
 1338 0098 3B       		.uleb128 0x3b
 1339 0099 05       		.uleb128 0x5
 1340 009a 49       		.uleb128 0x49
 1341 009b 13       		.uleb128 0x13
 1342 009c 38       		.uleb128 0x38
 1343 009d 0A       		.uleb128 0xa
 1344 009e 00       		.byte	0
 1345 009f 00       		.byte	0
 1346 00a0 0D       		.uleb128 0xd
 1347 00a1 35       		.uleb128 0x35
 1348 00a2 00       		.byte	0
 1349 00a3 49       		.uleb128 0x49
 1350 00a4 13       		.uleb128 0x13
 1351 00a5 00       		.byte	0
 1352 00a6 00       		.byte	0
 1353 00a7 0E       		.uleb128 0xe
 1354 00a8 17       		.uleb128 0x17
 1355 00a9 01       		.byte	0x1
 1356 00aa 0B       		.uleb128 0xb
 1357 00ab 0B       		.uleb128 0xb
 1358 00ac 3A       		.uleb128 0x3a
 1359 00ad 0B       		.uleb128 0xb
 1360 00ae 3B       		.uleb128 0x3b
 1361 00af 0B       		.uleb128 0xb
 1362 00b0 01       		.uleb128 0x1
 1363 00b1 13       		.uleb128 0x13
 1364 00b2 00       		.byte	0
 1365 00b3 00       		.byte	0
 1366 00b4 0F       		.uleb128 0xf
 1367 00b5 0D       		.uleb128 0xd
 1368 00b6 00       		.byte	0
ARM GAS  /tmp/ccv5Of8C.s 			page 25


 1369 00b7 03       		.uleb128 0x3
 1370 00b8 0E       		.uleb128 0xe
 1371 00b9 3A       		.uleb128 0x3a
 1372 00ba 0B       		.uleb128 0xb
 1373 00bb 3B       		.uleb128 0x3b
 1374 00bc 0B       		.uleb128 0xb
 1375 00bd 49       		.uleb128 0x49
 1376 00be 13       		.uleb128 0x13
 1377 00bf 00       		.byte	0
 1378 00c0 00       		.byte	0
 1379 00c1 10       		.uleb128 0x10
 1380 00c2 26       		.uleb128 0x26
 1381 00c3 00       		.byte	0
 1382 00c4 49       		.uleb128 0x49
 1383 00c5 13       		.uleb128 0x13
 1384 00c6 00       		.byte	0
 1385 00c7 00       		.byte	0
 1386 00c8 11       		.uleb128 0x11
 1387 00c9 01       		.uleb128 0x1
 1388 00ca 01       		.byte	0x1
 1389 00cb 49       		.uleb128 0x49
 1390 00cc 13       		.uleb128 0x13
 1391 00cd 01       		.uleb128 0x1
 1392 00ce 13       		.uleb128 0x13
 1393 00cf 00       		.byte	0
 1394 00d0 00       		.byte	0
 1395 00d1 12       		.uleb128 0x12
 1396 00d2 21       		.uleb128 0x21
 1397 00d3 00       		.byte	0
 1398 00d4 49       		.uleb128 0x49
 1399 00d5 13       		.uleb128 0x13
 1400 00d6 2F       		.uleb128 0x2f
 1401 00d7 0B       		.uleb128 0xb
 1402 00d8 00       		.byte	0
 1403 00d9 00       		.byte	0
 1404 00da 13       		.uleb128 0x13
 1405 00db 2E       		.uleb128 0x2e
 1406 00dc 01       		.byte	0x1
 1407 00dd 3F       		.uleb128 0x3f
 1408 00de 0C       		.uleb128 0xc
 1409 00df 03       		.uleb128 0x3
 1410 00e0 0E       		.uleb128 0xe
 1411 00e1 3A       		.uleb128 0x3a
 1412 00e2 0B       		.uleb128 0xb
 1413 00e3 3B       		.uleb128 0x3b
 1414 00e4 0B       		.uleb128 0xb
 1415 00e5 27       		.uleb128 0x27
 1416 00e6 0C       		.uleb128 0xc
 1417 00e7 49       		.uleb128 0x49
 1418 00e8 13       		.uleb128 0x13
 1419 00e9 11       		.uleb128 0x11
 1420 00ea 01       		.uleb128 0x1
 1421 00eb 12       		.uleb128 0x12
 1422 00ec 01       		.uleb128 0x1
 1423 00ed 40       		.uleb128 0x40
 1424 00ee 0A       		.uleb128 0xa
 1425 00ef 9742     		.uleb128 0x2117
ARM GAS  /tmp/ccv5Of8C.s 			page 26


 1426 00f1 0C       		.uleb128 0xc
 1427 00f2 01       		.uleb128 0x1
 1428 00f3 13       		.uleb128 0x13
 1429 00f4 00       		.byte	0
 1430 00f5 00       		.byte	0
 1431 00f6 14       		.uleb128 0x14
 1432 00f7 34       		.uleb128 0x34
 1433 00f8 00       		.byte	0
 1434 00f9 03       		.uleb128 0x3
 1435 00fa 08       		.uleb128 0x8
 1436 00fb 3A       		.uleb128 0x3a
 1437 00fc 0B       		.uleb128 0xb
 1438 00fd 3B       		.uleb128 0x3b
 1439 00fe 0B       		.uleb128 0xb
 1440 00ff 49       		.uleb128 0x49
 1441 0100 13       		.uleb128 0x13
 1442 0101 02       		.uleb128 0x2
 1443 0102 0A       		.uleb128 0xa
 1444 0103 00       		.byte	0
 1445 0104 00       		.byte	0
 1446 0105 15       		.uleb128 0x15
 1447 0106 0B       		.uleb128 0xb
 1448 0107 01       		.byte	0x1
 1449 0108 11       		.uleb128 0x11
 1450 0109 01       		.uleb128 0x1
 1451 010a 12       		.uleb128 0x12
 1452 010b 01       		.uleb128 0x1
 1453 010c 01       		.uleb128 0x1
 1454 010d 13       		.uleb128 0x13
 1455 010e 00       		.byte	0
 1456 010f 00       		.byte	0
 1457 0110 16       		.uleb128 0x16
 1458 0111 34       		.uleb128 0x34
 1459 0112 00       		.byte	0
 1460 0113 03       		.uleb128 0x3
 1461 0114 08       		.uleb128 0x8
 1462 0115 3A       		.uleb128 0x3a
 1463 0116 0B       		.uleb128 0xb
 1464 0117 3B       		.uleb128 0x3b
 1465 0118 0B       		.uleb128 0xb
 1466 0119 49       		.uleb128 0x49
 1467 011a 13       		.uleb128 0x13
 1468 011b 02       		.uleb128 0x2
 1469 011c 06       		.uleb128 0x6
 1470 011d 00       		.byte	0
 1471 011e 00       		.byte	0
 1472 011f 17       		.uleb128 0x17
 1473 0120 0B       		.uleb128 0xb
 1474 0121 01       		.byte	0x1
 1475 0122 55       		.uleb128 0x55
 1476 0123 06       		.uleb128 0x6
 1477 0124 00       		.byte	0
 1478 0125 00       		.byte	0
 1479 0126 18       		.uleb128 0x18
 1480 0127 2E       		.uleb128 0x2e
 1481 0128 01       		.byte	0x1
 1482 0129 3F       		.uleb128 0x3f
ARM GAS  /tmp/ccv5Of8C.s 			page 27


 1483 012a 0C       		.uleb128 0xc
 1484 012b 03       		.uleb128 0x3
 1485 012c 0E       		.uleb128 0xe
 1486 012d 3A       		.uleb128 0x3a
 1487 012e 0B       		.uleb128 0xb
 1488 012f 3B       		.uleb128 0x3b
 1489 0130 0B       		.uleb128 0xb
 1490 0131 27       		.uleb128 0x27
 1491 0132 0C       		.uleb128 0xc
 1492 0133 49       		.uleb128 0x49
 1493 0134 13       		.uleb128 0x13
 1494 0135 11       		.uleb128 0x11
 1495 0136 01       		.uleb128 0x1
 1496 0137 12       		.uleb128 0x12
 1497 0138 01       		.uleb128 0x1
 1498 0139 40       		.uleb128 0x40
 1499 013a 06       		.uleb128 0x6
 1500 013b 9742     		.uleb128 0x2117
 1501 013d 0C       		.uleb128 0xc
 1502 013e 01       		.uleb128 0x1
 1503 013f 13       		.uleb128 0x13
 1504 0140 00       		.byte	0
 1505 0141 00       		.byte	0
 1506 0142 19       		.uleb128 0x19
 1507 0143 05       		.uleb128 0x5
 1508 0144 00       		.byte	0
 1509 0145 03       		.uleb128 0x3
 1510 0146 08       		.uleb128 0x8
 1511 0147 3A       		.uleb128 0x3a
 1512 0148 0B       		.uleb128 0xb
 1513 0149 3B       		.uleb128 0x3b
 1514 014a 0B       		.uleb128 0xb
 1515 014b 49       		.uleb128 0x49
 1516 014c 13       		.uleb128 0x13
 1517 014d 02       		.uleb128 0x2
 1518 014e 06       		.uleb128 0x6
 1519 014f 00       		.byte	0
 1520 0150 00       		.byte	0
 1521 0151 1A       		.uleb128 0x1a
 1522 0152 898201   		.uleb128 0x4109
 1523 0155 00       		.byte	0
 1524 0156 11       		.uleb128 0x11
 1525 0157 01       		.uleb128 0x1
 1526 0158 31       		.uleb128 0x31
 1527 0159 13       		.uleb128 0x13
 1528 015a 00       		.byte	0
 1529 015b 00       		.byte	0
 1530 015c 1B       		.uleb128 0x1b
 1531 015d 34       		.uleb128 0x34
 1532 015e 00       		.byte	0
 1533 015f 03       		.uleb128 0x3
 1534 0160 0E       		.uleb128 0xe
 1535 0161 3A       		.uleb128 0x3a
 1536 0162 0B       		.uleb128 0xb
 1537 0163 3B       		.uleb128 0x3b
 1538 0164 0B       		.uleb128 0xb
 1539 0165 49       		.uleb128 0x49
ARM GAS  /tmp/ccv5Of8C.s 			page 28


 1540 0166 13       		.uleb128 0x13
 1541 0167 3F       		.uleb128 0x3f
 1542 0168 0C       		.uleb128 0xc
 1543 0169 3C       		.uleb128 0x3c
 1544 016a 0C       		.uleb128 0xc
 1545 016b 00       		.byte	0
 1546 016c 00       		.byte	0
 1547 016d 1C       		.uleb128 0x1c
 1548 016e 34       		.uleb128 0x34
 1549 016f 00       		.byte	0
 1550 0170 03       		.uleb128 0x3
 1551 0171 0E       		.uleb128 0xe
 1552 0172 3A       		.uleb128 0x3a
 1553 0173 0B       		.uleb128 0xb
 1554 0174 3B       		.uleb128 0x3b
 1555 0175 0B       		.uleb128 0xb
 1556 0176 49       		.uleb128 0x49
 1557 0177 13       		.uleb128 0x13
 1558 0178 3F       		.uleb128 0x3f
 1559 0179 0C       		.uleb128 0xc
 1560 017a 02       		.uleb128 0x2
 1561 017b 0A       		.uleb128 0xa
 1562 017c 00       		.byte	0
 1563 017d 00       		.byte	0
 1564 017e 1D       		.uleb128 0x1d
 1565 017f 2E       		.uleb128 0x2e
 1566 0180 01       		.byte	0x1
 1567 0181 3F       		.uleb128 0x3f
 1568 0182 0C       		.uleb128 0xc
 1569 0183 03       		.uleb128 0x3
 1570 0184 0E       		.uleb128 0xe
 1571 0185 3A       		.uleb128 0x3a
 1572 0186 0B       		.uleb128 0xb
 1573 0187 3B       		.uleb128 0x3b
 1574 0188 0B       		.uleb128 0xb
 1575 0189 27       		.uleb128 0x27
 1576 018a 0C       		.uleb128 0xc
 1577 018b 3C       		.uleb128 0x3c
 1578 018c 0C       		.uleb128 0xc
 1579 018d 00       		.byte	0
 1580 018e 00       		.byte	0
 1581 018f 1E       		.uleb128 0x1e
 1582 0190 05       		.uleb128 0x5
 1583 0191 00       		.byte	0
 1584 0192 49       		.uleb128 0x49
 1585 0193 13       		.uleb128 0x13
 1586 0194 00       		.byte	0
 1587 0195 00       		.byte	0
 1588 0196 00       		.byte	0
 1589              		.section	.debug_loc,"",%progbits
 1590              	.Ldebug_loc0:
 1591              	.LLST0:
 1592 0000 06000000 		.4byte	.LVL1
 1593 0004 10000000 		.4byte	.LVL2
 1594 0008 0100     		.2byte	0x1
 1595 000a 53       		.byte	0x53
 1596 000b 00000000 		.4byte	0
ARM GAS  /tmp/ccv5Of8C.s 			page 29


 1597 000f 00000000 		.4byte	0
 1598              	.LLST1:
 1599 0013 1C000000 		.4byte	.LVL4
 1600 0017 1E000000 		.4byte	.LFE7
 1601 001b 0100     		.2byte	0x1
 1602 001d 53       		.byte	0x53
 1603 001e 00000000 		.4byte	0
 1604 0022 00000000 		.4byte	0
 1605              	.LLST2:
 1606 0026 00000000 		.4byte	.LFB8
 1607 002a 02000000 		.4byte	.LCFI0
 1608 002e 0200     		.2byte	0x2
 1609 0030 7D       		.byte	0x7d
 1610 0031 00       		.sleb128 0
 1611 0032 02000000 		.4byte	.LCFI0
 1612 0036 2C000000 		.4byte	.LFE8
 1613 003a 0200     		.2byte	0x2
 1614 003c 7D       		.byte	0x7d
 1615 003d 08       		.sleb128 8
 1616 003e 00000000 		.4byte	0
 1617 0042 00000000 		.4byte	0
 1618              	.LLST3:
 1619 0046 00000000 		.4byte	.LVL5
 1620 004a 1F000000 		.4byte	.LVL13-1
 1621 004e 0100     		.2byte	0x1
 1622 0050 50       		.byte	0x50
 1623 0051 1F000000 		.4byte	.LVL13-1
 1624 0055 24000000 		.4byte	.LVL14
 1625 0059 0400     		.2byte	0x4
 1626 005b F3       		.byte	0xf3
 1627 005c 01       		.uleb128 0x1
 1628 005d 50       		.byte	0x50
 1629 005e 9F       		.byte	0x9f
 1630 005f 24000000 		.4byte	.LVL14
 1631 0063 2C000000 		.4byte	.LFE8
 1632 0067 0100     		.2byte	0x1
 1633 0069 50       		.byte	0x50
 1634 006a 00000000 		.4byte	0
 1635 006e 00000000 		.4byte	0
 1636              	.LLST4:
 1637 0072 0C000000 		.4byte	.LVL9
 1638 0076 26000000 		.4byte	.LVL15
 1639 007a 0100     		.2byte	0x1
 1640 007c 54       		.byte	0x54
 1641 007d 26000000 		.4byte	.LVL15
 1642 0081 2C000000 		.4byte	.LFE8
 1643 0085 0200     		.2byte	0x2
 1644 0087 70       		.byte	0x70
 1645 0088 10       		.sleb128 16
 1646 0089 00000000 		.4byte	0
 1647 008d 00000000 		.4byte	0
 1648              	.LLST5:
 1649 0091 08000000 		.4byte	.LVL7
 1650 0095 0A000000 		.4byte	.LVL8
 1651 0099 0100     		.2byte	0x1
 1652 009b 53       		.byte	0x53
 1653 009c 00000000 		.4byte	0
ARM GAS  /tmp/ccv5Of8C.s 			page 30


 1654 00a0 00000000 		.4byte	0
 1655              	.LLST6:
 1656 00a4 1C000000 		.4byte	.LVL12
 1657 00a8 1F000000 		.4byte	.LVL13-1
 1658 00ac 0100     		.2byte	0x1
 1659 00ae 53       		.byte	0x53
 1660 00af 00000000 		.4byte	0
 1661 00b3 00000000 		.4byte	0
 1662              		.section	.debug_aranges,"",%progbits
 1663 0000 24000000 		.4byte	0x24
 1664 0004 0200     		.2byte	0x2
 1665 0006 00000000 		.4byte	.Ldebug_info0
 1666 000a 04       		.byte	0x4
 1667 000b 00       		.byte	0
 1668 000c 0000     		.2byte	0
 1669 000e 0000     		.2byte	0
 1670 0010 00000000 		.4byte	.LFB7
 1671 0014 1E000000 		.4byte	.LFE7-.LFB7
 1672 0018 00000000 		.4byte	.LFB8
 1673 001c 2C000000 		.4byte	.LFE8-.LFB8
 1674 0020 00000000 		.4byte	0
 1675 0024 00000000 		.4byte	0
 1676              		.section	.debug_ranges,"",%progbits
 1677              	.Ldebug_ranges0:
 1678 0000 0E000000 		.4byte	.LBB3
 1679 0004 10000000 		.4byte	.LBE3
 1680 0008 18000000 		.4byte	.LBB4
 1681 000c 1C000000 		.4byte	.LBE4
 1682 0010 00000000 		.4byte	0
 1683 0014 00000000 		.4byte	0
 1684 0018 00000000 		.4byte	.LFB7
 1685 001c 1E000000 		.4byte	.LFE7
 1686 0020 00000000 		.4byte	.LFB8
 1687 0024 2C000000 		.4byte	.LFE8
 1688 0028 00000000 		.4byte	0
 1689 002c 00000000 		.4byte	0
 1690              		.section	.debug_line,"",%progbits
 1691              	.Ldebug_line0:
 1692 0000 A2010000 		.section	.debug_str,"MS",%progbits,1
 1692      02006A01 
 1692      00000201 
 1692      FB0E0D00 
 1692      01010101 
 1693              	.LASF75:
 1694 0000 63665F6F 		.ascii	"cf_off_older\000"
 1694      66665F6F 
 1694      6C646572 
 1694      00
 1695              	.LASF38:
 1696 000d 705F6D73 		.ascii	"p_msg\000"
 1696      6700
 1697              	.LASF2:
 1698 0013 73697A65 		.ascii	"size_t\000"
 1698      5F7400
 1699              	.LASF60:
 1700 001a 7264796D 		.ascii	"rdymsg\000"
 1700      736700
ARM GAS  /tmp/ccv5Of8C.s 			page 31


 1701              	.LASF71:
 1702 0021 63685F74 		.ascii	"ch_threadsize\000"
 1702      68726561 
 1702      6473697A 
 1702      6500
 1703              	.LASF13:
 1704 002f 6C6F6E67 		.ascii	"long long unsigned int\000"
 1704      206C6F6E 
 1704      6720756E 
 1704      7369676E 
 1704      65642069 
 1705              	.LASF84:
 1706 0046 63685265 		.ascii	"chRegFirstThread\000"
 1706      67466972 
 1706      73745468 
 1706      72656164 
 1706      00
 1707              	.LASF26:
 1708 0057 705F7072 		.ascii	"p_prio\000"
 1708      696F00
 1709              	.LASF78:
 1710 005e 63665F6F 		.ascii	"cf_off_state\000"
 1710      66665F73 
 1710      74617465 
 1710      00
 1711              	.LASF12:
 1712 006b 6C6F6E67 		.ascii	"long long int\000"
 1712      206C6F6E 
 1712      6720696E 
 1712      7400
 1713              	.LASF1:
 1714 0079 7369676E 		.ascii	"signed char\000"
 1714      65642063 
 1714      68617200 
 1715              	.LASF77:
 1716 0085 63665F6F 		.ascii	"cf_off_stklimit\000"
 1716      66665F73 
 1716      746B6C69 
 1716      6D697400 
 1717              	.LASF79:
 1718 0095 63665F6F 		.ascii	"cf_off_flags\000"
 1718      66665F66 
 1718      6C616773 
 1718      00
 1719              	.LASF42:
 1720 00a2 705F6D70 		.ascii	"p_mpool\000"
 1720      6F6F6C00 
 1721              	.LASF57:
 1722 00aa 6D5F7175 		.ascii	"m_queue\000"
 1722      65756500 
 1723              	.LASF18:
 1724 00b2 74736C69 		.ascii	"tslices_t\000"
 1724      6365735F 
 1724      7400
 1725              	.LASF9:
 1726 00bc 6C6F6E67 		.ascii	"long int\000"
 1726      20696E74 
ARM GAS  /tmp/ccv5Of8C.s 			page 32


 1726      00
 1727              	.LASF16:
 1728 00c5 74737461 		.ascii	"tstate_t\000"
 1728      74655F74 
 1728      00
 1729              	.LASF6:
 1730 00ce 75696E74 		.ascii	"uint16_t\000"
 1730      31365F74 
 1730      00
 1731              	.LASF83:
 1732 00d7 63686465 		.ascii	"chdebug_t\000"
 1732      6275675F 
 1732      7400
 1733              	.LASF28:
 1734 00e1 705F6E65 		.ascii	"p_newer\000"
 1734      77657200 
 1735              	.LASF61:
 1736 00e9 65786974 		.ascii	"exitcode\000"
 1736      636F6465 
 1736      00
 1737              	.LASF52:
 1738 00f2 725F6E65 		.ascii	"r_newer\000"
 1738      77657200 
 1739              	.LASF45:
 1740 00fa 72656761 		.ascii	"regarm_t\000"
 1740      726D5F74 
 1740      00
 1741              	.LASF0:
 1742 0103 756E7369 		.ascii	"unsigned int\000"
 1742      676E6564 
 1742      20696E74 
 1742      00
 1743              	.LASF11:
 1744 0110 6C6F6E67 		.ascii	"long unsigned int\000"
 1744      20756E73 
 1744      69676E65 
 1744      6420696E 
 1744      7400
 1745              	.LASF87:
 1746 0122 63685F64 		.ascii	"ch_debug\000"
 1746      65627567 
 1746      00
 1747              	.LASF65:
 1748 012b 63685F69 		.ascii	"ch_identifier\000"
 1748      64656E74 
 1748      69666965 
 1748      7200
 1749              	.LASF47:
 1750 0139 636F6E74 		.ascii	"context\000"
 1750      65787400 
 1751              	.LASF7:
 1752 0141 73686F72 		.ascii	"short unsigned int\000"
 1752      7420756E 
 1752      7369676E 
 1752      65642069 
 1752      6E7400
 1753              	.LASF20:
ARM GAS  /tmp/ccv5Of8C.s 			page 33


 1754 0154 6D73675F 		.ascii	"msg_t\000"
 1754      7400
 1755              	.LASF15:
 1756 015a 746D6F64 		.ascii	"tmode_t\000"
 1756      655F7400 
 1757              	.LASF44:
 1758 0162 54687265 		.ascii	"ThreadsList\000"
 1758      6164734C 
 1758      69737400 
 1759              	.LASF21:
 1760 016e 6576656E 		.ascii	"eventmask_t\000"
 1760      746D6173 
 1760      6B5F7400 
 1761              	.LASF56:
 1762 017a 4D757465 		.ascii	"Mutex\000"
 1762      7800
 1763              	.LASF88:
 1764 0180 474E5520 		.ascii	"GNU C 4.7.4 20130613 (release) [ARM/embedded-4_7-br"
 1764      4320342E 
 1764      372E3420 
 1764      32303133 
 1764      30363133 
 1765 01b3 616E6368 		.ascii	"anch revision 200083]\000"
 1765      20726576 
 1765      6973696F 
 1765      6E203230 
 1765      30303833 
 1766              	.LASF66:
 1767 01c9 63685F7A 		.ascii	"ch_zero\000"
 1767      65726F00 
 1768              	.LASF80:
 1769 01d1 63665F6F 		.ascii	"cf_off_refs\000"
 1769      66665F72 
 1769      65667300 
 1770              	.LASF48:
 1771 01dd 73697A65 		.ascii	"sizetype\000"
 1771      74797065 
 1771      00
 1772              	.LASF70:
 1773 01e6 63685F74 		.ascii	"ch_timesize\000"
 1773      696D6573 
 1773      697A6500 
 1774              	.LASF76:
 1775 01f2 63665F6F 		.ascii	"cf_off_name\000"
 1775      66665F6E 
 1775      616D6500 
 1776              	.LASF29:
 1777 01fe 705F6F6C 		.ascii	"p_older\000"
 1777      64657200 
 1778              	.LASF51:
 1779 0206 725F6374 		.ascii	"r_ctx\000"
 1779      7800
 1780              	.LASF43:
 1781 020c 54687265 		.ascii	"ThreadsQueue\000"
 1781      61647351 
 1781      75657565 
 1781      00
ARM GAS  /tmp/ccv5Of8C.s 			page 34


 1782              	.LASF67:
 1783 0219 63685F73 		.ascii	"ch_size\000"
 1783      697A6500 
 1784              	.LASF54:
 1785 0221 725F6375 		.ascii	"r_current\000"
 1785      7272656E 
 1785      7400
 1786              	.LASF53:
 1787 022b 725F6F6C 		.ascii	"r_older\000"
 1787      64657200 
 1788              	.LASF17:
 1789 0233 74726566 		.ascii	"trefs_t\000"
 1789      735F7400 
 1790              	.LASF69:
 1791 023b 63685F70 		.ascii	"ch_ptrsize\000"
 1791      74727369 
 1791      7A6500
 1792              	.LASF25:
 1793 0246 705F7072 		.ascii	"p_prev\000"
 1793      657600
 1794              	.LASF19:
 1795 024d 74707269 		.ascii	"tprio_t\000"
 1795      6F5F7400 
 1796              	.LASF14:
 1797 0255 5F426F6F 		.ascii	"_Bool\000"
 1797      6C00
 1798              	.LASF8:
 1799 025b 696E7433 		.ascii	"int32_t\000"
 1799      325F7400 
 1800              	.LASF4:
 1801 0263 756E7369 		.ascii	"unsigned char\000"
 1801      676E6564 
 1801      20636861 
 1801      7200
 1802              	.LASF90:
 1803 0271 2F686F6D 		.ascii	"/home/witold/Dokumenty/arm/ChibiOS-master/APP/smtm3"
 1803      652F7769 
 1803      746F6C64 
 1803      2F446F6B 
 1803      756D656E 
 1804 02a4 3266345F 		.ascii	"2f4_lcd_ds18b20\000"
 1804      6C63645F 
 1804      64733138 
 1804      62323000 
 1805              	.LASF40:
 1806 02b4 705F6D74 		.ascii	"p_mtxlist\000"
 1806      786C6973 
 1806      7400
 1807              	.LASF5:
 1808 02be 73686F72 		.ascii	"short int\000"
 1808      7420696E 
 1808      7400
 1809              	.LASF31:
 1810 02c8 705F7374 		.ascii	"p_state\000"
 1810      61746500 
 1811              	.LASF34:
 1812 02d0 705F7072 		.ascii	"p_preempt\000"
ARM GAS  /tmp/ccv5Of8C.s 			page 35


 1812      65656D70 
 1812      7400
 1813              	.LASF82:
 1814 02da 63665F6F 		.ascii	"cf_off_time\000"
 1814      66665F74 
 1814      696D6500 
 1815              	.LASF50:
 1816 02e6 725F7072 		.ascii	"r_prio\000"
 1816      696F00
 1817              	.LASF63:
 1818 02ed 65776D61 		.ascii	"ewmask\000"
 1818      736B00
 1819              	.LASF24:
 1820 02f4 705F6E65 		.ascii	"p_next\000"
 1820      787400
 1821              	.LASF81:
 1822 02fb 63665F6F 		.ascii	"cf_off_preempt\000"
 1822      66665F70 
 1822      7265656D 
 1822      707400
 1823              	.LASF32:
 1824 030a 705F666C 		.ascii	"p_flags\000"
 1824      61677300 
 1825              	.LASF91:
 1826 0312 63685468 		.ascii	"chThdRelease\000"
 1826      6452656C 
 1826      65617365 
 1826      00
 1827              	.LASF23:
 1828 031f 54687265 		.ascii	"Thread\000"
 1828      616400
 1829              	.LASF74:
 1830 0326 63665F6F 		.ascii	"cf_off_newer\000"
 1830      66665F6E 
 1830      65776572 
 1830      00
 1831              	.LASF39:
 1832 0333 705F6570 		.ascii	"p_epending\000"
 1832      656E6469 
 1832      6E6700
 1833              	.LASF10:
 1834 033e 75696E74 		.ascii	"uint32_t\000"
 1834      33325F74 
 1834      00
 1835              	.LASF72:
 1836 0347 63665F6F 		.ascii	"cf_off_prio\000"
 1836      66665F70 
 1836      72696F00 
 1837              	.LASF49:
 1838 0353 725F7175 		.ascii	"r_queue\000"
 1838      65756500 
 1839              	.LASF64:
 1840 035b 63686172 		.ascii	"char\000"
 1840      00
 1841              	.LASF85:
 1842 0360 63685265 		.ascii	"chRegNextThread\000"
 1842      674E6578 
ARM GAS  /tmp/ccv5Of8C.s 			page 36


 1842      74546872 
 1842      65616400 
 1843              	.LASF59:
 1844 0370 6D5F6E65 		.ascii	"m_next\000"
 1844      787400
 1845              	.LASF22:
 1846 0377 73797374 		.ascii	"systime_t\000"
 1846      696D655F 
 1846      7400
 1847              	.LASF41:
 1848 0381 705F7265 		.ascii	"p_realprio\000"
 1848      616C7072 
 1848      696F00
 1849              	.LASF35:
 1850 038c 705F7469 		.ascii	"p_time\000"
 1850      6D6500
 1851              	.LASF46:
 1852 0393 696E7463 		.ascii	"intctx\000"
 1852      747800
 1853              	.LASF37:
 1854 039a 705F6D73 		.ascii	"p_msgqueue\000"
 1854      67717565 
 1854      756500
 1855              	.LASF89:
 1856 03a5 2E2E2F2E 		.ascii	"../../os/kernel/src/chregistry.c\000"
 1856      2E2F6F73 
 1856      2F6B6572 
 1856      6E656C2F 
 1856      7372632F 
 1857              	.LASF73:
 1858 03c6 63665F6F 		.ascii	"cf_off_ctx\000"
 1858      66665F63 
 1858      747800
 1859              	.LASF33:
 1860 03d1 705F7265 		.ascii	"p_refs\000"
 1860      667300
 1861              	.LASF55:
 1862 03d8 52656164 		.ascii	"ReadyList\000"
 1862      794C6973 
 1862      7400
 1863              	.LASF86:
 1864 03e2 726C6973 		.ascii	"rlist\000"
 1864      7400
 1865              	.LASF3:
 1866 03e8 75696E74 		.ascii	"uint8_t\000"
 1866      385F7400 
 1867              	.LASF62:
 1868 03f0 77746F62 		.ascii	"wtobjp\000"
 1868      6A7000
 1869              	.LASF30:
 1870 03f7 705F6E61 		.ascii	"p_name\000"
 1870      6D6500
 1871              	.LASF68:
 1872 03fe 63685F76 		.ascii	"ch_version\000"
 1872      65727369 
 1872      6F6E00
 1873              	.LASF58:
ARM GAS  /tmp/ccv5Of8C.s 			page 37


 1874 0409 6D5F6F77 		.ascii	"m_owner\000"
 1874      6E657200 
 1875              	.LASF27:
 1876 0411 705F6374 		.ascii	"p_ctx\000"
 1876      7800
 1877              	.LASF36:
 1878 0417 705F7761 		.ascii	"p_waiting\000"
 1878      6974696E 
 1878      6700
 1879              		.ident	"GCC: (GNU Tools for ARM Embedded Processors) 4.7.4 20130613 (release) [ARM/embedded-4_7-br
ARM GAS  /tmp/ccv5Of8C.s 			page 38


DEFINED SYMBOLS
                            *ABS*:00000000 chregistry.c
     /tmp/ccv5Of8C.s:21     .text.chRegFirstThread:00000000 $t
     /tmp/ccv5Of8C.s:27     .text.chRegFirstThread:00000000 chRegFirstThread
     /tmp/ccv5Of8C.s:74     .text.chRegNextThread:00000000 $t
     /tmp/ccv5Of8C.s:80     .text.chRegNextThread:00000000 chRegNextThread
     /tmp/ccv5Of8C.s:142    .text.chRegNextThread:00000028 $d
     /tmp/ccv5Of8C.s:151    .rodata.ch_debug:00000000 ch_debug
     /tmp/ccv5Of8C.s:148    .rodata.ch_debug:00000000 $d
                     .debug_frame:00000010 $d
     /tmp/ccv5Of8C.s:147    .text.chRegNextThread:0000002c $t

UNDEFINED SYMBOLS
rlist
chThdRelease
