ARM GAS  /tmp/ccvNRwdb.s 			page 1


   1              		.syntax unified
   2              		.cpu cortex-m4
   3              		.eabi_attribute 27, 3
   4              		.eabi_attribute 28, 1
   5              		.fpu fpv4-sp-d16
   6              		.eabi_attribute 20, 1
   7              		.eabi_attribute 21, 1
   8              		.eabi_attribute 23, 3
   9              		.eabi_attribute 24, 1
  10              		.eabi_attribute 25, 1
  11              		.eabi_attribute 26, 1
  12              		.eabi_attribute 30, 2
  13              		.eabi_attribute 34, 1
  14              		.eabi_attribute 18, 4
  15              		.thumb
  16              		.file	"chheap.c"
  17              		.text
  18              	.Ltext0:
  19              		.cfi_sections	.debug_frame
  20              		.section	.text._heap_init,"ax",%progbits
  21              		.align	2
  22              		.p2align 4,,15
  23              		.global	_heap_init
  24              		.thumb
  25              		.thumb_func
  26              		.type	_heap_init, %function
  27              	_heap_init:
  28              	.LFB7:
  29              		.file 1 "../../os/kernel/src/chheap.c"
  30              		.loc 1 68 0
  31              		.cfi_startproc
  32              		@ args = 0, pretend = 0, frame = 0
  33              		@ frame_needed = 0, uses_anonymous_args = 0
  34              		@ link register save eliminated.
  35              		.loc 1 69 0
  36 0000 40F20003 		movw	r3, #:lower16:.LANCHOR0
  37 0004 C0F20003 		movt	r3, #:upper16:.LANCHOR0
  38 0008 40F20001 		movw	r1, #:lower16:chCoreAlloc
  39              		.loc 1 70 0
  40 000c 0022     		movs	r2, #0
  41              		.loc 1 69 0
  42 000e C0F20001 		movt	r1, #:upper16:chCoreAlloc
  43              		.loc 1 73 0
  44 0012 03F11000 		add	r0, r3, #16
  45              		.loc 1 69 0
  46 0016 1960     		str	r1, [r3, #0]
  47              		.loc 1 70 0
  48 0018 9A60     		str	r2, [r3, #8]
  49              		.loc 1 71 0
  50 001a DA60     		str	r2, [r3, #12]
  51              		.loc 1 77 0
  52              		.loc 1 73 0
  53 001c FFF7FEBF 		b	chMtxInit
  54              	.LVL0:
  55              		.cfi_endproc
  56              	.LFE7:
  57              		.size	_heap_init, .-_heap_init
ARM GAS  /tmp/ccvNRwdb.s 			page 2


  58              		.section	.text.chHeapInit,"ax",%progbits
  59              		.align	2
  60              		.p2align 4,,15
  61              		.global	chHeapInit
  62              		.thumb
  63              		.thumb_func
  64              		.type	chHeapInit, %function
  65              	chHeapInit:
  66              	.LFB8:
  67              		.loc 1 92 0
  68              		.cfi_startproc
  69              		@ args = 0, pretend = 0, frame = 0
  70              		@ frame_needed = 0, uses_anonymous_args = 0
  71              		@ link register save eliminated.
  72              	.LVL1:
  73              		.loc 1 97 0
  74 0000 0023     		movs	r3, #0
  75 0002 0360     		str	r3, [r0, #0]
  76              	.LVL2:
  77              		.loc 1 98 0
  78 0004 8160     		str	r1, [r0, #8]
  79              		.loc 1 99 0
  80 0006 C360     		str	r3, [r0, #12]
  81              		.loc 1 101 0
  82 0008 083A     		subs	r2, r2, #8
  83              	.LVL3:
  84              		.loc 1 103 0
  85 000a 1030     		adds	r0, r0, #16
  86              	.LVL4:
  87              		.loc 1 100 0
  88 000c 0B60     		str	r3, [r1, #0]
  89              		.loc 1 101 0
  90 000e 4A60     		str	r2, [r1, #4]
  91              		.loc 1 107 0
  92              		.loc 1 103 0
  93 0010 FFF7FEBF 		b	chMtxInit
  94              	.LVL5:
  95              		.cfi_endproc
  96              	.LFE8:
  97              		.size	chHeapInit, .-chHeapInit
  98 0014 AFF30080 		.section	.text.chHeapAlloc,"ax",%progbits
  98      AFF30080 
  98      AFF30080 
  99              		.align	2
 100              		.p2align 4,,15
 101              		.global	chHeapAlloc
 102              		.thumb
 103              		.thumb_func
 104              		.type	chHeapAlloc, %function
 105              	chHeapAlloc:
 106              	.LFB9:
 107              		.loc 1 125 0
 108              		.cfi_startproc
 109              		@ args = 0, pretend = 0, frame = 0
 110              		@ frame_needed = 0, uses_anonymous_args = 0
 111              	.LVL6:
 112 0000 F8B5     		push	{r3, r4, r5, r6, r7, lr}
ARM GAS  /tmp/ccvNRwdb.s 			page 3


 113              	.LCFI0:
 114              		.cfi_def_cfa_offset 24
 115              		.cfi_offset 3, -24
 116              		.cfi_offset 4, -20
 117              		.cfi_offset 5, -16
 118              		.cfi_offset 6, -12
 119              		.cfi_offset 7, -8
 120              		.cfi_offset 14, -4
 121              		.loc 1 129 0
 122 0002 204E     		ldr	r6, .L20
 123 0004 0028     		cmp	r0, #0
 124 0006 18BF     		it	ne
 125 0008 0646     		movne	r6, r0
 126              		.loc 1 131 0
 127 000a 0731     		adds	r1, r1, #7
 128              	.LVL7:
 129              		.loc 1 133 0
 130 000c 06F11000 		add	r0, r6, #16
 131              	.LVL8:
 132              		.loc 1 131 0
 133 0010 21F00705 		bic	r5, r1, #7
 134              	.LVL9:
 135              		.loc 1 132 0
 136 0014 06F10804 		add	r4, r6, #8
 137              	.LVL10:
 138              		.loc 1 133 0
 139 0018 FFF7FEFF 		bl	chMtxLock
 140              	.LVL11:
 141              		.loc 1 135 0
 142 001c 00E0     		b	.L5
 143              	.LVL12:
 144              	.L13:
 145              		.loc 1 137 0
 146 001e 1C46     		mov	r4, r3
 147              	.LVL13:
 148              	.L5:
 149              		.loc 1 135 0 discriminator 1
 150 0020 2368     		ldr	r3, [r4, #0]
 151              	.LVL14:
 152 0022 FBB1     		cbz	r3, .L18
 153              		.loc 1 137 0
 154 0024 5A68     		ldr	r2, [r3, #4]
 155 0026 9542     		cmp	r5, r2
 156 0028 F9D8     		bhi	.L13
 157              		.loc 1 138 0
 158 002a 05F10801 		add	r1, r5, #8
 159 002e 9142     		cmp	r1, r2
 160 0030 15D8     		bhi	.L19
 161              		.loc 1 148 0
 162 0032 4FF6F870 		movw	r0, #65528
 163 0036 CFF6FF70 		movt	r0, 65535
 164 003a 401B     		subs	r0, r0, r5
 165              		.loc 1 146 0
 166 003c 03EB010E 		add	lr, r3, r1
 167              	.LVL15:
 168              		.loc 1 148 0
 169 0040 8218     		adds	r2, r0, r2
ARM GAS  /tmp/ccvNRwdb.s 			page 4


 170              		.loc 1 147 0
 171 0042 1868     		ldr	r0, [r3, #0]
 172              		.loc 1 148 0
 173 0044 CEF80420 		str	r2, [lr, #4]
 174              		.loc 1 147 0
 175 0048 5850     		str	r0, [r3, r1]
 176              		.loc 1 150 0
 177 004a 5D60     		str	r5, [r3, #4]
 178              		.loc 1 149 0
 179 004c C4F800E0 		str	lr, [r4, #0]
 180              	.LVL16:
 181              	.L7:
 182              		.loc 1 152 0
 183 0050 1C46     		mov	r4, r3
 184              	.LVL17:
 185 0052 44F8086B 		str	r6, [r4], #8
 186              		.loc 1 154 0
 187 0056 FFF7FEFF 		bl	chMtxUnlock
 188              	.LVL18:
 189              	.L8:
 190              		.loc 1 174 0
 191 005a 2046     		mov	r0, r4
 192 005c F8BD     		pop	{r3, r4, r5, r6, r7, pc}
 193              	.LVL19:
 194              	.L19:
 195              		.loc 1 142 0
 196 005e 1968     		ldr	r1, [r3, #0]
 197 0060 2160     		str	r1, [r4, #0]
 198 0062 F5E7     		b	.L7
 199              	.L18:
 200              		.loc 1 160 0
 201 0064 FFF7FEFF 		bl	chMtxUnlock
 202              	.LVL20:
 203              		.loc 1 164 0
 204 0068 3268     		ldr	r2, [r6, #0]
 205 006a 4AB1     		cbz	r2, .L11
 206              		.loc 1 165 0
 207 006c 05F10800 		add	r0, r5, #8
 208 0070 9047     		blx	r2
 209              	.LVL21:
 210              		.loc 1 166 0
 211 0072 28B1     		cbz	r0, .L11
 212              		.loc 1 170 0
 213 0074 00F10804 		add	r4, r0, #8
 214              	.LVL22:
 215              		.loc 1 167 0
 216 0078 0660     		str	r6, [r0, #0]
 217              		.loc 1 168 0
 218 007a 4560     		str	r5, [r0, #4]
 219              	.LVL23:
 220              		.loc 1 174 0
 221 007c 2046     		mov	r0, r4
 222 007e F8BD     		pop	{r3, r4, r5, r6, r7, pc}
 223              	.LVL24:
 224              	.L11:
 225              		.loc 1 173 0
 226 0080 0024     		movs	r4, #0
ARM GAS  /tmp/ccvNRwdb.s 			page 5


 227              	.LVL25:
 228 0082 EAE7     		b	.L8
 229              	.L21:
 230              		.align	2
 231              	.L20:
 232 0084 00000000 		.word	.LANCHOR0
 233              		.cfi_endproc
 234              	.LFE9:
 235              		.size	chHeapAlloc, .-chHeapAlloc
 236 0088 AFF30080 		.section	.text.chHeapFree,"ax",%progbits
 236      AFF30080 
 237              		.align	2
 238              		.p2align 4,,15
 239              		.global	chHeapFree
 240              		.thumb
 241              		.thumb_func
 242              		.type	chHeapFree, %function
 243              	chHeapFree:
 244              	.LFB10:
 245              		.loc 1 187 0
 246              		.cfi_startproc
 247              		@ args = 0, pretend = 0, frame = 0
 248              		@ frame_needed = 0, uses_anonymous_args = 0
 249              	.LVL26:
 250 0000 70B5     		push	{r4, r5, r6, lr}
 251              	.LCFI1:
 252              		.cfi_def_cfa_offset 16
 253              		.cfi_offset 4, -16
 254              		.cfi_offset 5, -12
 255              		.cfi_offset 6, -8
 256              		.cfi_offset 14, -4
 257              		.loc 1 187 0
 258 0002 0646     		mov	r6, r0
 259              		.loc 1 193 0
 260 0004 A0F10804 		sub	r4, r0, #8
 261              	.LVL27:
 262              		.loc 1 194 0
 263 0008 50F8080C 		ldr	r0, [r0, #-8]
 264              	.LVL28:
 265              		.loc 1 195 0
 266 000c 00F10805 		add	r5, r0, #8
 267              	.LVL29:
 268              		.loc 1 196 0
 269 0010 1030     		adds	r0, r0, #16
 270              	.LVL30:
 271 0012 FFF7FEFF 		bl	chMtxLock
 272              	.LVL31:
 273              		.loc 1 195 0
 274 0016 2B46     		mov	r3, r5
 275              	.LVL32:
 276              	.L29:
 277              		.loc 1 203 0
 278 0018 AB42     		cmp	r3, r5
 279              		.loc 1 204 0
 280 001a 1A68     		ldr	r2, [r3, #0]
 281              		.loc 1 203 0
 282 001c 01D0     		beq	.L23
ARM GAS  /tmp/ccvNRwdb.s 			page 6


 283              		.loc 1 203 0 is_stmt 0 discriminator 2
 284 001e A342     		cmp	r3, r4
 285 0020 02D2     		bcs	.L26
 286              	.L23:
 287              		.loc 1 203 0 discriminator 1
 288 0022 1AB1     		cbz	r2, .L25
 289              		.loc 1 204 0 is_stmt 1
 290 0024 9442     		cmp	r4, r2
 291 0026 01D3     		bcc	.L25
 292              	.L26:
 293              	.LVL33:
 294              		.loc 1 221 0
 295 0028 1346     		mov	r3, r2
 296              		.loc 1 222 0
 297 002a F5E7     		b	.L29
 298              	.LVL34:
 299              	.L25:
 300              		.loc 1 209 0
 301 002c 56F8041C 		ldr	r1, [r6, #-4]
 302              		.loc 1 206 0
 303 0030 46F8082C 		str	r2, [r6, #-8]
 304              		.loc 1 207 0
 305 0034 1C60     		str	r4, [r3, #0]
 306              		.loc 1 209 0
 307 0036 01F10802 		add	r2, r1, #8
 308 003a 56F8085C 		ldr	r5, [r6, #-8]
 309              	.LVL35:
 310 003e A018     		adds	r0, r4, r2
 311 0040 A842     		cmp	r0, r5
 312 0042 09D0     		beq	.L33
 313              		.loc 1 214 0
 314 0044 5A68     		ldr	r2, [r3, #4]
 315 0046 02F10800 		add	r0, r2, #8
 316 004a 1918     		adds	r1, r3, r0
 317 004c 8C42     		cmp	r4, r1
 318 004e 11D0     		beq	.L34
 319              	.L28:
 320              		.loc 1 226 0
 321 0050 BDE87040 		pop	{r4, r5, r6, lr}
 322              		.loc 1 224 0
 323 0054 FFF7FEBF 		b	chMtxUnlock
 324              	.LVL36:
 325              	.L33:
 326              		.loc 1 211 0
 327 0058 4068     		ldr	r0, [r0, #4]
 328              		.loc 1 212 0
 329 005a A258     		ldr	r2, [r4, r2]
 330              		.loc 1 211 0
 331 005c 0918     		adds	r1, r1, r0
 332 005e 0831     		adds	r1, r1, #8
 333 0060 46F8041C 		str	r1, [r6, #-4]
 334              		.loc 1 212 0
 335 0064 46F8082C 		str	r2, [r6, #-8]
 336              		.loc 1 214 0
 337 0068 5A68     		ldr	r2, [r3, #4]
 338 006a 02F10800 		add	r0, r2, #8
 339 006e 1918     		adds	r1, r3, r0
ARM GAS  /tmp/ccvNRwdb.s 			page 7


 340 0070 8C42     		cmp	r4, r1
 341 0072 EDD1     		bne	.L28
 342              	.L34:
 343              		.loc 1 216 0
 344 0074 56F8040C 		ldr	r0, [r6, #-4]
 345              		.loc 1 217 0
 346 0078 56F8081C 		ldr	r1, [r6, #-8]
 347              		.loc 1 216 0
 348 007c 1218     		adds	r2, r2, r0
 349 007e 0832     		adds	r2, r2, #8
 350              		.loc 1 217 0
 351 0080 83E80600 		stmia	r3, {r1, r2}
 352 0084 E4E7     		b	.L28
 353              		.cfi_endproc
 354              	.LFE10:
 355              		.size	chHeapFree, .-chHeapFree
 356 0086 00BFAFF3 		.section	.text.chHeapStatus,"ax",%progbits
 356      0080AFF3 
 356      0080
 357              		.align	2
 358              		.p2align 4,,15
 359              		.global	chHeapStatus
 360              		.thumb
 361              		.thumb_func
 362              		.type	chHeapStatus, %function
 363              	chHeapStatus:
 364              	.LFB11:
 365              		.loc 1 243 0
 366              		.cfi_startproc
 367              		@ args = 0, pretend = 0, frame = 0
 368              		@ frame_needed = 0, uses_anonymous_args = 0
 369              	.LVL37:
 370 0000 38B5     		push	{r3, r4, r5, lr}
 371              	.LCFI2:
 372              		.cfi_def_cfa_offset 16
 373              		.cfi_offset 3, -16
 374              		.cfi_offset 4, -12
 375              		.cfi_offset 5, -8
 376              		.cfi_offset 14, -4
 377              		.loc 1 248 0
 378 0002 0E4C     		ldr	r4, .L46
 379 0004 0028     		cmp	r0, #0
 380 0006 18BF     		it	ne
 381 0008 0446     		movne	r4, r0
 382              		.loc 1 250 0
 383 000a 04F11000 		add	r0, r4, #16
 384              	.LVL38:
 385              		.loc 1 243 0
 386 000e 0D46     		mov	r5, r1
 387              		.loc 1 250 0
 388 0010 FFF7FEFF 		bl	chMtxLock
 389              	.LVL39:
 390              		.loc 1 253 0
 391 0014 A368     		ldr	r3, [r4, #8]
 392 0016 6BB1     		cbz	r3, .L41
 393 0018 0022     		movs	r2, #0
 394 001a 1446     		mov	r4, r2
ARM GAS  /tmp/ccvNRwdb.s 			page 8


 395              	.LVL40:
 396              	.L38:
 397              		.loc 1 254 0 discriminator 2
 398 001c 5868     		ldr	r0, [r3, #4]
 399              		.loc 1 253 0 discriminator 2
 400 001e 1B68     		ldr	r3, [r3, #0]
 401              		.loc 1 254 0 discriminator 2
 402 0020 1218     		adds	r2, r2, r0
 403              	.LVL41:
 404              		.loc 1 253 0 discriminator 2
 405 0022 0134     		adds	r4, r4, #1
 406              	.LVL42:
 407 0024 002B     		cmp	r3, #0
 408 0026 F9D1     		bne	.L38
 409              	.LVL43:
 410              	.L37:
 411              		.loc 1 255 0
 412 0028 05B1     		cbz	r5, .L39
 413              		.loc 1 256 0
 414 002a 2A60     		str	r2, [r5, #0]
 415              	.L39:
 416              		.loc 1 258 0
 417 002c FFF7FEFF 		bl	chMtxUnlock
 418              	.LVL44:
 419              		.loc 1 260 0
 420 0030 2046     		mov	r0, r4
 421 0032 38BD     		pop	{r3, r4, r5, pc}
 422              	.LVL45:
 423              	.L41:
 424              		.loc 1 252 0
 425 0034 1A46     		mov	r2, r3
 426              		.loc 1 253 0
 427 0036 1C46     		mov	r4, r3
 428 0038 F6E7     		b	.L37
 429              	.L47:
 430 003a 00BF     		.align	2
 431              	.L46:
 432 003c 00000000 		.word	.LANCHOR0
 433              		.cfi_endproc
 434              	.LFE11:
 435              		.size	chHeapStatus, .-chHeapStatus
 436              		.section	.bss.default_heap,"aw",%nobits
 437              		.align	3
 438              		.set	.LANCHOR0,. + 0
 439              		.type	default_heap, %object
 440              		.size	default_heap, 32
 441              	default_heap:
 442 0000 00000000 		.space	32
 442      00000000 
 442      00000000 
 442      00000000 
 442      00000000 
 443              		.text
 444              	.Letext0:
 445              		.file 2 "/usr/bin/../lib/gcc/arm-none-eabi/4.7.4/include/stddef.h"
 446              		.file 3 "/usr/bin/../lib/gcc/arm-none-eabi/4.7.4/../../../../arm-none-eabi/include/stdint.h"
 447              		.file 4 "../../os/ports/GCC/ARMCMx/chtypes.h"
ARM GAS  /tmp/ccvNRwdb.s 			page 9


 448              		.file 5 "../../os/kernel/include/chlists.h"
 449              		.file 6 "../../os/kernel/include/chthreads.h"
 450              		.file 7 "../../os/ports/GCC/ARMCMx/chcore_v7m.h"
 451              		.file 8 "../../os/kernel/include/chmtx.h"
 452              		.file 9 "../../os/kernel/include/chmemcore.h"
 453              		.file 10 "../../os/kernel/include/chheap.h"
 454              		.section	.debug_info,"",%progbits
 455              	.Ldebug_info0:
 456 0000 25080000 		.4byte	0x825
 457 0004 0200     		.2byte	0x2
 458 0006 00000000 		.4byte	.Ldebug_abbrev0
 459 000a 04       		.byte	0x4
 460 000b 01       		.uleb128 0x1
 461 000c AA010000 		.4byte	.LASF79
 462 0010 01       		.byte	0x1
 463 0011 BF000000 		.4byte	.LASF80
 464 0015 FF000000 		.4byte	.LASF81
 465 0019 00000000 		.4byte	.Ldebug_ranges0+0
 466 001d 00000000 		.4byte	0
 467 0021 00000000 		.4byte	0
 468 0025 00000000 		.4byte	.Ldebug_line0
 469 0029 02       		.uleb128 0x2
 470 002a 04       		.byte	0x4
 471 002b 05       		.byte	0x5
 472 002c 696E7400 		.ascii	"int\000"
 473 0030 03       		.uleb128 0x3
 474 0031 06000000 		.4byte	.LASF2
 475 0035 02       		.byte	0x2
 476 0036 D5       		.byte	0xd5
 477 0037 3B000000 		.4byte	0x3b
 478 003b 04       		.uleb128 0x4
 479 003c 04       		.byte	0x4
 480 003d 07       		.byte	0x7
 481 003e 3F010000 		.4byte	.LASF0
 482 0042 04       		.uleb128 0x4
 483 0043 01       		.byte	0x1
 484 0044 06       		.byte	0x6
 485 0045 7F000000 		.4byte	.LASF1
 486 0049 03       		.uleb128 0x3
 487 004a 48030000 		.4byte	.LASF3
 488 004e 03       		.byte	0x3
 489 004f 2A       		.byte	0x2a
 490 0050 54000000 		.4byte	0x54
 491 0054 04       		.uleb128 0x4
 492 0055 01       		.byte	0x1
 493 0056 08       		.byte	0x8
 494 0057 56020000 		.4byte	.LASF4
 495 005b 04       		.uleb128 0x4
 496 005c 02       		.byte	0x2
 497 005d 05       		.byte	0x5
 498 005e 79020000 		.4byte	.LASF5
 499 0062 04       		.uleb128 0x4
 500 0063 02       		.byte	0x2
 501 0064 07       		.byte	0x7
 502 0065 6B010000 		.4byte	.LASF6
 503 0069 03       		.uleb128 0x3
 504 006a 4E020000 		.4byte	.LASF7
ARM GAS  /tmp/ccvNRwdb.s 			page 10


 505 006e 03       		.byte	0x3
 506 006f 4F       		.byte	0x4f
 507 0070 74000000 		.4byte	0x74
 508 0074 04       		.uleb128 0x4
 509 0075 04       		.byte	0x4
 510 0076 05       		.byte	0x5
 511 0077 B6000000 		.4byte	.LASF8
 512 007b 03       		.uleb128 0x3
 513 007c D5020000 		.4byte	.LASF9
 514 0080 03       		.byte	0x3
 515 0081 50       		.byte	0x50
 516 0082 86000000 		.4byte	0x86
 517 0086 04       		.uleb128 0x4
 518 0087 04       		.byte	0x4
 519 0088 07       		.byte	0x7
 520 0089 4C010000 		.4byte	.LASF10
 521 008d 04       		.uleb128 0x4
 522 008e 08       		.byte	0x8
 523 008f 05       		.byte	0x5
 524 0090 71000000 		.4byte	.LASF11
 525 0094 03       		.uleb128 0x3
 526 0095 14000000 		.4byte	.LASF12
 527 0099 03       		.byte	0x3
 528 009a 78       		.byte	0x78
 529 009b 9F000000 		.4byte	0x9f
 530 009f 04       		.uleb128 0x4
 531 00a0 08       		.byte	0x8
 532 00a1 07       		.byte	0x7
 533 00a2 2A000000 		.4byte	.LASF13
 534 00a6 04       		.uleb128 0x4
 535 00a7 01       		.byte	0x1
 536 00a8 02       		.byte	0x2
 537 00a9 48020000 		.4byte	.LASF14
 538 00ad 03       		.uleb128 0x3
 539 00ae 84010000 		.4byte	.LASF15
 540 00b2 04       		.byte	0x4
 541 00b3 25       		.byte	0x25
 542 00b4 49000000 		.4byte	0x49
 543 00b8 03       		.uleb128 0x3
 544 00b9 DC000000 		.4byte	.LASF16
 545 00bd 04       		.byte	0x4
 546 00be 26       		.byte	0x26
 547 00bf 49000000 		.4byte	0x49
 548 00c3 03       		.uleb128 0x3
 549 00c4 31020000 		.4byte	.LASF17
 550 00c8 04       		.byte	0x4
 551 00c9 27       		.byte	0x27
 552 00ca 49000000 		.4byte	0x49
 553 00ce 03       		.uleb128 0x3
 554 00cf AC000000 		.4byte	.LASF18
 555 00d3 04       		.byte	0x4
 556 00d4 28       		.byte	0x28
 557 00d5 49000000 		.4byte	0x49
 558 00d9 03       		.uleb128 0x3
 559 00da 40020000 		.4byte	.LASF19
 560 00de 04       		.byte	0x4
 561 00df 29       		.byte	0x29
ARM GAS  /tmp/ccvNRwdb.s 			page 11


 562 00e0 7B000000 		.4byte	0x7b
 563 00e4 03       		.uleb128 0x3
 564 00e5 7E010000 		.4byte	.LASF20
 565 00e9 04       		.byte	0x4
 566 00ea 2A       		.byte	0x2a
 567 00eb 69000000 		.4byte	0x69
 568 00ef 03       		.uleb128 0x3
 569 00f0 98010000 		.4byte	.LASF21
 570 00f4 04       		.byte	0x4
 571 00f5 2C       		.byte	0x2c
 572 00f6 7B000000 		.4byte	0x7b
 573 00fa 03       		.uleb128 0x3
 574 00fb 09030000 		.4byte	.LASF22
 575 00ff 04       		.byte	0x4
 576 0100 2E       		.byte	0x2e
 577 0101 7B000000 		.4byte	0x7b
 578 0105 03       		.uleb128 0x3
 579 0106 B7020000 		.4byte	.LASF23
 580 010a 05       		.byte	0x5
 581 010b 23       		.byte	0x23
 582 010c 10010000 		.4byte	0x110
 583 0110 05       		.uleb128 0x5
 584 0111 B7020000 		.4byte	.LASF23
 585 0115 48       		.byte	0x48
 586 0116 06       		.byte	0x6
 587 0117 57       		.byte	0x57
 588 0118 35020000 		.4byte	0x235
 589 011c 06       		.uleb128 0x6
 590 011d A8020000 		.4byte	.LASF24
 591 0121 06       		.byte	0x6
 592 0122 58       		.byte	0x58
 593 0123 5A020000 		.4byte	0x25a
 594 0127 02       		.byte	0x2
 595 0128 23       		.byte	0x23
 596 0129 00       		.uleb128 0
 597 012a 06       		.uleb128 0x6
 598 012b 39020000 		.4byte	.LASF25
 599 012f 06       		.byte	0x6
 600 0130 5A       		.byte	0x5a
 601 0131 5A020000 		.4byte	0x25a
 602 0135 02       		.byte	0x2
 603 0136 23       		.byte	0x23
 604 0137 04       		.uleb128 0x4
 605 0138 06       		.uleb128 0x6
 606 0139 6A000000 		.4byte	.LASF26
 607 013d 06       		.byte	0x6
 608 013e 5C       		.byte	0x5c
 609 013f D9000000 		.4byte	0xd9
 610 0143 02       		.byte	0x2
 611 0144 23       		.byte	0x23
 612 0145 08       		.uleb128 0x8
 613 0146 06       		.uleb128 0x6
 614 0147 77030000 		.4byte	.LASF27
 615 014b 06       		.byte	0x6
 616 014c 5D       		.byte	0x5d
 617 014d 23040000 		.4byte	0x423
 618 0151 02       		.byte	0x2
ARM GAS  /tmp/ccvNRwdb.s 			page 12


 619 0152 23       		.byte	0x23
 620 0153 0C       		.uleb128 0xc
 621 0154 06       		.uleb128 0x6
 622 0155 E5000000 		.4byte	.LASF28
 623 0159 06       		.byte	0x6
 624 015a 5F       		.byte	0x5f
 625 015b 5A020000 		.4byte	0x25a
 626 015f 02       		.byte	0x2
 627 0160 23       		.byte	0x23
 628 0161 10       		.uleb128 0x10
 629 0162 06       		.uleb128 0x6
 630 0163 11020000 		.4byte	.LASF29
 631 0167 06       		.byte	0x6
 632 0168 60       		.byte	0x60
 633 0169 5A020000 		.4byte	0x25a
 634 016d 02       		.byte	0x2
 635 016e 23       		.byte	0x23
 636 016f 14       		.uleb128 0x14
 637 0170 06       		.uleb128 0x6
 638 0171 5D030000 		.4byte	.LASF30
 639 0175 06       		.byte	0x6
 640 0176 67       		.byte	0x67
 641 0177 A1050000 		.4byte	0x5a1
 642 017b 02       		.byte	0x2
 643 017c 23       		.byte	0x23
 644 017d 18       		.uleb128 0x18
 645 017e 06       		.uleb128 0x6
 646 017f 83020000 		.4byte	.LASF31
 647 0183 06       		.byte	0x6
 648 0184 72       		.byte	0x72
 649 0185 B8000000 		.4byte	0xb8
 650 0189 02       		.byte	0x2
 651 018a 23       		.byte	0x23
 652 018b 1C       		.uleb128 0x1c
 653 018c 06       		.uleb128 0x6
 654 018d AF020000 		.4byte	.LASF32
 655 0191 06       		.byte	0x6
 656 0192 76       		.byte	0x76
 657 0193 AD000000 		.4byte	0xad
 658 0197 02       		.byte	0x2
 659 0198 23       		.byte	0x23
 660 0199 1D       		.uleb128 0x1d
 661 019a 06       		.uleb128 0x6
 662 019b 41030000 		.4byte	.LASF33
 663 019f 06       		.byte	0x6
 664 01a0 7B       		.byte	0x7b
 665 01a1 C3000000 		.4byte	0xc3
 666 01a5 02       		.byte	0x2
 667 01a6 23       		.byte	0x23
 668 01a7 1E       		.uleb128 0x1e
 669 01a8 06       		.uleb128 0x6
 670 01a9 8B020000 		.4byte	.LASF34
 671 01ad 06       		.byte	0x6
 672 01ae 81       		.byte	0x81
 673 01af CE000000 		.4byte	0xce
 674 01b3 02       		.byte	0x2
 675 01b4 23       		.byte	0x23
ARM GAS  /tmp/ccvNRwdb.s 			page 13


 676 01b5 1F       		.uleb128 0x1f
 677 01b6 06       		.uleb128 0x6
 678 01b7 1E030000 		.4byte	.LASF35
 679 01bb 06       		.byte	0x6
 680 01bc 88       		.byte	0x88
 681 01bd 4D040000 		.4byte	0x44d
 682 01c1 02       		.byte	0x2
 683 01c2 23       		.byte	0x23
 684 01c3 20       		.uleb128 0x20
 685 01c4 07       		.uleb128 0x7
 686 01c5 705F7500 		.ascii	"p_u\000"
 687 01c9 06       		.byte	0x6
 688 01ca AD       		.byte	0xad
 689 01cb 6C050000 		.4byte	0x56c
 690 01cf 02       		.byte	0x2
 691 01d0 23       		.byte	0x23
 692 01d1 24       		.uleb128 0x24
 693 01d2 06       		.uleb128 0x6
 694 01d3 7D030000 		.4byte	.LASF36
 695 01d7 06       		.byte	0x6
 696 01d8 B2       		.byte	0xb2
 697 01d9 82020000 		.4byte	0x282
 698 01dd 02       		.byte	0x2
 699 01de 23       		.byte	0x23
 700 01df 28       		.uleb128 0x28
 701 01e0 06       		.uleb128 0x6
 702 01e1 2C030000 		.4byte	.LASF37
 703 01e5 06       		.byte	0x6
 704 01e6 B8       		.byte	0xb8
 705 01e7 60020000 		.4byte	0x260
 706 01eb 02       		.byte	0x2
 707 01ec 23       		.byte	0x23
 708 01ed 2C       		.uleb128 0x2c
 709 01ee 06       		.uleb128 0x6
 710 01ef 00000000 		.4byte	.LASF38
 711 01f3 06       		.byte	0x6
 712 01f4 BC       		.byte	0xbc
 713 01f5 E4000000 		.4byte	0xe4
 714 01f9 02       		.byte	0x2
 715 01fa 23       		.byte	0x23
 716 01fb 34       		.uleb128 0x34
 717 01fc 06       		.uleb128 0x6
 718 01fd CA020000 		.4byte	.LASF39
 719 0201 06       		.byte	0x6
 720 0202 C2       		.byte	0xc2
 721 0203 EF000000 		.4byte	0xef
 722 0207 02       		.byte	0x2
 723 0208 23       		.byte	0x23
 724 0209 38       		.uleb128 0x38
 725 020a 06       		.uleb128 0x6
 726 020b 6F020000 		.4byte	.LASF40
 727 020f 06       		.byte	0x6
 728 0210 C9       		.byte	0xc9
 729 0211 B3050000 		.4byte	0x5b3
 730 0215 02       		.byte	0x2
 731 0216 23       		.byte	0x23
 732 0217 3C       		.uleb128 0x3c
ARM GAS  /tmp/ccvNRwdb.s 			page 14


 733 0218 06       		.uleb128 0x6
 734 0219 13030000 		.4byte	.LASF41
 735 021d 06       		.byte	0x6
 736 021e CD       		.byte	0xcd
 737 021f D9000000 		.4byte	0xd9
 738 0223 02       		.byte	0x2
 739 0224 23       		.byte	0x23
 740 0225 40       		.uleb128 0x40
 741 0226 06       		.uleb128 0x6
 742 0227 91000000 		.4byte	.LASF42
 743 022b 06       		.byte	0x6
 744 022c D3       		.byte	0xd3
 745 022d 98020000 		.4byte	0x298
 746 0231 02       		.byte	0x2
 747 0232 23       		.byte	0x23
 748 0233 44       		.uleb128 0x44
 749 0234 00       		.byte	0
 750 0235 08       		.uleb128 0x8
 751 0236 08       		.byte	0x8
 752 0237 05       		.byte	0x5
 753 0238 5A       		.byte	0x5a
 754 0239 5A020000 		.4byte	0x25a
 755 023d 06       		.uleb128 0x6
 756 023e A8020000 		.4byte	.LASF24
 757 0242 05       		.byte	0x5
 758 0243 5B       		.byte	0x5b
 759 0244 5A020000 		.4byte	0x25a
 760 0248 02       		.byte	0x2
 761 0249 23       		.byte	0x23
 762 024a 00       		.uleb128 0
 763 024b 06       		.uleb128 0x6
 764 024c 39020000 		.4byte	.LASF25
 765 0250 05       		.byte	0x5
 766 0251 5D       		.byte	0x5d
 767 0252 5A020000 		.4byte	0x25a
 768 0256 02       		.byte	0x2
 769 0257 23       		.byte	0x23
 770 0258 04       		.uleb128 0x4
 771 0259 00       		.byte	0
 772 025a 09       		.uleb128 0x9
 773 025b 04       		.byte	0x4
 774 025c 05010000 		.4byte	0x105
 775 0260 03       		.uleb128 0x3
 776 0261 19020000 		.4byte	.LASF43
 777 0265 05       		.byte	0x5
 778 0266 5F       		.byte	0x5f
 779 0267 35020000 		.4byte	0x235
 780 026b 08       		.uleb128 0x8
 781 026c 04       		.byte	0x4
 782 026d 05       		.byte	0x5
 783 026e 64       		.byte	0x64
 784 026f 82020000 		.4byte	0x282
 785 0273 06       		.uleb128 0x6
 786 0274 A8020000 		.4byte	.LASF24
 787 0278 05       		.byte	0x5
 788 0279 66       		.byte	0x66
 789 027a 5A020000 		.4byte	0x25a
ARM GAS  /tmp/ccvNRwdb.s 			page 15


 790 027e 02       		.byte	0x2
 791 027f 23       		.byte	0x23
 792 0280 00       		.uleb128 0
 793 0281 00       		.byte	0
 794 0282 03       		.uleb128 0x3
 795 0283 8C010000 		.4byte	.LASF44
 796 0287 05       		.byte	0x5
 797 0288 69       		.byte	0x69
 798 0289 6B020000 		.4byte	0x26b
 799 028d 03       		.uleb128 0x3
 800 028e F6000000 		.4byte	.LASF45
 801 0292 07       		.byte	0x7
 802 0293 DE       		.byte	0xde
 803 0294 98020000 		.4byte	0x298
 804 0298 0A       		.uleb128 0xa
 805 0299 04       		.byte	0x4
 806 029a 03       		.uleb128 0x3
 807 029b F3010000 		.4byte	.LASF46
 808 029f 07       		.byte	0x7
 809 02a0 E4       		.byte	0xe4
 810 02a1 94000000 		.4byte	0x94
 811 02a5 0B       		.uleb128 0xb
 812 02a6 25030000 		.4byte	.LASF47
 813 02aa 64       		.byte	0x64
 814 02ab 07       		.byte	0x7
 815 02ac 0501     		.2byte	0x105
 816 02ae 23040000 		.4byte	0x423
 817 02b2 0C       		.uleb128 0xc
 818 02b3 73313600 		.ascii	"s16\000"
 819 02b7 07       		.byte	0x7
 820 02b8 0701     		.2byte	0x107
 821 02ba 8D020000 		.4byte	0x28d
 822 02be 02       		.byte	0x2
 823 02bf 23       		.byte	0x23
 824 02c0 00       		.uleb128 0
 825 02c1 0C       		.uleb128 0xc
 826 02c2 73313700 		.ascii	"s17\000"
 827 02c6 07       		.byte	0x7
 828 02c7 0801     		.2byte	0x108
 829 02c9 8D020000 		.4byte	0x28d
 830 02cd 02       		.byte	0x2
 831 02ce 23       		.byte	0x23
 832 02cf 04       		.uleb128 0x4
 833 02d0 0C       		.uleb128 0xc
 834 02d1 73313800 		.ascii	"s18\000"
 835 02d5 07       		.byte	0x7
 836 02d6 0901     		.2byte	0x109
 837 02d8 8D020000 		.4byte	0x28d
 838 02dc 02       		.byte	0x2
 839 02dd 23       		.byte	0x23
 840 02de 08       		.uleb128 0x8
 841 02df 0C       		.uleb128 0xc
 842 02e0 73313900 		.ascii	"s19\000"
 843 02e4 07       		.byte	0x7
 844 02e5 0A01     		.2byte	0x10a
 845 02e7 8D020000 		.4byte	0x28d
 846 02eb 02       		.byte	0x2
ARM GAS  /tmp/ccvNRwdb.s 			page 16


 847 02ec 23       		.byte	0x23
 848 02ed 0C       		.uleb128 0xc
 849 02ee 0C       		.uleb128 0xc
 850 02ef 73323000 		.ascii	"s20\000"
 851 02f3 07       		.byte	0x7
 852 02f4 0B01     		.2byte	0x10b
 853 02f6 8D020000 		.4byte	0x28d
 854 02fa 02       		.byte	0x2
 855 02fb 23       		.byte	0x23
 856 02fc 10       		.uleb128 0x10
 857 02fd 0C       		.uleb128 0xc
 858 02fe 73323100 		.ascii	"s21\000"
 859 0302 07       		.byte	0x7
 860 0303 0C01     		.2byte	0x10c
 861 0305 8D020000 		.4byte	0x28d
 862 0309 02       		.byte	0x2
 863 030a 23       		.byte	0x23
 864 030b 14       		.uleb128 0x14
 865 030c 0C       		.uleb128 0xc
 866 030d 73323200 		.ascii	"s22\000"
 867 0311 07       		.byte	0x7
 868 0312 0D01     		.2byte	0x10d
 869 0314 8D020000 		.4byte	0x28d
 870 0318 02       		.byte	0x2
 871 0319 23       		.byte	0x23
 872 031a 18       		.uleb128 0x18
 873 031b 0C       		.uleb128 0xc
 874 031c 73323300 		.ascii	"s23\000"
 875 0320 07       		.byte	0x7
 876 0321 0E01     		.2byte	0x10e
 877 0323 8D020000 		.4byte	0x28d
 878 0327 02       		.byte	0x2
 879 0328 23       		.byte	0x23
 880 0329 1C       		.uleb128 0x1c
 881 032a 0C       		.uleb128 0xc
 882 032b 73323400 		.ascii	"s24\000"
 883 032f 07       		.byte	0x7
 884 0330 0F01     		.2byte	0x10f
 885 0332 8D020000 		.4byte	0x28d
 886 0336 02       		.byte	0x2
 887 0337 23       		.byte	0x23
 888 0338 20       		.uleb128 0x20
 889 0339 0C       		.uleb128 0xc
 890 033a 73323500 		.ascii	"s25\000"
 891 033e 07       		.byte	0x7
 892 033f 1001     		.2byte	0x110
 893 0341 8D020000 		.4byte	0x28d
 894 0345 02       		.byte	0x2
 895 0346 23       		.byte	0x23
 896 0347 24       		.uleb128 0x24
 897 0348 0C       		.uleb128 0xc
 898 0349 73323600 		.ascii	"s26\000"
 899 034d 07       		.byte	0x7
 900 034e 1101     		.2byte	0x111
 901 0350 8D020000 		.4byte	0x28d
 902 0354 02       		.byte	0x2
 903 0355 23       		.byte	0x23
ARM GAS  /tmp/ccvNRwdb.s 			page 17


 904 0356 28       		.uleb128 0x28
 905 0357 0C       		.uleb128 0xc
 906 0358 73323700 		.ascii	"s27\000"
 907 035c 07       		.byte	0x7
 908 035d 1201     		.2byte	0x112
 909 035f 8D020000 		.4byte	0x28d
 910 0363 02       		.byte	0x2
 911 0364 23       		.byte	0x23
 912 0365 2C       		.uleb128 0x2c
 913 0366 0C       		.uleb128 0xc
 914 0367 73323800 		.ascii	"s28\000"
 915 036b 07       		.byte	0x7
 916 036c 1301     		.2byte	0x113
 917 036e 8D020000 		.4byte	0x28d
 918 0372 02       		.byte	0x2
 919 0373 23       		.byte	0x23
 920 0374 30       		.uleb128 0x30
 921 0375 0C       		.uleb128 0xc
 922 0376 73323900 		.ascii	"s29\000"
 923 037a 07       		.byte	0x7
 924 037b 1401     		.2byte	0x114
 925 037d 8D020000 		.4byte	0x28d
 926 0381 02       		.byte	0x2
 927 0382 23       		.byte	0x23
 928 0383 34       		.uleb128 0x34
 929 0384 0C       		.uleb128 0xc
 930 0385 73333000 		.ascii	"s30\000"
 931 0389 07       		.byte	0x7
 932 038a 1501     		.2byte	0x115
 933 038c 8D020000 		.4byte	0x28d
 934 0390 02       		.byte	0x2
 935 0391 23       		.byte	0x23
 936 0392 38       		.uleb128 0x38
 937 0393 0C       		.uleb128 0xc
 938 0394 73333100 		.ascii	"s31\000"
 939 0398 07       		.byte	0x7
 940 0399 1601     		.2byte	0x116
 941 039b 8D020000 		.4byte	0x28d
 942 039f 02       		.byte	0x2
 943 03a0 23       		.byte	0x23
 944 03a1 3C       		.uleb128 0x3c
 945 03a2 0C       		.uleb128 0xc
 946 03a3 723400   		.ascii	"r4\000"
 947 03a6 07       		.byte	0x7
 948 03a7 1801     		.2byte	0x118
 949 03a9 8D020000 		.4byte	0x28d
 950 03ad 02       		.byte	0x2
 951 03ae 23       		.byte	0x23
 952 03af 40       		.uleb128 0x40
 953 03b0 0C       		.uleb128 0xc
 954 03b1 723500   		.ascii	"r5\000"
 955 03b4 07       		.byte	0x7
 956 03b5 1901     		.2byte	0x119
 957 03b7 8D020000 		.4byte	0x28d
 958 03bb 02       		.byte	0x2
 959 03bc 23       		.byte	0x23
 960 03bd 44       		.uleb128 0x44
ARM GAS  /tmp/ccvNRwdb.s 			page 18


 961 03be 0C       		.uleb128 0xc
 962 03bf 723600   		.ascii	"r6\000"
 963 03c2 07       		.byte	0x7
 964 03c3 1A01     		.2byte	0x11a
 965 03c5 8D020000 		.4byte	0x28d
 966 03c9 02       		.byte	0x2
 967 03ca 23       		.byte	0x23
 968 03cb 48       		.uleb128 0x48
 969 03cc 0C       		.uleb128 0xc
 970 03cd 723700   		.ascii	"r7\000"
 971 03d0 07       		.byte	0x7
 972 03d1 1B01     		.2byte	0x11b
 973 03d3 8D020000 		.4byte	0x28d
 974 03d7 02       		.byte	0x2
 975 03d8 23       		.byte	0x23
 976 03d9 4C       		.uleb128 0x4c
 977 03da 0C       		.uleb128 0xc
 978 03db 723800   		.ascii	"r8\000"
 979 03de 07       		.byte	0x7
 980 03df 1C01     		.2byte	0x11c
 981 03e1 8D020000 		.4byte	0x28d
 982 03e5 02       		.byte	0x2
 983 03e6 23       		.byte	0x23
 984 03e7 50       		.uleb128 0x50
 985 03e8 0C       		.uleb128 0xc
 986 03e9 723900   		.ascii	"r9\000"
 987 03ec 07       		.byte	0x7
 988 03ed 1D01     		.2byte	0x11d
 989 03ef 8D020000 		.4byte	0x28d
 990 03f3 02       		.byte	0x2
 991 03f4 23       		.byte	0x23
 992 03f5 54       		.uleb128 0x54
 993 03f6 0C       		.uleb128 0xc
 994 03f7 72313000 		.ascii	"r10\000"
 995 03fb 07       		.byte	0x7
 996 03fc 1E01     		.2byte	0x11e
 997 03fe 8D020000 		.4byte	0x28d
 998 0402 02       		.byte	0x2
 999 0403 23       		.byte	0x23
 1000 0404 58       		.uleb128 0x58
 1001 0405 0C       		.uleb128 0xc
 1002 0406 72313100 		.ascii	"r11\000"
 1003 040a 07       		.byte	0x7
 1004 040b 1F01     		.2byte	0x11f
 1005 040d 8D020000 		.4byte	0x28d
 1006 0411 02       		.byte	0x2
 1007 0412 23       		.byte	0x23
 1008 0413 5C       		.uleb128 0x5c
 1009 0414 0C       		.uleb128 0xc
 1010 0415 6C7200   		.ascii	"lr\000"
 1011 0418 07       		.byte	0x7
 1012 0419 2001     		.2byte	0x120
 1013 041b 8D020000 		.4byte	0x28d
 1014 041f 02       		.byte	0x2
 1015 0420 23       		.byte	0x23
 1016 0421 60       		.uleb128 0x60
 1017 0422 00       		.byte	0
ARM GAS  /tmp/ccvNRwdb.s 			page 19


 1018 0423 0B       		.uleb128 0xb
 1019 0424 5E010000 		.4byte	.LASF48
 1020 0428 04       		.byte	0x4
 1021 0429 07       		.byte	0x7
 1022 042a 2A01     		.2byte	0x12a
 1023 042c 40040000 		.4byte	0x440
 1024 0430 0C       		.uleb128 0xc
 1025 0431 72313300 		.ascii	"r13\000"
 1026 0435 07       		.byte	0x7
 1027 0436 2B01     		.2byte	0x12b
 1028 0438 40040000 		.4byte	0x440
 1029 043c 02       		.byte	0x2
 1030 043d 23       		.byte	0x23
 1031 043e 00       		.uleb128 0
 1032 043f 00       		.byte	0
 1033 0440 09       		.uleb128 0x9
 1034 0441 04       		.byte	0x4
 1035 0442 A5020000 		.4byte	0x2a5
 1036 0446 04       		.uleb128 0x4
 1037 0447 04       		.byte	0x4
 1038 0448 07       		.byte	0x7
 1039 0449 FE010000 		.4byte	.LASF49
 1040 044d 0D       		.uleb128 0xd
 1041 044e FA000000 		.4byte	0xfa
 1042 0452 05       		.uleb128 0x5
 1043 0453 A4010000 		.4byte	.LASF50
 1044 0457 10       		.byte	0x10
 1045 0458 08       		.byte	0x8
 1046 0459 25       		.byte	0x25
 1047 045a 89040000 		.4byte	0x489
 1048 045e 06       		.uleb128 0x6
 1049 045f 99000000 		.4byte	.LASF51
 1050 0463 08       		.byte	0x8
 1051 0464 26       		.byte	0x26
 1052 0465 60020000 		.4byte	0x260
 1053 0469 02       		.byte	0x2
 1054 046a 23       		.byte	0x23
 1055 046b 00       		.uleb128 0
 1056 046c 06       		.uleb128 0x6
 1057 046d 6F030000 		.4byte	.LASF52
 1058 0471 08       		.byte	0x8
 1059 0472 28       		.byte	0x28
 1060 0473 5A020000 		.4byte	0x25a
 1061 0477 02       		.byte	0x2
 1062 0478 23       		.byte	0x23
 1063 0479 08       		.uleb128 0x8
 1064 047a 06       		.uleb128 0x6
 1065 047b 02030000 		.4byte	.LASF53
 1066 047f 08       		.byte	0x8
 1067 0480 2A       		.byte	0x2a
 1068 0481 89040000 		.4byte	0x489
 1069 0485 02       		.byte	0x2
 1070 0486 23       		.byte	0x23
 1071 0487 0C       		.uleb128 0xc
 1072 0488 00       		.byte	0
 1073 0489 09       		.uleb128 0x9
 1074 048a 04       		.byte	0x4
ARM GAS  /tmp/ccvNRwdb.s 			page 20


 1075 048b 52040000 		.4byte	0x452
 1076 048f 03       		.uleb128 0x3
 1077 0490 A4010000 		.4byte	.LASF50
 1078 0494 08       		.byte	0x8
 1079 0495 2C       		.byte	0x2c
 1080 0496 52040000 		.4byte	0x452
 1081 049a 03       		.uleb128 0x3
 1082 049b 1D000000 		.4byte	.LASF54
 1083 049f 09       		.byte	0x9
 1084 04a0 25       		.byte	0x25
 1085 04a1 A5040000 		.4byte	0x4a5
 1086 04a5 09       		.uleb128 0x9
 1087 04a6 04       		.byte	0x4
 1088 04a7 AB040000 		.4byte	0x4ab
 1089 04ab 0E       		.uleb128 0xe
 1090 04ac 01       		.byte	0x1
 1091 04ad 98020000 		.4byte	0x298
 1092 04b1 BB040000 		.4byte	0x4bb
 1093 04b5 0F       		.uleb128 0xf
 1094 04b6 30000000 		.4byte	0x30
 1095 04ba 00       		.byte	0
 1096 04bb 03       		.uleb128 0x3
 1097 04bc 26020000 		.4byte	.LASF55
 1098 04c0 0A       		.byte	0xa
 1099 04c1 2D       		.byte	0x2d
 1100 04c2 C6040000 		.4byte	0x4c6
 1101 04c6 05       		.uleb128 0x5
 1102 04c7 87030000 		.4byte	.LASF56
 1103 04cb 20       		.byte	0x20
 1104 04cc 0A       		.byte	0xa
 1105 04cd 40       		.byte	0x40
 1106 04ce FD040000 		.4byte	0x4fd
 1107 04d2 06       		.uleb128 0x6
 1108 04d3 64020000 		.4byte	.LASF57
 1109 04d7 0A       		.byte	0xa
 1110 04d8 41       		.byte	0x41
 1111 04d9 9A040000 		.4byte	0x49a
 1112 04dd 02       		.byte	0x2
 1113 04de 23       		.byte	0x23
 1114 04df 00       		.uleb128 0
 1115 04e0 06       		.uleb128 0x6
 1116 04e1 41000000 		.4byte	.LASF58
 1117 04e5 0A       		.byte	0xa
 1118 04e6 43       		.byte	0x43
 1119 04e7 1C050000 		.4byte	0x51c
 1120 04eb 02       		.byte	0x2
 1121 04ec 23       		.byte	0x23
 1122 04ed 08       		.uleb128 0x8
 1123 04ee 06       		.uleb128 0x6
 1124 04ef 8B000000 		.4byte	.LASF59
 1125 04f3 0A       		.byte	0xa
 1126 04f4 45       		.byte	0x45
 1127 04f5 8F040000 		.4byte	0x48f
 1128 04f9 02       		.byte	0x2
 1129 04fa 23       		.byte	0x23
 1130 04fb 10       		.uleb128 0x10
 1131 04fc 00       		.byte	0
ARM GAS  /tmp/ccvNRwdb.s 			page 21


 1132 04fd 10       		.uleb128 0x10
 1133 04fe 04       		.byte	0x4
 1134 04ff 0A       		.byte	0xa
 1135 0500 35       		.byte	0x35
 1136 0501 1C050000 		.4byte	0x51c
 1137 0505 11       		.uleb128 0x11
 1138 0506 65000000 		.4byte	.LASF60
 1139 050a 0A       		.byte	0xa
 1140 050b 36       		.byte	0x36
 1141 050c 3D050000 		.4byte	0x53d
 1142 0510 11       		.uleb128 0x11
 1143 0511 DE020000 		.4byte	.LASF61
 1144 0515 0A       		.byte	0xa
 1145 0516 37       		.byte	0x37
 1146 0517 43050000 		.4byte	0x543
 1147 051b 00       		.byte	0
 1148 051c 12       		.uleb128 0x12
 1149 051d 95020000 		.4byte	.LASF82
 1150 0521 08       		.byte	0x8
 1151 0522 0A       		.byte	0xa
 1152 0523 32       		.byte	0x32
 1153 0524 3D050000 		.4byte	0x53d
 1154 0528 11       		.uleb128 0x11
 1155 0529 39010000 		.4byte	.LASF62
 1156 052d 0A       		.byte	0xa
 1157 052e 33       		.byte	0x33
 1158 052f 9A020000 		.4byte	0x29a
 1159 0533 13       		.uleb128 0x13
 1160 0534 6800     		.ascii	"h\000"
 1161 0536 0A       		.byte	0xa
 1162 0537 3A       		.byte	0x3a
 1163 0538 49050000 		.4byte	0x549
 1164 053c 00       		.byte	0
 1165 053d 09       		.uleb128 0x9
 1166 053e 04       		.byte	0x4
 1167 053f 1C050000 		.4byte	0x51c
 1168 0543 09       		.uleb128 0x9
 1169 0544 04       		.byte	0x4
 1170 0545 BB040000 		.4byte	0x4bb
 1171 0549 08       		.uleb128 0x8
 1172 054a 08       		.byte	0x8
 1173 054b 0A       		.byte	0xa
 1174 054c 34       		.byte	0x34
 1175 054d 6C050000 		.4byte	0x56c
 1176 0551 07       		.uleb128 0x7
 1177 0552 7500     		.ascii	"u\000"
 1178 0554 0A       		.byte	0xa
 1179 0555 38       		.byte	0x38
 1180 0556 FD040000 		.4byte	0x4fd
 1181 055a 02       		.byte	0x2
 1182 055b 23       		.byte	0x23
 1183 055c 00       		.uleb128 0
 1184 055d 06       		.uleb128 0x6
 1185 055e 66010000 		.4byte	.LASF63
 1186 0562 0A       		.byte	0xa
 1187 0563 39       		.byte	0x39
 1188 0564 30000000 		.4byte	0x30
ARM GAS  /tmp/ccvNRwdb.s 			page 22


 1189 0568 02       		.byte	0x2
 1190 0569 23       		.byte	0x23
 1191 056a 04       		.uleb128 0x4
 1192 056b 00       		.byte	0
 1193 056c 10       		.uleb128 0x10
 1194 056d 04       		.byte	0x4
 1195 056e 06       		.byte	0x6
 1196 056f 8F       		.byte	0x8f
 1197 0570 A1050000 		.4byte	0x5a1
 1198 0574 11       		.uleb128 0x11
 1199 0575 0D000000 		.4byte	.LASF64
 1200 0579 06       		.byte	0x6
 1201 057a 96       		.byte	0x96
 1202 057b E4000000 		.4byte	0xe4
 1203 057f 11       		.uleb128 0x11
 1204 0580 ED000000 		.4byte	.LASF65
 1205 0584 06       		.byte	0x6
 1206 0585 9D       		.byte	0x9d
 1207 0586 E4000000 		.4byte	0xe4
 1208 058a 11       		.uleb128 0x11
 1209 058b 50030000 		.4byte	.LASF66
 1210 058f 06       		.byte	0x6
 1211 0590 A4       		.byte	0xa4
 1212 0591 98020000 		.4byte	0x298
 1213 0595 11       		.uleb128 0x11
 1214 0596 A1020000 		.4byte	.LASF67
 1215 059a 06       		.byte	0x6
 1216 059b AB       		.byte	0xab
 1217 059c EF000000 		.4byte	0xef
 1218 05a0 00       		.byte	0
 1219 05a1 09       		.uleb128 0x9
 1220 05a2 04       		.byte	0x4
 1221 05a3 A7050000 		.4byte	0x5a7
 1222 05a7 14       		.uleb128 0x14
 1223 05a8 AC050000 		.4byte	0x5ac
 1224 05ac 04       		.uleb128 0x4
 1225 05ad 01       		.byte	0x1
 1226 05ae 08       		.byte	0x8
 1227 05af F0020000 		.4byte	.LASF68
 1228 05b3 09       		.uleb128 0x9
 1229 05b4 04       		.byte	0x4
 1230 05b5 8F040000 		.4byte	0x48f
 1231 05b9 15       		.uleb128 0x15
 1232 05ba 01       		.byte	0x1
 1233 05bb 64030000 		.4byte	.LASF69
 1234 05bf 01       		.byte	0x1
 1235 05c0 44       		.byte	0x44
 1236 05c1 01       		.byte	0x1
 1237 05c2 00000000 		.4byte	.LFB7
 1238 05c6 20000000 		.4byte	.LFE7
 1239 05ca 02       		.byte	0x2
 1240 05cb 7D       		.byte	0x7d
 1241 05cc 00       		.sleb128 0
 1242 05cd 01       		.byte	0x1
 1243 05ce E7050000 		.4byte	0x5e7
 1244 05d2 16       		.uleb128 0x16
 1245 05d3 20000000 		.4byte	.LVL0
ARM GAS  /tmp/ccvNRwdb.s 			page 23


 1246 05d7 01       		.byte	0x1
 1247 05d8 F2070000 		.4byte	0x7f2
 1248 05dc 17       		.uleb128 0x17
 1249 05dd 01       		.byte	0x1
 1250 05de 50       		.byte	0x50
 1251 05df 05       		.byte	0x5
 1252 05e0 03       		.byte	0x3
 1253 05e1 10000000 		.4byte	.LANCHOR0+16
 1254 05e5 00       		.byte	0
 1255 05e6 00       		.byte	0
 1256 05e7 15       		.uleb128 0x15
 1257 05e8 01       		.byte	0x1
 1258 05e9 5A000000 		.4byte	.LASF70
 1259 05ed 01       		.byte	0x1
 1260 05ee 5C       		.byte	0x5c
 1261 05ef 01       		.byte	0x1
 1262 05f0 00000000 		.4byte	.LFB8
 1263 05f4 14000000 		.4byte	.LFE8
 1264 05f8 02       		.byte	0x2
 1265 05f9 7D       		.byte	0x7d
 1266 05fa 00       		.sleb128 0
 1267 05fb 01       		.byte	0x1
 1268 05fc 50060000 		.4byte	0x650
 1269 0600 18       		.uleb128 0x18
 1270 0601 48000000 		.4byte	.LASF71
 1271 0605 01       		.byte	0x1
 1272 0606 5C       		.byte	0x5c
 1273 0607 43050000 		.4byte	0x543
 1274 060b 00000000 		.4byte	.LLST0
 1275 060f 19       		.uleb128 0x19
 1276 0610 62756600 		.ascii	"buf\000"
 1277 0614 01       		.byte	0x1
 1278 0615 5C       		.byte	0x5c
 1279 0616 98020000 		.4byte	0x298
 1280 061a 2E000000 		.4byte	.LLST1
 1281 061e 18       		.uleb128 0x18
 1282 061f 66010000 		.4byte	.LASF63
 1283 0623 01       		.byte	0x1
 1284 0624 5C       		.byte	0x5c
 1285 0625 30000000 		.4byte	0x30
 1286 0629 4F000000 		.4byte	.LLST2
 1287 062d 1A       		.uleb128 0x1a
 1288 062e 687000   		.ascii	"hp\000"
 1289 0631 01       		.byte	0x1
 1290 0632 5D       		.byte	0x5d
 1291 0633 3D050000 		.4byte	0x53d
 1292 0637 7D000000 		.4byte	.LLST3
 1293 063b 16       		.uleb128 0x16
 1294 063c 14000000 		.4byte	.LVL5
 1295 0640 01       		.byte	0x1
 1296 0641 F2070000 		.4byte	0x7f2
 1297 0645 17       		.uleb128 0x17
 1298 0646 01       		.byte	0x1
 1299 0647 50       		.byte	0x50
 1300 0648 05       		.byte	0x5
 1301 0649 F3       		.byte	0xf3
 1302 064a 01       		.uleb128 0x1
ARM GAS  /tmp/ccvNRwdb.s 			page 24


 1303 064b 50       		.byte	0x50
 1304 064c 23       		.byte	0x23
 1305 064d 10       		.uleb128 0x10
 1306 064e 00       		.byte	0
 1307 064f 00       		.byte	0
 1308 0650 1B       		.uleb128 0x1b
 1309 0651 01       		.byte	0x1
 1310 0652 BE020000 		.4byte	.LASF73
 1311 0656 01       		.byte	0x1
 1312 0657 7D       		.byte	0x7d
 1313 0658 01       		.byte	0x1
 1314 0659 98020000 		.4byte	0x298
 1315 065d 00000000 		.4byte	.LFB9
 1316 0661 88000000 		.4byte	.LFE9
 1317 0665 9E000000 		.4byte	.LLST4
 1318 0669 01       		.byte	0x1
 1319 066a E9060000 		.4byte	0x6e9
 1320 066e 18       		.uleb128 0x18
 1321 066f 48000000 		.4byte	.LASF71
 1322 0673 01       		.byte	0x1
 1323 0674 7D       		.byte	0x7d
 1324 0675 43050000 		.4byte	0x543
 1325 0679 BE000000 		.4byte	.LLST5
 1326 067d 18       		.uleb128 0x18
 1327 067e 66010000 		.4byte	.LASF63
 1328 0682 01       		.byte	0x1
 1329 0683 7D       		.byte	0x7d
 1330 0684 30000000 		.4byte	0x30
 1331 0688 DF000000 		.4byte	.LLST6
 1332 068c 1A       		.uleb128 0x1a
 1333 068d 717000   		.ascii	"qp\000"
 1334 0690 01       		.byte	0x1
 1335 0691 7E       		.byte	0x7e
 1336 0692 3D050000 		.4byte	0x53d
 1337 0696 0A010000 		.4byte	.LLST7
 1338 069a 1A       		.uleb128 0x1a
 1339 069b 687000   		.ascii	"hp\000"
 1340 069e 01       		.byte	0x1
 1341 069f 7E       		.byte	0x7e
 1342 06a0 3D050000 		.4byte	0x53d
 1343 06a4 33010000 		.4byte	.LLST8
 1344 06a8 1A       		.uleb128 0x1a
 1345 06a9 667000   		.ascii	"fp\000"
 1346 06ac 01       		.byte	0x1
 1347 06ad 7E       		.byte	0x7e
 1348 06ae 3D050000 		.4byte	0x53d
 1349 06b2 7F010000 		.4byte	.LLST9
 1350 06b6 1C       		.uleb128 0x1c
 1351 06b7 1C000000 		.4byte	.LVL11
 1352 06bb 06080000 		.4byte	0x806
 1353 06bf CA060000 		.4byte	0x6ca
 1354 06c3 17       		.uleb128 0x17
 1355 06c4 01       		.byte	0x1
 1356 06c5 50       		.byte	0x50
 1357 06c6 02       		.byte	0x2
 1358 06c7 76       		.byte	0x76
 1359 06c8 10       		.sleb128 16
ARM GAS  /tmp/ccvNRwdb.s 			page 25


 1360 06c9 00       		.byte	0
 1361 06ca 1D       		.uleb128 0x1d
 1362 06cb 5A000000 		.4byte	.LVL18
 1363 06cf 1A080000 		.4byte	0x81a
 1364 06d3 1D       		.uleb128 0x1d
 1365 06d4 68000000 		.4byte	.LVL20
 1366 06d8 1A080000 		.4byte	0x81a
 1367 06dc 1E       		.uleb128 0x1e
 1368 06dd 72000000 		.4byte	.LVL21
 1369 06e1 17       		.uleb128 0x17
 1370 06e2 01       		.byte	0x1
 1371 06e3 50       		.byte	0x50
 1372 06e4 02       		.byte	0x2
 1373 06e5 75       		.byte	0x75
 1374 06e6 08       		.sleb128 8
 1375 06e7 00       		.byte	0
 1376 06e8 00       		.byte	0
 1377 06e9 1F       		.uleb128 0x1f
 1378 06ea 01       		.byte	0x1
 1379 06eb A1000000 		.4byte	.LASF72
 1380 06ef 01       		.byte	0x1
 1381 06f0 BB       		.byte	0xbb
 1382 06f1 01       		.byte	0x1
 1383 06f2 00000000 		.4byte	.LFB10
 1384 06f6 86000000 		.4byte	.LFE10
 1385 06fa 92010000 		.4byte	.LLST10
 1386 06fe 01       		.byte	0x1
 1387 06ff 58070000 		.4byte	0x758
 1388 0703 19       		.uleb128 0x19
 1389 0704 7000     		.ascii	"p\000"
 1390 0706 01       		.byte	0x1
 1391 0707 BB       		.byte	0xbb
 1392 0708 98020000 		.4byte	0x298
 1393 070c B2010000 		.4byte	.LLST11
 1394 0710 1A       		.uleb128 0x1a
 1395 0711 717000   		.ascii	"qp\000"
 1396 0714 01       		.byte	0x1
 1397 0715 BC       		.byte	0xbc
 1398 0716 3D050000 		.4byte	0x53d
 1399 071a D0010000 		.4byte	.LLST12
 1400 071e 20       		.uleb128 0x20
 1401 071f 687000   		.ascii	"hp\000"
 1402 0722 01       		.byte	0x1
 1403 0723 BC       		.byte	0xbc
 1404 0724 3D050000 		.4byte	0x53d
 1405 0728 01       		.byte	0x1
 1406 0729 54       		.byte	0x54
 1407 072a 21       		.uleb128 0x21
 1408 072b 48000000 		.4byte	.LASF71
 1409 072f 01       		.byte	0x1
 1410 0730 BD       		.byte	0xbd
 1411 0731 43050000 		.4byte	0x543
 1412 0735 0F020000 		.4byte	.LLST13
 1413 0739 1C       		.uleb128 0x1c
 1414 073a 16000000 		.4byte	.LVL31
 1415 073e 06080000 		.4byte	0x806
 1416 0742 4D070000 		.4byte	0x74d
ARM GAS  /tmp/ccvNRwdb.s 			page 26


 1417 0746 17       		.uleb128 0x17
 1418 0747 01       		.byte	0x1
 1419 0748 50       		.byte	0x50
 1420 0749 02       		.byte	0x2
 1421 074a 75       		.byte	0x75
 1422 074b 08       		.sleb128 8
 1423 074c 00       		.byte	0
 1424 074d 22       		.uleb128 0x22
 1425 074e 58000000 		.4byte	.LVL36
 1426 0752 01       		.byte	0x1
 1427 0753 1A080000 		.4byte	0x81a
 1428 0757 00       		.byte	0
 1429 0758 1B       		.uleb128 0x1b
 1430 0759 01       		.byte	0x1
 1431 075a F5020000 		.4byte	.LASF74
 1432 075e 01       		.byte	0x1
 1433 075f F3       		.byte	0xf3
 1434 0760 01       		.byte	0x1
 1435 0761 30000000 		.4byte	0x30
 1436 0765 00000000 		.4byte	.LFB11
 1437 0769 40000000 		.4byte	.LFE11
 1438 076d 3B020000 		.4byte	.LLST14
 1439 0771 01       		.byte	0x1
 1440 0772 DB070000 		.4byte	0x7db
 1441 0776 18       		.uleb128 0x18
 1442 0777 48000000 		.4byte	.LASF71
 1443 077b 01       		.byte	0x1
 1444 077c F3       		.byte	0xf3
 1445 077d 43050000 		.4byte	0x543
 1446 0781 5B020000 		.4byte	.LLST15
 1447 0785 18       		.uleb128 0x18
 1448 0786 57030000 		.4byte	.LASF75
 1449 078a 01       		.byte	0x1
 1450 078b F3       		.byte	0xf3
 1451 078c DB070000 		.4byte	0x7db
 1452 0790 7C020000 		.4byte	.LLST16
 1453 0794 1A       		.uleb128 0x1a
 1454 0795 717000   		.ascii	"qp\000"
 1455 0798 01       		.byte	0x1
 1456 0799 F4       		.byte	0xf4
 1457 079a 3D050000 		.4byte	0x53d
 1458 079e 9A020000 		.4byte	.LLST17
 1459 07a2 1A       		.uleb128 0x1a
 1460 07a3 6E00     		.ascii	"n\000"
 1461 07a5 01       		.byte	0x1
 1462 07a6 F5       		.byte	0xf5
 1463 07a7 30000000 		.4byte	0x30
 1464 07ab C2020000 		.4byte	.LLST18
 1465 07af 1A       		.uleb128 0x1a
 1466 07b0 737A00   		.ascii	"sz\000"
 1467 07b3 01       		.byte	0x1
 1468 07b4 F5       		.byte	0xf5
 1469 07b5 30000000 		.4byte	0x30
 1470 07b9 ED020000 		.4byte	.LLST19
 1471 07bd 1C       		.uleb128 0x1c
 1472 07be 14000000 		.4byte	.LVL39
 1473 07c2 06080000 		.4byte	0x806
ARM GAS  /tmp/ccvNRwdb.s 			page 27


 1474 07c6 D1070000 		.4byte	0x7d1
 1475 07ca 17       		.uleb128 0x17
 1476 07cb 01       		.byte	0x1
 1477 07cc 50       		.byte	0x50
 1478 07cd 02       		.byte	0x2
 1479 07ce 74       		.byte	0x74
 1480 07cf 10       		.sleb128 16
 1481 07d0 00       		.byte	0
 1482 07d1 1D       		.uleb128 0x1d
 1483 07d2 30000000 		.4byte	.LVL44
 1484 07d6 1A080000 		.4byte	0x81a
 1485 07da 00       		.byte	0
 1486 07db 09       		.uleb128 0x9
 1487 07dc 04       		.byte	0x4
 1488 07dd 30000000 		.4byte	0x30
 1489 07e1 23       		.uleb128 0x23
 1490 07e2 E3020000 		.4byte	.LASF76
 1491 07e6 01       		.byte	0x1
 1492 07e7 3D       		.byte	0x3d
 1493 07e8 BB040000 		.4byte	0x4bb
 1494 07ec 05       		.byte	0x5
 1495 07ed 03       		.byte	0x3
 1496 07ee 00000000 		.4byte	default_heap
 1497 07f2 24       		.uleb128 0x24
 1498 07f3 01       		.byte	0x1
 1499 07f4 37030000 		.4byte	.LASF77
 1500 07f8 08       		.byte	0x8
 1501 07f9 31       		.byte	0x31
 1502 07fa 01       		.byte	0x1
 1503 07fb 01       		.byte	0x1
 1504 07fc 06080000 		.4byte	0x806
 1505 0800 0F       		.uleb128 0xf
 1506 0801 B3050000 		.4byte	0x5b3
 1507 0805 00       		.byte	0
 1508 0806 24       		.uleb128 0x24
 1509 0807 01       		.byte	0x1
 1510 0808 07020000 		.4byte	.LASF78
 1511 080c 08       		.byte	0x8
 1512 080d 32       		.byte	0x32
 1513 080e 01       		.byte	0x1
 1514 080f 01       		.byte	0x1
 1515 0810 1A080000 		.4byte	0x81a
 1516 0814 0F       		.uleb128 0xf
 1517 0815 B3050000 		.4byte	0x5b3
 1518 0819 00       		.byte	0
 1519 081a 25       		.uleb128 0x25
 1520 081b 01       		.byte	0x1
 1521 081c 4E000000 		.4byte	.LASF83
 1522 0820 08       		.byte	0x8
 1523 0821 36       		.byte	0x36
 1524 0822 01       		.byte	0x1
 1525 0823 B3050000 		.4byte	0x5b3
 1526 0827 01       		.byte	0x1
 1527 0828 00       		.byte	0
 1528              		.section	.debug_abbrev,"",%progbits
 1529              	.Ldebug_abbrev0:
 1530 0000 01       		.uleb128 0x1
ARM GAS  /tmp/ccvNRwdb.s 			page 28


 1531 0001 11       		.uleb128 0x11
 1532 0002 01       		.byte	0x1
 1533 0003 25       		.uleb128 0x25
 1534 0004 0E       		.uleb128 0xe
 1535 0005 13       		.uleb128 0x13
 1536 0006 0B       		.uleb128 0xb
 1537 0007 03       		.uleb128 0x3
 1538 0008 0E       		.uleb128 0xe
 1539 0009 1B       		.uleb128 0x1b
 1540 000a 0E       		.uleb128 0xe
 1541 000b 55       		.uleb128 0x55
 1542 000c 06       		.uleb128 0x6
 1543 000d 11       		.uleb128 0x11
 1544 000e 01       		.uleb128 0x1
 1545 000f 52       		.uleb128 0x52
 1546 0010 01       		.uleb128 0x1
 1547 0011 10       		.uleb128 0x10
 1548 0012 06       		.uleb128 0x6
 1549 0013 00       		.byte	0
 1550 0014 00       		.byte	0
 1551 0015 02       		.uleb128 0x2
 1552 0016 24       		.uleb128 0x24
 1553 0017 00       		.byte	0
 1554 0018 0B       		.uleb128 0xb
 1555 0019 0B       		.uleb128 0xb
 1556 001a 3E       		.uleb128 0x3e
 1557 001b 0B       		.uleb128 0xb
 1558 001c 03       		.uleb128 0x3
 1559 001d 08       		.uleb128 0x8
 1560 001e 00       		.byte	0
 1561 001f 00       		.byte	0
 1562 0020 03       		.uleb128 0x3
 1563 0021 16       		.uleb128 0x16
 1564 0022 00       		.byte	0
 1565 0023 03       		.uleb128 0x3
 1566 0024 0E       		.uleb128 0xe
 1567 0025 3A       		.uleb128 0x3a
 1568 0026 0B       		.uleb128 0xb
 1569 0027 3B       		.uleb128 0x3b
 1570 0028 0B       		.uleb128 0xb
 1571 0029 49       		.uleb128 0x49
 1572 002a 13       		.uleb128 0x13
 1573 002b 00       		.byte	0
 1574 002c 00       		.byte	0
 1575 002d 04       		.uleb128 0x4
 1576 002e 24       		.uleb128 0x24
 1577 002f 00       		.byte	0
 1578 0030 0B       		.uleb128 0xb
 1579 0031 0B       		.uleb128 0xb
 1580 0032 3E       		.uleb128 0x3e
 1581 0033 0B       		.uleb128 0xb
 1582 0034 03       		.uleb128 0x3
 1583 0035 0E       		.uleb128 0xe
 1584 0036 00       		.byte	0
 1585 0037 00       		.byte	0
 1586 0038 05       		.uleb128 0x5
 1587 0039 13       		.uleb128 0x13
ARM GAS  /tmp/ccvNRwdb.s 			page 29


 1588 003a 01       		.byte	0x1
 1589 003b 03       		.uleb128 0x3
 1590 003c 0E       		.uleb128 0xe
 1591 003d 0B       		.uleb128 0xb
 1592 003e 0B       		.uleb128 0xb
 1593 003f 3A       		.uleb128 0x3a
 1594 0040 0B       		.uleb128 0xb
 1595 0041 3B       		.uleb128 0x3b
 1596 0042 0B       		.uleb128 0xb
 1597 0043 01       		.uleb128 0x1
 1598 0044 13       		.uleb128 0x13
 1599 0045 00       		.byte	0
 1600 0046 00       		.byte	0
 1601 0047 06       		.uleb128 0x6
 1602 0048 0D       		.uleb128 0xd
 1603 0049 00       		.byte	0
 1604 004a 03       		.uleb128 0x3
 1605 004b 0E       		.uleb128 0xe
 1606 004c 3A       		.uleb128 0x3a
 1607 004d 0B       		.uleb128 0xb
 1608 004e 3B       		.uleb128 0x3b
 1609 004f 0B       		.uleb128 0xb
 1610 0050 49       		.uleb128 0x49
 1611 0051 13       		.uleb128 0x13
 1612 0052 38       		.uleb128 0x38
 1613 0053 0A       		.uleb128 0xa
 1614 0054 00       		.byte	0
 1615 0055 00       		.byte	0
 1616 0056 07       		.uleb128 0x7
 1617 0057 0D       		.uleb128 0xd
 1618 0058 00       		.byte	0
 1619 0059 03       		.uleb128 0x3
 1620 005a 08       		.uleb128 0x8
 1621 005b 3A       		.uleb128 0x3a
 1622 005c 0B       		.uleb128 0xb
 1623 005d 3B       		.uleb128 0x3b
 1624 005e 0B       		.uleb128 0xb
 1625 005f 49       		.uleb128 0x49
 1626 0060 13       		.uleb128 0x13
 1627 0061 38       		.uleb128 0x38
 1628 0062 0A       		.uleb128 0xa
 1629 0063 00       		.byte	0
 1630 0064 00       		.byte	0
 1631 0065 08       		.uleb128 0x8
 1632 0066 13       		.uleb128 0x13
 1633 0067 01       		.byte	0x1
 1634 0068 0B       		.uleb128 0xb
 1635 0069 0B       		.uleb128 0xb
 1636 006a 3A       		.uleb128 0x3a
 1637 006b 0B       		.uleb128 0xb
 1638 006c 3B       		.uleb128 0x3b
 1639 006d 0B       		.uleb128 0xb
 1640 006e 01       		.uleb128 0x1
 1641 006f 13       		.uleb128 0x13
 1642 0070 00       		.byte	0
 1643 0071 00       		.byte	0
 1644 0072 09       		.uleb128 0x9
ARM GAS  /tmp/ccvNRwdb.s 			page 30


 1645 0073 0F       		.uleb128 0xf
 1646 0074 00       		.byte	0
 1647 0075 0B       		.uleb128 0xb
 1648 0076 0B       		.uleb128 0xb
 1649 0077 49       		.uleb128 0x49
 1650 0078 13       		.uleb128 0x13
 1651 0079 00       		.byte	0
 1652 007a 00       		.byte	0
 1653 007b 0A       		.uleb128 0xa
 1654 007c 0F       		.uleb128 0xf
 1655 007d 00       		.byte	0
 1656 007e 0B       		.uleb128 0xb
 1657 007f 0B       		.uleb128 0xb
 1658 0080 00       		.byte	0
 1659 0081 00       		.byte	0
 1660 0082 0B       		.uleb128 0xb
 1661 0083 13       		.uleb128 0x13
 1662 0084 01       		.byte	0x1
 1663 0085 03       		.uleb128 0x3
 1664 0086 0E       		.uleb128 0xe
 1665 0087 0B       		.uleb128 0xb
 1666 0088 0B       		.uleb128 0xb
 1667 0089 3A       		.uleb128 0x3a
 1668 008a 0B       		.uleb128 0xb
 1669 008b 3B       		.uleb128 0x3b
 1670 008c 05       		.uleb128 0x5
 1671 008d 01       		.uleb128 0x1
 1672 008e 13       		.uleb128 0x13
 1673 008f 00       		.byte	0
 1674 0090 00       		.byte	0
 1675 0091 0C       		.uleb128 0xc
 1676 0092 0D       		.uleb128 0xd
 1677 0093 00       		.byte	0
 1678 0094 03       		.uleb128 0x3
 1679 0095 08       		.uleb128 0x8
 1680 0096 3A       		.uleb128 0x3a
 1681 0097 0B       		.uleb128 0xb
 1682 0098 3B       		.uleb128 0x3b
 1683 0099 05       		.uleb128 0x5
 1684 009a 49       		.uleb128 0x49
 1685 009b 13       		.uleb128 0x13
 1686 009c 38       		.uleb128 0x38
 1687 009d 0A       		.uleb128 0xa
 1688 009e 00       		.byte	0
 1689 009f 00       		.byte	0
 1690 00a0 0D       		.uleb128 0xd
 1691 00a1 35       		.uleb128 0x35
 1692 00a2 00       		.byte	0
 1693 00a3 49       		.uleb128 0x49
 1694 00a4 13       		.uleb128 0x13
 1695 00a5 00       		.byte	0
 1696 00a6 00       		.byte	0
 1697 00a7 0E       		.uleb128 0xe
 1698 00a8 15       		.uleb128 0x15
 1699 00a9 01       		.byte	0x1
 1700 00aa 27       		.uleb128 0x27
 1701 00ab 0C       		.uleb128 0xc
ARM GAS  /tmp/ccvNRwdb.s 			page 31


 1702 00ac 49       		.uleb128 0x49
 1703 00ad 13       		.uleb128 0x13
 1704 00ae 01       		.uleb128 0x1
 1705 00af 13       		.uleb128 0x13
 1706 00b0 00       		.byte	0
 1707 00b1 00       		.byte	0
 1708 00b2 0F       		.uleb128 0xf
 1709 00b3 05       		.uleb128 0x5
 1710 00b4 00       		.byte	0
 1711 00b5 49       		.uleb128 0x49
 1712 00b6 13       		.uleb128 0x13
 1713 00b7 00       		.byte	0
 1714 00b8 00       		.byte	0
 1715 00b9 10       		.uleb128 0x10
 1716 00ba 17       		.uleb128 0x17
 1717 00bb 01       		.byte	0x1
 1718 00bc 0B       		.uleb128 0xb
 1719 00bd 0B       		.uleb128 0xb
 1720 00be 3A       		.uleb128 0x3a
 1721 00bf 0B       		.uleb128 0xb
 1722 00c0 3B       		.uleb128 0x3b
 1723 00c1 0B       		.uleb128 0xb
 1724 00c2 01       		.uleb128 0x1
 1725 00c3 13       		.uleb128 0x13
 1726 00c4 00       		.byte	0
 1727 00c5 00       		.byte	0
 1728 00c6 11       		.uleb128 0x11
 1729 00c7 0D       		.uleb128 0xd
 1730 00c8 00       		.byte	0
 1731 00c9 03       		.uleb128 0x3
 1732 00ca 0E       		.uleb128 0xe
 1733 00cb 3A       		.uleb128 0x3a
 1734 00cc 0B       		.uleb128 0xb
 1735 00cd 3B       		.uleb128 0x3b
 1736 00ce 0B       		.uleb128 0xb
 1737 00cf 49       		.uleb128 0x49
 1738 00d0 13       		.uleb128 0x13
 1739 00d1 00       		.byte	0
 1740 00d2 00       		.byte	0
 1741 00d3 12       		.uleb128 0x12
 1742 00d4 17       		.uleb128 0x17
 1743 00d5 01       		.byte	0x1
 1744 00d6 03       		.uleb128 0x3
 1745 00d7 0E       		.uleb128 0xe
 1746 00d8 0B       		.uleb128 0xb
 1747 00d9 0B       		.uleb128 0xb
 1748 00da 3A       		.uleb128 0x3a
 1749 00db 0B       		.uleb128 0xb
 1750 00dc 3B       		.uleb128 0x3b
 1751 00dd 0B       		.uleb128 0xb
 1752 00de 01       		.uleb128 0x1
 1753 00df 13       		.uleb128 0x13
 1754 00e0 00       		.byte	0
 1755 00e1 00       		.byte	0
 1756 00e2 13       		.uleb128 0x13
 1757 00e3 0D       		.uleb128 0xd
 1758 00e4 00       		.byte	0
ARM GAS  /tmp/ccvNRwdb.s 			page 32


 1759 00e5 03       		.uleb128 0x3
 1760 00e6 08       		.uleb128 0x8
 1761 00e7 3A       		.uleb128 0x3a
 1762 00e8 0B       		.uleb128 0xb
 1763 00e9 3B       		.uleb128 0x3b
 1764 00ea 0B       		.uleb128 0xb
 1765 00eb 49       		.uleb128 0x49
 1766 00ec 13       		.uleb128 0x13
 1767 00ed 00       		.byte	0
 1768 00ee 00       		.byte	0
 1769 00ef 14       		.uleb128 0x14
 1770 00f0 26       		.uleb128 0x26
 1771 00f1 00       		.byte	0
 1772 00f2 49       		.uleb128 0x49
 1773 00f3 13       		.uleb128 0x13
 1774 00f4 00       		.byte	0
 1775 00f5 00       		.byte	0
 1776 00f6 15       		.uleb128 0x15
 1777 00f7 2E       		.uleb128 0x2e
 1778 00f8 01       		.byte	0x1
 1779 00f9 3F       		.uleb128 0x3f
 1780 00fa 0C       		.uleb128 0xc
 1781 00fb 03       		.uleb128 0x3
 1782 00fc 0E       		.uleb128 0xe
 1783 00fd 3A       		.uleb128 0x3a
 1784 00fe 0B       		.uleb128 0xb
 1785 00ff 3B       		.uleb128 0x3b
 1786 0100 0B       		.uleb128 0xb
 1787 0101 27       		.uleb128 0x27
 1788 0102 0C       		.uleb128 0xc
 1789 0103 11       		.uleb128 0x11
 1790 0104 01       		.uleb128 0x1
 1791 0105 12       		.uleb128 0x12
 1792 0106 01       		.uleb128 0x1
 1793 0107 40       		.uleb128 0x40
 1794 0108 0A       		.uleb128 0xa
 1795 0109 9742     		.uleb128 0x2117
 1796 010b 0C       		.uleb128 0xc
 1797 010c 01       		.uleb128 0x1
 1798 010d 13       		.uleb128 0x13
 1799 010e 00       		.byte	0
 1800 010f 00       		.byte	0
 1801 0110 16       		.uleb128 0x16
 1802 0111 898201   		.uleb128 0x4109
 1803 0114 01       		.byte	0x1
 1804 0115 11       		.uleb128 0x11
 1805 0116 01       		.uleb128 0x1
 1806 0117 9542     		.uleb128 0x2115
 1807 0119 0C       		.uleb128 0xc
 1808 011a 31       		.uleb128 0x31
 1809 011b 13       		.uleb128 0x13
 1810 011c 00       		.byte	0
 1811 011d 00       		.byte	0
 1812 011e 17       		.uleb128 0x17
 1813 011f 8A8201   		.uleb128 0x410a
 1814 0122 00       		.byte	0
 1815 0123 02       		.uleb128 0x2
ARM GAS  /tmp/ccvNRwdb.s 			page 33


 1816 0124 0A       		.uleb128 0xa
 1817 0125 9142     		.uleb128 0x2111
 1818 0127 0A       		.uleb128 0xa
 1819 0128 00       		.byte	0
 1820 0129 00       		.byte	0
 1821 012a 18       		.uleb128 0x18
 1822 012b 05       		.uleb128 0x5
 1823 012c 00       		.byte	0
 1824 012d 03       		.uleb128 0x3
 1825 012e 0E       		.uleb128 0xe
 1826 012f 3A       		.uleb128 0x3a
 1827 0130 0B       		.uleb128 0xb
 1828 0131 3B       		.uleb128 0x3b
 1829 0132 0B       		.uleb128 0xb
 1830 0133 49       		.uleb128 0x49
 1831 0134 13       		.uleb128 0x13
 1832 0135 02       		.uleb128 0x2
 1833 0136 06       		.uleb128 0x6
 1834 0137 00       		.byte	0
 1835 0138 00       		.byte	0
 1836 0139 19       		.uleb128 0x19
 1837 013a 05       		.uleb128 0x5
 1838 013b 00       		.byte	0
 1839 013c 03       		.uleb128 0x3
 1840 013d 08       		.uleb128 0x8
 1841 013e 3A       		.uleb128 0x3a
 1842 013f 0B       		.uleb128 0xb
 1843 0140 3B       		.uleb128 0x3b
 1844 0141 0B       		.uleb128 0xb
 1845 0142 49       		.uleb128 0x49
 1846 0143 13       		.uleb128 0x13
 1847 0144 02       		.uleb128 0x2
 1848 0145 06       		.uleb128 0x6
 1849 0146 00       		.byte	0
 1850 0147 00       		.byte	0
 1851 0148 1A       		.uleb128 0x1a
 1852 0149 34       		.uleb128 0x34
 1853 014a 00       		.byte	0
 1854 014b 03       		.uleb128 0x3
 1855 014c 08       		.uleb128 0x8
 1856 014d 3A       		.uleb128 0x3a
 1857 014e 0B       		.uleb128 0xb
 1858 014f 3B       		.uleb128 0x3b
 1859 0150 0B       		.uleb128 0xb
 1860 0151 49       		.uleb128 0x49
 1861 0152 13       		.uleb128 0x13
 1862 0153 02       		.uleb128 0x2
 1863 0154 06       		.uleb128 0x6
 1864 0155 00       		.byte	0
 1865 0156 00       		.byte	0
 1866 0157 1B       		.uleb128 0x1b
 1867 0158 2E       		.uleb128 0x2e
 1868 0159 01       		.byte	0x1
 1869 015a 3F       		.uleb128 0x3f
 1870 015b 0C       		.uleb128 0xc
 1871 015c 03       		.uleb128 0x3
 1872 015d 0E       		.uleb128 0xe
ARM GAS  /tmp/ccvNRwdb.s 			page 34


 1873 015e 3A       		.uleb128 0x3a
 1874 015f 0B       		.uleb128 0xb
 1875 0160 3B       		.uleb128 0x3b
 1876 0161 0B       		.uleb128 0xb
 1877 0162 27       		.uleb128 0x27
 1878 0163 0C       		.uleb128 0xc
 1879 0164 49       		.uleb128 0x49
 1880 0165 13       		.uleb128 0x13
 1881 0166 11       		.uleb128 0x11
 1882 0167 01       		.uleb128 0x1
 1883 0168 12       		.uleb128 0x12
 1884 0169 01       		.uleb128 0x1
 1885 016a 40       		.uleb128 0x40
 1886 016b 06       		.uleb128 0x6
 1887 016c 9742     		.uleb128 0x2117
 1888 016e 0C       		.uleb128 0xc
 1889 016f 01       		.uleb128 0x1
 1890 0170 13       		.uleb128 0x13
 1891 0171 00       		.byte	0
 1892 0172 00       		.byte	0
 1893 0173 1C       		.uleb128 0x1c
 1894 0174 898201   		.uleb128 0x4109
 1895 0177 01       		.byte	0x1
 1896 0178 11       		.uleb128 0x11
 1897 0179 01       		.uleb128 0x1
 1898 017a 31       		.uleb128 0x31
 1899 017b 13       		.uleb128 0x13
 1900 017c 01       		.uleb128 0x1
 1901 017d 13       		.uleb128 0x13
 1902 017e 00       		.byte	0
 1903 017f 00       		.byte	0
 1904 0180 1D       		.uleb128 0x1d
 1905 0181 898201   		.uleb128 0x4109
 1906 0184 00       		.byte	0
 1907 0185 11       		.uleb128 0x11
 1908 0186 01       		.uleb128 0x1
 1909 0187 31       		.uleb128 0x31
 1910 0188 13       		.uleb128 0x13
 1911 0189 00       		.byte	0
 1912 018a 00       		.byte	0
 1913 018b 1E       		.uleb128 0x1e
 1914 018c 898201   		.uleb128 0x4109
 1915 018f 01       		.byte	0x1
 1916 0190 11       		.uleb128 0x11
 1917 0191 01       		.uleb128 0x1
 1918 0192 00       		.byte	0
 1919 0193 00       		.byte	0
 1920 0194 1F       		.uleb128 0x1f
 1921 0195 2E       		.uleb128 0x2e
 1922 0196 01       		.byte	0x1
 1923 0197 3F       		.uleb128 0x3f
 1924 0198 0C       		.uleb128 0xc
 1925 0199 03       		.uleb128 0x3
 1926 019a 0E       		.uleb128 0xe
 1927 019b 3A       		.uleb128 0x3a
 1928 019c 0B       		.uleb128 0xb
 1929 019d 3B       		.uleb128 0x3b
ARM GAS  /tmp/ccvNRwdb.s 			page 35


 1930 019e 0B       		.uleb128 0xb
 1931 019f 27       		.uleb128 0x27
 1932 01a0 0C       		.uleb128 0xc
 1933 01a1 11       		.uleb128 0x11
 1934 01a2 01       		.uleb128 0x1
 1935 01a3 12       		.uleb128 0x12
 1936 01a4 01       		.uleb128 0x1
 1937 01a5 40       		.uleb128 0x40
 1938 01a6 06       		.uleb128 0x6
 1939 01a7 9742     		.uleb128 0x2117
 1940 01a9 0C       		.uleb128 0xc
 1941 01aa 01       		.uleb128 0x1
 1942 01ab 13       		.uleb128 0x13
 1943 01ac 00       		.byte	0
 1944 01ad 00       		.byte	0
 1945 01ae 20       		.uleb128 0x20
 1946 01af 34       		.uleb128 0x34
 1947 01b0 00       		.byte	0
 1948 01b1 03       		.uleb128 0x3
 1949 01b2 08       		.uleb128 0x8
 1950 01b3 3A       		.uleb128 0x3a
 1951 01b4 0B       		.uleb128 0xb
 1952 01b5 3B       		.uleb128 0x3b
 1953 01b6 0B       		.uleb128 0xb
 1954 01b7 49       		.uleb128 0x49
 1955 01b8 13       		.uleb128 0x13
 1956 01b9 02       		.uleb128 0x2
 1957 01ba 0A       		.uleb128 0xa
 1958 01bb 00       		.byte	0
 1959 01bc 00       		.byte	0
 1960 01bd 21       		.uleb128 0x21
 1961 01be 34       		.uleb128 0x34
 1962 01bf 00       		.byte	0
 1963 01c0 03       		.uleb128 0x3
 1964 01c1 0E       		.uleb128 0xe
 1965 01c2 3A       		.uleb128 0x3a
 1966 01c3 0B       		.uleb128 0xb
 1967 01c4 3B       		.uleb128 0x3b
 1968 01c5 0B       		.uleb128 0xb
 1969 01c6 49       		.uleb128 0x49
 1970 01c7 13       		.uleb128 0x13
 1971 01c8 02       		.uleb128 0x2
 1972 01c9 06       		.uleb128 0x6
 1973 01ca 00       		.byte	0
 1974 01cb 00       		.byte	0
 1975 01cc 22       		.uleb128 0x22
 1976 01cd 898201   		.uleb128 0x4109
 1977 01d0 00       		.byte	0
 1978 01d1 11       		.uleb128 0x11
 1979 01d2 01       		.uleb128 0x1
 1980 01d3 9542     		.uleb128 0x2115
 1981 01d5 0C       		.uleb128 0xc
 1982 01d6 31       		.uleb128 0x31
 1983 01d7 13       		.uleb128 0x13
 1984 01d8 00       		.byte	0
 1985 01d9 00       		.byte	0
 1986 01da 23       		.uleb128 0x23
ARM GAS  /tmp/ccvNRwdb.s 			page 36


 1987 01db 34       		.uleb128 0x34
 1988 01dc 00       		.byte	0
 1989 01dd 03       		.uleb128 0x3
 1990 01de 0E       		.uleb128 0xe
 1991 01df 3A       		.uleb128 0x3a
 1992 01e0 0B       		.uleb128 0xb
 1993 01e1 3B       		.uleb128 0x3b
 1994 01e2 0B       		.uleb128 0xb
 1995 01e3 49       		.uleb128 0x49
 1996 01e4 13       		.uleb128 0x13
 1997 01e5 02       		.uleb128 0x2
 1998 01e6 0A       		.uleb128 0xa
 1999 01e7 00       		.byte	0
 2000 01e8 00       		.byte	0
 2001 01e9 24       		.uleb128 0x24
 2002 01ea 2E       		.uleb128 0x2e
 2003 01eb 01       		.byte	0x1
 2004 01ec 3F       		.uleb128 0x3f
 2005 01ed 0C       		.uleb128 0xc
 2006 01ee 03       		.uleb128 0x3
 2007 01ef 0E       		.uleb128 0xe
 2008 01f0 3A       		.uleb128 0x3a
 2009 01f1 0B       		.uleb128 0xb
 2010 01f2 3B       		.uleb128 0x3b
 2011 01f3 0B       		.uleb128 0xb
 2012 01f4 27       		.uleb128 0x27
 2013 01f5 0C       		.uleb128 0xc
 2014 01f6 3C       		.uleb128 0x3c
 2015 01f7 0C       		.uleb128 0xc
 2016 01f8 01       		.uleb128 0x1
 2017 01f9 13       		.uleb128 0x13
 2018 01fa 00       		.byte	0
 2019 01fb 00       		.byte	0
 2020 01fc 25       		.uleb128 0x25
 2021 01fd 2E       		.uleb128 0x2e
 2022 01fe 00       		.byte	0
 2023 01ff 3F       		.uleb128 0x3f
 2024 0200 0C       		.uleb128 0xc
 2025 0201 03       		.uleb128 0x3
 2026 0202 0E       		.uleb128 0xe
 2027 0203 3A       		.uleb128 0x3a
 2028 0204 0B       		.uleb128 0xb
 2029 0205 3B       		.uleb128 0x3b
 2030 0206 0B       		.uleb128 0xb
 2031 0207 27       		.uleb128 0x27
 2032 0208 0C       		.uleb128 0xc
 2033 0209 49       		.uleb128 0x49
 2034 020a 13       		.uleb128 0x13
 2035 020b 3C       		.uleb128 0x3c
 2036 020c 0C       		.uleb128 0xc
 2037 020d 00       		.byte	0
 2038 020e 00       		.byte	0
 2039 020f 00       		.byte	0
 2040              		.section	.debug_loc,"",%progbits
 2041              	.Ldebug_loc0:
 2042              	.LLST0:
 2043 0000 00000000 		.4byte	.LVL1
ARM GAS  /tmp/ccvNRwdb.s 			page 37


 2044 0004 0C000000 		.4byte	.LVL4
 2045 0008 0100     		.2byte	0x1
 2046 000a 50       		.byte	0x50
 2047 000b 0C000000 		.4byte	.LVL4
 2048 000f 13000000 		.4byte	.LVL5-1
 2049 0013 0300     		.2byte	0x3
 2050 0015 70       		.byte	0x70
 2051 0016 70       		.sleb128 -16
 2052 0017 9F       		.byte	0x9f
 2053 0018 13000000 		.4byte	.LVL5-1
 2054 001c 14000000 		.4byte	.LFE8
 2055 0020 0400     		.2byte	0x4
 2056 0022 F3       		.byte	0xf3
 2057 0023 01       		.uleb128 0x1
 2058 0024 50       		.byte	0x50
 2059 0025 9F       		.byte	0x9f
 2060 0026 00000000 		.4byte	0
 2061 002a 00000000 		.4byte	0
 2062              	.LLST1:
 2063 002e 00000000 		.4byte	.LVL1
 2064 0032 13000000 		.4byte	.LVL5-1
 2065 0036 0100     		.2byte	0x1
 2066 0038 51       		.byte	0x51
 2067 0039 13000000 		.4byte	.LVL5-1
 2068 003d 14000000 		.4byte	.LFE8
 2069 0041 0400     		.2byte	0x4
 2070 0043 F3       		.byte	0xf3
 2071 0044 01       		.uleb128 0x1
 2072 0045 51       		.byte	0x51
 2073 0046 9F       		.byte	0x9f
 2074 0047 00000000 		.4byte	0
 2075 004b 00000000 		.4byte	0
 2076              	.LLST2:
 2077 004f 00000000 		.4byte	.LVL1
 2078 0053 0A000000 		.4byte	.LVL3
 2079 0057 0100     		.2byte	0x1
 2080 0059 52       		.byte	0x52
 2081 005a 0A000000 		.4byte	.LVL3
 2082 005e 13000000 		.4byte	.LVL5-1
 2083 0062 0300     		.2byte	0x3
 2084 0064 72       		.byte	0x72
 2085 0065 08       		.sleb128 8
 2086 0066 9F       		.byte	0x9f
 2087 0067 13000000 		.4byte	.LVL5-1
 2088 006b 14000000 		.4byte	.LFE8
 2089 006f 0400     		.2byte	0x4
 2090 0071 F3       		.byte	0xf3
 2091 0072 01       		.uleb128 0x1
 2092 0073 52       		.byte	0x52
 2093 0074 9F       		.byte	0x9f
 2094 0075 00000000 		.4byte	0
 2095 0079 00000000 		.4byte	0
 2096              	.LLST3:
 2097 007d 04000000 		.4byte	.LVL2
 2098 0081 13000000 		.4byte	.LVL5-1
 2099 0085 0100     		.2byte	0x1
 2100 0087 51       		.byte	0x51
ARM GAS  /tmp/ccvNRwdb.s 			page 38


 2101 0088 13000000 		.4byte	.LVL5-1
 2102 008c 14000000 		.4byte	.LFE8
 2103 0090 0400     		.2byte	0x4
 2104 0092 F3       		.byte	0xf3
 2105 0093 01       		.uleb128 0x1
 2106 0094 51       		.byte	0x51
 2107 0095 9F       		.byte	0x9f
 2108 0096 00000000 		.4byte	0
 2109 009a 00000000 		.4byte	0
 2110              	.LLST4:
 2111 009e 00000000 		.4byte	.LFB9
 2112 00a2 02000000 		.4byte	.LCFI0
 2113 00a6 0200     		.2byte	0x2
 2114 00a8 7D       		.byte	0x7d
 2115 00a9 00       		.sleb128 0
 2116 00aa 02000000 		.4byte	.LCFI0
 2117 00ae 88000000 		.4byte	.LFE9
 2118 00b2 0200     		.2byte	0x2
 2119 00b4 7D       		.byte	0x7d
 2120 00b5 18       		.sleb128 24
 2121 00b6 00000000 		.4byte	0
 2122 00ba 00000000 		.4byte	0
 2123              	.LLST5:
 2124 00be 00000000 		.4byte	.LVL6
 2125 00c2 10000000 		.4byte	.LVL8
 2126 00c6 0100     		.2byte	0x1
 2127 00c8 50       		.byte	0x50
 2128 00c9 10000000 		.4byte	.LVL8
 2129 00cd 88000000 		.4byte	.LFE9
 2130 00d1 0400     		.2byte	0x4
 2131 00d3 F3       		.byte	0xf3
 2132 00d4 01       		.uleb128 0x1
 2133 00d5 50       		.byte	0x50
 2134 00d6 9F       		.byte	0x9f
 2135 00d7 00000000 		.4byte	0
 2136 00db 00000000 		.4byte	0
 2137              	.LLST6:
 2138 00df 00000000 		.4byte	.LVL6
 2139 00e3 0C000000 		.4byte	.LVL7
 2140 00e7 0100     		.2byte	0x1
 2141 00e9 51       		.byte	0x51
 2142 00ea 0C000000 		.4byte	.LVL7
 2143 00ee 14000000 		.4byte	.LVL9
 2144 00f2 0300     		.2byte	0x3
 2145 00f4 71       		.byte	0x71
 2146 00f5 79       		.sleb128 -7
 2147 00f6 9F       		.byte	0x9f
 2148 00f7 14000000 		.4byte	.LVL9
 2149 00fb 88000000 		.4byte	.LFE9
 2150 00ff 0100     		.2byte	0x1
 2151 0101 55       		.byte	0x55
 2152 0102 00000000 		.4byte	0
 2153 0106 00000000 		.4byte	0
 2154              	.LLST7:
 2155 010a 18000000 		.4byte	.LVL10
 2156 010e 52000000 		.4byte	.LVL17
 2157 0112 0100     		.2byte	0x1
ARM GAS  /tmp/ccvNRwdb.s 			page 39


 2158 0114 54       		.byte	0x54
 2159 0115 5E000000 		.4byte	.LVL19
 2160 0119 78000000 		.4byte	.LVL22
 2161 011d 0100     		.2byte	0x1
 2162 011f 54       		.byte	0x54
 2163 0120 80000000 		.4byte	.LVL24
 2164 0124 82000000 		.4byte	.LVL25
 2165 0128 0100     		.2byte	0x1
 2166 012a 54       		.byte	0x54
 2167 012b 00000000 		.4byte	0
 2168 012f 00000000 		.4byte	0
 2169              	.LLST8:
 2170 0133 1E000000 		.4byte	.LVL12
 2171 0137 20000000 		.4byte	.LVL13
 2172 013b 0100     		.2byte	0x1
 2173 013d 53       		.byte	0x53
 2174 013e 22000000 		.4byte	.LVL14
 2175 0142 59000000 		.4byte	.LVL18-1
 2176 0146 0100     		.2byte	0x1
 2177 0148 53       		.byte	0x53
 2178 0149 59000000 		.4byte	.LVL18-1
 2179 014d 5A000000 		.4byte	.LVL18
 2180 0151 0300     		.2byte	0x3
 2181 0153 74       		.byte	0x74
 2182 0154 78       		.sleb128 -8
 2183 0155 9F       		.byte	0x9f
 2184 0156 5E000000 		.4byte	.LVL19
 2185 015a 67000000 		.4byte	.LVL20-1
 2186 015e 0100     		.2byte	0x1
 2187 0160 53       		.byte	0x53
 2188 0161 72000000 		.4byte	.LVL21
 2189 0165 7C000000 		.4byte	.LVL23
 2190 0169 0100     		.2byte	0x1
 2191 016b 50       		.byte	0x50
 2192 016c 7C000000 		.4byte	.LVL23
 2193 0170 80000000 		.4byte	.LVL24
 2194 0174 0100     		.2byte	0x1
 2195 0176 54       		.byte	0x54
 2196 0177 00000000 		.4byte	0
 2197 017b 00000000 		.4byte	0
 2198              	.LLST9:
 2199 017f 40000000 		.4byte	.LVL15
 2200 0183 50000000 		.4byte	.LVL16
 2201 0187 0100     		.2byte	0x1
 2202 0189 5E       		.byte	0x5e
 2203 018a 00000000 		.4byte	0
 2204 018e 00000000 		.4byte	0
 2205              	.LLST10:
 2206 0192 00000000 		.4byte	.LFB10
 2207 0196 02000000 		.4byte	.LCFI1
 2208 019a 0200     		.2byte	0x2
 2209 019c 7D       		.byte	0x7d
 2210 019d 00       		.sleb128 0
 2211 019e 02000000 		.4byte	.LCFI1
 2212 01a2 86000000 		.4byte	.LFE10
 2213 01a6 0200     		.2byte	0x2
 2214 01a8 7D       		.byte	0x7d
ARM GAS  /tmp/ccvNRwdb.s 			page 40


 2215 01a9 10       		.sleb128 16
 2216 01aa 00000000 		.4byte	0
 2217 01ae 00000000 		.4byte	0
 2218              	.LLST11:
 2219 01b2 00000000 		.4byte	.LVL26
 2220 01b6 0C000000 		.4byte	.LVL28
 2221 01ba 0100     		.2byte	0x1
 2222 01bc 50       		.byte	0x50
 2223 01bd 0C000000 		.4byte	.LVL28
 2224 01c1 86000000 		.4byte	.LFE10
 2225 01c5 0100     		.2byte	0x1
 2226 01c7 56       		.byte	0x56
 2227 01c8 00000000 		.4byte	0
 2228 01cc 00000000 		.4byte	0
 2229              	.LLST12:
 2230 01d0 10000000 		.4byte	.LVL29
 2231 01d4 18000000 		.4byte	.LVL32
 2232 01d8 0100     		.2byte	0x1
 2233 01da 55       		.byte	0x55
 2234 01db 18000000 		.4byte	.LVL32
 2235 01df 28000000 		.4byte	.LVL33
 2236 01e3 0100     		.2byte	0x1
 2237 01e5 53       		.byte	0x53
 2238 01e6 28000000 		.4byte	.LVL33
 2239 01ea 2C000000 		.4byte	.LVL34
 2240 01ee 0100     		.2byte	0x1
 2241 01f0 52       		.byte	0x52
 2242 01f1 2C000000 		.4byte	.LVL34
 2243 01f5 57000000 		.4byte	.LVL36-1
 2244 01f9 0100     		.2byte	0x1
 2245 01fb 53       		.byte	0x53
 2246 01fc 58000000 		.4byte	.LVL36
 2247 0200 86000000 		.4byte	.LFE10
 2248 0204 0100     		.2byte	0x1
 2249 0206 53       		.byte	0x53
 2250 0207 00000000 		.4byte	0
 2251 020b 00000000 		.4byte	0
 2252              	.LLST13:
 2253 020f 0C000000 		.4byte	.LVL28
 2254 0213 12000000 		.4byte	.LVL30
 2255 0217 0100     		.2byte	0x1
 2256 0219 50       		.byte	0x50
 2257 021a 12000000 		.4byte	.LVL30
 2258 021e 15000000 		.4byte	.LVL31-1
 2259 0222 0200     		.2byte	0x2
 2260 0224 74       		.byte	0x74
 2261 0225 00       		.sleb128 0
 2262 0226 15000000 		.4byte	.LVL31-1
 2263 022a 3E000000 		.4byte	.LVL35
 2264 022e 0300     		.2byte	0x3
 2265 0230 75       		.byte	0x75
 2266 0231 78       		.sleb128 -8
 2267 0232 9F       		.byte	0x9f
 2268 0233 00000000 		.4byte	0
 2269 0237 00000000 		.4byte	0
 2270              	.LLST14:
 2271 023b 00000000 		.4byte	.LFB11
ARM GAS  /tmp/ccvNRwdb.s 			page 41


 2272 023f 02000000 		.4byte	.LCFI2
 2273 0243 0200     		.2byte	0x2
 2274 0245 7D       		.byte	0x7d
 2275 0246 00       		.sleb128 0
 2276 0247 02000000 		.4byte	.LCFI2
 2277 024b 40000000 		.4byte	.LFE11
 2278 024f 0200     		.2byte	0x2
 2279 0251 7D       		.byte	0x7d
 2280 0252 10       		.sleb128 16
 2281 0253 00000000 		.4byte	0
 2282 0257 00000000 		.4byte	0
 2283              	.LLST15:
 2284 025b 00000000 		.4byte	.LVL37
 2285 025f 0E000000 		.4byte	.LVL38
 2286 0263 0100     		.2byte	0x1
 2287 0265 50       		.byte	0x50
 2288 0266 0E000000 		.4byte	.LVL38
 2289 026a 40000000 		.4byte	.LFE11
 2290 026e 0400     		.2byte	0x4
 2291 0270 F3       		.byte	0xf3
 2292 0271 01       		.uleb128 0x1
 2293 0272 50       		.byte	0x50
 2294 0273 9F       		.byte	0x9f
 2295 0274 00000000 		.4byte	0
 2296 0278 00000000 		.4byte	0
 2297              	.LLST16:
 2298 027c 00000000 		.4byte	.LVL37
 2299 0280 13000000 		.4byte	.LVL39-1
 2300 0284 0100     		.2byte	0x1
 2301 0286 51       		.byte	0x51
 2302 0287 13000000 		.4byte	.LVL39-1
 2303 028b 40000000 		.4byte	.LFE11
 2304 028f 0100     		.2byte	0x1
 2305 0291 55       		.byte	0x55
 2306 0292 00000000 		.4byte	0
 2307 0296 00000000 		.4byte	0
 2308              	.LLST17:
 2309 029a 14000000 		.4byte	.LVL39
 2310 029e 1C000000 		.4byte	.LVL40
 2311 02a2 0600     		.2byte	0x6
 2312 02a4 F3       		.byte	0xf3
 2313 02a5 01       		.uleb128 0x1
 2314 02a6 50       		.byte	0x50
 2315 02a7 23       		.byte	0x23
 2316 02a8 08       		.uleb128 0x8
 2317 02a9 9F       		.byte	0x9f
 2318 02aa 34000000 		.4byte	.LVL45
 2319 02ae 40000000 		.4byte	.LFE11
 2320 02b2 0600     		.2byte	0x6
 2321 02b4 F3       		.byte	0xf3
 2322 02b5 01       		.uleb128 0x1
 2323 02b6 50       		.byte	0x50
 2324 02b7 23       		.byte	0x23
 2325 02b8 08       		.uleb128 0x8
 2326 02b9 9F       		.byte	0x9f
 2327 02ba 00000000 		.4byte	0
 2328 02be 00000000 		.4byte	0
ARM GAS  /tmp/ccvNRwdb.s 			page 42


 2329              	.LLST18:
 2330 02c2 14000000 		.4byte	.LVL39
 2331 02c6 1C000000 		.4byte	.LVL40
 2332 02ca 0200     		.2byte	0x2
 2333 02cc 30       		.byte	0x30
 2334 02cd 9F       		.byte	0x9f
 2335 02ce 24000000 		.4byte	.LVL42
 2336 02d2 28000000 		.4byte	.LVL43
 2337 02d6 0100     		.2byte	0x1
 2338 02d8 54       		.byte	0x54
 2339 02d9 34000000 		.4byte	.LVL45
 2340 02dd 40000000 		.4byte	.LFE11
 2341 02e1 0200     		.2byte	0x2
 2342 02e3 30       		.byte	0x30
 2343 02e4 9F       		.byte	0x9f
 2344 02e5 00000000 		.4byte	0
 2345 02e9 00000000 		.4byte	0
 2346              	.LLST19:
 2347 02ed 14000000 		.4byte	.LVL39
 2348 02f1 1C000000 		.4byte	.LVL40
 2349 02f5 0200     		.2byte	0x2
 2350 02f7 30       		.byte	0x30
 2351 02f8 9F       		.byte	0x9f
 2352 02f9 22000000 		.4byte	.LVL41
 2353 02fd 28000000 		.4byte	.LVL43
 2354 0301 0100     		.2byte	0x1
 2355 0303 52       		.byte	0x52
 2356 0304 34000000 		.4byte	.LVL45
 2357 0308 40000000 		.4byte	.LFE11
 2358 030c 0200     		.2byte	0x2
 2359 030e 30       		.byte	0x30
 2360 030f 9F       		.byte	0x9f
 2361 0310 00000000 		.4byte	0
 2362 0314 00000000 		.4byte	0
 2363              		.section	.debug_aranges,"",%progbits
 2364 0000 3C000000 		.4byte	0x3c
 2365 0004 0200     		.2byte	0x2
 2366 0006 00000000 		.4byte	.Ldebug_info0
 2367 000a 04       		.byte	0x4
 2368 000b 00       		.byte	0
 2369 000c 0000     		.2byte	0
 2370 000e 0000     		.2byte	0
 2371 0010 00000000 		.4byte	.LFB7
 2372 0014 20000000 		.4byte	.LFE7-.LFB7
 2373 0018 00000000 		.4byte	.LFB8
 2374 001c 14000000 		.4byte	.LFE8-.LFB8
 2375 0020 00000000 		.4byte	.LFB9
 2376 0024 88000000 		.4byte	.LFE9-.LFB9
 2377 0028 00000000 		.4byte	.LFB10
 2378 002c 86000000 		.4byte	.LFE10-.LFB10
 2379 0030 00000000 		.4byte	.LFB11
 2380 0034 40000000 		.4byte	.LFE11-.LFB11
 2381 0038 00000000 		.4byte	0
 2382 003c 00000000 		.4byte	0
 2383              		.section	.debug_ranges,"",%progbits
 2384              	.Ldebug_ranges0:
 2385 0000 00000000 		.4byte	.LFB7
ARM GAS  /tmp/ccvNRwdb.s 			page 43


 2386 0004 20000000 		.4byte	.LFE7
 2387 0008 00000000 		.4byte	.LFB8
 2388 000c 14000000 		.4byte	.LFE8
 2389 0010 00000000 		.4byte	.LFB9
 2390 0014 88000000 		.4byte	.LFE9
 2391 0018 00000000 		.4byte	.LFB10
 2392 001c 86000000 		.4byte	.LFE10
 2393 0020 00000000 		.4byte	.LFB11
 2394 0024 40000000 		.4byte	.LFE11
 2395 0028 00000000 		.4byte	0
 2396 002c 00000000 		.4byte	0
 2397              		.section	.debug_line,"",%progbits
 2398              	.Ldebug_line0:
 2399 0000 3D020000 		.section	.debug_str,"MS",%progbits,1
 2399      02005601 
 2399      00000201 
 2399      FB0E0D00 
 2399      01010101 
 2400              	.LASF38:
 2401 0000 705F6D73 		.ascii	"p_msg\000"
 2401      6700
 2402              	.LASF2:
 2403 0006 73697A65 		.ascii	"size_t\000"
 2403      5F7400
 2404              	.LASF64:
 2405 000d 7264796D 		.ascii	"rdymsg\000"
 2405      736700
 2406              	.LASF12:
 2407 0014 75696E74 		.ascii	"uint64_t\000"
 2407      36345F74 
 2407      00
 2408              	.LASF54:
 2409 001d 6D656D67 		.ascii	"memgetfunc_t\000"
 2409      65746675 
 2409      6E635F74 
 2409      00
 2410              	.LASF13:
 2411 002a 6C6F6E67 		.ascii	"long long unsigned int\000"
 2411      206C6F6E 
 2411      6720756E 
 2411      7369676E 
 2411      65642069 
 2412              	.LASF58:
 2413 0041 685F6672 		.ascii	"h_free\000"
 2413      656500
 2414              	.LASF71:
 2415 0048 68656170 		.ascii	"heapp\000"
 2415      7000
 2416              	.LASF83:
 2417 004e 63684D74 		.ascii	"chMtxUnlock\000"
 2417      78556E6C 
 2417      6F636B00 
 2418              	.LASF70:
 2419 005a 63684865 		.ascii	"chHeapInit\000"
 2419      6170496E 
 2419      697400
 2420              	.LASF60:
ARM GAS  /tmp/ccvNRwdb.s 			page 44


 2421 0065 6E657874 		.ascii	"next\000"
 2421      00
 2422              	.LASF26:
 2423 006a 705F7072 		.ascii	"p_prio\000"
 2423      696F00
 2424              	.LASF11:
 2425 0071 6C6F6E67 		.ascii	"long long int\000"
 2425      206C6F6E 
 2425      6720696E 
 2425      7400
 2426              	.LASF1:
 2427 007f 7369676E 		.ascii	"signed char\000"
 2427      65642063 
 2427      68617200 
 2428              	.LASF59:
 2429 008b 685F6D74 		.ascii	"h_mtx\000"
 2429      7800
 2430              	.LASF42:
 2431 0091 705F6D70 		.ascii	"p_mpool\000"
 2431      6F6F6C00 
 2432              	.LASF51:
 2433 0099 6D5F7175 		.ascii	"m_queue\000"
 2433      65756500 
 2434              	.LASF72:
 2435 00a1 63684865 		.ascii	"chHeapFree\000"
 2435      61704672 
 2435      656500
 2436              	.LASF18:
 2437 00ac 74736C69 		.ascii	"tslices_t\000"
 2437      6365735F 
 2437      7400
 2438              	.LASF8:
 2439 00b6 6C6F6E67 		.ascii	"long int\000"
 2439      20696E74 
 2439      00
 2440              	.LASF80:
 2441 00bf 2E2E2F2E 		.ascii	"../../os/kernel/src/chheap.c\000"
 2441      2E2F6F73 
 2441      2F6B6572 
 2441      6E656C2F 
 2441      7372632F 
 2442              	.LASF16:
 2443 00dc 74737461 		.ascii	"tstate_t\000"
 2443      74655F74 
 2443      00
 2444              	.LASF28:
 2445 00e5 705F6E65 		.ascii	"p_newer\000"
 2445      77657200 
 2446              	.LASF65:
 2447 00ed 65786974 		.ascii	"exitcode\000"
 2447      636F6465 
 2447      00
 2448              	.LASF45:
 2449 00f6 72656761 		.ascii	"regarm_t\000"
 2449      726D5F74 
 2449      00
 2450              	.LASF81:
ARM GAS  /tmp/ccvNRwdb.s 			page 45


 2451 00ff 2F686F6D 		.ascii	"/home/witold/Dokumenty/arm/ChibiOS-master/demos/not"
 2451      652F7769 
 2451      746F6C64 
 2451      2F446F6B 
 2451      756D656E 
 2452 0132 65706164 		.ascii	"epad-2\000"
 2452      2D3200
 2453              	.LASF62:
 2454 0139 616C6967 		.ascii	"align\000"
 2454      6E00
 2455              	.LASF0:
 2456 013f 756E7369 		.ascii	"unsigned int\000"
 2456      676E6564 
 2456      20696E74 
 2456      00
 2457              	.LASF10:
 2458 014c 6C6F6E67 		.ascii	"long unsigned int\000"
 2458      20756E73 
 2458      69676E65 
 2458      6420696E 
 2458      7400
 2459              	.LASF48:
 2460 015e 636F6E74 		.ascii	"context\000"
 2460      65787400 
 2461              	.LASF63:
 2462 0166 73697A65 		.ascii	"size\000"
 2462      00
 2463              	.LASF6:
 2464 016b 73686F72 		.ascii	"short unsigned int\000"
 2464      7420756E 
 2464      7369676E 
 2464      65642069 
 2464      6E7400
 2465              	.LASF20:
 2466 017e 6D73675F 		.ascii	"msg_t\000"
 2466      7400
 2467              	.LASF15:
 2468 0184 746D6F64 		.ascii	"tmode_t\000"
 2468      655F7400 
 2469              	.LASF44:
 2470 018c 54687265 		.ascii	"ThreadsList\000"
 2470      6164734C 
 2470      69737400 
 2471              	.LASF21:
 2472 0198 6576656E 		.ascii	"eventmask_t\000"
 2472      746D6173 
 2472      6B5F7400 
 2473              	.LASF50:
 2474 01a4 4D757465 		.ascii	"Mutex\000"
 2474      7800
 2475              	.LASF79:
 2476 01aa 474E5520 		.ascii	"GNU C 4.7.4 20130613 (release) [ARM/embedded-4_7-br"
 2476      4320342E 
 2476      372E3420 
 2476      32303133 
 2476      30363133 
 2477 01dd 616E6368 		.ascii	"anch revision 200083]\000"
ARM GAS  /tmp/ccvNRwdb.s 			page 46


 2477      20726576 
 2477      6973696F 
 2477      6E203230 
 2477      30303833 
 2478              	.LASF46:
 2479 01f3 73746B61 		.ascii	"stkalign_t\000"
 2479      6C69676E 
 2479      5F7400
 2480              	.LASF49:
 2481 01fe 73697A65 		.ascii	"sizetype\000"
 2481      74797065 
 2481      00
 2482              	.LASF78:
 2483 0207 63684D74 		.ascii	"chMtxLock\000"
 2483      784C6F63 
 2483      6B00
 2484              	.LASF29:
 2485 0211 705F6F6C 		.ascii	"p_older\000"
 2485      64657200 
 2486              	.LASF43:
 2487 0219 54687265 		.ascii	"ThreadsQueue\000"
 2487      61647351 
 2487      75657565 
 2487      00
 2488              	.LASF55:
 2489 0226 4D656D6F 		.ascii	"MemoryHeap\000"
 2489      72794865 
 2489      617000
 2490              	.LASF17:
 2491 0231 74726566 		.ascii	"trefs_t\000"
 2491      735F7400 
 2492              	.LASF25:
 2493 0239 705F7072 		.ascii	"p_prev\000"
 2493      657600
 2494              	.LASF19:
 2495 0240 74707269 		.ascii	"tprio_t\000"
 2495      6F5F7400 
 2496              	.LASF14:
 2497 0248 5F426F6F 		.ascii	"_Bool\000"
 2497      6C00
 2498              	.LASF7:
 2499 024e 696E7433 		.ascii	"int32_t\000"
 2499      325F7400 
 2500              	.LASF4:
 2501 0256 756E7369 		.ascii	"unsigned char\000"
 2501      676E6564 
 2501      20636861 
 2501      7200
 2502              	.LASF57:
 2503 0264 685F7072 		.ascii	"h_provider\000"
 2503      6F766964 
 2503      657200
 2504              	.LASF40:
 2505 026f 705F6D74 		.ascii	"p_mtxlist\000"
 2505      786C6973 
 2505      7400
 2506              	.LASF5:
ARM GAS  /tmp/ccvNRwdb.s 			page 47


 2507 0279 73686F72 		.ascii	"short int\000"
 2507      7420696E 
 2507      7400
 2508              	.LASF31:
 2509 0283 705F7374 		.ascii	"p_state\000"
 2509      61746500 
 2510              	.LASF34:
 2511 028b 705F7072 		.ascii	"p_preempt\000"
 2511      65656D70 
 2511      7400
 2512              	.LASF82:
 2513 0295 68656170 		.ascii	"heap_header\000"
 2513      5F686561 
 2513      64657200 
 2514              	.LASF67:
 2515 02a1 65776D61 		.ascii	"ewmask\000"
 2515      736B00
 2516              	.LASF24:
 2517 02a8 705F6E65 		.ascii	"p_next\000"
 2517      787400
 2518              	.LASF32:
 2519 02af 705F666C 		.ascii	"p_flags\000"
 2519      61677300 
 2520              	.LASF23:
 2521 02b7 54687265 		.ascii	"Thread\000"
 2521      616400
 2522              	.LASF73:
 2523 02be 63684865 		.ascii	"chHeapAlloc\000"
 2523      6170416C 
 2523      6C6F6300 
 2524              	.LASF39:
 2525 02ca 705F6570 		.ascii	"p_epending\000"
 2525      656E6469 
 2525      6E6700
 2526              	.LASF9:
 2527 02d5 75696E74 		.ascii	"uint32_t\000"
 2527      33325F74 
 2527      00
 2528              	.LASF61:
 2529 02de 68656170 		.ascii	"heap\000"
 2529      00
 2530              	.LASF76:
 2531 02e3 64656661 		.ascii	"default_heap\000"
 2531      756C745F 
 2531      68656170 
 2531      00
 2532              	.LASF68:
 2533 02f0 63686172 		.ascii	"char\000"
 2533      00
 2534              	.LASF74:
 2535 02f5 63684865 		.ascii	"chHeapStatus\000"
 2535      61705374 
 2535      61747573 
 2535      00
 2536              	.LASF53:
 2537 0302 6D5F6E65 		.ascii	"m_next\000"
 2537      787400
ARM GAS  /tmp/ccvNRwdb.s 			page 48


 2538              	.LASF22:
 2539 0309 73797374 		.ascii	"systime_t\000"
 2539      696D655F 
 2539      7400
 2540              	.LASF41:
 2541 0313 705F7265 		.ascii	"p_realprio\000"
 2541      616C7072 
 2541      696F00
 2542              	.LASF35:
 2543 031e 705F7469 		.ascii	"p_time\000"
 2543      6D6500
 2544              	.LASF47:
 2545 0325 696E7463 		.ascii	"intctx\000"
 2545      747800
 2546              	.LASF37:
 2547 032c 705F6D73 		.ascii	"p_msgqueue\000"
 2547      67717565 
 2547      756500
 2548              	.LASF77:
 2549 0337 63684D74 		.ascii	"chMtxInit\000"
 2549      78496E69 
 2549      7400
 2550              	.LASF33:
 2551 0341 705F7265 		.ascii	"p_refs\000"
 2551      667300
 2552              	.LASF3:
 2553 0348 75696E74 		.ascii	"uint8_t\000"
 2553      385F7400 
 2554              	.LASF66:
 2555 0350 77746F62 		.ascii	"wtobjp\000"
 2555      6A7000
 2556              	.LASF75:
 2557 0357 73697A65 		.ascii	"sizep\000"
 2557      7000
 2558              	.LASF30:
 2559 035d 705F6E61 		.ascii	"p_name\000"
 2559      6D6500
 2560              	.LASF69:
 2561 0364 5F686561 		.ascii	"_heap_init\000"
 2561      705F696E 
 2561      697400
 2562              	.LASF52:
 2563 036f 6D5F6F77 		.ascii	"m_owner\000"
 2563      6E657200 
 2564              	.LASF27:
 2565 0377 705F6374 		.ascii	"p_ctx\000"
 2565      7800
 2566              	.LASF36:
 2567 037d 705F7761 		.ascii	"p_waiting\000"
 2567      6974696E 
 2567      6700
 2568              	.LASF56:
 2569 0387 6D656D6F 		.ascii	"memory_heap\000"
 2569      72795F68 
 2569      65617000 
 2570              		.ident	"GCC: (GNU Tools for ARM Embedded Processors) 4.7.4 20130613 (release) [ARM/embedded-4_7-br
ARM GAS  /tmp/ccvNRwdb.s 			page 49


DEFINED SYMBOLS
                            *ABS*:00000000 chheap.c
     /tmp/ccvNRwdb.s:21     .text._heap_init:00000000 $t
     /tmp/ccvNRwdb.s:27     .text._heap_init:00000000 _heap_init
     /tmp/ccvNRwdb.s:438    .bss.default_heap:00000000 .LANCHOR0
     /tmp/ccvNRwdb.s:59     .text.chHeapInit:00000000 $t
     /tmp/ccvNRwdb.s:65     .text.chHeapInit:00000000 chHeapInit
     /tmp/ccvNRwdb.s:99     .text.chHeapAlloc:00000000 $t
     /tmp/ccvNRwdb.s:105    .text.chHeapAlloc:00000000 chHeapAlloc
     /tmp/ccvNRwdb.s:232    .text.chHeapAlloc:00000084 $d
     /tmp/ccvNRwdb.s:237    .text.chHeapFree:00000000 $t
     /tmp/ccvNRwdb.s:243    .text.chHeapFree:00000000 chHeapFree
     /tmp/ccvNRwdb.s:357    .text.chHeapStatus:00000000 $t
     /tmp/ccvNRwdb.s:363    .text.chHeapStatus:00000000 chHeapStatus
     /tmp/ccvNRwdb.s:432    .text.chHeapStatus:0000003c $d
     /tmp/ccvNRwdb.s:437    .bss.default_heap:00000000 $d
     /tmp/ccvNRwdb.s:441    .bss.default_heap:00000000 default_heap
                     .debug_frame:00000010 $d
     /tmp/ccvNRwdb.s:236    .text.chHeapAlloc:00000088 $t

UNDEFINED SYMBOLS
chCoreAlloc
chMtxInit
chMtxLock
chMtxUnlock
