ARM GAS  /tmp/cc2Lwq4u.s 			page 1


   1              		.syntax unified
   2              		.cpu cortex-m4
   3              		.fpu softvfp
   4              		.eabi_attribute 20, 1
   5              		.eabi_attribute 21, 1
   6              		.eabi_attribute 23, 3
   7              		.eabi_attribute 24, 1
   8              		.eabi_attribute 25, 1
   9              		.eabi_attribute 26, 1
  10              		.eabi_attribute 30, 2
  11              		.eabi_attribute 34, 1
  12              		.eabi_attribute 18, 4
  13              		.thumb
  14              		.file	"chmsg.c"
  15              		.text
  16              	.Ltext0:
  17              		.cfi_sections	.debug_frame
  18              		.section	.text.chMsgSend,"ax",%progbits
  19              		.align	2
  20              		.p2align 4,,15
  21              		.global	chMsgSend
  22              		.thumb
  23              		.thumb_func
  24              		.type	chMsgSend, %function
  25              	chMsgSend:
  26              	.LFB7:
  27              		.file 1 "../../os/kernel/src/chmsg.c"
  28              		.loc 1 68 0
  29              		.cfi_startproc
  30              		@ args = 0, pretend = 0, frame = 0
  31              		@ frame_needed = 0, uses_anonymous_args = 0
  32              	.LVL0:
  33              		.loc 1 69 0
  34 0000 0E4B     		ldr	r3, .L5
  35              		.loc 1 68 0
  36 0002 70B5     		push	{r4, r5, r6, lr}
  37              	.LCFI0:
  38              		.cfi_def_cfa_offset 16
  39              		.cfi_offset 4, -16
  40              		.cfi_offset 5, -12
  41              		.cfi_offset 6, -8
  42              		.cfi_offset 14, -4
  43              		.loc 1 69 0
  44 0004 9C69     		ldr	r4, [r3, #24]
  45              	.LVL1:
  46              	.LBB10:
  47              		.loc 1 73 0
  48 0006 2023     		movs	r3, #32
  49              	.LVL2:
  50              	@ 73 "../../os/kernel/src/chmsg.c" 1
  51 0008 83F31188 		msr     BASEPRI, r3
  52              	@ 0 "" 2
  53              	.LVL3:
  54              		.thumb
  55              	.LBE10:
  56              		.loc 1 75 0
  57 000c 00F12C05 		add	r5, r0, #44
ARM GAS  /tmp/cc2Lwq4u.s 			page 2


  58 0010 6562     		str	r5, [r4, #36]
  59              	.LVL4:
  60              		.loc 1 77 0
  61 0012 067F     		ldrb	r6, [r0, #28]	@ zero_extendqisi2
  62              	.LBB11:
  63              	.LBB12:
  64              		.file 2 "../../os/kernel/include/chinline.h"
  65              		.loc 2 48 0
  66 0014 036B     		ldr	r3, [r0, #48]
  67              	.LVL5:
  68              		.loc 2 47 0
  69 0016 2560     		str	r5, [r4, #0]
  70              	.LBE12:
  71              	.LBE11:
  72              		.loc 1 77 0
  73 0018 0C2E     		cmp	r6, #12
  74              		.loc 1 74 0
  75 001a 6163     		str	r1, [r4, #52]
  76              	.LBB14:
  77              	.LBB13:
  78              		.loc 2 48 0
  79 001c 6360     		str	r3, [r4, #4]
  80              		.loc 2 49 0
  81 001e 0463     		str	r4, [r0, #48]
  82 0020 1C60     		str	r4, [r3, #0]
  83              	.LBE13:
  84              	.LBE14:
  85              		.loc 1 77 0
  86 0022 07D0     		beq	.L4
  87              	.LVL6:
  88              	.L2:
  89              		.loc 1 79 0
  90 0024 0A20     		movs	r0, #10
  91 0026 FFF7FEFF 		bl	chSchGoSleepS
  92              	.LVL7:
  93              		.loc 1 80 0
  94 002a 606A     		ldr	r0, [r4, #36]
  95              	.LVL8:
  96              	.LBB15:
  97              		.loc 1 81 0
  98 002c 0023     		movs	r3, #0
  99              	.LVL9:
 100              	@ 81 "../../os/kernel/src/chmsg.c" 1
 101 002e 83F31188 		msr     BASEPRI, r3
 102              	@ 0 "" 2
 103              	.LVL10:
 104              		.thumb
 105              	.LBE15:
 106              		.loc 1 83 0
 107 0032 70BD     		pop	{r4, r5, r6, pc}
 108              	.LVL11:
 109              	.L4:
 110              		.loc 1 78 0
 111 0034 FFF7FEFF 		bl	chSchReadyI
 112              	.LVL12:
 113 0038 F4E7     		b	.L2
 114              	.L6:
ARM GAS  /tmp/cc2Lwq4u.s 			page 3


 115 003a 00BF     		.align	2
 116              	.L5:
 117 003c 00000000 		.word	rlist
 118              		.cfi_endproc
 119              	.LFE7:
 120              		.size	chMsgSend, .-chMsgSend
 121              		.section	.text.chMsgWait,"ax",%progbits
 122              		.align	2
 123              		.p2align 4,,15
 124              		.global	chMsgWait
 125              		.thumb
 126              		.thumb_func
 127              		.type	chMsgWait, %function
 128              	chMsgWait:
 129              	.LFB8:
 130              		.loc 1 99 0
 131              		.cfi_startproc
 132              		@ args = 0, pretend = 0, frame = 0
 133              		@ frame_needed = 0, uses_anonymous_args = 0
 134 0000 10B5     		push	{r4, lr}
 135              	.LCFI1:
 136              		.cfi_def_cfa_offset 8
 137              		.cfi_offset 4, -8
 138              		.cfi_offset 14, -4
 139              	.LBB16:
 140              		.loc 1 102 0
 141 0002 2023     		movs	r3, #32
 142              	.LVL13:
 143              	@ 102 "../../os/kernel/src/chmsg.c" 1
 144 0004 83F31188 		msr     BASEPRI, r3
 145              	@ 0 "" 2
 146              	.LVL14:
 147              		.thumb
 148              	.LBE16:
 149              		.loc 1 103 0
 150 0008 0B4C     		ldr	r4, .L10
 151 000a A369     		ldr	r3, [r4, #24]
 152              	.LVL15:
 153 000c 1A46     		mov	r2, r3
 154 000e 52F82C0F 		ldr	r0, [r2, #44]!
 155 0012 9042     		cmp	r0, r2
 156 0014 08D0     		beq	.L9
 157              	.L8:
 158              	.LVL16:
 159              	.LBB17:
 160              	.LBB18:
 161              		.loc 2 55 0
 162 0016 0168     		ldr	r1, [r0, #0]
 163 0018 D962     		str	r1, [r3, #44]
 164 001a 4A60     		str	r2, [r1, #4]
 165              	.LBE18:
 166              	.LBE17:
 167              		.loc 1 106 0
 168 001c 0B22     		movs	r2, #11
 169              	.LBB19:
 170              		.loc 1 107 0
 171 001e 0023     		movs	r3, #0
ARM GAS  /tmp/cc2Lwq4u.s 			page 4


 172              	.LVL17:
 173              	.LBE19:
 174              		.loc 1 106 0
 175 0020 0277     		strb	r2, [r0, #28]
 176              	.LBB20:
 177              		.loc 1 107 0
 178              	@ 107 "../../os/kernel/src/chmsg.c" 1
 179 0022 83F31188 		msr     BASEPRI, r3
 180              	@ 0 "" 2
 181              	.LVL18:
 182              		.thumb
 183              	.LBE20:
 184              		.loc 1 109 0
 185 0026 10BD     		pop	{r4, pc}
 186              	.LVL19:
 187              	.L9:
 188              		.loc 1 104 0
 189 0028 0C20     		movs	r0, #12
 190 002a FFF7FEFF 		bl	chSchGoSleepS
 191              	.LVL20:
 192 002e A369     		ldr	r3, [r4, #24]
 193 0030 1A46     		mov	r2, r3
 194 0032 52F82C0F 		ldr	r0, [r2, #44]!
 195 0036 EEE7     		b	.L8
 196              	.L11:
 197              		.align	2
 198              	.L10:
 199 0038 00000000 		.word	rlist
 200              		.cfi_endproc
 201              	.LFE8:
 202              		.size	chMsgWait, .-chMsgWait
 203 003c AFF30080 		.section	.text.chMsgRelease,"ax",%progbits
 204              		.align	2
 205              		.p2align 4,,15
 206              		.global	chMsgRelease
 207              		.thumb
 208              		.thumb_func
 209              		.type	chMsgRelease, %function
 210              	chMsgRelease:
 211              	.LFB9:
 212              		.loc 1 121 0
 213              		.cfi_startproc
 214              		@ args = 0, pretend = 0, frame = 0
 215              		@ frame_needed = 0, uses_anonymous_args = 0
 216              	.LVL21:
 217 0000 08B5     		push	{r3, lr}
 218              	.LCFI2:
 219              		.cfi_def_cfa_offset 8
 220              		.cfi_offset 3, -8
 221              		.cfi_offset 14, -4
 222              	.LBB21:
 223              		.loc 1 123 0
 224 0002 2023     		movs	r3, #32
 225              	.LVL22:
 226              	@ 123 "../../os/kernel/src/chmsg.c" 1
 227 0004 83F31188 		msr     BASEPRI, r3
 228              	@ 0 "" 2
ARM GAS  /tmp/cc2Lwq4u.s 			page 5


 229              	.LVL23:
 230              		.thumb
 231              	.LBE21:
 232              		.loc 1 126 0
 233 0008 FFF7FEFF 		bl	chSchWakeupS
 234              	.LVL24:
 235              	.LBB22:
 236              		.loc 1 127 0
 237 000c 0023     		movs	r3, #0
 238              	.LVL25:
 239              	@ 127 "../../os/kernel/src/chmsg.c" 1
 240 000e 83F31188 		msr     BASEPRI, r3
 241              	@ 0 "" 2
 242              	.LVL26:
 243              		.thumb
 244 0012 08BD     		pop	{r3, pc}
 245              	.LBE22:
 246              		.cfi_endproc
 247              	.LFE9:
 248              		.size	chMsgRelease, .-chMsgRelease
 249 0014 AFF30080 		.text
 249      AFF30080 
 249      AFF30080 
 250              	.Letext0:
 251              		.file 3 "/usr/bin/../lib/gcc/arm-none-eabi/4.7.4/../../../../arm-none-eabi/include/stdint.h"
 252              		.file 4 "../../os/ports/GCC/ARMCMx/chtypes.h"
 253              		.file 5 "../../os/kernel/include/chlists.h"
 254              		.file 6 "../../os/kernel/include/chthreads.h"
 255              		.file 7 "../../os/ports/GCC/ARMCMx/chcore_v7m.h"
 256              		.file 8 "../../os/kernel/include/chschd.h"
 257              		.file 9 "../../os/kernel/include/chmtx.h"
 258              		.section	.debug_info,"",%progbits
 259              	.Ldebug_info0:
 260 0000 C2060000 		.4byte	0x6c2
 261 0004 0200     		.2byte	0x2
 262 0006 00000000 		.4byte	.Ldebug_abbrev0
 263 000a 04       		.byte	0x4
 264 000b 01       		.uleb128 0x1
 265 000c 10010000 		.4byte	.LASF65
 266 0010 01       		.byte	0x1
 267 0011 1F030000 		.4byte	.LASF66
 268 0015 7C020000 		.4byte	.LASF67
 269 0019 30000000 		.4byte	.Ldebug_ranges0+0x30
 270 001d 00000000 		.4byte	0
 271 0021 00000000 		.4byte	0
 272 0025 00000000 		.4byte	.Ldebug_line0
 273 0029 02       		.uleb128 0x2
 274 002a 04       		.byte	0x4
 275 002b 05       		.byte	0x5
 276 002c 696E7400 		.ascii	"int\000"
 277 0030 03       		.uleb128 0x3
 278 0031 04       		.byte	0x4
 279 0032 07       		.byte	0x7
 280 0033 AA000000 		.4byte	.LASF0
 281 0037 03       		.uleb128 0x3
 282 0038 01       		.byte	0x1
 283 0039 06       		.byte	0x6
ARM GAS  /tmp/cc2Lwq4u.s 			page 6


 284 003a 4F000000 		.4byte	.LASF1
 285 003e 04       		.uleb128 0x4
 286 003f 09030000 		.4byte	.LASF5
 287 0043 03       		.byte	0x3
 288 0044 2A       		.byte	0x2a
 289 0045 49000000 		.4byte	0x49
 290 0049 03       		.uleb128 0x3
 291 004a 01       		.byte	0x1
 292 004b 08       		.byte	0x8
 293 004c B4010000 		.4byte	.LASF2
 294 0050 03       		.uleb128 0x3
 295 0051 02       		.byte	0x2
 296 0052 05       		.byte	0x5
 297 0053 CC010000 		.4byte	.LASF3
 298 0057 03       		.uleb128 0x3
 299 0058 02       		.byte	0x2
 300 0059 07       		.byte	0x7
 301 005a D1000000 		.4byte	.LASF4
 302 005e 04       		.uleb128 0x4
 303 005f AC010000 		.4byte	.LASF6
 304 0063 03       		.byte	0x3
 305 0064 4F       		.byte	0x4f
 306 0065 69000000 		.4byte	0x69
 307 0069 03       		.uleb128 0x3
 308 006a 04       		.byte	0x4
 309 006b 05       		.byte	0x5
 310 006c 75000000 		.4byte	.LASF7
 311 0070 04       		.uleb128 0x4
 312 0071 32020000 		.4byte	.LASF8
 313 0075 03       		.byte	0x3
 314 0076 50       		.byte	0x50
 315 0077 7B000000 		.4byte	0x7b
 316 007b 03       		.uleb128 0x3
 317 007c 04       		.byte	0x4
 318 007d 07       		.byte	0x7
 319 007e B7000000 		.4byte	.LASF9
 320 0082 03       		.uleb128 0x3
 321 0083 08       		.byte	0x8
 322 0084 05       		.byte	0x5
 323 0085 41000000 		.4byte	.LASF10
 324 0089 03       		.uleb128 0x3
 325 008a 08       		.byte	0x8
 326 008b 07       		.byte	0x7
 327 008c 1A000000 		.4byte	.LASF11
 328 0090 03       		.uleb128 0x3
 329 0091 01       		.byte	0x1
 330 0092 02       		.byte	0x2
 331 0093 A6010000 		.4byte	.LASF12
 332 0097 04       		.uleb128 0x4
 333 0098 EA000000 		.4byte	.LASF13
 334 009c 04       		.byte	0x4
 335 009d 25       		.byte	0x25
 336 009e 3E000000 		.4byte	0x3e
 337 00a2 04       		.uleb128 0x4
 338 00a3 88000000 		.4byte	.LASF14
 339 00a7 04       		.byte	0x4
 340 00a8 26       		.byte	0x26
ARM GAS  /tmp/cc2Lwq4u.s 			page 7


 341 00a9 3E000000 		.4byte	0x3e
 342 00ad 04       		.uleb128 0x4
 343 00ae 8F010000 		.4byte	.LASF15
 344 00b2 04       		.byte	0x4
 345 00b3 27       		.byte	0x27
 346 00b4 3E000000 		.4byte	0x3e
 347 00b8 04       		.uleb128 0x4
 348 00b9 6B000000 		.4byte	.LASF16
 349 00bd 04       		.byte	0x4
 350 00be 28       		.byte	0x28
 351 00bf 3E000000 		.4byte	0x3e
 352 00c3 04       		.uleb128 0x4
 353 00c4 9E010000 		.4byte	.LASF17
 354 00c8 04       		.byte	0x4
 355 00c9 29       		.byte	0x29
 356 00ca 70000000 		.4byte	0x70
 357 00ce 04       		.uleb128 0x4
 358 00cf E4000000 		.4byte	.LASF18
 359 00d3 04       		.byte	0x4
 360 00d4 2A       		.byte	0x2a
 361 00d5 5E000000 		.4byte	0x5e
 362 00d9 04       		.uleb128 0x4
 363 00da FE000000 		.4byte	.LASF19
 364 00de 04       		.byte	0x4
 365 00df 2C       		.byte	0x2c
 366 00e0 70000000 		.4byte	0x70
 367 00e4 04       		.uleb128 0x4
 368 00e5 67020000 		.4byte	.LASF20
 369 00e9 04       		.byte	0x4
 370 00ea 2E       		.byte	0x2e
 371 00eb 70000000 		.4byte	0x70
 372 00ef 04       		.uleb128 0x4
 373 00f0 05020000 		.4byte	.LASF21
 374 00f4 05       		.byte	0x5
 375 00f5 23       		.byte	0x23
 376 00f6 FA000000 		.4byte	0xfa
 377 00fa 05       		.uleb128 0x5
 378 00fb 05020000 		.4byte	.LASF21
 379 00ff 48       		.byte	0x48
 380 0100 06       		.byte	0x6
 381 0101 57       		.byte	0x57
 382 0102 1F020000 		.4byte	0x21f
 383 0106 06       		.uleb128 0x6
 384 0107 F6010000 		.4byte	.LASF22
 385 010b 06       		.byte	0x6
 386 010c 58       		.byte	0x58
 387 010d 44020000 		.4byte	0x244
 388 0111 02       		.byte	0x2
 389 0112 23       		.byte	0x23
 390 0113 00       		.uleb128 0
 391 0114 06       		.uleb128 0x6
 392 0115 97010000 		.4byte	.LASF23
 393 0119 06       		.byte	0x6
 394 011a 5A       		.byte	0x5a
 395 011b 44020000 		.4byte	0x244
 396 011f 02       		.byte	0x2
 397 0120 23       		.byte	0x23
ARM GAS  /tmp/cc2Lwq4u.s 			page 8


 398 0121 04       		.uleb128 0x4
 399 0122 06       		.uleb128 0x6
 400 0123 3A000000 		.4byte	.LASF24
 401 0127 06       		.byte	0x6
 402 0128 5C       		.byte	0x5c
 403 0129 C3000000 		.4byte	0xc3
 404 012d 02       		.byte	0x2
 405 012e 23       		.byte	0x23
 406 012f 08       		.uleb128 0x8
 407 0130 06       		.uleb128 0x6
 408 0131 43030000 		.4byte	.LASF25
 409 0135 06       		.byte	0x6
 410 0136 5D       		.byte	0x5d
 411 0137 12030000 		.4byte	0x312
 412 013b 02       		.byte	0x2
 413 013c 23       		.byte	0x23
 414 013d 0C       		.uleb128 0xc
 415 013e 06       		.uleb128 0x6
 416 013f 91000000 		.4byte	.LASF26
 417 0143 06       		.byte	0x6
 418 0144 5F       		.byte	0x5f
 419 0145 44020000 		.4byte	0x244
 420 0149 02       		.byte	0x2
 421 014a 23       		.byte	0x23
 422 014b 10       		.uleb128 0x10
 423 014c 06       		.uleb128 0x6
 424 014d 62010000 		.4byte	.LASF27
 425 0151 06       		.byte	0x6
 426 0152 60       		.byte	0x60
 427 0153 44020000 		.4byte	0x244
 428 0157 02       		.byte	0x2
 429 0158 23       		.byte	0x23
 430 0159 14       		.uleb128 0x14
 431 015a 06       		.uleb128 0x6
 432 015b 18030000 		.4byte	.LASF28
 433 015f 06       		.byte	0x6
 434 0160 67       		.byte	0x67
 435 0161 26040000 		.4byte	0x426
 436 0165 02       		.byte	0x2
 437 0166 23       		.byte	0x23
 438 0167 18       		.uleb128 0x18
 439 0168 06       		.uleb128 0x6
 440 0169 D6010000 		.4byte	.LASF29
 441 016d 06       		.byte	0x6
 442 016e 72       		.byte	0x72
 443 016f A2000000 		.4byte	0xa2
 444 0173 02       		.byte	0x2
 445 0174 23       		.byte	0x23
 446 0175 1C       		.uleb128 0x1c
 447 0176 06       		.uleb128 0x6
 448 0177 FD010000 		.4byte	.LASF30
 449 017b 06       		.byte	0x6
 450 017c 76       		.byte	0x76
 451 017d 97000000 		.4byte	0x97
 452 0181 02       		.byte	0x2
 453 0182 23       		.byte	0x23
 454 0183 1D       		.uleb128 0x1d
ARM GAS  /tmp/cc2Lwq4u.s 			page 9


 455 0184 06       		.uleb128 0x6
 456 0185 F2020000 		.4byte	.LASF31
 457 0189 06       		.byte	0x6
 458 018a 7B       		.byte	0x7b
 459 018b AD000000 		.4byte	0xad
 460 018f 02       		.byte	0x2
 461 0190 23       		.byte	0x23
 462 0191 1E       		.uleb128 0x1e
 463 0192 06       		.uleb128 0x6
 464 0193 DE010000 		.4byte	.LASF32
 465 0197 06       		.byte	0x6
 466 0198 81       		.byte	0x81
 467 0199 B8000000 		.4byte	0xb8
 468 019d 02       		.byte	0x2
 469 019e 23       		.byte	0x23
 470 019f 1F       		.uleb128 0x1f
 471 01a0 06       		.uleb128 0x6
 472 01a1 C2020000 		.4byte	.LASF33
 473 01a5 06       		.byte	0x6
 474 01a6 88       		.byte	0x88
 475 01a7 3C030000 		.4byte	0x33c
 476 01ab 02       		.byte	0x2
 477 01ac 23       		.byte	0x23
 478 01ad 20       		.uleb128 0x20
 479 01ae 07       		.uleb128 0x7
 480 01af 705F7500 		.ascii	"p_u\000"
 481 01b3 06       		.byte	0x6
 482 01b4 AD       		.byte	0xad
 483 01b5 F1030000 		.4byte	0x3f1
 484 01b9 02       		.byte	0x2
 485 01ba 23       		.byte	0x23
 486 01bb 24       		.uleb128 0x24
 487 01bc 06       		.uleb128 0x6
 488 01bd 49030000 		.4byte	.LASF34
 489 01c1 06       		.byte	0x6
 490 01c2 B2       		.byte	0xb2
 491 01c3 6C020000 		.4byte	0x26c
 492 01c7 02       		.byte	0x2
 493 01c8 23       		.byte	0x23
 494 01c9 28       		.uleb128 0x28
 495 01ca 06       		.uleb128 0x6
 496 01cb D0020000 		.4byte	.LASF35
 497 01cf 06       		.byte	0x6
 498 01d0 B8       		.byte	0xb8
 499 01d1 4A020000 		.4byte	0x24a
 500 01d5 02       		.byte	0x2
 501 01d6 23       		.byte	0x23
 502 01d7 2C       		.uleb128 0x2c
 503 01d8 06       		.uleb128 0x6
 504 01d9 00000000 		.4byte	.LASF36
 505 01dd 06       		.byte	0x6
 506 01de BC       		.byte	0xbc
 507 01df CE000000 		.4byte	0xce
 508 01e3 02       		.byte	0x2
 509 01e4 23       		.byte	0x23
 510 01e5 34       		.uleb128 0x34
 511 01e6 06       		.uleb128 0x6
ARM GAS  /tmp/cc2Lwq4u.s 			page 10


 512 01e7 27020000 		.4byte	.LASF37
 513 01eb 06       		.byte	0x6
 514 01ec C2       		.byte	0xc2
 515 01ed D9000000 		.4byte	0xd9
 516 01f1 02       		.byte	0x2
 517 01f2 23       		.byte	0x23
 518 01f3 38       		.uleb128 0x38
 519 01f4 06       		.uleb128 0x6
 520 01f5 C2010000 		.4byte	.LASF38
 521 01f9 06       		.byte	0x6
 522 01fa C9       		.byte	0xc9
 523 01fb 38040000 		.4byte	0x438
 524 01ff 02       		.byte	0x2
 525 0200 23       		.byte	0x23
 526 0201 3C       		.uleb128 0x3c
 527 0202 06       		.uleb128 0x6
 528 0203 71020000 		.4byte	.LASF39
 529 0207 06       		.byte	0x6
 530 0208 CD       		.byte	0xcd
 531 0209 C3000000 		.4byte	0xc3
 532 020d 02       		.byte	0x2
 533 020e 23       		.byte	0x23
 534 020f 40       		.uleb128 0x40
 535 0210 06       		.uleb128 0x6
 536 0211 5B000000 		.4byte	.LASF40
 537 0215 06       		.byte	0x6
 538 0216 D3       		.byte	0xd3
 539 0217 82020000 		.4byte	0x282
 540 021b 02       		.byte	0x2
 541 021c 23       		.byte	0x23
 542 021d 44       		.uleb128 0x44
 543 021e 00       		.byte	0
 544 021f 08       		.uleb128 0x8
 545 0220 08       		.byte	0x8
 546 0221 05       		.byte	0x5
 547 0222 5A       		.byte	0x5a
 548 0223 44020000 		.4byte	0x244
 549 0227 06       		.uleb128 0x6
 550 0228 F6010000 		.4byte	.LASF22
 551 022c 05       		.byte	0x5
 552 022d 5B       		.byte	0x5b
 553 022e 44020000 		.4byte	0x244
 554 0232 02       		.byte	0x2
 555 0233 23       		.byte	0x23
 556 0234 00       		.uleb128 0
 557 0235 06       		.uleb128 0x6
 558 0236 97010000 		.4byte	.LASF23
 559 023a 05       		.byte	0x5
 560 023b 5D       		.byte	0x5d
 561 023c 44020000 		.4byte	0x244
 562 0240 02       		.byte	0x2
 563 0241 23       		.byte	0x23
 564 0242 04       		.uleb128 0x4
 565 0243 00       		.byte	0
 566 0244 09       		.uleb128 0x9
 567 0245 04       		.byte	0x4
 568 0246 EF000000 		.4byte	0xef
ARM GAS  /tmp/cc2Lwq4u.s 			page 11


 569 024a 04       		.uleb128 0x4
 570 024b 70010000 		.4byte	.LASF41
 571 024f 05       		.byte	0x5
 572 0250 5F       		.byte	0x5f
 573 0251 1F020000 		.4byte	0x21f
 574 0255 08       		.uleb128 0x8
 575 0256 04       		.byte	0x4
 576 0257 05       		.byte	0x5
 577 0258 64       		.byte	0x64
 578 0259 6C020000 		.4byte	0x26c
 579 025d 06       		.uleb128 0x6
 580 025e F6010000 		.4byte	.LASF22
 581 0262 05       		.byte	0x5
 582 0263 66       		.byte	0x66
 583 0264 44020000 		.4byte	0x244
 584 0268 02       		.byte	0x2
 585 0269 23       		.byte	0x23
 586 026a 00       		.uleb128 0
 587 026b 00       		.byte	0
 588 026c 04       		.uleb128 0x4
 589 026d F2000000 		.4byte	.LASF42
 590 0271 05       		.byte	0x5
 591 0272 69       		.byte	0x69
 592 0273 55020000 		.4byte	0x255
 593 0277 04       		.uleb128 0x4
 594 0278 A1000000 		.4byte	.LASF43
 595 027c 07       		.byte	0x7
 596 027d DE       		.byte	0xde
 597 027e 82020000 		.4byte	0x282
 598 0282 0A       		.uleb128 0xa
 599 0283 04       		.byte	0x4
 600 0284 0B       		.uleb128 0xb
 601 0285 C9020000 		.4byte	.LASF44
 602 0289 24       		.byte	0x24
 603 028a 07       		.byte	0x7
 604 028b 0501     		.2byte	0x105
 605 028d 12030000 		.4byte	0x312
 606 0291 0C       		.uleb128 0xc
 607 0292 723400   		.ascii	"r4\000"
 608 0295 07       		.byte	0x7
 609 0296 1801     		.2byte	0x118
 610 0298 77020000 		.4byte	0x277
 611 029c 02       		.byte	0x2
 612 029d 23       		.byte	0x23
 613 029e 00       		.uleb128 0
 614 029f 0C       		.uleb128 0xc
 615 02a0 723500   		.ascii	"r5\000"
 616 02a3 07       		.byte	0x7
 617 02a4 1901     		.2byte	0x119
 618 02a6 77020000 		.4byte	0x277
 619 02aa 02       		.byte	0x2
 620 02ab 23       		.byte	0x23
 621 02ac 04       		.uleb128 0x4
 622 02ad 0C       		.uleb128 0xc
 623 02ae 723600   		.ascii	"r6\000"
 624 02b1 07       		.byte	0x7
 625 02b2 1A01     		.2byte	0x11a
ARM GAS  /tmp/cc2Lwq4u.s 			page 12


 626 02b4 77020000 		.4byte	0x277
 627 02b8 02       		.byte	0x2
 628 02b9 23       		.byte	0x23
 629 02ba 08       		.uleb128 0x8
 630 02bb 0C       		.uleb128 0xc
 631 02bc 723700   		.ascii	"r7\000"
 632 02bf 07       		.byte	0x7
 633 02c0 1B01     		.2byte	0x11b
 634 02c2 77020000 		.4byte	0x277
 635 02c6 02       		.byte	0x2
 636 02c7 23       		.byte	0x23
 637 02c8 0C       		.uleb128 0xc
 638 02c9 0C       		.uleb128 0xc
 639 02ca 723800   		.ascii	"r8\000"
 640 02cd 07       		.byte	0x7
 641 02ce 1C01     		.2byte	0x11c
 642 02d0 77020000 		.4byte	0x277
 643 02d4 02       		.byte	0x2
 644 02d5 23       		.byte	0x23
 645 02d6 10       		.uleb128 0x10
 646 02d7 0C       		.uleb128 0xc
 647 02d8 723900   		.ascii	"r9\000"
 648 02db 07       		.byte	0x7
 649 02dc 1D01     		.2byte	0x11d
 650 02de 77020000 		.4byte	0x277
 651 02e2 02       		.byte	0x2
 652 02e3 23       		.byte	0x23
 653 02e4 14       		.uleb128 0x14
 654 02e5 0C       		.uleb128 0xc
 655 02e6 72313000 		.ascii	"r10\000"
 656 02ea 07       		.byte	0x7
 657 02eb 1E01     		.2byte	0x11e
 658 02ed 77020000 		.4byte	0x277
 659 02f1 02       		.byte	0x2
 660 02f2 23       		.byte	0x23
 661 02f3 18       		.uleb128 0x18
 662 02f4 0C       		.uleb128 0xc
 663 02f5 72313100 		.ascii	"r11\000"
 664 02f9 07       		.byte	0x7
 665 02fa 1F01     		.2byte	0x11f
 666 02fc 77020000 		.4byte	0x277
 667 0300 02       		.byte	0x2
 668 0301 23       		.byte	0x23
 669 0302 1C       		.uleb128 0x1c
 670 0303 0C       		.uleb128 0xc
 671 0304 6C7200   		.ascii	"lr\000"
 672 0307 07       		.byte	0x7
 673 0308 2001     		.2byte	0x120
 674 030a 77020000 		.4byte	0x277
 675 030e 02       		.byte	0x2
 676 030f 23       		.byte	0x23
 677 0310 20       		.uleb128 0x20
 678 0311 00       		.byte	0
 679 0312 0B       		.uleb128 0xb
 680 0313 C9000000 		.4byte	.LASF45
 681 0317 04       		.byte	0x4
 682 0318 07       		.byte	0x7
ARM GAS  /tmp/cc2Lwq4u.s 			page 13


 683 0319 2A01     		.2byte	0x12a
 684 031b 2F030000 		.4byte	0x32f
 685 031f 0C       		.uleb128 0xc
 686 0320 72313300 		.ascii	"r13\000"
 687 0324 07       		.byte	0x7
 688 0325 2B01     		.2byte	0x12b
 689 0327 2F030000 		.4byte	0x32f
 690 032b 02       		.byte	0x2
 691 032c 23       		.byte	0x23
 692 032d 00       		.uleb128 0
 693 032e 00       		.byte	0
 694 032f 09       		.uleb128 0x9
 695 0330 04       		.byte	0x4
 696 0331 84020000 		.4byte	0x284
 697 0335 03       		.uleb128 0x3
 698 0336 04       		.byte	0x4
 699 0337 07       		.byte	0x7
 700 0338 59010000 		.4byte	.LASF46
 701 033c 0D       		.uleb128 0xd
 702 033d E4000000 		.4byte	0xe4
 703 0341 08       		.uleb128 0x8
 704 0342 1C       		.byte	0x1c
 705 0343 08       		.byte	0x8
 706 0344 57       		.byte	0x57
 707 0345 9E030000 		.4byte	0x39e
 708 0349 06       		.uleb128 0x6
 709 034a 3B020000 		.4byte	.LASF47
 710 034e 08       		.byte	0x8
 711 034f 58       		.byte	0x58
 712 0350 4A020000 		.4byte	0x24a
 713 0354 02       		.byte	0x2
 714 0355 23       		.byte	0x23
 715 0356 00       		.uleb128 0
 716 0357 06       		.uleb128 0x6
 717 0358 E8010000 		.4byte	.LASF48
 718 035c 08       		.byte	0x8
 719 035d 59       		.byte	0x59
 720 035e C3000000 		.4byte	0xc3
 721 0362 02       		.byte	0x2
 722 0363 23       		.byte	0x23
 723 0364 08       		.uleb128 0x8
 724 0365 06       		.uleb128 0x6
 725 0366 6A010000 		.4byte	.LASF49
 726 036a 08       		.byte	0x8
 727 036b 5B       		.byte	0x5b
 728 036c 12030000 		.4byte	0x312
 729 0370 02       		.byte	0x2
 730 0371 23       		.byte	0x23
 731 0372 0C       		.uleb128 0xc
 732 0373 06       		.uleb128 0x6
 733 0374 99000000 		.4byte	.LASF50
 734 0378 08       		.byte	0x8
 735 0379 5E       		.byte	0x5e
 736 037a 44020000 		.4byte	0x244
 737 037e 02       		.byte	0x2
 738 037f 23       		.byte	0x23
 739 0380 10       		.uleb128 0x10
ARM GAS  /tmp/cc2Lwq4u.s 			page 14


 740 0381 06       		.uleb128 0x6
 741 0382 87010000 		.4byte	.LASF51
 742 0386 08       		.byte	0x8
 743 0387 5F       		.byte	0x5f
 744 0388 44020000 		.4byte	0x244
 745 038c 02       		.byte	0x2
 746 038d 23       		.byte	0x23
 747 038e 14       		.uleb128 0x14
 748 038f 06       		.uleb128 0x6
 749 0390 7D010000 		.4byte	.LASF52
 750 0394 08       		.byte	0x8
 751 0395 62       		.byte	0x62
 752 0396 44020000 		.4byte	0x244
 753 039a 02       		.byte	0x2
 754 039b 23       		.byte	0x23
 755 039c 18       		.uleb128 0x18
 756 039d 00       		.byte	0
 757 039e 04       		.uleb128 0x4
 758 039f F9020000 		.4byte	.LASF53
 759 03a3 08       		.byte	0x8
 760 03a4 64       		.byte	0x64
 761 03a5 41030000 		.4byte	0x341
 762 03a9 05       		.uleb128 0x5
 763 03aa 0A010000 		.4byte	.LASF54
 764 03ae 10       		.byte	0x10
 765 03af 09       		.byte	0x9
 766 03b0 25       		.byte	0x25
 767 03b1 E0030000 		.4byte	0x3e0
 768 03b5 06       		.uleb128 0x6
 769 03b6 63000000 		.4byte	.LASF55
 770 03ba 09       		.byte	0x9
 771 03bb 26       		.byte	0x26
 772 03bc 4A020000 		.4byte	0x24a
 773 03c0 02       		.byte	0x2
 774 03c1 23       		.byte	0x23
 775 03c2 00       		.uleb128 0
 776 03c3 06       		.uleb128 0x6
 777 03c4 3B030000 		.4byte	.LASF56
 778 03c8 09       		.byte	0x9
 779 03c9 28       		.byte	0x28
 780 03ca 44020000 		.4byte	0x244
 781 03ce 02       		.byte	0x2
 782 03cf 23       		.byte	0x23
 783 03d0 08       		.uleb128 0x8
 784 03d1 06       		.uleb128 0x6
 785 03d2 60020000 		.4byte	.LASF57
 786 03d6 09       		.byte	0x9
 787 03d7 2A       		.byte	0x2a
 788 03d8 E0030000 		.4byte	0x3e0
 789 03dc 02       		.byte	0x2
 790 03dd 23       		.byte	0x23
 791 03de 0C       		.uleb128 0xc
 792 03df 00       		.byte	0
 793 03e0 09       		.uleb128 0x9
 794 03e1 04       		.byte	0x4
 795 03e2 A9030000 		.4byte	0x3a9
 796 03e6 04       		.uleb128 0x4
ARM GAS  /tmp/cc2Lwq4u.s 			page 15


 797 03e7 0A010000 		.4byte	.LASF54
 798 03eb 09       		.byte	0x9
 799 03ec 2C       		.byte	0x2c
 800 03ed A9030000 		.4byte	0x3a9
 801 03f1 0E       		.uleb128 0xe
 802 03f2 04       		.byte	0x4
 803 03f3 06       		.byte	0x6
 804 03f4 8F       		.byte	0x8f
 805 03f5 26040000 		.4byte	0x426
 806 03f9 0F       		.uleb128 0xf
 807 03fa 13000000 		.4byte	.LASF58
 808 03fe 06       		.byte	0x6
 809 03ff 96       		.byte	0x96
 810 0400 CE000000 		.4byte	0xce
 811 0404 0F       		.uleb128 0xf
 812 0405 31000000 		.4byte	.LASF59
 813 0409 06       		.byte	0x6
 814 040a 9D       		.byte	0x9d
 815 040b CE000000 		.4byte	0xce
 816 040f 0F       		.uleb128 0xf
 817 0410 11030000 		.4byte	.LASF60
 818 0414 06       		.byte	0x6
 819 0415 A4       		.byte	0xa4
 820 0416 82020000 		.4byte	0x282
 821 041a 0F       		.uleb128 0xf
 822 041b EF010000 		.4byte	.LASF61
 823 041f 06       		.byte	0x6
 824 0420 AB       		.byte	0xab
 825 0421 D9000000 		.4byte	0xd9
 826 0425 00       		.byte	0
 827 0426 09       		.uleb128 0x9
 828 0427 04       		.byte	0x4
 829 0428 2C040000 		.4byte	0x42c
 830 042c 10       		.uleb128 0x10
 831 042d 31040000 		.4byte	0x431
 832 0431 03       		.uleb128 0x3
 833 0432 01       		.byte	0x1
 834 0433 08       		.byte	0x8
 835 0434 4F020000 		.4byte	.LASF62
 836 0438 09       		.uleb128 0x9
 837 0439 04       		.byte	0x4
 838 043a E6030000 		.4byte	0x3e6
 839 043e 11       		.uleb128 0x11
 840 043f 06000000 		.4byte	.LASF68
 841 0443 02       		.byte	0x2
 842 0444 2D       		.byte	0x2d
 843 0445 01       		.byte	0x1
 844 0446 03       		.byte	0x3
 845 0447 61040000 		.4byte	0x461
 846 044b 12       		.uleb128 0x12
 847 044c 747000   		.ascii	"tp\000"
 848 044f 02       		.byte	0x2
 849 0450 2D       		.byte	0x2d
 850 0451 44020000 		.4byte	0x244
 851 0455 12       		.uleb128 0x12
 852 0456 74717000 		.ascii	"tqp\000"
 853 045a 02       		.byte	0x2
ARM GAS  /tmp/cc2Lwq4u.s 			page 16


 854 045b 2D       		.byte	0x2d
 855 045c 61040000 		.4byte	0x461
 856 0460 00       		.byte	0
 857 0461 09       		.uleb128 0x9
 858 0462 04       		.byte	0x4
 859 0463 4A020000 		.4byte	0x24a
 860 0467 13       		.uleb128 0x13
 861 0468 54020000 		.4byte	.LASF69
 862 046c 02       		.byte	0x2
 863 046d 34       		.byte	0x34
 864 046e 01       		.byte	0x1
 865 046f 44020000 		.4byte	0x244
 866 0473 03       		.byte	0x3
 867 0474 8E040000 		.4byte	0x48e
 868 0478 12       		.uleb128 0x12
 869 0479 74717000 		.ascii	"tqp\000"
 870 047d 02       		.byte	0x2
 871 047e 34       		.byte	0x34
 872 047f 61040000 		.4byte	0x461
 873 0483 14       		.uleb128 0x14
 874 0484 747000   		.ascii	"tp\000"
 875 0487 02       		.byte	0x2
 876 0488 35       		.byte	0x35
 877 0489 44020000 		.4byte	0x244
 878 048d 00       		.byte	0
 879 048e 15       		.uleb128 0x15
 880 048f 01       		.byte	0x1
 881 0490 7E000000 		.4byte	.LASF63
 882 0494 01       		.byte	0x1
 883 0495 44       		.byte	0x44
 884 0496 01       		.byte	0x1
 885 0497 CE000000 		.4byte	0xce
 886 049b 00000000 		.4byte	.LFB7
 887 049f 40000000 		.4byte	.LFE7
 888 04a3 00000000 		.4byte	.LLST0
 889 04a7 01       		.byte	0x1
 890 04a8 4F050000 		.4byte	0x54f
 891 04ac 16       		.uleb128 0x16
 892 04ad 747000   		.ascii	"tp\000"
 893 04b0 01       		.byte	0x1
 894 04b1 44       		.byte	0x44
 895 04b2 44020000 		.4byte	0x244
 896 04b6 20000000 		.4byte	.LLST1
 897 04ba 16       		.uleb128 0x16
 898 04bb 6D736700 		.ascii	"msg\000"
 899 04bf 01       		.byte	0x1
 900 04c0 44       		.byte	0x44
 901 04c1 CE000000 		.4byte	0xce
 902 04c5 58000000 		.4byte	.LLST2
 903 04c9 17       		.uleb128 0x17
 904 04ca 63747000 		.ascii	"ctp\000"
 905 04ce 01       		.byte	0x1
 906 04cf 45       		.byte	0x45
 907 04d0 44020000 		.4byte	0x244
 908 04d4 01       		.byte	0x1
 909 04d5 54       		.byte	0x54
 910 04d6 18       		.uleb128 0x18
ARM GAS  /tmp/cc2Lwq4u.s 			page 17


 911 04d7 06000000 		.4byte	.LBB10
 912 04db 0C000000 		.4byte	.LBE10
 913 04df F3040000 		.4byte	0x4f3
 914 04e3 19       		.uleb128 0x19
 915 04e4 746D7000 		.ascii	"tmp\000"
 916 04e8 01       		.byte	0x1
 917 04e9 49       		.byte	0x49
 918 04ea 70000000 		.4byte	0x70
 919 04ee 9D000000 		.4byte	.LLST3
 920 04f2 00       		.byte	0
 921 04f3 1A       		.uleb128 0x1a
 922 04f4 3E040000 		.4byte	0x43e
 923 04f8 14000000 		.4byte	.LBB11
 924 04fc 00000000 		.4byte	.Ldebug_ranges0+0
 925 0500 01       		.byte	0x1
 926 0501 4C       		.byte	0x4c
 927 0502 15050000 		.4byte	0x515
 928 0506 1B       		.uleb128 0x1b
 929 0507 55040000 		.4byte	0x455
 930 050b 01       		.byte	0x1
 931 050c 55       		.byte	0x55
 932 050d 1B       		.uleb128 0x1b
 933 050e 4B040000 		.4byte	0x44b
 934 0512 01       		.byte	0x1
 935 0513 54       		.byte	0x54
 936 0514 00       		.byte	0
 937 0515 18       		.uleb128 0x18
 938 0516 2C000000 		.4byte	.LBB15
 939 051a 32000000 		.4byte	.LBE15
 940 051e 32050000 		.4byte	0x532
 941 0522 19       		.uleb128 0x19
 942 0523 746D7000 		.ascii	"tmp\000"
 943 0527 01       		.byte	0x1
 944 0528 51       		.byte	0x51
 945 0529 70000000 		.4byte	0x70
 946 052d B0000000 		.4byte	.LLST4
 947 0531 00       		.byte	0
 948 0532 1C       		.uleb128 0x1c
 949 0533 2A000000 		.4byte	.LVL7
 950 0537 84060000 		.4byte	0x684
 951 053b 45050000 		.4byte	0x545
 952 053f 1D       		.uleb128 0x1d
 953 0540 01       		.byte	0x1
 954 0541 50       		.byte	0x50
 955 0542 01       		.byte	0x1
 956 0543 3A       		.byte	0x3a
 957 0544 00       		.byte	0
 958 0545 1E       		.uleb128 0x1e
 959 0546 38000000 		.4byte	.LVL12
 960 054a 98060000 		.4byte	0x698
 961 054e 00       		.byte	0
 962 054f 15       		.uleb128 0x15
 963 0550 01       		.byte	0x1
 964 0551 E8020000 		.4byte	.LASF64
 965 0555 01       		.byte	0x1
 966 0556 63       		.byte	0x63
 967 0557 01       		.byte	0x1
ARM GAS  /tmp/cc2Lwq4u.s 			page 18


 968 0558 44020000 		.4byte	0x244
 969 055c 00000000 		.4byte	.LFB8
 970 0560 3C000000 		.4byte	.LFE8
 971 0564 C3000000 		.4byte	.LLST5
 972 0568 01       		.byte	0x1
 973 0569 ED050000 		.4byte	0x5ed
 974 056d 14       		.uleb128 0x14
 975 056e 747000   		.ascii	"tp\000"
 976 0571 01       		.byte	0x1
 977 0572 64       		.byte	0x64
 978 0573 44020000 		.4byte	0x244
 979 0577 18       		.uleb128 0x18
 980 0578 02000000 		.4byte	.LBB16
 981 057c 08000000 		.4byte	.LBE16
 982 0580 94050000 		.4byte	0x594
 983 0584 19       		.uleb128 0x19
 984 0585 746D7000 		.ascii	"tmp\000"
 985 0589 01       		.byte	0x1
 986 058a 66       		.byte	0x66
 987 058b 70000000 		.4byte	0x70
 988 058f E3000000 		.4byte	.LLST6
 989 0593 00       		.byte	0
 990 0594 1F       		.uleb128 0x1f
 991 0595 67040000 		.4byte	0x467
 992 0599 16000000 		.4byte	.LBB17
 993 059d 1C000000 		.4byte	.LBE17
 994 05a1 01       		.byte	0x1
 995 05a2 69       		.byte	0x69
 996 05a3 C4050000 		.4byte	0x5c4
 997 05a7 20       		.uleb128 0x20
 998 05a8 78040000 		.4byte	0x478
 999 05ac F6000000 		.4byte	.LLST7
 1000 05b0 21       		.uleb128 0x21
 1001 05b1 16000000 		.4byte	.LBB18
 1002 05b5 1C000000 		.4byte	.LBE18
 1003 05b9 22       		.uleb128 0x22
 1004 05ba 83040000 		.4byte	0x483
 1005 05be 0B010000 		.4byte	.LLST8
 1006 05c2 00       		.byte	0
 1007 05c3 00       		.byte	0
 1008 05c4 23       		.uleb128 0x23
 1009 05c5 18000000 		.4byte	.Ldebug_ranges0+0x18
 1010 05c9 DD050000 		.4byte	0x5dd
 1011 05cd 19       		.uleb128 0x19
 1012 05ce 746D7000 		.ascii	"tmp\000"
 1013 05d2 01       		.byte	0x1
 1014 05d3 6B       		.byte	0x6b
 1015 05d4 70000000 		.4byte	0x70
 1016 05d8 1E010000 		.4byte	.LLST9
 1017 05dc 00       		.byte	0
 1018 05dd 24       		.uleb128 0x24
 1019 05de 2E000000 		.4byte	.LVL20
 1020 05e2 84060000 		.4byte	0x684
 1021 05e6 1D       		.uleb128 0x1d
 1022 05e7 01       		.byte	0x1
 1023 05e8 50       		.byte	0x50
 1024 05e9 01       		.byte	0x1
ARM GAS  /tmp/cc2Lwq4u.s 			page 19


 1025 05ea 3C       		.byte	0x3c
 1026 05eb 00       		.byte	0
 1027 05ec 00       		.byte	0
 1028 05ed 25       		.uleb128 0x25
 1029 05ee 01       		.byte	0x1
 1030 05ef 0C020000 		.4byte	.LASF70
 1031 05f3 01       		.byte	0x1
 1032 05f4 79       		.byte	0x79
 1033 05f5 01       		.byte	0x1
 1034 05f6 00000000 		.4byte	.LFB9
 1035 05fa 14000000 		.4byte	.LFE9
 1036 05fe 31010000 		.4byte	.LLST10
 1037 0602 01       		.byte	0x1
 1038 0603 77060000 		.4byte	0x677
 1039 0607 16       		.uleb128 0x16
 1040 0608 747000   		.ascii	"tp\000"
 1041 060b 01       		.byte	0x1
 1042 060c 79       		.byte	0x79
 1043 060d 44020000 		.4byte	0x244
 1044 0611 51010000 		.4byte	.LLST11
 1045 0615 16       		.uleb128 0x16
 1046 0616 6D736700 		.ascii	"msg\000"
 1047 061a 01       		.byte	0x1
 1048 061b 79       		.byte	0x79
 1049 061c CE000000 		.4byte	0xce
 1050 0620 72010000 		.4byte	.LLST12
 1051 0624 18       		.uleb128 0x18
 1052 0625 02000000 		.4byte	.LBB21
 1053 0629 08000000 		.4byte	.LBE21
 1054 062d 41060000 		.4byte	0x641
 1055 0631 19       		.uleb128 0x19
 1056 0632 746D7000 		.ascii	"tmp\000"
 1057 0636 01       		.byte	0x1
 1058 0637 7B       		.byte	0x7b
 1059 0638 70000000 		.4byte	0x70
 1060 063c 93010000 		.4byte	.LLST13
 1061 0640 00       		.byte	0
 1062 0641 18       		.uleb128 0x18
 1063 0642 0C000000 		.4byte	.LBB22
 1064 0646 14000000 		.4byte	.LBE22
 1065 064a 5E060000 		.4byte	0x65e
 1066 064e 19       		.uleb128 0x19
 1067 064f 746D7000 		.ascii	"tmp\000"
 1068 0653 01       		.byte	0x1
 1069 0654 7F       		.byte	0x7f
 1070 0655 70000000 		.4byte	0x70
 1071 0659 A6010000 		.4byte	.LLST14
 1072 065d 00       		.byte	0
 1073 065e 24       		.uleb128 0x24
 1074 065f 0C000000 		.4byte	.LVL24
 1075 0663 B0060000 		.4byte	0x6b0
 1076 0667 1D       		.uleb128 0x1d
 1077 0668 01       		.byte	0x1
 1078 0669 51       		.byte	0x51
 1079 066a 03       		.byte	0x3
 1080 066b F3       		.byte	0xf3
 1081 066c 01       		.uleb128 0x1
ARM GAS  /tmp/cc2Lwq4u.s 			page 20


 1082 066d 51       		.byte	0x51
 1083 066e 1D       		.uleb128 0x1d
 1084 066f 01       		.byte	0x1
 1085 0670 50       		.byte	0x50
 1086 0671 03       		.byte	0x3
 1087 0672 F3       		.byte	0xf3
 1088 0673 01       		.uleb128 0x1
 1089 0674 50       		.byte	0x50
 1090 0675 00       		.byte	0
 1091 0676 00       		.byte	0
 1092 0677 26       		.uleb128 0x26
 1093 0678 03030000 		.4byte	.LASF71
 1094 067c 08       		.byte	0x8
 1095 067d 68       		.byte	0x68
 1096 067e 9E030000 		.4byte	0x39e
 1097 0682 01       		.byte	0x1
 1098 0683 01       		.byte	0x1
 1099 0684 27       		.uleb128 0x27
 1100 0685 01       		.byte	0x1
 1101 0686 19020000 		.4byte	.LASF72
 1102 068a 08       		.byte	0x8
 1103 068b 8C       		.byte	0x8c
 1104 068c 01       		.byte	0x1
 1105 068d 01       		.byte	0x1
 1106 068e 98060000 		.4byte	0x698
 1107 0692 28       		.uleb128 0x28
 1108 0693 A2000000 		.4byte	0xa2
 1109 0697 00       		.byte	0
 1110 0698 29       		.uleb128 0x29
 1111 0699 01       		.byte	0x1
 1112 069a 43020000 		.4byte	.LASF73
 1113 069e 08       		.byte	0x8
 1114 069f 89       		.byte	0x89
 1115 06a0 01       		.byte	0x1
 1116 06a1 44020000 		.4byte	0x244
 1117 06a5 01       		.byte	0x1
 1118 06a6 B0060000 		.4byte	0x6b0
 1119 06aa 28       		.uleb128 0x28
 1120 06ab 44020000 		.4byte	0x244
 1121 06af 00       		.byte	0
 1122 06b0 2A       		.uleb128 0x2a
 1123 06b1 01       		.byte	0x1
 1124 06b2 DB020000 		.4byte	.LASF74
 1125 06b6 08       		.byte	0x8
 1126 06b7 92       		.byte	0x92
 1127 06b8 01       		.byte	0x1
 1128 06b9 01       		.byte	0x1
 1129 06ba 28       		.uleb128 0x28
 1130 06bb 44020000 		.4byte	0x244
 1131 06bf 28       		.uleb128 0x28
 1132 06c0 CE000000 		.4byte	0xce
 1133 06c4 00       		.byte	0
 1134 06c5 00       		.byte	0
 1135              		.section	.debug_abbrev,"",%progbits
 1136              	.Ldebug_abbrev0:
 1137 0000 01       		.uleb128 0x1
 1138 0001 11       		.uleb128 0x11
ARM GAS  /tmp/cc2Lwq4u.s 			page 21


 1139 0002 01       		.byte	0x1
 1140 0003 25       		.uleb128 0x25
 1141 0004 0E       		.uleb128 0xe
 1142 0005 13       		.uleb128 0x13
 1143 0006 0B       		.uleb128 0xb
 1144 0007 03       		.uleb128 0x3
 1145 0008 0E       		.uleb128 0xe
 1146 0009 1B       		.uleb128 0x1b
 1147 000a 0E       		.uleb128 0xe
 1148 000b 55       		.uleb128 0x55
 1149 000c 06       		.uleb128 0x6
 1150 000d 11       		.uleb128 0x11
 1151 000e 01       		.uleb128 0x1
 1152 000f 52       		.uleb128 0x52
 1153 0010 01       		.uleb128 0x1
 1154 0011 10       		.uleb128 0x10
 1155 0012 06       		.uleb128 0x6
 1156 0013 00       		.byte	0
 1157 0014 00       		.byte	0
 1158 0015 02       		.uleb128 0x2
 1159 0016 24       		.uleb128 0x24
 1160 0017 00       		.byte	0
 1161 0018 0B       		.uleb128 0xb
 1162 0019 0B       		.uleb128 0xb
 1163 001a 3E       		.uleb128 0x3e
 1164 001b 0B       		.uleb128 0xb
 1165 001c 03       		.uleb128 0x3
 1166 001d 08       		.uleb128 0x8
 1167 001e 00       		.byte	0
 1168 001f 00       		.byte	0
 1169 0020 03       		.uleb128 0x3
 1170 0021 24       		.uleb128 0x24
 1171 0022 00       		.byte	0
 1172 0023 0B       		.uleb128 0xb
 1173 0024 0B       		.uleb128 0xb
 1174 0025 3E       		.uleb128 0x3e
 1175 0026 0B       		.uleb128 0xb
 1176 0027 03       		.uleb128 0x3
 1177 0028 0E       		.uleb128 0xe
 1178 0029 00       		.byte	0
 1179 002a 00       		.byte	0
 1180 002b 04       		.uleb128 0x4
 1181 002c 16       		.uleb128 0x16
 1182 002d 00       		.byte	0
 1183 002e 03       		.uleb128 0x3
 1184 002f 0E       		.uleb128 0xe
 1185 0030 3A       		.uleb128 0x3a
 1186 0031 0B       		.uleb128 0xb
 1187 0032 3B       		.uleb128 0x3b
 1188 0033 0B       		.uleb128 0xb
 1189 0034 49       		.uleb128 0x49
 1190 0035 13       		.uleb128 0x13
 1191 0036 00       		.byte	0
 1192 0037 00       		.byte	0
 1193 0038 05       		.uleb128 0x5
 1194 0039 13       		.uleb128 0x13
 1195 003a 01       		.byte	0x1
ARM GAS  /tmp/cc2Lwq4u.s 			page 22


 1196 003b 03       		.uleb128 0x3
 1197 003c 0E       		.uleb128 0xe
 1198 003d 0B       		.uleb128 0xb
 1199 003e 0B       		.uleb128 0xb
 1200 003f 3A       		.uleb128 0x3a
 1201 0040 0B       		.uleb128 0xb
 1202 0041 3B       		.uleb128 0x3b
 1203 0042 0B       		.uleb128 0xb
 1204 0043 01       		.uleb128 0x1
 1205 0044 13       		.uleb128 0x13
 1206 0045 00       		.byte	0
 1207 0046 00       		.byte	0
 1208 0047 06       		.uleb128 0x6
 1209 0048 0D       		.uleb128 0xd
 1210 0049 00       		.byte	0
 1211 004a 03       		.uleb128 0x3
 1212 004b 0E       		.uleb128 0xe
 1213 004c 3A       		.uleb128 0x3a
 1214 004d 0B       		.uleb128 0xb
 1215 004e 3B       		.uleb128 0x3b
 1216 004f 0B       		.uleb128 0xb
 1217 0050 49       		.uleb128 0x49
 1218 0051 13       		.uleb128 0x13
 1219 0052 38       		.uleb128 0x38
 1220 0053 0A       		.uleb128 0xa
 1221 0054 00       		.byte	0
 1222 0055 00       		.byte	0
 1223 0056 07       		.uleb128 0x7
 1224 0057 0D       		.uleb128 0xd
 1225 0058 00       		.byte	0
 1226 0059 03       		.uleb128 0x3
 1227 005a 08       		.uleb128 0x8
 1228 005b 3A       		.uleb128 0x3a
 1229 005c 0B       		.uleb128 0xb
 1230 005d 3B       		.uleb128 0x3b
 1231 005e 0B       		.uleb128 0xb
 1232 005f 49       		.uleb128 0x49
 1233 0060 13       		.uleb128 0x13
 1234 0061 38       		.uleb128 0x38
 1235 0062 0A       		.uleb128 0xa
 1236 0063 00       		.byte	0
 1237 0064 00       		.byte	0
 1238 0065 08       		.uleb128 0x8
 1239 0066 13       		.uleb128 0x13
 1240 0067 01       		.byte	0x1
 1241 0068 0B       		.uleb128 0xb
 1242 0069 0B       		.uleb128 0xb
 1243 006a 3A       		.uleb128 0x3a
 1244 006b 0B       		.uleb128 0xb
 1245 006c 3B       		.uleb128 0x3b
 1246 006d 0B       		.uleb128 0xb
 1247 006e 01       		.uleb128 0x1
 1248 006f 13       		.uleb128 0x13
 1249 0070 00       		.byte	0
 1250 0071 00       		.byte	0
 1251 0072 09       		.uleb128 0x9
 1252 0073 0F       		.uleb128 0xf
ARM GAS  /tmp/cc2Lwq4u.s 			page 23


 1253 0074 00       		.byte	0
 1254 0075 0B       		.uleb128 0xb
 1255 0076 0B       		.uleb128 0xb
 1256 0077 49       		.uleb128 0x49
 1257 0078 13       		.uleb128 0x13
 1258 0079 00       		.byte	0
 1259 007a 00       		.byte	0
 1260 007b 0A       		.uleb128 0xa
 1261 007c 0F       		.uleb128 0xf
 1262 007d 00       		.byte	0
 1263 007e 0B       		.uleb128 0xb
 1264 007f 0B       		.uleb128 0xb
 1265 0080 00       		.byte	0
 1266 0081 00       		.byte	0
 1267 0082 0B       		.uleb128 0xb
 1268 0083 13       		.uleb128 0x13
 1269 0084 01       		.byte	0x1
 1270 0085 03       		.uleb128 0x3
 1271 0086 0E       		.uleb128 0xe
 1272 0087 0B       		.uleb128 0xb
 1273 0088 0B       		.uleb128 0xb
 1274 0089 3A       		.uleb128 0x3a
 1275 008a 0B       		.uleb128 0xb
 1276 008b 3B       		.uleb128 0x3b
 1277 008c 05       		.uleb128 0x5
 1278 008d 01       		.uleb128 0x1
 1279 008e 13       		.uleb128 0x13
 1280 008f 00       		.byte	0
 1281 0090 00       		.byte	0
 1282 0091 0C       		.uleb128 0xc
 1283 0092 0D       		.uleb128 0xd
 1284 0093 00       		.byte	0
 1285 0094 03       		.uleb128 0x3
 1286 0095 08       		.uleb128 0x8
 1287 0096 3A       		.uleb128 0x3a
 1288 0097 0B       		.uleb128 0xb
 1289 0098 3B       		.uleb128 0x3b
 1290 0099 05       		.uleb128 0x5
 1291 009a 49       		.uleb128 0x49
 1292 009b 13       		.uleb128 0x13
 1293 009c 38       		.uleb128 0x38
 1294 009d 0A       		.uleb128 0xa
 1295 009e 00       		.byte	0
 1296 009f 00       		.byte	0
 1297 00a0 0D       		.uleb128 0xd
 1298 00a1 35       		.uleb128 0x35
 1299 00a2 00       		.byte	0
 1300 00a3 49       		.uleb128 0x49
 1301 00a4 13       		.uleb128 0x13
 1302 00a5 00       		.byte	0
 1303 00a6 00       		.byte	0
 1304 00a7 0E       		.uleb128 0xe
 1305 00a8 17       		.uleb128 0x17
 1306 00a9 01       		.byte	0x1
 1307 00aa 0B       		.uleb128 0xb
 1308 00ab 0B       		.uleb128 0xb
 1309 00ac 3A       		.uleb128 0x3a
ARM GAS  /tmp/cc2Lwq4u.s 			page 24


 1310 00ad 0B       		.uleb128 0xb
 1311 00ae 3B       		.uleb128 0x3b
 1312 00af 0B       		.uleb128 0xb
 1313 00b0 01       		.uleb128 0x1
 1314 00b1 13       		.uleb128 0x13
 1315 00b2 00       		.byte	0
 1316 00b3 00       		.byte	0
 1317 00b4 0F       		.uleb128 0xf
 1318 00b5 0D       		.uleb128 0xd
 1319 00b6 00       		.byte	0
 1320 00b7 03       		.uleb128 0x3
 1321 00b8 0E       		.uleb128 0xe
 1322 00b9 3A       		.uleb128 0x3a
 1323 00ba 0B       		.uleb128 0xb
 1324 00bb 3B       		.uleb128 0x3b
 1325 00bc 0B       		.uleb128 0xb
 1326 00bd 49       		.uleb128 0x49
 1327 00be 13       		.uleb128 0x13
 1328 00bf 00       		.byte	0
 1329 00c0 00       		.byte	0
 1330 00c1 10       		.uleb128 0x10
 1331 00c2 26       		.uleb128 0x26
 1332 00c3 00       		.byte	0
 1333 00c4 49       		.uleb128 0x49
 1334 00c5 13       		.uleb128 0x13
 1335 00c6 00       		.byte	0
 1336 00c7 00       		.byte	0
 1337 00c8 11       		.uleb128 0x11
 1338 00c9 2E       		.uleb128 0x2e
 1339 00ca 01       		.byte	0x1
 1340 00cb 03       		.uleb128 0x3
 1341 00cc 0E       		.uleb128 0xe
 1342 00cd 3A       		.uleb128 0x3a
 1343 00ce 0B       		.uleb128 0xb
 1344 00cf 3B       		.uleb128 0x3b
 1345 00d0 0B       		.uleb128 0xb
 1346 00d1 27       		.uleb128 0x27
 1347 00d2 0C       		.uleb128 0xc
 1348 00d3 20       		.uleb128 0x20
 1349 00d4 0B       		.uleb128 0xb
 1350 00d5 01       		.uleb128 0x1
 1351 00d6 13       		.uleb128 0x13
 1352 00d7 00       		.byte	0
 1353 00d8 00       		.byte	0
 1354 00d9 12       		.uleb128 0x12
 1355 00da 05       		.uleb128 0x5
 1356 00db 00       		.byte	0
 1357 00dc 03       		.uleb128 0x3
 1358 00dd 08       		.uleb128 0x8
 1359 00de 3A       		.uleb128 0x3a
 1360 00df 0B       		.uleb128 0xb
 1361 00e0 3B       		.uleb128 0x3b
 1362 00e1 0B       		.uleb128 0xb
 1363 00e2 49       		.uleb128 0x49
 1364 00e3 13       		.uleb128 0x13
 1365 00e4 00       		.byte	0
 1366 00e5 00       		.byte	0
ARM GAS  /tmp/cc2Lwq4u.s 			page 25


 1367 00e6 13       		.uleb128 0x13
 1368 00e7 2E       		.uleb128 0x2e
 1369 00e8 01       		.byte	0x1
 1370 00e9 03       		.uleb128 0x3
 1371 00ea 0E       		.uleb128 0xe
 1372 00eb 3A       		.uleb128 0x3a
 1373 00ec 0B       		.uleb128 0xb
 1374 00ed 3B       		.uleb128 0x3b
 1375 00ee 0B       		.uleb128 0xb
 1376 00ef 27       		.uleb128 0x27
 1377 00f0 0C       		.uleb128 0xc
 1378 00f1 49       		.uleb128 0x49
 1379 00f2 13       		.uleb128 0x13
 1380 00f3 20       		.uleb128 0x20
 1381 00f4 0B       		.uleb128 0xb
 1382 00f5 01       		.uleb128 0x1
 1383 00f6 13       		.uleb128 0x13
 1384 00f7 00       		.byte	0
 1385 00f8 00       		.byte	0
 1386 00f9 14       		.uleb128 0x14
 1387 00fa 34       		.uleb128 0x34
 1388 00fb 00       		.byte	0
 1389 00fc 03       		.uleb128 0x3
 1390 00fd 08       		.uleb128 0x8
 1391 00fe 3A       		.uleb128 0x3a
 1392 00ff 0B       		.uleb128 0xb
 1393 0100 3B       		.uleb128 0x3b
 1394 0101 0B       		.uleb128 0xb
 1395 0102 49       		.uleb128 0x49
 1396 0103 13       		.uleb128 0x13
 1397 0104 00       		.byte	0
 1398 0105 00       		.byte	0
 1399 0106 15       		.uleb128 0x15
 1400 0107 2E       		.uleb128 0x2e
 1401 0108 01       		.byte	0x1
 1402 0109 3F       		.uleb128 0x3f
 1403 010a 0C       		.uleb128 0xc
 1404 010b 03       		.uleb128 0x3
 1405 010c 0E       		.uleb128 0xe
 1406 010d 3A       		.uleb128 0x3a
 1407 010e 0B       		.uleb128 0xb
 1408 010f 3B       		.uleb128 0x3b
 1409 0110 0B       		.uleb128 0xb
 1410 0111 27       		.uleb128 0x27
 1411 0112 0C       		.uleb128 0xc
 1412 0113 49       		.uleb128 0x49
 1413 0114 13       		.uleb128 0x13
 1414 0115 11       		.uleb128 0x11
 1415 0116 01       		.uleb128 0x1
 1416 0117 12       		.uleb128 0x12
 1417 0118 01       		.uleb128 0x1
 1418 0119 40       		.uleb128 0x40
 1419 011a 06       		.uleb128 0x6
 1420 011b 9742     		.uleb128 0x2117
 1421 011d 0C       		.uleb128 0xc
 1422 011e 01       		.uleb128 0x1
 1423 011f 13       		.uleb128 0x13
ARM GAS  /tmp/cc2Lwq4u.s 			page 26


 1424 0120 00       		.byte	0
 1425 0121 00       		.byte	0
 1426 0122 16       		.uleb128 0x16
 1427 0123 05       		.uleb128 0x5
 1428 0124 00       		.byte	0
 1429 0125 03       		.uleb128 0x3
 1430 0126 08       		.uleb128 0x8
 1431 0127 3A       		.uleb128 0x3a
 1432 0128 0B       		.uleb128 0xb
 1433 0129 3B       		.uleb128 0x3b
 1434 012a 0B       		.uleb128 0xb
 1435 012b 49       		.uleb128 0x49
 1436 012c 13       		.uleb128 0x13
 1437 012d 02       		.uleb128 0x2
 1438 012e 06       		.uleb128 0x6
 1439 012f 00       		.byte	0
 1440 0130 00       		.byte	0
 1441 0131 17       		.uleb128 0x17
 1442 0132 34       		.uleb128 0x34
 1443 0133 00       		.byte	0
 1444 0134 03       		.uleb128 0x3
 1445 0135 08       		.uleb128 0x8
 1446 0136 3A       		.uleb128 0x3a
 1447 0137 0B       		.uleb128 0xb
 1448 0138 3B       		.uleb128 0x3b
 1449 0139 0B       		.uleb128 0xb
 1450 013a 49       		.uleb128 0x49
 1451 013b 13       		.uleb128 0x13
 1452 013c 02       		.uleb128 0x2
 1453 013d 0A       		.uleb128 0xa
 1454 013e 00       		.byte	0
 1455 013f 00       		.byte	0
 1456 0140 18       		.uleb128 0x18
 1457 0141 0B       		.uleb128 0xb
 1458 0142 01       		.byte	0x1
 1459 0143 11       		.uleb128 0x11
 1460 0144 01       		.uleb128 0x1
 1461 0145 12       		.uleb128 0x12
 1462 0146 01       		.uleb128 0x1
 1463 0147 01       		.uleb128 0x1
 1464 0148 13       		.uleb128 0x13
 1465 0149 00       		.byte	0
 1466 014a 00       		.byte	0
 1467 014b 19       		.uleb128 0x19
 1468 014c 34       		.uleb128 0x34
 1469 014d 00       		.byte	0
 1470 014e 03       		.uleb128 0x3
 1471 014f 08       		.uleb128 0x8
 1472 0150 3A       		.uleb128 0x3a
 1473 0151 0B       		.uleb128 0xb
 1474 0152 3B       		.uleb128 0x3b
 1475 0153 0B       		.uleb128 0xb
 1476 0154 49       		.uleb128 0x49
 1477 0155 13       		.uleb128 0x13
 1478 0156 02       		.uleb128 0x2
 1479 0157 06       		.uleb128 0x6
 1480 0158 00       		.byte	0
ARM GAS  /tmp/cc2Lwq4u.s 			page 27


 1481 0159 00       		.byte	0
 1482 015a 1A       		.uleb128 0x1a
 1483 015b 1D       		.uleb128 0x1d
 1484 015c 01       		.byte	0x1
 1485 015d 31       		.uleb128 0x31
 1486 015e 13       		.uleb128 0x13
 1487 015f 52       		.uleb128 0x52
 1488 0160 01       		.uleb128 0x1
 1489 0161 55       		.uleb128 0x55
 1490 0162 06       		.uleb128 0x6
 1491 0163 58       		.uleb128 0x58
 1492 0164 0B       		.uleb128 0xb
 1493 0165 59       		.uleb128 0x59
 1494 0166 0B       		.uleb128 0xb
 1495 0167 01       		.uleb128 0x1
 1496 0168 13       		.uleb128 0x13
 1497 0169 00       		.byte	0
 1498 016a 00       		.byte	0
 1499 016b 1B       		.uleb128 0x1b
 1500 016c 05       		.uleb128 0x5
 1501 016d 00       		.byte	0
 1502 016e 31       		.uleb128 0x31
 1503 016f 13       		.uleb128 0x13
 1504 0170 02       		.uleb128 0x2
 1505 0171 0A       		.uleb128 0xa
 1506 0172 00       		.byte	0
 1507 0173 00       		.byte	0
 1508 0174 1C       		.uleb128 0x1c
 1509 0175 898201   		.uleb128 0x4109
 1510 0178 01       		.byte	0x1
 1511 0179 11       		.uleb128 0x11
 1512 017a 01       		.uleb128 0x1
 1513 017b 31       		.uleb128 0x31
 1514 017c 13       		.uleb128 0x13
 1515 017d 01       		.uleb128 0x1
 1516 017e 13       		.uleb128 0x13
 1517 017f 00       		.byte	0
 1518 0180 00       		.byte	0
 1519 0181 1D       		.uleb128 0x1d
 1520 0182 8A8201   		.uleb128 0x410a
 1521 0185 00       		.byte	0
 1522 0186 02       		.uleb128 0x2
 1523 0187 0A       		.uleb128 0xa
 1524 0188 9142     		.uleb128 0x2111
 1525 018a 0A       		.uleb128 0xa
 1526 018b 00       		.byte	0
 1527 018c 00       		.byte	0
 1528 018d 1E       		.uleb128 0x1e
 1529 018e 898201   		.uleb128 0x4109
 1530 0191 00       		.byte	0
 1531 0192 11       		.uleb128 0x11
 1532 0193 01       		.uleb128 0x1
 1533 0194 31       		.uleb128 0x31
 1534 0195 13       		.uleb128 0x13
 1535 0196 00       		.byte	0
 1536 0197 00       		.byte	0
 1537 0198 1F       		.uleb128 0x1f
ARM GAS  /tmp/cc2Lwq4u.s 			page 28


 1538 0199 1D       		.uleb128 0x1d
 1539 019a 01       		.byte	0x1
 1540 019b 31       		.uleb128 0x31
 1541 019c 13       		.uleb128 0x13
 1542 019d 11       		.uleb128 0x11
 1543 019e 01       		.uleb128 0x1
 1544 019f 12       		.uleb128 0x12
 1545 01a0 01       		.uleb128 0x1
 1546 01a1 58       		.uleb128 0x58
 1547 01a2 0B       		.uleb128 0xb
 1548 01a3 59       		.uleb128 0x59
 1549 01a4 0B       		.uleb128 0xb
 1550 01a5 01       		.uleb128 0x1
 1551 01a6 13       		.uleb128 0x13
 1552 01a7 00       		.byte	0
 1553 01a8 00       		.byte	0
 1554 01a9 20       		.uleb128 0x20
 1555 01aa 05       		.uleb128 0x5
 1556 01ab 00       		.byte	0
 1557 01ac 31       		.uleb128 0x31
 1558 01ad 13       		.uleb128 0x13
 1559 01ae 02       		.uleb128 0x2
 1560 01af 06       		.uleb128 0x6
 1561 01b0 00       		.byte	0
 1562 01b1 00       		.byte	0
 1563 01b2 21       		.uleb128 0x21
 1564 01b3 0B       		.uleb128 0xb
 1565 01b4 01       		.byte	0x1
 1566 01b5 11       		.uleb128 0x11
 1567 01b6 01       		.uleb128 0x1
 1568 01b7 12       		.uleb128 0x12
 1569 01b8 01       		.uleb128 0x1
 1570 01b9 00       		.byte	0
 1571 01ba 00       		.byte	0
 1572 01bb 22       		.uleb128 0x22
 1573 01bc 34       		.uleb128 0x34
 1574 01bd 00       		.byte	0
 1575 01be 31       		.uleb128 0x31
 1576 01bf 13       		.uleb128 0x13
 1577 01c0 02       		.uleb128 0x2
 1578 01c1 06       		.uleb128 0x6
 1579 01c2 00       		.byte	0
 1580 01c3 00       		.byte	0
 1581 01c4 23       		.uleb128 0x23
 1582 01c5 0B       		.uleb128 0xb
 1583 01c6 01       		.byte	0x1
 1584 01c7 55       		.uleb128 0x55
 1585 01c8 06       		.uleb128 0x6
 1586 01c9 01       		.uleb128 0x1
 1587 01ca 13       		.uleb128 0x13
 1588 01cb 00       		.byte	0
 1589 01cc 00       		.byte	0
 1590 01cd 24       		.uleb128 0x24
 1591 01ce 898201   		.uleb128 0x4109
 1592 01d1 01       		.byte	0x1
 1593 01d2 11       		.uleb128 0x11
 1594 01d3 01       		.uleb128 0x1
ARM GAS  /tmp/cc2Lwq4u.s 			page 29


 1595 01d4 31       		.uleb128 0x31
 1596 01d5 13       		.uleb128 0x13
 1597 01d6 00       		.byte	0
 1598 01d7 00       		.byte	0
 1599 01d8 25       		.uleb128 0x25
 1600 01d9 2E       		.uleb128 0x2e
 1601 01da 01       		.byte	0x1
 1602 01db 3F       		.uleb128 0x3f
 1603 01dc 0C       		.uleb128 0xc
 1604 01dd 03       		.uleb128 0x3
 1605 01de 0E       		.uleb128 0xe
 1606 01df 3A       		.uleb128 0x3a
 1607 01e0 0B       		.uleb128 0xb
 1608 01e1 3B       		.uleb128 0x3b
 1609 01e2 0B       		.uleb128 0xb
 1610 01e3 27       		.uleb128 0x27
 1611 01e4 0C       		.uleb128 0xc
 1612 01e5 11       		.uleb128 0x11
 1613 01e6 01       		.uleb128 0x1
 1614 01e7 12       		.uleb128 0x12
 1615 01e8 01       		.uleb128 0x1
 1616 01e9 40       		.uleb128 0x40
 1617 01ea 06       		.uleb128 0x6
 1618 01eb 9742     		.uleb128 0x2117
 1619 01ed 0C       		.uleb128 0xc
 1620 01ee 01       		.uleb128 0x1
 1621 01ef 13       		.uleb128 0x13
 1622 01f0 00       		.byte	0
 1623 01f1 00       		.byte	0
 1624 01f2 26       		.uleb128 0x26
 1625 01f3 34       		.uleb128 0x34
 1626 01f4 00       		.byte	0
 1627 01f5 03       		.uleb128 0x3
 1628 01f6 0E       		.uleb128 0xe
 1629 01f7 3A       		.uleb128 0x3a
 1630 01f8 0B       		.uleb128 0xb
 1631 01f9 3B       		.uleb128 0x3b
 1632 01fa 0B       		.uleb128 0xb
 1633 01fb 49       		.uleb128 0x49
 1634 01fc 13       		.uleb128 0x13
 1635 01fd 3F       		.uleb128 0x3f
 1636 01fe 0C       		.uleb128 0xc
 1637 01ff 3C       		.uleb128 0x3c
 1638 0200 0C       		.uleb128 0xc
 1639 0201 00       		.byte	0
 1640 0202 00       		.byte	0
 1641 0203 27       		.uleb128 0x27
 1642 0204 2E       		.uleb128 0x2e
 1643 0205 01       		.byte	0x1
 1644 0206 3F       		.uleb128 0x3f
 1645 0207 0C       		.uleb128 0xc
 1646 0208 03       		.uleb128 0x3
 1647 0209 0E       		.uleb128 0xe
 1648 020a 3A       		.uleb128 0x3a
 1649 020b 0B       		.uleb128 0xb
 1650 020c 3B       		.uleb128 0x3b
 1651 020d 0B       		.uleb128 0xb
ARM GAS  /tmp/cc2Lwq4u.s 			page 30


 1652 020e 27       		.uleb128 0x27
 1653 020f 0C       		.uleb128 0xc
 1654 0210 3C       		.uleb128 0x3c
 1655 0211 0C       		.uleb128 0xc
 1656 0212 01       		.uleb128 0x1
 1657 0213 13       		.uleb128 0x13
 1658 0214 00       		.byte	0
 1659 0215 00       		.byte	0
 1660 0216 28       		.uleb128 0x28
 1661 0217 05       		.uleb128 0x5
 1662 0218 00       		.byte	0
 1663 0219 49       		.uleb128 0x49
 1664 021a 13       		.uleb128 0x13
 1665 021b 00       		.byte	0
 1666 021c 00       		.byte	0
 1667 021d 29       		.uleb128 0x29
 1668 021e 2E       		.uleb128 0x2e
 1669 021f 01       		.byte	0x1
 1670 0220 3F       		.uleb128 0x3f
 1671 0221 0C       		.uleb128 0xc
 1672 0222 03       		.uleb128 0x3
 1673 0223 0E       		.uleb128 0xe
 1674 0224 3A       		.uleb128 0x3a
 1675 0225 0B       		.uleb128 0xb
 1676 0226 3B       		.uleb128 0x3b
 1677 0227 0B       		.uleb128 0xb
 1678 0228 27       		.uleb128 0x27
 1679 0229 0C       		.uleb128 0xc
 1680 022a 49       		.uleb128 0x49
 1681 022b 13       		.uleb128 0x13
 1682 022c 3C       		.uleb128 0x3c
 1683 022d 0C       		.uleb128 0xc
 1684 022e 01       		.uleb128 0x1
 1685 022f 13       		.uleb128 0x13
 1686 0230 00       		.byte	0
 1687 0231 00       		.byte	0
 1688 0232 2A       		.uleb128 0x2a
 1689 0233 2E       		.uleb128 0x2e
 1690 0234 01       		.byte	0x1
 1691 0235 3F       		.uleb128 0x3f
 1692 0236 0C       		.uleb128 0xc
 1693 0237 03       		.uleb128 0x3
 1694 0238 0E       		.uleb128 0xe
 1695 0239 3A       		.uleb128 0x3a
 1696 023a 0B       		.uleb128 0xb
 1697 023b 3B       		.uleb128 0x3b
 1698 023c 0B       		.uleb128 0xb
 1699 023d 27       		.uleb128 0x27
 1700 023e 0C       		.uleb128 0xc
 1701 023f 3C       		.uleb128 0x3c
 1702 0240 0C       		.uleb128 0xc
 1703 0241 00       		.byte	0
 1704 0242 00       		.byte	0
 1705 0243 00       		.byte	0
 1706              		.section	.debug_loc,"",%progbits
 1707              	.Ldebug_loc0:
 1708              	.LLST0:
ARM GAS  /tmp/cc2Lwq4u.s 			page 31


 1709 0000 00000000 		.4byte	.LFB7
 1710 0004 04000000 		.4byte	.LCFI0
 1711 0008 0200     		.2byte	0x2
 1712 000a 7D       		.byte	0x7d
 1713 000b 00       		.sleb128 0
 1714 000c 04000000 		.4byte	.LCFI0
 1715 0010 40000000 		.4byte	.LFE7
 1716 0014 0200     		.2byte	0x2
 1717 0016 7D       		.byte	0x7d
 1718 0017 10       		.sleb128 16
 1719 0018 00000000 		.4byte	0
 1720 001c 00000000 		.4byte	0
 1721              	.LLST1:
 1722 0020 00000000 		.4byte	.LVL0
 1723 0024 24000000 		.4byte	.LVL6
 1724 0028 0100     		.2byte	0x1
 1725 002a 50       		.byte	0x50
 1726 002b 24000000 		.4byte	.LVL6
 1727 002f 34000000 		.4byte	.LVL11
 1728 0033 0300     		.2byte	0x3
 1729 0035 75       		.byte	0x75
 1730 0036 54       		.sleb128 -44
 1731 0037 9F       		.byte	0x9f
 1732 0038 34000000 		.4byte	.LVL11
 1733 003c 37000000 		.4byte	.LVL12-1
 1734 0040 0100     		.2byte	0x1
 1735 0042 50       		.byte	0x50
 1736 0043 37000000 		.4byte	.LVL12-1
 1737 0047 40000000 		.4byte	.LFE7
 1738 004b 0300     		.2byte	0x3
 1739 004d 75       		.byte	0x75
 1740 004e 54       		.sleb128 -44
 1741 004f 9F       		.byte	0x9f
 1742 0050 00000000 		.4byte	0
 1743 0054 00000000 		.4byte	0
 1744              	.LLST2:
 1745 0058 00000000 		.4byte	.LVL0
 1746 005c 24000000 		.4byte	.LVL6
 1747 0060 0100     		.2byte	0x1
 1748 0062 51       		.byte	0x51
 1749 0063 24000000 		.4byte	.LVL6
 1750 0067 2C000000 		.4byte	.LVL8
 1751 006b 0400     		.2byte	0x4
 1752 006d F3       		.byte	0xf3
 1753 006e 01       		.uleb128 0x1
 1754 006f 51       		.byte	0x51
 1755 0070 9F       		.byte	0x9f
 1756 0071 2C000000 		.4byte	.LVL8
 1757 0075 34000000 		.4byte	.LVL11
 1758 0079 0100     		.2byte	0x1
 1759 007b 50       		.byte	0x50
 1760 007c 34000000 		.4byte	.LVL11
 1761 0080 37000000 		.4byte	.LVL12-1
 1762 0084 0100     		.2byte	0x1
 1763 0086 51       		.byte	0x51
 1764 0087 37000000 		.4byte	.LVL12-1
 1765 008b 40000000 		.4byte	.LFE7
ARM GAS  /tmp/cc2Lwq4u.s 			page 32


 1766 008f 0400     		.2byte	0x4
 1767 0091 F3       		.byte	0xf3
 1768 0092 01       		.uleb128 0x1
 1769 0093 51       		.byte	0x51
 1770 0094 9F       		.byte	0x9f
 1771 0095 00000000 		.4byte	0
 1772 0099 00000000 		.4byte	0
 1773              	.LLST3:
 1774 009d 0C000000 		.4byte	.LVL3
 1775 00a1 16000000 		.4byte	.LVL5
 1776 00a5 0100     		.2byte	0x1
 1777 00a7 53       		.byte	0x53
 1778 00a8 00000000 		.4byte	0
 1779 00ac 00000000 		.4byte	0
 1780              	.LLST4:
 1781 00b0 32000000 		.4byte	.LVL10
 1782 00b4 34000000 		.4byte	.LVL11
 1783 00b8 0100     		.2byte	0x1
 1784 00ba 53       		.byte	0x53
 1785 00bb 00000000 		.4byte	0
 1786 00bf 00000000 		.4byte	0
 1787              	.LLST5:
 1788 00c3 00000000 		.4byte	.LFB8
 1789 00c7 02000000 		.4byte	.LCFI1
 1790 00cb 0200     		.2byte	0x2
 1791 00cd 7D       		.byte	0x7d
 1792 00ce 00       		.sleb128 0
 1793 00cf 02000000 		.4byte	.LCFI1
 1794 00d3 3C000000 		.4byte	.LFE8
 1795 00d7 0200     		.2byte	0x2
 1796 00d9 7D       		.byte	0x7d
 1797 00da 08       		.sleb128 8
 1798 00db 00000000 		.4byte	0
 1799 00df 00000000 		.4byte	0
 1800              	.LLST6:
 1801 00e3 08000000 		.4byte	.LVL14
 1802 00e7 0C000000 		.4byte	.LVL15
 1803 00eb 0100     		.2byte	0x1
 1804 00ed 53       		.byte	0x53
 1805 00ee 00000000 		.4byte	0
 1806 00f2 00000000 		.4byte	0
 1807              	.LLST7:
 1808 00f6 16000000 		.4byte	.LVL16
 1809 00fa 20000000 		.4byte	.LVL17
 1810 00fe 0300     		.2byte	0x3
 1811 0100 73       		.byte	0x73
 1812 0101 2C       		.sleb128 44
 1813 0102 9F       		.byte	0x9f
 1814 0103 00000000 		.4byte	0
 1815 0107 00000000 		.4byte	0
 1816              	.LLST8:
 1817 010b 16000000 		.4byte	.LVL16
 1818 010f 28000000 		.4byte	.LVL19
 1819 0113 0100     		.2byte	0x1
 1820 0115 50       		.byte	0x50
 1821 0116 00000000 		.4byte	0
 1822 011a 00000000 		.4byte	0
ARM GAS  /tmp/cc2Lwq4u.s 			page 33


 1823              	.LLST9:
 1824 011e 26000000 		.4byte	.LVL18
 1825 0122 28000000 		.4byte	.LVL19
 1826 0126 0100     		.2byte	0x1
 1827 0128 53       		.byte	0x53
 1828 0129 00000000 		.4byte	0
 1829 012d 00000000 		.4byte	0
 1830              	.LLST10:
 1831 0131 00000000 		.4byte	.LFB9
 1832 0135 02000000 		.4byte	.LCFI2
 1833 0139 0200     		.2byte	0x2
 1834 013b 7D       		.byte	0x7d
 1835 013c 00       		.sleb128 0
 1836 013d 02000000 		.4byte	.LCFI2
 1837 0141 14000000 		.4byte	.LFE9
 1838 0145 0200     		.2byte	0x2
 1839 0147 7D       		.byte	0x7d
 1840 0148 08       		.sleb128 8
 1841 0149 00000000 		.4byte	0
 1842 014d 00000000 		.4byte	0
 1843              	.LLST11:
 1844 0151 00000000 		.4byte	.LVL21
 1845 0155 0B000000 		.4byte	.LVL24-1
 1846 0159 0100     		.2byte	0x1
 1847 015b 50       		.byte	0x50
 1848 015c 0B000000 		.4byte	.LVL24-1
 1849 0160 14000000 		.4byte	.LFE9
 1850 0164 0400     		.2byte	0x4
 1851 0166 F3       		.byte	0xf3
 1852 0167 01       		.uleb128 0x1
 1853 0168 50       		.byte	0x50
 1854 0169 9F       		.byte	0x9f
 1855 016a 00000000 		.4byte	0
 1856 016e 00000000 		.4byte	0
 1857              	.LLST12:
 1858 0172 00000000 		.4byte	.LVL21
 1859 0176 0B000000 		.4byte	.LVL24-1
 1860 017a 0100     		.2byte	0x1
 1861 017c 51       		.byte	0x51
 1862 017d 0B000000 		.4byte	.LVL24-1
 1863 0181 14000000 		.4byte	.LFE9
 1864 0185 0400     		.2byte	0x4
 1865 0187 F3       		.byte	0xf3
 1866 0188 01       		.uleb128 0x1
 1867 0189 51       		.byte	0x51
 1868 018a 9F       		.byte	0x9f
 1869 018b 00000000 		.4byte	0
 1870 018f 00000000 		.4byte	0
 1871              	.LLST13:
 1872 0193 08000000 		.4byte	.LVL23
 1873 0197 0B000000 		.4byte	.LVL24-1
 1874 019b 0100     		.2byte	0x1
 1875 019d 53       		.byte	0x53
 1876 019e 00000000 		.4byte	0
 1877 01a2 00000000 		.4byte	0
 1878              	.LLST14:
 1879 01a6 12000000 		.4byte	.LVL26
ARM GAS  /tmp/cc2Lwq4u.s 			page 34


 1880 01aa 14000000 		.4byte	.LFE9
 1881 01ae 0100     		.2byte	0x1
 1882 01b0 53       		.byte	0x53
 1883 01b1 00000000 		.4byte	0
 1884 01b5 00000000 		.4byte	0
 1885              		.section	.debug_aranges,"",%progbits
 1886 0000 2C000000 		.4byte	0x2c
 1887 0004 0200     		.2byte	0x2
 1888 0006 00000000 		.4byte	.Ldebug_info0
 1889 000a 04       		.byte	0x4
 1890 000b 00       		.byte	0
 1891 000c 0000     		.2byte	0
 1892 000e 0000     		.2byte	0
 1893 0010 00000000 		.4byte	.LFB7
 1894 0014 40000000 		.4byte	.LFE7-.LFB7
 1895 0018 00000000 		.4byte	.LFB8
 1896 001c 3C000000 		.4byte	.LFE8-.LFB8
 1897 0020 00000000 		.4byte	.LFB9
 1898 0024 14000000 		.4byte	.LFE9-.LFB9
 1899 0028 00000000 		.4byte	0
 1900 002c 00000000 		.4byte	0
 1901              		.section	.debug_ranges,"",%progbits
 1902              	.Ldebug_ranges0:
 1903 0000 14000000 		.4byte	.LBB11
 1904 0004 18000000 		.4byte	.LBE11
 1905 0008 1C000000 		.4byte	.LBB14
 1906 000c 22000000 		.4byte	.LBE14
 1907 0010 00000000 		.4byte	0
 1908 0014 00000000 		.4byte	0
 1909 0018 1E000000 		.4byte	.LBB19
 1910 001c 20000000 		.4byte	.LBE19
 1911 0020 22000000 		.4byte	.LBB20
 1912 0024 26000000 		.4byte	.LBE20
 1913 0028 00000000 		.4byte	0
 1914 002c 00000000 		.4byte	0
 1915 0030 00000000 		.4byte	.LFB7
 1916 0034 40000000 		.4byte	.LFE7
 1917 0038 00000000 		.4byte	.LFB8
 1918 003c 3C000000 		.4byte	.LFE8
 1919 0040 00000000 		.4byte	.LFB9
 1920 0044 14000000 		.4byte	.LFE9
 1921 0048 00000000 		.4byte	0
 1922 004c 00000000 		.4byte	0
 1923              		.section	.debug_line,"",%progbits
 1924              	.Ldebug_line0:
 1925 0000 84010000 		.section	.debug_str,"MS",%progbits,1
 1925      02001801 
 1925      00000201 
 1925      FB0E0D00 
 1925      01010101 
 1926              	.LASF36:
 1927 0000 705F6D73 		.ascii	"p_msg\000"
 1927      6700
 1928              	.LASF68:
 1929 0006 71756575 		.ascii	"queue_insert\000"
 1929      655F696E 
 1929      73657274 
ARM GAS  /tmp/cc2Lwq4u.s 			page 35


 1929      00
 1930              	.LASF58:
 1931 0013 7264796D 		.ascii	"rdymsg\000"
 1931      736700
 1932              	.LASF11:
 1933 001a 6C6F6E67 		.ascii	"long long unsigned int\000"
 1933      206C6F6E 
 1933      6720756E 
 1933      7369676E 
 1933      65642069 
 1934              	.LASF59:
 1935 0031 65786974 		.ascii	"exitcode\000"
 1935      636F6465 
 1935      00
 1936              	.LASF24:
 1937 003a 705F7072 		.ascii	"p_prio\000"
 1937      696F00
 1938              	.LASF10:
 1939 0041 6C6F6E67 		.ascii	"long long int\000"
 1939      206C6F6E 
 1939      6720696E 
 1939      7400
 1940              	.LASF1:
 1941 004f 7369676E 		.ascii	"signed char\000"
 1941      65642063 
 1941      68617200 
 1942              	.LASF40:
 1943 005b 705F6D70 		.ascii	"p_mpool\000"
 1943      6F6F6C00 
 1944              	.LASF55:
 1945 0063 6D5F7175 		.ascii	"m_queue\000"
 1945      65756500 
 1946              	.LASF16:
 1947 006b 74736C69 		.ascii	"tslices_t\000"
 1947      6365735F 
 1947      7400
 1948              	.LASF7:
 1949 0075 6C6F6E67 		.ascii	"long int\000"
 1949      20696E74 
 1949      00
 1950              	.LASF63:
 1951 007e 63684D73 		.ascii	"chMsgSend\000"
 1951      6753656E 
 1951      6400
 1952              	.LASF14:
 1953 0088 74737461 		.ascii	"tstate_t\000"
 1953      74655F74 
 1953      00
 1954              	.LASF26:
 1955 0091 705F6E65 		.ascii	"p_newer\000"
 1955      77657200 
 1956              	.LASF50:
 1957 0099 725F6E65 		.ascii	"r_newer\000"
 1957      77657200 
 1958              	.LASF43:
 1959 00a1 72656761 		.ascii	"regarm_t\000"
 1959      726D5F74 
ARM GAS  /tmp/cc2Lwq4u.s 			page 36


 1959      00
 1960              	.LASF0:
 1961 00aa 756E7369 		.ascii	"unsigned int\000"
 1961      676E6564 
 1961      20696E74 
 1961      00
 1962              	.LASF9:
 1963 00b7 6C6F6E67 		.ascii	"long unsigned int\000"
 1963      20756E73 
 1963      69676E65 
 1963      6420696E 
 1963      7400
 1964              	.LASF45:
 1965 00c9 636F6E74 		.ascii	"context\000"
 1965      65787400 
 1966              	.LASF4:
 1967 00d1 73686F72 		.ascii	"short unsigned int\000"
 1967      7420756E 
 1967      7369676E 
 1967      65642069 
 1967      6E7400
 1968              	.LASF18:
 1969 00e4 6D73675F 		.ascii	"msg_t\000"
 1969      7400
 1970              	.LASF13:
 1971 00ea 746D6F64 		.ascii	"tmode_t\000"
 1971      655F7400 
 1972              	.LASF42:
 1973 00f2 54687265 		.ascii	"ThreadsList\000"
 1973      6164734C 
 1973      69737400 
 1974              	.LASF19:
 1975 00fe 6576656E 		.ascii	"eventmask_t\000"
 1975      746D6173 
 1975      6B5F7400 
 1976              	.LASF54:
 1977 010a 4D757465 		.ascii	"Mutex\000"
 1977      7800
 1978              	.LASF65:
 1979 0110 474E5520 		.ascii	"GNU C 4.7.4 20130613 (release) [ARM/embedded-4_7-br"
 1979      4320342E 
 1979      372E3420 
 1979      32303133 
 1979      30363133 
 1980 0143 616E6368 		.ascii	"anch revision 200083]\000"
 1980      20726576 
 1980      6973696F 
 1980      6E203230 
 1980      30303833 
 1981              	.LASF46:
 1982 0159 73697A65 		.ascii	"sizetype\000"
 1982      74797065 
 1982      00
 1983              	.LASF27:
 1984 0162 705F6F6C 		.ascii	"p_older\000"
 1984      64657200 
 1985              	.LASF49:
ARM GAS  /tmp/cc2Lwq4u.s 			page 37


 1986 016a 725F6374 		.ascii	"r_ctx\000"
 1986      7800
 1987              	.LASF41:
 1988 0170 54687265 		.ascii	"ThreadsQueue\000"
 1988      61647351 
 1988      75657565 
 1988      00
 1989              	.LASF52:
 1990 017d 725F6375 		.ascii	"r_current\000"
 1990      7272656E 
 1990      7400
 1991              	.LASF51:
 1992 0187 725F6F6C 		.ascii	"r_older\000"
 1992      64657200 
 1993              	.LASF15:
 1994 018f 74726566 		.ascii	"trefs_t\000"
 1994      735F7400 
 1995              	.LASF23:
 1996 0197 705F7072 		.ascii	"p_prev\000"
 1996      657600
 1997              	.LASF17:
 1998 019e 74707269 		.ascii	"tprio_t\000"
 1998      6F5F7400 
 1999              	.LASF12:
 2000 01a6 5F426F6F 		.ascii	"_Bool\000"
 2000      6C00
 2001              	.LASF6:
 2002 01ac 696E7433 		.ascii	"int32_t\000"
 2002      325F7400 
 2003              	.LASF2:
 2004 01b4 756E7369 		.ascii	"unsigned char\000"
 2004      676E6564 
 2004      20636861 
 2004      7200
 2005              	.LASF38:
 2006 01c2 705F6D74 		.ascii	"p_mtxlist\000"
 2006      786C6973 
 2006      7400
 2007              	.LASF3:
 2008 01cc 73686F72 		.ascii	"short int\000"
 2008      7420696E 
 2008      7400
 2009              	.LASF29:
 2010 01d6 705F7374 		.ascii	"p_state\000"
 2010      61746500 
 2011              	.LASF32:
 2012 01de 705F7072 		.ascii	"p_preempt\000"
 2012      65656D70 
 2012      7400
 2013              	.LASF48:
 2014 01e8 725F7072 		.ascii	"r_prio\000"
 2014      696F00
 2015              	.LASF61:
 2016 01ef 65776D61 		.ascii	"ewmask\000"
 2016      736B00
 2017              	.LASF22:
 2018 01f6 705F6E65 		.ascii	"p_next\000"
ARM GAS  /tmp/cc2Lwq4u.s 			page 38


 2018      787400
 2019              	.LASF30:
 2020 01fd 705F666C 		.ascii	"p_flags\000"
 2020      61677300 
 2021              	.LASF21:
 2022 0205 54687265 		.ascii	"Thread\000"
 2022      616400
 2023              	.LASF70:
 2024 020c 63684D73 		.ascii	"chMsgRelease\000"
 2024      6752656C 
 2024      65617365 
 2024      00
 2025              	.LASF72:
 2026 0219 63685363 		.ascii	"chSchGoSleepS\000"
 2026      68476F53 
 2026      6C656570 
 2026      5300
 2027              	.LASF37:
 2028 0227 705F6570 		.ascii	"p_epending\000"
 2028      656E6469 
 2028      6E6700
 2029              	.LASF8:
 2030 0232 75696E74 		.ascii	"uint32_t\000"
 2030      33325F74 
 2030      00
 2031              	.LASF47:
 2032 023b 725F7175 		.ascii	"r_queue\000"
 2032      65756500 
 2033              	.LASF73:
 2034 0243 63685363 		.ascii	"chSchReadyI\000"
 2034      68526561 
 2034      64794900 
 2035              	.LASF62:
 2036 024f 63686172 		.ascii	"char\000"
 2036      00
 2037              	.LASF69:
 2038 0254 6669666F 		.ascii	"fifo_remove\000"
 2038      5F72656D 
 2038      6F766500 
 2039              	.LASF57:
 2040 0260 6D5F6E65 		.ascii	"m_next\000"
 2040      787400
 2041              	.LASF20:
 2042 0267 73797374 		.ascii	"systime_t\000"
 2042      696D655F 
 2042      7400
 2043              	.LASF39:
 2044 0271 705F7265 		.ascii	"p_realprio\000"
 2044      616C7072 
 2044      696F00
 2045              	.LASF67:
 2046 027c 2F686F6D 		.ascii	"/home/witold/Dokumenty/arm/ChibiOS-master/demos/ARM"
 2046      652F7769 
 2046      746F6C64 
 2046      2F446F6B 
 2046      756D656E 
 2047 02af 434D342D 		.ascii	"CM4-STM32F407-LWIP\000"
ARM GAS  /tmp/cc2Lwq4u.s 			page 39


 2047      53544D33 
 2047      32463430 
 2047      372D4C57 
 2047      495000
 2048              	.LASF33:
 2049 02c2 705F7469 		.ascii	"p_time\000"
 2049      6D6500
 2050              	.LASF44:
 2051 02c9 696E7463 		.ascii	"intctx\000"
 2051      747800
 2052              	.LASF35:
 2053 02d0 705F6D73 		.ascii	"p_msgqueue\000"
 2053      67717565 
 2053      756500
 2054              	.LASF74:
 2055 02db 63685363 		.ascii	"chSchWakeupS\000"
 2055      6857616B 
 2055      65757053 
 2055      00
 2056              	.LASF64:
 2057 02e8 63684D73 		.ascii	"chMsgWait\000"
 2057      67576169 
 2057      7400
 2058              	.LASF31:
 2059 02f2 705F7265 		.ascii	"p_refs\000"
 2059      667300
 2060              	.LASF53:
 2061 02f9 52656164 		.ascii	"ReadyList\000"
 2061      794C6973 
 2061      7400
 2062              	.LASF71:
 2063 0303 726C6973 		.ascii	"rlist\000"
 2063      7400
 2064              	.LASF5:
 2065 0309 75696E74 		.ascii	"uint8_t\000"
 2065      385F7400 
 2066              	.LASF60:
 2067 0311 77746F62 		.ascii	"wtobjp\000"
 2067      6A7000
 2068              	.LASF28:
 2069 0318 705F6E61 		.ascii	"p_name\000"
 2069      6D6500
 2070              	.LASF66:
 2071 031f 2E2E2F2E 		.ascii	"../../os/kernel/src/chmsg.c\000"
 2071      2E2F6F73 
 2071      2F6B6572 
 2071      6E656C2F 
 2071      7372632F 
 2072              	.LASF56:
 2073 033b 6D5F6F77 		.ascii	"m_owner\000"
 2073      6E657200 
 2074              	.LASF25:
 2075 0343 705F6374 		.ascii	"p_ctx\000"
 2075      7800
 2076              	.LASF34:
 2077 0349 705F7761 		.ascii	"p_waiting\000"
 2077      6974696E 
ARM GAS  /tmp/cc2Lwq4u.s 			page 40


 2077      6700
 2078              		.ident	"GCC: (GNU Tools for ARM Embedded Processors) 4.7.4 20130613 (release) [ARM/embedded-4_7-br
ARM GAS  /tmp/cc2Lwq4u.s 			page 41


DEFINED SYMBOLS
                            *ABS*:00000000 chmsg.c
     /tmp/cc2Lwq4u.s:19     .text.chMsgSend:00000000 $t
     /tmp/cc2Lwq4u.s:25     .text.chMsgSend:00000000 chMsgSend
     /tmp/cc2Lwq4u.s:117    .text.chMsgSend:0000003c $d
     /tmp/cc2Lwq4u.s:122    .text.chMsgWait:00000000 $t
     /tmp/cc2Lwq4u.s:128    .text.chMsgWait:00000000 chMsgWait
     /tmp/cc2Lwq4u.s:199    .text.chMsgWait:00000038 $d
     /tmp/cc2Lwq4u.s:204    .text.chMsgRelease:00000000 $t
     /tmp/cc2Lwq4u.s:210    .text.chMsgRelease:00000000 chMsgRelease
                     .debug_frame:00000010 $d
     /tmp/cc2Lwq4u.s:203    .text.chMsgWait:0000003c $t

UNDEFINED SYMBOLS
chSchGoSleepS
chSchReadyI
rlist
chSchWakeupS
