ARM GAS  /tmp/ccyUdlE0.s 			page 1


   1              		.syntax unified
   2              		.cpu cortex-m4
   3              		.fpu softvfp
   4              		.eabi_attribute 20, 1
   5              		.eabi_attribute 21, 1
   6              		.eabi_attribute 23, 3
   7              		.eabi_attribute 24, 1
   8              		.eabi_attribute 25, 1
   9              		.eabi_attribute 26, 1
  10              		.eabi_attribute 30, 2
  11              		.eabi_attribute 34, 1
  12              		.eabi_attribute 18, 4
  13              		.thumb
  14              		.file	"chsys.c"
  15              		.text
  16              	.Ltext0:
  17              		.cfi_sections	.debug_frame
  18              		.section	.text._idle_thread,"ax",%progbits
  19              		.align	2
  20              		.p2align 4,,15
  21              		.global	_idle_thread
  22              		.thumb
  23              		.thumb_func
  24              		.type	_idle_thread, %function
  25              	_idle_thread:
  26              	.LFB7:
  27              		.file 1 "../../os/kernel/src/chsys.c"
  28              		.loc 1 54 0
  29              		.cfi_startproc
  30              		@ args = 0, pretend = 0, frame = 0
  31              		@ frame_needed = 0, uses_anonymous_args = 0
  32              		@ link register save eliminated.
  33              	.LVL0:
  34              		.loc 1 57 0
  35 0000 024B     		ldr	r3, .L4
  36 0002 034A     		ldr	r2, .L4+4
  37 0004 9869     		ldr	r0, [r3, #24]
  38              	.LVL1:
  39 0006 8261     		str	r2, [r0, #24]
  40              	.L2:
  41 0008 FEE7     		b	.L2
  42              	.L5:
  43 000a 00BF     		.align	2
  44              	.L4:
  45 000c 00000000 		.word	rlist
  46 0010 00000000 		.word	.LC0
  47              		.cfi_endproc
  48              	.LFE7:
  49              		.size	_idle_thread, .-_idle_thread
  50 0014 AFF30080 		.section	.text.chSysInit,"ax",%progbits
  50      AFF30080 
  50      AFF30080 
  51              		.align	2
  52              		.p2align 4,,15
  53              		.global	chSysInit
  54              		.thumb
  55              		.thumb_func
ARM GAS  /tmp/ccyUdlE0.s 			page 2


  56              		.type	chSysInit, %function
  57              	chSysInit:
  58              	.LFB8:
  59              		.loc 1 77 0
  60              		.cfi_startproc
  61              		@ args = 0, pretend = 0, frame = 0
  62              		@ frame_needed = 0, uses_anonymous_args = 0
  63 0000 00B5     		push	{lr}
  64              	.LCFI0:
  65              		.cfi_def_cfa_offset 4
  66              		.cfi_offset 14, -4
  67 0002 83B0     		sub	sp, sp, #12
  68              	.LCFI1:
  69              		.cfi_def_cfa_offset 16
  70              		.loc 1 83 0
  71 0004 FFF7FEFF 		bl	_port_init
  72              	.LVL2:
  73              		.loc 1 84 0
  74 0008 FFF7FEFF 		bl	_scheduler_init
  75              	.LVL3:
  76              		.loc 1 85 0
  77 000c FFF7FEFF 		bl	_vt_init
  78              	.LVL4:
  79              		.loc 1 87 0
  80 0010 FFF7FEFF 		bl	_core_init
  81              	.LVL5:
  82              		.loc 1 90 0
  83 0014 FFF7FEFF 		bl	_heap_init
  84              	.LVL6:
  85              		.loc 1 97 0
  86 0018 40F20000 		movw	r0, #:lower16:.LANCHOR0
  87 001c 4021     		movs	r1, #64
  88 001e C0F20000 		movt	r0, #:upper16:.LANCHOR0
  89 0022 FFF7FEFF 		bl	_thread_init
  90              	.LVL7:
  91 0026 40F20001 		movw	r1, #:lower16:rlist
  92 002a C0F20001 		movt	r1, #:upper16:rlist
  93              		.loc 1 98 0
  94 002e 0122     		movs	r2, #1
  95              		.loc 1 97 0
  96 0030 8861     		str	r0, [r1, #24]
  97              		.loc 1 98 0
  98 0032 0277     		strb	r2, [r0, #28]
  99              	.LBB2:
 100              		.loc 1 104 0
 101 0034 0023     		movs	r3, #0
 102              	.LVL8:
 103              	@ 104 "../../os/kernel/src/chsys.c" 1
 104 0036 83F31188 		msr     BASEPRI, r3                    
 105 003a 62B6     		cpsie   i
 106              	@ 0 "" 2
 107              	.LVL9:
 108              		.thumb
 109              	.LBE2:
 110              		.loc 1 108 0
 111 003c 40F20000 		movw	r0, #:lower16:ch_debug
 112 0040 8969     		ldr	r1, [r1, #24]
ARM GAS  /tmp/ccyUdlE0.s 			page 3


 113 0042 C0F20000 		movt	r0, #:upper16:ch_debug
 114 0046 8861     		str	r0, [r1, #24]
 115              		.loc 1 114 0
 116 0048 0093     		str	r3, [sp, #0]
 117 004a 40F20000 		movw	r0, #:lower16:.LANCHOR1
 118 004e 40F20003 		movw	r3, #:lower16:_idle_thread
 119              	.LVL10:
 120 0052 C021     		movs	r1, #192
 121 0054 C0F20003 		movt	r3, #:upper16:_idle_thread
 122 0058 C0F20000 		movt	r0, #:upper16:.LANCHOR1
 123 005c FFF7FEFF 		bl	chThdCreateStatic
 124              	.LVL11:
 125              		.loc 1 117 0
 126 0060 03B0     		add	sp, sp, #12
 127 0062 00BD     		pop	{pc}
 128              		.cfi_endproc
 129              	.LFE8:
 130              		.size	chSysInit, .-chSysInit
 131 0064 AFF30080 		.section	.text.chSysTimerHandlerI,"ax",%progbits
 131      AFF30080 
 131      AFF30080 
 132              		.align	2
 133              		.p2align 4,,15
 134              		.global	chSysTimerHandlerI
 135              		.thumb
 136              		.thumb_func
 137              		.type	chSysTimerHandlerI, %function
 138              	chSysTimerHandlerI:
 139              	.LFB9:
 140              		.loc 1 130 0
 141              		.cfi_startproc
 142              		@ args = 0, pretend = 0, frame = 0
 143              		@ frame_needed = 0, uses_anonymous_args = 0
 144 0000 38B5     		push	{r3, r4, r5, lr}
 145              	.LCFI2:
 146              		.cfi_def_cfa_offset 16
 147              		.cfi_offset 3, -16
 148              		.cfi_offset 4, -12
 149              		.cfi_offset 5, -8
 150              		.cfi_offset 14, -4
 151              		.loc 1 136 0
 152 0002 134B     		ldr	r3, .L20
 153 0004 9869     		ldr	r0, [r3, #24]
 154 0006 C27F     		ldrb	r2, [r0, #31]	@ zero_extendqisi2
 155 0008 0AB1     		cbz	r2, .L8
 156              		.loc 1 138 0
 157 000a 511E     		subs	r1, r2, #1
 158 000c C177     		strb	r1, [r0, #31]
 159              	.L8:
 160              		.loc 1 141 0
 161 000e 036A     		ldr	r3, [r0, #32]
 162              		.loc 1 143 0
 163 0010 104C     		ldr	r4, .L20+4
 164              		.loc 1 141 0
 165 0012 5A1C     		adds	r2, r3, #1
 166 0014 0262     		str	r2, [r0, #32]
 167              		.loc 1 143 0
ARM GAS  /tmp/ccyUdlE0.s 			page 4


 168 0016 E068     		ldr	r0, [r4, #12]
 169 0018 2268     		ldr	r2, [r4, #0]
 170 001a 411C     		adds	r1, r0, #1
 171 001c A242     		cmp	r2, r4
 172 001e E160     		str	r1, [r4, #12]
 173 0020 14D0     		beq	.L7
 174              	.LBB3:
 175              		.loc 1 143 0 is_stmt 0 discriminator 1
 176 0022 9568     		ldr	r5, [r2, #8]
 177 0024 013D     		subs	r5, r5, #1
 178 0026 9560     		str	r5, [r2, #8]
 179              	.LVL12:
 180 0028 85B9     		cbnz	r5, .L7
 181              	.LVL13:
 182              	.L16:
 183              	.LBB4:
 184              		.loc 1 143 0 discriminator 3
 185 002a 1368     		ldr	r3, [r2, #0]
 186              	.LVL14:
 187 002c D168     		ldr	r1, [r2, #12]
 188              	.LVL15:
 189 002e 5C60     		str	r4, [r3, #4]
 190 0030 2360     		str	r3, [r4, #0]
 191 0032 D560     		str	r5, [r2, #12]
 192              	.LBB5:
 193 0034 0023     		movs	r3, #0
 194              	.LVL16:
 195              	@ 143 "../../os/kernel/src/chsys.c" 1
 196 0036 83F31188 		msr     BASEPRI, r3
 197              	@ 0 "" 2
 198              	.LVL17:
 199              		.thumb
 200              	.LBE5:
 201 003a 1069     		ldr	r0, [r2, #16]
 202 003c 8847     		blx	r1
 203              	.LVL18:
 204              	.LBB6:
 205 003e 2023     		movs	r3, #32
 206              	@ 143 "../../os/kernel/src/chsys.c" 1
 207 0040 83F31188 		msr     BASEPRI, r3
 208              	@ 0 "" 2
 209              	.LVL19:
 210              		.thumb
 211              	.LBE6:
 212              	.LBE4:
 213 0044 2268     		ldr	r2, [r4, #0]
 214              	.LVL20:
 215 0046 9068     		ldr	r0, [r2, #8]
 216 0048 0028     		cmp	r0, #0
 217 004a EED0     		beq	.L16
 218              	.LVL21:
 219              	.L7:
 220 004c 38BD     		pop	{r3, r4, r5, pc}
 221              	.L21:
 222 004e 00BF     		.align	2
 223              	.L20:
 224 0050 00000000 		.word	rlist
ARM GAS  /tmp/ccyUdlE0.s 			page 5


 225 0054 00000000 		.word	vtlist
 226              	.LBE3:
 227              		.cfi_endproc
 228              	.LFE9:
 229              		.size	chSysTimerHandlerI, .-chSysTimerHandlerI
 230              		.global	_idle_thread_wa
 231 0058 AFF30080 		.section	.bss.mainthread.4776,"aw",%nobits
 231      AFF30080 
 232              		.align	2
 233              		.set	.LANCHOR0,. + 0
 234              		.type	mainthread.4776, %object
 235              		.size	mainthread.4776, 72
 236              	mainthread.4776:
 237 0000 00000000 		.space	72
 237      00000000 
 237      00000000 
 237      00000000 
 237      00000000 
 238              		.section	.rodata.str1.4,"aMS",%progbits,1
 239              		.align	2
 240              	.LC0:
 241 0000 69646C65 		.ascii	"idle\000"
 241      00
 242 0005 000000   		.section	.bss._idle_thread_wa,"aw",%nobits
 243              		.align	3
 244              		.set	.LANCHOR1,. + 0
 245              		.type	_idle_thread_wa, %object
 246              		.size	_idle_thread_wa, 192
 247              	_idle_thread_wa:
 248 0000 00000000 		.space	192
 248      00000000 
 248      00000000 
 248      00000000 
 248      00000000 
 249              		.text
 250              	.Letext0:
 251              		.file 2 "/usr/bin/../lib/gcc/arm-none-eabi/4.7.4/include/stddef.h"
 252              		.file 3 "/usr/bin/../lib/gcc/arm-none-eabi/4.7.4/../../../../arm-none-eabi/include/stdint.h"
 253              		.file 4 "../../os/ports/GCC/ARMCMx/chtypes.h"
 254              		.file 5 "../../os/kernel/include/chlists.h"
 255              		.file 6 "../../os/kernel/include/chthreads.h"
 256              		.file 7 "../../os/ports/GCC/ARMCMx/chcore_v7m.h"
 257              		.file 8 "../../os/kernel/include/chvt.h"
 258              		.file 9 "../../os/kernel/include/chschd.h"
 259              		.file 10 "../../os/kernel/include/chmtx.h"
 260              		.file 11 "../../os/kernel/include/chregistry.h"
 261              		.file 12 "../../os/kernel/include/chmemcore.h"
 262              		.file 13 "../../os/kernel/include/chheap.h"
 263              		.section	.debug_info,"",%progbits
 264              	.Ldebug_info0:
 265 0000 A6080000 		.4byte	0x8a6
 266 0004 0200     		.2byte	0x2
 267 0006 00000000 		.4byte	.Ldebug_abbrev0
 268 000a 04       		.byte	0x4
 269 000b 01       		.uleb128 0x1
 270 000c F7010000 		.4byte	.LASF109
 271 0010 01       		.byte	0x1
ARM GAS  /tmp/ccyUdlE0.s 			page 6


 272 0011 8F040000 		.4byte	.LASF110
 273 0015 07040000 		.4byte	.LASF111
 274 0019 00000000 		.4byte	.Ldebug_ranges0+0
 275 001d 00000000 		.4byte	0
 276 0021 00000000 		.4byte	0
 277 0025 00000000 		.4byte	.Ldebug_line0
 278 0029 02       		.uleb128 0x2
 279 002a 04       		.byte	0x4
 280 002b 05       		.byte	0x5
 281 002c 696E7400 		.ascii	"int\000"
 282 0030 03       		.uleb128 0x3
 283 0031 1B000000 		.4byte	.LASF2
 284 0035 02       		.byte	0x2
 285 0036 D5       		.byte	0xd5
 286 0037 3B000000 		.4byte	0x3b
 287 003b 04       		.uleb128 0x4
 288 003c 04       		.byte	0x4
 289 003d 07       		.byte	0x7
 290 003e 65010000 		.4byte	.LASF0
 291 0042 04       		.uleb128 0x4
 292 0043 01       		.byte	0x1
 293 0044 06       		.byte	0x6
 294 0045 B7000000 		.4byte	.LASF1
 295 0049 03       		.uleb128 0x3
 296 004a AB040000 		.4byte	.LASF3
 297 004e 03       		.byte	0x3
 298 004f 2A       		.byte	0x2a
 299 0050 54000000 		.4byte	0x54
 300 0054 04       		.uleb128 0x4
 301 0055 01       		.byte	0x1
 302 0056 08       		.byte	0x8
 303 0057 14030000 		.4byte	.LASF4
 304 005b 04       		.uleb128 0x4
 305 005c 02       		.byte	0x2
 306 005d 05       		.byte	0x5
 307 005e 37030000 		.4byte	.LASF5
 308 0062 03       		.uleb128 0x3
 309 0063 0C010000 		.4byte	.LASF6
 310 0067 03       		.byte	0x3
 311 0068 36       		.byte	0x36
 312 0069 6D000000 		.4byte	0x6d
 313 006d 04       		.uleb128 0x4
 314 006e 02       		.byte	0x2
 315 006f 07       		.byte	0x7
 316 0070 B8010000 		.4byte	.LASF7
 317 0074 03       		.uleb128 0x3
 318 0075 0C030000 		.4byte	.LASF8
 319 0079 03       		.byte	0x3
 320 007a 4F       		.byte	0x4f
 321 007b 7F000000 		.4byte	0x7f
 322 007f 04       		.uleb128 0x4
 323 0080 04       		.byte	0x4
 324 0081 05       		.byte	0x5
 325 0082 FA000000 		.4byte	.LASF9
 326 0086 03       		.uleb128 0x3
 327 0087 AA030000 		.4byte	.LASF10
 328 008b 03       		.byte	0x3
ARM GAS  /tmp/ccyUdlE0.s 			page 7


 329 008c 50       		.byte	0x50
 330 008d 91000000 		.4byte	0x91
 331 0091 04       		.uleb128 0x4
 332 0092 04       		.byte	0x4
 333 0093 07       		.byte	0x7
 334 0094 87010000 		.4byte	.LASF11
 335 0098 04       		.uleb128 0x4
 336 0099 08       		.byte	0x8
 337 009a 05       		.byte	0x5
 338 009b A9000000 		.4byte	.LASF12
 339 009f 03       		.uleb128 0x3
 340 00a0 29000000 		.4byte	.LASF13
 341 00a4 03       		.byte	0x3
 342 00a5 78       		.byte	0x78
 343 00a6 AA000000 		.4byte	0xaa
 344 00aa 04       		.uleb128 0x4
 345 00ab 08       		.byte	0x8
 346 00ac 07       		.byte	0x7
 347 00ad 4C000000 		.4byte	.LASF14
 348 00b1 04       		.uleb128 0x4
 349 00b2 01       		.byte	0x1
 350 00b3 02       		.byte	0x2
 351 00b4 06030000 		.4byte	.LASF15
 352 00b8 03       		.uleb128 0x3
 353 00b9 D1010000 		.4byte	.LASF16
 354 00bd 04       		.byte	0x4
 355 00be 25       		.byte	0x25
 356 00bf 49000000 		.4byte	0x49
 357 00c3 03       		.uleb128 0x3
 358 00c4 03010000 		.4byte	.LASF17
 359 00c8 04       		.byte	0x4
 360 00c9 26       		.byte	0x26
 361 00ca 49000000 		.4byte	0x49
 362 00ce 03       		.uleb128 0x3
 363 00cf E4020000 		.4byte	.LASF18
 364 00d3 04       		.byte	0x4
 365 00d4 27       		.byte	0x27
 366 00d5 49000000 		.4byte	0x49
 367 00d9 03       		.uleb128 0x3
 368 00da F0000000 		.4byte	.LASF19
 369 00de 04       		.byte	0x4
 370 00df 28       		.byte	0x28
 371 00e0 49000000 		.4byte	0x49
 372 00e4 03       		.uleb128 0x3
 373 00e5 FE020000 		.4byte	.LASF20
 374 00e9 04       		.byte	0x4
 375 00ea 29       		.byte	0x29
 376 00eb 86000000 		.4byte	0x86
 377 00ef 03       		.uleb128 0x3
 378 00f0 CB010000 		.4byte	.LASF21
 379 00f4 04       		.byte	0x4
 380 00f5 2A       		.byte	0x2a
 381 00f6 74000000 		.4byte	0x74
 382 00fa 03       		.uleb128 0x3
 383 00fb E5010000 		.4byte	.LASF22
 384 00ff 04       		.byte	0x4
 385 0100 2C       		.byte	0x2c
ARM GAS  /tmp/ccyUdlE0.s 			page 8


 386 0101 86000000 		.4byte	0x86
 387 0105 03       		.uleb128 0x3
 388 0106 E0030000 		.4byte	.LASF23
 389 010a 04       		.byte	0x4
 390 010b 2E       		.byte	0x2e
 391 010c 86000000 		.4byte	0x86
 392 0110 03       		.uleb128 0x3
 393 0111 8B030000 		.4byte	.LASF24
 394 0115 05       		.byte	0x5
 395 0116 23       		.byte	0x23
 396 0117 1B010000 		.4byte	0x11b
 397 011b 05       		.uleb128 0x5
 398 011c 8B030000 		.4byte	.LASF24
 399 0120 48       		.byte	0x48
 400 0121 06       		.byte	0x6
 401 0122 57       		.byte	0x57
 402 0123 40020000 		.4byte	0x240
 403 0127 06       		.uleb128 0x6
 404 0128 6D030000 		.4byte	.LASF25
 405 012c 06       		.byte	0x6
 406 012d 58       		.byte	0x58
 407 012e 65020000 		.4byte	0x265
 408 0132 02       		.byte	0x2
 409 0133 23       		.byte	0x23
 410 0134 00       		.uleb128 0
 411 0135 06       		.uleb128 0x6
 412 0136 F7020000 		.4byte	.LASF26
 413 013a 06       		.byte	0x6
 414 013b 5A       		.byte	0x5a
 415 013c 65020000 		.4byte	0x265
 416 0140 02       		.byte	0x2
 417 0141 23       		.byte	0x23
 418 0142 04       		.uleb128 0x4
 419 0143 06       		.uleb128 0x6
 420 0144 85000000 		.4byte	.LASF27
 421 0148 06       		.byte	0x6
 422 0149 5C       		.byte	0x5c
 423 014a E4000000 		.4byte	0xe4
 424 014e 02       		.byte	0x2
 425 014f 23       		.byte	0x23
 426 0150 08       		.uleb128 0x8
 427 0151 06       		.uleb128 0x6
 428 0152 F1040000 		.4byte	.LASF28
 429 0156 06       		.byte	0x6
 430 0157 5D       		.byte	0x5d
 431 0158 3E030000 		.4byte	0x33e
 432 015c 02       		.byte	0x2
 433 015d 23       		.byte	0x23
 434 015e 0C       		.uleb128 0xc
 435 015f 06       		.uleb128 0x6
 436 0160 1F010000 		.4byte	.LASF29
 437 0164 06       		.byte	0x6
 438 0165 5F       		.byte	0x5f
 439 0166 65020000 		.4byte	0x265
 440 016a 02       		.byte	0x2
 441 016b 23       		.byte	0x23
 442 016c 10       		.uleb128 0x10
ARM GAS  /tmp/ccyUdlE0.s 			page 9


 443 016d 06       		.uleb128 0x6
 444 016e A2020000 		.4byte	.LASF30
 445 0172 06       		.byte	0x6
 446 0173 60       		.byte	0x60
 447 0174 65020000 		.4byte	0x265
 448 0178 02       		.byte	0x2
 449 0179 23       		.byte	0x23
 450 017a 14       		.uleb128 0x14
 451 017b 06       		.uleb128 0x6
 452 017c C5040000 		.4byte	.LASF31
 453 0180 06       		.byte	0x6
 454 0181 67       		.byte	0x67
 455 0182 1F050000 		.4byte	0x51f
 456 0186 02       		.byte	0x2
 457 0187 23       		.byte	0x23
 458 0188 18       		.uleb128 0x18
 459 0189 06       		.uleb128 0x6
 460 018a 41030000 		.4byte	.LASF32
 461 018e 06       		.byte	0x6
 462 018f 72       		.byte	0x72
 463 0190 C3000000 		.4byte	0xc3
 464 0194 02       		.byte	0x2
 465 0195 23       		.byte	0x23
 466 0196 1C       		.uleb128 0x1c
 467 0197 06       		.uleb128 0x6
 468 0198 83030000 		.4byte	.LASF33
 469 019c 06       		.byte	0x6
 470 019d 76       		.byte	0x76
 471 019e B8000000 		.4byte	0xb8
 472 01a2 02       		.byte	0x2
 473 01a3 23       		.byte	0x23
 474 01a4 1D       		.uleb128 0x1d
 475 01a5 06       		.uleb128 0x6
 476 01a6 78040000 		.4byte	.LASF34
 477 01aa 06       		.byte	0x6
 478 01ab 7B       		.byte	0x7b
 479 01ac CE000000 		.4byte	0xce
 480 01b0 02       		.byte	0x2
 481 01b1 23       		.byte	0x23
 482 01b2 1E       		.uleb128 0x1e
 483 01b3 06       		.uleb128 0x6
 484 01b4 49030000 		.4byte	.LASF35
 485 01b8 06       		.byte	0x6
 486 01b9 81       		.byte	0x81
 487 01ba D9000000 		.4byte	0xd9
 488 01be 02       		.byte	0x2
 489 01bf 23       		.byte	0x23
 490 01c0 1F       		.uleb128 0x1f
 491 01c1 06       		.uleb128 0x6
 492 01c2 4D040000 		.4byte	.LASF36
 493 01c6 06       		.byte	0x6
 494 01c7 88       		.byte	0x88
 495 01c8 2A040000 		.4byte	0x42a
 496 01cc 02       		.byte	0x2
 497 01cd 23       		.byte	0x23
 498 01ce 20       		.uleb128 0x20
 499 01cf 07       		.uleb128 0x7
ARM GAS  /tmp/ccyUdlE0.s 			page 10


 500 01d0 705F7500 		.ascii	"p_u\000"
 501 01d4 06       		.byte	0x6
 502 01d5 AD       		.byte	0xad
 503 01d6 EA040000 		.4byte	0x4ea
 504 01da 02       		.byte	0x2
 505 01db 23       		.byte	0x23
 506 01dc 24       		.uleb128 0x24
 507 01dd 06       		.uleb128 0x6
 508 01de F7040000 		.4byte	.LASF37
 509 01e2 06       		.byte	0x6
 510 01e3 B2       		.byte	0xb2
 511 01e4 8D020000 		.4byte	0x28d
 512 01e8 02       		.byte	0x2
 513 01e9 23       		.byte	0x23
 514 01ea 28       		.uleb128 0x28
 515 01eb 06       		.uleb128 0x6
 516 01ec 5B040000 		.4byte	.LASF38
 517 01f0 06       		.byte	0x6
 518 01f1 B8       		.byte	0xb8
 519 01f2 6B020000 		.4byte	0x26b
 520 01f6 02       		.byte	0x2
 521 01f7 23       		.byte	0x23
 522 01f8 2C       		.uleb128 0x2c
 523 01f9 06       		.uleb128 0x6
 524 01fa 15000000 		.4byte	.LASF39
 525 01fe 06       		.byte	0x6
 526 01ff BC       		.byte	0xbc
 527 0200 EF000000 		.4byte	0xef
 528 0204 02       		.byte	0x2
 529 0205 23       		.byte	0x23
 530 0206 34       		.uleb128 0x34
 531 0207 06       		.uleb128 0x6
 532 0208 9F030000 		.4byte	.LASF40
 533 020c 06       		.byte	0x6
 534 020d C2       		.byte	0xc2
 535 020e FA000000 		.4byte	0xfa
 536 0212 02       		.byte	0x2
 537 0213 23       		.byte	0x23
 538 0214 38       		.uleb128 0x38
 539 0215 06       		.uleb128 0x6
 540 0216 2D030000 		.4byte	.LASF41
 541 021a 06       		.byte	0x6
 542 021b C9       		.byte	0xc9
 543 021c 31050000 		.4byte	0x531
 544 0220 02       		.byte	0x2
 545 0221 23       		.byte	0x23
 546 0222 3C       		.uleb128 0x3c
 547 0223 06       		.uleb128 0x6
 548 0224 EA030000 		.4byte	.LASF42
 549 0228 06       		.byte	0x6
 550 0229 CD       		.byte	0xcd
 551 022a E4000000 		.4byte	0xe4
 552 022e 02       		.byte	0x2
 553 022f 23       		.byte	0x23
 554 0230 40       		.uleb128 0x40
 555 0231 06       		.uleb128 0x6
 556 0232 E0000000 		.4byte	.LASF43
ARM GAS  /tmp/ccyUdlE0.s 			page 11


 557 0236 06       		.byte	0x6
 558 0237 D3       		.byte	0xd3
 559 0238 A3020000 		.4byte	0x2a3
 560 023c 02       		.byte	0x2
 561 023d 23       		.byte	0x23
 562 023e 44       		.uleb128 0x44
 563 023f 00       		.byte	0
 564 0240 08       		.uleb128 0x8
 565 0241 08       		.byte	0x8
 566 0242 05       		.byte	0x5
 567 0243 5A       		.byte	0x5a
 568 0244 65020000 		.4byte	0x265
 569 0248 06       		.uleb128 0x6
 570 0249 6D030000 		.4byte	.LASF25
 571 024d 05       		.byte	0x5
 572 024e 5B       		.byte	0x5b
 573 024f 65020000 		.4byte	0x265
 574 0253 02       		.byte	0x2
 575 0254 23       		.byte	0x23
 576 0255 00       		.uleb128 0
 577 0256 06       		.uleb128 0x6
 578 0257 F7020000 		.4byte	.LASF26
 579 025b 05       		.byte	0x5
 580 025c 5D       		.byte	0x5d
 581 025d 65020000 		.4byte	0x265
 582 0261 02       		.byte	0x2
 583 0262 23       		.byte	0x23
 584 0263 04       		.uleb128 0x4
 585 0264 00       		.byte	0
 586 0265 09       		.uleb128 0x9
 587 0266 04       		.byte	0x4
 588 0267 10010000 		.4byte	0x110
 589 026b 03       		.uleb128 0x3
 590 026c B0020000 		.4byte	.LASF44
 591 0270 05       		.byte	0x5
 592 0271 5F       		.byte	0x5f
 593 0272 40020000 		.4byte	0x240
 594 0276 08       		.uleb128 0x8
 595 0277 04       		.byte	0x4
 596 0278 05       		.byte	0x5
 597 0279 64       		.byte	0x64
 598 027a 8D020000 		.4byte	0x28d
 599 027e 06       		.uleb128 0x6
 600 027f 6D030000 		.4byte	.LASF25
 601 0283 05       		.byte	0x5
 602 0284 66       		.byte	0x66
 603 0285 65020000 		.4byte	0x265
 604 0289 02       		.byte	0x2
 605 028a 23       		.byte	0x23
 606 028b 00       		.uleb128 0
 607 028c 00       		.byte	0
 608 028d 03       		.uleb128 0x3
 609 028e D9010000 		.4byte	.LASF45
 610 0292 05       		.byte	0x5
 611 0293 69       		.byte	0x69
 612 0294 76020000 		.4byte	0x276
 613 0298 03       		.uleb128 0x3
ARM GAS  /tmp/ccyUdlE0.s 			page 12


 614 0299 3F010000 		.4byte	.LASF46
 615 029d 07       		.byte	0x7
 616 029e DE       		.byte	0xde
 617 029f A3020000 		.4byte	0x2a3
 618 02a3 0A       		.uleb128 0xa
 619 02a4 04       		.byte	0x4
 620 02a5 03       		.uleb128 0x3
 621 02a6 40020000 		.4byte	.LASF47
 622 02aa 07       		.byte	0x7
 623 02ab E4       		.byte	0xe4
 624 02ac 9F000000 		.4byte	0x9f
 625 02b0 0B       		.uleb128 0xb
 626 02b1 54040000 		.4byte	.LASF48
 627 02b5 24       		.byte	0x24
 628 02b6 07       		.byte	0x7
 629 02b7 0501     		.2byte	0x105
 630 02b9 3E030000 		.4byte	0x33e
 631 02bd 0C       		.uleb128 0xc
 632 02be 723400   		.ascii	"r4\000"
 633 02c1 07       		.byte	0x7
 634 02c2 1801     		.2byte	0x118
 635 02c4 98020000 		.4byte	0x298
 636 02c8 02       		.byte	0x2
 637 02c9 23       		.byte	0x23
 638 02ca 00       		.uleb128 0
 639 02cb 0C       		.uleb128 0xc
 640 02cc 723500   		.ascii	"r5\000"
 641 02cf 07       		.byte	0x7
 642 02d0 1901     		.2byte	0x119
 643 02d2 98020000 		.4byte	0x298
 644 02d6 02       		.byte	0x2
 645 02d7 23       		.byte	0x23
 646 02d8 04       		.uleb128 0x4
 647 02d9 0C       		.uleb128 0xc
 648 02da 723600   		.ascii	"r6\000"
 649 02dd 07       		.byte	0x7
 650 02de 1A01     		.2byte	0x11a
 651 02e0 98020000 		.4byte	0x298
 652 02e4 02       		.byte	0x2
 653 02e5 23       		.byte	0x23
 654 02e6 08       		.uleb128 0x8
 655 02e7 0C       		.uleb128 0xc
 656 02e8 723700   		.ascii	"r7\000"
 657 02eb 07       		.byte	0x7
 658 02ec 1B01     		.2byte	0x11b
 659 02ee 98020000 		.4byte	0x298
 660 02f2 02       		.byte	0x2
 661 02f3 23       		.byte	0x23
 662 02f4 0C       		.uleb128 0xc
 663 02f5 0C       		.uleb128 0xc
 664 02f6 723800   		.ascii	"r8\000"
 665 02f9 07       		.byte	0x7
 666 02fa 1C01     		.2byte	0x11c
 667 02fc 98020000 		.4byte	0x298
 668 0300 02       		.byte	0x2
 669 0301 23       		.byte	0x23
 670 0302 10       		.uleb128 0x10
ARM GAS  /tmp/ccyUdlE0.s 			page 13


 671 0303 0C       		.uleb128 0xc
 672 0304 723900   		.ascii	"r9\000"
 673 0307 07       		.byte	0x7
 674 0308 1D01     		.2byte	0x11d
 675 030a 98020000 		.4byte	0x298
 676 030e 02       		.byte	0x2
 677 030f 23       		.byte	0x23
 678 0310 14       		.uleb128 0x14
 679 0311 0C       		.uleb128 0xc
 680 0312 72313000 		.ascii	"r10\000"
 681 0316 07       		.byte	0x7
 682 0317 1E01     		.2byte	0x11e
 683 0319 98020000 		.4byte	0x298
 684 031d 02       		.byte	0x2
 685 031e 23       		.byte	0x23
 686 031f 18       		.uleb128 0x18
 687 0320 0C       		.uleb128 0xc
 688 0321 72313100 		.ascii	"r11\000"
 689 0325 07       		.byte	0x7
 690 0326 1F01     		.2byte	0x11f
 691 0328 98020000 		.4byte	0x298
 692 032c 02       		.byte	0x2
 693 032d 23       		.byte	0x23
 694 032e 1C       		.uleb128 0x1c
 695 032f 0C       		.uleb128 0xc
 696 0330 6C7200   		.ascii	"lr\000"
 697 0333 07       		.byte	0x7
 698 0334 2001     		.2byte	0x120
 699 0336 98020000 		.4byte	0x298
 700 033a 02       		.byte	0x2
 701 033b 23       		.byte	0x23
 702 033c 20       		.uleb128 0x20
 703 033d 00       		.byte	0
 704 033e 0B       		.uleb128 0xb
 705 033f B0010000 		.4byte	.LASF49
 706 0343 04       		.byte	0x4
 707 0344 07       		.byte	0x7
 708 0345 2A01     		.2byte	0x12a
 709 0347 5B030000 		.4byte	0x35b
 710 034b 0C       		.uleb128 0xc
 711 034c 72313300 		.ascii	"r13\000"
 712 0350 07       		.byte	0x7
 713 0351 2B01     		.2byte	0x12b
 714 0353 5B030000 		.4byte	0x35b
 715 0357 02       		.byte	0x2
 716 0358 23       		.byte	0x23
 717 0359 00       		.uleb128 0
 718 035a 00       		.byte	0
 719 035b 09       		.uleb128 0x9
 720 035c 04       		.byte	0x4
 721 035d B0020000 		.4byte	0x2b0
 722 0361 04       		.uleb128 0x4
 723 0362 04       		.byte	0x4
 724 0363 07       		.byte	0x7
 725 0364 79020000 		.4byte	.LASF50
 726 0368 03       		.uleb128 0x3
 727 0369 F5030000 		.4byte	.LASF51
ARM GAS  /tmp/ccyUdlE0.s 			page 14


 728 036d 08       		.byte	0x8
 729 036e 51       		.byte	0x51
 730 036f 73030000 		.4byte	0x373
 731 0373 09       		.uleb128 0x9
 732 0374 04       		.byte	0x4
 733 0375 79030000 		.4byte	0x379
 734 0379 0D       		.uleb128 0xd
 735 037a 01       		.byte	0x1
 736 037b 85030000 		.4byte	0x385
 737 037f 0E       		.uleb128 0xe
 738 0380 A3020000 		.4byte	0x2a3
 739 0384 00       		.byte	0
 740 0385 03       		.uleb128 0x3
 741 0386 C7030000 		.4byte	.LASF52
 742 038a 08       		.byte	0x8
 743 038b 56       		.byte	0x56
 744 038c 90030000 		.4byte	0x390
 745 0390 05       		.uleb128 0x5
 746 0391 C7030000 		.4byte	.LASF52
 747 0395 14       		.byte	0x14
 748 0396 08       		.byte	0x8
 749 0397 5D       		.byte	0x5d
 750 0398 E3030000 		.4byte	0x3e3
 751 039c 06       		.uleb128 0x6
 752 039d 7F010000 		.4byte	.LASF53
 753 03a1 08       		.byte	0x8
 754 03a2 5E       		.byte	0x5e
 755 03a3 E3030000 		.4byte	0x3e3
 756 03a7 02       		.byte	0x2
 757 03a8 23       		.byte	0x23
 758 03a9 00       		.uleb128 0
 759 03aa 06       		.uleb128 0x6
 760 03ab 48010000 		.4byte	.LASF54
 761 03af 08       		.byte	0x8
 762 03b0 60       		.byte	0x60
 763 03b1 E3030000 		.4byte	0x3e3
 764 03b5 02       		.byte	0x2
 765 03b6 23       		.byte	0x23
 766 03b7 04       		.uleb128 0x4
 767 03b8 06       		.uleb128 0x6
 768 03b9 71020000 		.4byte	.LASF55
 769 03bd 08       		.byte	0x8
 770 03be 62       		.byte	0x62
 771 03bf 05010000 		.4byte	0x105
 772 03c3 02       		.byte	0x2
 773 03c4 23       		.byte	0x23
 774 03c5 08       		.uleb128 0x8
 775 03c6 06       		.uleb128 0x6
 776 03c7 82020000 		.4byte	.LASF56
 777 03cb 08       		.byte	0x8
 778 03cc 63       		.byte	0x63
 779 03cd 68030000 		.4byte	0x368
 780 03d1 02       		.byte	0x2
 781 03d2 23       		.byte	0x23
 782 03d3 0C       		.uleb128 0xc
 783 03d4 06       		.uleb128 0x6
 784 03d5 66040000 		.4byte	.LASF57
ARM GAS  /tmp/ccyUdlE0.s 			page 15


 785 03d9 08       		.byte	0x8
 786 03da 65       		.byte	0x65
 787 03db A3020000 		.4byte	0x2a3
 788 03df 02       		.byte	0x2
 789 03e0 23       		.byte	0x23
 790 03e1 10       		.uleb128 0x10
 791 03e2 00       		.byte	0
 792 03e3 09       		.uleb128 0x9
 793 03e4 04       		.byte	0x4
 794 03e5 85030000 		.4byte	0x385
 795 03e9 08       		.uleb128 0x8
 796 03ea 10       		.byte	0x10
 797 03eb 08       		.byte	0x8
 798 03ec 6F       		.byte	0x6f
 799 03ed 2A040000 		.4byte	0x42a
 800 03f1 06       		.uleb128 0x6
 801 03f2 7F010000 		.4byte	.LASF53
 802 03f6 08       		.byte	0x8
 803 03f7 70       		.byte	0x70
 804 03f8 E3030000 		.4byte	0x3e3
 805 03fc 02       		.byte	0x2
 806 03fd 23       		.byte	0x23
 807 03fe 00       		.uleb128 0
 808 03ff 06       		.uleb128 0x6
 809 0400 48010000 		.4byte	.LASF54
 810 0404 08       		.byte	0x8
 811 0405 72       		.byte	0x72
 812 0406 E3030000 		.4byte	0x3e3
 813 040a 02       		.byte	0x2
 814 040b 23       		.byte	0x23
 815 040c 04       		.uleb128 0x4
 816 040d 06       		.uleb128 0x6
 817 040e 71020000 		.4byte	.LASF55
 818 0412 08       		.byte	0x8
 819 0413 74       		.byte	0x74
 820 0414 05010000 		.4byte	0x105
 821 0418 02       		.byte	0x2
 822 0419 23       		.byte	0x23
 823 041a 08       		.uleb128 0x8
 824 041b 06       		.uleb128 0x6
 825 041c CC040000 		.4byte	.LASF58
 826 0420 08       		.byte	0x8
 827 0421 75       		.byte	0x75
 828 0422 2A040000 		.4byte	0x42a
 829 0426 02       		.byte	0x2
 830 0427 23       		.byte	0x23
 831 0428 0C       		.uleb128 0xc
 832 0429 00       		.byte	0
 833 042a 0F       		.uleb128 0xf
 834 042b 05010000 		.4byte	0x105
 835 042f 03       		.uleb128 0x3
 836 0430 E2040000 		.4byte	.LASF59
 837 0434 08       		.byte	0x8
 838 0435 76       		.byte	0x76
 839 0436 E9030000 		.4byte	0x3e9
 840 043a 08       		.uleb128 0x8
 841 043b 1C       		.byte	0x1c
ARM GAS  /tmp/ccyUdlE0.s 			page 16


 842 043c 09       		.byte	0x9
 843 043d 57       		.byte	0x57
 844 043e 97040000 		.4byte	0x497
 845 0442 06       		.uleb128 0x6
 846 0443 BF030000 		.4byte	.LASF60
 847 0447 09       		.byte	0x9
 848 0448 58       		.byte	0x58
 849 0449 6B020000 		.4byte	0x26b
 850 044d 02       		.byte	0x2
 851 044e 23       		.byte	0x23
 852 044f 00       		.uleb128 0
 853 0450 06       		.uleb128 0x6
 854 0451 5F030000 		.4byte	.LASF61
 855 0455 09       		.byte	0x9
 856 0456 59       		.byte	0x59
 857 0457 E4000000 		.4byte	0xe4
 858 045b 02       		.byte	0x2
 859 045c 23       		.byte	0x23
 860 045d 08       		.uleb128 0x8
 861 045e 06       		.uleb128 0x6
 862 045f AA020000 		.4byte	.LASF62
 863 0463 09       		.byte	0x9
 864 0464 5B       		.byte	0x5b
 865 0465 3E030000 		.4byte	0x33e
 866 0469 02       		.byte	0x2
 867 046a 23       		.byte	0x23
 868 046b 0C       		.uleb128 0xc
 869 046c 06       		.uleb128 0x6
 870 046d 37010000 		.4byte	.LASF63
 871 0471 09       		.byte	0x9
 872 0472 5E       		.byte	0x5e
 873 0473 65020000 		.4byte	0x265
 874 0477 02       		.byte	0x2
 875 0478 23       		.byte	0x23
 876 0479 10       		.uleb128 0x10
 877 047a 06       		.uleb128 0x6
 878 047b CF020000 		.4byte	.LASF64
 879 047f 09       		.byte	0x9
 880 0480 5F       		.byte	0x5f
 881 0481 65020000 		.4byte	0x265
 882 0485 02       		.byte	0x2
 883 0486 23       		.byte	0x23
 884 0487 14       		.uleb128 0x14
 885 0488 06       		.uleb128 0x6
 886 0489 C5020000 		.4byte	.LASF65
 887 048d 09       		.byte	0x9
 888 048e 62       		.byte	0x62
 889 048f 65020000 		.4byte	0x265
 890 0493 02       		.byte	0x2
 891 0494 23       		.byte	0x23
 892 0495 18       		.uleb128 0x18
 893 0496 00       		.byte	0
 894 0497 03       		.uleb128 0x3
 895 0498 7F040000 		.4byte	.LASF66
 896 049c 09       		.byte	0x9
 897 049d 64       		.byte	0x64
 898 049e 3A040000 		.4byte	0x43a
ARM GAS  /tmp/ccyUdlE0.s 			page 17


 899 04a2 05       		.uleb128 0x5
 900 04a3 F1010000 		.4byte	.LASF67
 901 04a7 10       		.byte	0x10
 902 04a8 0A       		.byte	0xa
 903 04a9 25       		.byte	0x25
 904 04aa D9040000 		.4byte	0x4d9
 905 04ae 06       		.uleb128 0x6
 906 04af E8000000 		.4byte	.LASF68
 907 04b3 0A       		.byte	0xa
 908 04b4 26       		.byte	0x26
 909 04b5 6B020000 		.4byte	0x26b
 910 04b9 02       		.byte	0x2
 911 04ba 23       		.byte	0x23
 912 04bb 00       		.uleb128 0
 913 04bc 06       		.uleb128 0x6
 914 04bd E9040000 		.4byte	.LASF69
 915 04c1 0A       		.byte	0xa
 916 04c2 28       		.byte	0x28
 917 04c3 65020000 		.4byte	0x265
 918 04c7 02       		.byte	0x2
 919 04c8 23       		.byte	0x23
 920 04c9 08       		.uleb128 0x8
 921 04ca 06       		.uleb128 0x6
 922 04cb D9030000 		.4byte	.LASF70
 923 04cf 0A       		.byte	0xa
 924 04d0 2A       		.byte	0x2a
 925 04d1 D9040000 		.4byte	0x4d9
 926 04d5 02       		.byte	0x2
 927 04d6 23       		.byte	0x23
 928 04d7 0C       		.uleb128 0xc
 929 04d8 00       		.byte	0
 930 04d9 09       		.uleb128 0x9
 931 04da 04       		.byte	0x4
 932 04db A2040000 		.4byte	0x4a2
 933 04df 03       		.uleb128 0x3
 934 04e0 F1010000 		.4byte	.LASF67
 935 04e4 0A       		.byte	0xa
 936 04e5 2C       		.byte	0x2c
 937 04e6 A2040000 		.4byte	0x4a2
 938 04ea 10       		.uleb128 0x10
 939 04eb 04       		.byte	0x4
 940 04ec 06       		.byte	0x6
 941 04ed 8F       		.byte	0x8f
 942 04ee 1F050000 		.4byte	0x51f
 943 04f2 11       		.uleb128 0x11
 944 04f3 22000000 		.4byte	.LASF71
 945 04f7 06       		.byte	0x6
 946 04f8 96       		.byte	0x96
 947 04f9 EF000000 		.4byte	0xef
 948 04fd 11       		.uleb128 0x11
 949 04fe 71000000 		.4byte	.LASF72
 950 0502 06       		.byte	0x6
 951 0503 9D       		.byte	0x9d
 952 0504 EF000000 		.4byte	0xef
 953 0508 11       		.uleb128 0x11
 954 0509 BE040000 		.4byte	.LASF73
 955 050d 06       		.byte	0x6
ARM GAS  /tmp/ccyUdlE0.s 			page 18


 956 050e A4       		.byte	0xa4
 957 050f A3020000 		.4byte	0x2a3
 958 0513 11       		.uleb128 0x11
 959 0514 66030000 		.4byte	.LASF74
 960 0518 06       		.byte	0x6
 961 0519 AB       		.byte	0xab
 962 051a FA000000 		.4byte	0xfa
 963 051e 00       		.byte	0
 964 051f 09       		.uleb128 0x9
 965 0520 04       		.byte	0x4
 966 0521 25050000 		.4byte	0x525
 967 0525 12       		.uleb128 0x12
 968 0526 2A050000 		.4byte	0x52a
 969 052a 04       		.uleb128 0x4
 970 052b 01       		.byte	0x1
 971 052c 08       		.byte	0x8
 972 052d D4030000 		.4byte	.LASF75
 973 0531 09       		.uleb128 0x9
 974 0532 04       		.byte	0x4
 975 0533 DF040000 		.4byte	0x4df
 976 0537 03       		.uleb128 0x3
 977 0538 00000000 		.4byte	.LASF76
 978 053c 06       		.byte	0x6
 979 053d DE       		.byte	0xde
 980 053e 42050000 		.4byte	0x542
 981 0542 09       		.uleb128 0x9
 982 0543 04       		.byte	0x4
 983 0544 48050000 		.4byte	0x548
 984 0548 13       		.uleb128 0x13
 985 0549 01       		.byte	0x1
 986 054a EF000000 		.4byte	0xef
 987 054e 58050000 		.4byte	0x558
 988 0552 0E       		.uleb128 0xe
 989 0553 A3020000 		.4byte	0x2a3
 990 0557 00       		.byte	0
 991 0558 08       		.uleb128 0x8
 992 0559 16       		.byte	0x16
 993 055a 0B       		.byte	0xb
 994 055b 25       		.byte	0x25
 995 055c 5D060000 		.4byte	0x65d
 996 0560 06       		.uleb128 0x6
 997 0561 A2010000 		.4byte	.LASF77
 998 0565 0B       		.byte	0xb
 999 0566 26       		.byte	0x26
 1000 0567 5D060000 		.4byte	0x65d
 1001 056b 02       		.byte	0x2
 1002 056c 23       		.byte	0x23
 1003 056d 00       		.uleb128 0
 1004 056e 06       		.uleb128 0x6
 1005 056f 5D020000 		.4byte	.LASF78
 1006 0573 0B       		.byte	0xb
 1007 0574 27       		.byte	0x27
 1008 0575 49000000 		.4byte	0x49
 1009 0579 02       		.byte	0x2
 1010 057a 23       		.byte	0x23
 1011 057b 04       		.uleb128 0x4
 1012 057c 06       		.uleb128 0x6
ARM GAS  /tmp/ccyUdlE0.s 			page 19


 1013 057d BD020000 		.4byte	.LASF79
 1014 0581 0B       		.byte	0xb
 1015 0582 28       		.byte	0x28
 1016 0583 49000000 		.4byte	0x49
 1017 0587 02       		.byte	0x2
 1018 0588 23       		.byte	0x23
 1019 0589 05       		.uleb128 0x5
 1020 058a 06       		.uleb128 0x6
 1021 058b D7040000 		.4byte	.LASF80
 1022 058f 0B       		.byte	0xb
 1023 0590 29       		.byte	0x29
 1024 0591 62000000 		.4byte	0x62
 1025 0595 02       		.byte	0x2
 1026 0596 23       		.byte	0x23
 1027 0597 06       		.uleb128 0x6
 1028 0598 06       		.uleb128 0x6
 1029 0599 EC020000 		.4byte	.LASF81
 1030 059d 0B       		.byte	0xb
 1031 059e 2A       		.byte	0x2a
 1032 059f 49000000 		.4byte	0x49
 1033 05a3 02       		.byte	0x2
 1034 05a4 23       		.byte	0x23
 1035 05a5 08       		.uleb128 0x8
 1036 05a6 06       		.uleb128 0x6
 1037 05a7 8A020000 		.4byte	.LASF82
 1038 05ab 0B       		.byte	0xb
 1039 05ac 2B       		.byte	0x2b
 1040 05ad 49000000 		.4byte	0x49
 1041 05b1 02       		.byte	0x2
 1042 05b2 23       		.byte	0x23
 1043 05b3 09       		.uleb128 0x9
 1044 05b4 06       		.uleb128 0x6
 1045 05b5 63000000 		.4byte	.LASF83
 1046 05b9 0B       		.byte	0xb
 1047 05ba 2C       		.byte	0x2c
 1048 05bb 49000000 		.4byte	0x49
 1049 05bf 02       		.byte	0x2
 1050 05c0 23       		.byte	0x23
 1051 05c1 0A       		.uleb128 0xa
 1052 05c2 06       		.uleb128 0x6
 1053 05c3 B3030000 		.4byte	.LASF84
 1054 05c7 0B       		.byte	0xb
 1055 05c8 2D       		.byte	0x2d
 1056 05c9 49000000 		.4byte	0x49
 1057 05cd 02       		.byte	0x2
 1058 05ce 23       		.byte	0x23
 1059 05cf 0B       		.uleb128 0xb
 1060 05d0 06       		.uleb128 0x6
 1061 05d1 6D040000 		.4byte	.LASF85
 1062 05d5 0B       		.byte	0xb
 1063 05d6 2E       		.byte	0x2e
 1064 05d7 49000000 		.4byte	0x49
 1065 05db 02       		.byte	0x2
 1066 05dc 23       		.byte	0x23
 1067 05dd 0C       		.uleb128 0xc
 1068 05de 06       		.uleb128 0x6
 1069 05df 92030000 		.4byte	.LASF86
ARM GAS  /tmp/ccyUdlE0.s 			page 20


 1070 05e3 0B       		.byte	0xb
 1071 05e4 2F       		.byte	0x2f
 1072 05e5 49000000 		.4byte	0x49
 1073 05e9 02       		.byte	0x2
 1074 05ea 23       		.byte	0x23
 1075 05eb 0D       		.uleb128 0xd
 1076 05ec 06       		.uleb128 0x6
 1077 05ed 08000000 		.4byte	.LASF87
 1078 05f1 0B       		.byte	0xb
 1079 05f2 30       		.byte	0x30
 1080 05f3 49000000 		.4byte	0x49
 1081 05f7 02       		.byte	0x2
 1082 05f8 23       		.byte	0x23
 1083 05f9 0E       		.uleb128 0xe
 1084 05fa 06       		.uleb128 0x6
 1085 05fb 96020000 		.4byte	.LASF88
 1086 05ff 0B       		.byte	0xb
 1087 0600 31       		.byte	0x31
 1088 0601 49000000 		.4byte	0x49
 1089 0605 02       		.byte	0x2
 1090 0606 23       		.byte	0x23
 1091 0607 0F       		.uleb128 0xf
 1092 0608 06       		.uleb128 0x6
 1093 0609 C3000000 		.4byte	.LASF89
 1094 060d 0B       		.byte	0xb
 1095 060e 32       		.byte	0x32
 1096 060f 49000000 		.4byte	0x49
 1097 0613 02       		.byte	0x2
 1098 0614 23       		.byte	0x23
 1099 0615 10       		.uleb128 0x10
 1100 0616 06       		.uleb128 0x6
 1101 0617 8C000000 		.4byte	.LASF90
 1102 061b 0B       		.byte	0xb
 1103 061c 34       		.byte	0x34
 1104 061d 49000000 		.4byte	0x49
 1105 0621 02       		.byte	0x2
 1106 0622 23       		.byte	0x23
 1107 0623 11       		.uleb128 0x11
 1108 0624 06       		.uleb128 0x6
 1109 0625 D3000000 		.4byte	.LASF91
 1110 0629 0B       		.byte	0xb
 1111 062a 35       		.byte	0x35
 1112 062b 49000000 		.4byte	0x49
 1113 062f 02       		.byte	0x2
 1114 0630 23       		.byte	0x23
 1115 0631 12       		.uleb128 0x12
 1116 0632 06       		.uleb128 0x6
 1117 0633 65020000 		.4byte	.LASF92
 1118 0637 0B       		.byte	0xb
 1119 0638 36       		.byte	0x36
 1120 0639 49000000 		.4byte	0x49
 1121 063d 02       		.byte	0x2
 1122 063e 23       		.byte	0x23
 1123 063f 13       		.uleb128 0x13
 1124 0640 06       		.uleb128 0x6
 1125 0641 74030000 		.4byte	.LASF93
 1126 0645 0B       		.byte	0xb
ARM GAS  /tmp/ccyUdlE0.s 			page 21


 1127 0646 37       		.byte	0x37
 1128 0647 49000000 		.4byte	0x49
 1129 064b 02       		.byte	0x2
 1130 064c 23       		.byte	0x23
 1131 064d 14       		.uleb128 0x14
 1132 064e 06       		.uleb128 0x6
 1133 064f 53030000 		.4byte	.LASF94
 1134 0653 0B       		.byte	0xb
 1135 0654 39       		.byte	0x39
 1136 0655 49000000 		.4byte	0x49
 1137 0659 02       		.byte	0x2
 1138 065a 23       		.byte	0x23
 1139 065b 15       		.uleb128 0x15
 1140 065c 00       		.byte	0
 1141 065d 14       		.uleb128 0x14
 1142 065e 2A050000 		.4byte	0x52a
 1143 0662 6D060000 		.4byte	0x66d
 1144 0666 15       		.uleb128 0x15
 1145 0667 61030000 		.4byte	0x361
 1146 066b 03       		.byte	0x3
 1147 066c 00       		.byte	0
 1148 066d 03       		.uleb128 0x3
 1149 066e 15010000 		.4byte	.LASF95
 1150 0672 0B       		.byte	0xb
 1151 0673 3A       		.byte	0x3a
 1152 0674 58050000 		.4byte	0x558
 1153 0678 16       		.uleb128 0x16
 1154 0679 01       		.byte	0x1
 1155 067a D7020000 		.4byte	.LASF96
 1156 067e 01       		.byte	0x1
 1157 067f 36       		.byte	0x36
 1158 0680 01       		.byte	0x1
 1159 0681 00000000 		.4byte	.LFB7
 1160 0685 14000000 		.4byte	.LFE7
 1161 0689 02       		.byte	0x2
 1162 068a 7D       		.byte	0x7d
 1163 068b 00       		.sleb128 0
 1164 068c 01       		.byte	0x1
 1165 068d 9F060000 		.4byte	0x69f
 1166 0691 17       		.uleb128 0x17
 1167 0692 7000     		.ascii	"p\000"
 1168 0694 01       		.byte	0x1
 1169 0695 36       		.byte	0x36
 1170 0696 A3020000 		.4byte	0x2a3
 1171 069a 00000000 		.4byte	.LLST0
 1172 069e 00       		.byte	0
 1173 069f 18       		.uleb128 0x18
 1174 06a0 01       		.byte	0x1
 1175 06a1 50010000 		.4byte	.LASF97
 1176 06a5 01       		.byte	0x1
 1177 06a6 4D       		.byte	0x4d
 1178 06a7 01       		.byte	0x1
 1179 06a8 00000000 		.4byte	.LFB8
 1180 06ac 64000000 		.4byte	.LFE8
 1181 06b0 21000000 		.4byte	.LLST1
 1182 06b4 01       		.byte	0x1
 1183 06b5 5F070000 		.4byte	0x75f
ARM GAS  /tmp/ccyUdlE0.s 			page 22


 1184 06b9 19       		.uleb128 0x19
 1185 06ba 7A000000 		.4byte	.LASF98
 1186 06be 01       		.byte	0x1
 1187 06bf 4E       		.byte	0x4e
 1188 06c0 10010000 		.4byte	0x110
 1189 06c4 05       		.byte	0x5
 1190 06c5 03       		.byte	0x3
 1191 06c6 00000000 		.4byte	mainthread.4776
 1192 06ca 1A       		.uleb128 0x1a
 1193 06cb 34000000 		.4byte	.LBB2
 1194 06cf 3C000000 		.4byte	.LBE2
 1195 06d3 E7060000 		.4byte	0x6e7
 1196 06d7 1B       		.uleb128 0x1b
 1197 06d8 746D7000 		.ascii	"tmp\000"
 1198 06dc 01       		.byte	0x1
 1199 06dd 68       		.byte	0x68
 1200 06de 86000000 		.4byte	0x86
 1201 06e2 4D000000 		.4byte	.LLST2
 1202 06e6 00       		.byte	0
 1203 06e7 1C       		.uleb128 0x1c
 1204 06e8 08000000 		.4byte	.LVL2
 1205 06ec 2F080000 		.4byte	0x82f
 1206 06f0 1C       		.uleb128 0x1c
 1207 06f1 0C000000 		.4byte	.LVL3
 1208 06f5 3A080000 		.4byte	0x83a
 1209 06f9 1C       		.uleb128 0x1c
 1210 06fa 10000000 		.4byte	.LVL4
 1211 06fe 44080000 		.4byte	0x844
 1212 0702 1C       		.uleb128 0x1c
 1213 0703 14000000 		.4byte	.LVL5
 1214 0707 4E080000 		.4byte	0x84e
 1215 070b 1C       		.uleb128 0x1c
 1216 070c 18000000 		.4byte	.LVL6
 1217 0710 58080000 		.4byte	0x858
 1218 0714 1D       		.uleb128 0x1d
 1219 0715 26000000 		.4byte	.LVL7
 1220 0719 62080000 		.4byte	0x862
 1221 071d 31070000 		.4byte	0x731
 1222 0721 1E       		.uleb128 0x1e
 1223 0722 01       		.byte	0x1
 1224 0723 51       		.byte	0x51
 1225 0724 02       		.byte	0x2
 1226 0725 08       		.byte	0x8
 1227 0726 40       		.byte	0x40
 1228 0727 1E       		.uleb128 0x1e
 1229 0728 01       		.byte	0x1
 1230 0729 50       		.byte	0x50
 1231 072a 05       		.byte	0x5
 1232 072b 03       		.byte	0x3
 1233 072c 00000000 		.4byte	.LANCHOR0
 1234 0730 00       		.byte	0
 1235 0731 1F       		.uleb128 0x1f
 1236 0732 60000000 		.4byte	.LVL11
 1237 0736 80080000 		.4byte	0x880
 1238 073a 1E       		.uleb128 0x1e
 1239 073b 01       		.byte	0x1
 1240 073c 53       		.byte	0x53
ARM GAS  /tmp/ccyUdlE0.s 			page 23


 1241 073d 05       		.byte	0x5
 1242 073e 03       		.byte	0x3
 1243 073f 00000000 		.4byte	_idle_thread
 1244 0743 1E       		.uleb128 0x1e
 1245 0744 01       		.byte	0x1
 1246 0745 52       		.byte	0x52
 1247 0746 01       		.byte	0x1
 1248 0747 31       		.byte	0x31
 1249 0748 1E       		.uleb128 0x1e
 1250 0749 01       		.byte	0x1
 1251 074a 51       		.byte	0x51
 1252 074b 02       		.byte	0x2
 1253 074c 08       		.byte	0x8
 1254 074d C0       		.byte	0xc0
 1255 074e 1E       		.uleb128 0x1e
 1256 074f 01       		.byte	0x1
 1257 0750 50       		.byte	0x50
 1258 0751 05       		.byte	0x5
 1259 0752 03       		.byte	0x3
 1260 0753 00000000 		.4byte	.LANCHOR1
 1261 0757 1E       		.uleb128 0x1e
 1262 0758 02       		.byte	0x2
 1263 0759 7D       		.byte	0x7d
 1264 075a 00       		.sleb128 0
 1265 075b 01       		.byte	0x1
 1266 075c 30       		.byte	0x30
 1267 075d 00       		.byte	0
 1268 075e 00       		.byte	0
 1269 075f 20       		.uleb128 0x20
 1270 0760 01       		.byte	0x1
 1271 0761 39000000 		.4byte	.LASF99
 1272 0765 01       		.byte	0x1
 1273 0766 82       		.byte	0x82
 1274 0767 01       		.byte	0x1
 1275 0768 00000000 		.4byte	.LFB9
 1276 076c 58000000 		.4byte	.LFE9
 1277 0770 60000000 		.4byte	.LLST3
 1278 0774 01       		.byte	0x1
 1279 0775 E1070000 		.4byte	0x7e1
 1280 0779 21       		.uleb128 0x21
 1281 077a 22000000 		.4byte	.LBB3
 1282 077e 58000000 		.4byte	.LBE3
 1283 0782 1B       		.uleb128 0x1b
 1284 0783 76747000 		.ascii	"vtp\000"
 1285 0787 01       		.byte	0x1
 1286 0788 8F       		.byte	0x8f
 1287 0789 E3030000 		.4byte	0x3e3
 1288 078d 80000000 		.4byte	.LLST4
 1289 0791 21       		.uleb128 0x21
 1290 0792 2A000000 		.4byte	.LBB4
 1291 0796 44000000 		.4byte	.LBE4
 1292 079a 1B       		.uleb128 0x1b
 1293 079b 666E00   		.ascii	"fn\000"
 1294 079e 01       		.byte	0x1
 1295 079f 8F       		.byte	0x8f
 1296 07a0 68030000 		.4byte	0x368
 1297 07a4 9E000000 		.4byte	.LLST5
ARM GAS  /tmp/ccyUdlE0.s 			page 24


 1298 07a8 1A       		.uleb128 0x1a
 1299 07a9 34000000 		.4byte	.LBB5
 1300 07ad 3A000000 		.4byte	.LBE5
 1301 07b1 C5070000 		.4byte	0x7c5
 1302 07b5 1B       		.uleb128 0x1b
 1303 07b6 746D7000 		.ascii	"tmp\000"
 1304 07ba 01       		.byte	0x1
 1305 07bb 8F       		.byte	0x8f
 1306 07bc 86000000 		.4byte	0x86
 1307 07c0 B1000000 		.4byte	.LLST6
 1308 07c4 00       		.byte	0
 1309 07c5 21       		.uleb128 0x21
 1310 07c6 3E000000 		.4byte	.LBB6
 1311 07ca 44000000 		.4byte	.LBE6
 1312 07ce 1B       		.uleb128 0x1b
 1313 07cf 746D7000 		.ascii	"tmp\000"
 1314 07d3 01       		.byte	0x1
 1315 07d4 8F       		.byte	0x8f
 1316 07d5 86000000 		.4byte	0x86
 1317 07d9 C4000000 		.4byte	.LLST7
 1318 07dd 00       		.byte	0
 1319 07de 00       		.byte	0
 1320 07df 00       		.byte	0
 1321 07e0 00       		.byte	0
 1322 07e1 22       		.uleb128 0x22
 1323 07e2 32000000 		.4byte	.LASF100
 1324 07e6 08       		.byte	0x8
 1325 07e7 D4       		.byte	0xd4
 1326 07e8 2F040000 		.4byte	0x42f
 1327 07ec 01       		.byte	0x1
 1328 07ed 01       		.byte	0x1
 1329 07ee 22       		.uleb128 0x22
 1330 07ef 89040000 		.4byte	.LASF101
 1331 07f3 09       		.byte	0x9
 1332 07f4 68       		.byte	0x68
 1333 07f5 97040000 		.4byte	0x497
 1334 07f9 01       		.byte	0x1
 1335 07fa 01       		.byte	0x1
 1336 07fb 22       		.uleb128 0x22
 1337 07fc 99010000 		.4byte	.LASF102
 1338 0800 0B       		.byte	0xb
 1339 0801 77       		.byte	0x77
 1340 0802 08080000 		.4byte	0x808
 1341 0806 01       		.byte	0x1
 1342 0807 01       		.byte	0x1
 1343 0808 12       		.uleb128 0x12
 1344 0809 6D060000 		.4byte	0x66d
 1345 080d 14       		.uleb128 0x14
 1346 080e A5020000 		.4byte	0x2a5
 1347 0812 1D080000 		.4byte	0x81d
 1348 0816 15       		.uleb128 0x15
 1349 0817 61030000 		.4byte	0x361
 1350 081b 17       		.byte	0x17
 1351 081c 00       		.byte	0
 1352 081d 23       		.uleb128 0x23
 1353 081e 27010000 		.4byte	.LASF103
 1354 0822 01       		.byte	0x1
ARM GAS  /tmp/ccyUdlE0.s 			page 25


 1355 0823 2A       		.byte	0x2a
 1356 0824 0D080000 		.4byte	0x80d
 1357 0828 01       		.byte	0x1
 1358 0829 05       		.byte	0x5
 1359 082a 03       		.byte	0x3
 1360 082b 00000000 		.4byte	_idle_thread_wa
 1361 082f 24       		.uleb128 0x24
 1362 0830 01       		.byte	0x1
 1363 0831 B3040000 		.4byte	.LASF104
 1364 0835 07       		.byte	0x7
 1365 0836 FB01     		.2byte	0x1fb
 1366 0838 01       		.byte	0x1
 1367 0839 01       		.byte	0x1
 1368 083a 25       		.uleb128 0x25
 1369 083b 01       		.byte	0x1
 1370 083c 99000000 		.4byte	.LASF105
 1371 0840 09       		.byte	0x9
 1372 0841 87       		.byte	0x87
 1373 0842 01       		.byte	0x1
 1374 0843 01       		.byte	0x1
 1375 0844 25       		.uleb128 0x25
 1376 0845 01       		.byte	0x1
 1377 0846 FE030000 		.4byte	.LASF106
 1378 084a 08       		.byte	0x8
 1379 084b DC       		.byte	0xdc
 1380 084c 01       		.byte	0x1
 1381 084d 01       		.byte	0x1
 1382 084e 25       		.uleb128 0x25
 1383 084f 01       		.byte	0x1
 1384 0850 22030000 		.4byte	.LASF107
 1385 0854 0C       		.byte	0xc
 1386 0855 4A       		.byte	0x4a
 1387 0856 01       		.byte	0x1
 1388 0857 01       		.byte	0x1
 1389 0858 25       		.uleb128 0x25
 1390 0859 01       		.byte	0x1
 1391 085a 5A010000 		.4byte	.LASF108
 1392 085e 0D       		.byte	0xd
 1393 085f 4E       		.byte	0x4e
 1394 0860 01       		.byte	0x1
 1395 0861 01       		.byte	0x1
 1396 0862 26       		.uleb128 0x26
 1397 0863 01       		.byte	0x1
 1398 0864 72010000 		.4byte	.LASF112
 1399 0868 06       		.byte	0x6
 1400 0869 6301     		.2byte	0x163
 1401 086b 01       		.byte	0x1
 1402 086c 65020000 		.4byte	0x265
 1403 0870 01       		.byte	0x1
 1404 0871 80080000 		.4byte	0x880
 1405 0875 0E       		.uleb128 0xe
 1406 0876 65020000 		.4byte	0x265
 1407 087a 0E       		.uleb128 0xe
 1408 087b E4000000 		.4byte	0xe4
 1409 087f 00       		.byte	0
 1410 0880 27       		.uleb128 0x27
 1411 0881 01       		.byte	0x1
ARM GAS  /tmp/ccyUdlE0.s 			page 26


 1412 0882 4B020000 		.4byte	.LASF113
 1413 0886 06       		.byte	0x6
 1414 0887 6901     		.2byte	0x169
 1415 0889 01       		.byte	0x1
 1416 088a 65020000 		.4byte	0x265
 1417 088e 01       		.byte	0x1
 1418 088f 0E       		.uleb128 0xe
 1419 0890 A3020000 		.4byte	0x2a3
 1420 0894 0E       		.uleb128 0xe
 1421 0895 30000000 		.4byte	0x30
 1422 0899 0E       		.uleb128 0xe
 1423 089a E4000000 		.4byte	0xe4
 1424 089e 0E       		.uleb128 0xe
 1425 089f 37050000 		.4byte	0x537
 1426 08a3 0E       		.uleb128 0xe
 1427 08a4 A3020000 		.4byte	0x2a3
 1428 08a8 00       		.byte	0
 1429 08a9 00       		.byte	0
 1430              		.section	.debug_abbrev,"",%progbits
 1431              	.Ldebug_abbrev0:
 1432 0000 01       		.uleb128 0x1
 1433 0001 11       		.uleb128 0x11
 1434 0002 01       		.byte	0x1
 1435 0003 25       		.uleb128 0x25
 1436 0004 0E       		.uleb128 0xe
 1437 0005 13       		.uleb128 0x13
 1438 0006 0B       		.uleb128 0xb
 1439 0007 03       		.uleb128 0x3
 1440 0008 0E       		.uleb128 0xe
 1441 0009 1B       		.uleb128 0x1b
 1442 000a 0E       		.uleb128 0xe
 1443 000b 55       		.uleb128 0x55
 1444 000c 06       		.uleb128 0x6
 1445 000d 11       		.uleb128 0x11
 1446 000e 01       		.uleb128 0x1
 1447 000f 52       		.uleb128 0x52
 1448 0010 01       		.uleb128 0x1
 1449 0011 10       		.uleb128 0x10
 1450 0012 06       		.uleb128 0x6
 1451 0013 00       		.byte	0
 1452 0014 00       		.byte	0
 1453 0015 02       		.uleb128 0x2
 1454 0016 24       		.uleb128 0x24
 1455 0017 00       		.byte	0
 1456 0018 0B       		.uleb128 0xb
 1457 0019 0B       		.uleb128 0xb
 1458 001a 3E       		.uleb128 0x3e
 1459 001b 0B       		.uleb128 0xb
 1460 001c 03       		.uleb128 0x3
 1461 001d 08       		.uleb128 0x8
 1462 001e 00       		.byte	0
 1463 001f 00       		.byte	0
 1464 0020 03       		.uleb128 0x3
 1465 0021 16       		.uleb128 0x16
 1466 0022 00       		.byte	0
 1467 0023 03       		.uleb128 0x3
 1468 0024 0E       		.uleb128 0xe
ARM GAS  /tmp/ccyUdlE0.s 			page 27


 1469 0025 3A       		.uleb128 0x3a
 1470 0026 0B       		.uleb128 0xb
 1471 0027 3B       		.uleb128 0x3b
 1472 0028 0B       		.uleb128 0xb
 1473 0029 49       		.uleb128 0x49
 1474 002a 13       		.uleb128 0x13
 1475 002b 00       		.byte	0
 1476 002c 00       		.byte	0
 1477 002d 04       		.uleb128 0x4
 1478 002e 24       		.uleb128 0x24
 1479 002f 00       		.byte	0
 1480 0030 0B       		.uleb128 0xb
 1481 0031 0B       		.uleb128 0xb
 1482 0032 3E       		.uleb128 0x3e
 1483 0033 0B       		.uleb128 0xb
 1484 0034 03       		.uleb128 0x3
 1485 0035 0E       		.uleb128 0xe
 1486 0036 00       		.byte	0
 1487 0037 00       		.byte	0
 1488 0038 05       		.uleb128 0x5
 1489 0039 13       		.uleb128 0x13
 1490 003a 01       		.byte	0x1
 1491 003b 03       		.uleb128 0x3
 1492 003c 0E       		.uleb128 0xe
 1493 003d 0B       		.uleb128 0xb
 1494 003e 0B       		.uleb128 0xb
 1495 003f 3A       		.uleb128 0x3a
 1496 0040 0B       		.uleb128 0xb
 1497 0041 3B       		.uleb128 0x3b
 1498 0042 0B       		.uleb128 0xb
 1499 0043 01       		.uleb128 0x1
 1500 0044 13       		.uleb128 0x13
 1501 0045 00       		.byte	0
 1502 0046 00       		.byte	0
 1503 0047 06       		.uleb128 0x6
 1504 0048 0D       		.uleb128 0xd
 1505 0049 00       		.byte	0
 1506 004a 03       		.uleb128 0x3
 1507 004b 0E       		.uleb128 0xe
 1508 004c 3A       		.uleb128 0x3a
 1509 004d 0B       		.uleb128 0xb
 1510 004e 3B       		.uleb128 0x3b
 1511 004f 0B       		.uleb128 0xb
 1512 0050 49       		.uleb128 0x49
 1513 0051 13       		.uleb128 0x13
 1514 0052 38       		.uleb128 0x38
 1515 0053 0A       		.uleb128 0xa
 1516 0054 00       		.byte	0
 1517 0055 00       		.byte	0
 1518 0056 07       		.uleb128 0x7
 1519 0057 0D       		.uleb128 0xd
 1520 0058 00       		.byte	0
 1521 0059 03       		.uleb128 0x3
 1522 005a 08       		.uleb128 0x8
 1523 005b 3A       		.uleb128 0x3a
 1524 005c 0B       		.uleb128 0xb
 1525 005d 3B       		.uleb128 0x3b
ARM GAS  /tmp/ccyUdlE0.s 			page 28


 1526 005e 0B       		.uleb128 0xb
 1527 005f 49       		.uleb128 0x49
 1528 0060 13       		.uleb128 0x13
 1529 0061 38       		.uleb128 0x38
 1530 0062 0A       		.uleb128 0xa
 1531 0063 00       		.byte	0
 1532 0064 00       		.byte	0
 1533 0065 08       		.uleb128 0x8
 1534 0066 13       		.uleb128 0x13
 1535 0067 01       		.byte	0x1
 1536 0068 0B       		.uleb128 0xb
 1537 0069 0B       		.uleb128 0xb
 1538 006a 3A       		.uleb128 0x3a
 1539 006b 0B       		.uleb128 0xb
 1540 006c 3B       		.uleb128 0x3b
 1541 006d 0B       		.uleb128 0xb
 1542 006e 01       		.uleb128 0x1
 1543 006f 13       		.uleb128 0x13
 1544 0070 00       		.byte	0
 1545 0071 00       		.byte	0
 1546 0072 09       		.uleb128 0x9
 1547 0073 0F       		.uleb128 0xf
 1548 0074 00       		.byte	0
 1549 0075 0B       		.uleb128 0xb
 1550 0076 0B       		.uleb128 0xb
 1551 0077 49       		.uleb128 0x49
 1552 0078 13       		.uleb128 0x13
 1553 0079 00       		.byte	0
 1554 007a 00       		.byte	0
 1555 007b 0A       		.uleb128 0xa
 1556 007c 0F       		.uleb128 0xf
 1557 007d 00       		.byte	0
 1558 007e 0B       		.uleb128 0xb
 1559 007f 0B       		.uleb128 0xb
 1560 0080 00       		.byte	0
 1561 0081 00       		.byte	0
 1562 0082 0B       		.uleb128 0xb
 1563 0083 13       		.uleb128 0x13
 1564 0084 01       		.byte	0x1
 1565 0085 03       		.uleb128 0x3
 1566 0086 0E       		.uleb128 0xe
 1567 0087 0B       		.uleb128 0xb
 1568 0088 0B       		.uleb128 0xb
 1569 0089 3A       		.uleb128 0x3a
 1570 008a 0B       		.uleb128 0xb
 1571 008b 3B       		.uleb128 0x3b
 1572 008c 05       		.uleb128 0x5
 1573 008d 01       		.uleb128 0x1
 1574 008e 13       		.uleb128 0x13
 1575 008f 00       		.byte	0
 1576 0090 00       		.byte	0
 1577 0091 0C       		.uleb128 0xc
 1578 0092 0D       		.uleb128 0xd
 1579 0093 00       		.byte	0
 1580 0094 03       		.uleb128 0x3
 1581 0095 08       		.uleb128 0x8
 1582 0096 3A       		.uleb128 0x3a
ARM GAS  /tmp/ccyUdlE0.s 			page 29


 1583 0097 0B       		.uleb128 0xb
 1584 0098 3B       		.uleb128 0x3b
 1585 0099 05       		.uleb128 0x5
 1586 009a 49       		.uleb128 0x49
 1587 009b 13       		.uleb128 0x13
 1588 009c 38       		.uleb128 0x38
 1589 009d 0A       		.uleb128 0xa
 1590 009e 00       		.byte	0
 1591 009f 00       		.byte	0
 1592 00a0 0D       		.uleb128 0xd
 1593 00a1 15       		.uleb128 0x15
 1594 00a2 01       		.byte	0x1
 1595 00a3 27       		.uleb128 0x27
 1596 00a4 0C       		.uleb128 0xc
 1597 00a5 01       		.uleb128 0x1
 1598 00a6 13       		.uleb128 0x13
 1599 00a7 00       		.byte	0
 1600 00a8 00       		.byte	0
 1601 00a9 0E       		.uleb128 0xe
 1602 00aa 05       		.uleb128 0x5
 1603 00ab 00       		.byte	0
 1604 00ac 49       		.uleb128 0x49
 1605 00ad 13       		.uleb128 0x13
 1606 00ae 00       		.byte	0
 1607 00af 00       		.byte	0
 1608 00b0 0F       		.uleb128 0xf
 1609 00b1 35       		.uleb128 0x35
 1610 00b2 00       		.byte	0
 1611 00b3 49       		.uleb128 0x49
 1612 00b4 13       		.uleb128 0x13
 1613 00b5 00       		.byte	0
 1614 00b6 00       		.byte	0
 1615 00b7 10       		.uleb128 0x10
 1616 00b8 17       		.uleb128 0x17
 1617 00b9 01       		.byte	0x1
 1618 00ba 0B       		.uleb128 0xb
 1619 00bb 0B       		.uleb128 0xb
 1620 00bc 3A       		.uleb128 0x3a
 1621 00bd 0B       		.uleb128 0xb
 1622 00be 3B       		.uleb128 0x3b
 1623 00bf 0B       		.uleb128 0xb
 1624 00c0 01       		.uleb128 0x1
 1625 00c1 13       		.uleb128 0x13
 1626 00c2 00       		.byte	0
 1627 00c3 00       		.byte	0
 1628 00c4 11       		.uleb128 0x11
 1629 00c5 0D       		.uleb128 0xd
 1630 00c6 00       		.byte	0
 1631 00c7 03       		.uleb128 0x3
 1632 00c8 0E       		.uleb128 0xe
 1633 00c9 3A       		.uleb128 0x3a
 1634 00ca 0B       		.uleb128 0xb
 1635 00cb 3B       		.uleb128 0x3b
 1636 00cc 0B       		.uleb128 0xb
 1637 00cd 49       		.uleb128 0x49
 1638 00ce 13       		.uleb128 0x13
 1639 00cf 00       		.byte	0
ARM GAS  /tmp/ccyUdlE0.s 			page 30


 1640 00d0 00       		.byte	0
 1641 00d1 12       		.uleb128 0x12
 1642 00d2 26       		.uleb128 0x26
 1643 00d3 00       		.byte	0
 1644 00d4 49       		.uleb128 0x49
 1645 00d5 13       		.uleb128 0x13
 1646 00d6 00       		.byte	0
 1647 00d7 00       		.byte	0
 1648 00d8 13       		.uleb128 0x13
 1649 00d9 15       		.uleb128 0x15
 1650 00da 01       		.byte	0x1
 1651 00db 27       		.uleb128 0x27
 1652 00dc 0C       		.uleb128 0xc
 1653 00dd 49       		.uleb128 0x49
 1654 00de 13       		.uleb128 0x13
 1655 00df 01       		.uleb128 0x1
 1656 00e0 13       		.uleb128 0x13
 1657 00e1 00       		.byte	0
 1658 00e2 00       		.byte	0
 1659 00e3 14       		.uleb128 0x14
 1660 00e4 01       		.uleb128 0x1
 1661 00e5 01       		.byte	0x1
 1662 00e6 49       		.uleb128 0x49
 1663 00e7 13       		.uleb128 0x13
 1664 00e8 01       		.uleb128 0x1
 1665 00e9 13       		.uleb128 0x13
 1666 00ea 00       		.byte	0
 1667 00eb 00       		.byte	0
 1668 00ec 15       		.uleb128 0x15
 1669 00ed 21       		.uleb128 0x21
 1670 00ee 00       		.byte	0
 1671 00ef 49       		.uleb128 0x49
 1672 00f0 13       		.uleb128 0x13
 1673 00f1 2F       		.uleb128 0x2f
 1674 00f2 0B       		.uleb128 0xb
 1675 00f3 00       		.byte	0
 1676 00f4 00       		.byte	0
 1677 00f5 16       		.uleb128 0x16
 1678 00f6 2E       		.uleb128 0x2e
 1679 00f7 01       		.byte	0x1
 1680 00f8 3F       		.uleb128 0x3f
 1681 00f9 0C       		.uleb128 0xc
 1682 00fa 03       		.uleb128 0x3
 1683 00fb 0E       		.uleb128 0xe
 1684 00fc 3A       		.uleb128 0x3a
 1685 00fd 0B       		.uleb128 0xb
 1686 00fe 3B       		.uleb128 0x3b
 1687 00ff 0B       		.uleb128 0xb
 1688 0100 27       		.uleb128 0x27
 1689 0101 0C       		.uleb128 0xc
 1690 0102 11       		.uleb128 0x11
 1691 0103 01       		.uleb128 0x1
 1692 0104 12       		.uleb128 0x12
 1693 0105 01       		.uleb128 0x1
 1694 0106 40       		.uleb128 0x40
 1695 0107 0A       		.uleb128 0xa
 1696 0108 9742     		.uleb128 0x2117
ARM GAS  /tmp/ccyUdlE0.s 			page 31


 1697 010a 0C       		.uleb128 0xc
 1698 010b 01       		.uleb128 0x1
 1699 010c 13       		.uleb128 0x13
 1700 010d 00       		.byte	0
 1701 010e 00       		.byte	0
 1702 010f 17       		.uleb128 0x17
 1703 0110 05       		.uleb128 0x5
 1704 0111 00       		.byte	0
 1705 0112 03       		.uleb128 0x3
 1706 0113 08       		.uleb128 0x8
 1707 0114 3A       		.uleb128 0x3a
 1708 0115 0B       		.uleb128 0xb
 1709 0116 3B       		.uleb128 0x3b
 1710 0117 0B       		.uleb128 0xb
 1711 0118 49       		.uleb128 0x49
 1712 0119 13       		.uleb128 0x13
 1713 011a 02       		.uleb128 0x2
 1714 011b 06       		.uleb128 0x6
 1715 011c 00       		.byte	0
 1716 011d 00       		.byte	0
 1717 011e 18       		.uleb128 0x18
 1718 011f 2E       		.uleb128 0x2e
 1719 0120 01       		.byte	0x1
 1720 0121 3F       		.uleb128 0x3f
 1721 0122 0C       		.uleb128 0xc
 1722 0123 03       		.uleb128 0x3
 1723 0124 0E       		.uleb128 0xe
 1724 0125 3A       		.uleb128 0x3a
 1725 0126 0B       		.uleb128 0xb
 1726 0127 3B       		.uleb128 0x3b
 1727 0128 0B       		.uleb128 0xb
 1728 0129 27       		.uleb128 0x27
 1729 012a 0C       		.uleb128 0xc
 1730 012b 11       		.uleb128 0x11
 1731 012c 01       		.uleb128 0x1
 1732 012d 12       		.uleb128 0x12
 1733 012e 01       		.uleb128 0x1
 1734 012f 40       		.uleb128 0x40
 1735 0130 06       		.uleb128 0x6
 1736 0131 9742     		.uleb128 0x2117
 1737 0133 0C       		.uleb128 0xc
 1738 0134 01       		.uleb128 0x1
 1739 0135 13       		.uleb128 0x13
 1740 0136 00       		.byte	0
 1741 0137 00       		.byte	0
 1742 0138 19       		.uleb128 0x19
 1743 0139 34       		.uleb128 0x34
 1744 013a 00       		.byte	0
 1745 013b 03       		.uleb128 0x3
 1746 013c 0E       		.uleb128 0xe
 1747 013d 3A       		.uleb128 0x3a
 1748 013e 0B       		.uleb128 0xb
 1749 013f 3B       		.uleb128 0x3b
 1750 0140 0B       		.uleb128 0xb
 1751 0141 49       		.uleb128 0x49
 1752 0142 13       		.uleb128 0x13
 1753 0143 02       		.uleb128 0x2
ARM GAS  /tmp/ccyUdlE0.s 			page 32


 1754 0144 0A       		.uleb128 0xa
 1755 0145 00       		.byte	0
 1756 0146 00       		.byte	0
 1757 0147 1A       		.uleb128 0x1a
 1758 0148 0B       		.uleb128 0xb
 1759 0149 01       		.byte	0x1
 1760 014a 11       		.uleb128 0x11
 1761 014b 01       		.uleb128 0x1
 1762 014c 12       		.uleb128 0x12
 1763 014d 01       		.uleb128 0x1
 1764 014e 01       		.uleb128 0x1
 1765 014f 13       		.uleb128 0x13
 1766 0150 00       		.byte	0
 1767 0151 00       		.byte	0
 1768 0152 1B       		.uleb128 0x1b
 1769 0153 34       		.uleb128 0x34
 1770 0154 00       		.byte	0
 1771 0155 03       		.uleb128 0x3
 1772 0156 08       		.uleb128 0x8
 1773 0157 3A       		.uleb128 0x3a
 1774 0158 0B       		.uleb128 0xb
 1775 0159 3B       		.uleb128 0x3b
 1776 015a 0B       		.uleb128 0xb
 1777 015b 49       		.uleb128 0x49
 1778 015c 13       		.uleb128 0x13
 1779 015d 02       		.uleb128 0x2
 1780 015e 06       		.uleb128 0x6
 1781 015f 00       		.byte	0
 1782 0160 00       		.byte	0
 1783 0161 1C       		.uleb128 0x1c
 1784 0162 898201   		.uleb128 0x4109
 1785 0165 00       		.byte	0
 1786 0166 11       		.uleb128 0x11
 1787 0167 01       		.uleb128 0x1
 1788 0168 31       		.uleb128 0x31
 1789 0169 13       		.uleb128 0x13
 1790 016a 00       		.byte	0
 1791 016b 00       		.byte	0
 1792 016c 1D       		.uleb128 0x1d
 1793 016d 898201   		.uleb128 0x4109
 1794 0170 01       		.byte	0x1
 1795 0171 11       		.uleb128 0x11
 1796 0172 01       		.uleb128 0x1
 1797 0173 31       		.uleb128 0x31
 1798 0174 13       		.uleb128 0x13
 1799 0175 01       		.uleb128 0x1
 1800 0176 13       		.uleb128 0x13
 1801 0177 00       		.byte	0
 1802 0178 00       		.byte	0
 1803 0179 1E       		.uleb128 0x1e
 1804 017a 8A8201   		.uleb128 0x410a
 1805 017d 00       		.byte	0
 1806 017e 02       		.uleb128 0x2
 1807 017f 0A       		.uleb128 0xa
 1808 0180 9142     		.uleb128 0x2111
 1809 0182 0A       		.uleb128 0xa
 1810 0183 00       		.byte	0
ARM GAS  /tmp/ccyUdlE0.s 			page 33


 1811 0184 00       		.byte	0
 1812 0185 1F       		.uleb128 0x1f
 1813 0186 898201   		.uleb128 0x4109
 1814 0189 01       		.byte	0x1
 1815 018a 11       		.uleb128 0x11
 1816 018b 01       		.uleb128 0x1
 1817 018c 31       		.uleb128 0x31
 1818 018d 13       		.uleb128 0x13
 1819 018e 00       		.byte	0
 1820 018f 00       		.byte	0
 1821 0190 20       		.uleb128 0x20
 1822 0191 2E       		.uleb128 0x2e
 1823 0192 01       		.byte	0x1
 1824 0193 3F       		.uleb128 0x3f
 1825 0194 0C       		.uleb128 0xc
 1826 0195 03       		.uleb128 0x3
 1827 0196 0E       		.uleb128 0xe
 1828 0197 3A       		.uleb128 0x3a
 1829 0198 0B       		.uleb128 0xb
 1830 0199 3B       		.uleb128 0x3b
 1831 019a 0B       		.uleb128 0xb
 1832 019b 27       		.uleb128 0x27
 1833 019c 0C       		.uleb128 0xc
 1834 019d 11       		.uleb128 0x11
 1835 019e 01       		.uleb128 0x1
 1836 019f 12       		.uleb128 0x12
 1837 01a0 01       		.uleb128 0x1
 1838 01a1 40       		.uleb128 0x40
 1839 01a2 06       		.uleb128 0x6
 1840 01a3 9642     		.uleb128 0x2116
 1841 01a5 0C       		.uleb128 0xc
 1842 01a6 01       		.uleb128 0x1
 1843 01a7 13       		.uleb128 0x13
 1844 01a8 00       		.byte	0
 1845 01a9 00       		.byte	0
 1846 01aa 21       		.uleb128 0x21
 1847 01ab 0B       		.uleb128 0xb
 1848 01ac 01       		.byte	0x1
 1849 01ad 11       		.uleb128 0x11
 1850 01ae 01       		.uleb128 0x1
 1851 01af 12       		.uleb128 0x12
 1852 01b0 01       		.uleb128 0x1
 1853 01b1 00       		.byte	0
 1854 01b2 00       		.byte	0
 1855 01b3 22       		.uleb128 0x22
 1856 01b4 34       		.uleb128 0x34
 1857 01b5 00       		.byte	0
 1858 01b6 03       		.uleb128 0x3
 1859 01b7 0E       		.uleb128 0xe
 1860 01b8 3A       		.uleb128 0x3a
 1861 01b9 0B       		.uleb128 0xb
 1862 01ba 3B       		.uleb128 0x3b
 1863 01bb 0B       		.uleb128 0xb
 1864 01bc 49       		.uleb128 0x49
 1865 01bd 13       		.uleb128 0x13
 1866 01be 3F       		.uleb128 0x3f
 1867 01bf 0C       		.uleb128 0xc
ARM GAS  /tmp/ccyUdlE0.s 			page 34


 1868 01c0 3C       		.uleb128 0x3c
 1869 01c1 0C       		.uleb128 0xc
 1870 01c2 00       		.byte	0
 1871 01c3 00       		.byte	0
 1872 01c4 23       		.uleb128 0x23
 1873 01c5 34       		.uleb128 0x34
 1874 01c6 00       		.byte	0
 1875 01c7 03       		.uleb128 0x3
 1876 01c8 0E       		.uleb128 0xe
 1877 01c9 3A       		.uleb128 0x3a
 1878 01ca 0B       		.uleb128 0xb
 1879 01cb 3B       		.uleb128 0x3b
 1880 01cc 0B       		.uleb128 0xb
 1881 01cd 49       		.uleb128 0x49
 1882 01ce 13       		.uleb128 0x13
 1883 01cf 3F       		.uleb128 0x3f
 1884 01d0 0C       		.uleb128 0xc
 1885 01d1 02       		.uleb128 0x2
 1886 01d2 0A       		.uleb128 0xa
 1887 01d3 00       		.byte	0
 1888 01d4 00       		.byte	0
 1889 01d5 24       		.uleb128 0x24
 1890 01d6 2E       		.uleb128 0x2e
 1891 01d7 00       		.byte	0
 1892 01d8 3F       		.uleb128 0x3f
 1893 01d9 0C       		.uleb128 0xc
 1894 01da 03       		.uleb128 0x3
 1895 01db 0E       		.uleb128 0xe
 1896 01dc 3A       		.uleb128 0x3a
 1897 01dd 0B       		.uleb128 0xb
 1898 01de 3B       		.uleb128 0x3b
 1899 01df 05       		.uleb128 0x5
 1900 01e0 27       		.uleb128 0x27
 1901 01e1 0C       		.uleb128 0xc
 1902 01e2 3C       		.uleb128 0x3c
 1903 01e3 0C       		.uleb128 0xc
 1904 01e4 00       		.byte	0
 1905 01e5 00       		.byte	0
 1906 01e6 25       		.uleb128 0x25
 1907 01e7 2E       		.uleb128 0x2e
 1908 01e8 00       		.byte	0
 1909 01e9 3F       		.uleb128 0x3f
 1910 01ea 0C       		.uleb128 0xc
 1911 01eb 03       		.uleb128 0x3
 1912 01ec 0E       		.uleb128 0xe
 1913 01ed 3A       		.uleb128 0x3a
 1914 01ee 0B       		.uleb128 0xb
 1915 01ef 3B       		.uleb128 0x3b
 1916 01f0 0B       		.uleb128 0xb
 1917 01f1 27       		.uleb128 0x27
 1918 01f2 0C       		.uleb128 0xc
 1919 01f3 3C       		.uleb128 0x3c
 1920 01f4 0C       		.uleb128 0xc
 1921 01f5 00       		.byte	0
 1922 01f6 00       		.byte	0
 1923 01f7 26       		.uleb128 0x26
 1924 01f8 2E       		.uleb128 0x2e
ARM GAS  /tmp/ccyUdlE0.s 			page 35


 1925 01f9 01       		.byte	0x1
 1926 01fa 3F       		.uleb128 0x3f
 1927 01fb 0C       		.uleb128 0xc
 1928 01fc 03       		.uleb128 0x3
 1929 01fd 0E       		.uleb128 0xe
 1930 01fe 3A       		.uleb128 0x3a
 1931 01ff 0B       		.uleb128 0xb
 1932 0200 3B       		.uleb128 0x3b
 1933 0201 05       		.uleb128 0x5
 1934 0202 27       		.uleb128 0x27
 1935 0203 0C       		.uleb128 0xc
 1936 0204 49       		.uleb128 0x49
 1937 0205 13       		.uleb128 0x13
 1938 0206 3C       		.uleb128 0x3c
 1939 0207 0C       		.uleb128 0xc
 1940 0208 01       		.uleb128 0x1
 1941 0209 13       		.uleb128 0x13
 1942 020a 00       		.byte	0
 1943 020b 00       		.byte	0
 1944 020c 27       		.uleb128 0x27
 1945 020d 2E       		.uleb128 0x2e
 1946 020e 01       		.byte	0x1
 1947 020f 3F       		.uleb128 0x3f
 1948 0210 0C       		.uleb128 0xc
 1949 0211 03       		.uleb128 0x3
 1950 0212 0E       		.uleb128 0xe
 1951 0213 3A       		.uleb128 0x3a
 1952 0214 0B       		.uleb128 0xb
 1953 0215 3B       		.uleb128 0x3b
 1954 0216 05       		.uleb128 0x5
 1955 0217 27       		.uleb128 0x27
 1956 0218 0C       		.uleb128 0xc
 1957 0219 49       		.uleb128 0x49
 1958 021a 13       		.uleb128 0x13
 1959 021b 3C       		.uleb128 0x3c
 1960 021c 0C       		.uleb128 0xc
 1961 021d 00       		.byte	0
 1962 021e 00       		.byte	0
 1963 021f 00       		.byte	0
 1964              		.section	.debug_loc,"",%progbits
 1965              	.Ldebug_loc0:
 1966              	.LLST0:
 1967 0000 00000000 		.4byte	.LVL0
 1968 0004 06000000 		.4byte	.LVL1
 1969 0008 0100     		.2byte	0x1
 1970 000a 50       		.byte	0x50
 1971 000b 06000000 		.4byte	.LVL1
 1972 000f 14000000 		.4byte	.LFE7
 1973 0013 0400     		.2byte	0x4
 1974 0015 F3       		.byte	0xf3
 1975 0016 01       		.uleb128 0x1
 1976 0017 50       		.byte	0x50
 1977 0018 9F       		.byte	0x9f
 1978 0019 00000000 		.4byte	0
 1979 001d 00000000 		.4byte	0
 1980              	.LLST1:
 1981 0021 00000000 		.4byte	.LFB8
ARM GAS  /tmp/ccyUdlE0.s 			page 36


 1982 0025 02000000 		.4byte	.LCFI0
 1983 0029 0200     		.2byte	0x2
 1984 002b 7D       		.byte	0x7d
 1985 002c 00       		.sleb128 0
 1986 002d 02000000 		.4byte	.LCFI0
 1987 0031 04000000 		.4byte	.LCFI1
 1988 0035 0200     		.2byte	0x2
 1989 0037 7D       		.byte	0x7d
 1990 0038 04       		.sleb128 4
 1991 0039 04000000 		.4byte	.LCFI1
 1992 003d 64000000 		.4byte	.LFE8
 1993 0041 0200     		.2byte	0x2
 1994 0043 7D       		.byte	0x7d
 1995 0044 10       		.sleb128 16
 1996 0045 00000000 		.4byte	0
 1997 0049 00000000 		.4byte	0
 1998              	.LLST2:
 1999 004d 3C000000 		.4byte	.LVL9
 2000 0051 52000000 		.4byte	.LVL10
 2001 0055 0100     		.2byte	0x1
 2002 0057 53       		.byte	0x53
 2003 0058 00000000 		.4byte	0
 2004 005c 00000000 		.4byte	0
 2005              	.LLST3:
 2006 0060 00000000 		.4byte	.LFB9
 2007 0064 02000000 		.4byte	.LCFI2
 2008 0068 0200     		.2byte	0x2
 2009 006a 7D       		.byte	0x7d
 2010 006b 00       		.sleb128 0
 2011 006c 02000000 		.4byte	.LCFI2
 2012 0070 58000000 		.4byte	.LFE9
 2013 0074 0200     		.2byte	0x2
 2014 0076 7D       		.byte	0x7d
 2015 0077 10       		.sleb128 16
 2016 0078 00000000 		.4byte	0
 2017 007c 00000000 		.4byte	0
 2018              	.LLST4:
 2019 0080 28000000 		.4byte	.LVL12
 2020 0084 3D000000 		.4byte	.LVL18-1
 2021 0088 0100     		.2byte	0x1
 2022 008a 52       		.byte	0x52
 2023 008b 46000000 		.4byte	.LVL20
 2024 008f 4C000000 		.4byte	.LVL21
 2025 0093 0100     		.2byte	0x1
 2026 0095 52       		.byte	0x52
 2027 0096 00000000 		.4byte	0
 2028 009a 00000000 		.4byte	0
 2029              	.LLST5:
 2030 009e 2E000000 		.4byte	.LVL15
 2031 00a2 3D000000 		.4byte	.LVL18-1
 2032 00a6 0100     		.2byte	0x1
 2033 00a8 51       		.byte	0x51
 2034 00a9 00000000 		.4byte	0
 2035 00ad 00000000 		.4byte	0
 2036              	.LLST6:
 2037 00b1 3A000000 		.4byte	.LVL17
 2038 00b5 3D000000 		.4byte	.LVL18-1
ARM GAS  /tmp/ccyUdlE0.s 			page 37


 2039 00b9 0100     		.2byte	0x1
 2040 00bb 53       		.byte	0x53
 2041 00bc 00000000 		.4byte	0
 2042 00c0 00000000 		.4byte	0
 2043              	.LLST7:
 2044 00c4 2A000000 		.4byte	.LVL13
 2045 00c8 2C000000 		.4byte	.LVL14
 2046 00cc 0100     		.2byte	0x1
 2047 00ce 53       		.byte	0x53
 2048 00cf 44000000 		.4byte	.LVL19
 2049 00d3 58000000 		.4byte	.LFE9
 2050 00d7 0100     		.2byte	0x1
 2051 00d9 53       		.byte	0x53
 2052 00da 00000000 		.4byte	0
 2053 00de 00000000 		.4byte	0
 2054              		.section	.debug_aranges,"",%progbits
 2055 0000 2C000000 		.4byte	0x2c
 2056 0004 0200     		.2byte	0x2
 2057 0006 00000000 		.4byte	.Ldebug_info0
 2058 000a 04       		.byte	0x4
 2059 000b 00       		.byte	0
 2060 000c 0000     		.2byte	0
 2061 000e 0000     		.2byte	0
 2062 0010 00000000 		.4byte	.LFB7
 2063 0014 14000000 		.4byte	.LFE7-.LFB7
 2064 0018 00000000 		.4byte	.LFB8
 2065 001c 64000000 		.4byte	.LFE8-.LFB8
 2066 0020 00000000 		.4byte	.LFB9
 2067 0024 58000000 		.4byte	.LFE9-.LFB9
 2068 0028 00000000 		.4byte	0
 2069 002c 00000000 		.4byte	0
 2070              		.section	.debug_ranges,"",%progbits
 2071              	.Ldebug_ranges0:
 2072 0000 00000000 		.4byte	.LFB7
 2073 0004 14000000 		.4byte	.LFE7
 2074 0008 00000000 		.4byte	.LFB8
 2075 000c 64000000 		.4byte	.LFE8
 2076 0010 00000000 		.4byte	.LFB9
 2077 0014 58000000 		.4byte	.LFE9
 2078 0018 00000000 		.4byte	0
 2079 001c 00000000 		.4byte	0
 2080              		.section	.debug_line,"",%progbits
 2081              	.Ldebug_line0:
 2082 0000 CF010000 		.section	.debug_str,"MS",%progbits,1
 2082      02007B01 
 2082      00000201 
 2082      FB0E0D00 
 2082      01010101 
 2083              	.LASF76:
 2084 0000 7466756E 		.ascii	"tfunc_t\000"
 2084      635F7400 
 2085              	.LASF87:
 2086 0008 63665F6F 		.ascii	"cf_off_older\000"
 2086      66665F6F 
 2086      6C646572 
 2086      00
 2087              	.LASF39:
ARM GAS  /tmp/ccyUdlE0.s 			page 38


 2088 0015 705F6D73 		.ascii	"p_msg\000"
 2088      6700
 2089              	.LASF2:
 2090 001b 73697A65 		.ascii	"size_t\000"
 2090      5F7400
 2091              	.LASF71:
 2092 0022 7264796D 		.ascii	"rdymsg\000"
 2092      736700
 2093              	.LASF13:
 2094 0029 75696E74 		.ascii	"uint64_t\000"
 2094      36345F74 
 2094      00
 2095              	.LASF100:
 2096 0032 76746C69 		.ascii	"vtlist\000"
 2096      737400
 2097              	.LASF99:
 2098 0039 63685379 		.ascii	"chSysTimerHandlerI\000"
 2098      7354696D 
 2098      65724861 
 2098      6E646C65 
 2098      724900
 2099              	.LASF14:
 2100 004c 6C6F6E67 		.ascii	"long long unsigned int\000"
 2100      206C6F6E 
 2100      6720756E 
 2100      7369676E 
 2100      65642069 
 2101              	.LASF83:
 2102 0063 63685F74 		.ascii	"ch_threadsize\000"
 2102      68726561 
 2102      6473697A 
 2102      6500
 2103              	.LASF72:
 2104 0071 65786974 		.ascii	"exitcode\000"
 2104      636F6465 
 2104      00
 2105              	.LASF98:
 2106 007a 6D61696E 		.ascii	"mainthread\000"
 2106      74687265 
 2106      616400
 2107              	.LASF27:
 2108 0085 705F7072 		.ascii	"p_prio\000"
 2108      696F00
 2109              	.LASF90:
 2110 008c 63665F6F 		.ascii	"cf_off_state\000"
 2110      66665F73 
 2110      74617465 
 2110      00
 2111              	.LASF105:
 2112 0099 5F736368 		.ascii	"_scheduler_init\000"
 2112      6564756C 
 2112      65725F69 
 2112      6E697400 
 2113              	.LASF12:
 2114 00a9 6C6F6E67 		.ascii	"long long int\000"
 2114      206C6F6E 
 2114      6720696E 
ARM GAS  /tmp/ccyUdlE0.s 			page 39


 2114      7400
 2115              	.LASF1:
 2116 00b7 7369676E 		.ascii	"signed char\000"
 2116      65642063 
 2116      68617200 
 2117              	.LASF89:
 2118 00c3 63665F6F 		.ascii	"cf_off_stklimit\000"
 2118      66665F73 
 2118      746B6C69 
 2118      6D697400 
 2119              	.LASF91:
 2120 00d3 63665F6F 		.ascii	"cf_off_flags\000"
 2120      66665F66 
 2120      6C616773 
 2120      00
 2121              	.LASF43:
 2122 00e0 705F6D70 		.ascii	"p_mpool\000"
 2122      6F6F6C00 
 2123              	.LASF68:
 2124 00e8 6D5F7175 		.ascii	"m_queue\000"
 2124      65756500 
 2125              	.LASF19:
 2126 00f0 74736C69 		.ascii	"tslices_t\000"
 2126      6365735F 
 2126      7400
 2127              	.LASF9:
 2128 00fa 6C6F6E67 		.ascii	"long int\000"
 2128      20696E74 
 2128      00
 2129              	.LASF17:
 2130 0103 74737461 		.ascii	"tstate_t\000"
 2130      74655F74 
 2130      00
 2131              	.LASF6:
 2132 010c 75696E74 		.ascii	"uint16_t\000"
 2132      31365F74 
 2132      00
 2133              	.LASF95:
 2134 0115 63686465 		.ascii	"chdebug_t\000"
 2134      6275675F 
 2134      7400
 2135              	.LASF29:
 2136 011f 705F6E65 		.ascii	"p_newer\000"
 2136      77657200 
 2137              	.LASF103:
 2138 0127 5F69646C 		.ascii	"_idle_thread_wa\000"
 2138      655F7468 
 2138      72656164 
 2138      5F776100 
 2139              	.LASF63:
 2140 0137 725F6E65 		.ascii	"r_newer\000"
 2140      77657200 
 2141              	.LASF46:
 2142 013f 72656761 		.ascii	"regarm_t\000"
 2142      726D5F74 
 2142      00
 2143              	.LASF54:
ARM GAS  /tmp/ccyUdlE0.s 			page 40


 2144 0148 76745F70 		.ascii	"vt_prev\000"
 2144      72657600 
 2145              	.LASF97:
 2146 0150 63685379 		.ascii	"chSysInit\000"
 2146      73496E69 
 2146      7400
 2147              	.LASF108:
 2148 015a 5F686561 		.ascii	"_heap_init\000"
 2148      705F696E 
 2148      697400
 2149              	.LASF0:
 2150 0165 756E7369 		.ascii	"unsigned int\000"
 2150      676E6564 
 2150      20696E74 
 2150      00
 2151              	.LASF112:
 2152 0172 5F746872 		.ascii	"_thread_init\000"
 2152      6561645F 
 2152      696E6974 
 2152      00
 2153              	.LASF53:
 2154 017f 76745F6E 		.ascii	"vt_next\000"
 2154      65787400 
 2155              	.LASF11:
 2156 0187 6C6F6E67 		.ascii	"long unsigned int\000"
 2156      20756E73 
 2156      69676E65 
 2156      6420696E 
 2156      7400
 2157              	.LASF102:
 2158 0199 63685F64 		.ascii	"ch_debug\000"
 2158      65627567 
 2158      00
 2159              	.LASF77:
 2160 01a2 63685F69 		.ascii	"ch_identifier\000"
 2160      64656E74 
 2160      69666965 
 2160      7200
 2161              	.LASF49:
 2162 01b0 636F6E74 		.ascii	"context\000"
 2162      65787400 
 2163              	.LASF7:
 2164 01b8 73686F72 		.ascii	"short unsigned int\000"
 2164      7420756E 
 2164      7369676E 
 2164      65642069 
 2164      6E7400
 2165              	.LASF21:
 2166 01cb 6D73675F 		.ascii	"msg_t\000"
 2166      7400
 2167              	.LASF16:
 2168 01d1 746D6F64 		.ascii	"tmode_t\000"
 2168      655F7400 
 2169              	.LASF45:
 2170 01d9 54687265 		.ascii	"ThreadsList\000"
 2170      6164734C 
 2170      69737400 
ARM GAS  /tmp/ccyUdlE0.s 			page 41


 2171              	.LASF22:
 2172 01e5 6576656E 		.ascii	"eventmask_t\000"
 2172      746D6173 
 2172      6B5F7400 
 2173              	.LASF67:
 2174 01f1 4D757465 		.ascii	"Mutex\000"
 2174      7800
 2175              	.LASF109:
 2176 01f7 474E5520 		.ascii	"GNU C 4.7.4 20130613 (release) [ARM/embedded-4_7-br"
 2176      4320342E 
 2176      372E3420 
 2176      32303133 
 2176      30363133 
 2177 022a 616E6368 		.ascii	"anch revision 200083]\000"
 2177      20726576 
 2177      6973696F 
 2177      6E203230 
 2177      30303833 
 2178              	.LASF47:
 2179 0240 73746B61 		.ascii	"stkalign_t\000"
 2179      6C69676E 
 2179      5F7400
 2180              	.LASF113:
 2181 024b 63685468 		.ascii	"chThdCreateStatic\000"
 2181      64437265 
 2181      61746553 
 2181      74617469 
 2181      6300
 2182              	.LASF78:
 2183 025d 63685F7A 		.ascii	"ch_zero\000"
 2183      65726F00 
 2184              	.LASF92:
 2185 0265 63665F6F 		.ascii	"cf_off_refs\000"
 2185      66665F72 
 2185      65667300 
 2186              	.LASF55:
 2187 0271 76745F74 		.ascii	"vt_time\000"
 2187      696D6500 
 2188              	.LASF50:
 2189 0279 73697A65 		.ascii	"sizetype\000"
 2189      74797065 
 2189      00
 2190              	.LASF56:
 2191 0282 76745F66 		.ascii	"vt_func\000"
 2191      756E6300 
 2192              	.LASF82:
 2193 028a 63685F74 		.ascii	"ch_timesize\000"
 2193      696D6573 
 2193      697A6500 
 2194              	.LASF88:
 2195 0296 63665F6F 		.ascii	"cf_off_name\000"
 2195      66665F6E 
 2195      616D6500 
 2196              	.LASF30:
 2197 02a2 705F6F6C 		.ascii	"p_older\000"
 2197      64657200 
 2198              	.LASF62:
ARM GAS  /tmp/ccyUdlE0.s 			page 42


 2199 02aa 725F6374 		.ascii	"r_ctx\000"
 2199      7800
 2200              	.LASF44:
 2201 02b0 54687265 		.ascii	"ThreadsQueue\000"
 2201      61647351 
 2201      75657565 
 2201      00
 2202              	.LASF79:
 2203 02bd 63685F73 		.ascii	"ch_size\000"
 2203      697A6500 
 2204              	.LASF65:
 2205 02c5 725F6375 		.ascii	"r_current\000"
 2205      7272656E 
 2205      7400
 2206              	.LASF64:
 2207 02cf 725F6F6C 		.ascii	"r_older\000"
 2207      64657200 
 2208              	.LASF96:
 2209 02d7 5F69646C 		.ascii	"_idle_thread\000"
 2209      655F7468 
 2209      72656164 
 2209      00
 2210              	.LASF18:
 2211 02e4 74726566 		.ascii	"trefs_t\000"
 2211      735F7400 
 2212              	.LASF81:
 2213 02ec 63685F70 		.ascii	"ch_ptrsize\000"
 2213      74727369 
 2213      7A6500
 2214              	.LASF26:
 2215 02f7 705F7072 		.ascii	"p_prev\000"
 2215      657600
 2216              	.LASF20:
 2217 02fe 74707269 		.ascii	"tprio_t\000"
 2217      6F5F7400 
 2218              	.LASF15:
 2219 0306 5F426F6F 		.ascii	"_Bool\000"
 2219      6C00
 2220              	.LASF8:
 2221 030c 696E7433 		.ascii	"int32_t\000"
 2221      325F7400 
 2222              	.LASF4:
 2223 0314 756E7369 		.ascii	"unsigned char\000"
 2223      676E6564 
 2223      20636861 
 2223      7200
 2224              	.LASF107:
 2225 0322 5F636F72 		.ascii	"_core_init\000"
 2225      655F696E 
 2225      697400
 2226              	.LASF41:
 2227 032d 705F6D74 		.ascii	"p_mtxlist\000"
 2227      786C6973 
 2227      7400
 2228              	.LASF5:
 2229 0337 73686F72 		.ascii	"short int\000"
 2229      7420696E 
ARM GAS  /tmp/ccyUdlE0.s 			page 43


 2229      7400
 2230              	.LASF32:
 2231 0341 705F7374 		.ascii	"p_state\000"
 2231      61746500 
 2232              	.LASF35:
 2233 0349 705F7072 		.ascii	"p_preempt\000"
 2233      65656D70 
 2233      7400
 2234              	.LASF94:
 2235 0353 63665F6F 		.ascii	"cf_off_time\000"
 2235      66665F74 
 2235      696D6500 
 2236              	.LASF61:
 2237 035f 725F7072 		.ascii	"r_prio\000"
 2237      696F00
 2238              	.LASF74:
 2239 0366 65776D61 		.ascii	"ewmask\000"
 2239      736B00
 2240              	.LASF25:
 2241 036d 705F6E65 		.ascii	"p_next\000"
 2241      787400
 2242              	.LASF93:
 2243 0374 63665F6F 		.ascii	"cf_off_preempt\000"
 2243      66665F70 
 2243      7265656D 
 2243      707400
 2244              	.LASF33:
 2245 0383 705F666C 		.ascii	"p_flags\000"
 2245      61677300 
 2246              	.LASF24:
 2247 038b 54687265 		.ascii	"Thread\000"
 2247      616400
 2248              	.LASF86:
 2249 0392 63665F6F 		.ascii	"cf_off_newer\000"
 2249      66665F6E 
 2249      65776572 
 2249      00
 2250              	.LASF40:
 2251 039f 705F6570 		.ascii	"p_epending\000"
 2251      656E6469 
 2251      6E6700
 2252              	.LASF10:
 2253 03aa 75696E74 		.ascii	"uint32_t\000"
 2253      33325F74 
 2253      00
 2254              	.LASF84:
 2255 03b3 63665F6F 		.ascii	"cf_off_prio\000"
 2255      66665F70 
 2255      72696F00 
 2256              	.LASF60:
 2257 03bf 725F7175 		.ascii	"r_queue\000"
 2257      65756500 
 2258              	.LASF52:
 2259 03c7 56697274 		.ascii	"VirtualTimer\000"
 2259      75616C54 
 2259      696D6572 
 2259      00
ARM GAS  /tmp/ccyUdlE0.s 			page 44


 2260              	.LASF75:
 2261 03d4 63686172 		.ascii	"char\000"
 2261      00
 2262              	.LASF70:
 2263 03d9 6D5F6E65 		.ascii	"m_next\000"
 2263      787400
 2264              	.LASF23:
 2265 03e0 73797374 		.ascii	"systime_t\000"
 2265      696D655F 
 2265      7400
 2266              	.LASF42:
 2267 03ea 705F7265 		.ascii	"p_realprio\000"
 2267      616C7072 
 2267      696F00
 2268              	.LASF51:
 2269 03f5 76746675 		.ascii	"vtfunc_t\000"
 2269      6E635F74 
 2269      00
 2270              	.LASF106:
 2271 03fe 5F76745F 		.ascii	"_vt_init\000"
 2271      696E6974 
 2271      00
 2272              	.LASF111:
 2273 0407 2F686F6D 		.ascii	"/home/witold/Dokumenty/arm/ChibiOS-master/demos/ARM"
 2273      652F7769 
 2273      746F6C64 
 2273      2F446F6B 
 2273      756D656E 
 2274 043a 434D342D 		.ascii	"CM4-STM32F407-LWIP\000"
 2274      53544D33 
 2274      32463430 
 2274      372D4C57 
 2274      495000
 2275              	.LASF36:
 2276 044d 705F7469 		.ascii	"p_time\000"
 2276      6D6500
 2277              	.LASF48:
 2278 0454 696E7463 		.ascii	"intctx\000"
 2278      747800
 2279              	.LASF38:
 2280 045b 705F6D73 		.ascii	"p_msgqueue\000"
 2280      67717565 
 2280      756500
 2281              	.LASF57:
 2282 0466 76745F70 		.ascii	"vt_par\000"
 2282      617200
 2283              	.LASF85:
 2284 046d 63665F6F 		.ascii	"cf_off_ctx\000"
 2284      66665F63 
 2284      747800
 2285              	.LASF34:
 2286 0478 705F7265 		.ascii	"p_refs\000"
 2286      667300
 2287              	.LASF66:
 2288 047f 52656164 		.ascii	"ReadyList\000"
 2288      794C6973 
 2288      7400
ARM GAS  /tmp/ccyUdlE0.s 			page 45


 2289              	.LASF101:
 2290 0489 726C6973 		.ascii	"rlist\000"
 2290      7400
 2291              	.LASF110:
 2292 048f 2E2E2F2E 		.ascii	"../../os/kernel/src/chsys.c\000"
 2292      2E2F6F73 
 2292      2F6B6572 
 2292      6E656C2F 
 2292      7372632F 
 2293              	.LASF3:
 2294 04ab 75696E74 		.ascii	"uint8_t\000"
 2294      385F7400 
 2295              	.LASF104:
 2296 04b3 5F706F72 		.ascii	"_port_init\000"
 2296      745F696E 
 2296      697400
 2297              	.LASF73:
 2298 04be 77746F62 		.ascii	"wtobjp\000"
 2298      6A7000
 2299              	.LASF31:
 2300 04c5 705F6E61 		.ascii	"p_name\000"
 2300      6D6500
 2301              	.LASF58:
 2302 04cc 76745F73 		.ascii	"vt_systime\000"
 2302      79737469 
 2302      6D6500
 2303              	.LASF80:
 2304 04d7 63685F76 		.ascii	"ch_version\000"
 2304      65727369 
 2304      6F6E00
 2305              	.LASF59:
 2306 04e2 56544C69 		.ascii	"VTList\000"
 2306      737400
 2307              	.LASF69:
 2308 04e9 6D5F6F77 		.ascii	"m_owner\000"
 2308      6E657200 
 2309              	.LASF28:
 2310 04f1 705F6374 		.ascii	"p_ctx\000"
 2310      7800
 2311              	.LASF37:
 2312 04f7 705F7761 		.ascii	"p_waiting\000"
 2312      6974696E 
 2312      6700
 2313              		.ident	"GCC: (GNU Tools for ARM Embedded Processors) 4.7.4 20130613 (release) [ARM/embedded-4_7-br
ARM GAS  /tmp/ccyUdlE0.s 			page 46


DEFINED SYMBOLS
                            *ABS*:00000000 chsys.c
     /tmp/ccyUdlE0.s:19     .text._idle_thread:00000000 $t
     /tmp/ccyUdlE0.s:25     .text._idle_thread:00000000 _idle_thread
     /tmp/ccyUdlE0.s:45     .text._idle_thread:0000000c $d
     /tmp/ccyUdlE0.s:51     .text.chSysInit:00000000 $t
     /tmp/ccyUdlE0.s:57     .text.chSysInit:00000000 chSysInit
     /tmp/ccyUdlE0.s:233    .bss.mainthread.4776:00000000 .LANCHOR0
     /tmp/ccyUdlE0.s:244    .bss._idle_thread_wa:00000000 .LANCHOR1
     /tmp/ccyUdlE0.s:132    .text.chSysTimerHandlerI:00000000 $t
     /tmp/ccyUdlE0.s:138    .text.chSysTimerHandlerI:00000000 chSysTimerHandlerI
     /tmp/ccyUdlE0.s:224    .text.chSysTimerHandlerI:00000050 $d
     /tmp/ccyUdlE0.s:247    .bss._idle_thread_wa:00000000 _idle_thread_wa
     /tmp/ccyUdlE0.s:232    .bss.mainthread.4776:00000000 $d
     /tmp/ccyUdlE0.s:236    .bss.mainthread.4776:00000000 mainthread.4776
     /tmp/ccyUdlE0.s:239    .rodata.str1.4:00000000 $d
     /tmp/ccyUdlE0.s:243    .bss._idle_thread_wa:00000000 $d
                     .debug_frame:00000010 $d
     /tmp/ccyUdlE0.s:50     .text._idle_thread:00000014 $t
     /tmp/ccyUdlE0.s:231    .text.chSysTimerHandlerI:00000058 $t

UNDEFINED SYMBOLS
rlist
_port_init
_scheduler_init
_vt_init
_core_init
_heap_init
_thread_init
ch_debug
chThdCreateStatic
vtlist
