ARM GAS  /tmp/cchiNJMm.s 			page 1


   1              		.syntax unified
   2              		.cpu cortex-m4
   3              		.fpu softvfp
   4              		.eabi_attribute 20, 1
   5              		.eabi_attribute 21, 1
   6              		.eabi_attribute 23, 3
   7              		.eabi_attribute 24, 1
   8              		.eabi_attribute 25, 1
   9              		.eabi_attribute 26, 1
  10              		.eabi_attribute 30, 2
  11              		.eabi_attribute 34, 1
  12              		.eabi_attribute 18, 4
  13              		.thumb
  14              		.file	"chvt.c"
  15              		.text
  16              	.Ltext0:
  17              		.cfi_sections	.debug_frame
  18              		.section	.text._vt_init,"ax",%progbits
  19              		.align	2
  20              		.p2align 4,,15
  21              		.global	_vt_init
  22              		.thumb
  23              		.thumb_func
  24              		.type	_vt_init, %function
  25              	_vt_init:
  26              	.LFB7:
  27              		.file 1 "../../os/kernel/src/chvt.c"
  28              		.loc 1 43 0
  29              		.cfi_startproc
  30              		@ args = 0, pretend = 0, frame = 0
  31              		@ frame_needed = 0, uses_anonymous_args = 0
  32              		@ link register save eliminated.
  33              		.loc 1 45 0
  34 0000 40F20003 		movw	r3, #:lower16:.LANCHOR0
  35 0004 C0F20003 		movt	r3, #:upper16:.LANCHOR0
  36              		.loc 1 46 0
  37 0008 4FF0FF32 		mov	r2, #-1
  38              		.loc 1 47 0
  39 000c 0020     		movs	r0, #0
  40              		.loc 1 45 0
  41 000e 5B60     		str	r3, [r3, #4]
  42 0010 1B60     		str	r3, [r3, #0]
  43              		.loc 1 46 0
  44 0012 9A60     		str	r2, [r3, #8]
  45              		.loc 1 47 0
  46 0014 D860     		str	r0, [r3, #12]
  47 0016 7047     		bx	lr
  48              		.cfi_endproc
  49              	.LFE7:
  50              		.size	_vt_init, .-_vt_init
  51 0018 AFF30080 		.section	.text.chVTSetI,"ax",%progbits
  51      AFF30080 
  52              		.align	2
  53              		.p2align 4,,15
  54              		.global	chVTSetI
  55              		.thumb
  56              		.thumb_func
ARM GAS  /tmp/cchiNJMm.s 			page 2


  57              		.type	chVTSetI, %function
  58              	chVTSetI:
  59              	.LFB8:
  60              		.loc 1 69 0
  61              		.cfi_startproc
  62              		@ args = 0, pretend = 0, frame = 0
  63              		@ frame_needed = 0, uses_anonymous_args = 0
  64              		@ link register save eliminated.
  65              	.LVL0:
  66 0000 70B4     		push	{r4, r5, r6}
  67              	.LCFI0:
  68              		.cfi_def_cfa_offset 12
  69              		.cfi_offset 4, -12
  70              		.cfi_offset 5, -8
  71              		.cfi_offset 6, -4
  72              		.loc 1 78 0
  73 0002 0C4E     		ldr	r6, .L9
  74              		.loc 1 76 0
  75 0004 0361     		str	r3, [r0, #16]
  76              		.loc 1 78 0
  77 0006 3468     		ldr	r4, [r6, #0]
  78              	.LVL1:
  79              		.loc 1 77 0
  80 0008 C260     		str	r2, [r0, #12]
  81              		.loc 1 79 0
  82 000a A568     		ldr	r5, [r4, #8]
  83 000c A942     		cmp	r1, r5
  84 000e 04D9     		bls	.L3
  85              	.L6:
  86              		.loc 1 81 0
  87 0010 2468     		ldr	r4, [r4, #0]
  88              	.LVL2:
  89              		.loc 1 80 0
  90 0012 491B     		subs	r1, r1, r5
  91              	.LVL3:
  92              		.loc 1 79 0
  93 0014 A568     		ldr	r5, [r4, #8]
  94 0016 8D42     		cmp	r5, r1
  95 0018 FAD3     		bcc	.L6
  96              	.L3:
  97              		.loc 1 84 0
  98 001a 6368     		ldr	r3, [r4, #4]
  99              	.LVL4:
 100 001c 0460     		str	r4, [r0, #0]
 101              		.loc 1 87 0
 102 001e B442     		cmp	r4, r6
 103              		.loc 1 84 0
 104 0020 4360     		str	r3, [r0, #4]
 105              		.loc 1 85 0
 106 0022 1860     		str	r0, [r3, #0]
 107 0024 6060     		str	r0, [r4, #4]
 108              		.loc 1 86 0
 109 0026 8160     		str	r1, [r0, #8]
 110              		.loc 1 87 0
 111 0028 02D0     		beq	.L2
 112              		.loc 1 88 0
 113 002a A068     		ldr	r0, [r4, #8]
ARM GAS  /tmp/cchiNJMm.s 			page 3


 114              	.LVL5:
 115 002c 411A     		subs	r1, r0, r1
 116              	.LVL6:
 117 002e A160     		str	r1, [r4, #8]
 118              	.L2:
 119              		.loc 1 89 0
 120 0030 70BC     		pop	{r4, r5, r6}
 121 0032 7047     		bx	lr
 122              	.L10:
 123              		.align	2
 124              	.L9:
 125 0034 00000000 		.word	.LANCHOR0
 126              		.cfi_endproc
 127              	.LFE8:
 128              		.size	chVTSetI, .-chVTSetI
 129 0038 AFF30080 		.section	.text.chVTResetI,"ax",%progbits
 129      AFF30080 
 130              		.align	2
 131              		.p2align 4,,15
 132              		.global	chVTResetI
 133              		.thumb
 134              		.thumb_func
 135              		.type	chVTResetI, %function
 136              	chVTResetI:
 137              	.LFB9:
 138              		.loc 1 99 0
 139              		.cfi_startproc
 140              		@ args = 0, pretend = 0, frame = 0
 141              		@ frame_needed = 0, uses_anonymous_args = 0
 142              		@ link register save eliminated.
 143              	.LVL7:
 144              		.loc 1 107 0
 145 0000 0368     		ldr	r3, [r0, #0]
 146 0002 074A     		ldr	r2, .L13
 147 0004 9342     		cmp	r3, r2
 148 0006 03D0     		beq	.L12
 149              		.loc 1 108 0
 150 0008 9968     		ldr	r1, [r3, #8]
 151 000a 8268     		ldr	r2, [r0, #8]
 152 000c 8918     		adds	r1, r1, r2
 153 000e 9960     		str	r1, [r3, #8]
 154              	.L12:
 155              		.loc 1 109 0
 156 0010 4268     		ldr	r2, [r0, #4]
 157 0012 1360     		str	r3, [r2, #0]
 158              		.loc 1 110 0
 159 0014 0368     		ldr	r3, [r0, #0]
 160              		.loc 1 111 0
 161 0016 0021     		movs	r1, #0
 162              		.loc 1 110 0
 163 0018 5A60     		str	r2, [r3, #4]
 164              		.loc 1 111 0
 165 001a C160     		str	r1, [r0, #12]
 166 001c 7047     		bx	lr
 167              	.L14:
 168 001e 00BF     		.align	2
 169              	.L13:
ARM GAS  /tmp/cchiNJMm.s 			page 4


 170 0020 00000000 		.word	.LANCHOR0
 171              		.cfi_endproc
 172              	.LFE9:
 173              		.size	chVTResetI, .-chVTResetI
 174 0024 AFF30080 		.section	.text.chTimeIsWithin,"ax",%progbits
 174      AFF30080 
 174      AFF30080 
 175              		.align	2
 176              		.p2align 4,,15
 177              		.global	chTimeIsWithin
 178              		.thumb
 179              		.thumb_func
 180              		.type	chTimeIsWithin, %function
 181              	chTimeIsWithin:
 182              	.LFB10:
 183              		.loc 1 127 0
 184              		.cfi_startproc
 185              		@ args = 0, pretend = 0, frame = 0
 186              		@ frame_needed = 0, uses_anonymous_args = 0
 187              		@ link register save eliminated.
 188              	.LVL8:
 189              		.loc 1 129 0
 190 0000 084B     		ldr	r3, .L23
 191              		.loc 1 130 0
 192 0002 8142     		cmp	r1, r0
 193              		.loc 1 129 0
 194 0004 DA68     		ldr	r2, [r3, #12]
 195              	.LVL9:
 196              		.loc 1 130 0
 197 0006 06D9     		bls	.L16
 198              		.loc 1 130 0 is_stmt 0 discriminator 1
 199 0008 8242     		cmp	r2, r0
 200 000a 08D3     		bcc	.L20
 201              	.L22:
 202              		.loc 1 131 0 is_stmt 1 discriminator 2
 203 000c 8A42     		cmp	r2, r1
 204 000e 2CBF     		ite	cs
 205 0010 0020     		movcs	r0, #0
 206              	.LVL10:
 207 0012 0120     		movcc	r0, #1
 208 0014 7047     		bx	lr
 209              	.LVL11:
 210              	.L16:
 211              		.loc 1 131 0 is_stmt 0
 212 0016 8242     		cmp	r2, r0
 213 0018 F8D3     		bcc	.L22
 214 001a 0120     		movs	r0, #1
 215              	.LVL12:
 216              		.loc 1 132 0 is_stmt 1
 217 001c 7047     		bx	lr
 218              	.LVL13:
 219              	.L20:
 220              		.loc 1 130 0
 221 001e 0020     		movs	r0, #0
 222              	.LVL14:
 223 0020 7047     		bx	lr
 224              	.L24:
ARM GAS  /tmp/cchiNJMm.s 			page 5


 225 0022 00BF     		.align	2
 226              	.L23:
 227 0024 00000000 		.word	.LANCHOR0
 228              		.cfi_endproc
 229              	.LFE10:
 230              		.size	chTimeIsWithin, .-chTimeIsWithin
 231              		.global	vtlist
 232 0028 AFF30080 		.section	.bss.vtlist,"aw",%nobits
 232      AFF30080 
 233              		.align	2
 234              		.set	.LANCHOR0,. + 0
 235              		.type	vtlist, %object
 236              		.size	vtlist, 16
 237              	vtlist:
 238 0000 00000000 		.space	16
 238      00000000 
 238      00000000 
 238      00000000 
 239              		.text
 240              	.Letext0:
 241              		.file 2 "/usr/bin/../lib/gcc/arm-none-eabi/4.7.4/../../../../arm-none-eabi/include/stdint.h"
 242              		.file 3 "../../os/ports/GCC/ARMCMx/chtypes.h"
 243              		.file 4 "../../os/kernel/include/chvt.h"
 244              		.section	.debug_info,"",%progbits
 245              	.Ldebug_info0:
 246 0000 6D020000 		.4byte	0x26d
 247 0004 0200     		.2byte	0x2
 248 0006 00000000 		.4byte	.Ldebug_abbrev0
 249 000a 04       		.byte	0x4
 250 000b 01       		.uleb128 0x1
 251 000c 8A000000 		.4byte	.LASF29
 252 0010 01       		.byte	0x1
 253 0011 4D010000 		.4byte	.LASF30
 254 0015 07010000 		.4byte	.LASF31
 255 0019 00000000 		.4byte	.Ldebug_ranges0+0
 256 001d 00000000 		.4byte	0
 257 0021 00000000 		.4byte	0
 258 0025 00000000 		.4byte	.Ldebug_line0
 259 0029 02       		.uleb128 0x2
 260 002a 04       		.byte	0x4
 261 002b 05       		.byte	0x5
 262 002c 696E7400 		.ascii	"int\000"
 263 0030 03       		.uleb128 0x3
 264 0031 04       		.byte	0x4
 265 0032 07       		.byte	0x7
 266 0033 7D000000 		.4byte	.LASF0
 267 0037 03       		.uleb128 0x3
 268 0038 01       		.byte	0x1
 269 0039 06       		.byte	0x6
 270 003a C4010000 		.4byte	.LASF1
 271 003e 03       		.uleb128 0x3
 272 003f 01       		.byte	0x1
 273 0040 08       		.byte	0x8
 274 0041 5B000000 		.4byte	.LASF2
 275 0045 03       		.uleb128 0x3
 276 0046 02       		.byte	0x2
 277 0047 05       		.byte	0x5
ARM GAS  /tmp/cchiNJMm.s 			page 6


 278 0048 91010000 		.4byte	.LASF3
 279 004c 03       		.uleb128 0x3
 280 004d 02       		.byte	0x2
 281 004e 07       		.byte	0x7
 282 004f 3B000000 		.4byte	.LASF4
 283 0053 03       		.uleb128 0x3
 284 0054 04       		.byte	0x4
 285 0055 05       		.byte	0x5
 286 0056 BB010000 		.4byte	.LASF5
 287 005a 04       		.uleb128 0x4
 288 005b B2010000 		.4byte	.LASF9
 289 005f 02       		.byte	0x2
 290 0060 50       		.byte	0x50
 291 0061 65000000 		.4byte	0x65
 292 0065 03       		.uleb128 0x3
 293 0066 04       		.byte	0x4
 294 0067 07       		.byte	0x7
 295 0068 29000000 		.4byte	.LASF6
 296 006c 03       		.uleb128 0x3
 297 006d 08       		.byte	0x8
 298 006e 05       		.byte	0x5
 299 006f 68010000 		.4byte	.LASF7
 300 0073 03       		.uleb128 0x3
 301 0074 08       		.byte	0x8
 302 0075 07       		.byte	0x7
 303 0076 D3000000 		.4byte	.LASF8
 304 007a 04       		.uleb128 0x4
 305 007b 19000000 		.4byte	.LASF10
 306 007f 03       		.byte	0x3
 307 0080 24       		.byte	0x24
 308 0081 85000000 		.4byte	0x85
 309 0085 03       		.uleb128 0x3
 310 0086 01       		.byte	0x1
 311 0087 02       		.byte	0x2
 312 0088 EA010000 		.4byte	.LASF11
 313 008c 04       		.uleb128 0x4
 314 008d 09000000 		.4byte	.LASF12
 315 0091 03       		.byte	0x3
 316 0092 2E       		.byte	0x2e
 317 0093 5A000000 		.4byte	0x5a
 318 0097 05       		.uleb128 0x5
 319 0098 04       		.byte	0x4
 320 0099 03       		.uleb128 0x3
 321 009a 04       		.byte	0x4
 322 009b 07       		.byte	0x7
 323 009c FE000000 		.4byte	.LASF13
 324 00a0 04       		.uleb128 0x4
 325 00a1 20000000 		.4byte	.LASF14
 326 00a5 04       		.byte	0x4
 327 00a6 51       		.byte	0x51
 328 00a7 AB000000 		.4byte	0xab
 329 00ab 06       		.uleb128 0x6
 330 00ac 04       		.byte	0x4
 331 00ad B1000000 		.4byte	0xb1
 332 00b1 07       		.uleb128 0x7
 333 00b2 01       		.byte	0x1
 334 00b3 BD000000 		.4byte	0xbd
ARM GAS  /tmp/cchiNJMm.s 			page 7


 335 00b7 08       		.uleb128 0x8
 336 00b8 97000000 		.4byte	0x97
 337 00bc 00       		.byte	0
 338 00bd 04       		.uleb128 0x4
 339 00be 4E000000 		.4byte	.LASF15
 340 00c2 04       		.byte	0x4
 341 00c3 56       		.byte	0x56
 342 00c4 C8000000 		.4byte	0xc8
 343 00c8 09       		.uleb128 0x9
 344 00c9 4E000000 		.4byte	.LASF15
 345 00cd 14       		.byte	0x14
 346 00ce 04       		.byte	0x4
 347 00cf 5D       		.byte	0x5d
 348 00d0 1B010000 		.4byte	0x11b
 349 00d4 0A       		.uleb128 0xa
 350 00d5 D7010000 		.4byte	.LASF16
 351 00d9 04       		.byte	0x4
 352 00da 5E       		.byte	0x5e
 353 00db 1B010000 		.4byte	0x11b
 354 00df 02       		.byte	0x2
 355 00e0 23       		.byte	0x23
 356 00e1 00       		.uleb128 0
 357 00e2 0A       		.uleb128 0xa
 358 00e3 AA010000 		.4byte	.LASF17
 359 00e7 04       		.byte	0x4
 360 00e8 60       		.byte	0x60
 361 00e9 1B010000 		.4byte	0x11b
 362 00ed 02       		.byte	0x2
 363 00ee 23       		.byte	0x23
 364 00ef 04       		.uleb128 0x4
 365 00f0 0A       		.uleb128 0xa
 366 00f1 F6000000 		.4byte	.LASF18
 367 00f5 04       		.byte	0x4
 368 00f6 62       		.byte	0x62
 369 00f7 8C000000 		.4byte	0x8c
 370 00fb 02       		.byte	0x2
 371 00fc 23       		.byte	0x23
 372 00fd 08       		.uleb128 0x8
 373 00fe 0A       		.uleb128 0xa
 374 00ff 76010000 		.4byte	.LASF19
 375 0103 04       		.byte	0x4
 376 0104 63       		.byte	0x63
 377 0105 A0000000 		.4byte	0xa0
 378 0109 02       		.byte	0x2
 379 010a 23       		.byte	0x23
 380 010b 0C       		.uleb128 0xc
 381 010c 0A       		.uleb128 0xa
 382 010d 8A010000 		.4byte	.LASF20
 383 0111 04       		.byte	0x4
 384 0112 65       		.byte	0x65
 385 0113 97000000 		.4byte	0x97
 386 0117 02       		.byte	0x2
 387 0118 23       		.byte	0x23
 388 0119 10       		.uleb128 0x10
 389 011a 00       		.byte	0
 390 011b 06       		.uleb128 0x6
 391 011c 04       		.byte	0x4
ARM GAS  /tmp/cchiNJMm.s 			page 8


 392 011d BD000000 		.4byte	0xbd
 393 0121 0B       		.uleb128 0xb
 394 0122 10       		.byte	0x10
 395 0123 04       		.byte	0x4
 396 0124 6F       		.byte	0x6f
 397 0125 62010000 		.4byte	0x162
 398 0129 0A       		.uleb128 0xa
 399 012a D7010000 		.4byte	.LASF16
 400 012e 04       		.byte	0x4
 401 012f 70       		.byte	0x70
 402 0130 1B010000 		.4byte	0x11b
 403 0134 02       		.byte	0x2
 404 0135 23       		.byte	0x23
 405 0136 00       		.uleb128 0
 406 0137 0A       		.uleb128 0xa
 407 0138 AA010000 		.4byte	.LASF17
 408 013c 04       		.byte	0x4
 409 013d 72       		.byte	0x72
 410 013e 1B010000 		.4byte	0x11b
 411 0142 02       		.byte	0x2
 412 0143 23       		.byte	0x23
 413 0144 04       		.uleb128 0x4
 414 0145 0A       		.uleb128 0xa
 415 0146 F6000000 		.4byte	.LASF18
 416 014a 04       		.byte	0x4
 417 014b 74       		.byte	0x74
 418 014c 8C000000 		.4byte	0x8c
 419 0150 02       		.byte	0x2
 420 0151 23       		.byte	0x23
 421 0152 08       		.uleb128 0x8
 422 0153 0A       		.uleb128 0xa
 423 0154 69000000 		.4byte	.LASF21
 424 0158 04       		.byte	0x4
 425 0159 75       		.byte	0x75
 426 015a 62010000 		.4byte	0x162
 427 015e 02       		.byte	0x2
 428 015f 23       		.byte	0x23
 429 0160 0C       		.uleb128 0xc
 430 0161 00       		.byte	0
 431 0162 0C       		.uleb128 0xc
 432 0163 8C000000 		.4byte	0x8c
 433 0167 04       		.uleb128 0x4
 434 0168 D0010000 		.4byte	.LASF22
 435 016c 04       		.byte	0x4
 436 016d 76       		.byte	0x76
 437 016e 21010000 		.4byte	0x121
 438 0172 03       		.uleb128 0x3
 439 0173 01       		.byte	0x1
 440 0174 08       		.byte	0x8
 441 0175 85010000 		.4byte	.LASF23
 442 0179 0D       		.uleb128 0xd
 443 017a 01       		.byte	0x1
 444 017b 74000000 		.4byte	.LASF32
 445 017f 01       		.byte	0x1
 446 0180 2B       		.byte	0x2b
 447 0181 01       		.byte	0x1
 448 0182 00000000 		.4byte	.LFB7
ARM GAS  /tmp/cchiNJMm.s 			page 9


 449 0186 18000000 		.4byte	.LFE7
 450 018a 02       		.byte	0x2
 451 018b 7D       		.byte	0x7d
 452 018c 00       		.sleb128 0
 453 018d 01       		.byte	0x1
 454 018e 0E       		.uleb128 0xe
 455 018f 01       		.byte	0x1
 456 0190 00000000 		.4byte	.LASF26
 457 0194 01       		.byte	0x1
 458 0195 45       		.byte	0x45
 459 0196 01       		.byte	0x1
 460 0197 00000000 		.4byte	.LFB8
 461 019b 38000000 		.4byte	.LFE8
 462 019f 00000000 		.4byte	.LLST0
 463 01a3 01       		.byte	0x1
 464 01a4 F0010000 		.4byte	0x1f0
 465 01a8 0F       		.uleb128 0xf
 466 01a9 76747000 		.ascii	"vtp\000"
 467 01ad 01       		.byte	0x1
 468 01ae 45       		.byte	0x45
 469 01af 1B010000 		.4byte	0x11b
 470 01b3 20000000 		.4byte	.LLST1
 471 01b7 10       		.uleb128 0x10
 472 01b8 F1000000 		.4byte	.LASF24
 473 01bc 01       		.byte	0x1
 474 01bd 45       		.byte	0x45
 475 01be 8C000000 		.4byte	0x8c
 476 01c2 3F000000 		.4byte	.LLST2
 477 01c6 11       		.uleb128 0x11
 478 01c7 7E010000 		.4byte	.LASF25
 479 01cb 01       		.byte	0x1
 480 01cc 45       		.byte	0x45
 481 01cd A0000000 		.4byte	0xa0
 482 01d1 01       		.byte	0x1
 483 01d2 52       		.byte	0x52
 484 01d3 0F       		.uleb128 0xf
 485 01d4 70617200 		.ascii	"par\000"
 486 01d8 01       		.byte	0x1
 487 01d9 45       		.byte	0x45
 488 01da 97000000 		.4byte	0x97
 489 01de 6C000000 		.4byte	.LLST3
 490 01e2 12       		.uleb128 0x12
 491 01e3 7000     		.ascii	"p\000"
 492 01e5 01       		.byte	0x1
 493 01e6 46       		.byte	0x46
 494 01e7 1B010000 		.4byte	0x11b
 495 01eb 9A000000 		.4byte	.LLST4
 496 01ef 00       		.byte	0
 497 01f0 13       		.uleb128 0x13
 498 01f1 01       		.byte	0x1
 499 01f2 DF010000 		.4byte	.LASF27
 500 01f6 01       		.byte	0x1
 501 01f7 63       		.byte	0x63
 502 01f8 01       		.byte	0x1
 503 01f9 00000000 		.4byte	.LFB9
 504 01fd 24000000 		.4byte	.LFE9
 505 0201 02       		.byte	0x2
ARM GAS  /tmp/cchiNJMm.s 			page 10


 506 0202 7D       		.byte	0x7d
 507 0203 00       		.sleb128 0
 508 0204 01       		.byte	0x1
 509 0205 17020000 		.4byte	0x217
 510 0209 14       		.uleb128 0x14
 511 020a 76747000 		.ascii	"vtp\000"
 512 020e 01       		.byte	0x1
 513 020f 63       		.byte	0x63
 514 0210 1B010000 		.4byte	0x11b
 515 0214 01       		.byte	0x1
 516 0215 50       		.byte	0x50
 517 0216 00       		.byte	0
 518 0217 15       		.uleb128 0x15
 519 0218 01       		.byte	0x1
 520 0219 9B010000 		.4byte	.LASF33
 521 021d 01       		.byte	0x1
 522 021e 7F       		.byte	0x7f
 523 021f 01       		.byte	0x1
 524 0220 7A000000 		.4byte	0x7a
 525 0224 00000000 		.4byte	.LFB10
 526 0228 28000000 		.4byte	.LFE10
 527 022c 02       		.byte	0x2
 528 022d 7D       		.byte	0x7d
 529 022e 00       		.sleb128 0
 530 022f 01       		.byte	0x1
 531 0230 5E020000 		.4byte	0x25e
 532 0234 10       		.uleb128 0x10
 533 0235 13000000 		.4byte	.LASF28
 534 0239 01       		.byte	0x1
 535 023a 7F       		.byte	0x7f
 536 023b 8C000000 		.4byte	0x8c
 537 023f B8000000 		.4byte	.LLST5
 538 0243 14       		.uleb128 0x14
 539 0244 656E6400 		.ascii	"end\000"
 540 0248 01       		.byte	0x1
 541 0249 7F       		.byte	0x7f
 542 024a 8C000000 		.4byte	0x8c
 543 024e 01       		.byte	0x1
 544 024f 51       		.byte	0x51
 545 0250 16       		.uleb128 0x16
 546 0251 F1000000 		.4byte	.LASF24
 547 0255 01       		.byte	0x1
 548 0256 81       		.byte	0x81
 549 0257 8C000000 		.4byte	0x8c
 550 025b 01       		.byte	0x1
 551 025c 52       		.byte	0x52
 552 025d 00       		.byte	0
 553 025e 17       		.uleb128 0x17
 554 025f EA000000 		.4byte	.LASF34
 555 0263 01       		.byte	0x1
 556 0264 23       		.byte	0x23
 557 0265 67010000 		.4byte	0x167
 558 0269 01       		.byte	0x1
 559 026a 05       		.byte	0x5
 560 026b 03       		.byte	0x3
 561 026c 00000000 		.4byte	vtlist
 562 0270 00       		.byte	0
ARM GAS  /tmp/cchiNJMm.s 			page 11


 563              		.section	.debug_abbrev,"",%progbits
 564              	.Ldebug_abbrev0:
 565 0000 01       		.uleb128 0x1
 566 0001 11       		.uleb128 0x11
 567 0002 01       		.byte	0x1
 568 0003 25       		.uleb128 0x25
 569 0004 0E       		.uleb128 0xe
 570 0005 13       		.uleb128 0x13
 571 0006 0B       		.uleb128 0xb
 572 0007 03       		.uleb128 0x3
 573 0008 0E       		.uleb128 0xe
 574 0009 1B       		.uleb128 0x1b
 575 000a 0E       		.uleb128 0xe
 576 000b 55       		.uleb128 0x55
 577 000c 06       		.uleb128 0x6
 578 000d 11       		.uleb128 0x11
 579 000e 01       		.uleb128 0x1
 580 000f 52       		.uleb128 0x52
 581 0010 01       		.uleb128 0x1
 582 0011 10       		.uleb128 0x10
 583 0012 06       		.uleb128 0x6
 584 0013 00       		.byte	0
 585 0014 00       		.byte	0
 586 0015 02       		.uleb128 0x2
 587 0016 24       		.uleb128 0x24
 588 0017 00       		.byte	0
 589 0018 0B       		.uleb128 0xb
 590 0019 0B       		.uleb128 0xb
 591 001a 3E       		.uleb128 0x3e
 592 001b 0B       		.uleb128 0xb
 593 001c 03       		.uleb128 0x3
 594 001d 08       		.uleb128 0x8
 595 001e 00       		.byte	0
 596 001f 00       		.byte	0
 597 0020 03       		.uleb128 0x3
 598 0021 24       		.uleb128 0x24
 599 0022 00       		.byte	0
 600 0023 0B       		.uleb128 0xb
 601 0024 0B       		.uleb128 0xb
 602 0025 3E       		.uleb128 0x3e
 603 0026 0B       		.uleb128 0xb
 604 0027 03       		.uleb128 0x3
 605 0028 0E       		.uleb128 0xe
 606 0029 00       		.byte	0
 607 002a 00       		.byte	0
 608 002b 04       		.uleb128 0x4
 609 002c 16       		.uleb128 0x16
 610 002d 00       		.byte	0
 611 002e 03       		.uleb128 0x3
 612 002f 0E       		.uleb128 0xe
 613 0030 3A       		.uleb128 0x3a
 614 0031 0B       		.uleb128 0xb
 615 0032 3B       		.uleb128 0x3b
 616 0033 0B       		.uleb128 0xb
 617 0034 49       		.uleb128 0x49
 618 0035 13       		.uleb128 0x13
 619 0036 00       		.byte	0
ARM GAS  /tmp/cchiNJMm.s 			page 12


 620 0037 00       		.byte	0
 621 0038 05       		.uleb128 0x5
 622 0039 0F       		.uleb128 0xf
 623 003a 00       		.byte	0
 624 003b 0B       		.uleb128 0xb
 625 003c 0B       		.uleb128 0xb
 626 003d 00       		.byte	0
 627 003e 00       		.byte	0
 628 003f 06       		.uleb128 0x6
 629 0040 0F       		.uleb128 0xf
 630 0041 00       		.byte	0
 631 0042 0B       		.uleb128 0xb
 632 0043 0B       		.uleb128 0xb
 633 0044 49       		.uleb128 0x49
 634 0045 13       		.uleb128 0x13
 635 0046 00       		.byte	0
 636 0047 00       		.byte	0
 637 0048 07       		.uleb128 0x7
 638 0049 15       		.uleb128 0x15
 639 004a 01       		.byte	0x1
 640 004b 27       		.uleb128 0x27
 641 004c 0C       		.uleb128 0xc
 642 004d 01       		.uleb128 0x1
 643 004e 13       		.uleb128 0x13
 644 004f 00       		.byte	0
 645 0050 00       		.byte	0
 646 0051 08       		.uleb128 0x8
 647 0052 05       		.uleb128 0x5
 648 0053 00       		.byte	0
 649 0054 49       		.uleb128 0x49
 650 0055 13       		.uleb128 0x13
 651 0056 00       		.byte	0
 652 0057 00       		.byte	0
 653 0058 09       		.uleb128 0x9
 654 0059 13       		.uleb128 0x13
 655 005a 01       		.byte	0x1
 656 005b 03       		.uleb128 0x3
 657 005c 0E       		.uleb128 0xe
 658 005d 0B       		.uleb128 0xb
 659 005e 0B       		.uleb128 0xb
 660 005f 3A       		.uleb128 0x3a
 661 0060 0B       		.uleb128 0xb
 662 0061 3B       		.uleb128 0x3b
 663 0062 0B       		.uleb128 0xb
 664 0063 01       		.uleb128 0x1
 665 0064 13       		.uleb128 0x13
 666 0065 00       		.byte	0
 667 0066 00       		.byte	0
 668 0067 0A       		.uleb128 0xa
 669 0068 0D       		.uleb128 0xd
 670 0069 00       		.byte	0
 671 006a 03       		.uleb128 0x3
 672 006b 0E       		.uleb128 0xe
 673 006c 3A       		.uleb128 0x3a
 674 006d 0B       		.uleb128 0xb
 675 006e 3B       		.uleb128 0x3b
 676 006f 0B       		.uleb128 0xb
ARM GAS  /tmp/cchiNJMm.s 			page 13


 677 0070 49       		.uleb128 0x49
 678 0071 13       		.uleb128 0x13
 679 0072 38       		.uleb128 0x38
 680 0073 0A       		.uleb128 0xa
 681 0074 00       		.byte	0
 682 0075 00       		.byte	0
 683 0076 0B       		.uleb128 0xb
 684 0077 13       		.uleb128 0x13
 685 0078 01       		.byte	0x1
 686 0079 0B       		.uleb128 0xb
 687 007a 0B       		.uleb128 0xb
 688 007b 3A       		.uleb128 0x3a
 689 007c 0B       		.uleb128 0xb
 690 007d 3B       		.uleb128 0x3b
 691 007e 0B       		.uleb128 0xb
 692 007f 01       		.uleb128 0x1
 693 0080 13       		.uleb128 0x13
 694 0081 00       		.byte	0
 695 0082 00       		.byte	0
 696 0083 0C       		.uleb128 0xc
 697 0084 35       		.uleb128 0x35
 698 0085 00       		.byte	0
 699 0086 49       		.uleb128 0x49
 700 0087 13       		.uleb128 0x13
 701 0088 00       		.byte	0
 702 0089 00       		.byte	0
 703 008a 0D       		.uleb128 0xd
 704 008b 2E       		.uleb128 0x2e
 705 008c 00       		.byte	0
 706 008d 3F       		.uleb128 0x3f
 707 008e 0C       		.uleb128 0xc
 708 008f 03       		.uleb128 0x3
 709 0090 0E       		.uleb128 0xe
 710 0091 3A       		.uleb128 0x3a
 711 0092 0B       		.uleb128 0xb
 712 0093 3B       		.uleb128 0x3b
 713 0094 0B       		.uleb128 0xb
 714 0095 27       		.uleb128 0x27
 715 0096 0C       		.uleb128 0xc
 716 0097 11       		.uleb128 0x11
 717 0098 01       		.uleb128 0x1
 718 0099 12       		.uleb128 0x12
 719 009a 01       		.uleb128 0x1
 720 009b 40       		.uleb128 0x40
 721 009c 0A       		.uleb128 0xa
 722 009d 9742     		.uleb128 0x2117
 723 009f 0C       		.uleb128 0xc
 724 00a0 00       		.byte	0
 725 00a1 00       		.byte	0
 726 00a2 0E       		.uleb128 0xe
 727 00a3 2E       		.uleb128 0x2e
 728 00a4 01       		.byte	0x1
 729 00a5 3F       		.uleb128 0x3f
 730 00a6 0C       		.uleb128 0xc
 731 00a7 03       		.uleb128 0x3
 732 00a8 0E       		.uleb128 0xe
 733 00a9 3A       		.uleb128 0x3a
ARM GAS  /tmp/cchiNJMm.s 			page 14


 734 00aa 0B       		.uleb128 0xb
 735 00ab 3B       		.uleb128 0x3b
 736 00ac 0B       		.uleb128 0xb
 737 00ad 27       		.uleb128 0x27
 738 00ae 0C       		.uleb128 0xc
 739 00af 11       		.uleb128 0x11
 740 00b0 01       		.uleb128 0x1
 741 00b1 12       		.uleb128 0x12
 742 00b2 01       		.uleb128 0x1
 743 00b3 40       		.uleb128 0x40
 744 00b4 06       		.uleb128 0x6
 745 00b5 9742     		.uleb128 0x2117
 746 00b7 0C       		.uleb128 0xc
 747 00b8 01       		.uleb128 0x1
 748 00b9 13       		.uleb128 0x13
 749 00ba 00       		.byte	0
 750 00bb 00       		.byte	0
 751 00bc 0F       		.uleb128 0xf
 752 00bd 05       		.uleb128 0x5
 753 00be 00       		.byte	0
 754 00bf 03       		.uleb128 0x3
 755 00c0 08       		.uleb128 0x8
 756 00c1 3A       		.uleb128 0x3a
 757 00c2 0B       		.uleb128 0xb
 758 00c3 3B       		.uleb128 0x3b
 759 00c4 0B       		.uleb128 0xb
 760 00c5 49       		.uleb128 0x49
 761 00c6 13       		.uleb128 0x13
 762 00c7 02       		.uleb128 0x2
 763 00c8 06       		.uleb128 0x6
 764 00c9 00       		.byte	0
 765 00ca 00       		.byte	0
 766 00cb 10       		.uleb128 0x10
 767 00cc 05       		.uleb128 0x5
 768 00cd 00       		.byte	0
 769 00ce 03       		.uleb128 0x3
 770 00cf 0E       		.uleb128 0xe
 771 00d0 3A       		.uleb128 0x3a
 772 00d1 0B       		.uleb128 0xb
 773 00d2 3B       		.uleb128 0x3b
 774 00d3 0B       		.uleb128 0xb
 775 00d4 49       		.uleb128 0x49
 776 00d5 13       		.uleb128 0x13
 777 00d6 02       		.uleb128 0x2
 778 00d7 06       		.uleb128 0x6
 779 00d8 00       		.byte	0
 780 00d9 00       		.byte	0
 781 00da 11       		.uleb128 0x11
 782 00db 05       		.uleb128 0x5
 783 00dc 00       		.byte	0
 784 00dd 03       		.uleb128 0x3
 785 00de 0E       		.uleb128 0xe
 786 00df 3A       		.uleb128 0x3a
 787 00e0 0B       		.uleb128 0xb
 788 00e1 3B       		.uleb128 0x3b
 789 00e2 0B       		.uleb128 0xb
 790 00e3 49       		.uleb128 0x49
ARM GAS  /tmp/cchiNJMm.s 			page 15


 791 00e4 13       		.uleb128 0x13
 792 00e5 02       		.uleb128 0x2
 793 00e6 0A       		.uleb128 0xa
 794 00e7 00       		.byte	0
 795 00e8 00       		.byte	0
 796 00e9 12       		.uleb128 0x12
 797 00ea 34       		.uleb128 0x34
 798 00eb 00       		.byte	0
 799 00ec 03       		.uleb128 0x3
 800 00ed 08       		.uleb128 0x8
 801 00ee 3A       		.uleb128 0x3a
 802 00ef 0B       		.uleb128 0xb
 803 00f0 3B       		.uleb128 0x3b
 804 00f1 0B       		.uleb128 0xb
 805 00f2 49       		.uleb128 0x49
 806 00f3 13       		.uleb128 0x13
 807 00f4 02       		.uleb128 0x2
 808 00f5 06       		.uleb128 0x6
 809 00f6 00       		.byte	0
 810 00f7 00       		.byte	0
 811 00f8 13       		.uleb128 0x13
 812 00f9 2E       		.uleb128 0x2e
 813 00fa 01       		.byte	0x1
 814 00fb 3F       		.uleb128 0x3f
 815 00fc 0C       		.uleb128 0xc
 816 00fd 03       		.uleb128 0x3
 817 00fe 0E       		.uleb128 0xe
 818 00ff 3A       		.uleb128 0x3a
 819 0100 0B       		.uleb128 0xb
 820 0101 3B       		.uleb128 0x3b
 821 0102 0B       		.uleb128 0xb
 822 0103 27       		.uleb128 0x27
 823 0104 0C       		.uleb128 0xc
 824 0105 11       		.uleb128 0x11
 825 0106 01       		.uleb128 0x1
 826 0107 12       		.uleb128 0x12
 827 0108 01       		.uleb128 0x1
 828 0109 40       		.uleb128 0x40
 829 010a 0A       		.uleb128 0xa
 830 010b 9742     		.uleb128 0x2117
 831 010d 0C       		.uleb128 0xc
 832 010e 01       		.uleb128 0x1
 833 010f 13       		.uleb128 0x13
 834 0110 00       		.byte	0
 835 0111 00       		.byte	0
 836 0112 14       		.uleb128 0x14
 837 0113 05       		.uleb128 0x5
 838 0114 00       		.byte	0
 839 0115 03       		.uleb128 0x3
 840 0116 08       		.uleb128 0x8
 841 0117 3A       		.uleb128 0x3a
 842 0118 0B       		.uleb128 0xb
 843 0119 3B       		.uleb128 0x3b
 844 011a 0B       		.uleb128 0xb
 845 011b 49       		.uleb128 0x49
 846 011c 13       		.uleb128 0x13
 847 011d 02       		.uleb128 0x2
ARM GAS  /tmp/cchiNJMm.s 			page 16


 848 011e 0A       		.uleb128 0xa
 849 011f 00       		.byte	0
 850 0120 00       		.byte	0
 851 0121 15       		.uleb128 0x15
 852 0122 2E       		.uleb128 0x2e
 853 0123 01       		.byte	0x1
 854 0124 3F       		.uleb128 0x3f
 855 0125 0C       		.uleb128 0xc
 856 0126 03       		.uleb128 0x3
 857 0127 0E       		.uleb128 0xe
 858 0128 3A       		.uleb128 0x3a
 859 0129 0B       		.uleb128 0xb
 860 012a 3B       		.uleb128 0x3b
 861 012b 0B       		.uleb128 0xb
 862 012c 27       		.uleb128 0x27
 863 012d 0C       		.uleb128 0xc
 864 012e 49       		.uleb128 0x49
 865 012f 13       		.uleb128 0x13
 866 0130 11       		.uleb128 0x11
 867 0131 01       		.uleb128 0x1
 868 0132 12       		.uleb128 0x12
 869 0133 01       		.uleb128 0x1
 870 0134 40       		.uleb128 0x40
 871 0135 0A       		.uleb128 0xa
 872 0136 9742     		.uleb128 0x2117
 873 0138 0C       		.uleb128 0xc
 874 0139 01       		.uleb128 0x1
 875 013a 13       		.uleb128 0x13
 876 013b 00       		.byte	0
 877 013c 00       		.byte	0
 878 013d 16       		.uleb128 0x16
 879 013e 34       		.uleb128 0x34
 880 013f 00       		.byte	0
 881 0140 03       		.uleb128 0x3
 882 0141 0E       		.uleb128 0xe
 883 0142 3A       		.uleb128 0x3a
 884 0143 0B       		.uleb128 0xb
 885 0144 3B       		.uleb128 0x3b
 886 0145 0B       		.uleb128 0xb
 887 0146 49       		.uleb128 0x49
 888 0147 13       		.uleb128 0x13
 889 0148 02       		.uleb128 0x2
 890 0149 0A       		.uleb128 0xa
 891 014a 00       		.byte	0
 892 014b 00       		.byte	0
 893 014c 17       		.uleb128 0x17
 894 014d 34       		.uleb128 0x34
 895 014e 00       		.byte	0
 896 014f 03       		.uleb128 0x3
 897 0150 0E       		.uleb128 0xe
 898 0151 3A       		.uleb128 0x3a
 899 0152 0B       		.uleb128 0xb
 900 0153 3B       		.uleb128 0x3b
 901 0154 0B       		.uleb128 0xb
 902 0155 49       		.uleb128 0x49
 903 0156 13       		.uleb128 0x13
 904 0157 3F       		.uleb128 0x3f
ARM GAS  /tmp/cchiNJMm.s 			page 17


 905 0158 0C       		.uleb128 0xc
 906 0159 02       		.uleb128 0x2
 907 015a 0A       		.uleb128 0xa
 908 015b 00       		.byte	0
 909 015c 00       		.byte	0
 910 015d 00       		.byte	0
 911              		.section	.debug_loc,"",%progbits
 912              	.Ldebug_loc0:
 913              	.LLST0:
 914 0000 00000000 		.4byte	.LFB8
 915 0004 02000000 		.4byte	.LCFI0
 916 0008 0200     		.2byte	0x2
 917 000a 7D       		.byte	0x7d
 918 000b 00       		.sleb128 0
 919 000c 02000000 		.4byte	.LCFI0
 920 0010 38000000 		.4byte	.LFE8
 921 0014 0200     		.2byte	0x2
 922 0016 7D       		.byte	0x7d
 923 0017 0C       		.sleb128 12
 924 0018 00000000 		.4byte	0
 925 001c 00000000 		.4byte	0
 926              	.LLST1:
 927 0020 00000000 		.4byte	.LVL0
 928 0024 2C000000 		.4byte	.LVL5
 929 0028 0100     		.2byte	0x1
 930 002a 50       		.byte	0x50
 931 002b 2C000000 		.4byte	.LVL5
 932 002f 38000000 		.4byte	.LFE8
 933 0033 0200     		.2byte	0x2
 934 0035 74       		.byte	0x74
 935 0036 04       		.sleb128 4
 936 0037 00000000 		.4byte	0
 937 003b 00000000 		.4byte	0
 938              	.LLST2:
 939 003f 00000000 		.4byte	.LVL0
 940 0043 14000000 		.4byte	.LVL3
 941 0047 0100     		.2byte	0x1
 942 0049 51       		.byte	0x51
 943 004a 14000000 		.4byte	.LVL3
 944 004e 2E000000 		.4byte	.LVL6
 945 0052 0100     		.2byte	0x1
 946 0054 51       		.byte	0x51
 947 0055 2E000000 		.4byte	.LVL6
 948 0059 38000000 		.4byte	.LFE8
 949 005d 0500     		.2byte	0x5
 950 005f 74       		.byte	0x74
 951 0060 04       		.sleb128 4
 952 0061 06       		.byte	0x6
 953 0062 23       		.byte	0x23
 954 0063 08       		.uleb128 0x8
 955 0064 00000000 		.4byte	0
 956 0068 00000000 		.4byte	0
 957              	.LLST3:
 958 006c 00000000 		.4byte	.LVL0
 959 0070 1C000000 		.4byte	.LVL4
 960 0074 0100     		.2byte	0x1
 961 0076 53       		.byte	0x53
ARM GAS  /tmp/cchiNJMm.s 			page 18


 962 0077 1C000000 		.4byte	.LVL4
 963 007b 2C000000 		.4byte	.LVL5
 964 007f 0200     		.2byte	0x2
 965 0081 70       		.byte	0x70
 966 0082 10       		.sleb128 16
 967 0083 2C000000 		.4byte	.LVL5
 968 0087 38000000 		.4byte	.LFE8
 969 008b 0500     		.2byte	0x5
 970 008d 74       		.byte	0x74
 971 008e 04       		.sleb128 4
 972 008f 06       		.byte	0x6
 973 0090 23       		.byte	0x23
 974 0091 10       		.uleb128 0x10
 975 0092 00000000 		.4byte	0
 976 0096 00000000 		.4byte	0
 977              	.LLST4:
 978 009a 08000000 		.4byte	.LVL1
 979 009e 12000000 		.4byte	.LVL2
 980 00a2 0100     		.2byte	0x1
 981 00a4 54       		.byte	0x54
 982 00a5 14000000 		.4byte	.LVL3
 983 00a9 38000000 		.4byte	.LFE8
 984 00ad 0100     		.2byte	0x1
 985 00af 54       		.byte	0x54
 986 00b0 00000000 		.4byte	0
 987 00b4 00000000 		.4byte	0
 988              	.LLST5:
 989 00b8 00000000 		.4byte	.LVL8
 990 00bc 12000000 		.4byte	.LVL10
 991 00c0 0100     		.2byte	0x1
 992 00c2 50       		.byte	0x50
 993 00c3 12000000 		.4byte	.LVL10
 994 00c7 16000000 		.4byte	.LVL11
 995 00cb 0400     		.2byte	0x4
 996 00cd F3       		.byte	0xf3
 997 00ce 01       		.uleb128 0x1
 998 00cf 50       		.byte	0x50
 999 00d0 9F       		.byte	0x9f
 1000 00d1 16000000 		.4byte	.LVL11
 1001 00d5 1C000000 		.4byte	.LVL12
 1002 00d9 0100     		.2byte	0x1
 1003 00db 50       		.byte	0x50
 1004 00dc 1C000000 		.4byte	.LVL12
 1005 00e0 1E000000 		.4byte	.LVL13
 1006 00e4 0400     		.2byte	0x4
 1007 00e6 F3       		.byte	0xf3
 1008 00e7 01       		.uleb128 0x1
 1009 00e8 50       		.byte	0x50
 1010 00e9 9F       		.byte	0x9f
 1011 00ea 1E000000 		.4byte	.LVL13
 1012 00ee 20000000 		.4byte	.LVL14
 1013 00f2 0100     		.2byte	0x1
 1014 00f4 50       		.byte	0x50
 1015 00f5 20000000 		.4byte	.LVL14
 1016 00f9 28000000 		.4byte	.LFE10
 1017 00fd 0400     		.2byte	0x4
 1018 00ff F3       		.byte	0xf3
ARM GAS  /tmp/cchiNJMm.s 			page 19


 1019 0100 01       		.uleb128 0x1
 1020 0101 50       		.byte	0x50
 1021 0102 9F       		.byte	0x9f
 1022 0103 00000000 		.4byte	0
 1023 0107 00000000 		.4byte	0
 1024              		.section	.debug_aranges,"",%progbits
 1025 0000 34000000 		.4byte	0x34
 1026 0004 0200     		.2byte	0x2
 1027 0006 00000000 		.4byte	.Ldebug_info0
 1028 000a 04       		.byte	0x4
 1029 000b 00       		.byte	0
 1030 000c 0000     		.2byte	0
 1031 000e 0000     		.2byte	0
 1032 0010 00000000 		.4byte	.LFB7
 1033 0014 18000000 		.4byte	.LFE7-.LFB7
 1034 0018 00000000 		.4byte	.LFB8
 1035 001c 38000000 		.4byte	.LFE8-.LFB8
 1036 0020 00000000 		.4byte	.LFB9
 1037 0024 24000000 		.4byte	.LFE9-.LFB9
 1038 0028 00000000 		.4byte	.LFB10
 1039 002c 28000000 		.4byte	.LFE10-.LFB10
 1040 0030 00000000 		.4byte	0
 1041 0034 00000000 		.4byte	0
 1042              		.section	.debug_ranges,"",%progbits
 1043              	.Ldebug_ranges0:
 1044 0000 00000000 		.4byte	.LFB7
 1045 0004 18000000 		.4byte	.LFE7
 1046 0008 00000000 		.4byte	.LFB8
 1047 000c 38000000 		.4byte	.LFE8
 1048 0010 00000000 		.4byte	.LFB9
 1049 0014 24000000 		.4byte	.LFE9
 1050 0018 00000000 		.4byte	.LFB10
 1051 001c 28000000 		.4byte	.LFE10
 1052 0020 00000000 		.4byte	0
 1053 0024 00000000 		.4byte	0
 1054              		.section	.debug_line,"",%progbits
 1055              	.Ldebug_line0:
 1056 0000 49010000 		.section	.debug_str,"MS",%progbits,1
 1056      0200D000 
 1056      00000201 
 1056      FB0E0D00 
 1056      01010101 
 1057              	.LASF26:
 1058 0000 63685654 		.ascii	"chVTSetI\000"
 1058      53657449 
 1058      00
 1059              	.LASF12:
 1060 0009 73797374 		.ascii	"systime_t\000"
 1060      696D655F 
 1060      7400
 1061              	.LASF28:
 1062 0013 73746172 		.ascii	"start\000"
 1062      7400
 1063              	.LASF10:
 1064 0019 626F6F6C 		.ascii	"bool_t\000"
 1064      5F7400
 1065              	.LASF14:
ARM GAS  /tmp/cchiNJMm.s 			page 20


 1066 0020 76746675 		.ascii	"vtfunc_t\000"
 1066      6E635F74 
 1066      00
 1067              	.LASF6:
 1068 0029 6C6F6E67 		.ascii	"long unsigned int\000"
 1068      20756E73 
 1068      69676E65 
 1068      6420696E 
 1068      7400
 1069              	.LASF4:
 1070 003b 73686F72 		.ascii	"short unsigned int\000"
 1070      7420756E 
 1070      7369676E 
 1070      65642069 
 1070      6E7400
 1071              	.LASF15:
 1072 004e 56697274 		.ascii	"VirtualTimer\000"
 1072      75616C54 
 1072      696D6572 
 1072      00
 1073              	.LASF2:
 1074 005b 756E7369 		.ascii	"unsigned char\000"
 1074      676E6564 
 1074      20636861 
 1074      7200
 1075              	.LASF21:
 1076 0069 76745F73 		.ascii	"vt_systime\000"
 1076      79737469 
 1076      6D6500
 1077              	.LASF32:
 1078 0074 5F76745F 		.ascii	"_vt_init\000"
 1078      696E6974 
 1078      00
 1079              	.LASF0:
 1080 007d 756E7369 		.ascii	"unsigned int\000"
 1080      676E6564 
 1080      20696E74 
 1080      00
 1081              	.LASF29:
 1082 008a 474E5520 		.ascii	"GNU C 4.7.4 20130613 (release) [ARM/embedded-4_7-br"
 1082      4320342E 
 1082      372E3420 
 1082      32303133 
 1082      30363133 
 1083 00bd 616E6368 		.ascii	"anch revision 200083]\000"
 1083      20726576 
 1083      6973696F 
 1083      6E203230 
 1083      30303833 
 1084              	.LASF8:
 1085 00d3 6C6F6E67 		.ascii	"long long unsigned int\000"
 1085      206C6F6E 
 1085      6720756E 
 1085      7369676E 
 1085      65642069 
 1086              	.LASF34:
 1087 00ea 76746C69 		.ascii	"vtlist\000"
ARM GAS  /tmp/cchiNJMm.s 			page 21


 1087      737400
 1088              	.LASF24:
 1089 00f1 74696D65 		.ascii	"time\000"
 1089      00
 1090              	.LASF18:
 1091 00f6 76745F74 		.ascii	"vt_time\000"
 1091      696D6500 
 1092              	.LASF13:
 1093 00fe 73697A65 		.ascii	"sizetype\000"
 1093      74797065 
 1093      00
 1094              	.LASF31:
 1095 0107 2F686F6D 		.ascii	"/home/witold/Dokumenty/arm/ChibiOS-master/demos/ARM"
 1095      652F7769 
 1095      746F6C64 
 1095      2F446F6B 
 1095      756D656E 
 1096 013a 434D342D 		.ascii	"CM4-STM32F407-LWIP\000"
 1096      53544D33 
 1096      32463430 
 1096      372D4C57 
 1096      495000
 1097              	.LASF30:
 1098 014d 2E2E2F2E 		.ascii	"../../os/kernel/src/chvt.c\000"
 1098      2E2F6F73 
 1098      2F6B6572 
 1098      6E656C2F 
 1098      7372632F 
 1099              	.LASF7:
 1100 0168 6C6F6E67 		.ascii	"long long int\000"
 1100      206C6F6E 
 1100      6720696E 
 1100      7400
 1101              	.LASF19:
 1102 0176 76745F66 		.ascii	"vt_func\000"
 1102      756E6300 
 1103              	.LASF25:
 1104 017e 76746675 		.ascii	"vtfunc\000"
 1104      6E6300
 1105              	.LASF23:
 1106 0185 63686172 		.ascii	"char\000"
 1106      00
 1107              	.LASF20:
 1108 018a 76745F70 		.ascii	"vt_par\000"
 1108      617200
 1109              	.LASF3:
 1110 0191 73686F72 		.ascii	"short int\000"
 1110      7420696E 
 1110      7400
 1111              	.LASF33:
 1112 019b 63685469 		.ascii	"chTimeIsWithin\000"
 1112      6D654973 
 1112      57697468 
 1112      696E00
 1113              	.LASF17:
 1114 01aa 76745F70 		.ascii	"vt_prev\000"
 1114      72657600 
ARM GAS  /tmp/cchiNJMm.s 			page 22


 1115              	.LASF9:
 1116 01b2 75696E74 		.ascii	"uint32_t\000"
 1116      33325F74 
 1116      00
 1117              	.LASF5:
 1118 01bb 6C6F6E67 		.ascii	"long int\000"
 1118      20696E74 
 1118      00
 1119              	.LASF1:
 1120 01c4 7369676E 		.ascii	"signed char\000"
 1120      65642063 
 1120      68617200 
 1121              	.LASF22:
 1122 01d0 56544C69 		.ascii	"VTList\000"
 1122      737400
 1123              	.LASF16:
 1124 01d7 76745F6E 		.ascii	"vt_next\000"
 1124      65787400 
 1125              	.LASF27:
 1126 01df 63685654 		.ascii	"chVTResetI\000"
 1126      52657365 
 1126      744900
 1127              	.LASF11:
 1128 01ea 5F426F6F 		.ascii	"_Bool\000"
 1128      6C00
 1129              		.ident	"GCC: (GNU Tools for ARM Embedded Processors) 4.7.4 20130613 (release) [ARM/embedded-4_7-br
ARM GAS  /tmp/cchiNJMm.s 			page 23


DEFINED SYMBOLS
                            *ABS*:00000000 chvt.c
     /tmp/cchiNJMm.s:19     .text._vt_init:00000000 $t
     /tmp/cchiNJMm.s:25     .text._vt_init:00000000 _vt_init
     /tmp/cchiNJMm.s:234    .bss.vtlist:00000000 .LANCHOR0
     /tmp/cchiNJMm.s:52     .text.chVTSetI:00000000 $t
     /tmp/cchiNJMm.s:58     .text.chVTSetI:00000000 chVTSetI
     /tmp/cchiNJMm.s:125    .text.chVTSetI:00000034 $d
     /tmp/cchiNJMm.s:130    .text.chVTResetI:00000000 $t
     /tmp/cchiNJMm.s:136    .text.chVTResetI:00000000 chVTResetI
     /tmp/cchiNJMm.s:170    .text.chVTResetI:00000020 $d
     /tmp/cchiNJMm.s:175    .text.chTimeIsWithin:00000000 $t
     /tmp/cchiNJMm.s:181    .text.chTimeIsWithin:00000000 chTimeIsWithin
     /tmp/cchiNJMm.s:227    .text.chTimeIsWithin:00000024 $d
     /tmp/cchiNJMm.s:237    .bss.vtlist:00000000 vtlist
     /tmp/cchiNJMm.s:233    .bss.vtlist:00000000 $d
                     .debug_frame:00000010 $d
     /tmp/cchiNJMm.s:129    .text.chVTSetI:00000038 $t
     /tmp/cchiNJMm.s:174    .text.chVTResetI:00000024 $t
     /tmp/cchiNJMm.s:232    .text.chTimeIsWithin:00000028 $t

NO UNDEFINED SYMBOLS
