ARM GAS  /tmp/ccS56EuF.s 			page 1


   1              		.syntax unified
   2              		.cpu cortex-m4
   3              		.fpu softvfp
   4              		.eabi_attribute 20, 1
   5              		.eabi_attribute 21, 1
   6              		.eabi_attribute 23, 3
   7              		.eabi_attribute 24, 1
   8              		.eabi_attribute 25, 1
   9              		.eabi_attribute 26, 1
  10              		.eabi_attribute 30, 2
  11              		.eabi_attribute 34, 1
  12              		.eabi_attribute 18, 4
  13              		.thumb
  14              		.file	"pal_lld.c"
  15              		.text
  16              	.Ltext0:
  17              		.cfi_sections	.debug_frame
  18              		.section	.text._pal_lld_init,"ax",%progbits
  19              		.align	2
  20              		.p2align 4,,15
  21              		.global	_pal_lld_init
  22              		.thumb
  23              		.thumb_func
  24              		.type	_pal_lld_init, %function
  25              	_pal_lld_init:
  26              	.LFB119:
  27              		.file 1 "../../os/hal/platforms/STM32/GPIOv2/pal_lld.c"
  28              		.loc 1 104 0
  29              		.cfi_startproc
  30              		@ args = 0, pretend = 0, frame = 0
  31              		@ frame_needed = 0, uses_anonymous_args = 0
  32              		@ link register save eliminated.
  33              	.LVL0:
  34              		.loc 1 117 0
  35 0000 4FF46053 		mov	r3, #14336
  36 0004 C4F20203 		movt	r3, 16386
  37 0008 1A6B     		ldr	r2, [r3, #48]
  38 000a 6FEA5221 		mvn	r1, r2, lsr #9
  39 000e 6FEA4122 		mvn	r2, r1, lsl #9
  40 0012 1A63     		str	r2, [r3, #48]
  41              		.loc 1 118 0
  42 0014 196D     		ldr	r1, [r3, #80]
  43 0016 6FEA5122 		mvn	r2, r1, lsr #9
  44 001a 6FEA4221 		mvn	r1, r2, lsl #9
  45 001e 1965     		str	r1, [r3, #80]
  46              	.LVL1:
  47              	.LBB20:
  48              	.LBB21:
  49              		.loc 1 79 0
  50 0020 0023     		movs	r3, #0
  51 0022 4168     		ldr	r1, [r0, #4]
  52 0024 C4F20203 		movt	r3, 16386
  53              	.LBE21:
  54              	.LBE20:
  55              	.LBB23:
  56              	.LBB24:
  57 0028 4FF48062 		mov	r2, #1024
ARM GAS  /tmp/ccS56EuF.s 			page 2


  58              	.LBE24:
  59              	.LBE23:
  60              	.LBB27:
  61              	.LBB22:
  62 002c 5960     		str	r1, [r3, #4]
  63              		.loc 1 80 0
  64 002e 8168     		ldr	r1, [r0, #8]
  65 0030 9960     		str	r1, [r3, #8]
  66              		.loc 1 81 0
  67 0032 C168     		ldr	r1, [r0, #12]
  68 0034 D960     		str	r1, [r3, #12]
  69              		.loc 1 82 0
  70 0036 0169     		ldr	r1, [r0, #16]
  71 0038 5961     		str	r1, [r3, #20]
  72              		.loc 1 83 0
  73 003a 4169     		ldr	r1, [r0, #20]
  74 003c 1962     		str	r1, [r3, #32]
  75              		.loc 1 84 0
  76 003e 8169     		ldr	r1, [r0, #24]
  77 0040 5962     		str	r1, [r3, #36]
  78              		.loc 1 85 0
  79 0042 0168     		ldr	r1, [r0, #0]
  80 0044 1960     		str	r1, [r3, #0]
  81              	.LVL2:
  82              	.LBE22:
  83              	.LBE27:
  84              	.LBB28:
  85              	.LBB25:
  86              		.loc 1 79 0
  87 0046 016A     		ldr	r1, [r0, #32]
  88 0048 C4F20202 		movt	r2, 16386
  89              	.LBE25:
  90              	.LBE28:
  91              	.LBB29:
  92              	.LBB30:
  93 004c 4FF40063 		mov	r3, #2048
  94              	.LBE30:
  95              	.LBE29:
  96              	.LBB33:
  97              	.LBB26:
  98 0050 5160     		str	r1, [r2, #4]
  99              		.loc 1 80 0
 100 0052 416A     		ldr	r1, [r0, #36]
 101 0054 9160     		str	r1, [r2, #8]
 102              		.loc 1 81 0
 103 0056 816A     		ldr	r1, [r0, #40]
 104 0058 D160     		str	r1, [r2, #12]
 105              		.loc 1 82 0
 106 005a C16A     		ldr	r1, [r0, #44]
 107 005c 5161     		str	r1, [r2, #20]
 108              		.loc 1 83 0
 109 005e 016B     		ldr	r1, [r0, #48]
 110 0060 1162     		str	r1, [r2, #32]
 111              		.loc 1 84 0
 112 0062 416B     		ldr	r1, [r0, #52]
 113 0064 5162     		str	r1, [r2, #36]
 114              		.loc 1 85 0
ARM GAS  /tmp/ccS56EuF.s 			page 3


 115 0066 C169     		ldr	r1, [r0, #28]
 116 0068 1160     		str	r1, [r2, #0]
 117              	.LVL3:
 118              	.LBE26:
 119              	.LBE33:
 120              	.LBB34:
 121              	.LBB31:
 122              		.loc 1 79 0
 123 006a C4F20203 		movt	r3, 16386
 124 006e C26B     		ldr	r2, [r0, #60]
 125 0070 5A60     		str	r2, [r3, #4]
 126              		.loc 1 80 0
 127 0072 016C     		ldr	r1, [r0, #64]
 128 0074 9960     		str	r1, [r3, #8]
 129              		.loc 1 81 0
 130 0076 426C     		ldr	r2, [r0, #68]
 131 0078 DA60     		str	r2, [r3, #12]
 132              		.loc 1 82 0
 133 007a 816C     		ldr	r1, [r0, #72]
 134 007c 5961     		str	r1, [r3, #20]
 135              		.loc 1 83 0
 136 007e C26C     		ldr	r2, [r0, #76]
 137 0080 1A62     		str	r2, [r3, #32]
 138              		.loc 1 84 0
 139 0082 016D     		ldr	r1, [r0, #80]
 140 0084 5962     		str	r1, [r3, #36]
 141              		.loc 1 85 0
 142 0086 816B     		ldr	r1, [r0, #56]
 143              	.LBE31:
 144              	.LBE34:
 145              	.LBB35:
 146              	.LBB36:
 147              		.loc 1 79 0
 148 0088 4FF44062 		mov	r2, #3072
 149              	.LBE36:
 150              	.LBE35:
 151              	.LBB39:
 152              	.LBB32:
 153              		.loc 1 85 0
 154 008c 1960     		str	r1, [r3, #0]
 155              	.LVL4:
 156              	.LBE32:
 157              	.LBE39:
 158              	.LBB40:
 159              	.LBB37:
 160              		.loc 1 79 0
 161 008e 816D     		ldr	r1, [r0, #88]
 162 0090 C4F20202 		movt	r2, 16386
 163              	.LBE37:
 164              	.LBE40:
 165              	.LBB41:
 166              	.LBB42:
 167 0094 4FF48053 		mov	r3, #4096
 168              	.LBE42:
 169              	.LBE41:
 170              	.LBB45:
 171              	.LBB38:
ARM GAS  /tmp/ccS56EuF.s 			page 4


 172 0098 5160     		str	r1, [r2, #4]
 173              		.loc 1 80 0
 174 009a C16D     		ldr	r1, [r0, #92]
 175 009c 9160     		str	r1, [r2, #8]
 176              		.loc 1 81 0
 177 009e 016E     		ldr	r1, [r0, #96]
 178 00a0 D160     		str	r1, [r2, #12]
 179              		.loc 1 82 0
 180 00a2 416E     		ldr	r1, [r0, #100]
 181 00a4 5161     		str	r1, [r2, #20]
 182              		.loc 1 83 0
 183 00a6 816E     		ldr	r1, [r0, #104]
 184 00a8 1162     		str	r1, [r2, #32]
 185              		.loc 1 84 0
 186 00aa C16E     		ldr	r1, [r0, #108]
 187 00ac 5162     		str	r1, [r2, #36]
 188              		.loc 1 85 0
 189 00ae 416D     		ldr	r1, [r0, #84]
 190 00b0 1160     		str	r1, [r2, #0]
 191              	.LVL5:
 192              	.LBE38:
 193              	.LBE45:
 194              	.LBB46:
 195              	.LBB43:
 196              		.loc 1 79 0
 197 00b2 C4F20203 		movt	r3, 16386
 198 00b6 426F     		ldr	r2, [r0, #116]
 199 00b8 5A60     		str	r2, [r3, #4]
 200              		.loc 1 80 0
 201 00ba 816F     		ldr	r1, [r0, #120]
 202 00bc 9960     		str	r1, [r3, #8]
 203              		.loc 1 81 0
 204 00be C26F     		ldr	r2, [r0, #124]
 205 00c0 DA60     		str	r2, [r3, #12]
 206              		.loc 1 82 0
 207 00c2 D0F88010 		ldr	r1, [r0, #128]
 208 00c6 5961     		str	r1, [r3, #20]
 209              		.loc 1 83 0
 210 00c8 D0F88420 		ldr	r2, [r0, #132]
 211 00cc 1A62     		str	r2, [r3, #32]
 212              		.loc 1 84 0
 213 00ce D0F88810 		ldr	r1, [r0, #136]
 214 00d2 5962     		str	r1, [r3, #36]
 215              		.loc 1 85 0
 216 00d4 016F     		ldr	r1, [r0, #112]
 217              	.LBE43:
 218              	.LBE46:
 219              	.LBB47:
 220              	.LBB48:
 221              		.loc 1 79 0
 222 00d6 4FF4A052 		mov	r2, #5120
 223              	.LBE48:
 224              	.LBE47:
 225              	.LBB51:
 226              	.LBB44:
 227              		.loc 1 85 0
 228 00da 1960     		str	r1, [r3, #0]
ARM GAS  /tmp/ccS56EuF.s 			page 5


 229              	.LVL6:
 230              	.LBE44:
 231              	.LBE51:
 232              	.LBB52:
 233              	.LBB49:
 234              		.loc 1 79 0
 235 00dc D0F89010 		ldr	r1, [r0, #144]
 236 00e0 C4F20202 		movt	r2, 16386
 237              	.LBE49:
 238              	.LBE52:
 239              	.LBB53:
 240              	.LBB54:
 241 00e4 4FF4C053 		mov	r3, #6144
 242              	.LBE54:
 243              	.LBE53:
 244              	.LBB58:
 245              	.LBB50:
 246 00e8 5160     		str	r1, [r2, #4]
 247              		.loc 1 80 0
 248 00ea D0F89410 		ldr	r1, [r0, #148]
 249 00ee 9160     		str	r1, [r2, #8]
 250              		.loc 1 81 0
 251 00f0 D0F89810 		ldr	r1, [r0, #152]
 252 00f4 D160     		str	r1, [r2, #12]
 253              		.loc 1 82 0
 254 00f6 D0F89C10 		ldr	r1, [r0, #156]
 255 00fa 5161     		str	r1, [r2, #20]
 256              		.loc 1 83 0
 257 00fc D0F8A010 		ldr	r1, [r0, #160]
 258 0100 1162     		str	r1, [r2, #32]
 259              		.loc 1 84 0
 260 0102 D0F8A410 		ldr	r1, [r0, #164]
 261 0106 5162     		str	r1, [r2, #36]
 262              		.loc 1 85 0
 263 0108 D0F88C10 		ldr	r1, [r0, #140]
 264 010c 1160     		str	r1, [r2, #0]
 265              	.LVL7:
 266              	.LBE50:
 267              	.LBE58:
 268              	.LBB59:
 269              	.LBB55:
 270              		.loc 1 79 0
 271 010e D0F8AC10 		ldr	r1, [r0, #172]
 272 0112 C4F20203 		movt	r3, 16386
 273              	.LBE55:
 274              	.LBE59:
 275              	.LBB60:
 276              	.LBB61:
 277 0116 4FF4E052 		mov	r2, #7168
 278              	.LBE61:
 279              	.LBE60:
 280              	.LBB65:
 281              	.LBB56:
 282 011a 5960     		str	r1, [r3, #4]
 283              		.loc 1 80 0
 284 011c D0F8B010 		ldr	r1, [r0, #176]
 285 0120 9960     		str	r1, [r3, #8]
ARM GAS  /tmp/ccS56EuF.s 			page 6


 286              		.loc 1 81 0
 287 0122 D0F8B410 		ldr	r1, [r0, #180]
 288 0126 D960     		str	r1, [r3, #12]
 289              		.loc 1 82 0
 290 0128 D0F8B810 		ldr	r1, [r0, #184]
 291 012c 5961     		str	r1, [r3, #20]
 292              		.loc 1 83 0
 293 012e D0F8BC10 		ldr	r1, [r0, #188]
 294 0132 1962     		str	r1, [r3, #32]
 295              		.loc 1 84 0
 296 0134 D0F8C010 		ldr	r1, [r0, #192]
 297 0138 5962     		str	r1, [r3, #36]
 298              		.loc 1 85 0
 299 013a D0F8A810 		ldr	r1, [r0, #168]
 300              	.LBE56:
 301              	.LBE65:
 302              	.LBB66:
 303              	.LBB62:
 304              		.loc 1 79 0
 305 013e C4F20202 		movt	r2, 16386
 306              	.LBE62:
 307              	.LBE66:
 308              	.LBB67:
 309              	.LBB57:
 310              		.loc 1 85 0
 311 0142 1960     		str	r1, [r3, #0]
 312              	.LVL8:
 313              	.LBE57:
 314              	.LBE67:
 315              	.LBB68:
 316              	.LBB63:
 317              		.loc 1 79 0
 318 0144 D0F8C830 		ldr	r3, [r0, #200]
 319 0148 5360     		str	r3, [r2, #4]
 320              		.loc 1 80 0
 321 014a D0F8CC10 		ldr	r1, [r0, #204]
 322 014e 9160     		str	r1, [r2, #8]
 323              		.loc 1 81 0
 324 0150 D0F8D030 		ldr	r3, [r0, #208]
 325 0154 D360     		str	r3, [r2, #12]
 326              		.loc 1 82 0
 327 0156 D0F8D410 		ldr	r1, [r0, #212]
 328 015a 5161     		str	r1, [r2, #20]
 329              		.loc 1 83 0
 330 015c D0F8D830 		ldr	r3, [r0, #216]
 331 0160 1362     		str	r3, [r2, #32]
 332              		.loc 1 84 0
 333 0162 D0F8DC10 		ldr	r1, [r0, #220]
 334 0166 5162     		str	r1, [r2, #36]
 335              		.loc 1 85 0
 336 0168 D0F8C410 		ldr	r1, [r0, #196]
 337              	.LBE63:
 338              	.LBE68:
 339              	.LBB69:
 340              	.LBB70:
 341              		.loc 1 79 0
 342 016c 4FF40053 		mov	r3, #8192
ARM GAS  /tmp/ccS56EuF.s 			page 7


 343              	.LBE70:
 344              	.LBE69:
 345              	.LBB72:
 346              	.LBB64:
 347              		.loc 1 85 0
 348 0170 1160     		str	r1, [r2, #0]
 349              	.LVL9:
 350              	.LBE64:
 351              	.LBE72:
 352              	.LBB73:
 353              	.LBB71:
 354              		.loc 1 79 0
 355 0172 D0F8E420 		ldr	r2, [r0, #228]
 356 0176 C4F20203 		movt	r3, 16386
 357 017a 5A60     		str	r2, [r3, #4]
 358              		.loc 1 80 0
 359 017c D0F8E810 		ldr	r1, [r0, #232]
 360 0180 9960     		str	r1, [r3, #8]
 361              		.loc 1 81 0
 362 0182 D0F8EC20 		ldr	r2, [r0, #236]
 363 0186 DA60     		str	r2, [r3, #12]
 364              		.loc 1 82 0
 365 0188 D0F8F010 		ldr	r1, [r0, #240]
 366 018c 5961     		str	r1, [r3, #20]
 367              		.loc 1 83 0
 368 018e D0F8F420 		ldr	r2, [r0, #244]
 369 0192 1A62     		str	r2, [r3, #32]
 370              		.loc 1 84 0
 371 0194 D0F8F810 		ldr	r1, [r0, #248]
 372 0198 5962     		str	r1, [r3, #36]
 373              		.loc 1 85 0
 374 019a D0F8E000 		ldr	r0, [r0, #224]
 375              	.LVL10:
 376 019e 1860     		str	r0, [r3, #0]
 377 01a0 7047     		bx	lr
 378              	.LBE71:
 379              	.LBE73:
 380              		.cfi_endproc
 381              	.LFE119:
 382              		.size	_pal_lld_init, .-_pal_lld_init
 383 01a2 00BFAFF3 		.section	.text._pal_lld_setgroupmode,"ax",%progbits
 383      0080AFF3 
 383      0080AFF3 
 383      0080
 384              		.align	2
 385              		.p2align 4,,15
 386              		.global	_pal_lld_setgroupmode
 387              		.thumb
 388              		.thumb_func
 389              		.type	_pal_lld_setgroupmode, %function
 390              	_pal_lld_setgroupmode:
 391              	.LFB120:
 392              		.loc 1 161 0
 393              		.cfi_startproc
 394              		@ args = 0, pretend = 0, frame = 0
 395              		@ frame_needed = 0, uses_anonymous_args = 0
 396              		@ link register save eliminated.
ARM GAS  /tmp/ccS56EuF.s 			page 8


 397              	.LVL11:
 398 0000 2DE9F00F 		push	{r4, r5, r6, r7, r8, r9, sl, fp}
 399              	.LCFI0:
 400              		.cfi_def_cfa_offset 32
 401              		.cfi_offset 4, -32
 402              		.cfi_offset 5, -28
 403              		.cfi_offset 6, -24
 404              		.cfi_offset 7, -20
 405              		.cfi_offset 8, -16
 406              		.cfi_offset 9, -12
 407              		.cfi_offset 10, -8
 408              		.cfi_offset 11, -4
 409              		.loc 1 168 0
 410 0004 0023     		movs	r3, #0
 411              		.loc 1 163 0
 412 0006 02F00307 		and	r7, r2, #3
 413              	.LVL12:
 414              		.loc 1 164 0
 415 000a C2F38006 		ubfx	r6, r2, #2, #1
 416              	.LVL13:
 417              		.loc 1 165 0
 418 000e C2F3C105 		ubfx	r5, r2, #3, #2
 419              	.LVL14:
 420              		.loc 1 166 0
 421 0012 C2F34114 		ubfx	r4, r2, #5, #2
 422              	.LVL15:
 423              	.LBB74:
 424              		.loc 1 174 0
 425 0016 4FF00F09 		mov	r9, #15
 426              	.LBE74:
 427              		.loc 1 167 0
 428 001a C2F3C312 		ubfx	r2, r2, #7, #4
 429              	.LVL16:
 430              	.LBB75:
 431              		.loc 1 179 0
 432 001e 4FF0010A 		mov	sl, #1
 433 0022 38E0     		b	.L7
 434              	.LVL17:
 435              	.L12:
 436              		.loc 1 176 0
 437 0024 D0F820B0 		ldr	fp, [r0, #32]
 438 0028 2BEA0C0C 		bic	ip, fp, ip
 439              	.LVL18:
 440 002c 4CEA0808 		orr	r8, ip, r8
 441              	.LVL19:
 442 0030 C0F82080 		str	r8, [r0, #32]
 443              	.L5:
 444              	.LVL20:
 445              		.loc 1 180 0
 446 0034 D0F804B0 		ldr	fp, [r0, #4]
 447              		.loc 1 179 0
 448 0038 0AFA03FC 		lsl	ip, sl, r3
 449              		.loc 1 180 0
 450 003c 2BEA0C08 		bic	r8, fp, ip
 451 0040 48EA060B 		orr	fp, r8, r6
 452 0044 C0F804B0 		str	fp, [r0, #4]
 453              	.LVL21:
ARM GAS  /tmp/ccS56EuF.s 			page 9


 454              		.loc 1 159 0
 455 0048 4FEA430C 		lsl	ip, r3, #1
 456              		.loc 1 181 0
 457 004c 4FF0030B 		mov	fp, #3
 458              		.loc 1 182 0
 459 0050 D0F80880 		ldr	r8, [r0, #8]
 460              		.loc 1 181 0
 461 0054 0BFA0CFC 		lsl	ip, fp, ip
 462              	.LVL22:
 463              		.loc 1 182 0
 464 0058 6FEA0C0C 		mvn	ip, ip
 465              	.LVL23:
 466 005c 0CEA0808 		and	r8, ip, r8
 467 0060 48EA0508 		orr	r8, r8, r5
 468 0064 C0F80880 		str	r8, [r0, #8]
 469              		.loc 1 183 0
 470 0068 D0F80C80 		ldr	r8, [r0, #12]
 471 006c 0CEA0808 		and	r8, ip, r8
 472 0070 48EA0408 		orr	r8, r8, r4
 473 0074 C0F80C80 		str	r8, [r0, #12]
 474              		.loc 1 184 0
 475 0078 D0F80080 		ldr	r8, [r0, #0]
 476 007c 0CEA080C 		and	ip, ip, r8
 477              	.LVL24:
 478 0080 4CEA070C 		orr	ip, ip, r7
 479 0084 C0F800C0 		str	ip, [r0, #0]
 480              	.LVL25:
 481              	.L3:
 482              	.LBE75:
 483              		.loc 1 187 0
 484 0088 4908     		lsrs	r1, r1, #1
 485              	.LVL26:
 486 008a 1AD0     		beq	.L2
 487              		.loc 1 189 0
 488 008c 7600     		lsls	r6, r6, #1
 489              	.LVL27:
 490              		.loc 1 190 0
 491 008e AD00     		lsls	r5, r5, #2
 492              	.LVL28:
 493              		.loc 1 191 0
 494 0090 A400     		lsls	r4, r4, #2
 495              	.LVL29:
 496              		.loc 1 192 0
 497 0092 BF00     		lsls	r7, r7, #2
 498              	.LVL30:
 499              		.loc 1 193 0
 500 0094 0133     		adds	r3, r3, #1
 501              	.LVL31:
 502              	.L7:
 503              	.LBB76:
 504              		.loc 1 173 0
 505 0096 03F0070C 		and	ip, r3, #7
 506 009a 4FEA8C0C 		lsl	ip, ip, #2
 507              	.LBE76:
 508              		.loc 1 170 0
 509 009e 11F0010F 		tst	r1, #1
 510              	.LBB77:
ARM GAS  /tmp/ccS56EuF.s 			page 10


 511              		.loc 1 173 0
 512 00a2 02FA0CF8 		lsl	r8, r2, ip
 513              	.LVL32:
 514              		.loc 1 174 0
 515 00a6 09FA0CFC 		lsl	ip, r9, ip
 516              	.LVL33:
 517              	.LBE77:
 518              		.loc 1 170 0
 519 00aa EDD0     		beq	.L3
 520              	.LBB78:
 521              		.loc 1 175 0
 522 00ac 072B     		cmp	r3, #7
 523 00ae B9D9     		bls	.L12
 524              		.loc 1 178 0
 525 00b0 D0F824B0 		ldr	fp, [r0, #36]
 526 00b4 2BEA0C0C 		bic	ip, fp, ip
 527              	.LVL34:
 528 00b8 4CEA0808 		orr	r8, ip, r8
 529              	.LVL35:
 530 00bc C0F82480 		str	r8, [r0, #36]
 531 00c0 B8E7     		b	.L5
 532              	.L2:
 533              	.LBE78:
 534              		.loc 1 195 0
 535 00c2 BDE8F00F 		pop	{r4, r5, r6, r7, r8, r9, sl, fp}
 536 00c6 7047     		bx	lr
 537              		.cfi_endproc
 538              	.LFE120:
 539              		.size	_pal_lld_setgroupmode, .-_pal_lld_setgroupmode
 540 00c8 AFF30080 		.text
 540      AFF30080 
 541              	.Letext0:
 542              		.file 2 "/usr/bin/../lib/gcc/arm-none-eabi/4.7.4/../../../../arm-none-eabi/include/stdint.h"
 543              		.file 3 "../../os/hal/platforms/STM32F4xx/stm32f4xx.h"
 544              		.file 4 "../../os/hal/platforms/STM32/GPIOv2/pal_lld.h"
 545              		.file 5 "../../os/ports/common/ARMCMx/CMSIS/include/core_cm4.h"
 546              		.section	.debug_info,"",%progbits
 547              	.Ldebug_info0:
 548 0000 45070000 		.4byte	0x745
 549 0004 0200     		.2byte	0x2
 550 0006 00000000 		.4byte	.Ldebug_abbrev0
 551 000a 04       		.byte	0x4
 552 000b 01       		.uleb128 0x1
 553 000c 9F000000 		.4byte	.LASF82
 554 0010 01       		.byte	0x1
 555 0011 82020000 		.4byte	.LASF83
 556 0015 25010000 		.4byte	.LASF84
 557 0019 50010000 		.4byte	.Ldebug_ranges0+0x150
 558 001d 00000000 		.4byte	0
 559 0021 00000000 		.4byte	0
 560 0025 00000000 		.4byte	.Ldebug_line0
 561 0029 02       		.uleb128 0x2
 562 002a 04       		.byte	0x4
 563 002b 05       		.byte	0x5
 564 002c 696E7400 		.ascii	"int\000"
 565 0030 03       		.uleb128 0x3
 566 0031 04       		.byte	0x4
ARM GAS  /tmp/ccS56EuF.s 			page 11


 567 0032 07       		.byte	0x7
 568 0033 8D030000 		.4byte	.LASF0
 569 0037 03       		.uleb128 0x3
 570 0038 01       		.byte	0x1
 571 0039 06       		.byte	0x6
 572 003a F7010000 		.4byte	.LASF1
 573 003e 03       		.uleb128 0x3
 574 003f 01       		.byte	0x1
 575 0040 08       		.byte	0x8
 576 0041 E1010000 		.4byte	.LASF2
 577 0045 03       		.uleb128 0x3
 578 0046 02       		.byte	0x2
 579 0047 05       		.byte	0x5
 580 0048 60000000 		.4byte	.LASF3
 581 004c 04       		.uleb128 0x4
 582 004d 33020000 		.4byte	.LASF5
 583 0051 02       		.byte	0x2
 584 0052 36       		.byte	0x36
 585 0053 57000000 		.4byte	0x57
 586 0057 03       		.uleb128 0x3
 587 0058 02       		.byte	0x2
 588 0059 07       		.byte	0x7
 589 005a 60020000 		.4byte	.LASF4
 590 005e 04       		.uleb128 0x4
 591 005f B0020000 		.4byte	.LASF6
 592 0063 02       		.byte	0x2
 593 0064 4F       		.byte	0x4f
 594 0065 69000000 		.4byte	0x69
 595 0069 03       		.uleb128 0x3
 596 006a 04       		.byte	0x4
 597 006b 05       		.byte	0x5
 598 006c 97010000 		.4byte	.LASF7
 599 0070 04       		.uleb128 0x4
 600 0071 1A020000 		.4byte	.LASF8
 601 0075 02       		.byte	0x2
 602 0076 50       		.byte	0x50
 603 0077 7B000000 		.4byte	0x7b
 604 007b 03       		.uleb128 0x3
 605 007c 04       		.byte	0x4
 606 007d 07       		.byte	0x7
 607 007e 3C020000 		.4byte	.LASF9
 608 0082 03       		.uleb128 0x3
 609 0083 08       		.byte	0x8
 610 0084 05       		.byte	0x5
 611 0085 7B010000 		.4byte	.LASF10
 612 0089 03       		.uleb128 0x3
 613 008a 08       		.byte	0x8
 614 008b 07       		.byte	0x7
 615 008c 03020000 		.4byte	.LASF11
 616 0090 03       		.uleb128 0x3
 617 0091 01       		.byte	0x1
 618 0092 02       		.byte	0x2
 619 0093 C2020000 		.4byte	.LASF12
 620 0097 05       		.uleb128 0x5
 621 0098 70000000 		.4byte	0x70
 622 009c 03       		.uleb128 0x3
 623 009d 04       		.byte	0x4
ARM GAS  /tmp/ccS56EuF.s 			page 12


 624 009e 07       		.byte	0x7
 625 009f 73000000 		.4byte	.LASF13
 626 00a3 03       		.uleb128 0x3
 627 00a4 01       		.byte	0x1
 628 00a5 08       		.byte	0x8
 629 00a6 7D020000 		.4byte	.LASF14
 630 00aa 06       		.uleb128 0x6
 631 00ab 70000000 		.4byte	0x70
 632 00af BA000000 		.4byte	0xba
 633 00b3 07       		.uleb128 0x7
 634 00b4 9C000000 		.4byte	0x9c
 635 00b8 01       		.byte	0x1
 636 00b9 00       		.byte	0
 637 00ba 05       		.uleb128 0x5
 638 00bb 5E000000 		.4byte	0x5e
 639 00bf 08       		.uleb128 0x8
 640 00c0 88       		.byte	0x88
 641 00c1 03       		.byte	0x3
 642 00c2 DB02     		.2byte	0x2db
 643 00c4 8C020000 		.4byte	0x28c
 644 00c8 09       		.uleb128 0x9
 645 00c9 435200   		.ascii	"CR\000"
 646 00cc 03       		.byte	0x3
 647 00cd DD02     		.2byte	0x2dd
 648 00cf 97000000 		.4byte	0x97
 649 00d3 02       		.byte	0x2
 650 00d4 23       		.byte	0x23
 651 00d5 00       		.uleb128 0
 652 00d6 0A       		.uleb128 0xa
 653 00d7 53020000 		.4byte	.LASF15
 654 00db 03       		.byte	0x3
 655 00dc DE02     		.2byte	0x2de
 656 00de 97000000 		.4byte	0x97
 657 00e2 02       		.byte	0x2
 658 00e3 23       		.byte	0x23
 659 00e4 04       		.uleb128 0x4
 660 00e5 0A       		.uleb128 0xa
 661 00e6 9A030000 		.4byte	.LASF16
 662 00ea 03       		.byte	0x3
 663 00eb DF02     		.2byte	0x2df
 664 00ed 97000000 		.4byte	0x97
 665 00f1 02       		.byte	0x2
 666 00f2 23       		.byte	0x23
 667 00f3 08       		.uleb128 0x8
 668 00f4 09       		.uleb128 0x9
 669 00f5 43495200 		.ascii	"CIR\000"
 670 00f9 03       		.byte	0x3
 671 00fa E002     		.2byte	0x2e0
 672 00fc 97000000 		.4byte	0x97
 673 0100 02       		.byte	0x2
 674 0101 23       		.byte	0x23
 675 0102 0C       		.uleb128 0xc
 676 0103 0A       		.uleb128 0xa
 677 0104 53030000 		.4byte	.LASF17
 678 0108 03       		.byte	0x3
 679 0109 E102     		.2byte	0x2e1
 680 010b 97000000 		.4byte	0x97
ARM GAS  /tmp/ccS56EuF.s 			page 13


 681 010f 02       		.byte	0x2
 682 0110 23       		.byte	0x23
 683 0111 10       		.uleb128 0x10
 684 0112 0A       		.uleb128 0xa
 685 0113 2A020000 		.4byte	.LASF18
 686 0117 03       		.byte	0x3
 687 0118 E202     		.2byte	0x2e2
 688 011a 97000000 		.4byte	0x97
 689 011e 02       		.byte	0x2
 690 011f 23       		.byte	0x23
 691 0120 14       		.uleb128 0x14
 692 0121 0A       		.uleb128 0xa
 693 0122 69030000 		.4byte	.LASF19
 694 0126 03       		.byte	0x3
 695 0127 E302     		.2byte	0x2e3
 696 0129 97000000 		.4byte	0x97
 697 012d 02       		.byte	0x2
 698 012e 23       		.byte	0x23
 699 012f 18       		.uleb128 0x18
 700 0130 0A       		.uleb128 0xa
 701 0131 E3020000 		.4byte	.LASF20
 702 0135 03       		.byte	0x3
 703 0136 E402     		.2byte	0x2e4
 704 0138 70000000 		.4byte	0x70
 705 013c 02       		.byte	0x2
 706 013d 23       		.byte	0x23
 707 013e 1C       		.uleb128 0x1c
 708 013f 0A       		.uleb128 0xa
 709 0140 27000000 		.4byte	.LASF21
 710 0144 03       		.byte	0x3
 711 0145 E502     		.2byte	0x2e5
 712 0147 97000000 		.4byte	0x97
 713 014b 02       		.byte	0x2
 714 014c 23       		.byte	0x23
 715 014d 20       		.uleb128 0x20
 716 014e 0A       		.uleb128 0xa
 717 014f B9010000 		.4byte	.LASF22
 718 0153 03       		.byte	0x3
 719 0154 E602     		.2byte	0x2e6
 720 0156 97000000 		.4byte	0x97
 721 015a 02       		.byte	0x2
 722 015b 23       		.byte	0x23
 723 015c 24       		.uleb128 0x24
 724 015d 0A       		.uleb128 0xa
 725 015e ED020000 		.4byte	.LASF23
 726 0162 03       		.byte	0x3
 727 0163 E702     		.2byte	0x2e7
 728 0165 AA000000 		.4byte	0xaa
 729 0169 02       		.byte	0x2
 730 016a 23       		.byte	0x23
 731 016b 28       		.uleb128 0x28
 732 016c 0A       		.uleb128 0xa
 733 016d 30030000 		.4byte	.LASF24
 734 0171 03       		.byte	0x3
 735 0172 E802     		.2byte	0x2e8
 736 0174 97000000 		.4byte	0x97
 737 0178 02       		.byte	0x2
ARM GAS  /tmp/ccS56EuF.s 			page 14


 738 0179 23       		.byte	0x23
 739 017a 30       		.uleb128 0x30
 740 017b 0A       		.uleb128 0xa
 741 017c 30000000 		.4byte	.LASF25
 742 0180 03       		.byte	0x3
 743 0181 E902     		.2byte	0x2e9
 744 0183 97000000 		.4byte	0x97
 745 0187 02       		.byte	0x2
 746 0188 23       		.byte	0x23
 747 0189 34       		.uleb128 0x34
 748 018a 0A       		.uleb128 0xa
 749 018b 6B010000 		.4byte	.LASF26
 750 018f 03       		.byte	0x3
 751 0190 EA02     		.2byte	0x2ea
 752 0192 97000000 		.4byte	0x97
 753 0196 02       		.byte	0x2
 754 0197 23       		.byte	0x23
 755 0198 38       		.uleb128 0x38
 756 0199 0A       		.uleb128 0xa
 757 019a F7020000 		.4byte	.LASF27
 758 019e 03       		.byte	0x3
 759 019f EB02     		.2byte	0x2eb
 760 01a1 70000000 		.4byte	0x70
 761 01a5 02       		.byte	0x2
 762 01a6 23       		.byte	0x23
 763 01a7 3C       		.uleb128 0x3c
 764 01a8 0A       		.uleb128 0xa
 765 01a9 09010000 		.4byte	.LASF28
 766 01ad 03       		.byte	0x3
 767 01ae EC02     		.2byte	0x2ec
 768 01b0 97000000 		.4byte	0x97
 769 01b4 02       		.byte	0x2
 770 01b5 23       		.byte	0x23
 771 01b6 40       		.uleb128 0x40
 772 01b7 0A       		.uleb128 0xa
 773 01b8 EF010000 		.4byte	.LASF29
 774 01bc 03       		.byte	0x3
 775 01bd ED02     		.2byte	0x2ed
 776 01bf 97000000 		.4byte	0x97
 777 01c3 02       		.byte	0x2
 778 01c4 23       		.byte	0x23
 779 01c5 44       		.uleb128 0x44
 780 01c6 0A       		.uleb128 0xa
 781 01c7 01030000 		.4byte	.LASF30
 782 01cb 03       		.byte	0x3
 783 01cc EE02     		.2byte	0x2ee
 784 01ce AA000000 		.4byte	0xaa
 785 01d2 02       		.byte	0x2
 786 01d3 23       		.byte	0x23
 787 01d4 48       		.uleb128 0x48
 788 01d5 0A       		.uleb128 0xa
 789 01d6 00000000 		.4byte	.LASF31
 790 01da 03       		.byte	0x3
 791 01db EF02     		.2byte	0x2ef
 792 01dd 97000000 		.4byte	0x97
 793 01e1 02       		.byte	0x2
 794 01e2 23       		.byte	0x23
ARM GAS  /tmp/ccS56EuF.s 			page 15


 795 01e3 50       		.uleb128 0x50
 796 01e4 0A       		.uleb128 0xa
 797 01e5 CD020000 		.4byte	.LASF32
 798 01e9 03       		.byte	0x3
 799 01ea F002     		.2byte	0x2f0
 800 01ec 97000000 		.4byte	0x97
 801 01f0 02       		.byte	0x2
 802 01f1 23       		.byte	0x23
 803 01f2 54       		.uleb128 0x54
 804 01f3 0A       		.uleb128 0xa
 805 01f4 EF000000 		.4byte	.LASF33
 806 01f8 03       		.byte	0x3
 807 01f9 F102     		.2byte	0x2f1
 808 01fb 97000000 		.4byte	0x97
 809 01ff 02       		.byte	0x2
 810 0200 23       		.byte	0x23
 811 0201 58       		.uleb128 0x58
 812 0202 0A       		.uleb128 0xa
 813 0203 0B030000 		.4byte	.LASF34
 814 0207 03       		.byte	0x3
 815 0208 F202     		.2byte	0x2f2
 816 020a 70000000 		.4byte	0x70
 817 020e 02       		.byte	0x2
 818 020f 23       		.byte	0x23
 819 0210 5C       		.uleb128 0x5c
 820 0211 0A       		.uleb128 0xa
 821 0212 73020000 		.4byte	.LASF35
 822 0216 03       		.byte	0x3
 823 0217 F302     		.2byte	0x2f3
 824 0219 97000000 		.4byte	0x97
 825 021d 02       		.byte	0x2
 826 021e 23       		.byte	0x23
 827 021f 60       		.uleb128 0x60
 828 0220 0A       		.uleb128 0xa
 829 0221 A4030000 		.4byte	.LASF36
 830 0225 03       		.byte	0x3
 831 0226 F402     		.2byte	0x2f4
 832 0228 97000000 		.4byte	0x97
 833 022c 02       		.byte	0x2
 834 022d 23       		.byte	0x23
 835 022e 64       		.uleb128 0x64
 836 022f 0A       		.uleb128 0xa
 837 0230 15030000 		.4byte	.LASF37
 838 0234 03       		.byte	0x3
 839 0235 F502     		.2byte	0x2f5
 840 0237 AA000000 		.4byte	0xaa
 841 023b 02       		.byte	0x2
 842 023c 23       		.byte	0x23
 843 023d 68       		.uleb128 0x68
 844 023e 0A       		.uleb128 0xa
 845 023f 7C000000 		.4byte	.LASF38
 846 0243 03       		.byte	0x3
 847 0244 F602     		.2byte	0x2f6
 848 0246 97000000 		.4byte	0x97
 849 024a 02       		.byte	0x2
 850 024b 23       		.byte	0x23
 851 024c 70       		.uleb128 0x70
ARM GAS  /tmp/ccS56EuF.s 			page 16


 852 024d 09       		.uleb128 0x9
 853 024e 43535200 		.ascii	"CSR\000"
 854 0252 03       		.byte	0x3
 855 0253 F702     		.2byte	0x2f7
 856 0255 97000000 		.4byte	0x97
 857 0259 02       		.byte	0x2
 858 025a 23       		.byte	0x23
 859 025b 74       		.uleb128 0x74
 860 025c 0A       		.uleb128 0xa
 861 025d 1F030000 		.4byte	.LASF39
 862 0261 03       		.byte	0x3
 863 0262 F802     		.2byte	0x2f8
 864 0264 AA000000 		.4byte	0xaa
 865 0268 02       		.byte	0x2
 866 0269 23       		.byte	0x23
 867 026a 78       		.uleb128 0x78
 868 026b 0A       		.uleb128 0xa
 869 026c 99000000 		.4byte	.LASF40
 870 0270 03       		.byte	0x3
 871 0271 F902     		.2byte	0x2f9
 872 0273 97000000 		.4byte	0x97
 873 0277 03       		.byte	0x3
 874 0278 23       		.byte	0x23
 875 0279 8001     		.uleb128 0x80
 876 027b 0A       		.uleb128 0xa
 877 027c 88000000 		.4byte	.LASF41
 878 0280 03       		.byte	0x3
 879 0281 FA02     		.2byte	0x2fa
 880 0283 97000000 		.4byte	0x97
 881 0287 03       		.byte	0x3
 882 0288 23       		.byte	0x23
 883 0289 8401     		.uleb128 0x84
 884 028b 00       		.byte	0
 885 028c 0B       		.uleb128 0xb
 886 028d A7010000 		.4byte	.LASF42
 887 0291 03       		.byte	0x3
 888 0292 FB02     		.2byte	0x2fb
 889 0294 BF000000 		.4byte	0xbf
 890 0298 0C       		.uleb128 0xc
 891 0299 04       		.byte	0x4
 892 029a 04       		.byte	0x4
 893 029b 96       		.byte	0x96
 894 029c BD020000 		.4byte	0x2bd
 895 02a0 0D       		.uleb128 0xd
 896 02a1 73657400 		.ascii	"set\000"
 897 02a5 04       		.byte	0x4
 898 02a6 97       		.byte	0x97
 899 02a7 4C000000 		.4byte	0x4c
 900 02ab 02       		.byte	0x2
 901 02ac 23       		.byte	0x23
 902 02ad 00       		.uleb128 0
 903 02ae 0E       		.uleb128 0xe
 904 02af C2010000 		.4byte	.LASF43
 905 02b3 04       		.byte	0x4
 906 02b4 98       		.byte	0x98
 907 02b5 4C000000 		.4byte	0x4c
 908 02b9 02       		.byte	0x2
ARM GAS  /tmp/ccS56EuF.s 			page 17


 909 02ba 23       		.byte	0x23
 910 02bb 02       		.uleb128 0x2
 911 02bc 00       		.byte	0
 912 02bd 0F       		.uleb128 0xf
 913 02be 04       		.byte	0x4
 914 02bf 04       		.byte	0x4
 915 02c0 94       		.byte	0x94
 916 02c1 D8020000 		.4byte	0x2d8
 917 02c5 10       		.uleb128 0x10
 918 02c6 5700     		.ascii	"W\000"
 919 02c8 04       		.byte	0x4
 920 02c9 95       		.byte	0x95
 921 02ca 70000000 		.4byte	0x70
 922 02ce 10       		.uleb128 0x10
 923 02cf 4800     		.ascii	"H\000"
 924 02d1 04       		.byte	0x4
 925 02d2 99       		.byte	0x99
 926 02d3 98020000 		.4byte	0x298
 927 02d7 00       		.byte	0
 928 02d8 0C       		.uleb128 0xc
 929 02d9 28       		.byte	0x28
 930 02da 04       		.byte	0x4
 931 02db 8C       		.byte	0x8c
 932 02dc 6D030000 		.4byte	0x36d
 933 02e0 0E       		.uleb128 0xe
 934 02e1 B3010000 		.4byte	.LASF44
 935 02e5 04       		.byte	0x4
 936 02e6 8E       		.byte	0x8e
 937 02e7 97000000 		.4byte	0x97
 938 02eb 02       		.byte	0x2
 939 02ec 23       		.byte	0x23
 940 02ed 00       		.uleb128 0
 941 02ee 0E       		.uleb128 0xe
 942 02ef 1E010000 		.4byte	.LASF45
 943 02f3 04       		.byte	0x4
 944 02f4 8F       		.byte	0x8f
 945 02f5 97000000 		.4byte	0x97
 946 02f9 02       		.byte	0x2
 947 02fa 23       		.byte	0x23
 948 02fb 04       		.uleb128 0x4
 949 02fc 0E       		.uleb128 0xe
 950 02fd 73010000 		.4byte	.LASF46
 951 0301 04       		.byte	0x4
 952 0302 90       		.byte	0x90
 953 0303 97000000 		.4byte	0x97
 954 0307 02       		.byte	0x2
 955 0308 23       		.byte	0x23
 956 0309 08       		.uleb128 0x8
 957 030a 0E       		.uleb128 0xe
 958 030b 89010000 		.4byte	.LASF47
 959 030f 04       		.byte	0x4
 960 0310 91       		.byte	0x91
 961 0311 97000000 		.4byte	0x97
 962 0315 02       		.byte	0x2
 963 0316 23       		.byte	0x23
 964 0317 0C       		.uleb128 0xc
 965 0318 0D       		.uleb128 0xd
ARM GAS  /tmp/ccS56EuF.s 			page 18


 966 0319 49445200 		.ascii	"IDR\000"
 967 031d 04       		.byte	0x4
 968 031e 92       		.byte	0x92
 969 031f 97000000 		.4byte	0x97
 970 0323 02       		.byte	0x2
 971 0324 23       		.byte	0x23
 972 0325 10       		.uleb128 0x10
 973 0326 0D       		.uleb128 0xd
 974 0327 4F445200 		.ascii	"ODR\000"
 975 032b 04       		.byte	0x4
 976 032c 93       		.byte	0x93
 977 032d 97000000 		.4byte	0x97
 978 0331 02       		.byte	0x2
 979 0332 23       		.byte	0x23
 980 0333 14       		.uleb128 0x14
 981 0334 0E       		.uleb128 0xe
 982 0335 AE030000 		.4byte	.LASF48
 983 0339 04       		.byte	0x4
 984 033a 9A       		.byte	0x9a
 985 033b 6D030000 		.4byte	0x36d
 986 033f 02       		.byte	0x2
 987 0340 23       		.byte	0x23
 988 0341 18       		.uleb128 0x18
 989 0342 0E       		.uleb128 0xe
 990 0343 9F030000 		.4byte	.LASF49
 991 0347 04       		.byte	0x4
 992 0348 9B       		.byte	0x9b
 993 0349 97000000 		.4byte	0x97
 994 034d 02       		.byte	0x2
 995 034e 23       		.byte	0x23
 996 034f 1C       		.uleb128 0x1c
 997 0350 0E       		.uleb128 0xe
 998 0351 5B020000 		.4byte	.LASF50
 999 0355 04       		.byte	0x4
 1000 0356 9C       		.byte	0x9c
 1001 0357 97000000 		.4byte	0x97
 1002 035b 02       		.byte	0x2
 1003 035c 23       		.byte	0x23
 1004 035d 20       		.uleb128 0x20
 1005 035e 0E       		.uleb128 0xe
 1006 035f 4E020000 		.4byte	.LASF51
 1007 0363 04       		.byte	0x4
 1008 0364 9D       		.byte	0x9d
 1009 0365 97000000 		.4byte	0x97
 1010 0369 02       		.byte	0x2
 1011 036a 23       		.byte	0x23
 1012 036b 24       		.uleb128 0x24
 1013 036c 00       		.byte	0
 1014 036d 05       		.uleb128 0x5
 1015 036e BD020000 		.4byte	0x2bd
 1016 0372 04       		.uleb128 0x4
 1017 0373 5C030000 		.4byte	.LASF52
 1018 0377 04       		.byte	0x4
 1019 0378 9E       		.byte	0x9e
 1020 0379 D8020000 		.4byte	0x2d8
 1021 037d 0C       		.uleb128 0xc
 1022 037e 1C       		.byte	0x1c
ARM GAS  /tmp/ccS56EuF.s 			page 19


 1023 037f 04       		.byte	0x4
 1024 0380 A3       		.byte	0xa3
 1025 0381 E8030000 		.4byte	0x3e8
 1026 0385 0E       		.uleb128 0xe
 1027 0386 4D030000 		.4byte	.LASF53
 1028 038a 04       		.byte	0x4
 1029 038b A5       		.byte	0xa5
 1030 038c 70000000 		.4byte	0x70
 1031 0390 02       		.byte	0x2
 1032 0391 23       		.byte	0x23
 1033 0392 00       		.uleb128 0
 1034 0393 0E       		.uleb128 0xe
 1035 0394 23020000 		.4byte	.LASF54
 1036 0398 04       		.byte	0x4
 1037 0399 A7       		.byte	0xa7
 1038 039a 70000000 		.4byte	0x70
 1039 039e 02       		.byte	0x2
 1040 039f 23       		.byte	0x23
 1041 03a0 04       		.uleb128 0x4
 1042 03a1 0E       		.uleb128 0xe
 1043 03a2 8F010000 		.4byte	.LASF55
 1044 03a6 04       		.byte	0x4
 1045 03a7 A9       		.byte	0xa9
 1046 03a8 70000000 		.4byte	0x70
 1047 03ac 02       		.byte	0x2
 1048 03ad 23       		.byte	0x23
 1049 03ae 08       		.uleb128 0x8
 1050 03af 0E       		.uleb128 0xe
 1051 03b0 3D030000 		.4byte	.LASF56
 1052 03b4 04       		.byte	0x4
 1053 03b5 AB       		.byte	0xab
 1054 03b6 70000000 		.4byte	0x70
 1055 03ba 02       		.byte	0x2
 1056 03bb 23       		.byte	0x23
 1057 03bc 0C       		.uleb128 0xc
 1058 03bd 0D       		.uleb128 0xd
 1059 03be 6F647200 		.ascii	"odr\000"
 1060 03c2 04       		.byte	0x4
 1061 03c3 AD       		.byte	0xad
 1062 03c4 70000000 		.4byte	0x70
 1063 03c8 02       		.byte	0x2
 1064 03c9 23       		.byte	0x23
 1065 03ca 10       		.uleb128 0x10
 1066 03cb 0E       		.uleb128 0xe
 1067 03cc 48030000 		.4byte	.LASF57
 1068 03d0 04       		.byte	0x4
 1069 03d1 AF       		.byte	0xaf
 1070 03d2 70000000 		.4byte	0x70
 1071 03d6 02       		.byte	0x2
 1072 03d7 23       		.byte	0x23
 1073 03d8 14       		.uleb128 0x14
 1074 03d9 0E       		.uleb128 0xe
 1075 03da 43030000 		.4byte	.LASF58
 1076 03de 04       		.byte	0x4
 1077 03df B1       		.byte	0xb1
 1078 03e0 70000000 		.4byte	0x70
 1079 03e4 02       		.byte	0x2
ARM GAS  /tmp/ccS56EuF.s 			page 20


 1080 03e5 23       		.byte	0x23
 1081 03e6 18       		.uleb128 0x18
 1082 03e7 00       		.byte	0
 1083 03e8 04       		.uleb128 0x4
 1084 03e9 38000000 		.4byte	.LASF59
 1085 03ed 04       		.byte	0x4
 1086 03ee B2       		.byte	0xb2
 1087 03ef 7D030000 		.4byte	0x37d
 1088 03f3 0C       		.uleb128 0xc
 1089 03f4 FC       		.byte	0xfc
 1090 03f5 04       		.byte	0x4
 1091 03f6 BB       		.byte	0xbb
 1092 03f7 7E040000 		.4byte	0x47e
 1093 03fb 0E       		.uleb128 0xe
 1094 03fc CF010000 		.4byte	.LASF60
 1095 0400 04       		.byte	0x4
 1096 0401 BD       		.byte	0xbd
 1097 0402 E8030000 		.4byte	0x3e8
 1098 0406 02       		.byte	0x2
 1099 0407 23       		.byte	0x23
 1100 0408 00       		.uleb128 0
 1101 0409 0E       		.uleb128 0xe
 1102 040a E8000000 		.4byte	.LASF61
 1103 040e 04       		.byte	0x4
 1104 040f BF       		.byte	0xbf
 1105 0410 E8030000 		.4byte	0x3e8
 1106 0414 02       		.byte	0x2
 1107 0415 23       		.byte	0x23
 1108 0416 1C       		.uleb128 0x1c
 1109 0417 0E       		.uleb128 0xe
 1110 0418 0A000000 		.4byte	.LASF62
 1111 041c 04       		.byte	0x4
 1112 041d C1       		.byte	0xc1
 1113 041e E8030000 		.4byte	0x3e8
 1114 0422 02       		.byte	0x2
 1115 0423 23       		.byte	0x23
 1116 0424 38       		.uleb128 0x38
 1117 0425 0E       		.uleb128 0xe
 1118 0426 A0010000 		.4byte	.LASF63
 1119 042a 04       		.byte	0x4
 1120 042b C3       		.byte	0xc3
 1121 042c E8030000 		.4byte	0x3e8
 1122 0430 02       		.byte	0x2
 1123 0431 23       		.byte	0x23
 1124 0432 54       		.uleb128 0x54
 1125 0433 0E       		.uleb128 0xe
 1126 0434 DC020000 		.4byte	.LASF64
 1127 0438 04       		.byte	0x4
 1128 0439 C6       		.byte	0xc6
 1129 043a E8030000 		.4byte	0x3e8
 1130 043e 02       		.byte	0x2
 1131 043f 23       		.byte	0x23
 1132 0440 70       		.uleb128 0x70
 1133 0441 0E       		.uleb128 0xe
 1134 0442 4B000000 		.4byte	.LASF65
 1135 0446 04       		.byte	0x4
 1136 0447 CA       		.byte	0xca
ARM GAS  /tmp/ccS56EuF.s 			page 21


 1137 0448 E8030000 		.4byte	0x3e8
 1138 044c 03       		.byte	0x3
 1139 044d 23       		.byte	0x23
 1140 044e 8C01     		.uleb128 0x8c
 1141 0450 0E       		.uleb128 0xe
 1142 0451 C8010000 		.4byte	.LASF66
 1143 0455 04       		.byte	0x4
 1144 0456 CE       		.byte	0xce
 1145 0457 E8030000 		.4byte	0x3e8
 1146 045b 03       		.byte	0x3
 1147 045c 23       		.byte	0x23
 1148 045d A801     		.uleb128 0xa8
 1149 045f 0E       		.uleb128 0xe
 1150 0460 29030000 		.4byte	.LASF67
 1151 0464 04       		.byte	0x4
 1152 0465 D2       		.byte	0xd2
 1153 0466 E8030000 		.4byte	0x3e8
 1154 046a 03       		.byte	0x3
 1155 046b 23       		.byte	0x23
 1156 046c C401     		.uleb128 0xc4
 1157 046e 0E       		.uleb128 0xe
 1158 046f 81000000 		.4byte	.LASF68
 1159 0473 04       		.byte	0x4
 1160 0474 D6       		.byte	0xd6
 1161 0475 E8030000 		.4byte	0x3e8
 1162 0479 03       		.byte	0x3
 1163 047a 23       		.byte	0x23
 1164 047b E001     		.uleb128 0xe0
 1165 047d 00       		.byte	0
 1166 047e 04       		.uleb128 0x4
 1167 047f B8020000 		.4byte	.LASF69
 1168 0483 04       		.byte	0x4
 1169 0484 D8       		.byte	0xd8
 1170 0485 F3030000 		.4byte	0x3f3
 1171 0489 04       		.uleb128 0x4
 1172 048a 11010000 		.4byte	.LASF70
 1173 048e 04       		.byte	0x4
 1174 048f E8       		.byte	0xe8
 1175 0490 70000000 		.4byte	0x70
 1176 0494 04       		.uleb128 0x4
 1177 0495 00010000 		.4byte	.LASF71
 1178 0499 04       		.byte	0x4
 1179 049a ED       		.byte	0xed
 1180 049b 70000000 		.4byte	0x70
 1181 049f 04       		.uleb128 0x4
 1182 04a0 D6010000 		.4byte	.LASF72
 1183 04a4 04       		.byte	0x4
 1184 04a5 F5       		.byte	0xf5
 1185 04a6 AA040000 		.4byte	0x4aa
 1186 04aa 11       		.uleb128 0x11
 1187 04ab 04       		.byte	0x4
 1188 04ac 72030000 		.4byte	0x372
 1189 04b0 12       		.uleb128 0x12
 1190 04b1 6A000000 		.4byte	.LASF85
 1191 04b5 01       		.byte	0x1
 1192 04b6 4D       		.byte	0x4d
 1193 04b7 01       		.byte	0x1
ARM GAS  /tmp/ccS56EuF.s 			page 22


 1194 04b8 01       		.byte	0x1
 1195 04b9 D4040000 		.4byte	0x4d4
 1196 04bd 13       		.uleb128 0x13
 1197 04be 93000000 		.4byte	.LASF73
 1198 04c2 01       		.byte	0x1
 1199 04c3 4D       		.byte	0x4d
 1200 04c4 AA040000 		.4byte	0x4aa
 1201 04c8 13       		.uleb128 0x13
 1202 04c9 F9000000 		.4byte	.LASF74
 1203 04cd 01       		.byte	0x1
 1204 04ce 4D       		.byte	0x4d
 1205 04cf D4040000 		.4byte	0x4d4
 1206 04d3 00       		.byte	0
 1207 04d4 11       		.uleb128 0x11
 1208 04d5 04       		.byte	0x4
 1209 04d6 DA040000 		.4byte	0x4da
 1210 04da 14       		.uleb128 0x14
 1211 04db E8030000 		.4byte	0x3e8
 1212 04df 15       		.uleb128 0x15
 1213 04e0 01       		.byte	0x1
 1214 04e1 52000000 		.4byte	.LASF75
 1215 04e5 01       		.byte	0x1
 1216 04e6 68       		.byte	0x68
 1217 04e7 01       		.byte	0x1
 1218 04e8 00000000 		.4byte	.LFB119
 1219 04ec A2010000 		.4byte	.LFE119
 1220 04f0 02       		.byte	0x2
 1221 04f1 7D       		.byte	0x7d
 1222 04f2 00       		.sleb128 0
 1223 04f3 01       		.byte	0x1
 1224 04f4 5A060000 		.4byte	0x65a
 1225 04f8 16       		.uleb128 0x16
 1226 04f9 F9000000 		.4byte	.LASF74
 1227 04fd 01       		.byte	0x1
 1228 04fe 68       		.byte	0x68
 1229 04ff 5A060000 		.4byte	0x65a
 1230 0503 00000000 		.4byte	.LLST0
 1231 0507 17       		.uleb128 0x17
 1232 0508 B0040000 		.4byte	0x4b0
 1233 050c 20000000 		.4byte	.LBB20
 1234 0510 00000000 		.4byte	.Ldebug_ranges0+0
 1235 0514 01       		.byte	0x1
 1236 0515 7C       		.byte	0x7c
 1237 0516 2D050000 		.4byte	0x52d
 1238 051a 18       		.uleb128 0x18
 1239 051b C8040000 		.4byte	0x4c8
 1240 051f 21000000 		.4byte	.LLST1
 1241 0523 19       		.uleb128 0x19
 1242 0524 BD040000 		.4byte	0x4bd
 1243 0528 00000240 		.4byte	0x40020000
 1244 052c 00       		.byte	0
 1245 052d 17       		.uleb128 0x17
 1246 052e B0040000 		.4byte	0x4b0
 1247 0532 28000000 		.4byte	.LBB23
 1248 0536 18000000 		.4byte	.Ldebug_ranges0+0x18
 1249 053a 01       		.byte	0x1
 1250 053b 7D       		.byte	0x7d
ARM GAS  /tmp/ccS56EuF.s 			page 23


 1251 053c 53050000 		.4byte	0x553
 1252 0540 18       		.uleb128 0x18
 1253 0541 C8040000 		.4byte	0x4c8
 1254 0545 42000000 		.4byte	.LLST2
 1255 0549 19       		.uleb128 0x19
 1256 054a BD040000 		.4byte	0x4bd
 1257 054e 00040240 		.4byte	0x40020400
 1258 0552 00       		.byte	0
 1259 0553 17       		.uleb128 0x17
 1260 0554 B0040000 		.4byte	0x4b0
 1261 0558 4C000000 		.4byte	.LBB29
 1262 055c 38000000 		.4byte	.Ldebug_ranges0+0x38
 1263 0560 01       		.byte	0x1
 1264 0561 7E       		.byte	0x7e
 1265 0562 79050000 		.4byte	0x579
 1266 0566 18       		.uleb128 0x18
 1267 0567 C8040000 		.4byte	0x4c8
 1268 056b 67000000 		.4byte	.LLST3
 1269 056f 19       		.uleb128 0x19
 1270 0570 BD040000 		.4byte	0x4bd
 1271 0574 00080240 		.4byte	0x40020800
 1272 0578 00       		.byte	0
 1273 0579 17       		.uleb128 0x17
 1274 057a B0040000 		.4byte	0x4b0
 1275 057e 88000000 		.4byte	.LBB35
 1276 0582 58000000 		.4byte	.Ldebug_ranges0+0x58
 1277 0586 01       		.byte	0x1
 1278 0587 7F       		.byte	0x7f
 1279 0588 9F050000 		.4byte	0x59f
 1280 058c 18       		.uleb128 0x18
 1281 058d C8040000 		.4byte	0x4c8
 1282 0591 8C000000 		.4byte	.LLST4
 1283 0595 19       		.uleb128 0x19
 1284 0596 BD040000 		.4byte	0x4bd
 1285 059a 000C0240 		.4byte	0x40020c00
 1286 059e 00       		.byte	0
 1287 059f 17       		.uleb128 0x17
 1288 05a0 B0040000 		.4byte	0x4b0
 1289 05a4 94000000 		.4byte	.LBB41
 1290 05a8 78000000 		.4byte	.Ldebug_ranges0+0x78
 1291 05ac 01       		.byte	0x1
 1292 05ad 81       		.byte	0x81
 1293 05ae C5050000 		.4byte	0x5c5
 1294 05b2 18       		.uleb128 0x18
 1295 05b3 C8040000 		.4byte	0x4c8
 1296 05b7 B2000000 		.4byte	.LLST5
 1297 05bb 19       		.uleb128 0x19
 1298 05bc BD040000 		.4byte	0x4bd
 1299 05c0 00100240 		.4byte	0x40021000
 1300 05c4 00       		.byte	0
 1301 05c5 17       		.uleb128 0x17
 1302 05c6 B0040000 		.4byte	0x4b0
 1303 05ca D6000000 		.4byte	.LBB47
 1304 05ce 98000000 		.4byte	.Ldebug_ranges0+0x98
 1305 05d2 01       		.byte	0x1
 1306 05d3 84       		.byte	0x84
 1307 05d4 EB050000 		.4byte	0x5eb
ARM GAS  /tmp/ccS56EuF.s 			page 24


 1308 05d8 18       		.uleb128 0x18
 1309 05d9 C8040000 		.4byte	0x4c8
 1310 05dd D8000000 		.4byte	.LLST6
 1311 05e1 19       		.uleb128 0x19
 1312 05e2 BD040000 		.4byte	0x4bd
 1313 05e6 00140240 		.4byte	0x40021400
 1314 05ea 00       		.byte	0
 1315 05eb 17       		.uleb128 0x17
 1316 05ec B0040000 		.4byte	0x4b0
 1317 05f0 E4000000 		.4byte	.LBB53
 1318 05f4 B8000000 		.4byte	.Ldebug_ranges0+0xb8
 1319 05f8 01       		.byte	0x1
 1320 05f9 87       		.byte	0x87
 1321 05fa 11060000 		.4byte	0x611
 1322 05fe 18       		.uleb128 0x18
 1323 05ff C8040000 		.4byte	0x4c8
 1324 0603 FF000000 		.4byte	.LLST7
 1325 0607 19       		.uleb128 0x19
 1326 0608 BD040000 		.4byte	0x4bd
 1327 060c 00180240 		.4byte	0x40021800
 1328 0610 00       		.byte	0
 1329 0611 17       		.uleb128 0x17
 1330 0612 B0040000 		.4byte	0x4b0
 1331 0616 16010000 		.4byte	.LBB60
 1332 061a E0000000 		.4byte	.Ldebug_ranges0+0xe0
 1333 061e 01       		.byte	0x1
 1334 061f 8A       		.byte	0x8a
 1335 0620 37060000 		.4byte	0x637
 1336 0624 18       		.uleb128 0x18
 1337 0625 C8040000 		.4byte	0x4c8
 1338 0629 26010000 		.4byte	.LLST8
 1339 062d 19       		.uleb128 0x19
 1340 062e BD040000 		.4byte	0x4bd
 1341 0632 001C0240 		.4byte	0x40021c00
 1342 0636 00       		.byte	0
 1343 0637 1A       		.uleb128 0x1a
 1344 0638 B0040000 		.4byte	0x4b0
 1345 063c 6C010000 		.4byte	.LBB69
 1346 0640 08010000 		.4byte	.Ldebug_ranges0+0x108
 1347 0644 01       		.byte	0x1
 1348 0645 8D       		.byte	0x8d
 1349 0646 18       		.uleb128 0x18
 1350 0647 C8040000 		.4byte	0x4c8
 1351 064b 4D010000 		.4byte	.LLST9
 1352 064f 19       		.uleb128 0x19
 1353 0650 BD040000 		.4byte	0x4bd
 1354 0654 00200240 		.4byte	0x40022000
 1355 0658 00       		.byte	0
 1356 0659 00       		.byte	0
 1357 065a 11       		.uleb128 0x11
 1358 065b 04       		.byte	0x4
 1359 065c 60060000 		.4byte	0x660
 1360 0660 14       		.uleb128 0x14
 1361 0661 7E040000 		.4byte	0x47e
 1362 0665 1B       		.uleb128 0x1b
 1363 0666 01       		.byte	0x1
 1364 0667 11000000 		.4byte	.LASF76
ARM GAS  /tmp/ccS56EuF.s 			page 25


 1365 066b 01       		.byte	0x1
 1366 066c 9F       		.byte	0x9f
 1367 066d 01       		.byte	0x1
 1368 066e 00000000 		.4byte	.LFB120
 1369 0672 C8000000 		.4byte	.LFE120
 1370 0676 74010000 		.4byte	.LLST10
 1371 067a 01       		.byte	0x1
 1372 067b 3A070000 		.4byte	0x73a
 1373 067f 1C       		.uleb128 0x1c
 1374 0680 D7020000 		.4byte	.LASF77
 1375 0684 01       		.byte	0x1
 1376 0685 9F       		.byte	0x9f
 1377 0686 9F040000 		.4byte	0x49f
 1378 068a 01       		.byte	0x1
 1379 068b 50       		.byte	0x50
 1380 068c 16       		.uleb128 0x16
 1381 068d 38030000 		.4byte	.LASF78
 1382 0691 01       		.byte	0x1
 1383 0692 A0       		.byte	0xa0
 1384 0693 89040000 		.4byte	0x489
 1385 0697 94010000 		.4byte	.LLST11
 1386 069b 16       		.uleb128 0x16
 1387 069c C8020000 		.4byte	.LASF79
 1388 06a0 01       		.byte	0x1
 1389 06a1 A1       		.byte	0xa1
 1390 06a2 94040000 		.4byte	0x494
 1391 06a6 C1010000 		.4byte	.LLST12
 1392 06aa 1D       		.uleb128 0x1d
 1393 06ab 4D030000 		.4byte	.LASF53
 1394 06af 01       		.byte	0x1
 1395 06b0 A3       		.byte	0xa3
 1396 06b1 70000000 		.4byte	0x70
 1397 06b5 01       		.byte	0x1
 1398 06b6 57       		.byte	0x57
 1399 06b7 1D       		.uleb128 0x1d
 1400 06b8 23020000 		.4byte	.LASF54
 1401 06bc 01       		.byte	0x1
 1402 06bd A4       		.byte	0xa4
 1403 06be 70000000 		.4byte	0x70
 1404 06c2 01       		.byte	0x1
 1405 06c3 56       		.byte	0x56
 1406 06c4 1D       		.uleb128 0x1d
 1407 06c5 8F010000 		.4byte	.LASF55
 1408 06c9 01       		.byte	0x1
 1409 06ca A5       		.byte	0xa5
 1410 06cb 70000000 		.4byte	0x70
 1411 06cf 01       		.byte	0x1
 1412 06d0 55       		.byte	0x55
 1413 06d1 1D       		.uleb128 0x1d
 1414 06d2 3D030000 		.4byte	.LASF56
 1415 06d6 01       		.byte	0x1
 1416 06d7 A6       		.byte	0xa6
 1417 06d8 70000000 		.4byte	0x70
 1418 06dc 01       		.byte	0x1
 1419 06dd 54       		.byte	0x54
 1420 06de 1D       		.uleb128 0x1d
 1421 06df 72030000 		.4byte	.LASF80
ARM GAS  /tmp/ccS56EuF.s 			page 26


 1422 06e3 01       		.byte	0x1
 1423 06e4 A7       		.byte	0xa7
 1424 06e5 70000000 		.4byte	0x70
 1425 06e9 01       		.byte	0x1
 1426 06ea 52       		.byte	0x52
 1427 06eb 1E       		.uleb128 0x1e
 1428 06ec 62697400 		.ascii	"bit\000"
 1429 06f0 01       		.byte	0x1
 1430 06f1 A8       		.byte	0xa8
 1431 06f2 70000000 		.4byte	0x70
 1432 06f6 E2010000 		.4byte	.LLST13
 1433 06fa 1F       		.uleb128 0x1f
 1434 06fb 20010000 		.4byte	.Ldebug_ranges0+0x120
 1435 06ff 20       		.uleb128 0x20
 1436 0700 84030000 		.4byte	.LASF81
 1437 0704 01       		.byte	0x1
 1438 0705 AB       		.byte	0xab
 1439 0706 70000000 		.4byte	0x70
 1440 070a 01020000 		.4byte	.LLST14
 1441 070e 1E       		.uleb128 0x1e
 1442 070f 6D3100   		.ascii	"m1\000"
 1443 0712 01       		.byte	0x1
 1444 0713 AB       		.byte	0xab
 1445 0714 70000000 		.4byte	0x70
 1446 0718 47020000 		.4byte	.LLST15
 1447 071c 1E       		.uleb128 0x1e
 1448 071d 6D3200   		.ascii	"m2\000"
 1449 0720 01       		.byte	0x1
 1450 0721 AB       		.byte	0xab
 1451 0722 70000000 		.4byte	0x70
 1452 0726 5E020000 		.4byte	.LLST16
 1453 072a 1E       		.uleb128 0x1e
 1454 072b 6D3400   		.ascii	"m4\000"
 1455 072e 01       		.byte	0x1
 1456 072f AB       		.byte	0xab
 1457 0730 70000000 		.4byte	0x70
 1458 0734 A1020000 		.4byte	.LLST17
 1459 0738 00       		.byte	0
 1460 0739 00       		.byte	0
 1461 073a 21       		.uleb128 0x21
 1462 073b 77030000 		.4byte	.LASF86
 1463 073f 05       		.byte	0x5
 1464 0740 9806     		.2byte	0x698
 1465 0742 BA000000 		.4byte	0xba
 1466 0746 01       		.byte	0x1
 1467 0747 01       		.byte	0x1
 1468 0748 00       		.byte	0
 1469              		.section	.debug_abbrev,"",%progbits
 1470              	.Ldebug_abbrev0:
 1471 0000 01       		.uleb128 0x1
 1472 0001 11       		.uleb128 0x11
 1473 0002 01       		.byte	0x1
 1474 0003 25       		.uleb128 0x25
 1475 0004 0E       		.uleb128 0xe
 1476 0005 13       		.uleb128 0x13
 1477 0006 0B       		.uleb128 0xb
 1478 0007 03       		.uleb128 0x3
ARM GAS  /tmp/ccS56EuF.s 			page 27


 1479 0008 0E       		.uleb128 0xe
 1480 0009 1B       		.uleb128 0x1b
 1481 000a 0E       		.uleb128 0xe
 1482 000b 55       		.uleb128 0x55
 1483 000c 06       		.uleb128 0x6
 1484 000d 11       		.uleb128 0x11
 1485 000e 01       		.uleb128 0x1
 1486 000f 52       		.uleb128 0x52
 1487 0010 01       		.uleb128 0x1
 1488 0011 10       		.uleb128 0x10
 1489 0012 06       		.uleb128 0x6
 1490 0013 00       		.byte	0
 1491 0014 00       		.byte	0
 1492 0015 02       		.uleb128 0x2
 1493 0016 24       		.uleb128 0x24
 1494 0017 00       		.byte	0
 1495 0018 0B       		.uleb128 0xb
 1496 0019 0B       		.uleb128 0xb
 1497 001a 3E       		.uleb128 0x3e
 1498 001b 0B       		.uleb128 0xb
 1499 001c 03       		.uleb128 0x3
 1500 001d 08       		.uleb128 0x8
 1501 001e 00       		.byte	0
 1502 001f 00       		.byte	0
 1503 0020 03       		.uleb128 0x3
 1504 0021 24       		.uleb128 0x24
 1505 0022 00       		.byte	0
 1506 0023 0B       		.uleb128 0xb
 1507 0024 0B       		.uleb128 0xb
 1508 0025 3E       		.uleb128 0x3e
 1509 0026 0B       		.uleb128 0xb
 1510 0027 03       		.uleb128 0x3
 1511 0028 0E       		.uleb128 0xe
 1512 0029 00       		.byte	0
 1513 002a 00       		.byte	0
 1514 002b 04       		.uleb128 0x4
 1515 002c 16       		.uleb128 0x16
 1516 002d 00       		.byte	0
 1517 002e 03       		.uleb128 0x3
 1518 002f 0E       		.uleb128 0xe
 1519 0030 3A       		.uleb128 0x3a
 1520 0031 0B       		.uleb128 0xb
 1521 0032 3B       		.uleb128 0x3b
 1522 0033 0B       		.uleb128 0xb
 1523 0034 49       		.uleb128 0x49
 1524 0035 13       		.uleb128 0x13
 1525 0036 00       		.byte	0
 1526 0037 00       		.byte	0
 1527 0038 05       		.uleb128 0x5
 1528 0039 35       		.uleb128 0x35
 1529 003a 00       		.byte	0
 1530 003b 49       		.uleb128 0x49
 1531 003c 13       		.uleb128 0x13
 1532 003d 00       		.byte	0
 1533 003e 00       		.byte	0
 1534 003f 06       		.uleb128 0x6
 1535 0040 01       		.uleb128 0x1
ARM GAS  /tmp/ccS56EuF.s 			page 28


 1536 0041 01       		.byte	0x1
 1537 0042 49       		.uleb128 0x49
 1538 0043 13       		.uleb128 0x13
 1539 0044 01       		.uleb128 0x1
 1540 0045 13       		.uleb128 0x13
 1541 0046 00       		.byte	0
 1542 0047 00       		.byte	0
 1543 0048 07       		.uleb128 0x7
 1544 0049 21       		.uleb128 0x21
 1545 004a 00       		.byte	0
 1546 004b 49       		.uleb128 0x49
 1547 004c 13       		.uleb128 0x13
 1548 004d 2F       		.uleb128 0x2f
 1549 004e 0B       		.uleb128 0xb
 1550 004f 00       		.byte	0
 1551 0050 00       		.byte	0
 1552 0051 08       		.uleb128 0x8
 1553 0052 13       		.uleb128 0x13
 1554 0053 01       		.byte	0x1
 1555 0054 0B       		.uleb128 0xb
 1556 0055 0B       		.uleb128 0xb
 1557 0056 3A       		.uleb128 0x3a
 1558 0057 0B       		.uleb128 0xb
 1559 0058 3B       		.uleb128 0x3b
 1560 0059 05       		.uleb128 0x5
 1561 005a 01       		.uleb128 0x1
 1562 005b 13       		.uleb128 0x13
 1563 005c 00       		.byte	0
 1564 005d 00       		.byte	0
 1565 005e 09       		.uleb128 0x9
 1566 005f 0D       		.uleb128 0xd
 1567 0060 00       		.byte	0
 1568 0061 03       		.uleb128 0x3
 1569 0062 08       		.uleb128 0x8
 1570 0063 3A       		.uleb128 0x3a
 1571 0064 0B       		.uleb128 0xb
 1572 0065 3B       		.uleb128 0x3b
 1573 0066 05       		.uleb128 0x5
 1574 0067 49       		.uleb128 0x49
 1575 0068 13       		.uleb128 0x13
 1576 0069 38       		.uleb128 0x38
 1577 006a 0A       		.uleb128 0xa
 1578 006b 00       		.byte	0
 1579 006c 00       		.byte	0
 1580 006d 0A       		.uleb128 0xa
 1581 006e 0D       		.uleb128 0xd
 1582 006f 00       		.byte	0
 1583 0070 03       		.uleb128 0x3
 1584 0071 0E       		.uleb128 0xe
 1585 0072 3A       		.uleb128 0x3a
 1586 0073 0B       		.uleb128 0xb
 1587 0074 3B       		.uleb128 0x3b
 1588 0075 05       		.uleb128 0x5
 1589 0076 49       		.uleb128 0x49
 1590 0077 13       		.uleb128 0x13
 1591 0078 38       		.uleb128 0x38
 1592 0079 0A       		.uleb128 0xa
ARM GAS  /tmp/ccS56EuF.s 			page 29


 1593 007a 00       		.byte	0
 1594 007b 00       		.byte	0
 1595 007c 0B       		.uleb128 0xb
 1596 007d 16       		.uleb128 0x16
 1597 007e 00       		.byte	0
 1598 007f 03       		.uleb128 0x3
 1599 0080 0E       		.uleb128 0xe
 1600 0081 3A       		.uleb128 0x3a
 1601 0082 0B       		.uleb128 0xb
 1602 0083 3B       		.uleb128 0x3b
 1603 0084 05       		.uleb128 0x5
 1604 0085 49       		.uleb128 0x49
 1605 0086 13       		.uleb128 0x13
 1606 0087 00       		.byte	0
 1607 0088 00       		.byte	0
 1608 0089 0C       		.uleb128 0xc
 1609 008a 13       		.uleb128 0x13
 1610 008b 01       		.byte	0x1
 1611 008c 0B       		.uleb128 0xb
 1612 008d 0B       		.uleb128 0xb
 1613 008e 3A       		.uleb128 0x3a
 1614 008f 0B       		.uleb128 0xb
 1615 0090 3B       		.uleb128 0x3b
 1616 0091 0B       		.uleb128 0xb
 1617 0092 01       		.uleb128 0x1
 1618 0093 13       		.uleb128 0x13
 1619 0094 00       		.byte	0
 1620 0095 00       		.byte	0
 1621 0096 0D       		.uleb128 0xd
 1622 0097 0D       		.uleb128 0xd
 1623 0098 00       		.byte	0
 1624 0099 03       		.uleb128 0x3
 1625 009a 08       		.uleb128 0x8
 1626 009b 3A       		.uleb128 0x3a
 1627 009c 0B       		.uleb128 0xb
 1628 009d 3B       		.uleb128 0x3b
 1629 009e 0B       		.uleb128 0xb
 1630 009f 49       		.uleb128 0x49
 1631 00a0 13       		.uleb128 0x13
 1632 00a1 38       		.uleb128 0x38
 1633 00a2 0A       		.uleb128 0xa
 1634 00a3 00       		.byte	0
 1635 00a4 00       		.byte	0
 1636 00a5 0E       		.uleb128 0xe
 1637 00a6 0D       		.uleb128 0xd
 1638 00a7 00       		.byte	0
 1639 00a8 03       		.uleb128 0x3
 1640 00a9 0E       		.uleb128 0xe
 1641 00aa 3A       		.uleb128 0x3a
 1642 00ab 0B       		.uleb128 0xb
 1643 00ac 3B       		.uleb128 0x3b
 1644 00ad 0B       		.uleb128 0xb
 1645 00ae 49       		.uleb128 0x49
 1646 00af 13       		.uleb128 0x13
 1647 00b0 38       		.uleb128 0x38
 1648 00b1 0A       		.uleb128 0xa
 1649 00b2 00       		.byte	0
ARM GAS  /tmp/ccS56EuF.s 			page 30


 1650 00b3 00       		.byte	0
 1651 00b4 0F       		.uleb128 0xf
 1652 00b5 17       		.uleb128 0x17
 1653 00b6 01       		.byte	0x1
 1654 00b7 0B       		.uleb128 0xb
 1655 00b8 0B       		.uleb128 0xb
 1656 00b9 3A       		.uleb128 0x3a
 1657 00ba 0B       		.uleb128 0xb
 1658 00bb 3B       		.uleb128 0x3b
 1659 00bc 0B       		.uleb128 0xb
 1660 00bd 01       		.uleb128 0x1
 1661 00be 13       		.uleb128 0x13
 1662 00bf 00       		.byte	0
 1663 00c0 00       		.byte	0
 1664 00c1 10       		.uleb128 0x10
 1665 00c2 0D       		.uleb128 0xd
 1666 00c3 00       		.byte	0
 1667 00c4 03       		.uleb128 0x3
 1668 00c5 08       		.uleb128 0x8
 1669 00c6 3A       		.uleb128 0x3a
 1670 00c7 0B       		.uleb128 0xb
 1671 00c8 3B       		.uleb128 0x3b
 1672 00c9 0B       		.uleb128 0xb
 1673 00ca 49       		.uleb128 0x49
 1674 00cb 13       		.uleb128 0x13
 1675 00cc 00       		.byte	0
 1676 00cd 00       		.byte	0
 1677 00ce 11       		.uleb128 0x11
 1678 00cf 0F       		.uleb128 0xf
 1679 00d0 00       		.byte	0
 1680 00d1 0B       		.uleb128 0xb
 1681 00d2 0B       		.uleb128 0xb
 1682 00d3 49       		.uleb128 0x49
 1683 00d4 13       		.uleb128 0x13
 1684 00d5 00       		.byte	0
 1685 00d6 00       		.byte	0
 1686 00d7 12       		.uleb128 0x12
 1687 00d8 2E       		.uleb128 0x2e
 1688 00d9 01       		.byte	0x1
 1689 00da 03       		.uleb128 0x3
 1690 00db 0E       		.uleb128 0xe
 1691 00dc 3A       		.uleb128 0x3a
 1692 00dd 0B       		.uleb128 0xb
 1693 00de 3B       		.uleb128 0x3b
 1694 00df 0B       		.uleb128 0xb
 1695 00e0 27       		.uleb128 0x27
 1696 00e1 0C       		.uleb128 0xc
 1697 00e2 20       		.uleb128 0x20
 1698 00e3 0B       		.uleb128 0xb
 1699 00e4 01       		.uleb128 0x1
 1700 00e5 13       		.uleb128 0x13
 1701 00e6 00       		.byte	0
 1702 00e7 00       		.byte	0
 1703 00e8 13       		.uleb128 0x13
 1704 00e9 05       		.uleb128 0x5
 1705 00ea 00       		.byte	0
 1706 00eb 03       		.uleb128 0x3
ARM GAS  /tmp/ccS56EuF.s 			page 31


 1707 00ec 0E       		.uleb128 0xe
 1708 00ed 3A       		.uleb128 0x3a
 1709 00ee 0B       		.uleb128 0xb
 1710 00ef 3B       		.uleb128 0x3b
 1711 00f0 0B       		.uleb128 0xb
 1712 00f1 49       		.uleb128 0x49
 1713 00f2 13       		.uleb128 0x13
 1714 00f3 00       		.byte	0
 1715 00f4 00       		.byte	0
 1716 00f5 14       		.uleb128 0x14
 1717 00f6 26       		.uleb128 0x26
 1718 00f7 00       		.byte	0
 1719 00f8 49       		.uleb128 0x49
 1720 00f9 13       		.uleb128 0x13
 1721 00fa 00       		.byte	0
 1722 00fb 00       		.byte	0
 1723 00fc 15       		.uleb128 0x15
 1724 00fd 2E       		.uleb128 0x2e
 1725 00fe 01       		.byte	0x1
 1726 00ff 3F       		.uleb128 0x3f
 1727 0100 0C       		.uleb128 0xc
 1728 0101 03       		.uleb128 0x3
 1729 0102 0E       		.uleb128 0xe
 1730 0103 3A       		.uleb128 0x3a
 1731 0104 0B       		.uleb128 0xb
 1732 0105 3B       		.uleb128 0x3b
 1733 0106 0B       		.uleb128 0xb
 1734 0107 27       		.uleb128 0x27
 1735 0108 0C       		.uleb128 0xc
 1736 0109 11       		.uleb128 0x11
 1737 010a 01       		.uleb128 0x1
 1738 010b 12       		.uleb128 0x12
 1739 010c 01       		.uleb128 0x1
 1740 010d 40       		.uleb128 0x40
 1741 010e 0A       		.uleb128 0xa
 1742 010f 9742     		.uleb128 0x2117
 1743 0111 0C       		.uleb128 0xc
 1744 0112 01       		.uleb128 0x1
 1745 0113 13       		.uleb128 0x13
 1746 0114 00       		.byte	0
 1747 0115 00       		.byte	0
 1748 0116 16       		.uleb128 0x16
 1749 0117 05       		.uleb128 0x5
 1750 0118 00       		.byte	0
 1751 0119 03       		.uleb128 0x3
 1752 011a 0E       		.uleb128 0xe
 1753 011b 3A       		.uleb128 0x3a
 1754 011c 0B       		.uleb128 0xb
 1755 011d 3B       		.uleb128 0x3b
 1756 011e 0B       		.uleb128 0xb
 1757 011f 49       		.uleb128 0x49
 1758 0120 13       		.uleb128 0x13
 1759 0121 02       		.uleb128 0x2
 1760 0122 06       		.uleb128 0x6
 1761 0123 00       		.byte	0
 1762 0124 00       		.byte	0
 1763 0125 17       		.uleb128 0x17
ARM GAS  /tmp/ccS56EuF.s 			page 32


 1764 0126 1D       		.uleb128 0x1d
 1765 0127 01       		.byte	0x1
 1766 0128 31       		.uleb128 0x31
 1767 0129 13       		.uleb128 0x13
 1768 012a 52       		.uleb128 0x52
 1769 012b 01       		.uleb128 0x1
 1770 012c 55       		.uleb128 0x55
 1771 012d 06       		.uleb128 0x6
 1772 012e 58       		.uleb128 0x58
 1773 012f 0B       		.uleb128 0xb
 1774 0130 59       		.uleb128 0x59
 1775 0131 0B       		.uleb128 0xb
 1776 0132 01       		.uleb128 0x1
 1777 0133 13       		.uleb128 0x13
 1778 0134 00       		.byte	0
 1779 0135 00       		.byte	0
 1780 0136 18       		.uleb128 0x18
 1781 0137 05       		.uleb128 0x5
 1782 0138 00       		.byte	0
 1783 0139 31       		.uleb128 0x31
 1784 013a 13       		.uleb128 0x13
 1785 013b 02       		.uleb128 0x2
 1786 013c 06       		.uleb128 0x6
 1787 013d 00       		.byte	0
 1788 013e 00       		.byte	0
 1789 013f 19       		.uleb128 0x19
 1790 0140 05       		.uleb128 0x5
 1791 0141 00       		.byte	0
 1792 0142 31       		.uleb128 0x31
 1793 0143 13       		.uleb128 0x13
 1794 0144 1C       		.uleb128 0x1c
 1795 0145 06       		.uleb128 0x6
 1796 0146 00       		.byte	0
 1797 0147 00       		.byte	0
 1798 0148 1A       		.uleb128 0x1a
 1799 0149 1D       		.uleb128 0x1d
 1800 014a 01       		.byte	0x1
 1801 014b 31       		.uleb128 0x31
 1802 014c 13       		.uleb128 0x13
 1803 014d 52       		.uleb128 0x52
 1804 014e 01       		.uleb128 0x1
 1805 014f 55       		.uleb128 0x55
 1806 0150 06       		.uleb128 0x6
 1807 0151 58       		.uleb128 0x58
 1808 0152 0B       		.uleb128 0xb
 1809 0153 59       		.uleb128 0x59
 1810 0154 0B       		.uleb128 0xb
 1811 0155 00       		.byte	0
 1812 0156 00       		.byte	0
 1813 0157 1B       		.uleb128 0x1b
 1814 0158 2E       		.uleb128 0x2e
 1815 0159 01       		.byte	0x1
 1816 015a 3F       		.uleb128 0x3f
 1817 015b 0C       		.uleb128 0xc
 1818 015c 03       		.uleb128 0x3
 1819 015d 0E       		.uleb128 0xe
 1820 015e 3A       		.uleb128 0x3a
ARM GAS  /tmp/ccS56EuF.s 			page 33


 1821 015f 0B       		.uleb128 0xb
 1822 0160 3B       		.uleb128 0x3b
 1823 0161 0B       		.uleb128 0xb
 1824 0162 27       		.uleb128 0x27
 1825 0163 0C       		.uleb128 0xc
 1826 0164 11       		.uleb128 0x11
 1827 0165 01       		.uleb128 0x1
 1828 0166 12       		.uleb128 0x12
 1829 0167 01       		.uleb128 0x1
 1830 0168 40       		.uleb128 0x40
 1831 0169 06       		.uleb128 0x6
 1832 016a 9742     		.uleb128 0x2117
 1833 016c 0C       		.uleb128 0xc
 1834 016d 01       		.uleb128 0x1
 1835 016e 13       		.uleb128 0x13
 1836 016f 00       		.byte	0
 1837 0170 00       		.byte	0
 1838 0171 1C       		.uleb128 0x1c
 1839 0172 05       		.uleb128 0x5
 1840 0173 00       		.byte	0
 1841 0174 03       		.uleb128 0x3
 1842 0175 0E       		.uleb128 0xe
 1843 0176 3A       		.uleb128 0x3a
 1844 0177 0B       		.uleb128 0xb
 1845 0178 3B       		.uleb128 0x3b
 1846 0179 0B       		.uleb128 0xb
 1847 017a 49       		.uleb128 0x49
 1848 017b 13       		.uleb128 0x13
 1849 017c 02       		.uleb128 0x2
 1850 017d 0A       		.uleb128 0xa
 1851 017e 00       		.byte	0
 1852 017f 00       		.byte	0
 1853 0180 1D       		.uleb128 0x1d
 1854 0181 34       		.uleb128 0x34
 1855 0182 00       		.byte	0
 1856 0183 03       		.uleb128 0x3
 1857 0184 0E       		.uleb128 0xe
 1858 0185 3A       		.uleb128 0x3a
 1859 0186 0B       		.uleb128 0xb
 1860 0187 3B       		.uleb128 0x3b
 1861 0188 0B       		.uleb128 0xb
 1862 0189 49       		.uleb128 0x49
 1863 018a 13       		.uleb128 0x13
 1864 018b 02       		.uleb128 0x2
 1865 018c 0A       		.uleb128 0xa
 1866 018d 00       		.byte	0
 1867 018e 00       		.byte	0
 1868 018f 1E       		.uleb128 0x1e
 1869 0190 34       		.uleb128 0x34
 1870 0191 00       		.byte	0
 1871 0192 03       		.uleb128 0x3
 1872 0193 08       		.uleb128 0x8
 1873 0194 3A       		.uleb128 0x3a
 1874 0195 0B       		.uleb128 0xb
 1875 0196 3B       		.uleb128 0x3b
 1876 0197 0B       		.uleb128 0xb
 1877 0198 49       		.uleb128 0x49
ARM GAS  /tmp/ccS56EuF.s 			page 34


 1878 0199 13       		.uleb128 0x13
 1879 019a 02       		.uleb128 0x2
 1880 019b 06       		.uleb128 0x6
 1881 019c 00       		.byte	0
 1882 019d 00       		.byte	0
 1883 019e 1F       		.uleb128 0x1f
 1884 019f 0B       		.uleb128 0xb
 1885 01a0 01       		.byte	0x1
 1886 01a1 55       		.uleb128 0x55
 1887 01a2 06       		.uleb128 0x6
 1888 01a3 00       		.byte	0
 1889 01a4 00       		.byte	0
 1890 01a5 20       		.uleb128 0x20
 1891 01a6 34       		.uleb128 0x34
 1892 01a7 00       		.byte	0
 1893 01a8 03       		.uleb128 0x3
 1894 01a9 0E       		.uleb128 0xe
 1895 01aa 3A       		.uleb128 0x3a
 1896 01ab 0B       		.uleb128 0xb
 1897 01ac 3B       		.uleb128 0x3b
 1898 01ad 0B       		.uleb128 0xb
 1899 01ae 49       		.uleb128 0x49
 1900 01af 13       		.uleb128 0x13
 1901 01b0 02       		.uleb128 0x2
 1902 01b1 06       		.uleb128 0x6
 1903 01b2 00       		.byte	0
 1904 01b3 00       		.byte	0
 1905 01b4 21       		.uleb128 0x21
 1906 01b5 34       		.uleb128 0x34
 1907 01b6 00       		.byte	0
 1908 01b7 03       		.uleb128 0x3
 1909 01b8 0E       		.uleb128 0xe
 1910 01b9 3A       		.uleb128 0x3a
 1911 01ba 0B       		.uleb128 0xb
 1912 01bb 3B       		.uleb128 0x3b
 1913 01bc 05       		.uleb128 0x5
 1914 01bd 49       		.uleb128 0x49
 1915 01be 13       		.uleb128 0x13
 1916 01bf 3F       		.uleb128 0x3f
 1917 01c0 0C       		.uleb128 0xc
 1918 01c1 3C       		.uleb128 0x3c
 1919 01c2 0C       		.uleb128 0xc
 1920 01c3 00       		.byte	0
 1921 01c4 00       		.byte	0
 1922 01c5 00       		.byte	0
 1923              		.section	.debug_loc,"",%progbits
 1924              	.Ldebug_loc0:
 1925              	.LLST0:
 1926 0000 00000000 		.4byte	.LVL0
 1927 0004 9E010000 		.4byte	.LVL10
 1928 0008 0100     		.2byte	0x1
 1929 000a 50       		.byte	0x50
 1930 000b 9E010000 		.4byte	.LVL10
 1931 000f A2010000 		.4byte	.LFE119
 1932 0013 0400     		.2byte	0x4
 1933 0015 F3       		.byte	0xf3
 1934 0016 01       		.uleb128 0x1
ARM GAS  /tmp/ccS56EuF.s 			page 35


 1935 0017 50       		.byte	0x50
 1936 0018 9F       		.byte	0x9f
 1937 0019 00000000 		.4byte	0
 1938 001d 00000000 		.4byte	0
 1939              	.LLST1:
 1940 0021 20000000 		.4byte	.LVL1
 1941 0025 9E010000 		.4byte	.LVL10
 1942 0029 0100     		.2byte	0x1
 1943 002b 50       		.byte	0x50
 1944 002c 9E010000 		.4byte	.LVL10
 1945 0030 A2010000 		.4byte	.LFE119
 1946 0034 0400     		.2byte	0x4
 1947 0036 F3       		.byte	0xf3
 1948 0037 01       		.uleb128 0x1
 1949 0038 50       		.byte	0x50
 1950 0039 9F       		.byte	0x9f
 1951 003a 00000000 		.4byte	0
 1952 003e 00000000 		.4byte	0
 1953              	.LLST2:
 1954 0042 46000000 		.4byte	.LVL2
 1955 0046 9E010000 		.4byte	.LVL10
 1956 004a 0300     		.2byte	0x3
 1957 004c 70       		.byte	0x70
 1958 004d 1C       		.sleb128 28
 1959 004e 9F       		.byte	0x9f
 1960 004f 9E010000 		.4byte	.LVL10
 1961 0053 A2010000 		.4byte	.LFE119
 1962 0057 0600     		.2byte	0x6
 1963 0059 F3       		.byte	0xf3
 1964 005a 01       		.uleb128 0x1
 1965 005b 50       		.byte	0x50
 1966 005c 23       		.byte	0x23
 1967 005d 1C       		.uleb128 0x1c
 1968 005e 9F       		.byte	0x9f
 1969 005f 00000000 		.4byte	0
 1970 0063 00000000 		.4byte	0
 1971              	.LLST3:
 1972 0067 6A000000 		.4byte	.LVL3
 1973 006b 9E010000 		.4byte	.LVL10
 1974 006f 0300     		.2byte	0x3
 1975 0071 70       		.byte	0x70
 1976 0072 38       		.sleb128 56
 1977 0073 9F       		.byte	0x9f
 1978 0074 9E010000 		.4byte	.LVL10
 1979 0078 A2010000 		.4byte	.LFE119
 1980 007c 0600     		.2byte	0x6
 1981 007e F3       		.byte	0xf3
 1982 007f 01       		.uleb128 0x1
 1983 0080 50       		.byte	0x50
 1984 0081 23       		.byte	0x23
 1985 0082 38       		.uleb128 0x38
 1986 0083 9F       		.byte	0x9f
 1987 0084 00000000 		.4byte	0
 1988 0088 00000000 		.4byte	0
 1989              	.LLST4:
 1990 008c 8E000000 		.4byte	.LVL4
 1991 0090 9E010000 		.4byte	.LVL10
ARM GAS  /tmp/ccS56EuF.s 			page 36


 1992 0094 0400     		.2byte	0x4
 1993 0096 70       		.byte	0x70
 1994 0097 D400     		.sleb128 84
 1995 0099 9F       		.byte	0x9f
 1996 009a 9E010000 		.4byte	.LVL10
 1997 009e A2010000 		.4byte	.LFE119
 1998 00a2 0600     		.2byte	0x6
 1999 00a4 F3       		.byte	0xf3
 2000 00a5 01       		.uleb128 0x1
 2001 00a6 50       		.byte	0x50
 2002 00a7 23       		.byte	0x23
 2003 00a8 54       		.uleb128 0x54
 2004 00a9 9F       		.byte	0x9f
 2005 00aa 00000000 		.4byte	0
 2006 00ae 00000000 		.4byte	0
 2007              	.LLST5:
 2008 00b2 B2000000 		.4byte	.LVL5
 2009 00b6 9E010000 		.4byte	.LVL10
 2010 00ba 0400     		.2byte	0x4
 2011 00bc 70       		.byte	0x70
 2012 00bd F000     		.sleb128 112
 2013 00bf 9F       		.byte	0x9f
 2014 00c0 9E010000 		.4byte	.LVL10
 2015 00c4 A2010000 		.4byte	.LFE119
 2016 00c8 0600     		.2byte	0x6
 2017 00ca F3       		.byte	0xf3
 2018 00cb 01       		.uleb128 0x1
 2019 00cc 50       		.byte	0x50
 2020 00cd 23       		.byte	0x23
 2021 00ce 70       		.uleb128 0x70
 2022 00cf 9F       		.byte	0x9f
 2023 00d0 00000000 		.4byte	0
 2024 00d4 00000000 		.4byte	0
 2025              	.LLST6:
 2026 00d8 DC000000 		.4byte	.LVL6
 2027 00dc 9E010000 		.4byte	.LVL10
 2028 00e0 0400     		.2byte	0x4
 2029 00e2 70       		.byte	0x70
 2030 00e3 8C01     		.sleb128 140
 2031 00e5 9F       		.byte	0x9f
 2032 00e6 9E010000 		.4byte	.LVL10
 2033 00ea A2010000 		.4byte	.LFE119
 2034 00ee 0700     		.2byte	0x7
 2035 00f0 F3       		.byte	0xf3
 2036 00f1 01       		.uleb128 0x1
 2037 00f2 50       		.byte	0x50
 2038 00f3 23       		.byte	0x23
 2039 00f4 8C01     		.uleb128 0x8c
 2040 00f6 9F       		.byte	0x9f
 2041 00f7 00000000 		.4byte	0
 2042 00fb 00000000 		.4byte	0
 2043              	.LLST7:
 2044 00ff 0E010000 		.4byte	.LVL7
 2045 0103 9E010000 		.4byte	.LVL10
 2046 0107 0400     		.2byte	0x4
 2047 0109 70       		.byte	0x70
 2048 010a A801     		.sleb128 168
ARM GAS  /tmp/ccS56EuF.s 			page 37


 2049 010c 9F       		.byte	0x9f
 2050 010d 9E010000 		.4byte	.LVL10
 2051 0111 A2010000 		.4byte	.LFE119
 2052 0115 0700     		.2byte	0x7
 2053 0117 F3       		.byte	0xf3
 2054 0118 01       		.uleb128 0x1
 2055 0119 50       		.byte	0x50
 2056 011a 23       		.byte	0x23
 2057 011b A801     		.uleb128 0xa8
 2058 011d 9F       		.byte	0x9f
 2059 011e 00000000 		.4byte	0
 2060 0122 00000000 		.4byte	0
 2061              	.LLST8:
 2062 0126 44010000 		.4byte	.LVL8
 2063 012a 9E010000 		.4byte	.LVL10
 2064 012e 0400     		.2byte	0x4
 2065 0130 70       		.byte	0x70
 2066 0131 C401     		.sleb128 196
 2067 0133 9F       		.byte	0x9f
 2068 0134 9E010000 		.4byte	.LVL10
 2069 0138 A2010000 		.4byte	.LFE119
 2070 013c 0700     		.2byte	0x7
 2071 013e F3       		.byte	0xf3
 2072 013f 01       		.uleb128 0x1
 2073 0140 50       		.byte	0x50
 2074 0141 23       		.byte	0x23
 2075 0142 C401     		.uleb128 0xc4
 2076 0144 9F       		.byte	0x9f
 2077 0145 00000000 		.4byte	0
 2078 0149 00000000 		.4byte	0
 2079              	.LLST9:
 2080 014d 72010000 		.4byte	.LVL9
 2081 0151 9E010000 		.4byte	.LVL10
 2082 0155 0400     		.2byte	0x4
 2083 0157 70       		.byte	0x70
 2084 0158 E001     		.sleb128 224
 2085 015a 9F       		.byte	0x9f
 2086 015b 9E010000 		.4byte	.LVL10
 2087 015f A2010000 		.4byte	.LFE119
 2088 0163 0700     		.2byte	0x7
 2089 0165 F3       		.byte	0xf3
 2090 0166 01       		.uleb128 0x1
 2091 0167 50       		.byte	0x50
 2092 0168 23       		.byte	0x23
 2093 0169 E001     		.uleb128 0xe0
 2094 016b 9F       		.byte	0x9f
 2095 016c 00000000 		.4byte	0
 2096 0170 00000000 		.4byte	0
 2097              	.LLST10:
 2098 0174 00000000 		.4byte	.LFB120
 2099 0178 04000000 		.4byte	.LCFI0
 2100 017c 0200     		.2byte	0x2
 2101 017e 7D       		.byte	0x7d
 2102 017f 00       		.sleb128 0
 2103 0180 04000000 		.4byte	.LCFI0
 2104 0184 C8000000 		.4byte	.LFE120
 2105 0188 0200     		.2byte	0x2
ARM GAS  /tmp/ccS56EuF.s 			page 38


 2106 018a 7D       		.byte	0x7d
 2107 018b 20       		.sleb128 32
 2108 018c 00000000 		.4byte	0
 2109 0190 00000000 		.4byte	0
 2110              	.LLST11:
 2111 0194 00000000 		.4byte	.LVL11
 2112 0198 88000000 		.4byte	.LVL25
 2113 019c 0100     		.2byte	0x1
 2114 019e 51       		.byte	0x51
 2115 019f 88000000 		.4byte	.LVL25
 2116 01a3 8A000000 		.4byte	.LVL26
 2117 01a7 0500     		.2byte	0x5
 2118 01a9 71       		.byte	0x71
 2119 01aa 00       		.sleb128 0
 2120 01ab 31       		.byte	0x31
 2121 01ac 25       		.byte	0x25
 2122 01ad 9F       		.byte	0x9f
 2123 01ae 8A000000 		.4byte	.LVL26
 2124 01b2 C8000000 		.4byte	.LFE120
 2125 01b6 0100     		.2byte	0x1
 2126 01b8 51       		.byte	0x51
 2127 01b9 00000000 		.4byte	0
 2128 01bd 00000000 		.4byte	0
 2129              	.LLST12:
 2130 01c1 00000000 		.4byte	.LVL11
 2131 01c5 1E000000 		.4byte	.LVL16
 2132 01c9 0100     		.2byte	0x1
 2133 01cb 52       		.byte	0x52
 2134 01cc 1E000000 		.4byte	.LVL16
 2135 01d0 C8000000 		.4byte	.LFE120
 2136 01d4 0400     		.2byte	0x4
 2137 01d6 F3       		.byte	0xf3
 2138 01d7 01       		.uleb128 0x1
 2139 01d8 52       		.byte	0x52
 2140 01d9 9F       		.byte	0x9f
 2141 01da 00000000 		.4byte	0
 2142 01de 00000000 		.4byte	0
 2143              	.LLST13:
 2144 01e2 1E000000 		.4byte	.LVL16
 2145 01e6 24000000 		.4byte	.LVL17
 2146 01ea 0200     		.2byte	0x2
 2147 01ec 30       		.byte	0x30
 2148 01ed 9F       		.byte	0x9f
 2149 01ee 24000000 		.4byte	.LVL17
 2150 01f2 C8000000 		.4byte	.LFE120
 2151 01f6 0100     		.2byte	0x1
 2152 01f8 53       		.byte	0x53
 2153 01f9 00000000 		.4byte	0
 2154 01fd 00000000 		.4byte	0
 2155              	.LLST14:
 2156 0201 24000000 		.4byte	.LVL17
 2157 0205 30000000 		.4byte	.LVL19
 2158 0209 0100     		.2byte	0x1
 2159 020b 58       		.byte	0x58
 2160 020c 30000000 		.4byte	.LVL19
 2161 0210 96000000 		.4byte	.LVL31
 2162 0214 0A00     		.2byte	0xa
ARM GAS  /tmp/ccS56EuF.s 			page 39


 2163 0216 72       		.byte	0x72
 2164 0217 00       		.sleb128 0
 2165 0218 73       		.byte	0x73
 2166 0219 00       		.sleb128 0
 2167 021a 37       		.byte	0x37
 2168 021b 1A       		.byte	0x1a
 2169 021c 32       		.byte	0x32
 2170 021d 24       		.byte	0x24
 2171 021e 24       		.byte	0x24
 2172 021f 9F       		.byte	0x9f
 2173 0220 A6000000 		.4byte	.LVL32
 2174 0224 BC000000 		.4byte	.LVL35
 2175 0228 0100     		.2byte	0x1
 2176 022a 58       		.byte	0x58
 2177 022b BC000000 		.4byte	.LVL35
 2178 022f C8000000 		.4byte	.LFE120
 2179 0233 0A00     		.2byte	0xa
 2180 0235 72       		.byte	0x72
 2181 0236 00       		.sleb128 0
 2182 0237 73       		.byte	0x73
 2183 0238 00       		.sleb128 0
 2184 0239 37       		.byte	0x37
 2185 023a 1A       		.byte	0x1a
 2186 023b 32       		.byte	0x32
 2187 023c 24       		.byte	0x24
 2188 023d 24       		.byte	0x24
 2189 023e 9F       		.byte	0x9f
 2190 023f 00000000 		.4byte	0
 2191 0243 00000000 		.4byte	0
 2192              	.LLST15:
 2193 0247 34000000 		.4byte	.LVL20
 2194 024b 88000000 		.4byte	.LVL25
 2195 024f 0500     		.2byte	0x5
 2196 0251 31       		.byte	0x31
 2197 0252 73       		.byte	0x73
 2198 0253 00       		.sleb128 0
 2199 0254 24       		.byte	0x24
 2200 0255 9F       		.byte	0x9f
 2201 0256 00000000 		.4byte	0
 2202 025a 00000000 		.4byte	0
 2203              	.LLST16:
 2204 025e 48000000 		.4byte	.LVL21
 2205 0262 58000000 		.4byte	.LVL22
 2206 0266 0700     		.2byte	0x7
 2207 0268 33       		.byte	0x33
 2208 0269 73       		.byte	0x73
 2209 026a 00       		.sleb128 0
 2210 026b 31       		.byte	0x31
 2211 026c 24       		.byte	0x24
 2212 026d 24       		.byte	0x24
 2213 026e 9F       		.byte	0x9f
 2214 026f 58000000 		.4byte	.LVL22
 2215 0273 5C000000 		.4byte	.LVL23
 2216 0277 0100     		.2byte	0x1
 2217 0279 5C       		.byte	0x5c
 2218 027a 5C000000 		.4byte	.LVL23
 2219 027e 80000000 		.4byte	.LVL24
ARM GAS  /tmp/ccS56EuF.s 			page 40


 2220 0282 0400     		.2byte	0x4
 2221 0284 7C       		.byte	0x7c
 2222 0285 00       		.sleb128 0
 2223 0286 20       		.byte	0x20
 2224 0287 9F       		.byte	0x9f
 2225 0288 80000000 		.4byte	.LVL24
 2226 028c 88000000 		.4byte	.LVL25
 2227 0290 0700     		.2byte	0x7
 2228 0292 33       		.byte	0x33
 2229 0293 73       		.byte	0x73
 2230 0294 00       		.sleb128 0
 2231 0295 31       		.byte	0x31
 2232 0296 24       		.byte	0x24
 2233 0297 24       		.byte	0x24
 2234 0298 9F       		.byte	0x9f
 2235 0299 00000000 		.4byte	0
 2236 029d 00000000 		.4byte	0
 2237              	.LLST17:
 2238 02a1 24000000 		.4byte	.LVL17
 2239 02a5 2C000000 		.4byte	.LVL18
 2240 02a9 0100     		.2byte	0x1
 2241 02ab 5C       		.byte	0x5c
 2242 02ac 2C000000 		.4byte	.LVL18
 2243 02b0 96000000 		.4byte	.LVL31
 2244 02b4 0A00     		.2byte	0xa
 2245 02b6 79       		.byte	0x79
 2246 02b7 00       		.sleb128 0
 2247 02b8 73       		.byte	0x73
 2248 02b9 00       		.sleb128 0
 2249 02ba 37       		.byte	0x37
 2250 02bb 1A       		.byte	0x1a
 2251 02bc 32       		.byte	0x32
 2252 02bd 24       		.byte	0x24
 2253 02be 24       		.byte	0x24
 2254 02bf 9F       		.byte	0x9f
 2255 02c0 AA000000 		.4byte	.LVL33
 2256 02c4 B8000000 		.4byte	.LVL34
 2257 02c8 0100     		.2byte	0x1
 2258 02ca 5C       		.byte	0x5c
 2259 02cb B8000000 		.4byte	.LVL34
 2260 02cf C8000000 		.4byte	.LFE120
 2261 02d3 0A00     		.2byte	0xa
 2262 02d5 79       		.byte	0x79
 2263 02d6 00       		.sleb128 0
 2264 02d7 73       		.byte	0x73
 2265 02d8 00       		.sleb128 0
 2266 02d9 37       		.byte	0x37
 2267 02da 1A       		.byte	0x1a
 2268 02db 32       		.byte	0x32
 2269 02dc 24       		.byte	0x24
 2270 02dd 24       		.byte	0x24
 2271 02de 9F       		.byte	0x9f
 2272 02df 00000000 		.4byte	0
 2273 02e3 00000000 		.4byte	0
 2274              		.section	.debug_aranges,"",%progbits
 2275 0000 24000000 		.4byte	0x24
 2276 0004 0200     		.2byte	0x2
ARM GAS  /tmp/ccS56EuF.s 			page 41


 2277 0006 00000000 		.4byte	.Ldebug_info0
 2278 000a 04       		.byte	0x4
 2279 000b 00       		.byte	0
 2280 000c 0000     		.2byte	0
 2281 000e 0000     		.2byte	0
 2282 0010 00000000 		.4byte	.LFB119
 2283 0014 A2010000 		.4byte	.LFE119-.LFB119
 2284 0018 00000000 		.4byte	.LFB120
 2285 001c C8000000 		.4byte	.LFE120-.LFB120
 2286 0020 00000000 		.4byte	0
 2287 0024 00000000 		.4byte	0
 2288              		.section	.debug_ranges,"",%progbits
 2289              	.Ldebug_ranges0:
 2290 0000 20000000 		.4byte	.LBB20
 2291 0004 28000000 		.4byte	.LBE20
 2292 0008 2C000000 		.4byte	.LBB27
 2293 000c 46000000 		.4byte	.LBE27
 2294 0010 00000000 		.4byte	0
 2295 0014 00000000 		.4byte	0
 2296 0018 28000000 		.4byte	.LBB23
 2297 001c 2C000000 		.4byte	.LBE23
 2298 0020 46000000 		.4byte	.LBB28
 2299 0024 4C000000 		.4byte	.LBE28
 2300 0028 50000000 		.4byte	.LBB33
 2301 002c 6A000000 		.4byte	.LBE33
 2302 0030 00000000 		.4byte	0
 2303 0034 00000000 		.4byte	0
 2304 0038 4C000000 		.4byte	.LBB29
 2305 003c 50000000 		.4byte	.LBE29
 2306 0040 6A000000 		.4byte	.LBB34
 2307 0044 88000000 		.4byte	.LBE34
 2308 0048 8C000000 		.4byte	.LBB39
 2309 004c 8E000000 		.4byte	.LBE39
 2310 0050 00000000 		.4byte	0
 2311 0054 00000000 		.4byte	0
 2312 0058 88000000 		.4byte	.LBB35
 2313 005c 8C000000 		.4byte	.LBE35
 2314 0060 8E000000 		.4byte	.LBB40
 2315 0064 94000000 		.4byte	.LBE40
 2316 0068 98000000 		.4byte	.LBB45
 2317 006c B2000000 		.4byte	.LBE45
 2318 0070 00000000 		.4byte	0
 2319 0074 00000000 		.4byte	0
 2320 0078 94000000 		.4byte	.LBB41
 2321 007c 98000000 		.4byte	.LBE41
 2322 0080 B2000000 		.4byte	.LBB46
 2323 0084 D6000000 		.4byte	.LBE46
 2324 0088 DA000000 		.4byte	.LBB51
 2325 008c DC000000 		.4byte	.LBE51
 2326 0090 00000000 		.4byte	0
 2327 0094 00000000 		.4byte	0
 2328 0098 D6000000 		.4byte	.LBB47
 2329 009c DA000000 		.4byte	.LBE47
 2330 00a0 DC000000 		.4byte	.LBB52
 2331 00a4 E4000000 		.4byte	.LBE52
 2332 00a8 E8000000 		.4byte	.LBB58
 2333 00ac 0E010000 		.4byte	.LBE58
ARM GAS  /tmp/ccS56EuF.s 			page 42


 2334 00b0 00000000 		.4byte	0
 2335 00b4 00000000 		.4byte	0
 2336 00b8 E4000000 		.4byte	.LBB53
 2337 00bc E8000000 		.4byte	.LBE53
 2338 00c0 0E010000 		.4byte	.LBB59
 2339 00c4 16010000 		.4byte	.LBE59
 2340 00c8 1A010000 		.4byte	.LBB65
 2341 00cc 3E010000 		.4byte	.LBE65
 2342 00d0 42010000 		.4byte	.LBB67
 2343 00d4 44010000 		.4byte	.LBE67
 2344 00d8 00000000 		.4byte	0
 2345 00dc 00000000 		.4byte	0
 2346 00e0 16010000 		.4byte	.LBB60
 2347 00e4 1A010000 		.4byte	.LBE60
 2348 00e8 3E010000 		.4byte	.LBB66
 2349 00ec 42010000 		.4byte	.LBE66
 2350 00f0 44010000 		.4byte	.LBB68
 2351 00f4 6C010000 		.4byte	.LBE68
 2352 00f8 70010000 		.4byte	.LBB72
 2353 00fc 72010000 		.4byte	.LBE72
 2354 0100 00000000 		.4byte	0
 2355 0104 00000000 		.4byte	0
 2356 0108 6C010000 		.4byte	.LBB69
 2357 010c 70010000 		.4byte	.LBE69
 2358 0110 72010000 		.4byte	.LBB73
 2359 0114 A2010000 		.4byte	.LBE73
 2360 0118 00000000 		.4byte	0
 2361 011c 00000000 		.4byte	0
 2362 0120 16000000 		.4byte	.LBB74
 2363 0124 1A000000 		.4byte	.LBE74
 2364 0128 1E000000 		.4byte	.LBB75
 2365 012c 88000000 		.4byte	.LBE75
 2366 0130 96000000 		.4byte	.LBB76
 2367 0134 9E000000 		.4byte	.LBE76
 2368 0138 A2000000 		.4byte	.LBB77
 2369 013c AA000000 		.4byte	.LBE77
 2370 0140 AC000000 		.4byte	.LBB78
 2371 0144 C2000000 		.4byte	.LBE78
 2372 0148 00000000 		.4byte	0
 2373 014c 00000000 		.4byte	0
 2374 0150 00000000 		.4byte	.LFB119
 2375 0154 A2010000 		.4byte	.LFE119
 2376 0158 00000000 		.4byte	.LFB120
 2377 015c C8000000 		.4byte	.LFE120
 2378 0160 00000000 		.4byte	0
 2379 0164 00000000 		.4byte	0
 2380              		.section	.debug_line,"",%progbits
 2381              	.Ldebug_line0:
 2382 0000 C8010000 		.section	.debug_str,"MS",%progbits,1
 2382      02001001 
 2382      00000201 
 2382      FB0E0D00 
 2382      01010101 
 2383              	.LASF31:
 2384 0000 41484231 		.ascii	"AHB1LPENR\000"
 2384      4C50454E 
 2384      5200
ARM GAS  /tmp/ccS56EuF.s 			page 43


 2385              	.LASF62:
 2386 000a 50434461 		.ascii	"PCData\000"
 2386      746100
 2387              	.LASF76:
 2388 0011 5F70616C 		.ascii	"_pal_lld_setgroupmode\000"
 2388      5F6C6C64 
 2388      5F736574 
 2388      67726F75 
 2388      706D6F64 
 2389              	.LASF21:
 2390 0027 41504231 		.ascii	"APB1RSTR\000"
 2390      52535452 
 2390      00
 2391              	.LASF25:
 2392 0030 41484232 		.ascii	"AHB2ENR\000"
 2392      454E5200 
 2393              	.LASF59:
 2394 0038 73746D33 		.ascii	"stm32_gpio_setup_t\000"
 2394      325F6770 
 2394      696F5F73 
 2394      65747570 
 2394      5F7400
 2395              	.LASF65:
 2396 004b 50464461 		.ascii	"PFData\000"
 2396      746100
 2397              	.LASF75:
 2398 0052 5F70616C 		.ascii	"_pal_lld_init\000"
 2398      5F6C6C64 
 2398      5F696E69 
 2398      7400
 2399              	.LASF3:
 2400 0060 73686F72 		.ascii	"short int\000"
 2400      7420696E 
 2400      7400
 2401              	.LASF85:
 2402 006a 696E6974 		.ascii	"initgpio\000"
 2402      6770696F 
 2402      00
 2403              	.LASF13:
 2404 0073 73697A65 		.ascii	"sizetype\000"
 2404      74797065 
 2404      00
 2405              	.LASF38:
 2406 007c 42444352 		.ascii	"BDCR\000"
 2406      00
 2407              	.LASF68:
 2408 0081 50494461 		.ascii	"PIData\000"
 2408      746100
 2409              	.LASF41:
 2410 0088 504C4C49 		.ascii	"PLLI2SCFGR\000"
 2410      32534346 
 2410      475200
 2411              	.LASF73:
 2412 0093 6770696F 		.ascii	"gpiop\000"
 2412      7000
 2413              	.LASF40:
 2414 0099 53534347 		.ascii	"SSCGR\000"
ARM GAS  /tmp/ccS56EuF.s 			page 44


 2414      5200
 2415              	.LASF82:
 2416 009f 474E5520 		.ascii	"GNU C 4.7.4 20130613 (release) [ARM/embedded-4_7-br"
 2416      4320342E 
 2416      372E3420 
 2416      32303133 
 2416      30363133 
 2417 00d2 616E6368 		.ascii	"anch revision 200083]\000"
 2417      20726576 
 2417      6973696F 
 2417      6E203230 
 2417      30303833 
 2418              	.LASF61:
 2419 00e8 50424461 		.ascii	"PBData\000"
 2419      746100
 2420              	.LASF33:
 2421 00ef 41484233 		.ascii	"AHB3LPENR\000"
 2421      4C50454E 
 2421      5200
 2422              	.LASF74:
 2423 00f9 636F6E66 		.ascii	"config\000"
 2423      696700
 2424              	.LASF71:
 2425 0100 696F6D6F 		.ascii	"iomode_t\000"
 2425      64655F74 
 2425      00
 2426              	.LASF28:
 2427 0109 41504231 		.ascii	"APB1ENR\000"
 2427      454E5200 
 2428              	.LASF70:
 2429 0111 696F706F 		.ascii	"ioportmask_t\000"
 2429      72746D61 
 2429      736B5F74 
 2429      00
 2430              	.LASF45:
 2431 011e 4F545950 		.ascii	"OTYPER\000"
 2431      455200
 2432              	.LASF84:
 2433 0125 2F686F6D 		.ascii	"/home/witold/Dokumenty/arm/ChibiOS-master/demos/ARM"
 2433      652F7769 
 2433      746F6C64 
 2433      2F446F6B 
 2433      756D656E 
 2434 0158 434D342D 		.ascii	"CM4-STM32F407-LWIP\000"
 2434      53544D33 
 2434      32463430 
 2434      372D4C57 
 2434      495000
 2435              	.LASF26:
 2436 016b 41484233 		.ascii	"AHB3ENR\000"
 2436      454E5200 
 2437              	.LASF46:
 2438 0173 4F535045 		.ascii	"OSPEEDR\000"
 2438      45445200 
 2439              	.LASF10:
 2440 017b 6C6F6E67 		.ascii	"long long int\000"
 2440      206C6F6E 
ARM GAS  /tmp/ccS56EuF.s 			page 45


 2440      6720696E 
 2440      7400
 2441              	.LASF47:
 2442 0189 50555044 		.ascii	"PUPDR\000"
 2442      5200
 2443              	.LASF55:
 2444 018f 6F737065 		.ascii	"ospeedr\000"
 2444      65647200 
 2445              	.LASF7:
 2446 0197 6C6F6E67 		.ascii	"long int\000"
 2446      20696E74 
 2446      00
 2447              	.LASF63:
 2448 01a0 50444461 		.ascii	"PDData\000"
 2448      746100
 2449              	.LASF42:
 2450 01a7 5243435F 		.ascii	"RCC_TypeDef\000"
 2450      54797065 
 2450      44656600 
 2451              	.LASF44:
 2452 01b3 4D4F4445 		.ascii	"MODER\000"
 2452      5200
 2453              	.LASF22:
 2454 01b9 41504232 		.ascii	"APB2RSTR\000"
 2454      52535452 
 2454      00
 2455              	.LASF43:
 2456 01c2 636C6561 		.ascii	"clear\000"
 2456      7200
 2457              	.LASF66:
 2458 01c8 50474461 		.ascii	"PGData\000"
 2458      746100
 2459              	.LASF60:
 2460 01cf 50414461 		.ascii	"PAData\000"
 2460      746100
 2461              	.LASF72:
 2462 01d6 696F706F 		.ascii	"ioportid_t\000"
 2462      72746964 
 2462      5F7400
 2463              	.LASF2:
 2464 01e1 756E7369 		.ascii	"unsigned char\000"
 2464      676E6564 
 2464      20636861 
 2464      7200
 2465              	.LASF29:
 2466 01ef 41504232 		.ascii	"APB2ENR\000"
 2466      454E5200 
 2467              	.LASF1:
 2468 01f7 7369676E 		.ascii	"signed char\000"
 2468      65642063 
 2468      68617200 
 2469              	.LASF11:
 2470 0203 6C6F6E67 		.ascii	"long long unsigned int\000"
 2470      206C6F6E 
 2470      6720756E 
 2470      7369676E 
 2470      65642069 
ARM GAS  /tmp/ccS56EuF.s 			page 46


 2471              	.LASF8:
 2472 021a 75696E74 		.ascii	"uint32_t\000"
 2472      33325F74 
 2472      00
 2473              	.LASF54:
 2474 0223 6F747970 		.ascii	"otyper\000"
 2474      657200
 2475              	.LASF18:
 2476 022a 41484232 		.ascii	"AHB2RSTR\000"
 2476      52535452 
 2476      00
 2477              	.LASF5:
 2478 0233 75696E74 		.ascii	"uint16_t\000"
 2478      31365F74 
 2478      00
 2479              	.LASF9:
 2480 023c 6C6F6E67 		.ascii	"long unsigned int\000"
 2480      20756E73 
 2480      69676E65 
 2480      6420696E 
 2480      7400
 2481              	.LASF51:
 2482 024e 41465248 		.ascii	"AFRH\000"
 2482      00
 2483              	.LASF15:
 2484 0253 504C4C43 		.ascii	"PLLCFGR\000"
 2484      46475200 
 2485              	.LASF50:
 2486 025b 4146524C 		.ascii	"AFRL\000"
 2486      00
 2487              	.LASF4:
 2488 0260 73686F72 		.ascii	"short unsigned int\000"
 2488      7420756E 
 2488      7369676E 
 2488      65642069 
 2488      6E7400
 2489              	.LASF35:
 2490 0273 41504231 		.ascii	"APB1LPENR\000"
 2490      4C50454E 
 2490      5200
 2491              	.LASF14:
 2492 027d 63686172 		.ascii	"char\000"
 2492      00
 2493              	.LASF83:
 2494 0282 2E2E2F2E 		.ascii	"../../os/hal/platforms/STM32/GPIOv2/pal_lld.c\000"
 2494      2E2F6F73 
 2494      2F68616C 
 2494      2F706C61 
 2494      74666F72 
 2495              	.LASF6:
 2496 02b0 696E7433 		.ascii	"int32_t\000"
 2496      325F7400 
 2497              	.LASF69:
 2498 02b8 50414C43 		.ascii	"PALConfig\000"
 2498      6F6E6669 
 2498      6700
 2499              	.LASF12:
ARM GAS  /tmp/ccS56EuF.s 			page 47


 2500 02c2 5F426F6F 		.ascii	"_Bool\000"
 2500      6C00
 2501              	.LASF79:
 2502 02c8 6D6F6465 		.ascii	"mode\000"
 2502      00
 2503              	.LASF32:
 2504 02cd 41484232 		.ascii	"AHB2LPENR\000"
 2504      4C50454E 
 2504      5200
 2505              	.LASF77:
 2506 02d7 706F7274 		.ascii	"port\000"
 2506      00
 2507              	.LASF64:
 2508 02dc 50454461 		.ascii	"PEData\000"
 2508      746100
 2509              	.LASF20:
 2510 02e3 52455345 		.ascii	"RESERVED0\000"
 2510      52564544 
 2510      3000
 2511              	.LASF23:
 2512 02ed 52455345 		.ascii	"RESERVED1\000"
 2512      52564544 
 2512      3100
 2513              	.LASF27:
 2514 02f7 52455345 		.ascii	"RESERVED2\000"
 2514      52564544 
 2514      3200
 2515              	.LASF30:
 2516 0301 52455345 		.ascii	"RESERVED3\000"
 2516      52564544 
 2516      3300
 2517              	.LASF34:
 2518 030b 52455345 		.ascii	"RESERVED4\000"
 2518      52564544 
 2518      3400
 2519              	.LASF37:
 2520 0315 52455345 		.ascii	"RESERVED5\000"
 2520      52564544 
 2520      3500
 2521              	.LASF39:
 2522 031f 52455345 		.ascii	"RESERVED6\000"
 2522      52564544 
 2522      3600
 2523              	.LASF67:
 2524 0329 50484461 		.ascii	"PHData\000"
 2524      746100
 2525              	.LASF24:
 2526 0330 41484231 		.ascii	"AHB1ENR\000"
 2526      454E5200 
 2527              	.LASF78:
 2528 0338 6D61736B 		.ascii	"mask\000"
 2528      00
 2529              	.LASF56:
 2530 033d 70757064 		.ascii	"pupdr\000"
 2530      7200
 2531              	.LASF58:
 2532 0343 61667268 		.ascii	"afrh\000"
ARM GAS  /tmp/ccS56EuF.s 			page 48


 2532      00
 2533              	.LASF57:
 2534 0348 6166726C 		.ascii	"afrl\000"
 2534      00
 2535              	.LASF53:
 2536 034d 6D6F6465 		.ascii	"moder\000"
 2536      7200
 2537              	.LASF17:
 2538 0353 41484231 		.ascii	"AHB1RSTR\000"
 2538      52535452 
 2538      00
 2539              	.LASF52:
 2540 035c 4750494F 		.ascii	"GPIO_TypeDef\000"
 2540      5F547970 
 2540      65446566 
 2540      00
 2541              	.LASF19:
 2542 0369 41484233 		.ascii	"AHB3RSTR\000"
 2542      52535452 
 2542      00
 2543              	.LASF80:
 2544 0372 616C7472 		.ascii	"altr\000"
 2544      00
 2545              	.LASF86:
 2546 0377 49544D5F 		.ascii	"ITM_RxBuffer\000"
 2546      52784275 
 2546      66666572 
 2546      00
 2547              	.LASF81:
 2548 0384 616C7472 		.ascii	"altrmask\000"
 2548      6D61736B 
 2548      00
 2549              	.LASF0:
 2550 038d 756E7369 		.ascii	"unsigned int\000"
 2550      676E6564 
 2550      20696E74 
 2550      00
 2551              	.LASF16:
 2552 039a 43464752 		.ascii	"CFGR\000"
 2552      00
 2553              	.LASF49:
 2554 039f 4C434B52 		.ascii	"LCKR\000"
 2554      00
 2555              	.LASF36:
 2556 03a4 41504232 		.ascii	"APB2LPENR\000"
 2556      4C50454E 
 2556      5200
 2557              	.LASF48:
 2558 03ae 42535252 		.ascii	"BSRR\000"
 2558      00
 2559              		.ident	"GCC: (GNU Tools for ARM Embedded Processors) 4.7.4 20130613 (release) [ARM/embedded-4_7-br
ARM GAS  /tmp/ccS56EuF.s 			page 49


DEFINED SYMBOLS
                            *ABS*:00000000 pal_lld.c
     /tmp/ccS56EuF.s:19     .text._pal_lld_init:00000000 $t
     /tmp/ccS56EuF.s:25     .text._pal_lld_init:00000000 _pal_lld_init
     /tmp/ccS56EuF.s:384    .text._pal_lld_setgroupmode:00000000 $t
     /tmp/ccS56EuF.s:390    .text._pal_lld_setgroupmode:00000000 _pal_lld_setgroupmode
                     .debug_frame:00000010 $d

NO UNDEFINED SYMBOLS
